------Start of DE processing------ = [27/06/19 04:07:47:052 COT]
Exception = com.ibm.wsspi.adaptable.module.UnableToAdaptException
Source = com.ibm.ws.ejbcontainer.osgi.internal.EJBContainerImpl
probeid = 155
Stack Dump = com.ibm.wsspi.adaptable.module.UnableToAdaptException: com.ibm.ejs.container.EJBConfigurationException: Errors occurred processing EJB metadata
	at com.ibm.ws.ejbcontainer.osgi.internal.ModuleInitDataAdapter.adapt(ModuleInitDataAdapter.java:124)
	at com.ibm.ws.ejbcontainer.osgi.internal.ModuleInitDataAdapter.adapt(ModuleInitDataAdapter.java:40)
	at com.ibm.ws.adaptable.module.internal.AdapterFactoryServiceImpl.adapt(AdapterFactoryServiceImpl.java:196)
	at com.ibm.ws.adaptable.module.internal.AdaptableContainerImpl.adapt(AdaptableContainerImpl.java:170)
	at com.ibm.ws.ejbcontainer.osgi.internal.EJBContainerImpl.createEJBInWARModuleMetaData(EJBContainerImpl.java:143)
	at com.ibm.ws.ejbcontainer.war.internal.EJBWARMetaDataRuntime.createdNestedModuleMetaData(EJBWARMetaDataRuntime.java:63)
	at com.ibm.ws.app.manager.module.internal.SimpleDeployedAppInfoBase$ModuleContainerInfoBase.createModuleMetaData(SimpleDeployedAppInfoBase.java:173)
	at com.ibm.ws.app.manager.module.internal.DeployedAppInfoBase.preDeployApp(DeployedAppInfoBase.java:369)
	at com.ibm.ws.app.manager.module.internal.DeployedAppInfoBase.deployApp(DeployedAppInfoBase.java:413)
	at com.ibm.ws.app.manager.war.internal.WARApplicationHandlerImpl.install(WARApplicationHandlerImpl.java:65)
	at com.ibm.ws.app.manager.internal.statemachine.StartAction.execute(StartAction.java:140)
	at com.ibm.ws.app.manager.internal.statemachine.ApplicationStateMachineImpl.enterState(ApplicationStateMachineImpl.java:1261)
	at com.ibm.ws.app.manager.internal.statemachine.ApplicationStateMachineImpl.run(ApplicationStateMachineImpl.java:876)
	at com.ibm.ws.threading.internal.ExecutorServiceImpl$RunnableWrapper.run(ExecutorServiceImpl.java:239)
	at java.util.concurrent.ThreadPoolExecutor.runWorker(Unknown Source)
	at java.util.concurrent.ThreadPoolExecutor$Worker.run(Unknown Source)
	at java.lang.Thread.run(Unknown Source)
Caused by: com.ibm.ejs.container.EJBConfigurationException: Errors occurred processing EJB metadata
	at com.ibm.ws.ejbcontainer.osgi.internal.ModuleInitDataFactory.createModuleInitData(ModuleInitDataFactory.java:536)
	at com.ibm.ws.ejbcontainer.osgi.internal.ModuleInitDataAdapter.createModuleInitData(ModuleInitDataAdapter.java:145)
	at com.ibm.ws.ejbcontainer.osgi.internal.ModuleInitDataAdapter.adapt(ModuleInitDataAdapter.java:108)
	... 16 more

Dump of callerThis
Object type = com.ibm.ws.ejbcontainer.osgi.internal.EJBContainerImpl
  REFERENCE_RUNTIME = "runtime"
  REFERENCE_SESSION_RUNTIME = "sessionRuntime"
  REFERENCE_J2EE_NAME_FACTORY = "j2eeNameFactory"
  REFERENCE_INJECTION_ENGINE = "injectionEngine"
  runtimeSR = class com.ibm.wsspi.kernel.service.utils.AtomicServiceReference@65eeaa4f
    referenceName = "runtime"
    tuple = class java.util.concurrent.atomic.AtomicReference@7d6262e0
      serialVersionUID = -1848883965231344442
      unsafe = class sun.misc.Unsafe@29fd619b
      valueOffset = 12
      value = class com.ibm.wsspi.kernel.service.utils.AtomicServiceReference$ReferenceTuple@b6cdc92
    serialVersionUID = 2226592364007985000
    $$$tc$$$ = class com.ibm.websphere.ras.TraceComponent@2bce32f9
      strings[0] = "TraceComponent[com.ibm.wsspi.kernel.service.utils.AtomicServiceReference,class com.ibm.wsspi.kernel.service.utils.AtomicServiceReference,[kernelUtils],com.ibm.ws.kernel.service.utils.resources.ServiceMessages,null]"
  sessionRuntimeSR = class com.ibm.wsspi.kernel.service.utils.AtomicServiceReference@22a6192c
    referenceName = "sessionRuntime"
    tuple = class java.util.concurrent.atomic.AtomicReference@78aa29ce
      serialVersionUID = -1848883965231344442
      unsafe = class sun.misc.Unsafe@29fd619b
      valueOffset = 12
      value = class com.ibm.wsspi.kernel.service.utils.AtomicServiceReference$ReferenceTuple@1f3fb945
    serialVersionUID = 2226592364007985000
    $$$tc$$$ = class com.ibm.websphere.ras.TraceComponent@2bce32f9
  j2eeNameFactorySR = class com.ibm.wsspi.kernel.service.utils.AtomicServiceReference@728ca5c9
    referenceName = "j2eeNameFactory"
    tuple = class java.util.concurrent.atomic.AtomicReference@6f9f6b19
      serialVersionUID = -1848883965231344442
      unsafe = class sun.misc.Unsafe@29fd619b
      valueOffset = 12
      value = class com.ibm.wsspi.kernel.service.utils.AtomicServiceReference$ReferenceTuple@36721735
    serialVersionUID = 2226592364007985000
    $$$tc$$$ = class com.ibm.websphere.ras.TraceComponent@2bce32f9
  injectionEngineSR = class com.ibm.wsspi.kernel.service.utils.AtomicServiceReference@6d4e01d4
    referenceName = "injectionEngine"
    tuple = class java.util.concurrent.atomic.AtomicReference@65f7d7ae
      serialVersionUID = -1848883965231344442
      unsafe = class sun.misc.Unsafe@29fd619b
      valueOffset = 12
      value = class com.ibm.wsspi.kernel.service.utils.AtomicServiceReference$ReferenceTuple@6d63fcf2
    serialVersionUID = 2226592364007985000
    $$$tc$$$ = class com.ibm.websphere.ras.TraceComponent@2bce32f9
  serialVersionUID = 1513970085448021803
  $$$tc$$$ = class com.ibm.websphere.ras.TraceComponent@3af32937
    strings[0] = "TraceComponent[com.ibm.ws.ejbcontainer.osgi.internal.EJBContainerImpl,class com.ibm.ws.ejbcontainer.osgi.internal.EJBContainerImpl,[EJBContainer],com.ibm.ws.ejbcontainer.osgi.internal.resources.EJBContainerMessages,null]"

Dump of objectArray[0]
Object type = com.ibm.ws.app.manager.module.internal.WebModuleInfoImpl
  contextRoot = "/testingPrimefaces"
  isDefaultContextRootUsed = true
  serialVersionUID = -1540279394520440503
  $$$tc$$$ = class com.ibm.websphere.ras.TraceComponent@6339c79
    strings[0] = "TraceComponent[com.ibm.ws.app.manager.module.internal.WebModuleInfoImpl,class com.ibm.ws.app.manager.module.internal.WebModuleInfoImpl,[applications, app.manager],,null]"
  tc = class com.ibm.websphere.ras.TraceComponent@53c58998
    strings[0] = "TraceComponent[com.ibm.ws.app.manager.module.internal.ExtendedModuleInfoImpl,class com.ibm.ws.app.manager.module.internal.ExtendedModuleInfoImpl,[app.manager],com.ibm.ws.app.manager.module.internal.resources.Messages,null]"
  appInfo = class com.ibm.ws.container.service.app.deploy.internal.ApplicationInfoImpl@234e3b5e
    appName = "testingPrimefaces"
    appMetaData = class com.ibm.ws.container.service.app.deploy.internal.ApplicationMetaDataImpl@172d7249
      j2eeName = class com.ibm.ws.container.service.metadata.internal.J2EENameImpl@5630bbcf
      serialVersionUID = -7906531148367236579
      $$$tc$$$ = class com.ibm.websphere.ras.TraceComponent@2ed830ff
      tc = class com.ibm.websphere.ras.TraceComponent@72b2886f
      NUM_STATIC_SLOTS = 4
      ID_UNINITIALIZED = -1
      id = 4
      metaDataInterface = class java.lang.Class@510b1c8e
      staticSlots = class java.lang.Object[4]
      dynamicSlots = class java.lang.Object[4]
    appContainer = class com.ibm.ws.adaptable.module.internal.AdaptableContainerImpl@165ca313
    configHelper = class com.ibm.ws.app.manager.module.ApplicationNestedConfigHelper@16133012
      appInfo = class com.ibm.ws.app.manager.internal.ApplicationInstallInfo@777930cd
      serialVersionUID = -3174031738676705046
      $$$tc$$$ = class com.ibm.websphere.ras.TraceComponent@62645bb0
    applicationInformation = class com.ibm.ws.app.manager.internal.ApplicationInstallInfo@777930cd
      _config = class com.ibm.ws.app.manager.internal.ApplicationConfig@4405df09
      _handlerInfo = class java.util.concurrent.atomic.AtomicReference@60627568
      _container = class java.util.concurrent.atomic.AtomicReference@583352e8
      _resolvedLocation = class java.util.concurrent.atomic.AtomicReference@485c08f
      _handler = class com.ibm.ws.app.manager.war.internal.WARApplicationHandlerImpl@6e12ba81
      _ami = class java.util.concurrent.atomic.AtomicReference@1d285b1e
      _updateHandler = class com.ibm.ws.app.manager.internal.statemachine.ApplicationStateMachineImpl@5f4eee41
      serialVersionUID = 2630639237123415755
      $$$tc$$$ = class com.ibm.websphere.ras.TraceComponent@4d4da7c9
    serialVersionUID = -505303337196743781
    $$$tc$$$ = class com.ibm.websphere.ras.TraceComponent@59b0a0d6
      strings[0] = "TraceComponent[com.ibm.ws.container.service.app.deploy.internal.ApplicationInfoImpl,class com.ibm.ws.container.service.app.deploy.internal.ApplicationInfoImpl,[container.service],com.ibm.ws.container.service.resources.Messages,null]"
  moduleName = "testingPrimefaces"
  path = "testingPrimefaces.war"
  moduleContainer = class com.ibm.ws.adaptable.module.internal.AdaptableContainerImpl@165ca313
    root = class com.ibm.ws.adaptable.module.internal.AdaptableContainerImpl@165ca313
    rootOverlay = class com.ibm.ws.artifact.overlay.internal.DirectoryBasedOverlayContainerImpl@6e63d080
      base = class com.ibm.ws.artifact.loose.internal.LooseArchive@46d3e3c3
      maskSet = class java.util.HashSet@4051e881
      cfHolder = class com.ibm.ws.artifact.overlay.internal.OverlayContainerFactoryImpl@bfe037b
      fileOverlayContainer = class com.ibm.ws.artifact.file.internal.FileContainer@1bb85ed5
      overlayDirectory = class java.io.File@42ac6b9a
      cacheDirForOverlay = class java.io.File@d7686ae
      overlayNotifier = class com.ibm.ws.artifact.overlay.internal.DirectoryBasedOverlayNotifier@76e8b9a0
      enclosingContainer = null
      entryInEnclosingContainer = null
      nestedOverlays = class java.util.concurrent.ConcurrentHashMap@2f7f0f5e
      cacheStore = class com.ibm.ws.artifact.overlay.internal.OverlayCache@e2e5190
      parentOverlay = null
      isPassThroughMode = true
      serialVersionUID = -1690795617118238166
      $$$tc$$$ = class com.ibm.websphere.ras.TraceComponent@1cfefdc3
    factoryHolder = class com.ibm.ws.adaptable.module.internal.AdaptableModuleFactoryImpl@657c7f1f
      adapterFactoryService = class com.ibm.ws.adaptable.module.internal.AdapterFactoryServiceImpl@37d4e50d
      containerFactory = class com.ibm.ws.artifact.internal.ArtifactContainerFactoryService@4c26fee
      overlayContainerFactory = class com.ibm.ws.artifact.overlay.internal.OverlayContainerFactoryImpl@bfe037b
      serialVersionUID = 4200251809856292987
      $$$tc$$$ = class com.ibm.websphere.ras.TraceComponent@d9420c4
    delegate = class com.ibm.ws.artifact.overlay.internal.DirectoryBasedOverlayContainerImpl@6e63d080
    notifier = class com.ibm.ws.adaptable.module.internal.NotifierImpl@329f3f77
      root = class com.ibm.ws.adaptable.module.internal.AdaptableContainerImpl@165ca313
      delegateNotifier = class com.ibm.ws.artifact.overlay.internal.DirectoryBasedOverlayNotifier@76e8b9a0
      delegateRoot = class com.ibm.ws.artifact.overlay.internal.DirectoryBasedOverlayContainerImpl@6e63d080
      listenerDelegates = class java.util.HashMap@2f4eece4
      serialVersionUID = 6839382523957017880
      $$$tc$$$ = class com.ibm.websphere.ras.TraceComponent@58eee6ff
    serialVersionUID = -5621513278641113667
    $$$tc$$$ = class com.ibm.websphere.ras.TraceComponent@53f57c99
      strings[0] = "TraceComponent[com.ibm.ws.adaptable.module.internal.AdaptableContainerImpl,class com.ibm.ws.adaptable.module.internal.AdaptableContainerImpl,[archive.adaptable],,null]"
  altDDEntry = null
  moduleClassesContainers = class java.util.ArrayList@5d8346d3
    serialVersionUID = 8683452581122892189
    DEFAULT_CAPACITY = 10
    EMPTY_ELEMENTDATA = class java.lang.Object[0]
    DEFAULTCAPACITY_EMPTY_ELEMENTDATA = class java.lang.Object[0]
    elementData = class java.lang.Object[10]
      Object[0] = class com.ibm.ws.app.manager.module.internal.SimpleDeployedAppInfoBase$WebModuleContainerInfo@4fad6609
      Object[1] = class com.ibm.ws.app.manager.module.internal.SimpleDeployedAppInfoBase$WebModuleContainerInfo$1@58fe159a
      Object[2] = class com.ibm.ws.app.manager.module.internal.SimpleDeployedAppInfoBase$WebModuleContainerInfo$2@62051133
      Object[3] = class com.ibm.ws.app.manager.module.internal.SimpleDeployedAppInfoBase$WebModuleContainerInfo$2@10ede405
      Object[4] = class com.ibm.ws.app.manager.module.internal.SimpleDeployedAppInfoBase$WebModuleContainerInfo$2@7dc9be9
      Object[5] = class com.ibm.ws.app.manager.module.internal.SimpleDeployedAppInfoBase$WebModuleContainerInfo$2@2f260c4d
      Object[6] = null
      Object[7] = null
      Object[8] = null
      Object[9] = null
    size = 6
    MAX_ARRAY_SIZE = 2147483639
    modCount = 7
    MAX_ARRAY_SIZE = 2147483639
  classLoaderFactory = class com.ibm.ws.app.manager.war.internal.WARDeployedAppInfo@2d743c02
    CONTEXT_ROOT = "context-root"
    webModuleHandler = class com.ibm.ws.app.manager.web.internal.WebModuleHandlerImpl@4e22f135
      serialVersionUID = 4795602325763828210
      $$$tc$$$ = class com.ibm.websphere.ras.TraceComponent@46371546
      futureMonitor = class com.ibm.ws.threading.internal.FutureMonitorImpl@5c906451
      metaDataService = class com.ibm.ws.container.service.metadata.internal.MetaDataServiceImpl@5cfa0cf7
      stateChangeService = class com.ibm.ws.container.service.state.internal.StateChangeServiceImpl@5c85a92f
      moduleRuntimeContainer = class com.ibm.ws.webcontainer.osgi.WebContainer@2c921843
      firstFailure = null
      serialVersionUID = -4563697739413190872
      $$$tc$$$ = class com.ibm.websphere.ras.TraceComponent@199822a9
    webContainerModuleInfo = class com.ibm.ws.app.manager.module.internal.SimpleDeployedAppInfoBase$WebModuleContainerInfo@4fad6609
      contextRoot = null
      defaultContextRoot = "testingPrimefaces"
      serialVersionUID = -8158961796913348204
      $$$tc$$$ = class com.ibm.websphere.ras.TraceComponent@79e014eb
      moduleHandler = class com.ibm.ws.app.manager.web.internal.WebModuleHandlerImpl@4e22f135
      moduleMetaDataExtenders = class java.util.concurrent.CopyOnWriteArrayList@25734e77
      nestedModuleMetaDataFactories = class java.util.concurrent.CopyOnWriteArrayList@40c38f3d
      nestedModules = null
      moduleName = "testingPrimefaces"
      moduleDD = class com.ibm.ws.javaee.ddmodel.web.common.WebAppType@25bdf310
      moduleInfo = class com.ibm.ws.app.manager.module.internal.WebModuleInfoImpl@15d25f28
      serialVersionUID = 8693907776607441911
      $$$tc$$$ = class com.ibm.websphere.ras.TraceComponent@1f381e5a
      type = class com.ibm.ws.container.service.app.deploy.ContainerInfo$Type@e01e7d1
      name = "testingPrimefaces.war"
      container = class com.ibm.ws.adaptable.module.internal.AdaptableContainerImpl@165ca313
      altDDEntry = null
      classesContainerInfo = class java.util.ArrayList@5d8346d3
      serialVersionUID = 7427332431485745589
      $$$tc$$$ = class com.ibm.websphere.ras.TraceComponent@792ddc0e
    DYNAMIC_IMPORT_PACKAGE_LIST = class java.util.Collections$UnmodifiableRandomAccessList@577f29a9
      serialVersionUID = -2542308836966382001
      serialVersionUID = -283967356065247728
      list = class java.util.Arrays$ArrayList@32be8f94
      serialVersionUID = 1820017752578914078
      c = class java.util.Arrays$ArrayList@32be8f94
    serialVersionUID = -6153587016903242961
    $$$tc$$$ = class com.ibm.websphere.ras.TraceComponent@47013aa0
      strings[0] = "TraceComponent[com.ibm.ws.app.manager.war.internal.WARDeployedAppInfo,class com.ibm.ws.app.manager.war.internal.WARDeployedAppInfo,[webcontainer, applications, app.manager],com.ibm.ws.app.manager.war.internal.resources.Messages,null]"
    _tc = class com.ibm.websphere.ras.TraceComponent@3c56a884
      strings[0] = "TraceComponent[com.ibm.ws.app.manager.module.internal.DeployedAppInfoBase,class com.ibm.ws.app.manager.module.internal.DeployedAppInfoBase,[app.manager],com.ibm.ws.app.manager.module.internal.resources.Messages,null]"
    PERMISSION_XML = "permissions.xml"
    applicationInformation = class com.ibm.ws.app.manager.internal.ApplicationInstallInfo@777930cd
    location = "D:\devel\tools\wlp\usr\servers\defaultServer\apps\testingPrimefaces.war.xml"
    classLoadingService = class com.ibm.ws.classloading.internal.ClassLoadingServiceImpl@68a30b7c
      tc = class com.ibm.websphere.ras.TraceComponent@664259ef
      leakDetectionMap = class java.util.HashMap@6d71cc65
      TCCL_LOCK_WAIT = 15000
      REFERENCE_GENERATORS = "generators"
      bundleContext = class org.eclipse.osgi.internal.framework.BundleContextImpl@32383f7e
      aclStore = class com.ibm.ws.classloading.internal.util.CanonicalStore@32c8586
      tcclStore = class com.ibm.ws.classloading.internal.util.CanonicalStore@47faee8a
      tcclStoreLock = class java.util.concurrent.locks.ReentrantLock@10410148
      digraph = class org.eclipse.equinox.internal.region.StandardRegionDigraph@7330e5c1
      redefiner = class com.ibm.ws.classloading.internal.util.ClassRedefiner@3025c821
      listener = class com.ibm.ws.classloading.internal.ClassLoadingServiceImpl$1@14d74e94
      classloaders = class java.util.Collections$SynchronizedMap@4c97c3a
      resourceProviders = class com.ibm.ws.classloading.internal.CompositeResourceProvider@7e05940
      rememberedBundles = class java.util.concurrent.ConcurrentHashMap@1c1a66aa
      collectedBundles = class java.lang.ref.ReferenceQueue@68709605
      generatorRefs = class com.ibm.wsspi.kernel.service.utils.ConcurrentServiceReferenceSet@555d7af5
      generatorManager = class com.ibm.ws.classloading.internal.ClassGeneratorManager@48edc0c8
      appExtLibs = class java.util.concurrent.CopyOnWriteArrayList@467dd671
      globalConfig = class com.ibm.ws.classloading.configuration.GlobalClassloadingConfiguration@99a4a28
      metaInfServicesProviders = class java.util.concurrent.ConcurrentHashMap@467a5287
      metaInfServicesRefs = class com.ibm.wsspi.kernel.service.utils.ConcurrentServiceReferenceMap@2a5634f3
      protectionDomainMap = class java.util.HashMap@2b0a196
      metadataIdentifierService = class com.ibm.ws.container.service.metadata.internal.MetaDataServiceImpl@5cfa0cf7
      globalSharedLibrary = class java.util.concurrent.atomic.AtomicReference@59a060e2
      serialVersionUID = -2277344858934055980
    globalSharedLibrary = class com.ibm.ws.library.internal.SharedLibraryImpl@4c9ab54f
      tc = class com.ibm.websphere.ras.TraceComponent@23b2ef62
      EMPTY_LIBRARY_LISTENERS = interface com.ibm.wsspi.library.LibraryChangeListener[0]
      deleted = false
      libraryListenersTracker = class org.osgi.util.tracker.ServiceTracker@66e9fd19
      libraryReg = class org.eclipse.osgi.internal.serviceregistry.ServiceRegistrationImpl@15f60761
      ctx = class org.eclipse.osgi.internal.framework.BundleContextImpl@32383f7e
      classLoadingService = class com.ibm.ws.classloading.internal.ClassLoadingServiceImpl@68a30b7c
      configAdmin = class com.ibm.ws.config.admin.internal.ConfigurationAdminImpl@30cf553
      resolvedBasePath = "D:/devel/tools/wlp/usr/servers/defaultServer/"
      generationLock = class com.ibm.ws.library.internal.SharedLibraryImpl$1@9df0de5
      currentGeneration = class com.ibm.ws.library.internal.LibraryGeneration@66924cba
      nextGeneration = class com.ibm.ws.library.internal.LibraryGeneration@66924cba
      artifactContainerFactory = class com.ibm.ws.library.internal.SharedLibraryFactory$1@4fba6444
      packageExporter = class com.ibm.ws.library.internal.LibraryPackageExporter@2b78b68d
      serialVersionUID = 6288237618632180389
    sharedLibDeploymentInfo = class com.ibm.ws.app.manager.module.internal.DeployedAppInfoBase$SharedLibDeploymentInfo@6286ff14
      bundleContext = class org.eclipse.osgi.internal.framework.BundleContextImpl@1b80fe92
      locAdmin = class com.ibm.ws.kernel.service.location.internal.WsLocationAdminImpl@77f3f51e
      artifactFactory = class com.ibm.ws.artifact.internal.ArtifactContainerFactoryService@4c26fee
      moduleFactory = class com.ibm.ws.adaptable.module.internal.AdaptableModuleFactoryImpl@657c7f1f
      classesContainerInfo = class java.util.ArrayList@1bf2b7c7
      serialVersionUID = -9033256786848720484
      $$$tc$$$ = class com.ibm.websphere.ras.TraceComponent@1683b349
    futureMonitor = class com.ibm.ws.threading.internal.FutureMonitorImpl@5c906451
      _monitor = class java.util.concurrent.ConcurrentLinkedQueue@54dfd2
      _executor = class com.ibm.ws.threading.internal.ScheduledExecutorImpl@3a48a172
      _threadRunning = class java.util.concurrent.atomic.AtomicBoolean@7e90bc21
      _thread = class com.ibm.ws.threading.internal.FutureMonitorImpl$1@2c0cc6d5
      serialVersionUID = 2765238413969174390
      $$$tc$$$ = class com.ibm.websphere.ras.TraceComponent@577e4c6d
    configAdmin = class com.ibm.ws.config.admin.internal.ConfigurationAdminImpl@2c187c54
      tc = class com.ibm.websphere.ras.TraceComponent@18057085
      bundle = class org.eclipse.osgi.internal.framework.EquinoxBundle@3df3319a
      caFactory = class com.ibm.ws.config.admin.internal.ConfigAdminServiceFactory@e368ef8
      serialVersionUID = -2875522750804142523
    libraryConfigHelper = class com.ibm.ws.classloading.ClassLoaderConfigHelper@35318455
      tc = class com.ibm.websphere.ras.TraceComponent@2d4ff0f4
      DEFAULT_API_TYPES = class java.util.RegularEnumSet@4b94e0c6
      sharedLibraries = class java.util.Collections$EmptyList@81523dd
      commonLibraries = class java.util.Collections$EmptyList@81523dd
      classProviders = class java.util.Collections$EmptyList@81523dd
      sharedLibrariesPids = null
      commonLibrariesPids = null
      isDelegateLast = false
      apiTypes = class java.util.RegularEnumSet@4b94e0c6
      classLoaderConfigProps = null
      serialVersionUID = 7643888529935916418
    isDelegateLast = false
    permissionManager = class com.ibm.ws.classloading.java2sec.PermissionManager@609aa3b8
      tc = class com.ibm.websphere.ras.TraceComponent@652d1a6c
      classLoadingService = class com.ibm.ws.classloading.internal.ClassLoadingServiceImpl@68a30b7c
      DEFAULT_SERVER_RESTRICTABLE_PERMISSIONS = class java.security.Permission[4]
      DEFAULT_CLIENT_RESTRICTABLE_PERMISSIONS = class java.security.Permission[3]
      isServer = true
      wsjarUrlStreamHandlerAvailable = true
      restrictablePermissions = class java.util.ArrayList@36cd1ce7
      grantedPermissions = class java.util.ArrayList@62ffca1e
      KEY_PERMISSION = "permission"
      INCORRECT_PERMISSION_CONFIGURATION = "INCORRECT_PERMISSION_CONFIGURATION"
      PERMISSION_CLASSNOTFOUND = "PERMISSION_CLASSNOTFOUND"
      SERVER_XML = "server.xml"
      CLIENT_XML = "client.xml"
      originationFile = "server.xml"
      permissions = class com.ibm.wsspi.kernel.service.utils.ConcurrentServiceReferenceSet@33ea310
      codeBasePermissionMap = class java.util.HashMap@a222ff3
      permissionXMLPermissionMap = class java.util.HashMap@54d63074
      serialVersionUID = 3514017629123673923
    permissionsConfig = null
    serialVersionUID = 5168023053972273360
    appInfo = class com.ibm.ws.container.service.app.deploy.internal.ApplicationInfoImpl@234e3b5e
    modulesDeployed = class java.util.ArrayList@50e2c060
      serialVersionUID = 8683452581122892189
      DEFAULT_CAPACITY = 10
      EMPTY_ELEMENTDATA = class java.lang.Object[0]
      DEFAULTCAPACITY_EMPTY_ELEMENTDATA = class java.lang.Object[0]
      elementData = class java.lang.Object[0]
      size = 0
      MAX_ARRAY_SIZE = 2147483639
      modCount = 0
      MAX_ARRAY_SIZE = 2147483639
    starting = false
    started = false
    appInfoFactory = class com.ibm.ws.container.service.app.deploy.internal.ApplicationInfoFactoryImpl@6948e505
      j2eeNameFactory = class com.ibm.wsspi.kernel.service.utils.AtomicServiceReference@44c6db85
      names = class java.util.HashSet@4f7b0baa
      serialVersionUID = 7443990212682384945
      $$$tc$$$ = class com.ibm.websphere.ras.TraceComponent@7827fed4
    metaDataService = class com.ibm.ws.container.service.metadata.internal.MetaDataServiceImpl@5cfa0cf7
      applicationMetaDataManager = class com.ibm.ws.container.service.metadata.internal.ApplicationMetaDataManager@42e8b1c0
      moduleMetaDataManager = class com.ibm.ws.container.service.metadata.internal.ModuleMetaDataManager@59db7ebe
      componentMetaDataManager = class com.ibm.ws.container.service.metadata.internal.ComponentMetaDataManager@1638448e
      methodMetaDataManager = class com.ibm.ws.container.service.metadata.internal.MethodMetaDataManager@6f5a440b
      appModuleNameToModuleContainer = class java.util.concurrent.ConcurrentHashMap@683b9e91
      jeeNameToComponentMetaData = class java.util.concurrent.ConcurrentHashMap@6a1733a6
      deferredMetaDataFactories = class com.ibm.wsspi.kernel.service.utils.ConcurrentServiceReferenceSet@3edf165e
      deferredMetaDataInitializers = class com.ibm.wsspi.kernel.service.utils.ConcurrentServiceReferenceMap@3186792
      serialVersionUID = -2494605732980966097
      $$$tc$$$ = class com.ibm.websphere.ras.TraceComponent@129fb32f
    stateChangeService = class com.ibm.ws.container.service.state.internal.StateChangeServiceImpl@5c85a92f
      applicationStateManager = class com.ibm.ws.container.service.state.internal.ApplicationStateManager@b14099c
      moduleStateManager = class com.ibm.ws.container.service.state.internal.ModuleStateManager@5fcf6180
      serialVersionUID = -537917915330350560
      $$$tc$$$ = class com.ibm.websphere.ras.TraceComponent@1ca5c62b
    moduleClassesInfo = class com.ibm.ws.app.manager.module.internal.SimpleDeployedAppInfoBase$ModuleClassesInfoProvider@1aa2931f
      entryContainerInfosMap = class java.util.HashMap@ed8b600
      serialVersionUID = -70332790531324534
      $$$tc$$$ = class com.ibm.websphere.ras.TraceComponent@54655ebf
    moduleContainerInfos = class java.util.ArrayList@34ec3d83
      serialVersionUID = 8683452581122892189
      DEFAULT_CAPACITY = 10
      EMPTY_ELEMENTDATA = class java.lang.Object[0]
      DEFAULTCAPACITY_EMPTY_ELEMENTDATA = class java.lang.Object[0]
      elementData = class java.lang.Object[10]
      size = 1
      MAX_ARRAY_SIZE = 2147483639
      modCount = 1
      MAX_ARRAY_SIZE = 2147483639
    activeModuleHandlers = class java.util.IdentityHashMap@38fd125d
      DEFAULT_CAPACITY = 32
      MINIMUM_CAPACITY = 4
      MAXIMUM_CAPACITY = 536870912
      table = class java.lang.Object[16]
      size = 1
      modCount = 1
      NULL_KEY = class java.lang.Object@5f43bbfb
      entrySet = null
      serialVersionUID = 8188218128353913216
      keySet = null
      values = null
    serialVersionUID = 7078125893012250887
    $$$tc$$$ = class com.ibm.websphere.ras.TraceComponent@4d3a6b19
      strings[0] = "TraceComponent[com.ibm.ws.app.manager.module.internal.SimpleDeployedAppInfoBase,class com.ibm.ws.app.manager.module.internal.SimpleDeployedAppInfoBase,[applications, app.manager],,null]"
  containerInfoType = class com.ibm.ws.container.service.app.deploy.ContainerInfo$Type@e01e7d1
    MANIFEST_CLASSPATH = class com.ibm.ws.container.service.app.deploy.ContainerInfo$Type@316e2bab
      MANIFEST_CLASSPATH = class com.ibm.ws.container.service.app.deploy.ContainerInfo$Type@316e2bab
      WEB_INF_CLASSES = class com.ibm.ws.container.service.app.deploy.ContainerInfo$Type@f2f8a13
      WEB_INF_LIB = class com.ibm.ws.container.service.app.deploy.ContainerInfo$Type@41c7af86
      EAR_LIB = class com.ibm.ws.container.service.app.deploy.ContainerInfo$Type@6f659c5e
      WEB_MODULE = class com.ibm.ws.container.service.app.deploy.ContainerInfo$Type@e01e7d1
      EJB_MODULE = class com.ibm.ws.container.service.app.deploy.ContainerInfo$Type@2f16d16a
      CLIENT_MODULE = class com.ibm.ws.container.service.app.deploy.ContainerInfo$Type@5c9ab989
      RAR_MODULE = class com.ibm.ws.container.service.app.deploy.ContainerInfo$Type@20dd8603
      JAR_MODULE = class com.ibm.ws.container.service.app.deploy.ContainerInfo$Type@6319692a
      SHARED_LIB = class com.ibm.ws.container.service.app.deploy.ContainerInfo$Type@7a1d79a2
      $VALUES = class com.ibm.ws.container.service.app.deploy.ContainerInfo$Type[10]
      $$$tc$$$ = class com.ibm.websphere.ras.TraceComponent@60931cd0
      name = "MANIFEST_CLASSPATH"
      ordinal = 0
    WEB_INF_CLASSES = class com.ibm.ws.container.service.app.deploy.ContainerInfo$Type@f2f8a13
      MANIFEST_CLASSPATH = class com.ibm.ws.container.service.app.deploy.ContainerInfo$Type@316e2bab
      WEB_INF_CLASSES = class com.ibm.ws.container.service.app.deploy.ContainerInfo$Type@f2f8a13
      WEB_INF_LIB = class com.ibm.ws.container.service.app.deploy.ContainerInfo$Type@41c7af86
      EAR_LIB = class com.ibm.ws.container.service.app.deploy.ContainerInfo$Type@6f659c5e
      WEB_MODULE = class com.ibm.ws.container.service.app.deploy.ContainerInfo$Type@e01e7d1
      EJB_MODULE = class com.ibm.ws.container.service.app.deploy.ContainerInfo$Type@2f16d16a
      CLIENT_MODULE = class com.ibm.ws.container.service.app.deploy.ContainerInfo$Type@5c9ab989
      RAR_MODULE = class com.ibm.ws.container.service.app.deploy.ContainerInfo$Type@20dd8603
      JAR_MODULE = class com.ibm.ws.container.service.app.deploy.ContainerInfo$Type@6319692a
      SHARED_LIB = class com.ibm.ws.container.service.app.deploy.ContainerInfo$Type@7a1d79a2
      $VALUES = class com.ibm.ws.container.service.app.deploy.ContainerInfo$Type[10]
      $$$tc$$$ = class com.ibm.websphere.ras.TraceComponent@60931cd0
      name = "WEB_INF_CLASSES"
      ordinal = 1
    WEB_INF_LIB = class com.ibm.ws.container.service.app.deploy.ContainerInfo$Type@41c7af86
      MANIFEST_CLASSPATH = class com.ibm.ws.container.service.app.deploy.ContainerInfo$Type@316e2bab
      WEB_INF_CLASSES = class com.ibm.ws.container.service.app.deploy.ContainerInfo$Type@f2f8a13
      WEB_INF_LIB = class com.ibm.ws.container.service.app.deploy.ContainerInfo$Type@41c7af86
      EAR_LIB = class com.ibm.ws.container.service.app.deploy.ContainerInfo$Type@6f659c5e
      WEB_MODULE = class com.ibm.ws.container.service.app.deploy.ContainerInfo$Type@e01e7d1
      EJB_MODULE = class com.ibm.ws.container.service.app.deploy.ContainerInfo$Type@2f16d16a
      CLIENT_MODULE = class com.ibm.ws.container.service.app.deploy.ContainerInfo$Type@5c9ab989
      RAR_MODULE = class com.ibm.ws.container.service.app.deploy.ContainerInfo$Type@20dd8603
      JAR_MODULE = class com.ibm.ws.container.service.app.deploy.ContainerInfo$Type@6319692a
      SHARED_LIB = class com.ibm.ws.container.service.app.deploy.ContainerInfo$Type@7a1d79a2
      $VALUES = class com.ibm.ws.container.service.app.deploy.ContainerInfo$Type[10]
      $$$tc$$$ = class com.ibm.websphere.ras.TraceComponent@60931cd0
      name = "WEB_INF_LIB"
      ordinal = 2
    EAR_LIB = class com.ibm.ws.container.service.app.deploy.ContainerInfo$Type@6f659c5e
      MANIFEST_CLASSPATH = class com.ibm.ws.container.service.app.deploy.ContainerInfo$Type@316e2bab
      WEB_INF_CLASSES = class com.ibm.ws.container.service.app.deploy.ContainerInfo$Type@f2f8a13
      WEB_INF_LIB = class com.ibm.ws.container.service.app.deploy.ContainerInfo$Type@41c7af86
      EAR_LIB = class com.ibm.ws.container.service.app.deploy.ContainerInfo$Type@6f659c5e
      WEB_MODULE = class com.ibm.ws.container.service.app.deploy.ContainerInfo$Type@e01e7d1
      EJB_MODULE = class com.ibm.ws.container.service.app.deploy.ContainerInfo$Type@2f16d16a
      CLIENT_MODULE = class com.ibm.ws.container.service.app.deploy.ContainerInfo$Type@5c9ab989
      RAR_MODULE = class com.ibm.ws.container.service.app.deploy.ContainerInfo$Type@20dd8603
      JAR_MODULE = class com.ibm.ws.container.service.app.deploy.ContainerInfo$Type@6319692a
      SHARED_LIB = class com.ibm.ws.container.service.app.deploy.ContainerInfo$Type@7a1d79a2
      $VALUES = class com.ibm.ws.container.service.app.deploy.ContainerInfo$Type[10]
      $$$tc$$$ = class com.ibm.websphere.ras.TraceComponent@60931cd0
      name = "EAR_LIB"
      ordinal = 3
    WEB_MODULE = class com.ibm.ws.container.service.app.deploy.ContainerInfo$Type@e01e7d1
    EJB_MODULE = class com.ibm.ws.container.service.app.deploy.ContainerInfo$Type@2f16d16a
      MANIFEST_CLASSPATH = class com.ibm.ws.container.service.app.deploy.ContainerInfo$Type@316e2bab
      WEB_INF_CLASSES = class com.ibm.ws.container.service.app.deploy.ContainerInfo$Type@f2f8a13
      WEB_INF_LIB = class com.ibm.ws.container.service.app.deploy.ContainerInfo$Type@41c7af86
      EAR_LIB = class com.ibm.ws.container.service.app.deploy.ContainerInfo$Type@6f659c5e
      WEB_MODULE = class com.ibm.ws.container.service.app.deploy.ContainerInfo$Type@e01e7d1
      EJB_MODULE = class com.ibm.ws.container.service.app.deploy.ContainerInfo$Type@2f16d16a
      CLIENT_MODULE = class com.ibm.ws.container.service.app.deploy.ContainerInfo$Type@5c9ab989
      RAR_MODULE = class com.ibm.ws.container.service.app.deploy.ContainerInfo$Type@20dd8603
      JAR_MODULE = class com.ibm.ws.container.service.app.deploy.ContainerInfo$Type@6319692a
      SHARED_LIB = class com.ibm.ws.container.service.app.deploy.ContainerInfo$Type@7a1d79a2
      $VALUES = class com.ibm.ws.container.service.app.deploy.ContainerInfo$Type[10]
      $$$tc$$$ = class com.ibm.websphere.ras.TraceComponent@60931cd0
      name = "EJB_MODULE"
      ordinal = 5
    CLIENT_MODULE = class com.ibm.ws.container.service.app.deploy.ContainerInfo$Type@5c9ab989
      MANIFEST_CLASSPATH = class com.ibm.ws.container.service.app.deploy.ContainerInfo$Type@316e2bab
      WEB_INF_CLASSES = class com.ibm.ws.container.service.app.deploy.ContainerInfo$Type@f2f8a13
      WEB_INF_LIB = class com.ibm.ws.container.service.app.deploy.ContainerInfo$Type@41c7af86
      EAR_LIB = class com.ibm.ws.container.service.app.deploy.ContainerInfo$Type@6f659c5e
      WEB_MODULE = class com.ibm.ws.container.service.app.deploy.ContainerInfo$Type@e01e7d1
      EJB_MODULE = class com.ibm.ws.container.service.app.deploy.ContainerInfo$Type@2f16d16a
      CLIENT_MODULE = class com.ibm.ws.container.service.app.deploy.ContainerInfo$Type@5c9ab989
      RAR_MODULE = class com.ibm.ws.container.service.app.deploy.ContainerInfo$Type@20dd8603
      JAR_MODULE = class com.ibm.ws.container.service.app.deploy.ContainerInfo$Type@6319692a
      SHARED_LIB = class com.ibm.ws.container.service.app.deploy.ContainerInfo$Type@7a1d79a2
      $VALUES = class com.ibm.ws.container.service.app.deploy.ContainerInfo$Type[10]
      $$$tc$$$ = class com.ibm.websphere.ras.TraceComponent@60931cd0
      name = "CLIENT_MODULE"
      ordinal = 6
    RAR_MODULE = class com.ibm.ws.container.service.app.deploy.ContainerInfo$Type@20dd8603
      MANIFEST_CLASSPATH = class com.ibm.ws.container.service.app.deploy.ContainerInfo$Type@316e2bab
      WEB_INF_CLASSES = class com.ibm.ws.container.service.app.deploy.ContainerInfo$Type@f2f8a13
      WEB_INF_LIB = class com.ibm.ws.container.service.app.deploy.ContainerInfo$Type@41c7af86
      EAR_LIB = class com.ibm.ws.container.service.app.deploy.ContainerInfo$Type@6f659c5e
      WEB_MODULE = class com.ibm.ws.container.service.app.deploy.ContainerInfo$Type@e01e7d1
      EJB_MODULE = class com.ibm.ws.container.service.app.deploy.ContainerInfo$Type@2f16d16a
      CLIENT_MODULE = class com.ibm.ws.container.service.app.deploy.ContainerInfo$Type@5c9ab989
      RAR_MODULE = class com.ibm.ws.container.service.app.deploy.ContainerInfo$Type@20dd8603
      JAR_MODULE = class com.ibm.ws.container.service.app.deploy.ContainerInfo$Type@6319692a
      SHARED_LIB = class com.ibm.ws.container.service.app.deploy.ContainerInfo$Type@7a1d79a2
      $VALUES = class com.ibm.ws.container.service.app.deploy.ContainerInfo$Type[10]
      $$$tc$$$ = class com.ibm.websphere.ras.TraceComponent@60931cd0
      name = "RAR_MODULE"
      ordinal = 7
    JAR_MODULE = class com.ibm.ws.container.service.app.deploy.ContainerInfo$Type@6319692a
      MANIFEST_CLASSPATH = class com.ibm.ws.container.service.app.deploy.ContainerInfo$Type@316e2bab
      WEB_INF_CLASSES = class com.ibm.ws.container.service.app.deploy.ContainerInfo$Type@f2f8a13
      WEB_INF_LIB = class com.ibm.ws.container.service.app.deploy.ContainerInfo$Type@41c7af86
      EAR_LIB = class com.ibm.ws.container.service.app.deploy.ContainerInfo$Type@6f659c5e
      WEB_MODULE = class com.ibm.ws.container.service.app.deploy.ContainerInfo$Type@e01e7d1
      EJB_MODULE = class com.ibm.ws.container.service.app.deploy.ContainerInfo$Type@2f16d16a
      CLIENT_MODULE = class com.ibm.ws.container.service.app.deploy.ContainerInfo$Type@5c9ab989
      RAR_MODULE = class com.ibm.ws.container.service.app.deploy.ContainerInfo$Type@20dd8603
      JAR_MODULE = class com.ibm.ws.container.service.app.deploy.ContainerInfo$Type@6319692a
      SHARED_LIB = class com.ibm.ws.container.service.app.deploy.ContainerInfo$Type@7a1d79a2
      $VALUES = class com.ibm.ws.container.service.app.deploy.ContainerInfo$Type[10]
      $$$tc$$$ = class com.ibm.websphere.ras.TraceComponent@60931cd0
      name = "JAR_MODULE"
      ordinal = 8
    SHARED_LIB = class com.ibm.ws.container.service.app.deploy.ContainerInfo$Type@7a1d79a2
      MANIFEST_CLASSPATH = class com.ibm.ws.container.service.app.deploy.ContainerInfo$Type@316e2bab
      WEB_INF_CLASSES = class com.ibm.ws.container.service.app.deploy.ContainerInfo$Type@f2f8a13
      WEB_INF_LIB = class com.ibm.ws.container.service.app.deploy.ContainerInfo$Type@41c7af86
      EAR_LIB = class com.ibm.ws.container.service.app.deploy.ContainerInfo$Type@6f659c5e
      WEB_MODULE = class com.ibm.ws.container.service.app.deploy.ContainerInfo$Type@e01e7d1
      EJB_MODULE = class com.ibm.ws.container.service.app.deploy.ContainerInfo$Type@2f16d16a
      CLIENT_MODULE = class com.ibm.ws.container.service.app.deploy.ContainerInfo$Type@5c9ab989
      RAR_MODULE = class com.ibm.ws.container.service.app.deploy.ContainerInfo$Type@20dd8603
      JAR_MODULE = class com.ibm.ws.container.service.app.deploy.ContainerInfo$Type@6319692a
      SHARED_LIB = class com.ibm.ws.container.service.app.deploy.ContainerInfo$Type@7a1d79a2
      $VALUES = class com.ibm.ws.container.service.app.deploy.ContainerInfo$Type[10]
      $$$tc$$$ = class com.ibm.websphere.ras.TraceComponent@60931cd0
      name = "SHARED_LIB"
      ordinal = 9
    $VALUES = class com.ibm.ws.container.service.app.deploy.ContainerInfo$Type[10]
      Type[0] = class com.ibm.ws.container.service.app.deploy.ContainerInfo$Type@316e2bab
      Type[1] = class com.ibm.ws.container.service.app.deploy.ContainerInfo$Type@f2f8a13
      Type[2] = class com.ibm.ws.container.service.app.deploy.ContainerInfo$Type@41c7af86
      Type[3] = class com.ibm.ws.container.service.app.deploy.ContainerInfo$Type@6f659c5e
      Type[4] = class com.ibm.ws.container.service.app.deploy.ContainerInfo$Type@e01e7d1
      Type[5] = class com.ibm.ws.container.service.app.deploy.ContainerInfo$Type@2f16d16a
      Type[6] = class com.ibm.ws.container.service.app.deploy.ContainerInfo$Type@5c9ab989
      Type[7] = class com.ibm.ws.container.service.app.deploy.ContainerInfo$Type@20dd8603
      Type[8] = class com.ibm.ws.container.service.app.deploy.ContainerInfo$Type@6319692a
      Type[9] = class com.ibm.ws.container.service.app.deploy.ContainerInfo$Type@7a1d79a2
    $$$tc$$$ = class com.ibm.websphere.ras.TraceComponent@60931cd0
      strings[0] = "TraceComponent[com.ibm.ws.container.service.app.deploy.ContainerInfo$Type,class com.ibm.ws.container.service.app.deploy.ContainerInfo$Type,[container.service],com.ibm.ws.container.service.resources.Messages,null]"
    name = "WEB_MODULE"
    ordinal = 4
  classLoader = class com.ibm.ws.classloading.internal.AppClassLoader@15c058a3
    tc = class com.ibm.websphere.ras.TraceComponent@5cf61cb9
      strings[0] = "TraceComponent[com.ibm.ws.classloading.internal.AppClassLoader,class com.ibm.ws.classloading.internal.AppClassLoader,[ClassLoadingService],com.ibm.ws.classloading.internal.resources.ClassLoadingServiceMessages,null]"
    PARENT_FIRST_SEARCH_ORDER = class java.util.Collections$UnmodifiableRandomAccessList@65a69ab
      serialVersionUID = -2542308836966382001
      serialVersionUID = -283967356065247728
      list = class java.util.Arrays$ArrayList@673abae4
      serialVersionUID = 1820017752578914078
      c = class java.util.Arrays$ArrayList@673abae4
    CLASS_LOADING_TRACE_PREFIX = "com.ibm.ws.class.load."
    DEFAULT_PACKAGE = "default.package"
    perPackageClassLoadingTraceComponents = class java.util.concurrent.ConcurrentHashMap@63f13ef0
      serialVersionUID = 7249069246763182397
      MAXIMUM_CAPACITY = 1073741824
      DEFAULT_CAPACITY = 16
      MAX_ARRAY_SIZE = 2147483639
      DEFAULT_CONCURRENCY_LEVEL = 16
      LOAD_FACTOR = 0.75
      TREEIFY_THRESHOLD = 8
      UNTREEIFY_THRESHOLD = 6
      MIN_TREEIFY_CAPACITY = 64
      MIN_TRANSFER_STRIDE = 16
      RESIZE_STAMP_BITS = 16
      MAX_RESIZERS = 65535
      RESIZE_STAMP_SHIFT = 16
      MOVED = -1
      TREEBIN = -2
      RESERVED = -3
      HASH_BITS = 2147483647
      NCPU = 4
      serialPersistentFields = class java.io.ObjectStreamField[3]
      table = null
      nextTable = null
      baseCount = 0
      sizeCtl = 0
      transferIndex = 0
      cellsBusy = 0
      counterCells = null
      keySet = null
      values = null
      entrySet = null
      U = class sun.misc.Unsafe@29fd619b
      SIZECTL = 20
      TRANSFERINDEX = 32
      BASECOUNT = 24
      CELLSBUSY = 36
      CELLVALUE = 144
      ABASE = 16
      ASHIFT = 2
      keySet = null
      values = null
    config = class com.ibm.ws.classloading.internal.ClassLoaderConfigurationImpl@41d3fe2e
      DEFAULT_PROTECTION_DOMAIN = class java.security.ProtectionDomain@39f0d649
      delegateLast = false
      includeAppExtensions = true
      id = class com.ibm.ws.classloading.serializable.ClassLoaderIdentityImpl@2da30228
      parentId = null
      sharedLibraries = class java.util.ArrayList@76b7cbab
      commonLibraries = class java.util.Collections$EmptyList@81523dd
      providers = class java.util.Collections$EmptyList@81523dd
      nativeLibraryContainers = class java.util.Collections$EmptyList@81523dd
      protectionDomain = class java.security.ProtectionDomain@7243af30
      serialVersionUID = 9091690180200375339
      $$$tc$$$ = class com.ibm.websphere.ras.TraceComponent@2308124e
    privateLibraries = class java.util.Collections$EmptyList@81523dd
      serialVersionUID = 8842843931221139166
      modCount = 0
      MAX_ARRAY_SIZE = 2147483639
    delegateLoaders = class com.ibm.ws.classloading.internal.util.CompositeIterable@5d570445
      iterables = class java.util.Arrays$ArrayList@643a213f
      serialVersionUID = -1227195994638150837
      $$$tc$$$ = class com.ibm.websphere.ras.TraceComponent@faf939f
    nativeLibraryFiles = class java.util.ArrayList@37bbb7a1
      serialVersionUID = 8683452581122892189
      DEFAULT_CAPACITY = 10
      EMPTY_ELEMENTDATA = class java.lang.Object[0]
      DEFAULTCAPACITY_EMPTY_ELEMENTDATA = class java.lang.Object[0]
      elementData = class java.lang.Object[0]
      size = 0
      MAX_ARRAY_SIZE = 2147483639
      modCount = 0
      MAX_ARRAY_SIZE = 2147483639
    transformers = class java.util.ArrayList@69470df6
      serialVersionUID = 8683452581122892189
      DEFAULT_CAPACITY = 10
      EMPTY_ELEMENTDATA = class java.lang.Object[0]
      DEFAULTCAPACITY_EMPTY_ELEMENTDATA = class java.lang.Object[0]
      elementData = class java.lang.Object[0]
      size = 0
      MAX_ARRAY_SIZE = 2147483639
      modCount = 0
      MAX_ARRAY_SIZE = 2147483639
    apiAccess = class com.ibm.ws.classloading.internal.GatewayClassLoader@34a0d49f
      config = class com.ibm.ws.classloading.internal.GatewayConfigurationImpl@5177ec6e
      wiringMonitor = class com.ibm.ws.classloading.internal.GatewayClassLoader$1@79e33ce7
      bundle = class org.eclipse.osgi.internal.framework.EquinoxBundle@6aa3c4b4
      wiring = class org.eclipse.osgi.container.ModuleWiring@22b91670
      bundleLoader = class org.eclipse.osgi.internal.loader.EquinoxClassLoader@691adc91
      resourceProviders = class com.ibm.ws.classloading.internal.CompositeResourceProvider@7e05940
      serialVersionUID = -4256474098847905153
      $$$tc$$$ = class com.ibm.websphere.ras.TraceComponent@52b24dde
      parent = class sun.misc.Launcher$AppClassLoader@18b4aac2
      parallelLockMap = null
      package2certs = class java.util.Hashtable@6704495f
      nocerts = class java.security.cert.Certificate[0]
      classes = class java.util.Vector@d64d959
      defaultDomain = class java.security.ProtectionDomain@32257230
      domains = class java.util.HashSet@378a176d
      packages = class java.util.HashMap@7281ee72
      scl = class sun.misc.Launcher$AppClassLoader@18b4aac2
      sclSet = true
      loadedLibraryNames = class java.util.Vector@c5bd1c9
      systemNativeLibraries = class java.util.Vector@13963869
      nativeLibraries = class java.util.Vector@59045f6a
      nativeLibraryContext = class java.util.Stack@603e37b8
      usr_paths = class java.lang.String[23]
      sys_paths = class java.lang.String[1]
      assertionLock = class com.ibm.ws.classloading.internal.GatewayClassLoader@34a0d49f
      defaultAssertionStatus = false
      packageAssertionStatus = null
      classAssertionStatus = null
    generator = class com.ibm.ws.classloading.internal.ClassGeneratorManager@48edc0c8
      tc = class com.ibm.websphere.ras.TraceComponent@4379e933
      generatorRefs = class com.ibm.wsspi.kernel.service.utils.ConcurrentServiceReferenceSet@555d7af5
      serialVersionUID = 4152663586056483310
    protectionDomains = class java.util.concurrent.ConcurrentHashMap@2d7d80bc
      serialVersionUID = 7249069246763182397
      MAXIMUM_CAPACITY = 1073741824
      DEFAULT_CAPACITY = 16
      MAX_ARRAY_SIZE = 2147483639
      DEFAULT_CONCURRENCY_LEVEL = 16
      LOAD_FACTOR = 0.75
      TREEIFY_THRESHOLD = 8
      UNTREEIFY_THRESHOLD = 6
      MIN_TREEIFY_CAPACITY = 64
      MIN_TRANSFER_STRIDE = 16
      RESIZE_STAMP_BITS = 16
      MAX_RESIZERS = 65535
      RESIZE_STAMP_SHIFT = 16
      MOVED = -1
      TREEBIN = -2
      RESERVED = -3
      HASH_BITS = 2147483647
      NCPU = 4
      serialPersistentFields = class java.io.ObjectStreamField[3]
      table = null
      nextTable = null
      baseCount = 0
      sizeCtl = 0
      transferIndex = 0
      cellsBusy = 0
      counterCells = null
      keySet = null
      values = null
      entrySet = null
      U = class sun.misc.Unsafe@29fd619b
      SIZECTL = 20
      TRANSFERINDEX = 32
      BASECOUNT = 24
      CELLSBUSY = 36
      CELLVALUE = 144
      ABASE = 16
      ASHIFT = 2
      keySet = null
      values = null
    parent = class com.ibm.ws.classloading.internal.GatewayClassLoader@34a0d49f
    hook = null
    serialVersionUID = 7911131531697267209
    tc = class com.ibm.websphere.ras.TraceComponent@4895179f
      strings[0] = "TraceComponent[com.ibm.ws.classloading.internal.ContainerClassLoader,class com.ibm.ws.classloading.internal.ContainerClassLoader,[ClassLoadingService],com.ibm.ws.classloading.internal.resources.ClassLoadingServiceMessages,null]"
    smartClassPath = class com.ibm.ws.classloading.internal.ContainerClassLoader$UnreadSmartClassPath@47113c0d
      delegate = class com.ibm.ws.classloading.internal.ContainerClassLoader$SmartClassPathImpl@79c57dab
      this$0 = class com.ibm.ws.classloading.internal.AppClassLoader@15c058a3
      serialVersionUID = -4209426028477611008
      $$$tc$$$ = class com.ibm.websphere.ras.TraceComponent@751a4e3d
    nativeLibraryContainers = class java.util.ArrayList@1668a1a4
      serialVersionUID = 8683452581122892189
      DEFAULT_CAPACITY = 10
      EMPTY_ELEMENTDATA = class java.lang.Object[0]
      DEFAULTCAPACITY_EMPTY_ELEMENTDATA = class java.lang.Object[0]
      elementData = class java.lang.Object[0]
      size = 0
      MAX_ARRAY_SIZE = 2147483639
      modCount = 0
      MAX_ARRAY_SIZE = 2147483639
    redefiner = class com.ibm.ws.classloading.internal.util.ClassRedefiner@3025c821
      tc = class com.ibm.websphere.ras.TraceComponent@6c3aecbe
      LS = "
"
      inst = class com.ibm.ws.kernel.launch.internal.TraceInstrumentation@12a16da8
      serialVersionUID = 2420101865139508526
    jarProtocol = "wsjar:"
    mapCreationQueue = class java.util.concurrent.Executors$FinalizableDelegatedExecutorService@719cc6f9
      e = class java.util.concurrent.ThreadPoolExecutor@4ca8e162
      $assertionsDisabled = true
    serialVersionUID = 4390450102868895350
    serialVersionUID = -7411549862368381758
    $$$tc$$$ = class com.ibm.websphere.ras.TraceComponent@6c0f3556
      strings[0] = "TraceComponent[com.ibm.ws.classloading.internal.IdentifiedLoader,class com.ibm.ws.classloading.internal.IdentifiedLoader,[ClassLoadingService],com.ibm.ws.classloading.internal.resources.ClassLoadingServiceMessages,null]"
    serialVersionUID = -4868702105808481416
    $$$tc$$$ = class com.ibm.websphere.ras.TraceComponent@75fd14a7
      strings[0] = "TraceComponent[com.ibm.ws.classloading.internal.LibertyLoader,class com.ibm.ws.classloading.internal.LibertyLoader,[ClassLoadingService],com.ibm.ws.classloading.internal.resources.ClassLoadingServiceMessages,null]"
    serialVersionUID = 2596921220292114344
    $$$tc$$$ = class com.ibm.websphere.ras.TraceComponent@2dc65434
      strings[0] = "TraceComponent[com.ibm.ws.classloading.LibertyClassLoader,class com.ibm.ws.classloading.LibertyClassLoader,[ClassLoadingService],com.ibm.ws.classloading.internal.resources.ClassLoadingServiceMessages,null]"
    initialized = true
    pdcache = class java.util.HashMap@65538c8b
      serialVersionUID = 362498820763181265
      DEFAULT_INITIAL_CAPACITY = 16
      MAXIMUM_CAPACITY = 1073741824
      DEFAULT_LOAD_FACTOR = 0.75
      TREEIFY_THRESHOLD = 8
      UNTREEIFY_THRESHOLD = 6
      MIN_TREEIFY_CAPACITY = 64
      table = null
      entrySet = null
      size = 0
      modCount = 0
      threshold = 16
      loadFactor = 0.75
      keySet = null
      values = null
    debug = null
    parent = class com.ibm.ws.classloading.internal.GatewayClassLoader@34a0d49f
    parallelLockMap = null
    package2certs = class java.util.Hashtable@4138aa47
      table = class java.util.Hashtable$Entry[11]
      count = 0
      threshold = 8
      loadFactor = 0.75
      modCount = 0
      serialVersionUID = 1421746759512286392
      MAX_ARRAY_SIZE = 2147483639
      keySet = null
      entrySet = null
      values = null
      KEYS = 0
      VALUES = 1
      ENTRIES = 2
    nocerts = class java.security.cert.Certificate[0]
    classes = class java.util.Vector@11f4bac
      elementData = class java.lang.Object[10]
      elementCount = 0
      capacityIncrement = 0
      serialVersionUID = -2767605614048989439
      MAX_ARRAY_SIZE = 2147483639
      modCount = 0
      MAX_ARRAY_SIZE = 2147483639
    defaultDomain = class java.security.ProtectionDomain@a42b211
      codesource = class java.security.CodeSource@65601c13
      classloader = class com.ibm.ws.classloading.internal.AppClassLoader@15c058a3
      principals = interface java.security.Principal[0]
      permissions = null
      hasAllPerm = false
      staticPermissions = false
      key = class java.security.ProtectionDomain$Key@1ad21176
      debug = null
    domains = class java.util.HashSet@730c5006
      serialVersionUID = -5024744406713321676
      map = class java.util.HashMap@7711c15b
      PRESENT = class java.lang.Object@3567a6de
      MAX_ARRAY_SIZE = 2147483639
    packages = class java.util.HashMap@77e2a6b2
      serialVersionUID = 362498820763181265
      DEFAULT_INITIAL_CAPACITY = 16
      MAXIMUM_CAPACITY = 1073741824
      DEFAULT_LOAD_FACTOR = 0.75
      TREEIFY_THRESHOLD = 8
      UNTREEIFY_THRESHOLD = 6
      MIN_TREEIFY_CAPACITY = 64
      table = null
      entrySet = null
      size = 0
      modCount = 0
      threshold = 0
      loadFactor = 0.75
      keySet = null
      values = null
    scl = class sun.misc.Launcher$AppClassLoader@18b4aac2
      ucp = class sun.misc.URLClassPath@7974de32
      $assertionsDisabled = true
      ucp = class sun.misc.URLClassPath@7974de32
      acc = class java.security.AccessControlContext@725c838f
      closeables = class java.util.WeakHashMap@67c82e97
      initialized = true
      pdcache = class java.util.HashMap@55975510
      debug = null
      parent = class sun.misc.Launcher$ExtClassLoader@1376c05c
      parallelLockMap = class java.util.concurrent.ConcurrentHashMap@acd84de
      package2certs = class java.util.concurrent.ConcurrentHashMap@1c9b3ef3
      nocerts = class java.security.cert.Certificate[0]
      classes = class java.util.Vector@3a011761
      defaultDomain = class java.security.ProtectionDomain@5551fae4
      domains = class java.util.Collections$SynchronizedSet@33dc6fe4
      packages = class java.util.HashMap@7675a3ca
      scl = class sun.misc.Launcher$AppClassLoader@18b4aac2
      sclSet = true
      loadedLibraryNames = class java.util.Vector@c5bd1c9
      systemNativeLibraries = class java.util.Vector@13963869
      nativeLibraries = class java.util.Vector@44fd187a
      nativeLibraryContext = class java.util.Stack@603e37b8
      usr_paths = class java.lang.String[23]
      sys_paths = class java.lang.String[1]
      assertionLock = class java.lang.Object@1ea15cdb
      defaultAssertionStatus = false
      packageAssertionStatus = null
      classAssertionStatus = null
    sclSet = true
    loadedLibraryNames = class java.util.Vector@c5bd1c9
      elementData = class java.lang.Object[10]
      elementCount = 8
      capacityIncrement = 0
      serialVersionUID = -2767605614048989439
      MAX_ARRAY_SIZE = 2147483639
      modCount = 8
      MAX_ARRAY_SIZE = 2147483639
    systemNativeLibraries = class java.util.Vector@13963869
      elementData = class java.lang.Object[10]
      elementCount = 6
      capacityIncrement = 0
      serialVersionUID = -2767605614048989439
      MAX_ARRAY_SIZE = 2147483639
      modCount = 6
      MAX_ARRAY_SIZE = 2147483639
    nativeLibraries = class java.util.Vector@20bd67d
      elementData = class java.lang.Object[10]
      elementCount = 0
      capacityIncrement = 0
      serialVersionUID = -2767605614048989439
      MAX_ARRAY_SIZE = 2147483639
      modCount = 0
      MAX_ARRAY_SIZE = 2147483639
    nativeLibraryContext = class java.util.Stack@603e37b8
      serialVersionUID = 1224463164541339165
      elementData = class java.lang.Object[10]
      elementCount = 0
      capacityIncrement = 0
      serialVersionUID = -2767605614048989439
      MAX_ARRAY_SIZE = 2147483639
      modCount = 16
      MAX_ARRAY_SIZE = 2147483639
    usr_paths = class java.lang.String[23]
      String[0] = "C:\Program Files\Java\jre1.8.0_211\bin"
      String[1] = "C:\Windows\Sun\Java\bin"
      String[2] = "C:\Windows\system32"
      String[3] = "C:\Windows"
      String[4] = "C:/Program Files/Java/jre1.8.0_211/bin/server"
      String[5] = "C:/Program Files/Java/jre1.8.0_211/bin"
      String[6] = "C:/Program Files/Java/jre1.8.0_211/lib/amd64"
      String[7] = "C:\Program Files\Haskell\bin"
      String[8] = "C:\Program Files\Haskell Platform\8.6.5\lib\extralibs\bin"
      String[9] = "C:\Program Files\Haskell Platform\8.6.5\bin"
      String[10] = "C:\Program Files (x86)\Common Files\Oracle\Java\javapath"
      String[11] = "C:\Windows\system32"
      String[12] = "C:\Windows"
      String[13] = "C:\Windows\System32\Wbem"
      String[14] = "C:\Windows\System32\WindowsPowerShell\v1.0\"
      String[15] = "C:\Windows\System32\OpenSSH\"
      String[16] = "C:\Program Files\Haskell Platform\8.6.5\mingw\bin"
      String[17] = "C:\Users\xcode_this\AppData\Roaming\cabal\bin"
      String[18] = "C:\Users\xcode_this\AppData\Roaming\local\bin"
      String[19] = "C:\Users\xcode_this\AppData\Local\Microsoft\WindowsApps"
      String[20] = "D:\devel\tools\eclipse"
      String[21] = "."
      String[22] = "."
    sys_paths = class java.lang.String[1]
      String[0] = "C:\Program Files\Java\jre1.8.0_211\bin"
    assertionLock = class com.ibm.ws.classloading.internal.AppClassLoader@15c058a3
    defaultAssertionStatus = false
    packageAssertionStatus = null
    classAssertionStatus = null
  moduleMetaData = class com.ibm.ws.webcontainer.osgi.metadata.WebModuleMetaDataImpl@5c47b984
    applicationMetaData = class com.ibm.ws.container.service.app.deploy.internal.ApplicationMetaDataImpl@172d7249
    j2eeName = class com.ibm.ws.container.service.metadata.internal.J2EENameImpl@5db8bd21
      serialVersionUID = 7488184044073147667
      application = "testingPrimefaces"
      module = "testingPrimefaces.war"
      component = null
      string = null
      j2eeNameBytes = null
      $$$tc$$$ = class com.ibm.websphere.ras.TraceComponent@64e734c4
    wccmd = class com.ibm.ws.webcontainer.osgi.metadata.WebCollaboratorComponentMetaDataImpl@2447bf66
      j2eeName = null
      webModuleMetaData = class com.ibm.ws.webcontainer.osgi.metadata.WebModuleMetaDataImpl@5c47b984
      tc = class com.ibm.websphere.ras.TraceComponent@72b2886f
      NUM_STATIC_SLOTS = 4
      ID_UNINITIALIZED = -1
      id = -1
      metaDataInterface = class java.lang.Class@18a2148
      staticSlots = class java.lang.Object[4]
      dynamicSlots = null
    securityMetaData = class com.ibm.ws.webcontainer.security.metadata.SecurityServletConfiguratorHelper@464e9c93
      AUTH_METHOD_KEY = "auth-method"
      FORM_LOGIN_CONFIG_KEY = "form-login-config"
      REALM_NAME_KEY = "realm-name"
      LOGIN_CONFIG_KEY = "login-config"
      RUN_AS_KEY = "run-as"
      SERVLET_NAME_KEY = "servlet-name"
      SERVLET_KEY = "servlet"
      SECURITY_CONSTRAINT_KEY = "security-constraint"
      AUTH_CONSTRAINT_KEY = "auth-constraint"
      USER_DATA_CONSTRAINT_KEY = "user-data-constraint"
      DENY_UNCOVERED_HTTP_METHODS_KEY = "deny-uncovered-http-methods"
      SYNC_TO_OS_THREAD_ENV_ENTRY_KEY = "com.ibm.websphere.security.SyncToOSThread"
      ROLES_ALLOWED = "javax.annotation.security.RolesAllowed"
      tc = class com.ibm.websphere.ras.TraceComponent@75c99e4b
      configurator = null
      ALL_ROLES_MARKER = "*"
      securityConstraintCollection = class com.ibm.ws.webcontainer.security.metadata.SecurityConstraintCollectionImpl@3373717a
      loginConfiguration = class com.ibm.ws.webcontainer.security.metadata.LoginConfigurationImpl@75f78aaf
      allRoles = class java.util.ArrayList@4d8fdf8a
      securityRoleRefsByServlet = class java.util.HashMap@3f8a372a
      urlPatternToServletName = class java.util.HashMap@175a6900
      servletNameToRunAsRole = class java.util.HashMap@5eb13bb6
      syncToOSThread = false
      denyUncoveredHttpMethods = false
      serialVersionUID = 3937804347548930695
    annotatedSecurityMetaData = null
    webAppConfig = class com.ibm.ws.webcontainer.osgi.webapp.WebAppConfiguration@5c79a139
      webModuleMetaData = class com.ibm.ws.webcontainer.osgi.metadata.WebModuleMetaDataImpl@5c47b984
      webComponentMetaData = class com.ibm.ws.webcontainer.osgi.metadata.WebComponentMetaDataImpl@277f449f
      dVirtualHost = null
      orderedLibPaths = class java.util.Collections$UnmodifiableRandomAccessList@5af0dc7c
      bundleHeaders = null
      cdiEnabled = false
      CLASS_NAME = "com.ibm.ws.webcontainer.webapp.WebAppConfiguration"
      logger = class com.ibm.ws.logging.internal.WsLogger@2941ccb3
      tc = class com.ibm.websphere.ras.TraceComponent@61a4752c
      nls = class com.ibm.ejs.ras.TraceNLS@74472eb8
      version = 30
      contextRoot = "/testingPrimefaces"
      isDefaultContextRootUsed = true
      sessionTimeout = -1
      moduleSessionTimeoutSet = true
      moduleSessionTrackingModeSet = false
      sessionCookieConfig = null
      hasProgrammaticCookieConfig = false
      sessionDefaultTrackingModeSet = null
      sessionManagerConfig = null
      displayName = "testingPrimefaces"
      description = null
      reloadInterval = 0
      distributable = false
      denyUncoveredHttpMethods = false
      reloadingEnabled = false
      serveServletsByClassnameEnabled = null
      defaultErrorPage = null
      additionalClassPath = null
      fileServingEnabled = null
      directoryBrowsingEnabled = null
      autoRequestEncoding = false
      autoResponseEncoding = false
      autoLoadFilters = false
      requestListeners = null
      requestAttributeListeners = null
      sessionListeners = null
      localeMap = null
      moduleName = "testingPrimefaces"
      j2eeModuleName = "testingPrimefaces.war"
      moduleId = null
      isSyncToThreadEnabled = false
      encodeDispatchedRequestURI = false
      isSystemApp = false
      ardEnabled = false
      ardDispatchType = null
      listeners = class java.util.ArrayList@28080f70
      welcomeFileList = class java.util.ArrayList@28c6cb39
      servletMappings = class java.util.HashMap@fc5bec6
      lastIndexBeforeDeclaredFilters = 0
      filterMappings = class java.util.ArrayList@42ba6368
      servletInfo = class java.util.concurrent.ConcurrentHashMap@2aa197c0
      filterInfo = class java.util.HashMap@34200eae
      mimeMappings = class java.util.HashMap@1631b562
      mimeFilters = null
      isMimeFilteringEnabled = false
      theWebGroup = null
      jspAttributes = null
      fileServingAttributes = class java.util.HashMap@70135ef
      invokerAttributes = class java.util.HashMap@2138ad58
      contextParams = class java.util.HashMap@155992af
      virtualHost = null
      exceptionErrorPages = class java.util.HashMap@e58bfc3
      codeErrorPages = class java.util.HashMap@785daa
      tagLibList = null
      precompileJsps = false
      webApp = class com.ibm.ws.webcontainer40.osgi.webapp.WebApp40@644e7290
      virtualHostList = class java.util.Collections$EmptyList@81523dd
      appStartupWeight = 0
      moduleStartupWeight = 0
      metaDataComplete = false
      classesToScan = class java.util.ArrayList@3ddb485c
      uriFilterMappingInfos = null
      servletFilterMappingInfos = null
      dynamicServletRegistrationMap = null
      applicationName = "testingPrimefaces"
      libBinPathList = null
      webXmlDefinedListeners = class java.util.HashSet@76b65e83
      allRefs = class java.util.EnumMap@3461c8f2
      allRefBindings = class java.util.EnumMap@232ce61c
      envEntryValues = null
      resourceRefConfigList = null
      disallowAllFileServingProp = "false"
      disallowServeServletsByClassnameProp = "true"
      disableStaticMappingCache = false
      jspCachedLocations = null
      primedSTSHeader = "NoValue"
      enablemultireadofpostdata = false
      requestEncoding = null
      responseEncoding = null
      NULLSERVLETNAME = "com.ibm.ws.webcontainer.NullServletName"
      _id = "WebAppGeneratedId11"
      _attributes = null
      serialVersionUID = 7511545662945734886
      $$$tc$$$ = class com.ibm.websphere.ras.TraceComponent@24df080
    _isServlet23OrHigher = false
    jspComponentMetaData = class com.ibm.ws.jsp.runtime.metadata.JspComponentMetaData@44304e22
      looseLibs = null
      servletEngineReloadEnabled = true
      servlet2_2 = false
      servletEngineReloadInterval = 5000
      applicationDisplayName = "testingPrimefaces"
      syncToThread = false
      serialVersionUID = -1725832635735780667
      $$$tc$$$ = class com.ibm.websphere.ras.TraceComponent@438168c2
      jspPropertyGroups = class java.util.Collections$EmptyList@81523dd
      jspTaglibs = class java.util.Collections$EmptyMap@7d4910fe
    sessionCookieNameInUse = null
    mBeanServiceReg = null
    tc = class com.ibm.websphere.ras.TraceComponent@72b2886f
      strings[0] = "TraceComponent[com.ibm.ws.runtime.metadata.MetaDataImpl,class com.ibm.ws.runtime.metadata.MetaDataImpl,[Runtime],null,null]"
    NUM_STATIC_SLOTS = 4
    ID_UNINITIALIZED = -1
    id = -1
    metaDataInterface = class java.lang.Class@6f8dd068
      ANNOTATION = 8192
      ENUM = 16384
      SYNTHETIC = 4096
      cachedConstructor = null
      newInstanceCallerCache = null
      name = null
      allPermDomain = class java.security.ProtectionDomain@2c830069
      useCaches = true
      reflectionData = null
      classRedefinedCount = 0
      genericInfo = null
      serialVersionUID = 3206093459760846163
      serialPersistentFields = class java.io.ObjectStreamField[0]
      reflectionFactory = class sun.reflect.ReflectionFactory@41b6c150
      initted = true
      enumConstants = null
      enumConstantDirectory = null
      annotationData = null
      annotationType = null
      classValueMap = null
    staticSlots = class java.lang.Object[4]
      Object[0] = null
      Object[1] = class com.ibm.ws.injectionengine.osgi.internal.OSGiInjectionScopeData@1fb2263d
      Object[2] = null
      Object[3] = null
    dynamicSlots = null
  nestedModuleMetaDataTypes = null
  nestedModuleMetaDataValues = null
  serialVersionUID = 3986734351620206554

