------Start of DE processing------ = [14/05/19 19:52:29:580 PET]
Exception = com.ibm.ws.kernel.boot.LaunchException
Source = com.ibm.ws.kernel.launch.internal.LauncherDelegateImpl
probeid = 101
Stack Dump = com.ibm.ws.kernel.boot.LaunchException: Exceptions occurred while installing platform bundles
	at com.ibm.ws.kernel.launch.internal.ProvisionerImpl.checkInstallStatus(ProvisionerImpl.java:121)
	at com.ibm.ws.kernel.launch.internal.ProvisionerImpl.initialProvisioning(ProvisionerImpl.java:86)
	at com.ibm.ws.kernel.launch.internal.FrameworkManager.innerLaunchFramework(FrameworkManager.java:447)
	at com.ibm.ws.kernel.launch.internal.FrameworkManager.launchFramework(FrameworkManager.java:281)
	at com.ibm.ws.kernel.launch.internal.LauncherDelegateImpl.doFrameworkLaunch(LauncherDelegateImpl.java:114)
	at com.ibm.ws.kernel.launch.internal.LauncherDelegateImpl.launchFramework(LauncherDelegateImpl.java:100)
	at com.ibm.ws.kernel.boot.internal.KernelBootstrap.go(KernelBootstrap.java:211)
	at com.ibm.ws.kernel.boot.Launcher.handleActions(Launcher.java:242)
	at com.ibm.ws.kernel.boot.Launcher.createPlatform(Launcher.java:117)
	at com.ibm.ws.kernel.boot.cmdline.EnvCheck.main(EnvCheck.java:59)
	at com.ibm.ws.kernel.boot.cmdline.EnvCheck.main(EnvCheck.java:35)

Dump of callerThis
Object type = com.ibm.ws.kernel.launch.internal.LauncherDelegateImpl
  config = class com.ibm.ws.kernel.boot.BootstrapConfig@f79a760
    SYMBOL_DEF = class java.util.regex.Pattern@5b057c8c
      UNIX_LINES = 1
      CASE_INSENSITIVE = 2
      COMMENTS = 4
      MULTILINE = 8
      LITERAL = 16
      DOTALL = 32
      UNICODE_CASE = 64
      CANON_EQ = 128
      UNICODE_CHARACTER_CLASS = 256
      ALL_FLAGS = 511
      serialVersionUID = 5073258162644648461
      pattern = "\$\{([^\$\{\}]*?)\}"
      flags = 0
      flags0 = 0
      compiled = true
      normalizedPattern = "\$\{([^\$\{\}]*?)\}"
      root = class java.util.regex.Pattern$Start@546ccad7
      matchRoot = class java.util.regex.Pattern$Slice@5357c287
      buffer = null
      predicate = null
      namedGroups = null
      groupNodes = null
      topClosureNodes = null
      localTCNCount = 0
      hasGroupRef = false
      temp = null
      capturingGroupCount = 2
      localCount = 1
      cursor = 19
      patternLength = 0
      hasSupplementary = false
      MAX_REPS = 2147483647
      lookbehindEnd = class java.util.regex.Pattern$1@1623134f
      accept = class java.util.regex.Pattern$Node@7a527389
      lastAccept = class java.util.regex.Pattern$LastNode@485a3466
      $assertionsDisabled = true
    bootstrapLib = class java.io.File@1eb6749b
      fs = class java.io.WinNTFileSystem@16eccb2e
      path = "D:\devel\tools\wlp\lib"
      status = null
      prefixLength = 3
      separatorChar = \
      separator = "\"
      pathSeparatorChar = ;
      pathSeparator = ";"
      UNSAFE = class jdk.internal.misc.Unsafe@352c1b98
      PATH_OFFSET = 16
      PREFIX_LENGTH_OFFSET = 12
      serialVersionUID = 301077366599181567
      filePath = null
      $assertionsDisabled = true
    installRoot = class java.io.File@652a7737
      fs = class java.io.WinNTFileSystem@16eccb2e
      path = "D:\devel\tools\wlp"
      status = class java.io.File$PathStatus@5ef5c734
      prefixLength = 3
      separatorChar = \
      separator = "\"
      pathSeparatorChar = ;
      pathSeparator = ";"
      UNSAFE = class jdk.internal.misc.Unsafe@352c1b98
      PATH_OFFSET = 16
      PREFIX_LENGTH_OFFSET = 12
      serialVersionUID = 301077366599181567
      filePath = null
      $assertionsDisabled = true
    userRoot = class java.io.File@5b7ea70d
      fs = class java.io.WinNTFileSystem@16eccb2e
      path = "D:\devel\tools\wlp\usr"
      status = class java.io.File$PathStatus@5ef5c734
      prefixLength = 3
      separatorChar = \
      separator = "\"
      pathSeparatorChar = ;
      pathSeparator = ";"
      UNSAFE = class jdk.internal.misc.Unsafe@352c1b98
      PATH_OFFSET = 16
      PREFIX_LENGTH_OFFSET = 12
      serialVersionUID = 301077366599181567
      filePath = null
      $assertionsDisabled = true
    processesRoot = class java.io.File@2bef51f2
      fs = class java.io.WinNTFileSystem@16eccb2e
      path = "D:\devel\tools\wlp\usr\servers"
      status = null
      prefixLength = 3
      separatorChar = \
      separator = "\"
      pathSeparatorChar = ;
      pathSeparator = ";"
      UNSAFE = class jdk.internal.misc.Unsafe@352c1b98
      PATH_OFFSET = 16
      PREFIX_LENGTH_OFFSET = 12
      serialVersionUID = 301077366599181567
      filePath = null
      $assertionsDisabled = true
    outputRoot = class java.io.File@650eab8
      fs = class java.io.WinNTFileSystem@16eccb2e
      path = "D:\devel\tools\wlp\usr\servers"
      status = class java.io.File$PathStatus@5ef5c734
      prefixLength = 3
      separatorChar = \
      separator = "\"
      pathSeparatorChar = ;
      pathSeparator = ";"
      UNSAFE = class jdk.internal.misc.Unsafe@352c1b98
      PATH_OFFSET = 16
      PREFIX_LENGTH_OFFSET = 12
      serialVersionUID = 301077366599181567
      filePath = null
      $assertionsDisabled = true
    configDir = class java.io.File@30f5a68a
      fs = class java.io.WinNTFileSystem@16eccb2e
      path = "D:\devel\tools\wlp\usr\servers\defaultServer"
      status = class java.io.File$PathStatus@5ef5c734
      prefixLength = 3
      separatorChar = \
      separator = "\"
      pathSeparatorChar = ;
      pathSeparator = ";"
      UNSAFE = class jdk.internal.misc.Unsafe@352c1b98
      PATH_OFFSET = 16
      PREFIX_LENGTH_OFFSET = 12
      serialVersionUID = 301077366599181567
      filePath = null
      $assertionsDisabled = true
    outputDir = class java.io.File@1e1d3956
      fs = class java.io.WinNTFileSystem@16eccb2e
      path = "D:\devel\tools\wlp\usr\servers\defaultServer"
      status = class java.io.File$PathStatus@5ef5c734
      prefixLength = 3
      separatorChar = \
      separator = "\"
      pathSeparatorChar = ;
      pathSeparator = ";"
      UNSAFE = class jdk.internal.misc.Unsafe@352c1b98
      PATH_OFFSET = 16
      PREFIX_LENGTH_OFFSET = 12
      serialVersionUID = 301077366599181567
      filePath = null
      $assertionsDisabled = true
    logDir = class java.io.File@4f2c9ba6
      fs = class java.io.WinNTFileSystem@16eccb2e
      path = "D:\devel\tools\wlp\usr\servers\defaultServer\logs"
      status = class java.io.File$PathStatus@5ef5c734
      prefixLength = 3
      separatorChar = \
      separator = "\"
      pathSeparatorChar = ;
      pathSeparator = ";"
      UNSAFE = class jdk.internal.misc.Unsafe@352c1b98
      PATH_OFFSET = 16
      PREFIX_LENGTH_OFFSET = 12
      serialVersionUID = 301077366599181567
      filePath = null
      $assertionsDisabled = true
    consoleLogFile = class java.io.File@4e28bdd1
      fs = class java.io.WinNTFileSystem@16eccb2e
      path = "D:\devel\tools\wlp\usr\servers\defaultServer\logs\console.log"
      status = null
      prefixLength = 3
      separatorChar = \
      separator = "\"
      pathSeparatorChar = ;
      pathSeparator = ";"
      UNSAFE = class jdk.internal.misc.Unsafe@352c1b98
      PATH_OFFSET = 16
      PREFIX_LENGTH_OFFSET = 12
      serialVersionUID = 301077366599181567
      filePath = null
      $assertionsDisabled = true
    workarea = class java.io.File@53f48368
      fs = class java.io.WinNTFileSystem@16eccb2e
      path = "D:\devel\tools\wlp\usr\servers\defaultServer\workarea"
      status = class java.io.File$PathStatus@5ef5c734
      prefixLength = 3
      separatorChar = \
      separator = "\"
      pathSeparatorChar = ;
      pathSeparator = ";"
      UNSAFE = class jdk.internal.misc.Unsafe@352c1b98
      PATH_OFFSET = 16
      PREFIX_LENGTH_OFFSET = 12
      serialVersionUID = 301077366599181567
      filePath = null
      $assertionsDisabled = true
    processName = "defaultServer"
    initProps = class java.util.HashMap@24d4d7c9
      serialVersionUID = 362498820763181265
      DEFAULT_INITIAL_CAPACITY = 16
      MAXIMUM_CAPACITY = 1073741824
      DEFAULT_LOAD_FACTOR = 0.75
      TREEIFY_THRESHOLD = 8
      UNTREEIFY_THRESHOLD = 6
      MIN_TREEIFY_CAPACITY = 64
      table = class java.util.HashMap$Node[64]
      entrySet = class java.util.HashMap$EntrySet@3829ac1
      size = 46
      modCount = 50
      threshold = 48
      loadFactor = 0.75
      keySet = null
      values = null
    cmdArgs = class java.util.ArrayList@f0e995e
      serialVersionUID = 8683452581122892189
      DEFAULT_CAPACITY = 10
      EMPTY_ELEMENTDATA = class java.lang.Object[0]
      DEFAULTCAPACITY_EMPTY_ELEMENTDATA = class java.lang.Object[0]
      elementData = class java.lang.Object[3]
      size = 0
      MAX_ARRAY_SIZE = 2147483639
      modCount = 3
      MAX_ARRAY_SIZE = 2147483639
    frameworkLaunchClassloader = class com.ibm.ws.kernel.internal.classloader.BootstrapChildFirstJarClassloader@19e1023e
      KERNEL_BOOT_CLASS_PREFIX = "com.ibm.ws.kernel.boot."
      KERNEL_BOOT_RESOURCE_PREFIX = "com/ibm/ws/kernel/boot/"
      KERNEL_BOOT_PREFIX_LENGTH = 23
      urls = class java.util.concurrent.CopyOnWriteArrayList@15eebbff
      resourceHandlers = class java.util.concurrent.CopyOnWriteArrayList@22d6f11
      verify = false
      hook = null
      pdcache = class java.util.concurrent.ConcurrentHashMap@30990c1b
    instrumentation = class sun.instrument.InstrumentationImpl@4c37b5b
      mTransformerManager = class sun.instrument.TransformerManager@4a335fa8
      mRetransfomableTransformerManager = null
      mNativeAgent = 2186936435552
      mEnvironmentSupportsRedefineClasses = false
      mEnvironmentSupportsRetransformClassesKnown = false
      mEnvironmentSupportsRetransformClasses = false
      mEnvironmentSupportsNativeMethodPrefix = false
    kernelResolver = class com.ibm.ws.kernel.boot.internal.KernelResolver@73db4768
      CACHE_FILE = "platform/kernel.cache"
      LOG_PROVIDER = "WebSphere-LogProvider"
      SUBSYSTEM_CONTENT = "Subsystem-Content"
      INCLUDED_FILE = "osgi.subsystem.feature"
      MANIFEST_EXPORT_PACKAGE = "Export-Package"
      INUSE_KERNEL_FEATURES = "@="
      TYPE = "type="
      BOOT_JAR_TYPE = "boot.jar"
      BUNDLE_TYPE = "osgi.bundle"
      BUNDLE_LINE = "--|"
      LOCATION = "location:="
      VERSION = "version="
      START_PHASE = "start-phase:="
      NL = "
"
      emptyList = class java.util.Collections$EmptyList@269f4bad
      SPLIT_CHAR = ";"
      splitPattern = class java.util.regex.Pattern@5ed731d0
      cache = class com.ibm.ws.kernel.boot.internal.KernelResolver$ResolverCache@35645047
      logProviderClass = "com.ibm.ws.logging.internal.impl.LogProviderImpl"
      kernelMf = class java.io.File@3234f74e
      logProviderMf = class java.io.File@7bc10d84
      osExtensionMf = null
      forceCleanStart = false
      libertyBoot = false
      BUNDLE_SYMBOLICNAME = "Bundle-SymbolicName"
  manager = class com.ibm.ws.kernel.launch.internal.FrameworkManager@14f5da2c
    tc = class com.ibm.websphere.ras.TraceComponent@78c03f1f
      strings[0] = "TraceComponent[com.ibm.ws.kernel.launch.internal.FrameworkManager,class com.ibm.ws.kernel.launch.internal.FrameworkManager,[bootstrap],com.ibm.ws.kernel.boot.resources.LauncherMessages,null]"
    licLangs = class java.util.Arrays$ArrayList@150ab4ed
      serialVersionUID = -2764017481108945198
      a = class java.lang.String[17]
      modCount = 0
      MAX_ARRAY_SIZE = 2147483639
    sc = class com.ibm.ws.kernel.launch.internal.ServerCommandListener@3c435123
      tc = class com.ibm.websphere.ras.TraceComponent@26275bef
      frameworkManager = class com.ibm.ws.kernel.launch.internal.FrameworkManager@14f5da2c
      nextCommandAuthID = 1
      closed = true
      serverSocketChannel = class sun.nio.ch.ServerSocketChannelImpl@2453f95d
      responseLock = class com.ibm.ws.kernel.launch.internal.ServerCommandListener$1@44828f6b
      responseThread = class java.util.concurrent.atomic.AtomicReference@2dbe250d
      listenForCommands = false
      listeningThread = class com.ibm.ws.kernel.launch.internal.ServerCommandListener$2@553f1d75
      serverName = "defaultServer"
      DELIM = #
      serialVersionUID = -3873162804303002245
      STATUS_START_COMMAND = "status:start"
      STOP_COMMAND = "stop"
      FORCE_STOP_COMMAND = "forceStop"
      INTROSPECT_COMMAND = "introspect"
      INTROSPECT_JAVADUMP_COMMAND = "introspectJavadump"
      JAVADUMP_COMMAND = "javadump"
      PAUSE_COMMAND = "pause"
      RESUME_COMMAND = "resume"
      charset = class sun.nio.cs.ISO_8859_1@6e1d8f9e
      decoder = class sun.nio.cs.ISO_8859_1$Decoder@3e34ace1
      encoder = class sun.nio.cs.ISO_8859_1$Encoder@62fe6067
      buffer = class java.nio.HeapByteBuffer@4f071df8
      charBuffer = class java.nio.HeapCharBuffer@4de41af9
      serverUUID = "6f06bda9-3e3d-4faf-aa5f-989be56b570c"
      commandFile = class java.io.File@56ace400
      commandAuthDir = class java.io.File@47404bea
    shutdownHook = class com.ibm.ws.kernel.launch.internal.FrameworkManager$ShutdownHook@6a370f4
      isClient = false
      this$0 = class com.ibm.ws.kernel.launch.internal.FrameworkManager@14f5da2c
      serialVersionUID = 3707675224966209439
      $$$tc$$$ = class com.ibm.websphere.ras.TraceComponent@503d687a
      name = "WS-ShutdownHook"
      priority = 5
      daemon = false
      stillborn = false
      eetop = 0
      target = null
      group = class java.lang.ThreadGroup@5b04476e
      contextClassLoader = class org.eclipse.osgi.internal.framework.ContextFinder@6989da5e
      inheritedAccessControlContext = class java.security.AccessControlContext@5ad10c1a
      threadInitNumber = 2
      threadLocals = null
      inheritableThreadLocals = null
      stackSize = 0
      nativeParkEventPointer = 0
      tid = 18
      threadSeqNumber = 21
      threadStatus = 0
      parkBlocker = null
      blocker = null
      blockerLock = class java.lang.Object@75e01201
      MIN_PRIORITY = 1
      NORM_PRIORITY = 5
      MAX_PRIORITY = 10
      EMPTY_STACK_TRACE = class java.lang.StackTraceElement[0]
      uncaughtExceptionHandler = null
      defaultUncaughtExceptionHandler = null
      threadLocalRandomSeed = 0
      threadLocalRandomProbe = 0
      threadLocalRandomSecondarySeed = 0
    config = class com.ibm.ws.kernel.boot.BootstrapConfig@f79a760
    fwkClassloader = class com.ibm.ws.kernel.internal.classloader.BootstrapChildFirstJarClassloader@19e1023e
    framework = class org.eclipse.osgi.launch.Equinox@50fe837a
      systemBundle = class org.eclipse.osgi.internal.framework.EquinoxBundle$SystemBundle@79d8407f
    frameworkLatch = class java.util.concurrent.CountDownLatch@3a62c01e
      sync = class java.util.concurrent.CountDownLatch$Sync@40e10ff8
    frameworkLaunchSuccess = false
    frameworkLaunched = class java.util.concurrent.CountDownLatch@7a8fa663
      sync = class java.util.concurrent.CountDownLatch$Sync@6cbcf243
    frameworkShutdownLatch = class java.util.concurrent.CountDownLatch@5ce33a58
      sync = class java.util.concurrent.CountDownLatch$Sync@275fe372
    systemBundleCtx = class org.eclipse.osgi.internal.framework.BundleContextImpl@6f4a47c7
      findHookName = "org.osgi.framework.hooks.bundle.FindHook"
      valid = false
      bundle = class org.eclipse.osgi.internal.framework.EquinoxBundle$SystemBundle@79d8407f
      container = class org.eclipse.osgi.internal.framework.EquinoxContainer@727eb8cb
      debug = class org.eclipse.osgi.internal.debug.Debug@39d9314d
      servicesInUse = null
      activator = null
      contextLock = class java.lang.Object@b978d10
    startTime = 7365920624300
    threadIdentityManagerTracker = class com.ibm.ws.kernel.launch.internal.ThreadIdentityManagerConfigurator@78a287ed
      threadIdentityServiceTracker = class com.ibm.ws.kernel.launch.internal.ThreadIdentityManagerConfigurator$ThreadIdentityServiceTracker@25748410
      j2cIdentityServiceTracker = class com.ibm.ws.kernel.launch.internal.ThreadIdentityManagerConfigurator$J2CIdentityServiceTracker@2b43529a
      serialVersionUID = 5797729832887787746
      $$$tc$$$ = class com.ibm.websphere.ras.TraceComponent@3059cbc
    clientRunner = null
    MANAGER_DIR_NAME = ".manager"
    OSGI_DIR_NAME = "org.eclipse.osgi"
    serialVersionUID = 7469611254336331511
  managerLatch = class java.util.concurrent.CountDownLatch@12dae582
    sync = class java.util.concurrent.CountDownLatch$Sync@619bfe29
      serialVersionUID = 4982264981922014374
      serialVersionUID = 7373984972572414691
      head = null
      tail = null
      state = 0
      SPIN_FOR_TIMEOUT_THRESHOLD = 1000
      STATE = class java.lang.invoke.VarHandleInts$FieldInstanceReadWrite@29e6eb25
      HEAD = class java.lang.invoke.VarHandleReferences$FieldInstanceReadWrite@62435e70
      TAIL = class java.lang.invoke.VarHandleReferences$FieldInstanceReadWrite@339bf286
      serialVersionUID = 3737899427754241961
      exclusiveOwnerThread = null
  fileStreamFactory = class com.ibm.ws.kernel.launch.internal.LauncherDelegateImpl$1@239b0f9d
    this$0 = class com.ibm.ws.kernel.launch.internal.LauncherDelegateImpl@636e8cc
    serialVersionUID = 5581222731678888457
    $$$tc$$$ = class com.ibm.websphere.ras.TraceComponent@43a25848
      strings[0] = "TraceComponent[com.ibm.ws.kernel.launch.internal.LauncherDelegateImpl$1,class com.ibm.ws.kernel.launch.internal.LauncherDelegateImpl$1,[bootstrap],com.ibm.ws.kernel.boot.resources.LauncherMessages,null]"
  serialVersionUID = 8440277898012016538
  $$$tc$$$ = class com.ibm.websphere.ras.TraceComponent@48140564
    strings[0] = "TraceComponent[com.ibm.ws.kernel.launch.internal.LauncherDelegateImpl,class com.ibm.ws.kernel.launch.internal.LauncherDelegateImpl,[bootstrap],com.ibm.ws.kernel.boot.resources.LauncherMessages,null]"

