------Start of DE processing------ = [6/06/19 11:05:05:287 PET]
Exception = java.net.MalformedURLException
Source = com.ibm.ws.kernel.launch.internal.ProvisionerImpl
probeid = 282
Stack Dump = java.net.MalformedURLException: unknown protocol: reference
	at java.base/java.net.URL.<init>(URL.java:657)
	at java.base/java.net.URL.<init>(URL.java:546)
	at java.base/java.net.URL.<init>(URL.java:493)
	at com.ibm.ws.kernel.launch.internal.ProvisionerImpl.installKernelBundle(ProvisionerImpl.java:275)
	at com.ibm.ws.kernel.launch.internal.ProvisionerImpl.installBundles(ProvisionerImpl.java:236)
	at com.ibm.ws.kernel.launch.internal.ProvisionerImpl.initialProvisioning(ProvisionerImpl.java:85)
	at com.ibm.ws.kernel.launch.internal.FrameworkManager.innerLaunchFramework(FrameworkManager.java:447)
	at com.ibm.ws.kernel.launch.internal.FrameworkManager.launchFramework(FrameworkManager.java:281)
	at com.ibm.ws.kernel.launch.internal.LauncherDelegateImpl.doFrameworkLaunch(LauncherDelegateImpl.java:114)
	at com.ibm.ws.kernel.launch.internal.LauncherDelegateImpl.launchFramework(LauncherDelegateImpl.java:100)
	at com.ibm.ws.kernel.boot.internal.KernelBootstrap.go(KernelBootstrap.java:211)
	at com.ibm.ws.kernel.boot.Launcher.handleActions(Launcher.java:242)
	at com.ibm.ws.kernel.boot.Launcher.createPlatform(Launcher.java:117)
	at com.ibm.ws.kernel.boot.cmdline.EnvCheck.main(EnvCheck.java:59)
	at com.ibm.ws.kernel.boot.cmdline.EnvCheck.main(EnvCheck.java:35)

Dump of callerThis
Object type = com.ibm.ws.kernel.launch.internal.ProvisionerImpl
  ME = "com.ibm.ws.kernel.launch.internal.ProvisionerImpl"
  tc = class com.ibm.websphere.ras.TraceComponent@fba92d3
    strings[0] = "TraceComponent[com.ibm.ws.kernel.launch.internal.ProvisionerImpl,class com.ibm.ws.kernel.launch.internal.ProvisionerImpl,[bootstrap],com.ibm.ws.kernel.boot.resources.LauncherMessages,null]"
  BUNDLE_LOC_KERNEL_TAG = "kernel@"
  serviceTracker = class org.osgi.util.tracker.ServiceTracker@30bce90b
    DEBUG = false
    context = class org.eclipse.osgi.internal.framework.BundleContextImpl@3d34d211
    filter = class org.eclipse.osgi.internal.framework.FilterImpl@40317ba2
      op = 1
      EQUAL = 1
      APPROX = 2
      GREATER = 3
      LESS = 4
      PRESENT = 5
      SUBSTRING = 6
      AND = 7
      OR = 8
      NOT = 9
      attr = "objectClass"
      value = "com.ibm.ws.kernel.provisioning.LibertyBootRuntime"
      debug = false
      filterString = null
    customizer = class org.osgi.util.tracker.ServiceTracker@30bce90b
    listenerFilter = "(objectClass=com.ibm.ws.kernel.provisioning.LibertyBootRuntime)"
    trackClass = "com.ibm.ws.kernel.provisioning.LibertyBootRuntime"
    trackReference = null
    tracked = class org.osgi.util.tracker.ServiceTracker$Tracked@3c01cfa1
      this$0 = class org.osgi.util.tracker.ServiceTracker@30bce90b
      DEBUG = false
      tracked = class java.util.HashMap@2ce6c6ec
      trackingCount = 0
      adding = class java.util.ArrayList@147a5d08
      closed = false
      initial = class java.util.LinkedList@6676f6a0
    cachedReference = null
    cachedService = null
  context = class org.eclipse.osgi.internal.framework.BundleContextImpl@3d34d211
    findHookName = "org.osgi.framework.hooks.bundle.FindHook"
    valid = false
    bundle = class org.eclipse.osgi.internal.framework.EquinoxBundle$SystemBundle@1e66f1f5
      initListeners = class java.util.ArrayList@7cbd9d24
      equinoxContainer = class org.eclipse.osgi.internal.framework.EquinoxContainer@5717c37
      module = class org.eclipse.osgi.internal.framework.EquinoxBundle$SystemBundle$EquinoxSystemModule@1b45c0e
      monitor = class java.lang.Object@11f0a5a1
      context = null
      signerInfos = null
      $SWITCH_TABLE$org$eclipse$osgi$container$Module$State = null
    container = class org.eclipse.osgi.internal.framework.EquinoxContainer@5717c37
      NAME = "org.eclipse.osgi"
      secureAction = class org.eclipse.osgi.framework.util.SecureAction@6ee4d9ab
      equinoxConfig = class org.eclipse.osgi.internal.framework.EquinoxConfiguration@5a5338df
      logServices = class org.eclipse.osgi.internal.log.EquinoxLogServices@418c5a9c
      storage = class org.eclipse.osgi.storage.Storage@18e36d14
      packageAdmin = class org.eclipse.osgi.internal.framework.legacy.PackageAdminImpl@5082d622
      startLevel = class org.eclipse.osgi.internal.framework.legacy.StartLevelImpl@13d4992d
      bootDelegation = class java.util.HashSet@302f7971
      bootDelegationStems = class java.lang.String[12]
      bootDelegateAll = false
      isProcessClassRecursionSupportedByAll = false
      eventPublisher = class org.eclipse.osgi.internal.framework.EquinoxEventPublisher@75d2da2d
      monitor = class java.lang.Object@4278284b
      serviceRegistry = null
      contextFinder = class org.eclipse.osgi.internal.framework.ContextFinder@6989da5e
      signedContentFactory = class org.osgi.util.tracker.ServiceTracker@9573584
      executor = class java.util.concurrent.ScheduledThreadPoolExecutor@3370f42
      storageSaver = class org.eclipse.osgi.internal.framework.StorageSaver@6057aebb
    debug = class org.eclipse.osgi.internal.debug.Debug@68f4865
      ECLIPSE_OSGI = "org.eclipse.osgi"
      OPTION_DEBUG_GENERAL = "org.eclipse.osgi/debug"
      OPTION_DEBUG_BUNDLE_TIME = "org.eclipse.osgi/debug/bundleTime"
      OPTION_DEBUG_LOADER = "org.eclipse.osgi/debug/loader"
      OPTION_DEBUG_STORAGE = "org.eclipse.osgi/debug/storage"
      OPTION_DEBUG_EVENTS = "org.eclipse.osgi/debug/events"
      OPTION_DEBUG_SERVICES = "org.eclipse.osgi/debug/services"
      OPTION_DEBUG_HOOKS = "org.eclipse.osgi/debug/hooks"
      OPTION_DEBUG_MANIFEST = "org.eclipse.osgi/debug/manifest"
      OPTION_DEBUG_FILTER = "org.eclipse.osgi/debug/filter"
      OPTION_DEBUG_SECURITY = "org.eclipse.osgi/debug/security"
      OPTION_DEBUG_STARTLEVEL = "org.eclipse.osgi/debug/startlevel"
      OPTION_DEBUG_PACKAGEADMIN = "org.eclipse.osgi/debug/packageadmin"
      OPTION_DEBUG_PACKAGEADMIN_TIMING = "org.eclipse.osgi/debug/packageadmin/timing"
      OPTION_MONITOR_ACTIVATION = "org.eclipse.osgi/monitor/activation"
      OPTION_MONITOR_LAZY = "org.eclipse.osgi/monitor/lazy"
      OPTION_DEBUG_MESSAGE_BUNDLES = "org.eclipse.osgi/debug/messageBundles"
      OPTION_DEBUG_LOCATION = "org.eclipse.osgi/debug/location"
      OPTION_CACHED_MANIFEST = "org.eclipse.osgi/debug/cachedmanifest"
      OPTION_DEBUG_SYSTEM_BUNDLE = "org.eclipse.osgi/debug/systemBundle"
      OPTION_DEBUG_BUNDLE_FILE = "org.eclipse.osgi/debug/bundleFile"
      DEBUG_GENERAL = false
      DEBUG_BUNDLE_TIME = false
      DEBUG_LOADER = false
      DEBUG_STORAGE = false
      DEBUG_EVENTS = false
      DEBUG_SERVICES = false
      DEBUG_HOOKS = false
      DEBUG_MANIFEST = false
      DEBUG_FILTER = false
      DEBUG_SECURITY = false
      DEBUG_STARTLEVEL = false
      DEBUG_PACKAGEADMIN = false
      DEBUG_PACKAGEADMIN_TIMING = false
      DEBUG_MESSAGE_BUNDLES = false
      MONITOR_ACTIVATION = false
      DEBUG_LOCATION = false
      DEBUG_CACHED_MANIFEST = false
      DEBUG_SYSTEM_BUNDLE = false
      DEBUG_BUNDLE_FILE = false
      out = class com.ibm.ws.logging.internal.impl.BaseTraceService$TeePrintStream@63eef88a
    servicesInUse = null
    activator = null
    contextLock = class java.lang.Object@4816278d
  frameworkStartLevel = class org.eclipse.osgi.container.ModuleContainer$ContainerStartLevel@3e6f3f28
    USE_BEGINNING_START_LEVEL = -2147483648
    FRAMEWORK_STARTLEVEL = 1
    MODULE_STARTLEVEL = 2
    activeStartLevel = class java.util.concurrent.atomic.AtomicInteger@727eb8cb
      serialVersionUID = 6214790243416807050
      U = class jdk.internal.misc.Unsafe@732d0d24
      VALUE = 12
      value = 0
      serialVersionUID = -8742448824652078965
    eventManagerLock = class java.lang.Object@39d9314d
    startLevelThread = class org.eclipse.osgi.framework.eventmgr.EventManager@b978d10
      DEBUG = false
      thread = null
      closed = true
      threadName = "Start Level: Equinox Container: 0800638b-aac3-4e95-82ca-f66a2a59eca2"
      threadGroup = null
    frameworkStartLevelLock = class java.lang.Object@5b7a8434
    debugStartLevel = false
    this$0 = class org.eclipse.osgi.container.ModuleContainer@6e509ffa
      secureAction = class org.eclipse.osgi.framework.util.SecureAction@53251a66
      locationLocks = class org.eclipse.osgi.internal.container.LockSet@6853425f
      nameLocks = class org.eclipse.osgi.internal.container.LockSet@352c1b98
      frameworkWiring = class org.eclipse.osgi.container.ModuleContainer$ContainerWiring@21129f1f
      frameworkStartLevel = class org.eclipse.osgi.container.ModuleContainer$ContainerStartLevel@3e6f3f28
      moduleDatabase = class org.eclipse.osgi.container.ModuleDatabase@5a9f4771
      adaptor = class org.eclipse.osgi.internal.framework.EquinoxContainerAdaptor@282cb7c7
      moduleResolver = class org.eclipse.osgi.container.ModuleResolver@7d898981
      refreshingSystemModule = class java.util.concurrent.atomic.AtomicReference@48d61b48
      moduleLockTimeout = 30
      autoStartOnResolve = false
      DEBUG_MONITOR_LAZY = false
      _resolutionLock = class org.eclipse.osgi.container.ModuleContainer$ResolutionLock@258d79be
      _bundleStateLock = class java.util.concurrent.locks.ReentrantLock@14f9390f
  serialVersionUID = 5560492706102011330

Dump of objectArray[0]
Object type = com.ibm.ws.kernel.boot.internal.KernelResolver$BundleCacheElement
  element = class com.ibm.ws.kernel.boot.internal.KernelResolver$SubsystemContentElement@6f44a157
    symbolicName = "com.ibm.ws.logging.osgi"
    type = null
    location = null
    vrangeString = "[1,1.0.100)"
    startPhase = "BOOTSTRAP"
  startLevel = 2
  cache = class com.ibm.ws.kernel.boot.internal.KernelResolver$ResolverCache@6bc407fd
    cacheEntries = class java.util.LinkedHashMap@d771cc9
      serialVersionUID = 3801124242820219131
      head = class java.util.LinkedHashMap$Entry@413f69cc
      tail = class java.util.LinkedHashMap$Entry@1f53a5dc
      accessOrder = false
      serialVersionUID = 362498820763181265
      DEFAULT_INITIAL_CAPACITY = 16
      MAXIMUM_CAPACITY = 1073741824
      DEFAULT_LOAD_FACTOR = 0.75
      TREEIFY_THRESHOLD = 8
      UNTREEIFY_THRESHOLD = 6
      MIN_TREEIFY_CAPACITY = 64
      table = class java.util.HashMap$Node[16]
      entrySet = null
      size = 2
      modCount = 2
      threshold = 12
      loadFactor = 0.75
      keySet = null
      values = class java.util.LinkedHashMap$LinkedValues@1984b1f
    cacheFile = class java.io.File@36b4091c
      fs = class java.io.WinNTFileSystem@5ddcc487
      path = "D:\devel\tools\wlp\usr\servers\defaultServer\workarea\platform\kernel.cache"
      status = class java.io.File$PathStatus@16eccb2e
      prefixLength = 3
      separatorChar = \
      separator = "\"
      pathSeparatorChar = ;
      pathSeparator = ";"
      UNSAFE = class jdk.internal.misc.Unsafe@732d0d24
      PATH_OFFSET = 16
      PREFIX_LENGTH_OFFSET = 12
      serialVersionUID = 301077366599181567
      filePath = null
      $assertionsDisabled = true
    libertyBoot = false
    featuresInUse = class java.util.ArrayList@4671115f
      serialVersionUID = 8683452581122892189
      DEFAULT_CAPACITY = 10
      EMPTY_ELEMENTDATA = class java.lang.Object[0]
      DEFAULTCAPACITY_EMPTY_ELEMENTDATA = class java.lang.Object[0]
      elementData = class java.lang.Object[10]
      size = 2
      MAX_ARRAY_SIZE = 2147483639
      modCount = 2
      MAX_ARRAY_SIZE = 2147483639
    isDirty = true
  bestMatchFile = class java.io.File@291f18
    fs = class java.io.WinNTFileSystem@5ddcc487
      slash = \
      altSlash = /
      semicolon = ;
      userDir = "D:\devel\tools\wlp\usr\servers\defaultServer"
      driveDirCache = class java.lang.String[26]
      cache = null
      prefixCache = null
      BA_EXISTS = 1
      BA_REGULAR = 2
      BA_DIRECTORY = 4
      BA_HIDDEN = 8
      ACCESS_READ = 4
      ACCESS_WRITE = 2
      ACCESS_EXECUTE = 1
      SPACE_TOTAL = 0
      SPACE_FREE = 1
      SPACE_USABLE = 2
      useCanonCaches = false
      useCanonPrefixCache = false
    path = "D:\devel\tools\wlp\lib\com.ibm.ws.logging.osgi_1.0.26.jar"
    status = class java.io.File$PathStatus@16eccb2e
      INVALID = class java.io.File$PathStatus@36060e
      CHECKED = class java.io.File$PathStatus@16eccb2e
      $VALUES = class java.io.File$PathStatus[2]
      name = "CHECKED"
      ordinal = 1
    prefixLength = 3
    separatorChar = \
    separator = "\"
    pathSeparatorChar = ;
    pathSeparator = ";"
    UNSAFE = class jdk.internal.misc.Unsafe@732d0d24
      Failed to resolve fields for jdk.internal.misc.Unsafe = "java.lang.reflect.InaccessibleObjectException: Unable to make field private static final jdk.internal.misc.Unsafe jdk.internal.misc.Unsafe.theUnsafe accessible: module java.base does not "opens jdk.internal.misc" to unnamed module @4c70fda8
	at java.base/java.lang.reflect.AccessibleObject.checkCanSetAccessible(AccessibleObject.java:341)
	at java.base/java.lang.reflect.AccessibleObject.checkCanSetAccessible(AccessibleObject.java:281)
	at java.base/java.lang.reflect.Field.checkCanSetAccessible(Field.java:176)
	at java.base/java.lang.reflect.AccessibleObject.setAccessible(AccessibleObject.java:124)
	at com.ibm.ws.logging.internal.impl.IntrospectionLevelMember$2.run(IntrospectionLevelMember.java:316)
	at com.ibm.ws.logging.internal.impl.IntrospectionLevelMember$2.run(IntrospectionLevelMember.java:310)
	at java.base/java.security.AccessController.doPrivileged(AccessController.java:310)
	at com.ibm.ws.logging.internal.impl.IntrospectionLevelMember.getFields(IntrospectionLevelMember.java:310)
	at com.ibm.ws.logging.internal.impl.IntrospectionLevelMember.introspectViaReflection(IntrospectionLevelMember.java:199)
	at com.ibm.ws.logging.internal.impl.IntrospectionLevelMember.getChildren(IntrospectionLevelMember.java:163)
	at com.ibm.ws.logging.internal.impl.IntrospectionLevel.getNextLevel(IntrospectionLevel.java:100)
	at com.ibm.ws.logging.internal.impl.IncidentStreamImpl.introspect(IncidentStreamImpl.java:437)
	at com.ibm.ws.logging.internal.impl.IncidentStreamImpl.introspectAndWrite(IncidentStreamImpl.java:129)
	at com.ibm.ws.logging.internal.impl.IncidentStreamImpl.introspectAndWriteLine(IncidentStreamImpl.java:164)
	at com.ibm.ws.logging.internal.impl.IncidentLogger.logIncident(IncidentLogger.java:102)
	at com.ibm.ws.logging.internal.impl.IncidentLogger.logIncident(IncidentLogger.java:35)
	at com.ibm.ws.logging.internal.impl.IncidentImpl.log(IncidentImpl.java:249)
	at com.ibm.ws.logging.internal.impl.BaseFFDCService.log(BaseFFDCService.java:239)
	at com.ibm.ws.logging.internal.impl.BaseFFDCService.processException(BaseFFDCService.java:216)
	at com.ibm.ws.ffdc.FFDCFilter.processException(FFDCFilter.java:94)
	at com.ibm.ws.kernel.launch.internal.ProvisionerImpl.installKernelBundle(ProvisionerImpl.java:282)
	at com.ibm.ws.kernel.launch.internal.ProvisionerImpl.installBundles(ProvisionerImpl.java:236)
	at com.ibm.ws.kernel.launch.internal.ProvisionerImpl.initialProvisioning(ProvisionerImpl.java:85)
	at com.ibm.ws.kernel.launch.internal.FrameworkManager.innerLaunchFramework(FrameworkManager.java:447)
	at com.ibm.ws.kernel.launch.internal.FrameworkManager.launchFramework(FrameworkManager.java:281)
	at com.ibm.ws.kernel.launch.internal.LauncherDelegateImpl.doFrameworkLaunch(LauncherDelegateImpl.java:114)
	at com.ibm.ws.kernel.launch.internal.LauncherDelegateImpl.launchFramework(LauncherDelegateImpl.java:100)
	at com.ibm.ws.kernel.boot.internal.KernelBootstrap.go(KernelBootstrap.java:211)
	at com.ibm.ws.kernel.boot.Launcher.handleActions(Launcher.java:242)
	at com.ibm.ws.kernel.boot.Launcher.createPlatform(Launcher.java:117)
	at com.ibm.ws.kernel.boot.cmdline.EnvCheck.main(EnvCheck.java:59)
	at com.ibm.ws.kernel.boot.cmdline.EnvCheck.main(EnvCheck.java:35)
"
    PATH_OFFSET = 16
    PREFIX_LENGTH_OFFSET = 12
    serialVersionUID = 301077366599181567
    filePath = class sun.nio.fs.WindowsPath@5ef5c734
      MAX_PATH = 247
      MAX_LONG_PATH = 32000
      fs = class sun.nio.fs.WindowsFileSystem@3697186
      type = class sun.nio.fs.WindowsPathType@1583741e
      root = "D:\"
      path = "D:\devel\tools\wlp\lib\com.ibm.ws.logging.osgi_1.0.26.jar"
      pathForWin32Calls = null
      offsets = null
      hash = 0
    $assertionsDisabled = true

Dump of objectArray[1]
Object type = com.ibm.ws.kernel.launch.internal.BundleInstallStatus
  bundlesToStart = null
  missingBundles = null
  installExceptions = null
  serialVersionUID = 5001112411299096272
  $$$tc$$$ = class com.ibm.websphere.ras.TraceComponent@32ee6fee
    strings[0] = "TraceComponent[com.ibm.ws.kernel.launch.internal.BundleInstallStatus,class com.ibm.ws.kernel.launch.internal.BundleInstallStatus,[bootstrap],com.ibm.ws.kernel.boot.resources.LauncherMessages,null]"

Dump of objectArray[2]
Object type = com.ibm.ws.kernel.provisioning.ContentBasedLocalBundleRepository
  _installDir = class java.io.File@3e6104fc
    fs = class java.io.WinNTFileSystem@5ddcc487
    path = "D:\devel\tools\wlp"
    status = null
    prefixLength = 3
    separatorChar = \
    separator = "\"
    pathSeparatorChar = ;
    pathSeparator = ";"
    UNSAFE = class jdk.internal.misc.Unsafe@732d0d24
    PATH_OFFSET = 16
    PREFIX_LENGTH_OFFSET = 12
    serialVersionUID = 301077366599181567
    filePath = null
    $assertionsDisabled = true
  _cacheFile = class java.io.File@12359a82
    fs = class java.io.WinNTFileSystem@5ddcc487
      slash = \
      altSlash = /
      semicolon = ;
      userDir = "D:\devel\tools\wlp\usr\servers\defaultServer"
      driveDirCache = class java.lang.String[26]
      cache = null
      prefixCache = null
      BA_EXISTS = 1
      BA_REGULAR = 2
      BA_DIRECTORY = 4
      BA_HIDDEN = 8
      ACCESS_READ = 4
      ACCESS_WRITE = 2
      ACCESS_EXECUTE = 1
      SPACE_TOTAL = 0
      SPACE_FREE = 1
      SPACE_USABLE = 2
      useCanonCaches = false
      useCanonPrefixCache = false
    path = "D:\devel\tools\wlp\usr\servers\defaultServer\workarea\platform\bundle\.cache"
    status = class java.io.File$PathStatus@16eccb2e
      INVALID = class java.io.File$PathStatus@36060e
      CHECKED = class java.io.File$PathStatus@16eccb2e
      $VALUES = class java.io.File$PathStatus[2]
      name = "CHECKED"
      ordinal = 1
    prefixLength = 3
    separatorChar = \
    separator = "\"
    pathSeparatorChar = ;
    pathSeparator = ";"
    UNSAFE = class jdk.internal.misc.Unsafe@732d0d24
      Failed to resolve fields for jdk.internal.misc.Unsafe = "java.lang.reflect.InaccessibleObjectException: Unable to make field private static final jdk.internal.misc.Unsafe jdk.internal.misc.Unsafe.theUnsafe accessible: module java.base does not "opens jdk.internal.misc" to unnamed module @4c70fda8
	at java.base/java.lang.reflect.AccessibleObject.checkCanSetAccessible(AccessibleObject.java:341)
	at java.base/java.lang.reflect.AccessibleObject.checkCanSetAccessible(AccessibleObject.java:281)
	at java.base/java.lang.reflect.Field.checkCanSetAccessible(Field.java:176)
	at java.base/java.lang.reflect.AccessibleObject.setAccessible(AccessibleObject.java:124)
	at com.ibm.ws.logging.internal.impl.IntrospectionLevelMember$2.run(IntrospectionLevelMember.java:316)
	at com.ibm.ws.logging.internal.impl.IntrospectionLevelMember$2.run(IntrospectionLevelMember.java:310)
	at java.base/java.security.AccessController.doPrivileged(AccessController.java:310)
	at com.ibm.ws.logging.internal.impl.IntrospectionLevelMember.getFields(IntrospectionLevelMember.java:310)
	at com.ibm.ws.logging.internal.impl.IntrospectionLevelMember.introspectViaReflection(IntrospectionLevelMember.java:199)
	at com.ibm.ws.logging.internal.impl.IntrospectionLevelMember.getChildren(IntrospectionLevelMember.java:163)
	at com.ibm.ws.logging.internal.impl.IntrospectionLevel.getNextLevel(IntrospectionLevel.java:100)
	at com.ibm.ws.logging.internal.impl.IncidentStreamImpl.introspect(IncidentStreamImpl.java:437)
	at com.ibm.ws.logging.internal.impl.IncidentStreamImpl.introspectAndWrite(IncidentStreamImpl.java:129)
	at com.ibm.ws.logging.internal.impl.IncidentStreamImpl.introspectAndWriteLine(IncidentStreamImpl.java:164)
	at com.ibm.ws.logging.internal.impl.IncidentLogger.logIncident(IncidentLogger.java:102)
	at com.ibm.ws.logging.internal.impl.IncidentLogger.logIncident(IncidentLogger.java:35)
	at com.ibm.ws.logging.internal.impl.IncidentImpl.log(IncidentImpl.java:249)
	at com.ibm.ws.logging.internal.impl.BaseFFDCService.log(BaseFFDCService.java:239)
	at com.ibm.ws.logging.internal.impl.BaseFFDCService.processException(BaseFFDCService.java:216)
	at com.ibm.ws.ffdc.FFDCFilter.processException(FFDCFilter.java:94)
	at com.ibm.ws.kernel.launch.internal.ProvisionerImpl.installKernelBundle(ProvisionerImpl.java:282)
	at com.ibm.ws.kernel.launch.internal.ProvisionerImpl.installBundles(ProvisionerImpl.java:236)
	at com.ibm.ws.kernel.launch.internal.ProvisionerImpl.initialProvisioning(ProvisionerImpl.java:85)
	at com.ibm.ws.kernel.launch.internal.FrameworkManager.innerLaunchFramework(FrameworkManager.java:447)
	at com.ibm.ws.kernel.launch.internal.FrameworkManager.launchFramework(FrameworkManager.java:281)
	at com.ibm.ws.kernel.launch.internal.LauncherDelegateImpl.doFrameworkLaunch(LauncherDelegateImpl.java:114)
	at com.ibm.ws.kernel.launch.internal.LauncherDelegateImpl.launchFramework(LauncherDelegateImpl.java:100)
	at com.ibm.ws.kernel.boot.internal.KernelBootstrap.go(KernelBootstrap.java:211)
	at com.ibm.ws.kernel.boot.Launcher.handleActions(Launcher.java:242)
	at com.ibm.ws.kernel.boot.Launcher.createPlatform(Launcher.java:117)
	at com.ibm.ws.kernel.boot.cmdline.EnvCheck.main(EnvCheck.java:59)
	at com.ibm.ws.kernel.boot.cmdline.EnvCheck.main(EnvCheck.java:35)
"
    PATH_OFFSET = 16
    PREFIX_LENGTH_OFFSET = 12
    serialVersionUID = 301077366599181567
    filePath = null
    $assertionsDisabled = true
  _defaultLocation = "lib/"
  _cacheBySymbolicName = class java.util.concurrent.ConcurrentHashMap@68df9280
    serialVersionUID = 7249069246763182397
    MAXIMUM_CAPACITY = 1073741824
    DEFAULT_CAPACITY = 16
    MAX_ARRAY_SIZE = 2147483639
    DEFAULT_CONCURRENCY_LEVEL = 16
    LOAD_FACTOR = 0.75
    TREEIFY_THRESHOLD = 8
    UNTREEIFY_THRESHOLD = 6
    MIN_TREEIFY_CAPACITY = 64
    MIN_TRANSFER_STRIDE = 16
    RESIZE_STAMP_BITS = 16
    MAX_RESIZERS = 65535
    RESIZE_STAMP_SHIFT = 16
    MOVED = -1
    TREEBIN = -2
    RESERVED = -3
    HASH_BITS = 2147483647
    NCPU = 4
    serialPersistentFields = class java.io.ObjectStreamField[3]
      ObjectStreamField[0] = class java.io.ObjectStreamField@70f59913
      ObjectStreamField[1] = class java.io.ObjectStreamField@77258e59
      ObjectStreamField[2] = class java.io.ObjectStreamField@5dcd8c7a
    table = class java.util.concurrent.ConcurrentHashMap$Node[1024]
      Node[0] = null
      Node[1] = null
      Node[2] = class java.util.concurrent.ConcurrentHashMap$Node@338c99c8
      Node[3] = null
      Node[4] = null
      Node[5] = null
      Node[6] = class java.util.concurrent.ConcurrentHashMap$Node@21ba0741
      Node[7] = null
      Node[8] = null
      Node[9] = null
      Node[10] = null
      Node[11] = class java.util.concurrent.ConcurrentHashMap$Node@58ce9668
      Node[12] = null
      Node[13] = null
      Node[14] = class java.util.concurrent.ConcurrentHashMap$Node@172b013
      Node[15] = null
      Node[16] = class java.util.concurrent.ConcurrentHashMap$Node@56673b2c
      Node[17] = null
      Node[18] = null
      Node[19] = null
      Node[20] = class java.util.concurrent.ConcurrentHashMap$Node@2796aeae
      Node[21] = class java.util.concurrent.ConcurrentHashMap$Node@b4711e2
      Node[22] = null
      Node[23] = null
      Node[24] = class java.util.concurrent.ConcurrentHashMap$Node@1fa1cab1
      Node[25] = null
      Node[26] = class java.util.concurrent.ConcurrentHashMap$Node@70f02c32
      Node[27] = class java.util.concurrent.ConcurrentHashMap$Node@62010f5c
      Node[28] = null
      Node[29] = null
      Node[30] = null
      Node[31] = null
      Node[32] = class java.util.concurrent.ConcurrentHashMap$Node@51fadaff
      Node[33] = null
      Node[34] = class java.util.concurrent.ConcurrentHashMap$Node@401f7633
      Node[35] = null
      Node[36] = class java.util.concurrent.ConcurrentHashMap$Node@31ff43be
      Node[37] = null
      Node[38] = null
      Node[39] = null
      Node[40] = class java.util.concurrent.ConcurrentHashMap$Node@5b6ec132
      Node[41] = null
      Node[42] = null
      Node[43] = class java.util.concurrent.ConcurrentHashMap$Node@5c44c582
      Node[44] = null
      Node[45] = null
      Node[46] = class java.util.concurrent.ConcurrentHashMap$Node@67d18ed7
      Node[47] = null
      Node[48] = null
      Node[49] = class java.util.concurrent.ConcurrentHashMap$Node@2c78d320
      Node[50] = null
      Node[51] = null
      Node[52] = null
      Node[53] = class java.util.concurrent.ConcurrentHashMap$Node@132e0cc
      Node[54] = null
      Node[55] = class java.util.concurrent.ConcurrentHashMap$Node@7b205dbd
      Node[56] = null
      Node[57] = class java.util.concurrent.ConcurrentHashMap$Node@106cc338
      Node[58] = null
      Node[59] = null
      Node[60] = class java.util.concurrent.ConcurrentHashMap$Node@7a67e3c6
      Node[61] = class java.util.concurrent.ConcurrentHashMap$Node@6cc558c6
      Node[62] = null
      Node[63] = null
      Node[64] = null
      Node[65] = class java.util.concurrent.ConcurrentHashMap$Node@15713d56
      Node[66] = null
      Node[67] = null
      Node[68] = null
      Node[69] = null
      Node[70] = null
      Node[71] = null
      Node[72] = null
      Node[73] = class java.util.concurrent.ConcurrentHashMap$Node@63f259c3
      Node[74] = null
      Node[75] = class java.util.concurrent.ConcurrentHashMap$Node@26ceffa8
      Node[76] = class java.util.concurrent.ConcurrentHashMap$Node@600b90df
      Node[77] = class java.util.concurrent.ConcurrentHashMap$Node@7c8c9a05
      Node[78] = null
      Node[79] = class java.util.concurrent.ConcurrentHashMap$Node@d41f816
      Node[80] = null
      Node[81] = null
      Node[82] = null
      Node[83] = null
      Node[84] = null
      Node[85] = null
      Node[86] = null
      Node[87] = class java.util.concurrent.ConcurrentHashMap$Node@5c2375a9
      Node[88] = null
      Node[89] = null
      Node[90] = null
      Node[91] = null
      Node[92] = class java.util.concurrent.ConcurrentHashMap$Node@60129b9a
      Node[93] = class java.util.concurrent.ConcurrentHashMap$Node@78d6692f
      Node[94] = class java.util.concurrent.ConcurrentHashMap$Node@7a55af6b
      Node[95] = null
      Node[96] = class java.util.concurrent.ConcurrentHashMap$Node@3d9c13b5
      Node[97] = null
      Node[98] = class java.util.concurrent.ConcurrentHashMap$Node@492691d7
      Node[99] = class java.util.concurrent.ConcurrentHashMap$Node@27216cd
      Node[100] = null
      Node[101] = null
      Node[102] = null
      Node[103] = null
      Node[104] = null
      Node[105] = class java.util.concurrent.ConcurrentHashMap$Node@558bdf1f
      Node[106] = null
      Node[107] = null
      Node[108] = null
      Node[109] = class java.util.concurrent.ConcurrentHashMap$Node@8576fa0
      Node[110] = class java.util.concurrent.ConcurrentHashMap$Node@7582ff54
      Node[111] = null
      Node[112] = class java.util.concurrent.ConcurrentHashMap$Node@67545b57
      Node[113] = class java.util.concurrent.ConcurrentHashMap$Node@6c2c1385
      Node[114] = null
      Node[115] = class java.util.concurrent.ConcurrentHashMap$Node@5f354bcf
      Node[116] = class java.util.concurrent.ConcurrentHashMap$Node@3daf7722
      Node[117] = null
      Node[118] = null
      Node[119] = null
      Node[120] = null
      Node[121] = null
      Node[122] = class java.util.concurrent.ConcurrentHashMap$Node@78641d23
      Node[123] = null
      Node[124] = null
      Node[125] = null
      Node[126] = null
      Node[127] = null
      Node[128] = null
      Node[129] = class java.util.concurrent.ConcurrentHashMap$Node@74589991
      Node[130] = class java.util.concurrent.ConcurrentHashMap$Node@146dfe6
      Node[131] = null
      Node[132] = null
      Node[133] = class java.util.concurrent.ConcurrentHashMap$Node@4716be8b
      Node[134] = class java.util.concurrent.ConcurrentHashMap$Node@1fc32e4f
      Node[135] = class java.util.concurrent.ConcurrentHashMap$Node@2f67b837
      Node[136] = class java.util.concurrent.ConcurrentHashMap$Node@1869fbd2
      Node[137] = null
      Node[138] = null
      Node[139] = null
      Node[140] = class java.util.concurrent.ConcurrentHashMap$Node@6af9fcb2
      Node[141] = class java.util.concurrent.ConcurrentHashMap$Node@6cce16f4
      Node[142] = class java.util.concurrent.ConcurrentHashMap$Node@7efaad5a
      Node[143] = null
      Node[144] = null
      Node[145] = class java.util.concurrent.ConcurrentHashMap$Node@291a7e3c
      Node[146] = null
      Node[147] = null
      Node[148] = class java.util.concurrent.ConcurrentHashMap$Node@ca30bc1
      Node[149] = null
      Node[150] = class java.util.concurrent.ConcurrentHashMap$Node@1046d517
      Node[151] = null
      Node[152] = class java.util.concurrent.ConcurrentHashMap$Node@3b7d3a38
      Node[153] = class java.util.concurrent.ConcurrentHashMap$Node@416c58f5
      Node[154] = class java.util.concurrent.ConcurrentHashMap$Node@5505ae1a
      Node[155] = null
      Node[156] = class java.util.concurrent.ConcurrentHashMap$Node@73cd37c0
      Node[157] = null
      Node[158] = null
      Node[159] = null
      Node[160] = class java.util.concurrent.ConcurrentHashMap$Node@21337f7b
      Node[161] = class java.util.concurrent.ConcurrentHashMap$Node@2bb3058
      Node[162] = null
      Node[163] = null
      Node[164] = class java.util.concurrent.ConcurrentHashMap$Node@7a362b6b
      Node[165] = null
      Node[166] = null
      Node[167] = class java.util.concurrent.ConcurrentHashMap$Node@60df60da
      Node[168] = null
      Node[169] = class java.util.concurrent.ConcurrentHashMap$Node@5a2d131d
      Node[170] = class java.util.concurrent.ConcurrentHashMap$Node@14fc1f0
      Node[171] = class java.util.concurrent.ConcurrentHashMap$Node@4ae9cfc1
      Node[172] = class java.util.concurrent.ConcurrentHashMap$Node@512baff6
      Node[173] = null
      Node[174] = class java.util.concurrent.ConcurrentHashMap$Node@632ceb35
      Node[175] = class java.util.concurrent.ConcurrentHashMap$Node@1c93f6e1
      Node[176] = class java.util.concurrent.ConcurrentHashMap$Node@1800a575
      Node[177] = null
      Node[178] = null
      Node[179] = null
      Node[180] = null
      Node[181] = null
      Node[182] = null
      Node[183] = class java.util.concurrent.ConcurrentHashMap$Node@1458ed9c
      Node[184] = class java.util.concurrent.ConcurrentHashMap$Node@10a9d961
      Node[185] = class java.util.concurrent.ConcurrentHashMap$Node@130e116b
      Node[186] = class java.util.concurrent.ConcurrentHashMap$Node@e383572
      Node[187] = null
      Node[188] = class java.util.concurrent.ConcurrentHashMap$Node@5ddf0d24
      Node[189] = null
      Node[190] = class java.util.concurrent.ConcurrentHashMap$Node@363a52f
      Node[191] = null
      Node[192] = null
      Node[193] = class java.util.concurrent.ConcurrentHashMap$Node@60856961
      Node[194] = class java.util.concurrent.ConcurrentHashMap$Node@2fd953a6
      Node[195] = class java.util.concurrent.ConcurrentHashMap$Node@a4add54
      Node[196] = null
      Node[197] = null
      Node[198] = null
      Node[199] = null
      Node[200] = null
      Node[201] = class java.util.concurrent.ConcurrentHashMap$Node@141e5bef
      Node[202] = class java.util.concurrent.ConcurrentHashMap$Node@5f9be66c
      Node[203] = class java.util.concurrent.ConcurrentHashMap$Node@3abada5a
      Node[204] = null
      Node[205] = null
      Node[206] = class java.util.concurrent.ConcurrentHashMap$Node@66c61024
      Node[207] = null
      Node[208] = null
      Node[209] = null
      Node[210] = null
      Node[211] = null
      Node[212] = class java.util.concurrent.ConcurrentHashMap$Node@61fe30
      Node[213] = null
      Node[214] = null
      Node[215] = class java.util.concurrent.ConcurrentHashMap$Node@c9d0d6
      Node[216] = class java.util.concurrent.ConcurrentHashMap$Node@6ccdb29f
      Node[217] = class java.util.concurrent.ConcurrentHashMap$Node@3adcc812
      Node[218] = null
      Node[219] = class java.util.concurrent.ConcurrentHashMap$Node@35432107
      Node[220] = null
      Node[221] = null
      Node[222] = class java.util.concurrent.ConcurrentHashMap$Node@7b420819
      Node[223] = class java.util.concurrent.ConcurrentHashMap$Node@7a1a14a4
      Node[224] = class java.util.concurrent.ConcurrentHashMap$Node@265adfad
      Node[225] = null
      Node[226] = null
      Node[227] = null
      Node[228] = class java.util.concurrent.ConcurrentHashMap$Node@a3d9978
      Node[229] = null
      Node[230] = class java.util.concurrent.ConcurrentHashMap$Node@61544ae6
      Node[231] = class java.util.concurrent.ConcurrentHashMap$Node@4b41dd5c
      Node[232] = null
      Node[233] = null
      Node[234] = null
      Node[235] = null
      Node[236] = null
      Node[237] = class java.util.concurrent.ConcurrentHashMap$Node@3b96c42e
      Node[238] = null
      Node[239] = class java.util.concurrent.ConcurrentHashMap$Node@5d066c7d
      Node[240] = null
      Node[241] = null
      Node[242] = class java.util.concurrent.ConcurrentHashMap$Node@1e461e41
      Node[243] = class java.util.concurrent.ConcurrentHashMap$Node@5ba88be8
      Node[244] = class java.util.concurrent.ConcurrentHashMap$Node@56928307
      Node[245] = class java.util.concurrent.ConcurrentHashMap$Node@3899782c
      Node[246] = null
      Node[247] = null
      Node[248] = null
      Node[249] = null
      Node[250] = class java.util.concurrent.ConcurrentHashMap$Node@1603cd68
      Node[251] = class java.util.concurrent.ConcurrentHashMap$Node@9ebe38b
      Node[252] = class java.util.concurrent.ConcurrentHashMap$Node@4b23c30a
      Node[253] = null
      Node[254] = null
      Node[255] = null
      Node[256] = null
      Node[257] = null
      Node[258] = null
      Node[259] = null
      Node[260] = null
      Node[261] = class java.util.concurrent.ConcurrentHashMap$Node@38089a5a
      Node[262] = null
      Node[263] = class java.util.concurrent.ConcurrentHashMap$Node@30e868be
      Node[264] = null
      Node[265] = null
      Node[266] = null
      Node[267] = null
      Node[268] = null
      Node[269] = null
      Node[270] = class java.util.concurrent.ConcurrentHashMap$Node@66c92293
      Node[271] = null
      Node[272] = class java.util.concurrent.ConcurrentHashMap$Node@332796d3
      Node[273] = null
      Node[274] = null
      Node[275] = null
      Node[276] = null
      Node[277] = null
      Node[278] = null
      Node[279] = null
      Node[280] = null
      Node[281] = class java.util.concurrent.ConcurrentHashMap$Node@4f0100a7
      Node[282] = null
      Node[283] = null
      Node[284] = null
      Node[285] = null
      Node[286] = null
      Node[287] = null
      Node[288] = null
      Node[289] = class java.util.concurrent.ConcurrentHashMap$Node@3cdf2c61
      Node[290] = null
      Node[291] = null
      Node[292] = null
      Node[293] = null
      Node[294] = null
      Node[295] = null
      Node[296] = null
      Node[297] = null
      Node[298] = class java.util.concurrent.ConcurrentHashMap$Node@13ad5cd3
      Node[299] = class java.util.concurrent.ConcurrentHashMap$Node@1c33c17b
      Node[300] = null
      Node[301] = null
      Node[302] = null
      Node[303] = class java.util.concurrent.ConcurrentHashMap$Node@5bf0fe62
      Node[304] = null
      Node[305] = null
      Node[306] = null
      Node[307] = class java.util.concurrent.ConcurrentHashMap$Node@1e097d59
      Node[308] = null
      Node[309] = null
      Node[310] = class java.util.concurrent.ConcurrentHashMap$Node@673be18f
      Node[311] = null
      Node[312] = null
      Node[313] = class java.util.concurrent.ConcurrentHashMap$Node@6581dc0a
      Node[314] = null
      Node[315] = null
      Node[316] = null
      Node[317] = null
      Node[318] = null
      Node[319] = class java.util.concurrent.ConcurrentHashMap$Node@39de3d36
      Node[320] = null
      Node[321] = class java.util.concurrent.ConcurrentHashMap$Node@6ce86ce1
      Node[322] = null
      Node[323] = class java.util.concurrent.ConcurrentHashMap$Node@54e7df6a
      Node[324] = null
      Node[325] = class java.util.concurrent.ConcurrentHashMap$Node@3fed2870
      Node[326] = class java.util.concurrent.ConcurrentHashMap$Node@77128536
      Node[327] = null
      Node[328] = null
      Node[329] = null
      Node[330] = null
      Node[331] = null
      Node[332] = null
      Node[333] = class java.util.concurrent.ConcurrentHashMap$Node@58326051
      Node[334] = null
      Node[335] = null
      Node[336] = null
      Node[337] = null
      Node[338] = class java.util.concurrent.ConcurrentHashMap$Node@32c4e8b2
      Node[339] = null
      Node[340] = null
      Node[341] = null
      Node[342] = null
      Node[343] = class java.util.concurrent.ConcurrentHashMap$Node@64bce832
      Node[344] = class java.util.concurrent.ConcurrentHashMap$Node@764faa6
      Node[345] = class java.util.concurrent.ConcurrentHashMap$Node@4c1f22f3
      Node[346] = null
      Node[347] = class java.util.concurrent.ConcurrentHashMap$Node@598bd2ba
      Node[348] = class java.util.concurrent.ConcurrentHashMap$Node@5a755cc1
      Node[349] = null
      Node[350] = null
      Node[351] = class java.util.concurrent.ConcurrentHashMap$Node@7ae42ce3
      Node[352] = class java.util.concurrent.ConcurrentHashMap$Node@4f5991f6
      Node[353] = class java.util.concurrent.ConcurrentHashMap$Node@484094a5
      Node[354] = null
      Node[355] = class java.util.concurrent.ConcurrentHashMap$Node@38234a38
      Node[356] = class java.util.concurrent.ConcurrentHashMap$Node@63fbfaeb
      Node[357] = null
      Node[358] = class java.util.concurrent.ConcurrentHashMap$Node@602e0143
      Node[359] = class java.util.concurrent.ConcurrentHashMap$Node@2c07545f
      Node[360] = null
      Node[361] = null
      Node[362] = null
      Node[363] = null
      Node[364] = null
      Node[365] = null
      Node[366] = null
      Node[367] = null
      Node[368] = null
      Node[369] = class java.util.concurrent.ConcurrentHashMap$Node@e57b96d
      Node[370] = null
      Node[371] = null
      Node[372] = null
      Node[373] = null
      Node[374] = null
      Node[375] = class java.util.concurrent.ConcurrentHashMap$Node@32c726ee
      Node[376] = class java.util.concurrent.ConcurrentHashMap$Node@22f31dec
      Node[377] = class java.util.concurrent.ConcurrentHashMap$Node@34c01041
      Node[378] = class java.util.concurrent.ConcurrentHashMap$Node@76f4b65
      Node[379] = class java.util.concurrent.ConcurrentHashMap$Node@c94fd30
      Node[380] = null
      Node[381] = class java.util.concurrent.ConcurrentHashMap$Node@36328d33
      Node[382] = null
      Node[383] = null
      Node[384] = null
      Node[385] = null
      Node[386] = null
      Node[387] = class java.util.concurrent.ConcurrentHashMap$Node@2c4d1ac
      Node[388] = class java.util.concurrent.ConcurrentHashMap$Node@7f0d96f2
      Node[389] = class java.util.concurrent.ConcurrentHashMap$Node@545b995e
      Node[390] = null
      Node[391] = null
      Node[392] = null
      Node[393] = class java.util.concurrent.ConcurrentHashMap$Node@76a2ddf3
      Node[394] = class java.util.concurrent.ConcurrentHashMap$Node@524f3b3a
      Node[395] = null
      Node[396] = class java.util.concurrent.ConcurrentHashMap$Node@41e68d87
      Node[397] = null
      Node[398] = null
      Node[399] = null
      Node[400] = class java.util.concurrent.ConcurrentHashMap$Node@49ff7d8c
      Node[401] = class java.util.concurrent.ConcurrentHashMap$Node@29526c05
      Node[402] = null
      Node[403] = null
      Node[404] = class java.util.concurrent.ConcurrentHashMap$Node@2ef14fe
      Node[405] = null
      Node[406] = class java.util.concurrent.ConcurrentHashMap$Node@77102b91
      Node[407] = null
      Node[408] = null
      Node[409] = null
      Node[410] = null
      Node[411] = null
      Node[412] = null
      Node[413] = class java.util.concurrent.ConcurrentHashMap$Node@45312be2
      Node[414] = null
      Node[415] = null
      Node[416] = null
      Node[417] = class java.util.concurrent.ConcurrentHashMap$Node@7fb95505
      Node[418] = class java.util.concurrent.ConcurrentHashMap$Node@58be6e8
      Node[419] = null
      Node[420] = null
      Node[421] = class java.util.concurrent.ConcurrentHashMap$Node@7331196b
      Node[422] = null
      Node[423] = null
      Node[424] = class java.util.concurrent.ConcurrentHashMap$Node@3f9342d4
      Node[425] = class java.util.concurrent.ConcurrentHashMap$Node@ab7395e
      Node[426] = null
      Node[427] = null
      Node[428] = null
      Node[429] = null
      Node[430] = class java.util.concurrent.ConcurrentHashMap$Node@50d13246
      Node[431] = class java.util.concurrent.ConcurrentHashMap$Node@2bd08376
      Node[432] = class java.util.concurrent.ConcurrentHashMap$Node@e70f13a
      Node[433] = class java.util.concurrent.ConcurrentHashMap$Node@3d3e5463
      Node[434] = null
      Node[435] = null
      Node[436] = null
      Node[437] = null
      Node[438] = null
      Node[439] = null
      Node[440] = class java.util.concurrent.ConcurrentHashMap$Node@64a40280
      Node[441] = null
      Node[442] = class java.util.concurrent.ConcurrentHashMap$Node@4b40f651
      Node[443] = null
      Node[444] = null
      Node[445] = null
      Node[446] = null
      Node[447] = class java.util.concurrent.ConcurrentHashMap$Node@42b02722
      Node[448] = class java.util.concurrent.ConcurrentHashMap$Node@d62fe5b
      Node[449] = class java.util.concurrent.ConcurrentHashMap$Node@49964d75
      Node[450] = null
      Node[451] = null
      Node[452] = null
      Node[453] = class java.util.concurrent.ConcurrentHashMap$Node@528c868
      Node[454] = null
      Node[455] = null
      Node[456] = null
      Node[457] = null
      Node[458] = class java.util.concurrent.ConcurrentHashMap$Node@466276d8
      Node[459] = null
      Node[460] = class java.util.concurrent.ConcurrentHashMap$Node@5ce8d869
      Node[461] = class java.util.concurrent.ConcurrentHashMap$Node@27eedb64
      Node[462] = class java.util.concurrent.ConcurrentHashMap$Node@64c63c79
      Node[463] = null
      Node[464] = null
      Node[465] = null
      Node[466] = class java.util.concurrent.ConcurrentHashMap$Node@31c7528f
      Node[467] = null
      Node[468] = class java.util.concurrent.ConcurrentHashMap$Node@2b76ff4e
      Node[469] = class java.util.concurrent.ConcurrentHashMap$Node@7a1234bf
      Node[470] = class java.util.concurrent.ConcurrentHashMap$Node@2f62ea70
      Node[471] = null
      Node[472] = null
      Node[473] = null
      Node[474] = null
      Node[475] = null
      Node[476] = null
      Node[477] = null
      Node[478] = class java.util.concurrent.ConcurrentHashMap$Node@24ba9639
      Node[479] = null
      Node[480] = null
      Node[481] = null
      Node[482] = null
      Node[483] = class java.util.concurrent.ConcurrentHashMap$Node@38aa816f
      Node[484] = null
      Node[485] = class java.util.concurrent.ConcurrentHashMap$Node@53f6fd09
      Node[486] = null
      Node[487] = null
      Node[488] = null
      Node[489] = class java.util.concurrent.ConcurrentHashMap$Node@6bffbc6d
      Node[490] = null
      Node[491] = null
      Node[492] = null
      Node[493] = null
      Node[494] = null
      Node[495] = null
      Node[496] = class java.util.concurrent.ConcurrentHashMap$Node@1b84f475
      Node[497] = class java.util.concurrent.ConcurrentHashMap$Node@7749bf93
      Node[498] = class java.util.concurrent.ConcurrentHashMap$Node@13330ac6
      Node[499] = null
      Node[500] = null
      Node[501] = class java.util.concurrent.ConcurrentHashMap$Node@539d019
      Node[502] = class java.util.concurrent.ConcurrentHashMap$Node@39a2bb97
      Node[503] = class java.util.concurrent.ConcurrentHashMap$Node@3ad2e17
      Node[504] = class java.util.concurrent.ConcurrentHashMap$Node@8c3619e
      Node[505] = null
      Node[506] = class java.util.concurrent.ConcurrentHashMap$Node@4331d187
      Node[507] = null
      Node[508] = class java.util.concurrent.ConcurrentHashMap$Node@6f63b475
      Node[509] = class java.util.concurrent.ConcurrentHashMap$Node@554e218
      Node[510] = null
      Node[511] = null
      Node[512] = class java.util.concurrent.ConcurrentHashMap$Node@1608bcbd
      Node[513] = null
      Node[514] = null
      Node[515] = null
      Node[516] = null
      Node[517] = null
      Node[518] = class java.util.concurrent.ConcurrentHashMap$Node@5bf8fa12
      Node[519] = null
      Node[520] = null
      Node[521] = class java.util.concurrent.ConcurrentHashMap$Node@29ca3d04
      Node[522] = null
      Node[523] = null
      Node[524] = class java.util.concurrent.ConcurrentHashMap$Node@b2c5e07
      Node[525] = class java.util.concurrent.ConcurrentHashMap$Node@5812f68b
      Node[526] = null
      Node[527] = null
      Node[528] = class java.util.concurrent.ConcurrentHashMap$Node@4426bff1
      Node[529] = class java.util.concurrent.ConcurrentHashMap$Node@3c7c886c
      Node[530] = null
      Node[531] = class java.util.concurrent.ConcurrentHashMap$Node@55493582
      Node[532] = null
      Node[533] = class java.util.concurrent.ConcurrentHashMap$Node@1a20270e
      Node[534] = null
      Node[535] = null
      Node[536] = null
      Node[537] = null
      Node[538] = class java.util.concurrent.ConcurrentHashMap$Node@6b88ca8c
      Node[539] = class java.util.concurrent.ConcurrentHashMap$Node@336f1079
      Node[540] = class java.util.concurrent.ConcurrentHashMap$Node@2f16c6b3
      Node[541] = class java.util.concurrent.ConcurrentHashMap$Node@34158c08
      Node[542] = class java.util.concurrent.ConcurrentHashMap$Node@19e4fcac
      Node[543] = class java.util.concurrent.ConcurrentHashMap$Node@52c3cb31
      Node[544] = class java.util.concurrent.ConcurrentHashMap$Node@4b79ac84
      Node[545] = class java.util.concurrent.ConcurrentHashMap$Node@53941c2f
      Node[546] = class java.util.concurrent.ConcurrentHashMap$Node@6dab9b6d
      Node[547] = class java.util.concurrent.ConcurrentHashMap$Node@21fd5faa
      Node[548] = class java.util.concurrent.ConcurrentHashMap$Node@2766ca9d
      Node[549] = class java.util.concurrent.ConcurrentHashMap$Node@5460cf3a
      Node[550] = class java.util.concurrent.ConcurrentHashMap$Node@65a15628
      Node[551] = null
      Node[552] = class java.util.concurrent.ConcurrentHashMap$Node@2e6a5539
      Node[553] = null
      Node[554] = class java.util.concurrent.ConcurrentHashMap$Node@3fc9504b
      Node[555] = null
      Node[556] = null
      Node[557] = class java.util.concurrent.ConcurrentHashMap$Node@6d025197
      Node[558] = class java.util.concurrent.ConcurrentHashMap$Node@27d4a09
      Node[559] = class java.util.concurrent.ConcurrentHashMap$Node@7e4204e2
      Node[560] = null
      Node[561] = null
      Node[562] = class java.util.concurrent.ConcurrentHashMap$Node@b7c4869
      Node[563] = null
      Node[564] = null
      Node[565] = class java.util.concurrent.ConcurrentHashMap$Node@740d2e78
      Node[566] = class java.util.concurrent.ConcurrentHashMap$Node@1c481ff2
      Node[567] = null
      Node[568] = null
      Node[569] = null
      Node[570] = null
      Node[571] = class java.util.concurrent.ConcurrentHashMap$Node@72437d8d
      Node[572] = null
      Node[573] = class java.util.concurrent.ConcurrentHashMap$Node@1b955cac
      Node[574] = class java.util.concurrent.ConcurrentHashMap$Node@676cf48
      Node[575] = null
      Node[576] = null
      Node[577] = null
      Node[578] = null
      Node[579] = null
      Node[580] = null
      Node[581] = class java.util.concurrent.ConcurrentHashMap$Node@5a1de7fb
      Node[582] = class java.util.concurrent.ConcurrentHashMap$Node@335b5620
      Node[583] = class java.util.concurrent.ConcurrentHashMap$Node@29a0cdb
      Node[584] = class java.util.concurrent.ConcurrentHashMap$Node@32a68f4f
      Node[585] = null
      Node[586] = null
      Node[587] = null
      Node[588] = null
      Node[589] = null
      Node[590] = null
      Node[591] = class java.util.concurrent.ConcurrentHashMap$Node@73194df
      Node[592] = class java.util.concurrent.ConcurrentHashMap$Node@6eb2384f
      Node[593] = class java.util.concurrent.ConcurrentHashMap$Node@3c9c0d96
      Node[594] = null
      Node[595] = null
      Node[596] = class java.util.concurrent.ConcurrentHashMap$Node@3a4621bd
      Node[597] = null
      Node[598] = null
      Node[599] = null
      Node[600] = null
      Node[601] = null
      Node[602] = null
      Node[603] = null
      Node[604] = class java.util.concurrent.ConcurrentHashMap$Node@31dadd46
      Node[605] = null
      Node[606] = null
      Node[607] = null
      Node[608] = null
      Node[609] = null
      Node[610] = null
      Node[611] = null
      Node[612] = null
      Node[613] = null
      Node[614] = null
      Node[615] = null
      Node[616] = null
      Node[617] = null
      Node[618] = class java.util.concurrent.ConcurrentHashMap$Node@4ed5eb72
      Node[619] = null
      Node[620] = null
      Node[621] = null
      Node[622] = null
      Node[623] = null
      Node[624] = null
      Node[625] = class java.util.concurrent.ConcurrentHashMap$Node@12f9af83
      Node[626] = null
      Node[627] = null
      Node[628] = null
      Node[629] = class java.util.concurrent.ConcurrentHashMap$Node@19b93fa8
      Node[630] = class java.util.concurrent.ConcurrentHashMap$Node@7e6ef134
      Node[631] = class java.util.concurrent.ConcurrentHashMap$Node@1f010bf0
      Node[632] = null
      Node[633] = class java.util.concurrent.ConcurrentHashMap$Node@40db2a24
      Node[634] = class java.util.concurrent.ConcurrentHashMap$Node@10cf09e8
      Node[635] = null
      Node[636] = null
      Node[637] = null
      Node[638] = null
      Node[639] = null
      Node[640] = null
      Node[641] = null
      Node[642] = null
      Node[643] = null
      Node[644] = class java.util.concurrent.ConcurrentHashMap$Node@1921ad94
      Node[645] = null
      Node[646] = null
      Node[647] = class java.util.concurrent.ConcurrentHashMap$Node@ee86bcb
      Node[648] = null
      Node[649] = null
      Node[650] = class java.util.concurrent.ConcurrentHashMap$Node@177bea38
      Node[651] = class java.util.concurrent.ConcurrentHashMap$Node@7f132176
      Node[652] = class java.util.concurrent.ConcurrentHashMap$Node@6bca7e0d
      Node[653] = null
      Node[654] = class java.util.concurrent.ConcurrentHashMap$Node@2631f68c
      Node[655] = null
      Node[656] = null
      Node[657] = class java.util.concurrent.ConcurrentHashMap$Node@6ed3f258
      Node[658] = class java.util.concurrent.ConcurrentHashMap$Node@8ad6665
      Node[659] = null
      Node[660] = class java.util.concurrent.ConcurrentHashMap$Node@30af5b6b
      Node[661] = null
      Node[662] = class java.util.concurrent.ConcurrentHashMap$Node@19835e64
      Node[663] = null
      Node[664] = null
      Node[665] = null
      Node[666] = null
      Node[667] = class java.util.concurrent.ConcurrentHashMap$Node@68b32e3e
      Node[668] = null
      Node[669] = class java.util.concurrent.ConcurrentHashMap$Node@bcef303
      Node[670] = null
      Node[671] = class java.util.concurrent.ConcurrentHashMap$Node@41709512
      Node[672] = null
      Node[673] = null
      Node[674] = null
      Node[675] = null
      Node[676] = null
      Node[677] = null
      Node[678] = class java.util.concurrent.ConcurrentHashMap$Node@42039326
      Node[679] = class java.util.concurrent.ConcurrentHashMap$Node@33308786
      Node[680] = null
      Node[681] = null
      Node[682] = null
      Node[683] = class java.util.concurrent.ConcurrentHashMap$Node@4f9a2c08
      Node[684] = null
      Node[685] = null
      Node[686] = null
      Node[687] = null
      Node[688] = null
      Node[689] = null
      Node[690] = class java.util.concurrent.ConcurrentHashMap$Node@a87f8ec
      Node[691] = null
      Node[692] = null
      Node[693] = null
      Node[694] = class java.util.concurrent.ConcurrentHashMap$Node@5443d039
      Node[695] = class java.util.concurrent.ConcurrentHashMap$Node@63787180
      Node[696] = null
      Node[697] = null
      Node[698] = null
      Node[699] = class java.util.concurrent.ConcurrentHashMap$Node@7d1cfb8b
      Node[700] = null
      Node[701] = null
      Node[702] = null
      Node[703] = null
      Node[704] = null
      Node[705] = null
      Node[706] = class java.util.concurrent.ConcurrentHashMap$Node@48e92c5c
      Node[707] = class java.util.concurrent.ConcurrentHashMap$Node@2e1ef60
      Node[708] = class java.util.concurrent.ConcurrentHashMap$Node@22356acd
      Node[709] = null
      Node[710] = null
      Node[711] = null
      Node[712] = class java.util.concurrent.ConcurrentHashMap$Node@386f0da3
      Node[713] = class java.util.concurrent.ConcurrentHashMap$Node@39655d3e
      Node[714] = null
      Node[715] = null
      Node[716] = class java.util.concurrent.ConcurrentHashMap$Node@34f22f9d
      Node[717] = class java.util.concurrent.ConcurrentHashMap$Node@3d1848cc
      Node[718] = class java.util.concurrent.ConcurrentHashMap$Node@7dda48d9
      Node[719] = class java.util.concurrent.ConcurrentHashMap$Node@6e4566f1
      Node[720] = class java.util.concurrent.ConcurrentHashMap$Node@4b6e2263
      Node[721] = null
      Node[722] = class java.util.concurrent.ConcurrentHashMap$Node@344f4dea
      Node[723] = null
      Node[724] = null
      Node[725] = null
      Node[726] = null
      Node[727] = null
      Node[728] = null
      Node[729] = class java.util.concurrent.ConcurrentHashMap$Node@1b7c473a
      Node[730] = null
      Node[731] = class java.util.concurrent.ConcurrentHashMap$Node@5e4bd84a
      Node[732] = null
      Node[733] = class java.util.concurrent.ConcurrentHashMap$Node@648c94da
      Node[734] = null
      Node[735] = null
      Node[736] = class java.util.concurrent.ConcurrentHashMap$Node@2a62b5bc
      Node[737] = null
      Node[738] = null
      Node[739] = null
      Node[740] = class java.util.concurrent.ConcurrentHashMap$Node@53de625d
      Node[741] = class java.util.concurrent.ConcurrentHashMap$Node@535779e4
      Node[742] = null
      Node[743] = null
      Node[744] = null
      Node[745] = null
      Node[746] = class java.util.concurrent.ConcurrentHashMap$Node@53fd0d10
      Node[747] = class java.util.concurrent.ConcurrentHashMap$Node@6c0d9d86
      Node[748] = class java.util.concurrent.ConcurrentHashMap$Node@4ce1d6d0
      Node[749] = class java.util.concurrent.ConcurrentHashMap$Node@24111ef1
      Node[750] = null
      Node[751] = class java.util.concurrent.ConcurrentHashMap$Node@1f3f02ee
      Node[752] = null
      Node[753] = class java.util.concurrent.ConcurrentHashMap$Node@1fde5d22
      Node[754] = null
      Node[755] = null
      Node[756] = class java.util.concurrent.ConcurrentHashMap$Node@5dcb4f5f
      Node[757] = null
      Node[758] = class java.util.concurrent.ConcurrentHashMap$Node@71812481
      Node[759] = class java.util.concurrent.ConcurrentHashMap$Node@16ce702d
      Node[760] = class java.util.concurrent.ConcurrentHashMap$Node@7b94089b
      Node[761] = class java.util.concurrent.ConcurrentHashMap$Node@7ca20101
      Node[762] = class java.util.concurrent.ConcurrentHashMap$Node@47f9738
      Node[763] = null
      Node[764] = null
      Node[765] = class java.util.concurrent.ConcurrentHashMap$Node@6155d082
      Node[766] = class java.util.concurrent.ConcurrentHashMap$Node@3a5ecce3
      Node[767] = null
      Node[768] = class java.util.concurrent.ConcurrentHashMap$Node@561868a0
      Node[769] = class java.util.concurrent.ConcurrentHashMap$Node@2ea6e30c
      Node[770] = class java.util.concurrent.ConcurrentHashMap$Node@6138e79a
      Node[771] = class java.util.concurrent.ConcurrentHashMap$Node@2dcd168a
      Node[772] = null
      Node[773] = null
      Node[774] = null
      Node[775] = null
      Node[776] = class java.util.concurrent.ConcurrentHashMap$Node@388526fb
      Node[777] = null
      Node[778] = null
      Node[779] = null
      Node[780] = null
      Node[781] = class java.util.concurrent.ConcurrentHashMap$Node@21a21c64
      Node[782] = class java.util.concurrent.ConcurrentHashMap$Node@7803bfd
      Node[783] = null
      Node[784] = class java.util.concurrent.ConcurrentHashMap$Node@42bc14c1
      Node[785] = class java.util.concurrent.ConcurrentHashMap$Node@531f4093
      Node[786] = null
      Node[787] = class java.util.concurrent.ConcurrentHashMap$Node@62ef27a8
      Node[788] = class java.util.concurrent.ConcurrentHashMap$Node@6436a7db
      Node[789] = class java.util.concurrent.ConcurrentHashMap$Node@460ebd80
      Node[790] = class java.util.concurrent.ConcurrentHashMap$Node@6f3c660a
      Node[791] = null
      Node[792] = null
      Node[793] = null
      Node[794] = class java.util.concurrent.ConcurrentHashMap$Node@74f5ce22
      Node[795] = null
      Node[796] = null
      Node[797] = null
      Node[798] = null
      Node[799] = null
      Node[800] = null
      Node[801] = null
      Node[802] = class java.util.concurrent.ConcurrentHashMap$Node@25aca718
      Node[803] = class java.util.concurrent.ConcurrentHashMap$Node@16fdec90
      Node[804] = null
      Node[805] = null
      Node[806] = class java.util.concurrent.ConcurrentHashMap$Node@1afdd473
      Node[807] = null
      Node[808] = null
      Node[809] = class java.util.concurrent.ConcurrentHashMap$Node@40238dd0
      Node[810] = null
      Node[811] = null
      Node[812] = class java.util.concurrent.ConcurrentHashMap$Node@7776ab
      Node[813] = null
      Node[814] = class java.util.concurrent.ConcurrentHashMap$Node@79179359
      Node[815] = null
      Node[816] = null
      Node[817] = null
      Node[818] = null
      Node[819] = null
      Node[820] = null
      Node[821] = class java.util.concurrent.ConcurrentHashMap$Node@dbd8e44
      Node[822] = null
      Node[823] = null
      Node[824] = null
      Node[825] = null
      Node[826] = class java.util.concurrent.ConcurrentHashMap$Node@51acdf2e
      Node[827] = null
      Node[828] = null
      Node[829] = null
      Node[830] = null
      Node[831] = null
      Node[832] = null
      Node[833] = class java.util.concurrent.ConcurrentHashMap$Node@6a55299e
      Node[834] = class java.util.concurrent.ConcurrentHashMap$Node@2f1de2d6
      Node[835] = null
      Node[836] = null
      Node[837] = null
      Node[838] = null
      Node[839] = class java.util.concurrent.ConcurrentHashMap$Node@4eb386df
      Node[840] = class java.util.concurrent.ConcurrentHashMap$Node@79517588
      Node[841] = class java.util.concurrent.ConcurrentHashMap$Node@3a0baae5
      Node[842] = null
      Node[843] = null
      Node[844] = null
      Node[845] = null
      Node[846] = class java.util.concurrent.ConcurrentHashMap$Node@7ac0e420
      Node[847] = null
      Node[848] = null
      Node[849] = null
      Node[850] = class java.util.concurrent.ConcurrentHashMap$Node@289710d9
      Node[851] = null
      Node[852] = null
      Node[853] = class java.util.concurrent.ConcurrentHashMap$Node@5a18cd76
      Node[854] = class java.util.concurrent.ConcurrentHashMap$Node@3da30852
      Node[855] = null
      Node[856] = null
      Node[857] = class java.util.concurrent.ConcurrentHashMap$Node@403f0a22
      Node[858] = null
      Node[859] = class java.util.concurrent.ConcurrentHashMap$Node@503ecb24
      Node[860] = null
      Node[861] = null
      Node[862] = class java.util.concurrent.ConcurrentHashMap$Node@4c51cf28
      Node[863] = null
      Node[864] = class java.util.concurrent.ConcurrentHashMap$Node@6995bf68
      Node[865] = class java.util.concurrent.ConcurrentHashMap$Node@5143c662
      Node[866] = null
      Node[867] = class java.util.concurrent.ConcurrentHashMap$Node@77825085
      Node[868] = null
      Node[869] = class java.util.concurrent.ConcurrentHashMap$Node@3568f9d2
      Node[870] = class java.util.concurrent.ConcurrentHashMap$Node@71c27ee8
      Node[871] = class java.util.concurrent.ConcurrentHashMap$Node@3e7dd664
      Node[872] = class java.util.concurrent.ConcurrentHashMap$Node@5b1ebf56
      Node[873] = class java.util.concurrent.ConcurrentHashMap$Node@294a6b8e
      Node[874] = null
      Node[875] = class java.util.concurrent.ConcurrentHashMap$Node@4b1d6571
      Node[876] = class java.util.concurrent.ConcurrentHashMap$Node@1b835480
      Node[877] = class java.util.concurrent.ConcurrentHashMap$Node@3549bca9
      Node[878] = class java.util.concurrent.ConcurrentHashMap$Node@4f25b795
      Node[879] = class java.util.concurrent.ConcurrentHashMap$Node@6fb365ed
      Node[880] = class java.util.concurrent.ConcurrentHashMap$Node@6e950bcf
      Node[881] = class java.util.concurrent.ConcurrentHashMap$Node@16414e40
      Node[882] = null
      Node[883] = class java.util.concurrent.ConcurrentHashMap$Node@74bada02
      Node[884] = null
      Node[885] = null
      Node[886] = class java.util.concurrent.ConcurrentHashMap$Node@525575
      Node[887] = class java.util.concurrent.ConcurrentHashMap$Node@46dffdc3
      Node[888] = null
      Node[889] = class java.util.concurrent.ConcurrentHashMap$Node@5a709816
      Node[890] = class java.util.concurrent.ConcurrentHashMap$Node@78383390
      Node[891] = class java.util.concurrent.ConcurrentHashMap$Node@6ad3381f
      Node[892] = null
      Node[893] = class java.util.concurrent.ConcurrentHashMap$Node@53dbe163
      Node[894] = null
      Node[895] = null
      Node[896] = null
      Node[897] = null
      Node[898] = null
      Node[899] = null
      Node[900] = null
      Node[901] = null
      Node[902] = null
      Node[903] = null
      Node[904] = null
      Node[905] = class java.util.concurrent.ConcurrentHashMap$Node@db57326
      Node[906] = null
      Node[907] = class java.util.concurrent.ConcurrentHashMap$Node@34a875b3
      Node[908] = null
      Node[909] = null
      Node[910] = null
      Node[911] = null
      Node[912] = null
      Node[913] = class java.util.concurrent.ConcurrentHashMap$Node@4748a0f9
      Node[914] = null
      Node[915] = class java.util.concurrent.ConcurrentHashMap$Node@4b14918a
      Node[916] = null
      Node[917] = class java.util.concurrent.ConcurrentHashMap$Node@6d1ef78d
      Node[918] = class java.util.concurrent.ConcurrentHashMap$Node@1a6c1270
      Node[919] = null
      Node[920] = null
      Node[921] = class java.util.concurrent.ConcurrentHashMap$Node@18a136ac
      Node[922] = class java.util.concurrent.ConcurrentHashMap$Node@77d67cf3
      Node[923] = null
      Node[924] = null
      Node[925] = null
      Node[926] = null
      Node[927] = null
      Node[928] = null
      Node[929] = null
      Node[930] = null
      Node[931] = null
      Node[932] = null
      Node[933] = class java.util.concurrent.ConcurrentHashMap$Node@6dee4f1b
      Node[934] = null
      Node[935] = class java.util.concurrent.ConcurrentHashMap$Node@176b3f44
      Node[936] = null
      Node[937] = class java.util.concurrent.ConcurrentHashMap$Node@6ee6f53
      Node[938] = class java.util.concurrent.ConcurrentHashMap$Node@421bba99
      Node[939] = null
      Node[940] = null
      Node[941] = null
      Node[942] = class java.util.concurrent.ConcurrentHashMap$Node@5d12a356
      Node[943] = null
      Node[944] = null
      Node[945] = null
      Node[946] = null
      Node[947] = null
      Node[948] = null
      Node[949] = null
      Node[950] = null
      Node[951] = null
      Node[952] = null
      Node[953] = class java.util.concurrent.ConcurrentHashMap$Node@134d26af
      Node[954] = null
      Node[955] = class java.util.concurrent.ConcurrentHashMap$Node@66ac5762
      Node[956] = null
      Node[957] = null
      Node[958] = class java.util.concurrent.ConcurrentHashMap$Node@797cf65c
      Node[959] = null
      Node[960] = null
      Node[961] = class java.util.concurrent.ConcurrentHashMap$Node@31bcf236
      Node[962] = null
      Node[963] = null
      Node[964] = null
      Node[965] = class java.util.concurrent.ConcurrentHashMap$Node@4b3ed2f0
      Node[966] = null
      Node[967] = class java.util.concurrent.ConcurrentHashMap$Node@4fad9bb2
      Node[968] = null
      Node[969] = null
      Node[970] = class java.util.concurrent.ConcurrentHashMap$Node@517d4a0d
      Node[971] = class java.util.concurrent.ConcurrentHashMap$Node@7862f56
      Node[972] = null
      Node[973] = null
      Node[974] = null
      Node[975] = null
      Node[976] = class java.util.concurrent.ConcurrentHashMap$Node@3a12c404
      Node[977] = null
      Node[978] = class java.util.concurrent.ConcurrentHashMap$Node@1941a8ff
      Node[979] = null
      Node[980] = null
      Node[981] = null
      Node[982] = null
      Node[983] = null
      Node[984] = null
      Node[985] = class java.util.concurrent.ConcurrentHashMap$Node@22d7b4f8
      Node[986] = null
      Node[987] = class java.util.concurrent.ConcurrentHashMap$Node@149dd36b
      Node[988] = null
      Node[989] = class java.util.concurrent.ConcurrentHashMap$Node@38831718
      Node[990] = class java.util.concurrent.ConcurrentHashMap$Node@2c1156a7
      Node[991] = null
      Node[992] = null
      Node[993] = null
      Node[994] = class java.util.concurrent.ConcurrentHashMap$Node@33fe57a9
      Node[995] = class java.util.concurrent.ConcurrentHashMap$Node@4982cc36
      Node[996] = null
      Node[997] = null
      Node[998] = null
      Node[999] = null
      Node[1000] = class java.util.concurrent.ConcurrentHashMap$Node@691939c9
      Node[1001] = null
      Node[1002] = class java.util.concurrent.ConcurrentHashMap$Node@4f1bfe23
      Node[1003] = class java.util.concurrent.ConcurrentHashMap$Node@e19bb76
      Node[1004] = class java.util.concurrent.ConcurrentHashMap$Node@512535ff
      Node[1005] = class java.util.concurrent.ConcurrentHashMap$Node@71529963
      Node[1006] = null
      Node[1007] = class java.util.concurrent.ConcurrentHashMap$Node@61a88b8c
      Node[1008] = null
      Node[1009] = null
      Node[1010] = null
      Node[1011] = class java.util.concurrent.ConcurrentHashMap$Node@22295ec4
      Node[1012] = null
      Node[1013] = class java.util.concurrent.ConcurrentHashMap$Node@5adb0db3
      Node[1014] = class java.util.concurrent.ConcurrentHashMap$Node@3f270e0a
      Node[1015] = null
      Node[1016] = class java.util.concurrent.ConcurrentHashMap$Node@1a760689
      Node[1017] = null
      Node[1018] = null
      Node[1019] = null
      Node[1020] = null
      Node[1021] = class java.util.concurrent.ConcurrentHashMap$Node@7241a47d
      Node[1022] = null
      Node[1023] = null
    nextTable = null
    baseCount = 498
    sizeCtl = 768
    transferIndex = 0
    cellsBusy = 0
    counterCells = null
    keySet = null
    values = null
    entrySet = null
    U = class jdk.internal.misc.Unsafe@732d0d24
    SIZECTL = 20
    TRANSFERINDEX = 32
    BASECOUNT = 24
    CELLSBUSY = 36
    CELLVALUE = 144
    ABASE = 16
    ASHIFT = 2
    keySet = null
    values = null
  _bundleLocations = class java.util.HashSet@479460a6
    serialVersionUID = -5024744406713321676
    map = class java.util.HashMap@5be46f9d
      serialVersionUID = 362498820763181265
      DEFAULT_INITIAL_CAPACITY = 16
      MAXIMUM_CAPACITY = 1073741824
      DEFAULT_LOAD_FACTOR = 0.75
      TREEIFY_THRESHOLD = 8
      UNTREEIFY_THRESHOLD = 6
      MIN_TREEIFY_CAPACITY = 64
      table = class java.util.HashMap$Node[1024]
      entrySet = null
      size = 498
      modCount = 498
      threshold = 768
      loadFactor = 0.75
      keySet = null
      values = null
    PRESENT = class java.lang.Object@609db546
    MAX_ARRAY_SIZE = 2147483639
  _locations = class java.util.HashSet@7164ca4c
    serialVersionUID = -5024744406713321676
    map = class java.util.HashMap@3f91b517
      serialVersionUID = 362498820763181265
      DEFAULT_INITIAL_CAPACITY = 16
      MAXIMUM_CAPACITY = 1073741824
      DEFAULT_LOAD_FACTOR = 0.75
      TREEIFY_THRESHOLD = 8
      UNTREEIFY_THRESHOLD = 6
      MIN_TREEIFY_CAPACITY = 64
      table = class java.util.HashMap$Node[16]
      entrySet = null
      size = 1
      modCount = 1
      threshold = 12
      loadFactor = 0.75
      keySet = class java.util.HashMap$KeySet@59a008ba
      values = null
    PRESENT = class java.lang.Object@609db546
    MAX_ARRAY_SIZE = 2147483639
  _dirty = true
  _msgs = class com.ibm.ws.kernel.provisioning.ContentBasedLocalBundleRepository$TrMessages@4f3bbf68
    _tc = class com.ibm.websphere.ras.TraceComponent@20ccf40b
      strings[0] = "TraceComponent[com.ibm.ws.kernel.provisioning.ContentBasedLocalBundleRepository$TrMessages,class com.ibm.ws.kernel.provisioning.ContentBasedLocalBundleRepository$TrMessages,[bootstrap],com.ibm.ws.kernel.boot.resources.LauncherMessages,null]"
  _cacheRead = true

