------Start of DE processing------ = [31/05/19 01:03:48:434 PET]
Exception = com.ibm.ws.container.service.state.StateChangeException
Source = com.ibm.ws.container.service.state.internal.ModuleStateManager
probeid = 29
Stack Dump = com.ibm.ws.container.service.state.StateChangeException: com.ibm.ws.exception.RuntimeWarning: CNTR0201E: The JsonConfig startup singleton session bean in the project_duplicate.war module failed initialization.
	at com.ibm.ws.ejbcontainer.osgi.internal.EJBContainerImpl.startEJBInWARModule(EJBContainerImpl.java:196)
	at com.ibm.ws.ejbcontainer.war.internal.EJBWARRuntimeImpl.moduleStarting(EJBWARRuntimeImpl.java:60)
	at com.ibm.ws.container.service.state.internal.ModuleStateManager.fireStarting(ModuleStateManager.java:28)
	at com.ibm.ws.container.service.state.internal.StateChangeServiceImpl.fireModuleStarting(StateChangeServiceImpl.java:80)
	at com.ibm.ws.app.manager.module.internal.ModuleHandlerBase.deployModule(ModuleHandlerBase.java:90)
	at com.ibm.ws.app.manager.module.internal.DeployedModuleInfoImpl.installModule(DeployedModuleInfoImpl.java:49)
	at com.ibm.ws.app.manager.module.internal.DeployedAppInfoBase.deployModules(DeployedAppInfoBase.java:430)
	at com.ibm.ws.app.manager.module.internal.DeployedAppInfoBase.deployApp(DeployedAppInfoBase.java:416)
	at com.ibm.ws.app.manager.war.internal.WARApplicationHandlerImpl.install(WARApplicationHandlerImpl.java:65)
	at com.ibm.ws.app.manager.internal.statemachine.StartAction.execute(StartAction.java:140)
	at com.ibm.ws.app.manager.internal.statemachine.ApplicationStateMachineImpl.enterState(ApplicationStateMachineImpl.java:1261)
	at com.ibm.ws.app.manager.internal.statemachine.ApplicationStateMachineImpl.performAction(ApplicationStateMachineImpl.java:1141)
	at com.ibm.ws.app.manager.internal.statemachine.ApplicationStateMachineImpl.run(ApplicationStateMachineImpl.java:884)
	at com.ibm.ws.threading.internal.ExecutorServiceImpl$RunnableWrapper.run(ExecutorServiceImpl.java:239)
	at java.base/java.util.concurrent.ThreadPoolExecutor.runWorker(ThreadPoolExecutor.java:1128)
	at java.base/java.util.concurrent.ThreadPoolExecutor$Worker.run(ThreadPoolExecutor.java:628)
	at java.base/java.lang.Thread.run(Thread.java:835)
Caused by: com.ibm.ws.exception.RuntimeWarning: CNTR0201E: The JsonConfig startup singleton session bean in the project_duplicate.war module failed initialization.
	at com.ibm.ejs.csi.EJBApplicationMetaData.createStartupBeans(EJBApplicationMetaData.java:969)
	at com.ibm.ejs.csi.EJBApplicationMetaData.startedModule(EJBApplicationMetaData.java:679)
	at com.ibm.ws.ejbcontainer.osgi.internal.EJBRuntimeImpl.start(EJBRuntimeImpl.java:1009)
	at com.ibm.ws.ejbcontainer.osgi.internal.EJBContainerImpl.startEJBInWARModule(EJBContainerImpl.java:194)
	... 16 more
Caused by: javax.ejb.NoSuchEJBException: An error occurred during initialization of singleton session bean project_duplicate#project_duplicate.war#JsonConfig, resulting in the discarding of the singleton instance.; nested exception is: java.lang.IllegalStateException: Managed Class {util.web.JsonConfig} does not match Bean Class {util.web.JsonConfig}
	at com.ibm.ejs.container.util.ExceptionUtil.NoSuchEJBException(ExceptionUtil.java:431)
	at com.ibm.ejs.container.EJSHome.createSingletonBeanO(EJSHome.java:3754)
	at com.ibm.ejs.csi.EJBApplicationMetaData.createStartupBeans(EJBApplicationMetaData.java:958)
	... 19 more
Caused by: java.lang.IllegalStateException: Managed Class {util.web.JsonConfig} does not match Bean Class {util.web.JsonConfig}
	at com.ibm.ws.cdi.impl.managedobject.CDIEJBManagedObjectFactoryImpl.getBean(CDIEJBManagedObjectFactoryImpl.java:122)
	at com.ibm.ws.cdi.impl.managedobject.CDIEJBManagedObjectFactoryImpl.createContext(CDIEJBManagedObjectFactoryImpl.java:81)
	at com.ibm.ejs.container.ManagedBeanOBase.createInterceptorsAndInstance(ManagedBeanOBase.java:198)
	at com.ibm.ejs.container.SingletonBeanO.initialize(SingletonBeanO.java:276)
	at com.ibm.ejs.container.BeanOFactory.create(BeanOFactory.java:103)
	at com.ibm.ejs.container.EJSHome.createSingletonBeanO(EJSHome.java:3740)
	... 20 more

Dump of callerThis
Object type = com.ibm.ws.container.service.state.internal.ModuleStateManager
  serialVersionUID = -5540260902341249963
  $$$tc$$$ = class com.ibm.websphere.ras.TraceComponent@67e50c
    strings[0] = "TraceComponent[com.ibm.ws.container.service.state.internal.ModuleStateManager,class com.ibm.ws.container.service.state.internal.ModuleStateManager,[Runtime],,null]"
  listeners = class com.ibm.wsspi.kernel.service.utils.ConcurrentServiceReferenceSet@3979e678
    referenceName = "moduleStateListeners"
    contextRef = class java.util.concurrent.atomic.AtomicReference@2fa56c72
      serialVersionUID = -1848883965231344442
      VALUE = class java.lang.invoke.VarHandleReferences$FieldInstanceReadWrite@76562246
      value = class org.apache.felix.scr.impl.manager.ComponentContextImpl@4a06900e
    elementMap = class java.util.LinkedHashMap@7fb9369a
      serialVersionUID = 3801124242820219131
      head = class java.util.LinkedHashMap$Entry@95fd6ea
      tail = class java.util.LinkedHashMap$Entry@1c5adf78
      accessOrder = false
      serialVersionUID = 362498820763181265
      DEFAULT_INITIAL_CAPACITY = 16
      MAXIMUM_CAPACITY = 1073741824
      DEFAULT_LOAD_FACTOR = 0.75
      TREEIFY_THRESHOLD = 8
      UNTREEIFY_THRESHOLD = 6
      MIN_TREEIFY_CAPACITY = 64
      table = class java.util.HashMap$Node[16]
      entrySet = null
      size = 3
      modCount = 3
      threshold = 12
      loadFactor = 0.75
      keySet = null
      values = null
    elementSet = class java.util.concurrent.ConcurrentSkipListSet@47f367fd
      serialVersionUID = -2479143111061671589
      m = class java.util.concurrent.ConcurrentSkipListMap@280466f7
      MAX_ARRAY_SIZE = 2147483639
    elementSetUnsorted = false
    serialVersionUID = 756240983881166148
    $$$tc$$$ = class com.ibm.websphere.ras.TraceComponent@4de39b83
      strings[0] = "TraceComponent[com.ibm.wsspi.kernel.service.utils.ConcurrentServiceReferenceSet,class com.ibm.wsspi.kernel.service.utils.ConcurrentServiceReferenceSet,[kernelUtils],com.ibm.ws.kernel.service.utils.resources.ServiceMessages,null]"
  serialVersionUID = 2284273176985484160
  $$$tc$$$ = class com.ibm.websphere.ras.TraceComponent@11ed674e
    strings[0] = "TraceComponent[com.ibm.ws.container.service.state.internal.StateChangeManager,class com.ibm.ws.container.service.state.internal.StateChangeManager,[Runtime],,null]"

Dump of objectArray[0]
Object type = com.ibm.ws.app.manager.module.internal.WebModuleInfoImpl
  contextRoot = "/project_duplicate"
  isDefaultContextRootUsed = true
  serialVersionUID = -1540279394520440503
  $$$tc$$$ = class com.ibm.websphere.ras.TraceComponent@61b761bd
    strings[0] = "TraceComponent[com.ibm.ws.app.manager.module.internal.WebModuleInfoImpl,class com.ibm.ws.app.manager.module.internal.WebModuleInfoImpl,[applications, app.manager],,null]"
  tc = class com.ibm.websphere.ras.TraceComponent@184671da
    strings[0] = "TraceComponent[com.ibm.ws.app.manager.module.internal.ExtendedModuleInfoImpl,class com.ibm.ws.app.manager.module.internal.ExtendedModuleInfoImpl,[app.manager],com.ibm.ws.app.manager.module.internal.resources.Messages,null]"
  appInfo = class com.ibm.ws.container.service.app.deploy.internal.ApplicationInfoImpl@398d8983
    appName = "project_duplicate"
    appMetaData = class com.ibm.ws.container.service.app.deploy.internal.ApplicationMetaDataImpl@6cf4cedc
    appContainer = class com.ibm.ws.adaptable.module.internal.AdaptableContainerImpl@6ee9d5ff
    configHelper = class com.ibm.ws.app.manager.module.ApplicationNestedConfigHelper@59e98442
      appInfo = class com.ibm.ws.app.manager.internal.ApplicationInstallInfo@751f9578
      serialVersionUID = -3174031738676705046
      $$$tc$$$ = class com.ibm.websphere.ras.TraceComponent@7c21692d
    applicationInformation = class com.ibm.ws.app.manager.internal.ApplicationInstallInfo@751f9578
    serialVersionUID = -505303337196743781
    $$$tc$$$ = class com.ibm.websphere.ras.TraceComponent@4af6b735
      strings[0] = "TraceComponent[com.ibm.ws.container.service.app.deploy.internal.ApplicationInfoImpl,class com.ibm.ws.container.service.app.deploy.internal.ApplicationInfoImpl,[container.service],com.ibm.ws.container.service.resources.Messages,null]"
  moduleName = "project_duplicate"
  path = "project_duplicate.war"
  moduleContainer = class com.ibm.ws.adaptable.module.internal.AdaptableContainerImpl@6ee9d5ff
    root = class com.ibm.ws.adaptable.module.internal.AdaptableContainerImpl@6ee9d5ff
    rootOverlay = class com.ibm.ws.artifact.overlay.internal.DirectoryBasedOverlayContainerImpl@4a2c0047
      base = class com.ibm.ws.artifact.loose.internal.LooseArchive@6f6c0ff0
      maskSet = class java.util.HashSet@1155aec4
      cfHolder = class com.ibm.ws.artifact.overlay.internal.OverlayContainerFactoryImpl@2ecfe4ba
      fileOverlayContainer = class com.ibm.ws.artifact.file.internal.FileContainer@3beb29da
      overlayDirectory = class java.io.File@156a46d
      cacheDirForOverlay = class java.io.File@e4a3838
      overlayNotifier = class com.ibm.ws.artifact.overlay.internal.DirectoryBasedOverlayNotifier@7ab7a8d3
      enclosingContainer = null
      entryInEnclosingContainer = null
      nestedOverlays = class java.util.concurrent.ConcurrentHashMap@325594bb
      cacheStore = class com.ibm.ws.artifact.overlay.internal.OverlayCache@5012ced2
      parentOverlay = null
      isPassThroughMode = true
      serialVersionUID = -1690795617118238166
      $$$tc$$$ = class com.ibm.websphere.ras.TraceComponent@3b202541
    factoryHolder = class com.ibm.ws.adaptable.module.internal.AdaptableModuleFactoryImpl@31149e2
      adapterFactoryService = class com.ibm.ws.adaptable.module.internal.AdapterFactoryServiceImpl@5ae89863
      containerFactory = class com.ibm.ws.artifact.internal.ArtifactContainerFactoryService@242c865b
      overlayContainerFactory = class com.ibm.ws.artifact.overlay.internal.OverlayContainerFactoryImpl@2ecfe4ba
      serialVersionUID = 4200251809856292987
      $$$tc$$$ = class com.ibm.websphere.ras.TraceComponent@1ca3b427
    delegate = class com.ibm.ws.artifact.overlay.internal.DirectoryBasedOverlayContainerImpl@4a2c0047
    notifier = class com.ibm.ws.adaptable.module.internal.NotifierImpl@318fc14e
      root = class com.ibm.ws.adaptable.module.internal.AdaptableContainerImpl@6ee9d5ff
      delegateNotifier = class com.ibm.ws.artifact.overlay.internal.DirectoryBasedOverlayNotifier@7ab7a8d3
      delegateRoot = class com.ibm.ws.artifact.overlay.internal.DirectoryBasedOverlayContainerImpl@4a2c0047
      listenerDelegates = class java.util.HashMap@592e875b
      serialVersionUID = 6839382523957017880
      $$$tc$$$ = class com.ibm.websphere.ras.TraceComponent@34b2941
    serialVersionUID = -5621513278641113667
    $$$tc$$$ = class com.ibm.websphere.ras.TraceComponent@49fe651c
      strings[0] = "TraceComponent[com.ibm.ws.adaptable.module.internal.AdaptableContainerImpl,class com.ibm.ws.adaptable.module.internal.AdaptableContainerImpl,[archive.adaptable],,null]"
  altDDEntry = null
  moduleClassesContainers = class java.util.ArrayList@158bdcd1
    serialVersionUID = 8683452581122892189
    DEFAULT_CAPACITY = 10
    EMPTY_ELEMENTDATA = class java.lang.Object[0]
    DEFAULTCAPACITY_EMPTY_ELEMENTDATA = class java.lang.Object[0]
    elementData = class java.lang.Object[10]
      Object[0] = class com.ibm.ws.app.manager.module.internal.SimpleDeployedAppInfoBase$WebModuleContainerInfo@6aff835a
      Object[1] = class com.ibm.ws.app.manager.module.internal.SimpleDeployedAppInfoBase$WebModuleContainerInfo$1@d2338e9
      Object[2] = class com.ibm.ws.app.manager.module.internal.SimpleDeployedAppInfoBase$WebModuleContainerInfo$2@52b55d75
      Object[3] = class com.ibm.ws.app.manager.module.internal.SimpleDeployedAppInfoBase$WebModuleContainerInfo$2@3886db1e
      Object[4] = class com.ibm.ws.app.manager.module.internal.SimpleDeployedAppInfoBase$WebModuleContainerInfo$2@3ec0bf8c
      Object[5] = class com.ibm.ws.app.manager.module.internal.SimpleDeployedAppInfoBase$WebModuleContainerInfo$2@6b54f846
      Object[6] = class com.ibm.ws.app.manager.module.internal.SimpleDeployedAppInfoBase$WebModuleContainerInfo$2@13724eac
      Object[7] = class com.ibm.ws.app.manager.module.internal.SimpleDeployedAppInfoBase$WebModuleContainerInfo$2@1da229f7
      Object[8] = class com.ibm.ws.app.manager.module.internal.SimpleDeployedAppInfoBase$WebModuleContainerInfo$2@2625c910
      Object[9] = null
    size = 9
    MAX_ARRAY_SIZE = 2147483639
    modCount = 10
    MAX_ARRAY_SIZE = 2147483639
  classLoaderFactory = class com.ibm.ws.app.manager.war.internal.WARDeployedAppInfo@45970511
    CONTEXT_ROOT = "context-root"
    webModuleHandler = class com.ibm.ws.app.manager.web.internal.WebModuleHandlerImpl@42dd2a4
      serialVersionUID = 4795602325763828210
      $$$tc$$$ = class com.ibm.websphere.ras.TraceComponent@16038b3
      futureMonitor = class com.ibm.ws.threading.internal.FutureMonitorImpl@ca08268
      metaDataService = class com.ibm.ws.container.service.metadata.internal.MetaDataServiceImpl@26314acc
      stateChangeService = class com.ibm.ws.container.service.state.internal.StateChangeServiceImpl@711ea58f
      moduleRuntimeContainer = class com.ibm.ws.webcontainer.osgi.WebContainer@7630b2b5
      firstFailure = null
      serialVersionUID = -4563697739413190872
      $$$tc$$$ = class com.ibm.websphere.ras.TraceComponent@50d0d6d3
    webContainerModuleInfo = class com.ibm.ws.app.manager.module.internal.SimpleDeployedAppInfoBase$WebModuleContainerInfo@6aff835a
      contextRoot = null
      defaultContextRoot = "project_duplicate"
      serialVersionUID = -8158961796913348204
      $$$tc$$$ = class com.ibm.websphere.ras.TraceComponent@6ebbaea1
      moduleHandler = class com.ibm.ws.app.manager.web.internal.WebModuleHandlerImpl@42dd2a4
      moduleMetaDataExtenders = class java.util.concurrent.CopyOnWriteArrayList@4d67ce6f
      nestedModuleMetaDataFactories = class java.util.concurrent.CopyOnWriteArrayList@5e838b08
      nestedModules = null
      moduleName = "project_duplicate"
      moduleDD = class com.ibm.ws.javaee.ddmodel.web.common.WebAppType@65575f41
      moduleInfo = class com.ibm.ws.app.manager.module.internal.WebModuleInfoImpl@4e83a17
      serialVersionUID = 8693907776607441911
      $$$tc$$$ = class com.ibm.websphere.ras.TraceComponent@2725f838
      type = class com.ibm.ws.container.service.app.deploy.ContainerInfo$Type@327e2eb5
      name = "project_duplicate.war"
      container = class com.ibm.ws.adaptable.module.internal.AdaptableContainerImpl@6ee9d5ff
      altDDEntry = null
      classesContainerInfo = class java.util.ArrayList@158bdcd1
      serialVersionUID = 7427332431485745589
      $$$tc$$$ = class com.ibm.websphere.ras.TraceComponent@3957016e
    DYNAMIC_IMPORT_PACKAGE_LIST = class java.util.Collections$UnmodifiableRandomAccessList@574d0a64
      serialVersionUID = -2542308836966382001
      serialVersionUID = -283967356065247728
      list = class java.util.Arrays$ArrayList@25892707
      serialVersionUID = 1820017752578914078
      c = class java.util.Arrays$ArrayList@25892707
    serialVersionUID = -6153587016903242961
    $$$tc$$$ = class com.ibm.websphere.ras.TraceComponent@4587e7f6
      strings[0] = "TraceComponent[com.ibm.ws.app.manager.war.internal.WARDeployedAppInfo,class com.ibm.ws.app.manager.war.internal.WARDeployedAppInfo,[webcontainer, applications, app.manager],com.ibm.ws.app.manager.war.internal.resources.Messages,null]"
    _tc = class com.ibm.websphere.ras.TraceComponent@61d0ef89
      strings[0] = "TraceComponent[com.ibm.ws.app.manager.module.internal.DeployedAppInfoBase,class com.ibm.ws.app.manager.module.internal.DeployedAppInfoBase,[app.manager],com.ibm.ws.app.manager.module.internal.resources.Messages,null]"
    PERMISSION_XML = "permissions.xml"
    applicationInformation = class com.ibm.ws.app.manager.internal.ApplicationInstallInfo@751f9578
      _config = class com.ibm.ws.app.manager.internal.ApplicationConfig@3e240d14
      _handlerInfo = class java.util.concurrent.atomic.AtomicReference@1155b50f
      _container = class java.util.concurrent.atomic.AtomicReference@291afbb2
      _resolvedLocation = class java.util.concurrent.atomic.AtomicReference@47dda935
      _handler = class com.ibm.ws.app.manager.war.internal.WARApplicationHandlerImpl@5753645
      _ami = class java.util.concurrent.atomic.AtomicReference@532d2557
      _updateHandler = class com.ibm.ws.app.manager.internal.statemachine.ApplicationStateMachineImpl@34569e56
      serialVersionUID = 2630639237123415755
      $$$tc$$$ = class com.ibm.websphere.ras.TraceComponent@2054935
    location = "D:\devel\tools\wlp\usr\servers\defaultServer\apps\project_duplicate.war.xml"
    classLoadingService = class com.ibm.ws.classloading.internal.ClassLoadingServiceImpl@15672270
      tc = class com.ibm.websphere.ras.TraceComponent@4f695a48
      leakDetectionMap = class java.util.HashMap@7eebcb4f
      TCCL_LOCK_WAIT = 15000
      REFERENCE_GENERATORS = "generators"
      bundleContext = class org.eclipse.osgi.internal.framework.BundleContextImpl@538fd3c3
      aclStore = class com.ibm.ws.classloading.internal.util.CanonicalStore@5cc6dd94
      tcclStore = class com.ibm.ws.classloading.internal.util.CanonicalStore@7b183e00
      tcclStoreLock = class java.util.concurrent.locks.ReentrantLock@2845c2a
      digraph = class org.eclipse.equinox.internal.region.StandardRegionDigraph@22955e86
      redefiner = class com.ibm.ws.classloading.internal.util.ClassRedefiner@49610fe6
      listener = class com.ibm.ws.classloading.internal.ClassLoadingServiceImpl$1@48d51d3d
      classloaders = class java.util.Collections$SynchronizedMap@7207d219
      resourceProviders = class com.ibm.ws.classloading.internal.CompositeResourceProvider@67c3df1c
      rememberedBundles = class java.util.concurrent.ConcurrentHashMap@5242a57f
      collectedBundles = class java.lang.ref.ReferenceQueue@5a2bb0df
      generatorRefs = class com.ibm.wsspi.kernel.service.utils.ConcurrentServiceReferenceSet@2871abd7
      generatorManager = class com.ibm.ws.classloading.internal.ClassGeneratorManager@2317572
      appExtLibs = class java.util.concurrent.CopyOnWriteArrayList@3a776252
      globalConfig = class com.ibm.ws.classloading.configuration.GlobalClassloadingConfiguration@762cf81f
      metaInfServicesProviders = class java.util.concurrent.ConcurrentHashMap@3182c2f8
      metaInfServicesRefs = class com.ibm.wsspi.kernel.service.utils.ConcurrentServiceReferenceMap@36a8315f
      protectionDomainMap = class java.util.HashMap@37cca02a
      metadataIdentifierService = class com.ibm.ws.container.service.metadata.internal.MetaDataServiceImpl@26314acc
      globalSharedLibrary = class java.util.concurrent.atomic.AtomicReference@103d9f0
      serialVersionUID = -2277344858934055980
    globalSharedLibrary = class com.ibm.ws.library.internal.SharedLibraryImpl@692c0590
      tc = class com.ibm.websphere.ras.TraceComponent@198cd957
      EMPTY_LIBRARY_LISTENERS = interface com.ibm.wsspi.library.LibraryChangeListener[0]
      deleted = false
      libraryListenersTracker = class org.osgi.util.tracker.ServiceTracker@d9bb82c
      libraryReg = class org.eclipse.osgi.internal.serviceregistry.ServiceRegistrationImpl@54de578e
      ctx = class org.eclipse.osgi.internal.framework.BundleContextImpl@538fd3c3
      classLoadingService = class com.ibm.ws.classloading.internal.ClassLoadingServiceImpl@15672270
      configAdmin = class com.ibm.ws.config.admin.internal.ConfigurationAdminImpl@69674c22
      resolvedBasePath = "D:/devel/tools/wlp/usr/servers/defaultServer/"
      generationLock = class com.ibm.ws.library.internal.SharedLibraryImpl$1@70ae70b8
      currentGeneration = class com.ibm.ws.library.internal.LibraryGeneration@390eb8b1
      nextGeneration = class com.ibm.ws.library.internal.LibraryGeneration@390eb8b1
      artifactContainerFactory = class com.ibm.ws.library.internal.SharedLibraryFactory$1@69042d64
      packageExporter = class com.ibm.ws.library.internal.LibraryPackageExporter@3a516a3a
      serialVersionUID = 6288237618632180389
    sharedLibDeploymentInfo = class com.ibm.ws.app.manager.module.internal.DeployedAppInfoBase$SharedLibDeploymentInfo@591092e0
      bundleContext = class org.eclipse.osgi.internal.framework.BundleContextImpl@45186ee0
      locAdmin = class com.ibm.ws.kernel.service.location.internal.WsLocationAdminImpl@543bf2e6
      artifactFactory = class com.ibm.ws.artifact.internal.ArtifactContainerFactoryService@242c865b
      moduleFactory = class com.ibm.ws.adaptable.module.internal.AdaptableModuleFactoryImpl@31149e2
      classesContainerInfo = class java.util.ArrayList@64d36d71
      serialVersionUID = -9033256786848720484
      $$$tc$$$ = class com.ibm.websphere.ras.TraceComponent@1d5bcb1f
    futureMonitor = class com.ibm.ws.threading.internal.FutureMonitorImpl@ca08268
      _monitor = class java.util.concurrent.ConcurrentLinkedQueue@13d6f220
      _executor = class com.ibm.ws.threading.internal.ScheduledExecutorImpl@5cf77391
      _threadRunning = class java.util.concurrent.atomic.AtomicBoolean@1f62a932
      _thread = class com.ibm.ws.threading.internal.FutureMonitorImpl$1@d1f8aa7
      serialVersionUID = 2765238413969174390
      $$$tc$$$ = class com.ibm.websphere.ras.TraceComponent@66189793
    configAdmin = class com.ibm.ws.config.admin.internal.ConfigurationAdminImpl@3bdb1eac
      tc = class com.ibm.websphere.ras.TraceComponent@1c06ff91
      bundle = class org.eclipse.osgi.internal.framework.EquinoxBundle@651fdba5
      caFactory = class com.ibm.ws.config.admin.internal.ConfigAdminServiceFactory@68d437b3
      serialVersionUID = -2875522750804142523
    libraryConfigHelper = class com.ibm.ws.classloading.ClassLoaderConfigHelper@73149fbd
      tc = class com.ibm.websphere.ras.TraceComponent@12324a52
      DEFAULT_API_TYPES = class java.util.RegularEnumSet@2203c913
      sharedLibraries = class java.util.Collections$EmptyList@63a1d3aa
      commonLibraries = class java.util.Collections$EmptyList@63a1d3aa
      classProviders = class java.util.Collections$EmptyList@63a1d3aa
      sharedLibrariesPids = null
      commonLibrariesPids = null
      isDelegateLast = false
      apiTypes = class java.util.RegularEnumSet@2203c913
      classLoaderConfigProps = null
      serialVersionUID = 7643888529935916418
    isDelegateLast = false
    permissionManager = class com.ibm.ws.classloading.java2sec.PermissionManager@5880cca5
      tc = class com.ibm.websphere.ras.TraceComponent@59c8948
      classLoadingService = class com.ibm.ws.classloading.internal.ClassLoadingServiceImpl@15672270
      DEFAULT_SERVER_RESTRICTABLE_PERMISSIONS = class java.security.Permission[4]
      DEFAULT_CLIENT_RESTRICTABLE_PERMISSIONS = class java.security.Permission[3]
      isServer = true
      wsjarUrlStreamHandlerAvailable = true
      restrictablePermissions = class java.util.ArrayList@5b67a31e
      grantedPermissions = class java.util.ArrayList@120c61bb
      KEY_PERMISSION = "permission"
      INCORRECT_PERMISSION_CONFIGURATION = "INCORRECT_PERMISSION_CONFIGURATION"
      PERMISSION_CLASSNOTFOUND = "PERMISSION_CLASSNOTFOUND"
      SERVER_XML = "server.xml"
      CLIENT_XML = "client.xml"
      originationFile = "server.xml"
      permissions = class com.ibm.wsspi.kernel.service.utils.ConcurrentServiceReferenceSet@5cd36630
      codeBasePermissionMap = class java.util.HashMap@356a418f
      permissionXMLPermissionMap = class java.util.HashMap@53f37b6f
      serialVersionUID = 3514017629123673923
    permissionsConfig = null
    serialVersionUID = 5168023053972273360
    appInfo = class com.ibm.ws.container.service.app.deploy.internal.ApplicationInfoImpl@398d8983
    modulesDeployed = class java.util.ArrayList@3cdeb520
      serialVersionUID = 8683452581122892189
      DEFAULT_CAPACITY = 10
      EMPTY_ELEMENTDATA = class java.lang.Object[0]
      DEFAULTCAPACITY_EMPTY_ELEMENTDATA = class java.lang.Object[0]
      elementData = class java.lang.Object[10]
      size = 1
      MAX_ARRAY_SIZE = 2147483639
      modCount = 1
      MAX_ARRAY_SIZE = 2147483639
    starting = true
    started = false
    appInfoFactory = class com.ibm.ws.container.service.app.deploy.internal.ApplicationInfoFactoryImpl@5b43a34e
      j2eeNameFactory = class com.ibm.wsspi.kernel.service.utils.AtomicServiceReference@1b446293
      names = class java.util.HashSet@6cf9f29d
      serialVersionUID = 7443990212682384945
      $$$tc$$$ = class com.ibm.websphere.ras.TraceComponent@489d6129
    metaDataService = class com.ibm.ws.container.service.metadata.internal.MetaDataServiceImpl@26314acc
      applicationMetaDataManager = class com.ibm.ws.container.service.metadata.internal.ApplicationMetaDataManager@453fad17
      moduleMetaDataManager = class com.ibm.ws.container.service.metadata.internal.ModuleMetaDataManager@63b7f01
      componentMetaDataManager = class com.ibm.ws.container.service.metadata.internal.ComponentMetaDataManager@546d2a44
      methodMetaDataManager = class com.ibm.ws.container.service.metadata.internal.MethodMetaDataManager@512eaef2
      appModuleNameToModuleContainer = class java.util.concurrent.ConcurrentHashMap@7bf6558c
      jeeNameToComponentMetaData = class java.util.concurrent.ConcurrentHashMap@26e8fe84
      deferredMetaDataFactories = class com.ibm.wsspi.kernel.service.utils.ConcurrentServiceReferenceSet@1beacf17
      deferredMetaDataInitializers = class com.ibm.wsspi.kernel.service.utils.ConcurrentServiceReferenceMap@3f17aba6
      serialVersionUID = -2494605732980966097
      $$$tc$$$ = class com.ibm.websphere.ras.TraceComponent@44df48d3
    stateChangeService = class com.ibm.ws.container.service.state.internal.StateChangeServiceImpl@711ea58f
      applicationStateManager = class com.ibm.ws.container.service.state.internal.ApplicationStateManager@47e92a4
      moduleStateManager = class com.ibm.ws.container.service.state.internal.ModuleStateManager@1faf40ad
      serialVersionUID = -537917915330350560
      $$$tc$$$ = class com.ibm.websphere.ras.TraceComponent@279e771e
    moduleClassesInfo = class com.ibm.ws.app.manager.module.internal.SimpleDeployedAppInfoBase$ModuleClassesInfoProvider@35634396
      entryContainerInfosMap = class java.util.HashMap@2569a9bc
      serialVersionUID = -70332790531324534
      $$$tc$$$ = class com.ibm.websphere.ras.TraceComponent@71c35503
    moduleContainerInfos = class java.util.ArrayList@68b94048
      serialVersionUID = 8683452581122892189
      DEFAULT_CAPACITY = 10
      EMPTY_ELEMENTDATA = class java.lang.Object[0]
      DEFAULTCAPACITY_EMPTY_ELEMENTDATA = class java.lang.Object[0]
      elementData = class java.lang.Object[10]
      size = 1
      MAX_ARRAY_SIZE = 2147483639
      modCount = 1
      MAX_ARRAY_SIZE = 2147483639
    activeModuleHandlers = class java.util.IdentityHashMap@3f07c395
      DEFAULT_CAPACITY = 32
      MINIMUM_CAPACITY = 4
      MAXIMUM_CAPACITY = 536870912
      table = class java.lang.Object[16]
      size = 0
      modCount = 2
      NULL_KEY = class java.lang.Object@4ac7b1af
      entrySet = null
      serialVersionUID = 8188218128353913216
      keySet = null
      values = null
    serialVersionUID = 7078125893012250887
    $$$tc$$$ = class com.ibm.websphere.ras.TraceComponent@188eb7fb
      strings[0] = "TraceComponent[com.ibm.ws.app.manager.module.internal.SimpleDeployedAppInfoBase,class com.ibm.ws.app.manager.module.internal.SimpleDeployedAppInfoBase,[applications, app.manager],,null]"
  containerInfoType = class com.ibm.ws.container.service.app.deploy.ContainerInfo$Type@327e2eb5
    MANIFEST_CLASSPATH = class com.ibm.ws.container.service.app.deploy.ContainerInfo$Type@3e34e9d0
      MANIFEST_CLASSPATH = class com.ibm.ws.container.service.app.deploy.ContainerInfo$Type@3e34e9d0
      WEB_INF_CLASSES = class com.ibm.ws.container.service.app.deploy.ContainerInfo$Type@279a8674
      WEB_INF_LIB = class com.ibm.ws.container.service.app.deploy.ContainerInfo$Type@354303cd
      EAR_LIB = class com.ibm.ws.container.service.app.deploy.ContainerInfo$Type@3b185ad5
      WEB_MODULE = class com.ibm.ws.container.service.app.deploy.ContainerInfo$Type@327e2eb5
      EJB_MODULE = class com.ibm.ws.container.service.app.deploy.ContainerInfo$Type@22fb5e0f
      CLIENT_MODULE = class com.ibm.ws.container.service.app.deploy.ContainerInfo$Type@5121d502
      RAR_MODULE = class com.ibm.ws.container.service.app.deploy.ContainerInfo$Type@7c51e980
      JAR_MODULE = class com.ibm.ws.container.service.app.deploy.ContainerInfo$Type@5e6da2d
      SHARED_LIB = class com.ibm.ws.container.service.app.deploy.ContainerInfo$Type@7d15f7b8
      $VALUES = class com.ibm.ws.container.service.app.deploy.ContainerInfo$Type[10]
      $$$tc$$$ = class com.ibm.websphere.ras.TraceComponent@4d332f59
      name = "MANIFEST_CLASSPATH"
      ordinal = 0
    WEB_INF_CLASSES = class com.ibm.ws.container.service.app.deploy.ContainerInfo$Type@279a8674
      MANIFEST_CLASSPATH = class com.ibm.ws.container.service.app.deploy.ContainerInfo$Type@3e34e9d0
      WEB_INF_CLASSES = class com.ibm.ws.container.service.app.deploy.ContainerInfo$Type@279a8674
      WEB_INF_LIB = class com.ibm.ws.container.service.app.deploy.ContainerInfo$Type@354303cd
      EAR_LIB = class com.ibm.ws.container.service.app.deploy.ContainerInfo$Type@3b185ad5
      WEB_MODULE = class com.ibm.ws.container.service.app.deploy.ContainerInfo$Type@327e2eb5
      EJB_MODULE = class com.ibm.ws.container.service.app.deploy.ContainerInfo$Type@22fb5e0f
      CLIENT_MODULE = class com.ibm.ws.container.service.app.deploy.ContainerInfo$Type@5121d502
      RAR_MODULE = class com.ibm.ws.container.service.app.deploy.ContainerInfo$Type@7c51e980
      JAR_MODULE = class com.ibm.ws.container.service.app.deploy.ContainerInfo$Type@5e6da2d
      SHARED_LIB = class com.ibm.ws.container.service.app.deploy.ContainerInfo$Type@7d15f7b8
      $VALUES = class com.ibm.ws.container.service.app.deploy.ContainerInfo$Type[10]
      $$$tc$$$ = class com.ibm.websphere.ras.TraceComponent@4d332f59
      name = "WEB_INF_CLASSES"
      ordinal = 1
    WEB_INF_LIB = class com.ibm.ws.container.service.app.deploy.ContainerInfo$Type@354303cd
      MANIFEST_CLASSPATH = class com.ibm.ws.container.service.app.deploy.ContainerInfo$Type@3e34e9d0
      WEB_INF_CLASSES = class com.ibm.ws.container.service.app.deploy.ContainerInfo$Type@279a8674
      WEB_INF_LIB = class com.ibm.ws.container.service.app.deploy.ContainerInfo$Type@354303cd
      EAR_LIB = class com.ibm.ws.container.service.app.deploy.ContainerInfo$Type@3b185ad5
      WEB_MODULE = class com.ibm.ws.container.service.app.deploy.ContainerInfo$Type@327e2eb5
      EJB_MODULE = class com.ibm.ws.container.service.app.deploy.ContainerInfo$Type@22fb5e0f
      CLIENT_MODULE = class com.ibm.ws.container.service.app.deploy.ContainerInfo$Type@5121d502
      RAR_MODULE = class com.ibm.ws.container.service.app.deploy.ContainerInfo$Type@7c51e980
      JAR_MODULE = class com.ibm.ws.container.service.app.deploy.ContainerInfo$Type@5e6da2d
      SHARED_LIB = class com.ibm.ws.container.service.app.deploy.ContainerInfo$Type@7d15f7b8
      $VALUES = class com.ibm.ws.container.service.app.deploy.ContainerInfo$Type[10]
      $$$tc$$$ = class com.ibm.websphere.ras.TraceComponent@4d332f59
      name = "WEB_INF_LIB"
      ordinal = 2
    EAR_LIB = class com.ibm.ws.container.service.app.deploy.ContainerInfo$Type@3b185ad5
      MANIFEST_CLASSPATH = class com.ibm.ws.container.service.app.deploy.ContainerInfo$Type@3e34e9d0
      WEB_INF_CLASSES = class com.ibm.ws.container.service.app.deploy.ContainerInfo$Type@279a8674
      WEB_INF_LIB = class com.ibm.ws.container.service.app.deploy.ContainerInfo$Type@354303cd
      EAR_LIB = class com.ibm.ws.container.service.app.deploy.ContainerInfo$Type@3b185ad5
      WEB_MODULE = class com.ibm.ws.container.service.app.deploy.ContainerInfo$Type@327e2eb5
      EJB_MODULE = class com.ibm.ws.container.service.app.deploy.ContainerInfo$Type@22fb5e0f
      CLIENT_MODULE = class com.ibm.ws.container.service.app.deploy.ContainerInfo$Type@5121d502
      RAR_MODULE = class com.ibm.ws.container.service.app.deploy.ContainerInfo$Type@7c51e980
      JAR_MODULE = class com.ibm.ws.container.service.app.deploy.ContainerInfo$Type@5e6da2d
      SHARED_LIB = class com.ibm.ws.container.service.app.deploy.ContainerInfo$Type@7d15f7b8
      $VALUES = class com.ibm.ws.container.service.app.deploy.ContainerInfo$Type[10]
      $$$tc$$$ = class com.ibm.websphere.ras.TraceComponent@4d332f59
      name = "EAR_LIB"
      ordinal = 3
    WEB_MODULE = class com.ibm.ws.container.service.app.deploy.ContainerInfo$Type@327e2eb5
    EJB_MODULE = class com.ibm.ws.container.service.app.deploy.ContainerInfo$Type@22fb5e0f
      MANIFEST_CLASSPATH = class com.ibm.ws.container.service.app.deploy.ContainerInfo$Type@3e34e9d0
      WEB_INF_CLASSES = class com.ibm.ws.container.service.app.deploy.ContainerInfo$Type@279a8674
      WEB_INF_LIB = class com.ibm.ws.container.service.app.deploy.ContainerInfo$Type@354303cd
      EAR_LIB = class com.ibm.ws.container.service.app.deploy.ContainerInfo$Type@3b185ad5
      WEB_MODULE = class com.ibm.ws.container.service.app.deploy.ContainerInfo$Type@327e2eb5
      EJB_MODULE = class com.ibm.ws.container.service.app.deploy.ContainerInfo$Type@22fb5e0f
      CLIENT_MODULE = class com.ibm.ws.container.service.app.deploy.ContainerInfo$Type@5121d502
      RAR_MODULE = class com.ibm.ws.container.service.app.deploy.ContainerInfo$Type@7c51e980
      JAR_MODULE = class com.ibm.ws.container.service.app.deploy.ContainerInfo$Type@5e6da2d
      SHARED_LIB = class com.ibm.ws.container.service.app.deploy.ContainerInfo$Type@7d15f7b8
      $VALUES = class com.ibm.ws.container.service.app.deploy.ContainerInfo$Type[10]
      $$$tc$$$ = class com.ibm.websphere.ras.TraceComponent@4d332f59
      name = "EJB_MODULE"
      ordinal = 5
    CLIENT_MODULE = class com.ibm.ws.container.service.app.deploy.ContainerInfo$Type@5121d502
      MANIFEST_CLASSPATH = class com.ibm.ws.container.service.app.deploy.ContainerInfo$Type@3e34e9d0
      WEB_INF_CLASSES = class com.ibm.ws.container.service.app.deploy.ContainerInfo$Type@279a8674
      WEB_INF_LIB = class com.ibm.ws.container.service.app.deploy.ContainerInfo$Type@354303cd
      EAR_LIB = class com.ibm.ws.container.service.app.deploy.ContainerInfo$Type@3b185ad5
      WEB_MODULE = class com.ibm.ws.container.service.app.deploy.ContainerInfo$Type@327e2eb5
      EJB_MODULE = class com.ibm.ws.container.service.app.deploy.ContainerInfo$Type@22fb5e0f
      CLIENT_MODULE = class com.ibm.ws.container.service.app.deploy.ContainerInfo$Type@5121d502
      RAR_MODULE = class com.ibm.ws.container.service.app.deploy.ContainerInfo$Type@7c51e980
      JAR_MODULE = class com.ibm.ws.container.service.app.deploy.ContainerInfo$Type@5e6da2d
      SHARED_LIB = class com.ibm.ws.container.service.app.deploy.ContainerInfo$Type@7d15f7b8
      $VALUES = class com.ibm.ws.container.service.app.deploy.ContainerInfo$Type[10]
      $$$tc$$$ = class com.ibm.websphere.ras.TraceComponent@4d332f59
      name = "CLIENT_MODULE"
      ordinal = 6
    RAR_MODULE = class com.ibm.ws.container.service.app.deploy.ContainerInfo$Type@7c51e980
      MANIFEST_CLASSPATH = class com.ibm.ws.container.service.app.deploy.ContainerInfo$Type@3e34e9d0
      WEB_INF_CLASSES = class com.ibm.ws.container.service.app.deploy.ContainerInfo$Type@279a8674
      WEB_INF_LIB = class com.ibm.ws.container.service.app.deploy.ContainerInfo$Type@354303cd
      EAR_LIB = class com.ibm.ws.container.service.app.deploy.ContainerInfo$Type@3b185ad5
      WEB_MODULE = class com.ibm.ws.container.service.app.deploy.ContainerInfo$Type@327e2eb5
      EJB_MODULE = class com.ibm.ws.container.service.app.deploy.ContainerInfo$Type@22fb5e0f
      CLIENT_MODULE = class com.ibm.ws.container.service.app.deploy.ContainerInfo$Type@5121d502
      RAR_MODULE = class com.ibm.ws.container.service.app.deploy.ContainerInfo$Type@7c51e980
      JAR_MODULE = class com.ibm.ws.container.service.app.deploy.ContainerInfo$Type@5e6da2d
      SHARED_LIB = class com.ibm.ws.container.service.app.deploy.ContainerInfo$Type@7d15f7b8
      $VALUES = class com.ibm.ws.container.service.app.deploy.ContainerInfo$Type[10]
      $$$tc$$$ = class com.ibm.websphere.ras.TraceComponent@4d332f59
      name = "RAR_MODULE"
      ordinal = 7
    JAR_MODULE = class com.ibm.ws.container.service.app.deploy.ContainerInfo$Type@5e6da2d
      MANIFEST_CLASSPATH = class com.ibm.ws.container.service.app.deploy.ContainerInfo$Type@3e34e9d0
      WEB_INF_CLASSES = class com.ibm.ws.container.service.app.deploy.ContainerInfo$Type@279a8674
      WEB_INF_LIB = class com.ibm.ws.container.service.app.deploy.ContainerInfo$Type@354303cd
      EAR_LIB = class com.ibm.ws.container.service.app.deploy.ContainerInfo$Type@3b185ad5
      WEB_MODULE = class com.ibm.ws.container.service.app.deploy.ContainerInfo$Type@327e2eb5
      EJB_MODULE = class com.ibm.ws.container.service.app.deploy.ContainerInfo$Type@22fb5e0f
      CLIENT_MODULE = class com.ibm.ws.container.service.app.deploy.ContainerInfo$Type@5121d502
      RAR_MODULE = class com.ibm.ws.container.service.app.deploy.ContainerInfo$Type@7c51e980
      JAR_MODULE = class com.ibm.ws.container.service.app.deploy.ContainerInfo$Type@5e6da2d
      SHARED_LIB = class com.ibm.ws.container.service.app.deploy.ContainerInfo$Type@7d15f7b8
      $VALUES = class com.ibm.ws.container.service.app.deploy.ContainerInfo$Type[10]
      $$$tc$$$ = class com.ibm.websphere.ras.TraceComponent@4d332f59
      name = "JAR_MODULE"
      ordinal = 8
    SHARED_LIB = class com.ibm.ws.container.service.app.deploy.ContainerInfo$Type@7d15f7b8
      MANIFEST_CLASSPATH = class com.ibm.ws.container.service.app.deploy.ContainerInfo$Type@3e34e9d0
      WEB_INF_CLASSES = class com.ibm.ws.container.service.app.deploy.ContainerInfo$Type@279a8674
      WEB_INF_LIB = class com.ibm.ws.container.service.app.deploy.ContainerInfo$Type@354303cd
      EAR_LIB = class com.ibm.ws.container.service.app.deploy.ContainerInfo$Type@3b185ad5
      WEB_MODULE = class com.ibm.ws.container.service.app.deploy.ContainerInfo$Type@327e2eb5
      EJB_MODULE = class com.ibm.ws.container.service.app.deploy.ContainerInfo$Type@22fb5e0f
      CLIENT_MODULE = class com.ibm.ws.container.service.app.deploy.ContainerInfo$Type@5121d502
      RAR_MODULE = class com.ibm.ws.container.service.app.deploy.ContainerInfo$Type@7c51e980
      JAR_MODULE = class com.ibm.ws.container.service.app.deploy.ContainerInfo$Type@5e6da2d
      SHARED_LIB = class com.ibm.ws.container.service.app.deploy.ContainerInfo$Type@7d15f7b8
      $VALUES = class com.ibm.ws.container.service.app.deploy.ContainerInfo$Type[10]
      $$$tc$$$ = class com.ibm.websphere.ras.TraceComponent@4d332f59
      name = "SHARED_LIB"
      ordinal = 9
    $VALUES = class com.ibm.ws.container.service.app.deploy.ContainerInfo$Type[10]
      Type[0] = class com.ibm.ws.container.service.app.deploy.ContainerInfo$Type@3e34e9d0
      Type[1] = class com.ibm.ws.container.service.app.deploy.ContainerInfo$Type@279a8674
      Type[2] = class com.ibm.ws.container.service.app.deploy.ContainerInfo$Type@354303cd
      Type[3] = class com.ibm.ws.container.service.app.deploy.ContainerInfo$Type@3b185ad5
      Type[4] = class com.ibm.ws.container.service.app.deploy.ContainerInfo$Type@327e2eb5
      Type[5] = class com.ibm.ws.container.service.app.deploy.ContainerInfo$Type@22fb5e0f
      Type[6] = class com.ibm.ws.container.service.app.deploy.ContainerInfo$Type@5121d502
      Type[7] = class com.ibm.ws.container.service.app.deploy.ContainerInfo$Type@7c51e980
      Type[8] = class com.ibm.ws.container.service.app.deploy.ContainerInfo$Type@5e6da2d
      Type[9] = class com.ibm.ws.container.service.app.deploy.ContainerInfo$Type@7d15f7b8
    $$$tc$$$ = class com.ibm.websphere.ras.TraceComponent@4d332f59
      strings[0] = "TraceComponent[com.ibm.ws.container.service.app.deploy.ContainerInfo$Type,class com.ibm.ws.container.service.app.deploy.ContainerInfo$Type,[container.service],com.ibm.ws.container.service.resources.Messages,null]"
    name = "WEB_MODULE"
    ordinal = 4
  classLoader = class com.ibm.ws.classloading.internal.AppClassLoader@7df25b31
    tc = class com.ibm.websphere.ras.TraceComponent@20e93a44
      strings[0] = "TraceComponent[com.ibm.ws.classloading.internal.AppClassLoader,class com.ibm.ws.classloading.internal.AppClassLoader,[ClassLoadingService],com.ibm.ws.classloading.internal.resources.ClassLoadingServiceMessages,null]"
    PARENT_FIRST_SEARCH_ORDER = class java.util.Collections$UnmodifiableRandomAccessList@54fbc1e8
      serialVersionUID = -2542308836966382001
      serialVersionUID = -283967356065247728
      list = class java.util.Arrays$ArrayList@43e958bd
      serialVersionUID = 1820017752578914078
      c = class java.util.Arrays$ArrayList@43e958bd
    CLASS_LOADING_TRACE_PREFIX = "com.ibm.ws.class.load."
    DEFAULT_PACKAGE = "default.package"
    perPackageClassLoadingTraceComponents = class java.util.concurrent.ConcurrentHashMap@78593821
      serialVersionUID = 7249069246763182397
      MAXIMUM_CAPACITY = 1073741824
      DEFAULT_CAPACITY = 16
      MAX_ARRAY_SIZE = 2147483639
      DEFAULT_CONCURRENCY_LEVEL = 16
      LOAD_FACTOR = 0.75
      TREEIFY_THRESHOLD = 8
      UNTREEIFY_THRESHOLD = 6
      MIN_TREEIFY_CAPACITY = 64
      MIN_TRANSFER_STRIDE = 16
      RESIZE_STAMP_BITS = 16
      MAX_RESIZERS = 65535
      RESIZE_STAMP_SHIFT = 16
      MOVED = -1
      TREEBIN = -2
      RESERVED = -3
      HASH_BITS = 2147483647
      NCPU = 4
      serialPersistentFields = class java.io.ObjectStreamField[3]
      table = class java.util.concurrent.ConcurrentHashMap$Node[64]
      nextTable = null
      baseCount = 26
      sizeCtl = 48
      transferIndex = 0
      cellsBusy = 0
      counterCells = null
      keySet = null
      values = null
      entrySet = null
      U = class jdk.internal.misc.Unsafe@1305e68
      SIZECTL = 20
      TRANSFERINDEX = 32
      BASECOUNT = 24
      CELLSBUSY = 36
      CELLVALUE = 144
      ABASE = 16
      ASHIFT = 2
      keySet = null
      values = null
    config = class com.ibm.ws.classloading.internal.ClassLoaderConfigurationImpl@38107715
      DEFAULT_PROTECTION_DOMAIN = class java.security.ProtectionDomain@c3f5378
      delegateLast = false
      includeAppExtensions = true
      id = class com.ibm.ws.classloading.serializable.ClassLoaderIdentityImpl@3207c7ea
      parentId = null
      sharedLibraries = class java.util.ArrayList@23a6503e
      commonLibraries = class java.util.Collections$EmptyList@63a1d3aa
      providers = class java.util.Collections$EmptyList@63a1d3aa
      nativeLibraryContainers = class java.util.Collections$EmptyList@63a1d3aa
      protectionDomain = class java.security.ProtectionDomain@4915c87c
      serialVersionUID = 9091690180200375339
      $$$tc$$$ = class com.ibm.websphere.ras.TraceComponent@5daad13d
    privateLibraries = null
    delegateLoaders = class com.ibm.ws.classloading.internal.util.CompositeIterable@2c2491f5
      iterables = class java.util.Arrays$ArrayList@47acc67c
      serialVersionUID = -1227195994638150837
      $$$tc$$$ = class com.ibm.websphere.ras.TraceComponent@5c44d92d
    nativeLibraryFiles = class java.util.ArrayList@2bfa40d6
      serialVersionUID = 8683452581122892189
      DEFAULT_CAPACITY = 10
      EMPTY_ELEMENTDATA = class java.lang.Object[0]
      DEFAULTCAPACITY_EMPTY_ELEMENTDATA = class java.lang.Object[0]
      elementData = class java.lang.Object[0]
      size = 0
      MAX_ARRAY_SIZE = 2147483639
      modCount = 0
      MAX_ARRAY_SIZE = 2147483639
    transformers = class java.util.ArrayList@1ad3edb8
      serialVersionUID = 8683452581122892189
      DEFAULT_CAPACITY = 10
      EMPTY_ELEMENTDATA = class java.lang.Object[0]
      DEFAULTCAPACITY_EMPTY_ELEMENTDATA = class java.lang.Object[0]
      elementData = class java.lang.Object[0]
      size = 0
      MAX_ARRAY_SIZE = 2147483639
      modCount = 0
      MAX_ARRAY_SIZE = 2147483639
    apiAccess = class com.ibm.ws.classloading.internal.GatewayClassLoader@597daab0
      config = class com.ibm.ws.classloading.internal.GatewayConfigurationImpl@2679e8ef
      wiringMonitor = class com.ibm.ws.classloading.internal.GatewayClassLoader$1@21cb5c25
      bundle = class org.eclipse.osgi.internal.framework.EquinoxBundle@2d20dbd7
      wiring = class org.eclipse.osgi.container.ModuleWiring@25d39181
      bundleLoader = class org.eclipse.osgi.internal.loader.EquinoxClassLoader@1ee9457a
      resourceProviders = class com.ibm.ws.classloading.internal.CompositeResourceProvider@67c3df1c
      serialVersionUID = -4256474098847905153
      $$$tc$$$ = class com.ibm.websphere.ras.TraceComponent@35dbc0
    generator = class com.ibm.ws.classloading.internal.ClassGeneratorManager@2317572
      tc = class com.ibm.websphere.ras.TraceComponent@7cd216fb
      generatorRefs = class com.ibm.wsspi.kernel.service.utils.ConcurrentServiceReferenceSet@2871abd7
      serialVersionUID = 4152663586056483310
    protectionDomains = class java.util.concurrent.ConcurrentHashMap@21c08928
      serialVersionUID = 7249069246763182397
      MAXIMUM_CAPACITY = 1073741824
      DEFAULT_CAPACITY = 16
      MAX_ARRAY_SIZE = 2147483639
      DEFAULT_CONCURRENCY_LEVEL = 16
      LOAD_FACTOR = 0.75
      TREEIFY_THRESHOLD = 8
      UNTREEIFY_THRESHOLD = 6
      MIN_TREEIFY_CAPACITY = 64
      MIN_TRANSFER_STRIDE = 16
      RESIZE_STAMP_BITS = 16
      MAX_RESIZERS = 65535
      RESIZE_STAMP_SHIFT = 16
      MOVED = -1
      TREEBIN = -2
      RESERVED = -3
      HASH_BITS = 2147483647
      NCPU = 4
      serialPersistentFields = class java.io.ObjectStreamField[3]
      table = class java.util.concurrent.ConcurrentHashMap$Node[16]
      nextTable = null
      baseCount = 5
      sizeCtl = 12
      transferIndex = 0
      cellsBusy = 0
      counterCells = null
      keySet = null
      values = null
      entrySet = null
      U = class jdk.internal.misc.Unsafe@1305e68
      SIZECTL = 20
      TRANSFERINDEX = 32
      BASECOUNT = 24
      CELLSBUSY = 36
      CELLVALUE = 144
      ABASE = 16
      ASHIFT = 2
      keySet = null
      values = null
    parent = class com.ibm.ws.classloading.internal.GatewayClassLoader@597daab0
    hook = null
    serialVersionUID = 7911131531697267209
    tc = class com.ibm.websphere.ras.TraceComponent@1691d61
      strings[0] = "TraceComponent[com.ibm.ws.classloading.internal.ContainerClassLoader,class com.ibm.ws.classloading.internal.ContainerClassLoader,[ClassLoadingService],com.ibm.ws.classloading.internal.resources.ClassLoadingServiceMessages,null]"
    smartClassPath = class com.ibm.ws.classloading.internal.ContainerClassLoader$SmartClassPathImpl@29e31fdc
      rwLock = class java.util.concurrent.locks.ReentrantReadWriteLock@2eec1c38
      outstandingContainers = class java.util.concurrent.atomic.AtomicInteger@456f6fa
      usePackageMap = true
      maxLastNotFound = 250
      maxLastFound = 900
      maxLastReallyNotFound = 900
      propsInUse = false
      classPath = class java.util.concurrent.CopyOnWriteArrayList@48fe3802
      MAX_LASTNOTFOUND = 250
      lastNotFound = class java.util.concurrent.CopyOnWriteArrayList@56bcea52
      MAX_LASTFOUND = 900
      lastFoundURL = class java.util.Collections$SynchronizedMap@187f3161
      MAX_LASTREALLYNOTFOUND = 900
      lastReallyNotFoundURL = class java.util.Collections$SynchronizedMap@2bade5b2
      packageMap = class java.util.HashMap@122ae6ed
      containers = class java.util.Collections$SetFromMap@23757080
      serialVersionUID = 5999673258880429274
      $$$tc$$$ = class com.ibm.websphere.ras.TraceComponent@ad5663e
    nativeLibraryContainers = class java.util.ArrayList@50e606c6
      serialVersionUID = 8683452581122892189
      DEFAULT_CAPACITY = 10
      EMPTY_ELEMENTDATA = class java.lang.Object[0]
      DEFAULTCAPACITY_EMPTY_ELEMENTDATA = class java.lang.Object[0]
      elementData = class java.lang.Object[0]
      size = 0
      MAX_ARRAY_SIZE = 2147483639
      modCount = 0
      MAX_ARRAY_SIZE = 2147483639
    redefiner = class com.ibm.ws.classloading.internal.util.ClassRedefiner@49610fe6
      tc = class com.ibm.websphere.ras.TraceComponent@57f599fd
      LS = "
"
      inst = class com.ibm.ws.kernel.launch.internal.TraceInstrumentation@6faa9167
      serialVersionUID = 2420101865139508526
    jarProtocol = "wsjar:"
    mapCreationQueue = class java.util.concurrent.Executors$FinalizableDelegatedExecutorService@56b0ee2c
      e = class java.util.concurrent.ThreadPoolExecutor@4a67da2e
    serialVersionUID = 4390450102868895350
    serialVersionUID = -7411549862368381758
    $$$tc$$$ = class com.ibm.websphere.ras.TraceComponent@704fd87e
      strings[0] = "TraceComponent[com.ibm.ws.classloading.internal.IdentifiedLoader,class com.ibm.ws.classloading.internal.IdentifiedLoader,[ClassLoadingService],com.ibm.ws.classloading.internal.resources.ClassLoadingServiceMessages,null]"
    serialVersionUID = -4868702105808481416
    $$$tc$$$ = class com.ibm.websphere.ras.TraceComponent@23ab014b
      strings[0] = "TraceComponent[com.ibm.ws.classloading.internal.LibertyLoader,class com.ibm.ws.classloading.internal.LibertyLoader,[ClassLoadingService],com.ibm.ws.classloading.internal.resources.ClassLoadingServiceMessages,null]"
    serialVersionUID = 2596921220292114344
    $$$tc$$$ = class com.ibm.websphere.ras.TraceComponent@203af6bc
      strings[0] = "TraceComponent[com.ibm.ws.classloading.LibertyClassLoader,class com.ibm.ws.classloading.LibertyClassLoader,[ClassLoadingService],com.ibm.ws.classloading.internal.resources.ClassLoadingServiceMessages,null]"
    pdcache = class java.util.concurrent.ConcurrentHashMap@555d9f4f
      serialVersionUID = 7249069246763182397
      MAXIMUM_CAPACITY = 1073741824
      DEFAULT_CAPACITY = 16
      MAX_ARRAY_SIZE = 2147483639
      DEFAULT_CONCURRENCY_LEVEL = 16
      LOAD_FACTOR = 0.75
      TREEIFY_THRESHOLD = 8
      UNTREEIFY_THRESHOLD = 6
      MIN_TREEIFY_CAPACITY = 64
      MIN_TRANSFER_STRIDE = 16
      RESIZE_STAMP_BITS = 16
      MAX_RESIZERS = 65535
      RESIZE_STAMP_SHIFT = 16
      MOVED = -1
      TREEBIN = -2
      RESERVED = -3
      HASH_BITS = 2147483647
      NCPU = 4
      serialPersistentFields = class java.io.ObjectStreamField[3]
      table = null
      nextTable = null
      baseCount = 0
      sizeCtl = 16
      transferIndex = 0
      cellsBusy = 0
      counterCells = null
      keySet = null
      values = null
      entrySet = null
      U = class jdk.internal.misc.Unsafe@1305e68
      SIZECTL = 20
      TRANSFERINDEX = 32
      BASECOUNT = 24
      CELLSBUSY = 36
      CELLVALUE = 144
      ABASE = 16
      ASHIFT = 2
      keySet = null
      values = null
  moduleMetaData = class com.ibm.ws.webcontainer.osgi.metadata.WebModuleMetaDataImpl@673cc52
    applicationMetaData = class com.ibm.ws.container.service.app.deploy.internal.ApplicationMetaDataImpl@6cf4cedc
      j2eeName = class com.ibm.ws.container.service.metadata.internal.J2EENameImpl@4ed3a3ed
      serialVersionUID = -7906531148367236579
      $$$tc$$$ = class com.ibm.websphere.ras.TraceComponent@351b25fd
      tc = class com.ibm.websphere.ras.TraceComponent@169e2c44
      NUM_STATIC_SLOTS = 4
      ID_UNINITIALIZED = -1
      id = 1
      metaDataInterface = class java.lang.Class@1cb8598c
      staticSlots = class java.lang.Object[4]
      dynamicSlots = class java.lang.Object[4]
    j2eeName = class com.ibm.ws.container.service.metadata.internal.J2EENameImpl@6b8aef87
      serialVersionUID = 7488184044073147667
      application = "project_duplicate"
      module = "project_duplicate.war"
      component = null
      string = "project_duplicate#project_duplicate.war"
      j2eeNameBytes = null
      $$$tc$$$ = class com.ibm.websphere.ras.TraceComponent@177b6999
    wccmd = class com.ibm.ws.webcontainer.osgi.metadata.WebCollaboratorComponentMetaDataImpl@1c464b0b
      j2eeName = null
      webModuleMetaData = class com.ibm.ws.webcontainer.osgi.metadata.WebModuleMetaDataImpl@673cc52
      tc = class com.ibm.websphere.ras.TraceComponent@169e2c44
      NUM_STATIC_SLOTS = 4
      ID_UNINITIALIZED = -1
      id = -1
      metaDataInterface = class java.lang.Class@539b6a57
      staticSlots = class java.lang.Object[4]
      dynamicSlots = null
    securityMetaData = class com.ibm.ws.webcontainer.security.metadata.SecurityServletConfiguratorHelper@44f058d
      AUTH_METHOD_KEY = "auth-method"
      FORM_LOGIN_CONFIG_KEY = "form-login-config"
      REALM_NAME_KEY = "realm-name"
      LOGIN_CONFIG_KEY = "login-config"
      RUN_AS_KEY = "run-as"
      SERVLET_NAME_KEY = "servlet-name"
      SERVLET_KEY = "servlet"
      SECURITY_CONSTRAINT_KEY = "security-constraint"
      AUTH_CONSTRAINT_KEY = "auth-constraint"
      USER_DATA_CONSTRAINT_KEY = "user-data-constraint"
      DENY_UNCOVERED_HTTP_METHODS_KEY = "deny-uncovered-http-methods"
      SYNC_TO_OS_THREAD_ENV_ENTRY_KEY = "com.ibm.websphere.security.SyncToOSThread"
      ROLES_ALLOWED = "javax.annotation.security.RolesAllowed"
      tc = class com.ibm.websphere.ras.TraceComponent@7cc0b9be
      configurator = null
      ALL_ROLES_MARKER = "*"
      securityConstraintCollection = class com.ibm.ws.webcontainer.security.metadata.SecurityConstraintCollectionImpl@17aafc5c
      loginConfiguration = class com.ibm.ws.webcontainer.security.metadata.LoginConfigurationImpl@485804bf
      allRoles = class java.util.ArrayList@feecc57
      securityRoleRefsByServlet = class java.util.HashMap@225786ae
      urlPatternToServletName = class java.util.HashMap@625fc6a4
      servletNameToRunAsRole = class java.util.HashMap@6aaa5bac
      syncToOSThread = false
      denyUncoveredHttpMethods = false
      serialVersionUID = 3937804347548930695
    annotatedSecurityMetaData = null
    webAppConfig = class com.ibm.ws.webcontainer.osgi.webapp.WebAppConfiguration@3c1e850b
      webModuleMetaData = class com.ibm.ws.webcontainer.osgi.metadata.WebModuleMetaDataImpl@673cc52
      webComponentMetaData = class com.ibm.ws.webcontainer.osgi.metadata.WebComponentMetaDataImpl@445acc0c
      dVirtualHost = null
      orderedLibPaths = class java.util.Collections$UnmodifiableRandomAccessList@51848b51
      bundleHeaders = null
      cdiEnabled = false
      CLASS_NAME = "com.ibm.ws.webcontainer.webapp.WebAppConfiguration"
      logger = class com.ibm.ws.logging.internal.WsLogger@2bafccda
      tc = class com.ibm.websphere.ras.TraceComponent@679fe534
      nls = class com.ibm.ejs.ras.TraceNLS@3b00d7b
      version = 30
      contextRoot = "/project_duplicate"
      isDefaultContextRootUsed = true
      sessionTimeout = -1
      moduleSessionTimeoutSet = true
      moduleSessionTrackingModeSet = false
      sessionCookieConfig = null
      hasProgrammaticCookieConfig = false
      sessionDefaultTrackingModeSet = null
      sessionManagerConfig = null
      displayName = "project_duplicate"
      description = null
      reloadInterval = 0
      distributable = false
      denyUncoveredHttpMethods = false
      reloadingEnabled = false
      serveServletsByClassnameEnabled = null
      defaultErrorPage = null
      additionalClassPath = null
      fileServingEnabled = null
      directoryBrowsingEnabled = null
      autoRequestEncoding = false
      autoResponseEncoding = false
      autoLoadFilters = false
      requestListeners = null
      requestAttributeListeners = null
      sessionListeners = null
      localeMap = null
      moduleName = "project_duplicate"
      j2eeModuleName = "project_duplicate.war"
      moduleId = null
      isSyncToThreadEnabled = false
      encodeDispatchedRequestURI = false
      isSystemApp = false
      ardEnabled = false
      ardDispatchType = null
      listeners = class java.util.ArrayList@11988bad
      welcomeFileList = class java.util.ArrayList@64b344cc
      servletMappings = class java.util.HashMap@312f9d9c
      lastIndexBeforeDeclaredFilters = 0
      filterMappings = class java.util.ArrayList@32f79517
      servletInfo = class java.util.concurrent.ConcurrentHashMap@6767b507
      filterInfo = class java.util.HashMap@190c0803
      mimeMappings = class java.util.HashMap@5482a5c3
      mimeFilters = null
      isMimeFilteringEnabled = false
      theWebGroup = null
      jspAttributes = null
      fileServingAttributes = class java.util.HashMap@5a53cd69
      invokerAttributes = class java.util.HashMap@c684a9
      contextParams = class java.util.HashMap@7973d8a2
      virtualHost = null
      exceptionErrorPages = class java.util.HashMap@381ed6f2
      codeErrorPages = class java.util.HashMap@7ce26c1d
      tagLibList = null
      precompileJsps = false
      webApp = class com.ibm.ws.webcontainer40.osgi.webapp.WebApp40@48355ce4
      virtualHostList = class java.util.Collections$EmptyList@63a1d3aa
      appStartupWeight = 0
      moduleStartupWeight = 0
      metaDataComplete = false
      classesToScan = class java.util.ArrayList@2fe43b88
      uriFilterMappingInfos = null
      servletFilterMappingInfos = null
      dynamicServletRegistrationMap = null
      applicationName = "project_duplicate"
      libBinPathList = null
      webXmlDefinedListeners = class java.util.HashSet@6183c1c0
      allRefs = class java.util.EnumMap@eeecb69
      allRefBindings = class java.util.EnumMap@6c5e742c
      envEntryValues = class java.util.HashMap@62e82a54
      resourceRefConfigList = null
      disallowAllFileServingProp = "false"
      disallowServeServletsByClassnameProp = "true"
      disableStaticMappingCache = false
      jspCachedLocations = class java.util.HashMap@1d1a6a08
      primedSTSHeader = "NoValue"
      enablemultireadofpostdata = false
      requestEncoding = null
      responseEncoding = null
      NULLSERVLETNAME = "com.ibm.ws.webcontainer.NullServletName"
      _id = "WebAppGeneratedId180"
      _attributes = null
      serialVersionUID = 7511545662945734886
      $$$tc$$$ = class com.ibm.websphere.ras.TraceComponent@247d6a92
    _isServlet23OrHigher = false
    jspComponentMetaData = class com.ibm.ws.jsp.runtime.metadata.JspComponentMetaData@7e75f662
      looseLibs = null
      servletEngineReloadEnabled = true
      servlet2_2 = false
      servletEngineReloadInterval = 5000
      applicationDisplayName = "project_duplicate"
      syncToThread = false
      serialVersionUID = -1725832635735780667
      $$$tc$$$ = class com.ibm.websphere.ras.TraceComponent@91745d6
      jspPropertyGroups = class java.util.Collections$EmptyList@63a1d3aa
      jspTaglibs = class java.util.Collections$EmptyMap@6daa5d
    sessionCookieNameInUse = null
    mBeanServiceReg = null
    tc = class com.ibm.websphere.ras.TraceComponent@169e2c44
      strings[0] = "TraceComponent[com.ibm.ws.runtime.metadata.MetaDataImpl,class com.ibm.ws.runtime.metadata.MetaDataImpl,[Runtime],null,null]"
    NUM_STATIC_SLOTS = 4
    ID_UNINITIALIZED = -1
    id = 9
    metaDataInterface = class java.lang.Class@40e5980d
      ANNOTATION = 8192
      ENUM = 16384
      SYNTHETIC = 4096
      cachedConstructor = null
      name = "com.ibm.ws.runtime.metadata.ModuleMetaData"
      module = class java.lang.Module@7dc11ed1
      packageName = "com.ibm.ws.runtime.metadata"
      componentType = {} /* array length = 0 */
      allPermDomain = class java.security.ProtectionDomain@39d8da1e
      reflectionData = null
      classRedefinedCount = 0
      genericInfo = null
      EMPTY_CLASS_ARRAY = class java.lang.Class[0]
      serialVersionUID = 3206093459760846163
      serialPersistentFields = class java.io.ObjectStreamField[0]
      reflectionFactory = class jdk.internal.reflect.ReflectionFactory@633c3030
      enumConstants = null
      enumConstantDirectory = null
      annotationData = null
      annotationType = null
      classValueMap = null
    staticSlots = class java.lang.Object[4]
      Object[0] = class com.ibm.ws.jaxrs20.metadata.JaxRsModuleMetaData@3567ac7a
      Object[1] = class com.ibm.ws.injectionengine.osgi.internal.OSGiInjectionScopeData@41f677e6
      Object[2] = class com.ibm.ws.jaxws.metadata.JaxWsModuleMetaData@7b2788ee
      Object[3] = class com.ibm.ws.ejbcontainer.osgi.internal.metadata.OSGiEJBModuleMetaDataImpl@23145620
    dynamicSlots = class java.lang.Object[4]
      Object[0] = class com.ibm.ws.container.service.naming.JavaColonNamespaceBindings@5df99925
      Object[1] = class com.ibm.ws.beanvalidation.BeanValidationMetaData@7b703437
      Object[2] = null
      Object[3] = "project_duplicate"
  nestedModuleMetaDataTypes = class java.util.ArrayList@2a225966
    serialVersionUID = 8683452581122892189
    DEFAULT_CAPACITY = 10
    EMPTY_ELEMENTDATA = class java.lang.Object[0]
    DEFAULTCAPACITY_EMPTY_ELEMENTDATA = class java.lang.Object[0]
    elementData = class java.lang.Object[2]
      Object[0] = "ejb"
      Object[1] = null
    size = 1
    MAX_ARRAY_SIZE = 2147483639
    modCount = 1
    MAX_ARRAY_SIZE = 2147483639
  nestedModuleMetaDataValues = class java.util.ArrayList@618475a7
    serialVersionUID = 8683452581122892189
    DEFAULT_CAPACITY = 10
    EMPTY_ELEMENTDATA = class java.lang.Object[0]
    DEFAULTCAPACITY_EMPTY_ELEMENTDATA = class java.lang.Object[0]
    elementData = class java.lang.Object[2]
      Object[0] = class com.ibm.ws.ejbcontainer.osgi.internal.metadata.OSGiEJBModuleMetaDataImpl@23145620
      Object[1] = null
    size = 1
    MAX_ARRAY_SIZE = 2147483639
    modCount = 1
    MAX_ARRAY_SIZE = 2147483639
  serialVersionUID = 3986734351620206554

