------Start of DE processing------ = [31/05/19 13:03:35:579 PET]
Exception = com.ibm.ws.container.service.state.StateChangeException
Source = com.ibm.ws.app.manager.module.internal.DeployedAppInfoBase
probeid = 385
Stack Dump = com.ibm.ws.container.service.state.StateChangeException: java.lang.annotation.AnnotationFormatError: Duplicate annotation for class: interface javax.inject.Inject: @javax.inject.Inject()
	at com.ibm.ws.container.service.state.internal.ApplicationStateManager.fireStarting(ApplicationStateManager.java:32)
	at com.ibm.ws.container.service.state.internal.StateChangeServiceImpl.fireApplicationStarting(StateChangeServiceImpl.java:50)
	at com.ibm.ws.app.manager.module.internal.DeployedAppInfoBase.preDeployApp(DeployedAppInfoBase.java:384)
	at com.ibm.ws.app.manager.module.internal.DeployedAppInfoBase.deployApp(DeployedAppInfoBase.java:413)
	at com.ibm.ws.app.manager.war.internal.WARApplicationHandlerImpl.install(WARApplicationHandlerImpl.java:65)
	at com.ibm.ws.app.manager.internal.statemachine.StartAction.execute(StartAction.java:140)
	at com.ibm.ws.app.manager.internal.statemachine.ApplicationStateMachineImpl.enterState(ApplicationStateMachineImpl.java:1261)
	at com.ibm.ws.app.manager.internal.statemachine.ApplicationStateMachineImpl.performAction(ApplicationStateMachineImpl.java:1129)
	at com.ibm.ws.app.manager.internal.statemachine.ApplicationStateMachineImpl.run(ApplicationStateMachineImpl.java:884)
	at com.ibm.ws.threading.internal.ExecutorServiceImpl$RunnableWrapper.run(ExecutorServiceImpl.java:239)
	at java.base/java.util.concurrent.ThreadPoolExecutor.runWorker(ThreadPoolExecutor.java:1128)
	at java.base/java.util.concurrent.ThreadPoolExecutor$Worker.run(ThreadPoolExecutor.java:628)
	at java.base/java.lang.Thread.run(Thread.java:835)
Caused by: java.lang.annotation.AnnotationFormatError: Duplicate annotation for class: interface javax.inject.Inject: @javax.inject.Inject()
	at java.base/sun.reflect.annotation.AnnotationParser.parseAnnotations2(AnnotationParser.java:126)
	at java.base/sun.reflect.annotation.AnnotationParser.parseAnnotations(AnnotationParser.java:73)
	at java.base/java.lang.reflect.Field.declaredAnnotations(Field.java:1175)
	at java.base/java.lang.reflect.Field.declaredAnnotations(Field.java:1173)
	at java.base/java.lang.reflect.Field.getAnnotation(Field.java:1142)
	at com.ibm.ws.injectionengine.InjectionProcessorManager.processMemberAnnotations(InjectionProcessorManager.java:462)
	at com.ibm.ws.injectionengine.InjectionProcessorManager.processAnnotations(InjectionProcessorManager.java:225)
	at com.ibm.ws.injectionengine.AbstractInjectionEngine.processInjectionMetaData(AbstractInjectionEngine.java:513)
	at com.ibm.ws.injectionengine.osgi.internal.OSGiInjectionEngineImpl.processInjectionMetaData(OSGiInjectionEngineImpl.java:238)
	at com.ibm.ws.injectionengine.ReferenceContextImpl.processImpl(ReferenceContextImpl.java:588)
	at com.ibm.ws.injectionengine.ReferenceContextImpl.process(ReferenceContextImpl.java:287)
	at com.ibm.ws.injectionengine.osgi.internal.OSGiReferenceContextImpl.process(OSGiReferenceContextImpl.java:30)
	at com.ibm.ws.cdi.impl.weld.WebSphereCDIDeploymentImpl.initializeInjectionServices(WebSphereCDIDeploymentImpl.java:631)
	at com.ibm.ws.cdi.impl.CDIContainerImpl.startInitialization(CDIContainerImpl.java:133)
	at com.ibm.ws.cdi.liberty.CDIRuntimeImpl.applicationStarting(CDIRuntimeImpl.java:438)
	at com.ibm.ws.container.service.state.internal.ApplicationStateManager.fireStarting(ApplicationStateManager.java:28)
	... 12 more

Dump of callerThis
Object type = com.ibm.ws.app.manager.war.internal.WARDeployedAppInfo
  CONTEXT_ROOT = "context-root"
  webModuleHandler = class com.ibm.ws.app.manager.web.internal.WebModuleHandlerImpl@5c1d1e48
    serialVersionUID = 4795602325763828210
    $$$tc$$$ = class com.ibm.websphere.ras.TraceComponent@2bf0c9c5
      strings[0] = "TraceComponent[com.ibm.ws.app.manager.web.internal.WebModuleHandlerImpl,class com.ibm.ws.app.manager.web.internal.WebModuleHandlerImpl,[webcontainer, applications, app.manager],com.ibm.ws.app.manager.war.internal.resources.Messages,null]"
    futureMonitor = class com.ibm.ws.threading.internal.FutureMonitorImpl@36531a21
    metaDataService = class com.ibm.ws.container.service.metadata.internal.MetaDataServiceImpl@7f25470d
    stateChangeService = class com.ibm.ws.container.service.state.internal.StateChangeServiceImpl@3f8d4e7c
    moduleRuntimeContainer = class com.ibm.ws.webcontainer.osgi.WebContainer@55475e0a
      tc = class com.ibm.websphere.ras.TraceComponent@534f778f
      CLASS_NAME = "com.ibm.ws.webcontainer.osgi.WebContainer"
      initialized = true
      eventService = class com.ibm.ws.event.internal.EventEngineImpl@69cdf082
      futureMonitor = class com.ibm.ws.threading.internal.FutureMonitorImpl@36531a21
      classLoadingSRRef = class com.ibm.wsspi.kernel.service.utils.AtomicServiceReference@34f63f40
      sessionHelperSRRef = class com.ibm.wsspi.kernel.service.utils.AtomicServiceReference@9850948
      cacheManagerSRRef = class com.ibm.wsspi.kernel.service.utils.AtomicServiceReference@4aa2b9a1
      injectionEngineSRRef = class com.ibm.wsspi.kernel.service.utils.AtomicServiceReference@4c6d0997
      managedObjectServiceSRRef = class com.ibm.wsspi.kernel.service.utils.AtomicServiceReference@49e43365
      backgroundWebAppStartFutures = class com.ibm.ws.webcontainer.util.OneTimeUseArrayList@680aac58
      REFERENCE_WEB_MBEAN_RUNTIME = "webMBeanRuntime"
      webMBeanRuntimeServiceRef = class com.ibm.wsspi.kernel.service.utils.AtomicServiceReference@37ba6f49
      servletContainerInitializers = class com.ibm.wsspi.kernel.service.utils.ConcurrentServiceReferenceSet@13bff998
      es = class com.ibm.ws.threading.internal.ExecutorServiceImpl@77bc8a9b
      locationServiceRef = class java.util.concurrent.atomic.AtomicReference@7b289f91
      transferContextServiceRef = class com.ibm.wsspi.kernel.service.utils.ConcurrentServiceReferenceSet@46fd84c0
      encodingServiceRef = class java.util.concurrent.atomic.AtomicReference@22d96b71
      instance = class java.util.concurrent.atomic.AtomicReference@4e46358b
      vhostManager = class com.ibm.ws.webcontainer.osgi.DynamicVirtualHostManager@712dffc5
      metaDataService = class com.ibm.ws.container.service.metadata.internal.MetaDataServiceImpl@7f25470d
      j2eeNameFactory = class com.ibm.ws.container.service.metadata.internal.J2EENameFactoryImpl@5b5cbea4
      context = class org.apache.felix.scr.impl.manager.ComponentContextImpl@32b7d45d
      contextRoots = class java.util.Collections$SynchronizedSet@4d2255ed
      pendingContextRoots = class java.util.HashMap@536f585b
      deployedModuleMap = class java.util.concurrent.ConcurrentHashMap@6d78750c
      connContextPool = class com.ibm.ws.webcontainer40.osgi.srt.factory.SRTConnectionContextPool40Impl@61e151c2
      DEFAULT_PORT = "*"
      DEFAULT_VHOST_NAME = "default_host"
      cachedServerInfo = "IBM WebSphere Liberty/19.0.0.3"
      lock = class com.ibm.ws.webcontainer.osgi.WebContainer$1@3e33fd2e
      webAppFactory = class com.ibm.ws.webcontainer40.osgi.webapp.factory.WebAppFactory40Impl@1737c733
      requestFactory = class com.ibm.ws.webcontainer40.osgi.response.factory.IRequestResponseFactory40Impl@394900cc
      responseFactory = class com.ibm.ws.webcontainer40.osgi.response.factory.IRequestResponseFactory40Impl@394900cc
      asyncContextFactory = class com.ibm.ws.webcontainer40.async.factory.AsyncContextFactory40Impl@52cd3966
      DEFAULT_MAX_VERSION = 30
      versionRef = class org.eclipse.osgi.internal.serviceregistry.ServiceReferenceImpl@7336649c
      serverStopping = class com.ibm.ws.staticvalue.StaticValue$FinalSingleton@5a913b96
      modulesStarting = 0
      uriMatcherFactory = class com.ibm.wsspi.webcontainer40.util.factory.URIMatcherFactory40Impl@2b2f0f68
      SPEC_LEVEL_UNLOADED = -1
      SPEC_LEVEL_30 = 30
      SPEC_LEVEL_31 = 31
      SPEC_LEVEL_40 = 40
      DEFAULT_SPEC_LEVEL = 30
      loadedContainerSpecLevel = 40
      ISO = "ISO-8859-1"
      encoding = "UTF-8"
      decode = true
      wcconfig = class com.ibm.ws.webcontainer.osgi.WebContainerConfiguration@50c09178
      applicationListeners = class java.util.ArrayList@3de4d7d
      servletListeners = class java.util.ArrayList@50d94621
      servletErrorListeners = class java.util.ArrayList@5060704d
      servletInvocationListeners = class java.util.ArrayList@4ff6068
      filterInvocationListeners = class java.util.ArrayList@753b602f
      filterErrorListeners = class java.util.ArrayList@6fc9d8e7
      filterListeners = class java.util.ArrayList@3c783f4b
      servletRequestListeners = class java.util.ArrayList@43fbf48c
      servletRequestAttributeListeners = class java.util.ArrayList@6defcec4
      servletContextListeners = class java.util.ArrayList@4c403d7e
      servletContextAttributeListeners = class java.util.ArrayList@31bfd1da
      sessionListeners = class java.util.ArrayList@2dfc1cf5
      sessionIdListeners = class java.util.ArrayList@3ef66e60
      sessionAttributeListeners = class java.util.ArrayList@73101f0d
      DEFAULT_HOST = "default_host"
      _initialized = true
      logger = class com.ibm.ws.logging.internal.WsLogger@3cee31b4
      CLASS_NAME = "com.ibm.ws.webcontainer.internal.WebContainer"
      nls = class com.ibm.ejs.ras.TraceNLS@71389968
      self = class java.util.concurrent.atomic.AtomicReference@7cb06c41
      _cipherToBit = class java.util.HashMap@f2becad
      cacheKeyStringBuilder = class com.ibm.ws.util.WSThreadLocal@42050f6d
      listenersInitialized = true
      webConProperties = class java.util.Properties@77c33d9c
      sessionRegistry = null
      isStopped = false
      readWriteLockForStopping = class java.util.concurrent.locks.ReentrantReadWriteLock@86e9541
      urlPrefix = ";jsessionid="
      extensionFactories = class java.util.ArrayList@58f04e65
      postInitExtensionFactories = null
      httpResponseListeners = class java.util.ArrayList@32645c71
      servletContainerInitializers = class java.util.ServiceLoader@5ca5b87c
      auditManager = class com.ibm.websphere.security.audit.context.AuditManager@209dea34
      invocationCacheSize = 500
      decodePlusSign = true
      _cacheMap = class java.util.concurrent.ConcurrentHashMap@7ac41b24
      _cacheSize = class java.util.concurrent.atomic.AtomicInteger@6ad347d9
      vHostCompatFlag = false
      platformHelper = class com.ibm.ws.webcontainer.PlatformHelper@1bc464a7
      isDefaultTempDir = true
      tempDir = null
      servletCachingInitNeeded = true
      appInstallBegun = true
      cacheServletWrapperFactory = class com.ibm.ws.webcontainer40.servlet.factory.CacheServletWrapperFactory40Impl@5447f1a1
      commands = class java.util.ArrayList@e00cd36
      requestMapper = class com.ibm.ws.webcontainer.util.VirtualHostContextRootMapper@7e9dbea0
      parent = null
      name = "Was.webcontainer"
      isAlive = true
      subElements = class java.util.HashMap@46c41c88
      attributes = null
      config = null
      serialVersionUID = -8271459000149267764
      $$$tc$$$ = class com.ibm.websphere.ras.TraceComponent@4cb9ea0c
    firstFailure = null
    serialVersionUID = -4563697739413190872
    $$$tc$$$ = class com.ibm.websphere.ras.TraceComponent@4eb95970
      strings[0] = "TraceComponent[com.ibm.ws.app.manager.module.internal.ModuleHandlerBase,class com.ibm.ws.app.manager.module.internal.ModuleHandlerBase,[applications, app.manager],,null]"
  webContainerModuleInfo = class com.ibm.ws.app.manager.module.internal.SimpleDeployedAppInfoBase$WebModuleContainerInfo@6374072a
    contextRoot = null
    defaultContextRoot = "security"
    serialVersionUID = -8158961796913348204
    $$$tc$$$ = class com.ibm.websphere.ras.TraceComponent@1884653
      strings[0] = "TraceComponent[com.ibm.ws.app.manager.module.internal.SimpleDeployedAppInfoBase$WebModuleContainerInfo,class com.ibm.ws.app.manager.module.internal.SimpleDeployedAppInfoBase$WebModuleContainerInfo,[applications, app.manager],,null]"
    moduleHandler = class com.ibm.ws.app.manager.web.internal.WebModuleHandlerImpl@5c1d1e48
    moduleMetaDataExtenders = class java.util.concurrent.CopyOnWriteArrayList@5c0dde74
      serialVersionUID = 8673264195747942595
      lock = class java.lang.Object@3a6562db
      array = class java.lang.Object[3]
    nestedModuleMetaDataFactories = class java.util.concurrent.CopyOnWriteArrayList@660eb3bf
      serialVersionUID = 8673264195747942595
      lock = class java.lang.Object@3d038222
      array = class java.lang.Object[1]
    nestedModules = null
    moduleName = "security"
    moduleDD = class com.ibm.ws.javaee.ddmodel.web.common.WebAppType@7aefe29b
      version = class com.ibm.ws.javaee.ddmodel.TokenType@1943f228
      metadata_complete = null
      module_name = null
      absolute_ordering = null
      serialVersionUID = 4092807504738198665
      $$$tc$$$ = class com.ibm.websphere.ras.TraceComponent@1a0a38f5
      description = null
      display_name = null
      icon = null
      distributable = null
      context_param = class com.ibm.ws.javaee.ddmodel.common.ParamValueType$ListType@6ea8dec2
      filter = null
      filter_mapping = null
      listener = null
      servlet = class com.ibm.ws.javaee.ddmodel.web.common.ServletType$ListType@446a970b
      servlet_mapping = class com.ibm.ws.javaee.ddmodel.web.common.ServletMappingType$ListType@25112f85
      session_config = class com.ibm.ws.javaee.ddmodel.web.common.SessionConfigType@43c813e6
      mime_mapping = class com.ibm.ws.javaee.ddmodel.web.common.MimeMappingType$ListType@6b3e8b93
      welcome_file_list = class com.ibm.ws.javaee.ddmodel.web.common.WelcomeFileListType@7b7c8b30
      error_page = class com.ibm.ws.javaee.ddmodel.web.common.ErrorPageType$ListType@573deedd
      jsp_config = null
      security_constraint = null
      deny_uncovered_http_methods = null
      login_config = null
      security_role = null
      message_destination = null
      locale_encoding_mapping_list = null
      default_context_path = null
      request_encoding = null
      response_encoding = null
      servletNameToServletMap = null
      filterNameToFilterMap = null
      ejbRefNameToEJBLocalRefMap = null
      ejbRefNameToEJBRefMap = null
      resourceEnvRefNameToResourceEnvRefMap = null
      messageDestinationRefNameToMessageDestinationRefMap = null
      resRefNameToResourceRefMap = null
      envEntryNameToEnvEntryMap = null
      roleNameToSecurityRoleMap = null
      roleLinkToSecurityRoleRefMap = null
      handlerNameToHandlerMap = null
      path = "WEB-INF/web.xml"
      idMap = class com.ibm.ws.javaee.ddmodel.DDParser$ComponentIDMap@546990ff
      serialVersionUID = 5321339975883512588
      $$$tc$$$ = class com.ibm.websphere.ras.TraceComponent@3c8f1df2
      post_construct = null
      pre_destroy = null
      serialVersionUID = 1102064201943992836
      $$$tc$$$ = class com.ibm.websphere.ras.TraceComponent@7beba907
      env_entry = null
      ejb_ref = null
      ejb_local_ref = null
      resource_ref = null
      resource_env_ref = null
      message_destination_ref = null
      persistence_context_ref = null
      persistence_unit_ref = null
      data_source = null
      jms_connection_factory = null
      jms_destination = null
      mail_session = null
      connection_factory = null
      administered_object = null
      serialVersionUID = 8931982405528922228
      $$$tc$$$ = class com.ibm.websphere.ras.TraceComponent@278ded55
      service_ref = null
      serialVersionUID = -6199862059825607270
      $$$tc$$$ = class com.ibm.websphere.ras.TraceComponent@39acb2d9
      nilled = false
      serialVersionUID = -2826386306561723362
      $$$tc$$$ = class com.ibm.websphere.ras.TraceComponent@7b71e0a4
    moduleInfo = class com.ibm.ws.app.manager.module.internal.WebModuleInfoImpl@7cdc4598
      contextRoot = "/security"
      isDefaultContextRootUsed = true
      serialVersionUID = -1540279394520440503
      $$$tc$$$ = class com.ibm.websphere.ras.TraceComponent@706b53a4
      tc = class com.ibm.websphere.ras.TraceComponent@2c0c9017
      appInfo = class com.ibm.ws.container.service.app.deploy.internal.ApplicationInfoImpl@39824abf
      moduleName = "security"
      path = "security.war"
      moduleContainer = class com.ibm.ws.adaptable.module.internal.AdaptableContainerImpl@3bf26339
      altDDEntry = null
      moduleClassesContainers = class java.util.ArrayList@32c76f0c
      classLoaderFactory = class com.ibm.ws.app.manager.war.internal.WARDeployedAppInfo@737821a8
      containerInfoType = class com.ibm.ws.container.service.app.deploy.ContainerInfo$Type@bff07
      classLoader = class com.ibm.ws.classloading.internal.AppClassLoader@4928cd0a
      moduleMetaData = class com.ibm.ws.webcontainer.osgi.metadata.WebModuleMetaDataImpl@4535db7c
      nestedModuleMetaDataTypes = class java.util.ArrayList@5f804ccf
      nestedModuleMetaDataValues = class java.util.ArrayList@74b93ee8
      serialVersionUID = 3986734351620206554
    serialVersionUID = 8693907776607441911
    $$$tc$$$ = class com.ibm.websphere.ras.TraceComponent@3ba8468d
      strings[0] = "TraceComponent[com.ibm.ws.app.manager.module.internal.SimpleDeployedAppInfoBase$ModuleContainerInfoBase,class com.ibm.ws.app.manager.module.internal.SimpleDeployedAppInfoBase$ModuleContainerInfoBase,[applications, app.manager],,null]"
    type = class com.ibm.ws.container.service.app.deploy.ContainerInfo$Type@bff07
      MANIFEST_CLASSPATH = class com.ibm.ws.container.service.app.deploy.ContainerInfo$Type@72a3fb1f
      WEB_INF_CLASSES = class com.ibm.ws.container.service.app.deploy.ContainerInfo$Type@6e758e4a
      WEB_INF_LIB = class com.ibm.ws.container.service.app.deploy.ContainerInfo$Type@182a711
      EAR_LIB = class com.ibm.ws.container.service.app.deploy.ContainerInfo$Type@50e5357b
      WEB_MODULE = class com.ibm.ws.container.service.app.deploy.ContainerInfo$Type@bff07
      EJB_MODULE = class com.ibm.ws.container.service.app.deploy.ContainerInfo$Type@3d73477b
      CLIENT_MODULE = class com.ibm.ws.container.service.app.deploy.ContainerInfo$Type@7f368941
      RAR_MODULE = class com.ibm.ws.container.service.app.deploy.ContainerInfo$Type@6b180399
      JAR_MODULE = class com.ibm.ws.container.service.app.deploy.ContainerInfo$Type@122fad6c
      SHARED_LIB = class com.ibm.ws.container.service.app.deploy.ContainerInfo$Type@354078cd
      $VALUES = class com.ibm.ws.container.service.app.deploy.ContainerInfo$Type[10]
      $$$tc$$$ = class com.ibm.websphere.ras.TraceComponent@5c2d78d3
      name = "WEB_MODULE"
      ordinal = 4
    name = "security.war"
    container = class com.ibm.ws.adaptable.module.internal.AdaptableContainerImpl@3bf26339
    altDDEntry = null
    classesContainerInfo = class java.util.ArrayList@32c76f0c
      serialVersionUID = 8683452581122892189
      DEFAULT_CAPACITY = 10
      EMPTY_ELEMENTDATA = class java.lang.Object[0]
      DEFAULTCAPACITY_EMPTY_ELEMENTDATA = class java.lang.Object[0]
      elementData = class java.lang.Object[10]
      size = 9
      MAX_ARRAY_SIZE = 2147483639
      modCount = 10
      MAX_ARRAY_SIZE = 2147483639
    serialVersionUID = 7427332431485745589
    $$$tc$$$ = class com.ibm.websphere.ras.TraceComponent@49e46b9c
      strings[0] = "TraceComponent[com.ibm.ws.app.manager.module.internal.SimpleDeployedAppInfoBase$ExtendedContainerInfo,class com.ibm.ws.app.manager.module.internal.SimpleDeployedAppInfoBase$ExtendedContainerInfo,[applications, app.manager],,null]"
  DYNAMIC_IMPORT_PACKAGE_LIST = class java.util.Collections$UnmodifiableRandomAccessList@655afb42
    serialVersionUID = -2542308836966382001
    serialVersionUID = -283967356065247728
    list = class java.util.Arrays$ArrayList@273fb98f
      serialVersionUID = -2764017481108945198
      a = class java.lang.String[1]
      modCount = 0
      MAX_ARRAY_SIZE = 2147483639
    serialVersionUID = 1820017752578914078
    c = class java.util.Arrays$ArrayList@273fb98f
  serialVersionUID = -6153587016903242961
  $$$tc$$$ = class com.ibm.websphere.ras.TraceComponent@7eb7d649
    strings[0] = "TraceComponent[com.ibm.ws.app.manager.war.internal.WARDeployedAppInfo,class com.ibm.ws.app.manager.war.internal.WARDeployedAppInfo,[webcontainer, applications, app.manager],com.ibm.ws.app.manager.war.internal.resources.Messages,null]"
  _tc = class com.ibm.websphere.ras.TraceComponent@3488c086
    strings[0] = "TraceComponent[com.ibm.ws.app.manager.module.internal.DeployedAppInfoBase,class com.ibm.ws.app.manager.module.internal.DeployedAppInfoBase,[app.manager],com.ibm.ws.app.manager.module.internal.resources.Messages,null]"
  PERMISSION_XML = "permissions.xml"
  applicationInformation = class com.ibm.ws.app.manager.internal.ApplicationInstallInfo@b43c49e
    _config = class com.ibm.ws.app.manager.internal.ApplicationConfig@5f350cf6
      tc = class com.ibm.websphere.ras.TraceComponent@260d2728
      _configPid = "com.ibm.ws.app.manager_65"
      _config = class com.ibm.ws.config.admin.ConfigurationDictionary@122c3a61
      _applicationManager = class com.ibm.ws.app.manager.ApplicationManager@568d77e7
      _location = "security.war"
      _type = "war"
      _name = "security"
      _notificationBroadcasterSupport = class javax.management.NotificationBroadcasterSupport@579801d8
      ONE_TIME_JANDEX_MSGS_DISPLAYED = true
    _handlerInfo = class java.util.concurrent.atomic.AtomicReference@315f210b
      serialVersionUID = -1848883965231344442
      VALUE = class java.lang.invoke.VarHandleReferences$FieldInstanceReadWrite@69c930c1
      value = class com.ibm.ws.app.manager.war.internal.WARDeployedAppInfo@737821a8
    _container = class java.util.concurrent.atomic.AtomicReference@58985dc8
      serialVersionUID = -1848883965231344442
      VALUE = class java.lang.invoke.VarHandleReferences$FieldInstanceReadWrite@69c930c1
      value = class com.ibm.ws.adaptable.module.internal.AdaptableContainerImpl@3bf26339
    _resolvedLocation = class java.util.concurrent.atomic.AtomicReference@5220cad3
      serialVersionUID = -1848883965231344442
      VALUE = class java.lang.invoke.VarHandleReferences$FieldInstanceReadWrite@69c930c1
      value = class com.ibm.ws.kernel.service.location.internal.LocalFileResource@242ab570
    _handler = class com.ibm.ws.app.manager.war.internal.WARApplicationHandlerImpl@25853edd
      futureMonitor = class com.ibm.ws.threading.internal.FutureMonitorImpl@36531a21
      deployedAppFactory = class com.ibm.ws.app.manager.war.internal.WARDeployedAppInfoFactoryImpl@d1336a3
      serialVersionUID = 4622845147410944782
      $$$tc$$$ = class com.ibm.websphere.ras.TraceComponent@32bf665
    _ami = class java.util.concurrent.atomic.AtomicReference@6d9a141f
      serialVersionUID = -1848883965231344442
      VALUE = class java.lang.invoke.VarHandleReferences$FieldInstanceReadWrite@69c930c1
      value = class com.ibm.wsspi.application.handler.DefaultApplicationMonitoringInformation@27083a9d
    _updateHandler = class com.ibm.ws.app.manager.internal.statemachine.ApplicationStateMachineImpl@77767279
      _tc = class com.ibm.websphere.ras.TraceComponent@26e34d2c
      EMPTY_FUTURE_ARRAY = interface java.util.concurrent.Future[0]
      asmSequenceNumber = class java.util.concurrent.atomic.AtomicLong@4780e7e3
      _qscaCounter = class java.util.concurrent.atomic.AtomicInteger@2b391817
      _failedThrowable = null
      _interruptibleLock = class com.ibm.ws.app.manager.internal.statemachine.ApplicationStateMachineImpl$2@441afaa4
      _interruptible = false
      _performingQueuedActions = true
      _queuedActions = class java.util.concurrent.ConcurrentLinkedQueue@272a925a
      _callbackState = class java.util.concurrent.atomic.AtomicReference@67d5d6a3
      blockAppStartingFutures = class java.util.Collections$SetFromMap@44f83ee
      waitingForAppHandlerFuture = class java.util.concurrent.atomic.AtomicReference@17139619
      waitingForExplicitStartFuture = class java.util.concurrent.atomic.AtomicReference@64d87ee3
      completionListener = class java.util.concurrent.atomic.AtomicReference@2d71cc15
      _notifyAppStopped = class java.util.concurrent.ConcurrentLinkedQueue@55596aa6
      _notifyAppStarting = class java.util.concurrent.ConcurrentLinkedQueue@5ef19d4a
      _notifyAppInstallCalled = class java.util.concurrent.ConcurrentLinkedQueue@79f9df11
      _notifyAppStarted = class java.util.concurrent.ConcurrentLinkedQueue@5a4ba55f
      _notifyAppRemoved = class java.util.concurrent.ConcurrentLinkedQueue@44d9e8ea
      _stateLock = class com.ibm.ws.app.manager.internal.statemachine.ApplicationStateMachineImpl$3@161036f6
      _internalState = class java.util.concurrent.atomic.AtomicReference@21a67272
      _currentAction = class java.util.concurrent.atomic.AtomicReference@26404a44
      _rfa = class java.util.concurrent.atomic.AtomicReference@2d5578de
      _appInstallInfo = class java.util.concurrent.atomic.AtomicReference@3ae55c04
      _update = class java.util.concurrent.atomic.AtomicBoolean@28c28cc8
      _appConfig = class java.util.concurrent.atomic.AtomicReference@c74f1fe
      _nextAppConfig = class java.util.concurrent.atomic.AtomicReference@a61fb26
      _appContainer = class java.util.concurrent.atomic.AtomicReference@1a748312
      _resolvedLocation = class java.util.concurrent.atomic.AtomicReference@26ece858
      _handler = class java.util.concurrent.atomic.AtomicReference@d3c167a
      _asmSeqNo = 1
      _ctx = class org.eclipse.osgi.internal.framework.BundleContextImpl@79b86ebb
      _locAdmin = class com.ibm.ws.kernel.service.location.internal.WsLocationAdminImpl@8816430
      _futureMonitor = class com.ibm.ws.threading.internal.FutureMonitorImpl@36531a21
      _artifactFactory = class com.ibm.ws.artifact.internal.ArtifactContainerFactoryService@698b9407
      _moduleFactory = class com.ibm.ws.adaptable.module.internal.AdaptableModuleFactoryImpl@300b24ac
      _executorService = class com.ibm.ws.threading.internal.ExecutorServiceImpl@77bc8a9b
      _scheduledExecutorService = class com.ibm.ws.threading.internal.ScheduledExecutorImpl@1adeddd0
      _asmHelper = class com.ibm.ws.app.manager.internal.ApplicationConfigurator$NamedApplication@2d1c767
      _appMonitor = class com.ibm.ws.app.manager.internal.monitor.ApplicationMonitor@197d9a5f
      enterStateCalled = class java.util.concurrent.atomic.AtomicBoolean@37d10943
      serialVersionUID = 6511956370079301927
      serialVersionUID = 5501066335104962649
      $$$tc$$$ = class com.ibm.websphere.ras.TraceComponent@1d045ab2
    serialVersionUID = 2630639237123415755
    $$$tc$$$ = class com.ibm.websphere.ras.TraceComponent@6fe60efd
      strings[0] = "TraceComponent[com.ibm.ws.app.manager.internal.ApplicationInstallInfo,class com.ibm.ws.app.manager.internal.ApplicationInstallInfo,[applications, app.manager],com.ibm.ws.app.manager.internal.resources.AppManagerMessages,null]"
  location = "D:\devel\tools\wlp\usr\servers\defaultServer\apps\security.war.xml"
  classLoadingService = class com.ibm.ws.classloading.internal.ClassLoadingServiceImpl@1b3e59f8
    tc = class com.ibm.websphere.ras.TraceComponent@45afdd06
      strings[0] = "TraceComponent[com.ibm.ws.classloading.internal.ClassLoadingServiceImpl,class com.ibm.ws.classloading.internal.ClassLoadingServiceImpl,[ClassLoadingService],com.ibm.ws.classloading.internal.resources.ClassLoadingServiceMessages,null]"
    leakDetectionMap = class java.util.HashMap@d47993
      serialVersionUID = 362498820763181265
      DEFAULT_INITIAL_CAPACITY = 16
      MAXIMUM_CAPACITY = 1073741824
      DEFAULT_LOAD_FACTOR = 0.75
      TREEIFY_THRESHOLD = 8
      UNTREEIFY_THRESHOLD = 6
      MIN_TREEIFY_CAPACITY = 64
      table = null
      entrySet = null
      size = 0
      modCount = 0
      threshold = 0
      loadFactor = 0.75
      keySet = null
      values = null
    TCCL_LOCK_WAIT = 15000
    REFERENCE_GENERATORS = "generators"
    bundleContext = class org.eclipse.osgi.internal.framework.BundleContextImpl@375e09bf
      findHookName = "org.osgi.framework.hooks.bundle.FindHook"
      valid = true
      bundle = class org.eclipse.osgi.internal.framework.EquinoxBundle@2524051f
      container = class org.eclipse.osgi.internal.framework.EquinoxContainer@6b2c5ee3
      debug = class org.eclipse.osgi.internal.debug.Debug@1e5177c5
      servicesInUse = class java.util.HashMap@2c7a6293
      activator = null
      contextLock = class java.lang.Object@1eed45a6
    aclStore = class com.ibm.ws.classloading.internal.util.CanonicalStore@24dd15be
      map = class java.util.concurrent.ConcurrentHashMap@5af17ee7
      q = class com.ibm.ws.classloading.internal.util.RefQueue@790f4c6
      serialVersionUID = 6715157558227169968
      $$$tc$$$ = class com.ibm.websphere.ras.TraceComponent@145cfd3c
    tcclStore = class com.ibm.ws.classloading.internal.util.CanonicalStore@530d1ffd
      map = class java.util.concurrent.ConcurrentHashMap@660f7e9
      q = class com.ibm.ws.classloading.internal.util.RefQueue@661d9dc1
      serialVersionUID = 6715157558227169968
      $$$tc$$$ = class com.ibm.websphere.ras.TraceComponent@145cfd3c
    tcclStoreLock = class java.util.concurrent.locks.ReentrantLock@1a590999
      serialVersionUID = 7373984872572414699
      sync = class java.util.concurrent.locks.ReentrantLock$NonfairSync@ea62ef5
    digraph = class org.eclipse.equinox.internal.region.StandardRegionDigraph@3962e3a0
      EMPTY_EDGE_SET = class java.util.Collections$UnmodifiableSet@5b6e0d03
      monitor = class java.lang.Object@4391343d
      regions = class java.util.HashMap@63fe4bb6
      bundleIdToRegionMapping = class org.eclipse.equinox.internal.region.StandardBundleIdToRegionMapping@5c9010ba
      edges = class java.util.HashMap@77bd183e
      bundleContext = class org.eclipse.osgi.internal.framework.BundleContextImpl@74235045
      threadLocal = class java.lang.ThreadLocal@3d47ea28
      subgraphTraverser = class org.eclipse.equinox.internal.region.SubgraphTraverser@2c75b5cd
      bundleCollisionHook = class org.eclipse.equinox.internal.region.hook.RegionBundleCollisionHook@703c7539
      bundleEventHook = class org.eclipse.equinox.internal.region.hook.RegionBundleEventHook@6f5fffe8
      bundleFindHook = class org.eclipse.equinox.internal.region.hook.RegionBundleFindHook@6d4b5e81
      serviceEventHook = class org.eclipse.equinox.internal.region.hook.RegionServiceEventHook@6c914538
      serviceFindHook = class org.eclipse.equinox.internal.region.hook.RegionServiceFindHook@7f17702e
      resolverHookFactory = class org.eclipse.equinox.internal.region.hook.RegionResolverHookFactory@6fa7709b
      origin = null
      originUpdateCount = -1
      updateCount = class java.util.concurrent.atomic.AtomicLong@3e71b210
      defaultRegion = null
    redefiner = class com.ibm.ws.classloading.internal.util.ClassRedefiner@5ac1854d
      tc = class com.ibm.websphere.ras.TraceComponent@545495c9
      LS = "
"
      inst = class com.ibm.ws.kernel.launch.internal.TraceInstrumentation@a230eff
      serialVersionUID = 2420101865139508526
    listener = class com.ibm.ws.classloading.internal.ClassLoadingServiceImpl$1@75de61d7
      this$0 = class com.ibm.ws.classloading.internal.ClassLoadingServiceImpl@1b3e59f8
      serialVersionUID = -9159707349812113172
      $$$tc$$$ = class com.ibm.websphere.ras.TraceComponent@571c24e5
    classloaders = class java.util.Collections$SynchronizedMap@4e976a66
      serialVersionUID = 1978198479659022715
      m = class java.util.HashMap@2315e9d1
      mutex = class java.util.Collections$SynchronizedMap@4e976a66
      keySet = null
      entrySet = null
      values = null
    resourceProviders = class com.ibm.ws.classloading.internal.CompositeResourceProvider@1cd0a7ec
      lockFactory = class java.util.concurrent.locks.ReentrantReadWriteLock@781e2015
      providerMap = class com.ibm.ws.classloading.internal.util.MultiMap@72e75942
      serialVersionUID = -5576435894946156347
      $$$tc$$$ = class com.ibm.websphere.ras.TraceComponent@269e48c0
    rememberedBundles = class java.util.concurrent.ConcurrentHashMap@32012835
      serialVersionUID = 7249069246763182397
      MAXIMUM_CAPACITY = 1073741824
      DEFAULT_CAPACITY = 16
      MAX_ARRAY_SIZE = 2147483639
      DEFAULT_CONCURRENCY_LEVEL = 16
      LOAD_FACTOR = 0.75
      TREEIFY_THRESHOLD = 8
      UNTREEIFY_THRESHOLD = 6
      MIN_TREEIFY_CAPACITY = 64
      MIN_TRANSFER_STRIDE = 16
      RESIZE_STAMP_BITS = 16
      MAX_RESIZERS = 65535
      RESIZE_STAMP_SHIFT = 16
      MOVED = -1
      TREEBIN = -2
      RESERVED = -3
      HASH_BITS = 2147483647
      NCPU = 4
      serialPersistentFields = class java.io.ObjectStreamField[3]
      table = class java.util.concurrent.ConcurrentHashMap$Node[16]
      nextTable = null
      baseCount = 2
      sizeCtl = 12
      transferIndex = 0
      cellsBusy = 0
      counterCells = null
      keySet = null
      values = null
      entrySet = null
      U = class jdk.internal.misc.Unsafe@14ff4757
      SIZECTL = 20
      TRANSFERINDEX = 32
      BASECOUNT = 24
      CELLSBUSY = 36
      CELLVALUE = 144
      ABASE = 16
      ASHIFT = 2
      keySet = null
      values = null
    collectedBundles = class java.lang.ref.ReferenceQueue@3457277b
      NULL = class java.lang.ref.ReferenceQueue$Null@4be56f13
      ENQUEUED = class java.lang.ref.ReferenceQueue$Null@75661576
      lock = class java.lang.ref.ReferenceQueue$Lock@7aa41575
      head = null
      queueLength = 0
      $assertionsDisabled = true
    generatorRefs = class com.ibm.wsspi.kernel.service.utils.ConcurrentServiceReferenceSet@41e6afcd
      referenceName = "generators"
      contextRef = class java.util.concurrent.atomic.AtomicReference@618be6c7
      elementMap = class java.util.LinkedHashMap@3e56337c
      elementSet = class java.util.concurrent.ConcurrentSkipListSet@7950ad0d
      elementSetUnsorted = false
      serialVersionUID = 756240983881166148
      $$$tc$$$ = class com.ibm.websphere.ras.TraceComponent@69e34dee
    generatorManager = class com.ibm.ws.classloading.internal.ClassGeneratorManager@4655830c
      tc = class com.ibm.websphere.ras.TraceComponent@2320e856
      generatorRefs = class com.ibm.wsspi.kernel.service.utils.ConcurrentServiceReferenceSet@41e6afcd
      serialVersionUID = 4152663586056483310
    appExtLibs = class java.util.concurrent.CopyOnWriteArrayList@58109fda
      serialVersionUID = 8673264195747942595
      lock = class java.lang.Object@46b4a4a2
      array = class java.lang.Object[0]
    globalConfig = class com.ibm.ws.classloading.configuration.GlobalClassloadingConfiguration@636b446d
      properties = class org.apache.felix.scr.impl.helper.ReadOnlyDictionary@2e54a797
      serialVersionUID = 452562347104713756
      $$$tc$$$ = class com.ibm.websphere.ras.TraceComponent@b0dc3ea
    metaInfServicesProviders = class java.util.concurrent.ConcurrentHashMap@6e0acb84
      serialVersionUID = 7249069246763182397
      MAXIMUM_CAPACITY = 1073741824
      DEFAULT_CAPACITY = 16
      MAX_ARRAY_SIZE = 2147483639
      DEFAULT_CONCURRENCY_LEVEL = 16
      LOAD_FACTOR = 0.75
      TREEIFY_THRESHOLD = 8
      UNTREEIFY_THRESHOLD = 6
      MIN_TREEIFY_CAPACITY = 64
      MIN_TRANSFER_STRIDE = 16
      RESIZE_STAMP_BITS = 16
      MAX_RESIZERS = 65535
      RESIZE_STAMP_SHIFT = 16
      MOVED = -1
      TREEBIN = -2
      RESERVED = -3
      HASH_BITS = 2147483647
      NCPU = 4
      serialPersistentFields = class java.io.ObjectStreamField[3]
      table = null
      nextTable = null
      baseCount = 0
      sizeCtl = 0
      transferIndex = 0
      cellsBusy = 0
      counterCells = null
      keySet = null
      values = null
      entrySet = null
      U = class jdk.internal.misc.Unsafe@14ff4757
      SIZECTL = 20
      TRANSFERINDEX = 32
      BASECOUNT = 24
      CELLSBUSY = 36
      CELLVALUE = 144
      ABASE = 16
      ASHIFT = 2
      keySet = null
      values = null
    metaInfServicesRefs = class com.ibm.wsspi.kernel.service.utils.ConcurrentServiceReferenceMap@1a66894f
      referenceName = "MetaInfServicesProvider"
      context = class org.apache.felix.scr.impl.manager.ComponentContextImpl@7146d0f3
      elementMap = class java.util.concurrent.ConcurrentHashMap@33d03afe
      serialVersionUID = 6980924785166233786
      $$$tc$$$ = class com.ibm.websphere.ras.TraceComponent@2c28e918
    protectionDomainMap = class java.util.HashMap@46d42b96
      serialVersionUID = 362498820763181265
      DEFAULT_INITIAL_CAPACITY = 16
      MAXIMUM_CAPACITY = 1073741824
      DEFAULT_LOAD_FACTOR = 0.75
      TREEIFY_THRESHOLD = 8
      UNTREEIFY_THRESHOLD = 6
      MIN_TREEIFY_CAPACITY = 64
      table = null
      entrySet = null
      size = 0
      modCount = 0
      threshold = 0
      loadFactor = 0.75
      keySet = null
      values = null
    metadataIdentifierService = class com.ibm.ws.container.service.metadata.internal.MetaDataServiceImpl@7f25470d
    globalSharedLibrary = class java.util.concurrent.atomic.AtomicReference@47cbe586
      serialVersionUID = -1848883965231344442
      VALUE = class java.lang.invoke.VarHandleReferences$FieldInstanceReadWrite@69c930c1
      value = null
    serialVersionUID = -2277344858934055980
  globalSharedLibrary = class com.ibm.ws.library.internal.SharedLibraryImpl@1d105dbe
    tc = class com.ibm.websphere.ras.TraceComponent@28b7d0b2
      strings[0] = "TraceComponent[com.ibm.ws.library.internal.SharedLibraryImpl,class com.ibm.ws.library.internal.SharedLibraryImpl,[SharedLibrary],com.ibm.ws.classloading.internal.resources.ClassLoadingServiceMessages,null]"
    EMPTY_LIBRARY_LISTENERS = interface com.ibm.wsspi.library.LibraryChangeListener[0]
    deleted = false
    libraryListenersTracker = class org.osgi.util.tracker.ServiceTracker@74f5416f
      DEBUG = false
      context = class org.eclipse.osgi.internal.framework.BundleContextImpl@375e09bf
      filter = class org.eclipse.osgi.internal.framework.FilterImpl@21ef4101
      customizer = class org.osgi.util.tracker.ServiceTracker@74f5416f
      listenerFilter = "(&(objectClass=com.ibm.wsspi.library.LibraryChangeListener)(|(library=global)(libraryRef=*com.ibm.ws.classloading.sharedlibrary_11*)))"
      trackClass = null
      trackReference = null
      tracked = class org.osgi.util.tracker.ServiceTracker$Tracked@21c9289
      cachedReference = null
      cachedService = null
    libraryReg = class org.eclipse.osgi.internal.serviceregistry.ServiceRegistrationImpl@6a864af3
      registry = class org.eclipse.osgi.internal.serviceregistry.ServiceRegistry@354a834d
      context = class org.eclipse.osgi.internal.framework.BundleContextImpl@375e09bf
      bundle = class org.eclipse.osgi.internal.framework.EquinoxBundle@2524051f
      clazzes = class java.lang.String[1]
      service = class com.ibm.ws.library.internal.SharedLibraryImpl@1d105dbe
      reference = class org.eclipse.osgi.internal.serviceregistry.ServiceReferenceImpl@54aeccab
      contextsUsing = class java.util.ArrayList@6c5d9be5
      properties = class java.util.Collections$UnmodifiableMap@74ab10f9
      serviceid = 313
      serviceranking = 2
      registrationLock = class java.lang.Object@180c2ee5
      state = 0
      REGISTERED = 0
      UNREGISTERING = 1
      UNREGISTERED = 2
      FRAMEWORK_SET_SERVICE_PROPERTIES_COUNT = 4
      $assertionsDisabled = true
    ctx = class org.eclipse.osgi.internal.framework.BundleContextImpl@375e09bf
    classLoadingService = class com.ibm.ws.classloading.internal.ClassLoadingServiceImpl@1b3e59f8
    configAdmin = class com.ibm.ws.config.admin.internal.ConfigurationAdminImpl@5d59e49e
      tc = class com.ibm.websphere.ras.TraceComponent@1b091e1a
      bundle = class org.eclipse.osgi.internal.framework.EquinoxBundle@2524051f
      caFactory = class com.ibm.ws.config.admin.internal.ConfigAdminServiceFactory@11057795
      serialVersionUID = -2875522750804142523
    resolvedBasePath = "D:/devel/tools/wlp/usr/servers/defaultServer/"
    generationLock = class com.ibm.ws.library.internal.SharedLibraryImpl$1@6ec206c4
      this$0 = class com.ibm.ws.library.internal.SharedLibraryImpl@1d105dbe
      serialVersionUID = 2483639803450672373
      $$$tc$$$ = class com.ibm.websphere.ras.TraceComponent@3ab0ffdd
    currentGeneration = class com.ibm.ws.library.internal.LibraryGeneration@3f7f8252
      tc = class com.ibm.websphere.ras.TraceComponent@1c209997
      nextInt = class java.util.concurrent.atomic.AtomicInteger@593dc249
      libraryId = "global"
      genId = 2
      libraryProps = class java.util.Hashtable@7d6b7385
      filesetRefs = class java.util.Collections$UnmodifiableRandomAccessList@6b33e3d9
      apiTypeVisibility = class java.util.RegularEnumSet@79c3ad28
      files = class java.util.Collections$EmptyList@5114da7c
      folders = class java.util.ArrayList@4e5b17d3
      fileAndFolderContainers = class java.util.Collections$EmptyList@5114da7c
      filesets = class java.util.concurrent.ArrayBlockingQueue@688ab2c6
      filesetListenerRegs = class java.util.concurrent.ConcurrentLinkedQueue@1cd3b925
      cancelled = false
      library = class com.ibm.ws.library.internal.SharedLibraryImpl@1d105dbe
      serialVersionUID = 6965220007121905717
    nextGeneration = class com.ibm.ws.library.internal.LibraryGeneration@3f7f8252
    artifactContainerFactory = class com.ibm.ws.library.internal.SharedLibraryFactory$1@615f52eb
      this$0 = class com.ibm.ws.library.internal.SharedLibraryFactory@d1754e
      serialVersionUID = 7730244564205089330
      $$$tc$$$ = class com.ibm.websphere.ras.TraceComponent@7adb104f
    packageExporter = class com.ibm.ws.library.internal.LibraryPackageExporter@7330374a
      EXPORTER_POSTFIX = "_library_exporter"
      REGION_EXPORT_TO_LIBERTY = "liberty.library.export.to.liberty"
      REGION_EXPORT_TO_OSGI_APPS = "liberty.library.export.to.osgi.app"
      REGION_KERNEL = "org.eclipse.equinox.region.kernel"
      counter = class java.util.concurrent.atomic.AtomicLong@1667b7ac
      context = class org.eclipse.osgi.internal.framework.BundleContextImpl@375e09bf
      digraph = class org.eclipse.equinox.internal.region.StandardRegionDigraph@3962e3a0
      bundleToLibrary = class java.util.concurrent.ConcurrentHashMap@6fe5d883
      libraryToVisibility = class java.util.concurrent.ConcurrentHashMap@7e871c1e
      serialVersionUID = 8074378969667956573
      $$$tc$$$ = class com.ibm.websphere.ras.TraceComponent@313f8b3
    serialVersionUID = 6288237618632180389
  sharedLibDeploymentInfo = class com.ibm.ws.app.manager.module.internal.DeployedAppInfoBase$SharedLibDeploymentInfo@1e2b3c73
    bundleContext = class org.eclipse.osgi.internal.framework.BundleContextImpl@6056a6c5
      findHookName = "org.osgi.framework.hooks.bundle.FindHook"
      valid = true
      bundle = class org.eclipse.osgi.internal.framework.EquinoxBundle@71d6e528
      container = class org.eclipse.osgi.internal.framework.EquinoxContainer@6b2c5ee3
      debug = class org.eclipse.osgi.internal.debug.Debug@1e5177c5
      servicesInUse = class java.util.HashMap@79345ea2
      activator = null
      contextLock = class java.lang.Object@1b8ffdc1
    locAdmin = class com.ibm.ws.kernel.service.location.internal.WsLocationAdminImpl@8816430
      tc = class com.ibm.websphere.ras.TraceComponent@21a2c6a
      LOC_INTERNAL_LIB_DIR = "wlp.lib.dir"
      LOC_AREA_NAME_APPS = "shared/apps/"
      LOC_AREA_NAME_CONFIG = "shared/config/"
      LOC_AREA_NAME_RESC = "shared/resources/"
      LOC_AREA_NAME_STATE = "logs/state/"
      LOC_AREA_NAME_SERVERS = "servers/"
      LOC_AREA_NAME_CLIENTS = "clients/"
      LOC_AREA_NAME_WORKING = "workarea/"
      LOC_AREA_NAME_EXTENSION = "extension/"
      instance = class com.ibm.ws.staticvalue.StaticValue$FinalSingleton@4c6b8c81
      installRoot = class com.ibm.ws.kernel.service.location.internal.SymbolicRootResource@3ad40c7c
      installParentRoot = class com.ibm.ws.kernel.service.location.internal.SymbolicRootResource@4130524a
      userRoot = class com.ibm.ws.kernel.service.location.internal.SymbolicRootResource@6c4b6bee
      usrExtensionRoot = class com.ibm.ws.kernel.service.location.internal.SymbolicRootResource@7cd4ed62
      serverConfigDir = class com.ibm.ws.kernel.service.location.internal.SymbolicRootResource@6679a968
      serverOutputDir = class com.ibm.ws.kernel.service.location.internal.SymbolicRootResource@6679a968
      bootstrapLib = class com.ibm.ws.kernel.service.location.internal.LocalFileResource@259815ef
      serverWorkarea = class com.ibm.ws.kernel.service.location.internal.LocalFileResource@12bb0ea9
      serverState = class com.ibm.ws.kernel.service.location.internal.LocalFileResource@495f5e61
      sharedAppsRoot = class com.ibm.ws.kernel.service.location.internal.SymbolicRootResource@62469ccb
      sharedConfigRoot = class com.ibm.ws.kernel.service.location.internal.SymbolicRootResource@714da01
      sharedResourceRoot = class com.ibm.ws.kernel.service.location.internal.SymbolicRootResource@4d90420c
      tmpRoot = class com.ibm.ws.kernel.service.location.internal.SymbolicRootResource@7e0fa189
      serverName = "defaultServer"
      resourcePaths = class java.util.ArrayList@2879da47
      resourceGroups = class java.util.HashMap@99cc99b
      commonRoot = class com.ibm.ws.kernel.service.location.internal.VirtualRootResource@46536a86
      serialVersionUID = 7766352982799267432
    artifactFactory = class com.ibm.ws.artifact.internal.ArtifactContainerFactoryService@698b9407
      CATEGORY_PROP_NAME = "category"
      ENTRY_KEY = "com.ibm.wsspi.artifact.ArtifactEntry"
      helperMap = class com.ibm.wsspi.kernel.service.utils.ConcurrentServiceReferenceSetMap@1ca7220b
      contributorMap = class com.ibm.wsspi.kernel.service.utils.ConcurrentServiceReferenceSetMap@62e1f27e
      helperCategoryMap = class com.ibm.wsspi.kernel.service.utils.ConcurrentServiceReferenceSetMap@6f74b8e5
      contributorCategoryMap = class com.ibm.wsspi.kernel.service.utils.ConcurrentServiceReferenceSetMap@1928c138
      categories = class java.util.Collections$SynchronizedSet@3c3a1f6c
      baseProperties = class org.apache.felix.scr.impl.helper.ReadOnlyDictionary@51256897
      serialVersionUID = -3101641399269402013
      $$$tc$$$ = class com.ibm.websphere.ras.TraceComponent@5100829f
    moduleFactory = class com.ibm.ws.adaptable.module.internal.AdaptableModuleFactoryImpl@300b24ac
      adapterFactoryService = class com.ibm.ws.adaptable.module.internal.AdapterFactoryServiceImpl@5404f32f
      containerFactory = class com.ibm.ws.artifact.internal.ArtifactContainerFactoryService@698b9407
      overlayContainerFactory = class com.ibm.ws.artifact.overlay.internal.OverlayContainerFactoryImpl@7e8ace2f
      serialVersionUID = 4200251809856292987
      $$$tc$$$ = class com.ibm.websphere.ras.TraceComponent@4c85da2d
    classesContainerInfo = class java.util.ArrayList@7d01523d
      serialVersionUID = 8683452581122892189
      DEFAULT_CAPACITY = 10
      EMPTY_ELEMENTDATA = class java.lang.Object[0]
      DEFAULTCAPACITY_EMPTY_ELEMENTDATA = class java.lang.Object[0]
      elementData = class java.lang.Object[0]
      size = 0
      MAX_ARRAY_SIZE = 2147483639
      modCount = 0
      MAX_ARRAY_SIZE = 2147483639
    serialVersionUID = -9033256786848720484
    $$$tc$$$ = class com.ibm.websphere.ras.TraceComponent@22487c2d
      strings[0] = "TraceComponent[com.ibm.ws.app.manager.module.internal.DeployedAppInfoBase$SharedLibDeploymentInfo,class com.ibm.ws.app.manager.module.internal.DeployedAppInfoBase$SharedLibDeploymentInfo,[applications, app.manager],,null]"
  futureMonitor = class com.ibm.ws.threading.internal.FutureMonitorImpl@36531a21
    _monitor = class java.util.concurrent.ConcurrentLinkedQueue@37105871
      serialVersionUID = 196745693267521676
      head = class java.util.concurrent.ConcurrentLinkedQueue$Node@2de52708
      tail = class java.util.concurrent.ConcurrentLinkedQueue$Node@2de52708
      MAX_HOPS = 8
      HEAD = class java.lang.invoke.VarHandleReferences$FieldInstanceReadWrite@39c4351f
      TAIL = class java.lang.invoke.VarHandleReferences$FieldInstanceReadWrite@2ba0e79a
      ITEM = class java.lang.invoke.VarHandleReferences$FieldInstanceReadWrite@15ccccd1
      NEXT = class java.lang.invoke.VarHandleReferences$FieldInstanceReadWrite@6f5077d1
      MAX_ARRAY_SIZE = 2147483639
    _executor = class com.ibm.ws.threading.internal.ScheduledExecutorImpl@1adeddd0
      threadGroupName = "Scheduled Executor Thread Group"
      executor = class com.ibm.ws.threading.internal.ExecutorServiceImpl@77bc8a9b
      serialVersionUID = -9110693807503469597
      $$$tc$$$ = class com.ibm.websphere.ras.TraceComponent@229fa5c5
      continueExistingPeriodicTasksAfterShutdown = false
      executeExistingDelayedTasksAfterShutdown = true
      removeOnCancel = false
      sequencer = class java.util.concurrent.atomic.AtomicLong@1bdc41c6
      DEFAULT_KEEPALIVE_MILLIS = 10
      ctl = class java.util.concurrent.atomic.AtomicInteger@44226284
      COUNT_BITS = 29
      COUNT_MASK = 536870911
      RUNNING = -536870912
      SHUTDOWN = 0
      STOP = 536870912
      TIDYING = 1073741824
      TERMINATED = 1610612736
      workQueue = class java.util.concurrent.ScheduledThreadPoolExecutor$DelayedWorkQueue@280fc413
      mainLock = class java.util.concurrent.locks.ReentrantLock@52147055
      workers = class java.util.HashSet@2b3fd9a0
      termination = class java.util.concurrent.locks.AbstractQueuedSynchronizer$ConditionObject@7cdeb801
      largestPoolSize = 1
      completedTaskCount = 0
      threadFactory = class com.ibm.ws.threading.internal.ThreadFactoryImpl@2aa7c4d5
      handler = class java.util.concurrent.ThreadPoolExecutor$AbortPolicy@4b1cdd0a
      keepAliveTime = 10000000
      allowCoreThreadTimeOut = false
      corePoolSize = 1
      maximumPoolSize = 2147483647
      defaultHandler = class java.util.concurrent.ThreadPoolExecutor$AbortPolicy@4b1cdd0a
      shutdownPerm = class java.lang.RuntimePermission@2936b555
      ONLY_ONE = true
      $assertionsDisabled = true
    _threadRunning = class java.util.concurrent.atomic.AtomicBoolean@5cb95a1
      serialVersionUID = 4654671469794556979
      VALUE = class java.lang.invoke.VarHandleInts$FieldInstanceReadWrite@3b19a67d
      value = 0
    _thread = class com.ibm.ws.threading.internal.FutureMonitorImpl$1@7a5deea9
      this$0 = class com.ibm.ws.threading.internal.FutureMonitorImpl@36531a21
      serialVersionUID = 2422512430832938099
      $$$tc$$$ = class com.ibm.websphere.ras.TraceComponent@154d6b99
    serialVersionUID = 2765238413969174390
    $$$tc$$$ = class com.ibm.websphere.ras.TraceComponent@5530bea8
      strings[0] = "TraceComponent[com.ibm.ws.threading.internal.FutureMonitorImpl,class com.ibm.ws.threading.internal.FutureMonitorImpl,[Threading],com.ibm.ws.threading.internal.resources.ThreadingMessages,null]"
  configAdmin = class com.ibm.ws.config.admin.internal.ConfigurationAdminImpl@56975f8d
    tc = class com.ibm.websphere.ras.TraceComponent@1b091e1a
      strings[0] = "TraceComponent[com.ibm.ws.config.admin.internal.ConfigurationAdminImpl,class com.ibm.ws.config.admin.internal.ConfigurationAdminImpl,[config],com.ibm.ws.config.internal.resources.ConfigMessages,null]"
    bundle = class org.eclipse.osgi.internal.framework.EquinoxBundle@71d6e528
      equinoxContainer = class org.eclipse.osgi.internal.framework.EquinoxContainer@6b2c5ee3
      module = class org.eclipse.osgi.internal.framework.EquinoxBundle$EquinoxModule@6108d590
      monitor = class java.lang.Object@635be1a0
      context = class org.eclipse.osgi.internal.framework.BundleContextImpl@6056a6c5
      signerInfos = null
      $SWITCH_TABLE$org$eclipse$osgi$container$Module$State = {1,2,3,4,5,6,7} /* array length = 7 */
    caFactory = class com.ibm.ws.config.admin.internal.ConfigAdminServiceFactory@11057795
      tc = class com.ibm.websphere.ras.TraceComponent@354e2923
      configurationPermission = class org.osgi.service.cm.ConfigurationPermission@7ec68e53
      INDEX_DICTIONARY = 0
      INDEX_LOCATION = 1
      INDEX_METATYPE_PROCESSED = 2
      INDEX_IN_OVERRIDES_FILE = 3
      INDEX_REFERENCES = 4
      INDEX_UNIQUES = 5
      bundleContext = class org.eclipse.osgi.internal.framework.BundleContextImpl@8a0d989
      msTracker = class com.ibm.ws.config.admin.internal.ManagedServiceTracker@55b79cf0
      msfTracker = class com.ibm.ws.config.admin.internal.ManagedServiceFactoryTracker@14d77705
      pluginManager = class com.ibm.ws.config.admin.internal.PluginManager@52f6fe6d
      configurationStore = class com.ibm.ws.config.admin.internal.ConfigurationStore@18885676
      updateQueue = class com.ibm.ws.config.admin.internal.UpdateQueue@7131098b
      ced = class com.ibm.ws.config.admin.internal.ConfigEventDispatcher@5ef137f7
      idMap = class java.util.Collections$SynchronizedMap@3b11bfd2
      referenceMap = class java.util.Collections$SynchronizedMap@61f06520
      variableRegistryTracker = class org.osgi.util.tracker.ServiceTracker@187455c4
      variableRegistry = class com.ibm.ws.kernel.service.location.internal.VariableRegistryHelper@4f6d97b2
      configurationAdminRef = class org.eclipse.osgi.internal.serviceregistry.ServiceRegistrationImpl@3581111c
      serialVersionUID = 6695202270027014725
    serialVersionUID = -2875522750804142523
  libraryConfigHelper = class com.ibm.ws.classloading.ClassLoaderConfigHelper@45e1ccf9
    tc = class com.ibm.websphere.ras.TraceComponent@2c000148
      strings[0] = "TraceComponent[com.ibm.ws.classloading.ClassLoaderConfigHelper,class com.ibm.ws.classloading.ClassLoaderConfigHelper,[ClassLoadingService],com.ibm.ws.classloading.internal.resources.ClassLoadingServiceMessages,null]"
    DEFAULT_API_TYPES = class java.util.RegularEnumSet@1756bd79
      serialVersionUID = 3411599620347842686
      elements = 23
      elementType = class java.lang.Class@5812131c
      universe = class com.ibm.wsspi.classloading.ApiType[5]
      MAX_ARRAY_SIZE = 2147483639
    sharedLibraries = class java.util.Collections$EmptyList@5114da7c
      serialVersionUID = 8842843931221139166
      modCount = 0
      MAX_ARRAY_SIZE = 2147483639
    commonLibraries = class java.util.Collections$EmptyList@5114da7c
    classProviders = class java.util.Collections$EmptyList@5114da7c
    sharedLibrariesPids = null
    commonLibrariesPids = null
    isDelegateLast = false
    apiTypes = class java.util.RegularEnumSet@1756bd79
    classLoaderConfigProps = null
    serialVersionUID = 7643888529935916418
  isDelegateLast = false
  permissionManager = class com.ibm.ws.classloading.java2sec.PermissionManager@472d5f75
    tc = class com.ibm.websphere.ras.TraceComponent@2700d114
      strings[0] = "TraceComponent[com.ibm.ws.classloading.java2sec.PermissionManager,class com.ibm.ws.classloading.java2sec.PermissionManager,[Java2SecurityUtil],com.ibm.ws.classloading.internal.resources.Java2SecurityUtilMessages,null]"
    classLoadingService = class com.ibm.ws.classloading.internal.ClassLoadingServiceImpl@1b3e59f8
    DEFAULT_SERVER_RESTRICTABLE_PERMISSIONS = class java.security.Permission[4]
      Permission[0] = class java.lang.RuntimePermission@55d84339
      Permission[1] = class java.lang.RuntimePermission@3af3d023
      Permission[2] = class java.security.SecurityPermission@c4351a0
      Permission[3] = class javax.security.auth.AuthPermission@4eeb8126
    DEFAULT_CLIENT_RESTRICTABLE_PERMISSIONS = class java.security.Permission[3]
      Permission[0] = class java.lang.RuntimePermission@571aa978
      Permission[1] = class java.security.SecurityPermission@5ceacdd0
      Permission[2] = class javax.security.auth.AuthPermission@c5764dd
    isServer = true
    wsjarUrlStreamHandlerAvailable = true
    restrictablePermissions = class java.util.ArrayList@5540050b
      serialVersionUID = 8683452581122892189
      DEFAULT_CAPACITY = 10
      EMPTY_ELEMENTDATA = class java.lang.Object[0]
      DEFAULTCAPACITY_EMPTY_ELEMENTDATA = class java.lang.Object[0]
      elementData = class java.lang.Object[10]
      size = 4
      MAX_ARRAY_SIZE = 2147483639
      modCount = 4
      MAX_ARRAY_SIZE = 2147483639
    grantedPermissions = class java.util.ArrayList@77dfc7af
      serialVersionUID = 8683452581122892189
      DEFAULT_CAPACITY = 10
      EMPTY_ELEMENTDATA = class java.lang.Object[0]
      DEFAULTCAPACITY_EMPTY_ELEMENTDATA = class java.lang.Object[0]
      elementData = class java.lang.Object[10]
      size = 1
      MAX_ARRAY_SIZE = 2147483639
      modCount = 1
      MAX_ARRAY_SIZE = 2147483639
    KEY_PERMISSION = "permission"
    INCORRECT_PERMISSION_CONFIGURATION = "INCORRECT_PERMISSION_CONFIGURATION"
    PERMISSION_CLASSNOTFOUND = "PERMISSION_CLASSNOTFOUND"
    SERVER_XML = "server.xml"
    CLIENT_XML = "client.xml"
    originationFile = "server.xml"
    permissions = class com.ibm.wsspi.kernel.service.utils.ConcurrentServiceReferenceSet@7f6d5d6d
      referenceName = "permission"
      contextRef = class java.util.concurrent.atomic.AtomicReference@21c7a1a0
      elementMap = class java.util.LinkedHashMap@24b96439
      elementSet = class java.util.concurrent.ConcurrentSkipListSet@7b95446e
      elementSetUnsorted = false
      serialVersionUID = 756240983881166148
      $$$tc$$$ = class com.ibm.websphere.ras.TraceComponent@69e34dee
    codeBasePermissionMap = class java.util.HashMap@640fc033
      serialVersionUID = 362498820763181265
      DEFAULT_INITIAL_CAPACITY = 16
      MAXIMUM_CAPACITY = 1073741824
      DEFAULT_LOAD_FACTOR = 0.75
      TREEIFY_THRESHOLD = 8
      UNTREEIFY_THRESHOLD = 6
      MIN_TREEIFY_CAPACITY = 64
      table = null
      entrySet = null
      size = 0
      modCount = 0
      threshold = 0
      loadFactor = 0.75
      keySet = class java.util.HashMap$KeySet@53cf1bac
      values = null
    permissionXMLPermissionMap = class java.util.HashMap@3132f9e4
      serialVersionUID = 362498820763181265
      DEFAULT_INITIAL_CAPACITY = 16
      MAXIMUM_CAPACITY = 1073741824
      DEFAULT_LOAD_FACTOR = 0.75
      TREEIFY_THRESHOLD = 8
      UNTREEIFY_THRESHOLD = 6
      MIN_TREEIFY_CAPACITY = 64
      table = null
      entrySet = null
      size = 0
      modCount = 0
      threshold = 0
      loadFactor = 0.75
      keySet = null
      values = null
    serialVersionUID = 3514017629123673923
  permissionsConfig = null
  serialVersionUID = 5168023053972273360
  appInfo = class com.ibm.ws.container.service.app.deploy.internal.ApplicationInfoImpl@39824abf
    appName = "security"
    appMetaData = class com.ibm.ws.container.service.app.deploy.internal.ApplicationMetaDataImpl@478bd97a
      j2eeName = class com.ibm.ws.container.service.metadata.internal.J2EENameImpl@57e05de2
      serialVersionUID = -7906531148367236579
      $$$tc$$$ = class com.ibm.websphere.ras.TraceComponent@1c58e5dc
      tc = class com.ibm.websphere.ras.TraceComponent@4d8774f1
      NUM_STATIC_SLOTS = 4
      ID_UNINITIALIZED = -1
      id = 0
      metaDataInterface = class java.lang.Class@7b8943a4
      staticSlots = class java.lang.Object[4]
      dynamicSlots = class java.lang.Object[4]
    appContainer = class com.ibm.ws.adaptable.module.internal.AdaptableContainerImpl@3bf26339
      root = class com.ibm.ws.adaptable.module.internal.AdaptableContainerImpl@3bf26339
      rootOverlay = class com.ibm.ws.artifact.overlay.internal.DirectoryBasedOverlayContainerImpl@65d16ab9
      factoryHolder = class com.ibm.ws.adaptable.module.internal.AdaptableModuleFactoryImpl@300b24ac
      delegate = class com.ibm.ws.artifact.overlay.internal.DirectoryBasedOverlayContainerImpl@65d16ab9
      notifier = class com.ibm.ws.adaptable.module.internal.NotifierImpl@36c79ea6
      serialVersionUID = -5621513278641113667
      $$$tc$$$ = class com.ibm.websphere.ras.TraceComponent@3eb71930
    configHelper = class com.ibm.ws.app.manager.module.ApplicationNestedConfigHelper@14455c39
      appInfo = class com.ibm.ws.app.manager.internal.ApplicationInstallInfo@b43c49e
      serialVersionUID = -3174031738676705046
      $$$tc$$$ = class com.ibm.websphere.ras.TraceComponent@1ae6c84e
    applicationInformation = class com.ibm.ws.app.manager.internal.ApplicationInstallInfo@b43c49e
    serialVersionUID = -505303337196743781
    $$$tc$$$ = class com.ibm.websphere.ras.TraceComponent@31392646
      strings[0] = "TraceComponent[com.ibm.ws.container.service.app.deploy.internal.ApplicationInfoImpl,class com.ibm.ws.container.service.app.deploy.internal.ApplicationInfoImpl,[container.service],com.ibm.ws.container.service.resources.Messages,null]"
  modulesDeployed = class java.util.ArrayList@a52505a
    serialVersionUID = 8683452581122892189
    DEFAULT_CAPACITY = 10
    EMPTY_ELEMENTDATA = class java.lang.Object[0]
    DEFAULTCAPACITY_EMPTY_ELEMENTDATA = class java.lang.Object[0]
    elementData = class java.lang.Object[10]
      Object[0] = class com.ibm.ws.app.manager.module.internal.DeployedModuleInfoImpl@69d7375f
      Object[1] = null
      Object[2] = null
      Object[3] = null
      Object[4] = null
      Object[5] = null
      Object[6] = null
      Object[7] = null
      Object[8] = null
      Object[9] = null
    size = 1
    MAX_ARRAY_SIZE = 2147483639
    modCount = 1
    MAX_ARRAY_SIZE = 2147483639
  starting = true
  started = false
  appInfoFactory = class com.ibm.ws.container.service.app.deploy.internal.ApplicationInfoFactoryImpl@29cbf991
    j2eeNameFactory = class com.ibm.wsspi.kernel.service.utils.AtomicServiceReference@643f1855
      referenceName = "j2eeNameFactory"
      tuple = class java.util.concurrent.atomic.AtomicReference@367ff441
      serialVersionUID = 2226592364007985000
      $$$tc$$$ = class com.ibm.websphere.ras.TraceComponent@56d8e6d6
    names = class java.util.HashSet@193c745d
      serialVersionUID = -5024744406713321676
      map = class java.util.HashMap@250426ff
      PRESENT = class java.lang.Object@5f409a3d
      MAX_ARRAY_SIZE = 2147483639
    serialVersionUID = 7443990212682384945
    $$$tc$$$ = class com.ibm.websphere.ras.TraceComponent@fd5bf36
      strings[0] = "TraceComponent[com.ibm.ws.container.service.app.deploy.internal.ApplicationInfoFactoryImpl,class com.ibm.ws.container.service.app.deploy.internal.ApplicationInfoFactoryImpl,[container.service],com.ibm.ws.container.service.resources.Messages,null]"
  metaDataService = class com.ibm.ws.container.service.metadata.internal.MetaDataServiceImpl@7f25470d
    applicationMetaDataManager = class com.ibm.ws.container.service.metadata.internal.ApplicationMetaDataManager@592c7411
      serialVersionUID = 1843747281024490904
      $$$tc$$$ = class com.ibm.websphere.ras.TraceComponent@5f8ae844
      listeners = class com.ibm.wsspi.kernel.service.utils.ConcurrentServiceReferenceSet@72b8622d
      metaDataIDs = class com.ibm.ws.container.service.metadata.internal.IndexList@61553f43
      metaDatas = class java.util.ArrayList@21a7223b
      slotIDs = class com.ibm.ws.container.service.metadata.internal.IndexList@4d90df80
      serialVersionUID = 5464421863354792977
      $$$tc$$$ = class com.ibm.websphere.ras.TraceComponent@1e8c01f0
    moduleMetaDataManager = class com.ibm.ws.container.service.metadata.internal.ModuleMetaDataManager@25a648d2
      serialVersionUID = 2513574389899327209
      $$$tc$$$ = class com.ibm.websphere.ras.TraceComponent@664a572e
      listeners = class com.ibm.wsspi.kernel.service.utils.ConcurrentServiceReferenceSet@73773802
      metaDataIDs = class com.ibm.ws.container.service.metadata.internal.IndexList@76d46e9c
      metaDatas = class java.util.ArrayList@4c3d2793
      slotIDs = class com.ibm.ws.container.service.metadata.internal.IndexList@6e0c269d
      serialVersionUID = 5464421863354792977
      $$$tc$$$ = class com.ibm.websphere.ras.TraceComponent@1e8c01f0
    componentMetaDataManager = class com.ibm.ws.container.service.metadata.internal.ComponentMetaDataManager@6eba103f
      serialVersionUID = 8629793739641703882
      $$$tc$$$ = class com.ibm.websphere.ras.TraceComponent@6e51223e
      listeners = class com.ibm.wsspi.kernel.service.utils.ConcurrentServiceReferenceSet@ce748b7
      metaDataIDs = class com.ibm.ws.container.service.metadata.internal.IndexList@44023d20
      metaDatas = class java.util.ArrayList@3922e503
      slotIDs = class com.ibm.ws.container.service.metadata.internal.IndexList@3aa518dd
      serialVersionUID = 5464421863354792977
      $$$tc$$$ = class com.ibm.websphere.ras.TraceComponent@1e8c01f0
    methodMetaDataManager = class com.ibm.ws.container.service.metadata.internal.MethodMetaDataManager@6b51d724
      serialVersionUID = -8002489041502300640
      $$$tc$$$ = class com.ibm.websphere.ras.TraceComponent@240e0685
      listeners = class com.ibm.wsspi.kernel.service.utils.ConcurrentServiceReferenceSet@24f1b476
      metaDataIDs = class com.ibm.ws.container.service.metadata.internal.IndexList@71049efa
      metaDatas = class java.util.ArrayList@54202ef6
      slotIDs = class com.ibm.ws.container.service.metadata.internal.IndexList@5b17d221
      serialVersionUID = 5464421863354792977
      $$$tc$$$ = class com.ibm.websphere.ras.TraceComponent@1e8c01f0
    appModuleNameToModuleContainer = class java.util.concurrent.ConcurrentHashMap@5167aaa3
      serialVersionUID = 7249069246763182397
      MAXIMUM_CAPACITY = 1073741824
      DEFAULT_CAPACITY = 16
      MAX_ARRAY_SIZE = 2147483639
      DEFAULT_CONCURRENCY_LEVEL = 16
      LOAD_FACTOR = 0.75
      TREEIFY_THRESHOLD = 8
      UNTREEIFY_THRESHOLD = 6
      MIN_TREEIFY_CAPACITY = 64
      MIN_TRANSFER_STRIDE = 16
      RESIZE_STAMP_BITS = 16
      MAX_RESIZERS = 65535
      RESIZE_STAMP_SHIFT = 16
      MOVED = -1
      TREEBIN = -2
      RESERVED = -3
      HASH_BITS = 2147483647
      NCPU = 4
      serialPersistentFields = class java.io.ObjectStreamField[3]
      table = class java.util.concurrent.ConcurrentHashMap$Node[16]
      nextTable = null
      baseCount = 7
      sizeCtl = 12
      transferIndex = 0
      cellsBusy = 0
      counterCells = null
      keySet = null
      values = null
      entrySet = null
      U = class jdk.internal.misc.Unsafe@14ff4757
      SIZECTL = 20
      TRANSFERINDEX = 32
      BASECOUNT = 24
      CELLSBUSY = 36
      CELLVALUE = 144
      ABASE = 16
      ASHIFT = 2
      keySet = null
      values = null
    jeeNameToComponentMetaData = class java.util.concurrent.ConcurrentHashMap@46108885
      serialVersionUID = 7249069246763182397
      MAXIMUM_CAPACITY = 1073741824
      DEFAULT_CAPACITY = 16
      MAX_ARRAY_SIZE = 2147483639
      DEFAULT_CONCURRENCY_LEVEL = 16
      LOAD_FACTOR = 0.75
      TREEIFY_THRESHOLD = 8
      UNTREEIFY_THRESHOLD = 6
      MIN_TREEIFY_CAPACITY = 64
      MIN_TRANSFER_STRIDE = 16
      RESIZE_STAMP_BITS = 16
      MAX_RESIZERS = 65535
      RESIZE_STAMP_SHIFT = 16
      MOVED = -1
      TREEBIN = -2
      RESERVED = -3
      HASH_BITS = 2147483647
      NCPU = 4
      serialPersistentFields = class java.io.ObjectStreamField[3]
      table = class java.util.concurrent.ConcurrentHashMap$Node[32]
      nextTable = null
      baseCount = 14
      sizeCtl = 24
      transferIndex = 0
      cellsBusy = 0
      counterCells = null
      keySet = null
      values = null
      entrySet = null
      U = class jdk.internal.misc.Unsafe@14ff4757
      SIZECTL = 20
      TRANSFERINDEX = 32
      BASECOUNT = 24
      CELLSBUSY = 36
      CELLVALUE = 144
      ABASE = 16
      ASHIFT = 2
      keySet = null
      values = null
    deferredMetaDataFactories = class com.ibm.wsspi.kernel.service.utils.ConcurrentServiceReferenceSet@78955390
      referenceName = "deferredMetaDataFactory"
      contextRef = class java.util.concurrent.atomic.AtomicReference@cb15dce
      elementMap = class java.util.LinkedHashMap@590f8a45
      elementSet = class java.util.concurrent.ConcurrentSkipListSet@77ab769a
      elementSetUnsorted = false
      serialVersionUID = 756240983881166148
      $$$tc$$$ = class com.ibm.websphere.ras.TraceComponent@69e34dee
    deferredMetaDataInitializers = class com.ibm.wsspi.kernel.service.utils.ConcurrentServiceReferenceMap@1d985351
      referenceName = "deferredMetaDataFactory"
      context = class org.apache.felix.scr.impl.manager.ComponentContextImpl@77ed0068
      elementMap = class java.util.concurrent.ConcurrentHashMap@4e0730ba
      serialVersionUID = 6980924785166233786
      $$$tc$$$ = class com.ibm.websphere.ras.TraceComponent@2c28e918
    serialVersionUID = -2494605732980966097
    $$$tc$$$ = class com.ibm.websphere.ras.TraceComponent@e29edc8
      strings[0] = "TraceComponent[com.ibm.ws.container.service.metadata.internal.MetaDataServiceImpl,class com.ibm.ws.container.service.metadata.internal.MetaDataServiceImpl,[Runtime],,null]"
  stateChangeService = class com.ibm.ws.container.service.state.internal.StateChangeServiceImpl@3f8d4e7c
    applicationStateManager = class com.ibm.ws.container.service.state.internal.ApplicationStateManager@4f25f317
      serialVersionUID = -6685368059484454124
      $$$tc$$$ = class com.ibm.websphere.ras.TraceComponent@43d8dd9
      listeners = class com.ibm.wsspi.kernel.service.utils.ConcurrentServiceReferenceSet@31d94deb
      serialVersionUID = 2284273176985484160
      $$$tc$$$ = class com.ibm.websphere.ras.TraceComponent@3ad0418
    moduleStateManager = class com.ibm.ws.container.service.state.internal.ModuleStateManager@4e148529
      serialVersionUID = -5540260902341249963
      $$$tc$$$ = class com.ibm.websphere.ras.TraceComponent@1cee2b79
      listeners = class com.ibm.wsspi.kernel.service.utils.ConcurrentServiceReferenceSet@52549a61
      serialVersionUID = 2284273176985484160
      $$$tc$$$ = class com.ibm.websphere.ras.TraceComponent@3ad0418
    serialVersionUID = -537917915330350560
    $$$tc$$$ = class com.ibm.websphere.ras.TraceComponent@50ad0117
      strings[0] = "TraceComponent[com.ibm.ws.container.service.state.internal.StateChangeServiceImpl,class com.ibm.ws.container.service.state.internal.StateChangeServiceImpl,[Runtime],,null]"
  moduleClassesInfo = class com.ibm.ws.app.manager.module.internal.SimpleDeployedAppInfoBase$ModuleClassesInfoProvider@53751485
    entryContainerInfosMap = class java.util.HashMap@d3aebce
      serialVersionUID = 362498820763181265
      DEFAULT_INITIAL_CAPACITY = 16
      MAXIMUM_CAPACITY = 1073741824
      DEFAULT_LOAD_FACTOR = 0.75
      TREEIFY_THRESHOLD = 8
      UNTREEIFY_THRESHOLD = 6
      MIN_TREEIFY_CAPACITY = 64
      table = null
      entrySet = null
      size = 0
      modCount = 0
      threshold = 0
      loadFactor = 0.75
      keySet = null
      values = null
    serialVersionUID = -70332790531324534
    $$$tc$$$ = class com.ibm.websphere.ras.TraceComponent@14e92e8c
      strings[0] = "TraceComponent[com.ibm.ws.app.manager.module.internal.SimpleDeployedAppInfoBase$ModuleClassesInfoProvider,class com.ibm.ws.app.manager.module.internal.SimpleDeployedAppInfoBase$ModuleClassesInfoProvider,[applications, app.manager],,null]"
  moduleContainerInfos = class java.util.ArrayList@147a723c
    serialVersionUID = 8683452581122892189
    DEFAULT_CAPACITY = 10
    EMPTY_ELEMENTDATA = class java.lang.Object[0]
    DEFAULTCAPACITY_EMPTY_ELEMENTDATA = class java.lang.Object[0]
    elementData = class java.lang.Object[10]
      Object[0] = class com.ibm.ws.app.manager.module.internal.SimpleDeployedAppInfoBase$WebModuleContainerInfo@6374072a
      Object[1] = null
      Object[2] = null
      Object[3] = null
      Object[4] = null
      Object[5] = null
      Object[6] = null
      Object[7] = null
      Object[8] = null
      Object[9] = null
    size = 1
    MAX_ARRAY_SIZE = 2147483639
    modCount = 1
    MAX_ARRAY_SIZE = 2147483639
  activeModuleHandlers = class java.util.IdentityHashMap@5f37e24e
    DEFAULT_CAPACITY = 32
    MINIMUM_CAPACITY = 4
    MAXIMUM_CAPACITY = 536870912
    table = class java.lang.Object[16]
      Object[0] = null
      Object[1] = null
      Object[2] = null
      Object[3] = null
      Object[4] = null
      Object[5] = null
      Object[6] = null
      Object[7] = null
      Object[8] = null
      Object[9] = null
      Object[10] = null
      Object[11] = null
      Object[12] = null
      Object[13] = null
      Object[14] = null
      Object[15] = null
    size = 0
    modCount = 2
    NULL_KEY = class java.lang.Object@375e5543
    entrySet = null
    serialVersionUID = 8188218128353913216
    keySet = null
    values = null
  serialVersionUID = 7078125893012250887
  $$$tc$$$ = class com.ibm.websphere.ras.TraceComponent@238f08d8
    strings[0] = "TraceComponent[com.ibm.ws.app.manager.module.internal.SimpleDeployedAppInfoBase,class com.ibm.ws.app.manager.module.internal.SimpleDeployedAppInfoBase,[applications, app.manager],,null]"

Dump of objectArray[0]
Object type = com.ibm.ws.threading.internal.NonCancelableResultFuture
  _done = false
  _result = null
  _failure = null
  _listeners = class java.util.concurrent.ConcurrentLinkedQueue@64d61f64
    serialVersionUID = 196745693267521676
    head = class java.util.concurrent.ConcurrentLinkedQueue$Node@70363def
      item = null
      next = null
    tail = class java.util.concurrent.ConcurrentLinkedQueue$Node@70363def
    MAX_HOPS = 8
    HEAD = class java.lang.invoke.VarHandleReferences$FieldInstanceReadWrite@39c4351f
      FORM = class java.lang.invoke.VarForm@8a71316
      fieldOffset = 12
      receiverType = class java.lang.Class@22a71081
      fieldType = class java.lang.Class@3930015a
      FORM = class java.lang.invoke.VarForm@789e52d8
      vform = class java.lang.invoke.VarForm@8a71316
      typesAndInvokers = null
      AIOOBE_SUPPLIER = class jdk.internal.util.Preconditions$1@4c36376e
      VFORM_OFFSET = 12
      $assertionsDisabled = true
    TAIL = class java.lang.invoke.VarHandleReferences$FieldInstanceReadWrite@2ba0e79a
      FORM = class java.lang.invoke.VarForm@8a71316
      fieldOffset = 16
      receiverType = class java.lang.Class@22a71081
      fieldType = class java.lang.Class@3930015a
      FORM = class java.lang.invoke.VarForm@789e52d8
      vform = class java.lang.invoke.VarForm@8a71316
      typesAndInvokers = null
      AIOOBE_SUPPLIER = class jdk.internal.util.Preconditions$1@4c36376e
      VFORM_OFFSET = 12
      $assertionsDisabled = true
    ITEM = class java.lang.invoke.VarHandleReferences$FieldInstanceReadWrite@15ccccd1
      FORM = class java.lang.invoke.VarForm@8a71316
      fieldOffset = 12
      receiverType = class java.lang.Class@3930015a
      fieldType = class java.lang.Class@4e25154f
      FORM = class java.lang.invoke.VarForm@789e52d8
      vform = class java.lang.invoke.VarForm@8a71316
      typesAndInvokers = null
      AIOOBE_SUPPLIER = class jdk.internal.util.Preconditions$1@4c36376e
      VFORM_OFFSET = 12
      $assertionsDisabled = true
    NEXT = class java.lang.invoke.VarHandleReferences$FieldInstanceReadWrite@6f5077d1
      FORM = class java.lang.invoke.VarForm@8a71316
      fieldOffset = 16
      receiverType = class java.lang.Class@3930015a
      fieldType = class java.lang.Class@3930015a
      FORM = class java.lang.invoke.VarForm@789e52d8
      vform = class java.lang.invoke.VarForm@8a71316
      typesAndInvokers = null
      AIOOBE_SUPPLIER = class jdk.internal.util.Preconditions$1@4c36376e
      VFORM_OFFSET = 12
      $assertionsDisabled = true
    MAX_ARRAY_SIZE = 2147483639
  _notifiedListeners = class java.util.concurrent.atomic.AtomicBoolean@1a78c31f
    serialVersionUID = 4654671469794556979
    VALUE = class java.lang.invoke.VarHandleInts$FieldInstanceReadWrite@3b19a67d
      FORM = class java.lang.invoke.VarForm@6e919eb8
      fieldOffset = 12
      receiverType = class java.lang.Class@1d371b2d
      FORM = class java.lang.invoke.VarForm@21ddd66f
      vform = class java.lang.invoke.VarForm@6e919eb8
      typesAndInvokers = null
      AIOOBE_SUPPLIER = class jdk.internal.util.Preconditions$1@4c36376e
      VFORM_OFFSET = 12
      $assertionsDisabled = true
    value = 0
  serialVersionUID = -296387658814354272
  $$$tc$$$ = class com.ibm.websphere.ras.TraceComponent@271fe2cc
    strings[0] = "TraceComponent[com.ibm.ws.threading.internal.NonCancelableResultFuture,class com.ibm.ws.threading.internal.NonCancelableResultFuture,[Threading],com.ibm.ws.threading.internal.resources.ThreadingMessages,null]"

