------Start of DE processing------ = [18/05/19 05:13:26:832 PET]
Exception = org.jboss.weld.exceptions.DeploymentException
Source = com.ibm.ws.container.service.state.internal.ApplicationStateManager
probeid = 31
Stack Dump = org.jboss.weld.exceptions.DeploymentException: WELD-000072: Bean declaring a passivating scope must be passivation capable.  Bean:  Managed Bean [class view.student.StudentService] with qualifiers [@Any @Default]
	at org.jboss.weld.bean.ManagedBean.checkType(ManagedBean.java:216)
	at org.jboss.weld.bean.AbstractBean.initializeAfterBeanDiscovery(AbstractBean.java:108)
	at org.jboss.weld.bean.ManagedBean.initializeAfterBeanDiscovery(ManagedBean.java:122)
	at org.jboss.weld.bootstrap.ConcurrentBeanDeployer$AfterBeanDiscoveryInitializerFactory.doWork(ConcurrentBeanDeployer.java:111)
	at org.jboss.weld.bootstrap.ConcurrentBeanDeployer$AfterBeanDiscoveryInitializerFactory.doWork(ConcurrentBeanDeployer.java:102)
	at org.jboss.weld.executor.IterativeWorkerTaskFactory$1.call(IterativeWorkerTaskFactory.java:62)
	at org.jboss.weld.executor.IterativeWorkerTaskFactory$1.call(IterativeWorkerTaskFactory.java:55)
	at com.ibm.ws.threading.internal.PolicyTaskFutureImpl.run(PolicyTaskFutureImpl.java:724)
	at com.ibm.ws.threading.internal.PolicyExecutorImpl.runTask(PolicyExecutorImpl.java:1134)
	at com.ibm.ws.threading.internal.PolicyExecutorImpl$GlobalPoolTask.run(PolicyExecutorImpl.java:188)
	at java.base/java.util.concurrent.ThreadPoolExecutor.runWorker(ThreadPoolExecutor.java:1128)
	at java.base/java.util.concurrent.ThreadPoolExecutor$Worker.run(ThreadPoolExecutor.java:628)
	at java.base/java.lang.Thread.run(Thread.java:835)

Dump of callerThis
Object type = com.ibm.ws.container.service.state.internal.ApplicationStateManager
  serialVersionUID = -6685368059484454124
  $$$tc$$$ = class com.ibm.websphere.ras.TraceComponent@7742b91b
    strings[0] = "TraceComponent[com.ibm.ws.container.service.state.internal.ApplicationStateManager,class com.ibm.ws.container.service.state.internal.ApplicationStateManager,[Runtime],,null]"
  listeners = class com.ibm.wsspi.kernel.service.utils.ConcurrentServiceReferenceSet@299f643a
    referenceName = "applicationStateListeners"
    contextRef = class java.util.concurrent.atomic.AtomicReference@11f78dcf
      serialVersionUID = -1848883965231344442
      VALUE = class java.lang.invoke.VarHandleReferences$FieldInstanceReadWrite@ac0f771
      value = class org.apache.felix.scr.impl.manager.ComponentContextImpl@2b56b4c2
    elementMap = class java.util.LinkedHashMap@fc4ed6b
      serialVersionUID = 3801124242820219131
      head = class java.util.LinkedHashMap$Entry@38976f17
      tail = class java.util.LinkedHashMap$Entry@2502b1a3
      accessOrder = false
      serialVersionUID = 362498820763181265
      DEFAULT_INITIAL_CAPACITY = 16
      MAXIMUM_CAPACITY = 1073741824
      DEFAULT_LOAD_FACTOR = 0.75
      TREEIFY_THRESHOLD = 8
      UNTREEIFY_THRESHOLD = 6
      MIN_TREEIFY_CAPACITY = 64
      table = class java.util.HashMap$Node[32]
      entrySet = null
      size = 13
      modCount = 13
      threshold = 24
      loadFactor = 0.75
      keySet = null
      values = null
    elementSet = class java.util.concurrent.ConcurrentSkipListSet@5d1f950e
      serialVersionUID = -2479143111061671589
      m = class java.util.concurrent.ConcurrentSkipListMap@22c7e9f7
      MAX_ARRAY_SIZE = 2147483639
    elementSetUnsorted = false
    serialVersionUID = 756240983881166148
    $$$tc$$$ = class com.ibm.websphere.ras.TraceComponent@497d15bb
      strings[0] = "TraceComponent[com.ibm.wsspi.kernel.service.utils.ConcurrentServiceReferenceSet,class com.ibm.wsspi.kernel.service.utils.ConcurrentServiceReferenceSet,[kernelUtils],com.ibm.ws.kernel.service.utils.resources.ServiceMessages,null]"
  serialVersionUID = 2284273176985484160
  $$$tc$$$ = class com.ibm.websphere.ras.TraceComponent@3c465b90
    strings[0] = "TraceComponent[com.ibm.ws.container.service.state.internal.StateChangeManager,class com.ibm.ws.container.service.state.internal.StateChangeManager,[Runtime],,null]"

Dump of objectArray[0]
Object type = com.ibm.ws.container.service.app.deploy.internal.ApplicationInfoImpl
  appName = "AsterikProject"
  appMetaData = class com.ibm.ws.container.service.app.deploy.internal.ApplicationMetaDataImpl@282bce48
    j2eeName = class com.ibm.ws.container.service.metadata.internal.J2EENameImpl@79042b04
      serialVersionUID = 7488184044073147667
      application = "AsterikProject"
      module = null
      component = null
      string = "AsterikProject"
      j2eeNameBytes = null
      $$$tc$$$ = class com.ibm.websphere.ras.TraceComponent@2cd6bdfa
    serialVersionUID = -7906531148367236579
    $$$tc$$$ = class com.ibm.websphere.ras.TraceComponent@6385a324
      strings[0] = "TraceComponent[com.ibm.ws.container.service.app.deploy.internal.ApplicationMetaDataImpl,class com.ibm.ws.container.service.app.deploy.internal.ApplicationMetaDataImpl,[container.service],com.ibm.ws.container.service.resources.Messages,null]"
    tc = class com.ibm.websphere.ras.TraceComponent@6ccd045b
      strings[0] = "TraceComponent[com.ibm.ws.runtime.metadata.MetaDataImpl,class com.ibm.ws.runtime.metadata.MetaDataImpl,[Runtime],null,null]"
    NUM_STATIC_SLOTS = 4
    ID_UNINITIALIZED = -1
    id = 0
    metaDataInterface = class java.lang.Class@384109e9
      ANNOTATION = 8192
      ENUM = 16384
      SYNTHETIC = 4096
      cachedConstructor = null
      name = "com.ibm.ws.runtime.metadata.ApplicationMetaData"
      module = class java.lang.Module@44b5a4c6
      packageName = "com.ibm.ws.runtime.metadata"
      componentType = {} /* array length = 0 */
      allPermDomain = class java.security.ProtectionDomain@3984fcae
      reflectionData = null
      classRedefinedCount = 0
      genericInfo = null
      EMPTY_CLASS_ARRAY = class java.lang.Class[0]
      serialVersionUID = 3206093459760846163
      serialPersistentFields = class java.io.ObjectStreamField[0]
      reflectionFactory = class jdk.internal.reflect.ReflectionFactory@2b63603e
      enumConstants = null
      enumConstantDirectory = null
      annotationData = null
      annotationType = null
      classValueMap = null
    staticSlots = class java.lang.Object[4]
      Object[0] = null
      Object[1] = class com.ibm.ws.injectionengine.osgi.internal.OSGiInjectionScopeData@355fc636
      Object[2] = null
      Object[3] = null
    dynamicSlots = class java.lang.Object[4]
      Object[0] = null
      Object[1] = class com.ibm.ws.cdi.impl.weld.WebSphereCDIDeploymentImpl@563fe31c
      Object[2] = "AsterikProject"
      Object[3] = null
  appContainer = class com.ibm.ws.adaptable.module.internal.AdaptableContainerImpl@185858ea
    root = class com.ibm.ws.adaptable.module.internal.AdaptableContainerImpl@185858ea
    rootOverlay = class com.ibm.ws.artifact.overlay.internal.DirectoryBasedOverlayContainerImpl@3b38536d
      base = class com.ibm.ws.artifact.loose.internal.LooseArchive@3c5d37cb
      maskSet = class java.util.HashSet@30422c3e
      cfHolder = class com.ibm.ws.artifact.overlay.internal.OverlayContainerFactoryImpl@1b8cd83b
      fileOverlayContainer = class com.ibm.ws.artifact.file.internal.FileContainer@3b256364
      overlayDirectory = class java.io.File@30474272
      cacheDirForOverlay = class java.io.File@6571c8de
      overlayNotifier = class com.ibm.ws.artifact.overlay.internal.DirectoryBasedOverlayNotifier@44732b92
      enclosingContainer = null
      entryInEnclosingContainer = null
      nestedOverlays = class java.util.concurrent.ConcurrentHashMap@545d4e3b
      cacheStore = class com.ibm.ws.artifact.overlay.internal.OverlayCache@5e03d210
      parentOverlay = null
      isPassThroughMode = true
      serialVersionUID = -1690795617118238166
      $$$tc$$$ = class com.ibm.websphere.ras.TraceComponent@172fb0fa
    factoryHolder = class com.ibm.ws.adaptable.module.internal.AdaptableModuleFactoryImpl@516efeb9
      adapterFactoryService = class com.ibm.ws.adaptable.module.internal.AdapterFactoryServiceImpl@7825d19
      containerFactory = class com.ibm.ws.artifact.internal.ArtifactContainerFactoryService@50bf524e
      overlayContainerFactory = class com.ibm.ws.artifact.overlay.internal.OverlayContainerFactoryImpl@1b8cd83b
      serialVersionUID = 4200251809856292987
      $$$tc$$$ = class com.ibm.websphere.ras.TraceComponent@7ce5069
    delegate = class com.ibm.ws.artifact.overlay.internal.DirectoryBasedOverlayContainerImpl@3b38536d
    notifier = class com.ibm.ws.adaptable.module.internal.NotifierImpl@4d9793cc
      root = class com.ibm.ws.adaptable.module.internal.AdaptableContainerImpl@185858ea
      delegateNotifier = class com.ibm.ws.artifact.overlay.internal.DirectoryBasedOverlayNotifier@44732b92
      delegateRoot = class com.ibm.ws.artifact.overlay.internal.DirectoryBasedOverlayContainerImpl@3b38536d
      listenerDelegates = class java.util.HashMap@682d44b4
      serialVersionUID = 6839382523957017880
      $$$tc$$$ = class com.ibm.websphere.ras.TraceComponent@157b6800
    serialVersionUID = -5621513278641113667
    $$$tc$$$ = class com.ibm.websphere.ras.TraceComponent@3a8a13b4
      strings[0] = "TraceComponent[com.ibm.ws.adaptable.module.internal.AdaptableContainerImpl,class com.ibm.ws.adaptable.module.internal.AdaptableContainerImpl,[archive.adaptable],,null]"
  configHelper = class com.ibm.ws.app.manager.module.ApplicationNestedConfigHelper@3390f6ec
    appInfo = class com.ibm.ws.app.manager.internal.ApplicationInstallInfo@556a0ad6
    serialVersionUID = -3174031738676705046
    $$$tc$$$ = class com.ibm.websphere.ras.TraceComponent@61a1277b
      strings[0] = "TraceComponent[com.ibm.ws.app.manager.module.ApplicationNestedConfigHelper,class com.ibm.ws.app.manager.module.ApplicationNestedConfigHelper,[applications, app.manager],,null]"
  applicationInformation = class com.ibm.ws.app.manager.internal.ApplicationInstallInfo@556a0ad6
    _config = class com.ibm.ws.app.manager.internal.ApplicationConfig@741fdf1a
      tc = class com.ibm.websphere.ras.TraceComponent@1fedb226
      _configPid = "com.ibm.ws.app.manager_44"
      _config = class com.ibm.ws.config.admin.ConfigurationDictionary@68a37662
      _applicationManager = class com.ibm.ws.app.manager.ApplicationManager@16feb2c4
      _location = "AsterikProject.war"
      _type = "war"
      _name = "AsterikProject"
      _notificationBroadcasterSupport = class javax.management.NotificationBroadcasterSupport@7a98459e
      ONE_TIME_JANDEX_MSGS_DISPLAYED = true
    _handlerInfo = class java.util.concurrent.atomic.AtomicReference@2c9b8696
      serialVersionUID = -1848883965231344442
      VALUE = class java.lang.invoke.VarHandleReferences$FieldInstanceReadWrite@ac0f771
      value = class com.ibm.ws.app.manager.war.internal.WARDeployedAppInfo@48288771
    _container = class java.util.concurrent.atomic.AtomicReference@3d25cebf
      serialVersionUID = -1848883965231344442
      VALUE = class java.lang.invoke.VarHandleReferences$FieldInstanceReadWrite@ac0f771
      value = class com.ibm.ws.adaptable.module.internal.AdaptableContainerImpl@185858ea
    _resolvedLocation = class java.util.concurrent.atomic.AtomicReference@1d26f7f
      serialVersionUID = -1848883965231344442
      VALUE = class java.lang.invoke.VarHandleReferences$FieldInstanceReadWrite@ac0f771
      value = class com.ibm.ws.kernel.service.location.internal.LocalFileResource@37879d77
    _handler = class com.ibm.ws.app.manager.war.internal.WARApplicationHandlerImpl@617719d1
      futureMonitor = class com.ibm.ws.threading.internal.FutureMonitorImpl@205bbb50
      deployedAppFactory = class com.ibm.ws.app.manager.war.internal.WARDeployedAppInfoFactoryImpl@1be51117
      serialVersionUID = 4622845147410944782
      $$$tc$$$ = class com.ibm.websphere.ras.TraceComponent@39a56a76
    _ami = class java.util.concurrent.atomic.AtomicReference@bbf8750
      serialVersionUID = -1848883965231344442
      VALUE = class java.lang.invoke.VarHandleReferences$FieldInstanceReadWrite@ac0f771
      value = class com.ibm.wsspi.application.handler.DefaultApplicationMonitoringInformation@e50a73d
    _updateHandler = class com.ibm.ws.app.manager.internal.statemachine.ApplicationStateMachineImpl@7b600f87
      _tc = class com.ibm.websphere.ras.TraceComponent@1d3dd436
      EMPTY_FUTURE_ARRAY = interface java.util.concurrent.Future[0]
      asmSequenceNumber = class java.util.concurrent.atomic.AtomicLong@6b829ef6
      _qscaCounter = class java.util.concurrent.atomic.AtomicInteger@d6ad89a
      _failedThrowable = null
      _interruptibleLock = class com.ibm.ws.app.manager.internal.statemachine.ApplicationStateMachineImpl$2@768de287
      _interruptible = false
      _performingQueuedActions = true
      _queuedActions = class java.util.concurrent.ConcurrentLinkedQueue@5ee9a52
      _callbackState = class java.util.concurrent.atomic.AtomicReference@3d629bc4
      blockAppStartingFutures = class java.util.Collections$SetFromMap@66173afa
      waitingForAppHandlerFuture = class java.util.concurrent.atomic.AtomicReference@7f976565
      waitingForExplicitStartFuture = class java.util.concurrent.atomic.AtomicReference@eda4ccf
      completionListener = class java.util.concurrent.atomic.AtomicReference@274f5a6b
      _notifyAppStopped = class java.util.concurrent.ConcurrentLinkedQueue@78d06492
      _notifyAppStarting = class java.util.concurrent.ConcurrentLinkedQueue@3c288aa0
      _notifyAppInstallCalled = class java.util.concurrent.ConcurrentLinkedQueue@60c815de
      _notifyAppStarted = class java.util.concurrent.ConcurrentLinkedQueue@3d8997ae
      _notifyAppRemoved = class java.util.concurrent.ConcurrentLinkedQueue@46069079
      _stateLock = class com.ibm.ws.app.manager.internal.statemachine.ApplicationStateMachineImpl$3@3e836f93
      _internalState = class java.util.concurrent.atomic.AtomicReference@1e45fb78
      _currentAction = class java.util.concurrent.atomic.AtomicReference@6f002bf9
      _rfa = class java.util.concurrent.atomic.AtomicReference@1df7fb38
      _appInstallInfo = class java.util.concurrent.atomic.AtomicReference@38adf0e2
      _update = class java.util.concurrent.atomic.AtomicBoolean@90242b4
      _appConfig = class java.util.concurrent.atomic.AtomicReference@6733ef8e
      _nextAppConfig = class java.util.concurrent.atomic.AtomicReference@45bfe66b
      _appContainer = class java.util.concurrent.atomic.AtomicReference@124224de
      _resolvedLocation = class java.util.concurrent.atomic.AtomicReference@9cec3c0
      _handler = class java.util.concurrent.atomic.AtomicReference@71f912e8
      _asmSeqNo = 0
      _ctx = class org.eclipse.osgi.internal.framework.BundleContextImpl@228f8b85
      _locAdmin = class com.ibm.ws.kernel.service.location.internal.WsLocationAdminImpl@4cb8c1de
      _futureMonitor = class com.ibm.ws.threading.internal.FutureMonitorImpl@205bbb50
      _artifactFactory = class com.ibm.ws.artifact.internal.ArtifactContainerFactoryService@50bf524e
      _moduleFactory = class com.ibm.ws.adaptable.module.internal.AdaptableModuleFactoryImpl@516efeb9
      _executorService = class com.ibm.ws.threading.internal.ExecutorServiceImpl@464997ce
      _scheduledExecutorService = class com.ibm.ws.threading.internal.ScheduledExecutorImpl@6d58b29f
      _asmHelper = class com.ibm.ws.app.manager.internal.ApplicationConfigurator$NamedApplication@143c56eb
      _appMonitor = class com.ibm.ws.app.manager.internal.monitor.ApplicationMonitor@311ec034
      enterStateCalled = class java.util.concurrent.atomic.AtomicBoolean@4bcf2e02
      serialVersionUID = 6511956370079301927
      serialVersionUID = 5501066335104962649
      $$$tc$$$ = class com.ibm.websphere.ras.TraceComponent@2bed8500
    serialVersionUID = 2630639237123415755
    $$$tc$$$ = class com.ibm.websphere.ras.TraceComponent@1e20753c
      strings[0] = "TraceComponent[com.ibm.ws.app.manager.internal.ApplicationInstallInfo,class com.ibm.ws.app.manager.internal.ApplicationInstallInfo,[applications, app.manager],com.ibm.ws.app.manager.internal.resources.AppManagerMessages,null]"
  serialVersionUID = -505303337196743781
  $$$tc$$$ = class com.ibm.websphere.ras.TraceComponent@76979e69
    strings[0] = "TraceComponent[com.ibm.ws.container.service.app.deploy.internal.ApplicationInfoImpl,class com.ibm.ws.container.service.app.deploy.internal.ApplicationInfoImpl,[container.service],com.ibm.ws.container.service.resources.Messages,null]"

