------Start of DE processing------ = [01/07/19 23:14:31:193 COT]
Exception = com.ibm.wsspi.adaptable.module.UnableToAdaptException
Source = com.ibm.ws.ejbcontainer.osgi.internal.EJBContainerImpl
probeid = 155
Stack Dump = com.ibm.wsspi.adaptable.module.UnableToAdaptException: com.ibm.ejs.container.EJBConfigurationException: Errors occurred processing EJB metadata
	at com.ibm.ws.ejbcontainer.osgi.internal.ModuleInitDataAdapter.adapt(ModuleInitDataAdapter.java:124)
	at com.ibm.ws.ejbcontainer.osgi.internal.ModuleInitDataAdapter.adapt(ModuleInitDataAdapter.java:40)
	at com.ibm.ws.adaptable.module.internal.AdapterFactoryServiceImpl.adapt(AdapterFactoryServiceImpl.java:196)
	at com.ibm.ws.adaptable.module.internal.AdaptableContainerImpl.adapt(AdaptableContainerImpl.java:170)
	at com.ibm.ws.ejbcontainer.osgi.internal.EJBContainerImpl.createEJBInWARModuleMetaData(EJBContainerImpl.java:143)
	at com.ibm.ws.ejbcontainer.war.internal.EJBWARMetaDataRuntime.createdNestedModuleMetaData(EJBWARMetaDataRuntime.java:63)
	at com.ibm.ws.app.manager.module.internal.SimpleDeployedAppInfoBase$ModuleContainerInfoBase.createModuleMetaData(SimpleDeployedAppInfoBase.java:173)
	at com.ibm.ws.app.manager.module.internal.DeployedAppInfoBase.preDeployApp(DeployedAppInfoBase.java:369)
	at com.ibm.ws.app.manager.module.internal.DeployedAppInfoBase.deployApp(DeployedAppInfoBase.java:413)
	at com.ibm.ws.app.manager.war.internal.WARApplicationHandlerImpl.install(WARApplicationHandlerImpl.java:65)
	at com.ibm.ws.app.manager.internal.statemachine.StartAction.execute(StartAction.java:140)
	at com.ibm.ws.app.manager.internal.statemachine.ApplicationStateMachineImpl.enterState(ApplicationStateMachineImpl.java:1261)
	at com.ibm.ws.app.manager.internal.statemachine.ApplicationStateMachineImpl.run(ApplicationStateMachineImpl.java:876)
	at com.ibm.ws.threading.internal.ExecutorServiceImpl$RunnableWrapper.run(ExecutorServiceImpl.java:239)
	at java.util.concurrent.ThreadPoolExecutor.runWorker(Unknown Source)
	at java.util.concurrent.ThreadPoolExecutor$Worker.run(Unknown Source)
	at java.lang.Thread.run(Unknown Source)
Caused by: com.ibm.ejs.container.EJBConfigurationException: Errors occurred processing EJB metadata
	at com.ibm.ws.ejbcontainer.osgi.internal.ModuleInitDataFactory.createModuleInitData(ModuleInitDataFactory.java:536)
	at com.ibm.ws.ejbcontainer.osgi.internal.ModuleInitDataAdapter.createModuleInitData(ModuleInitDataAdapter.java:145)
	at com.ibm.ws.ejbcontainer.osgi.internal.ModuleInitDataAdapter.adapt(ModuleInitDataAdapter.java:108)
	... 16 more

Dump of callerThis
Object type = com.ibm.ws.ejbcontainer.osgi.internal.EJBContainerImpl
  REFERENCE_RUNTIME = "runtime"
  REFERENCE_SESSION_RUNTIME = "sessionRuntime"
  REFERENCE_J2EE_NAME_FACTORY = "j2eeNameFactory"
  REFERENCE_INJECTION_ENGINE = "injectionEngine"
  runtimeSR = class com.ibm.wsspi.kernel.service.utils.AtomicServiceReference@9b73bb7
    referenceName = "runtime"
    tuple = class java.util.concurrent.atomic.AtomicReference@3ffbe37e
      serialVersionUID = -1848883965231344442
      unsafe = class sun.misc.Unsafe@1c06eba5
      valueOffset = 12
      value = class com.ibm.wsspi.kernel.service.utils.AtomicServiceReference$ReferenceTuple@79ad4ec
    serialVersionUID = 2226592364007985000
    $$$tc$$$ = class com.ibm.websphere.ras.TraceComponent@7cafdf22
      strings[0] = "TraceComponent[com.ibm.wsspi.kernel.service.utils.AtomicServiceReference,class com.ibm.wsspi.kernel.service.utils.AtomicServiceReference,[kernelUtils],com.ibm.ws.kernel.service.utils.resources.ServiceMessages,null]"
  sessionRuntimeSR = class com.ibm.wsspi.kernel.service.utils.AtomicServiceReference@469359b5
    referenceName = "sessionRuntime"
    tuple = class java.util.concurrent.atomic.AtomicReference@60e1a02b
      serialVersionUID = -1848883965231344442
      unsafe = class sun.misc.Unsafe@1c06eba5
      valueOffset = 12
      value = class com.ibm.wsspi.kernel.service.utils.AtomicServiceReference$ReferenceTuple@43199da8
    serialVersionUID = 2226592364007985000
    $$$tc$$$ = class com.ibm.websphere.ras.TraceComponent@7cafdf22
  j2eeNameFactorySR = class com.ibm.wsspi.kernel.service.utils.AtomicServiceReference@633c14ed
    referenceName = "j2eeNameFactory"
    tuple = class java.util.concurrent.atomic.AtomicReference@63f95bc5
      serialVersionUID = -1848883965231344442
      unsafe = class sun.misc.Unsafe@1c06eba5
      valueOffset = 12
      value = class com.ibm.wsspi.kernel.service.utils.AtomicServiceReference$ReferenceTuple@75ee6f82
    serialVersionUID = 2226592364007985000
    $$$tc$$$ = class com.ibm.websphere.ras.TraceComponent@7cafdf22
  injectionEngineSR = class com.ibm.wsspi.kernel.service.utils.AtomicServiceReference@fa11bbe
    referenceName = "injectionEngine"
    tuple = class java.util.concurrent.atomic.AtomicReference@671a3b62
      serialVersionUID = -1848883965231344442
      unsafe = class sun.misc.Unsafe@1c06eba5
      valueOffset = 12
      value = class com.ibm.wsspi.kernel.service.utils.AtomicServiceReference$ReferenceTuple@2e9490a9
    serialVersionUID = 2226592364007985000
    $$$tc$$$ = class com.ibm.websphere.ras.TraceComponent@7cafdf22
  serialVersionUID = 1513970085448021803
  $$$tc$$$ = class com.ibm.websphere.ras.TraceComponent@76ea7baa
    strings[0] = "TraceComponent[com.ibm.ws.ejbcontainer.osgi.internal.EJBContainerImpl,class com.ibm.ws.ejbcontainer.osgi.internal.EJBContainerImpl,[EJBContainer],com.ibm.ws.ejbcontainer.osgi.internal.resources.EJBContainerMessages,null]"

Dump of objectArray[0]
Object type = com.ibm.ws.app.manager.module.internal.WebModuleInfoImpl
  contextRoot = "/testingPrimefaces"
  isDefaultContextRootUsed = true
  serialVersionUID = -1540279394520440503
  $$$tc$$$ = class com.ibm.websphere.ras.TraceComponent@36818168
    strings[0] = "TraceComponent[com.ibm.ws.app.manager.module.internal.WebModuleInfoImpl,class com.ibm.ws.app.manager.module.internal.WebModuleInfoImpl,[applications, app.manager],,null]"
  tc = class com.ibm.websphere.ras.TraceComponent@4facf2e2
    strings[0] = "TraceComponent[com.ibm.ws.app.manager.module.internal.ExtendedModuleInfoImpl,class com.ibm.ws.app.manager.module.internal.ExtendedModuleInfoImpl,[app.manager],com.ibm.ws.app.manager.module.internal.resources.Messages,null]"
  appInfo = class com.ibm.ws.container.service.app.deploy.internal.ApplicationInfoImpl@65b37c70
    appName = "testingPrimefaces"
    appMetaData = class com.ibm.ws.container.service.app.deploy.internal.ApplicationMetaDataImpl@722434e6
    appContainer = class com.ibm.ws.adaptable.module.internal.AdaptableContainerImpl@1699baee
    configHelper = class com.ibm.ws.app.manager.module.ApplicationNestedConfigHelper@775fde2
      appInfo = class com.ibm.ws.app.manager.internal.ApplicationInstallInfo@6855ae6b
      serialVersionUID = -3174031738676705046
      $$$tc$$$ = class com.ibm.websphere.ras.TraceComponent@6200058f
    applicationInformation = class com.ibm.ws.app.manager.internal.ApplicationInstallInfo@6855ae6b
      _config = class com.ibm.ws.app.manager.internal.ApplicationConfig@630ee08
      _handlerInfo = class java.util.concurrent.atomic.AtomicReference@6fd871f8
      _container = class java.util.concurrent.atomic.AtomicReference@258e1116
      _resolvedLocation = class java.util.concurrent.atomic.AtomicReference@51a2fe58
      _handler = class com.ibm.ws.app.manager.war.internal.WARApplicationHandlerImpl@50631aca
      _ami = class java.util.concurrent.atomic.AtomicReference@7c98e68f
      _updateHandler = class com.ibm.ws.app.manager.internal.statemachine.ApplicationStateMachineImpl@294b4eab
      serialVersionUID = 2630639237123415755
      $$$tc$$$ = class com.ibm.websphere.ras.TraceComponent@947b7bc
    serialVersionUID = -505303337196743781
    $$$tc$$$ = class com.ibm.websphere.ras.TraceComponent@43a923ef
      strings[0] = "TraceComponent[com.ibm.ws.container.service.app.deploy.internal.ApplicationInfoImpl,class com.ibm.ws.container.service.app.deploy.internal.ApplicationInfoImpl,[container.service],com.ibm.ws.container.service.resources.Messages,null]"
  moduleName = "testingPrimefaces"
  path = "testingPrimefaces.war"
  moduleContainer = class com.ibm.ws.adaptable.module.internal.AdaptableContainerImpl@1699baee
    root = class com.ibm.ws.adaptable.module.internal.AdaptableContainerImpl@1699baee
    rootOverlay = class com.ibm.ws.artifact.overlay.internal.DirectoryBasedOverlayContainerImpl@588859
      base = class com.ibm.ws.artifact.loose.internal.LooseArchive@41b50868
      maskSet = class java.util.HashSet@5a73d3a5
      cfHolder = class com.ibm.ws.artifact.overlay.internal.OverlayContainerFactoryImpl@26987deb
      fileOverlayContainer = class com.ibm.ws.artifact.file.internal.FileContainer@79baa6d6
      overlayDirectory = class java.io.File@102507c1
      cacheDirForOverlay = class java.io.File@540f009b
      overlayNotifier = class com.ibm.ws.artifact.overlay.internal.DirectoryBasedOverlayNotifier@319d58d4
      enclosingContainer = null
      entryInEnclosingContainer = null
      nestedOverlays = class java.util.concurrent.ConcurrentHashMap@1d3dd427
      cacheStore = class com.ibm.ws.artifact.overlay.internal.OverlayCache@259ed34e
      parentOverlay = null
      isPassThroughMode = true
      serialVersionUID = -1690795617118238166
      $$$tc$$$ = class com.ibm.websphere.ras.TraceComponent@3307f6a2
    factoryHolder = class com.ibm.ws.adaptable.module.internal.AdaptableModuleFactoryImpl@6eeeb665
      adapterFactoryService = class com.ibm.ws.adaptable.module.internal.AdapterFactoryServiceImpl@2156dc39
      containerFactory = class com.ibm.ws.artifact.internal.ArtifactContainerFactoryService@72817ffe
      overlayContainerFactory = class com.ibm.ws.artifact.overlay.internal.OverlayContainerFactoryImpl@26987deb
      serialVersionUID = 4200251809856292987
      $$$tc$$$ = class com.ibm.websphere.ras.TraceComponent@2d716574
    delegate = class com.ibm.ws.artifact.overlay.internal.DirectoryBasedOverlayContainerImpl@588859
    notifier = class com.ibm.ws.adaptable.module.internal.NotifierImpl@4986a232
      root = class com.ibm.ws.adaptable.module.internal.AdaptableContainerImpl@1699baee
      delegateNotifier = class com.ibm.ws.artifact.overlay.internal.DirectoryBasedOverlayNotifier@319d58d4
      delegateRoot = class com.ibm.ws.artifact.overlay.internal.DirectoryBasedOverlayContainerImpl@588859
      listenerDelegates = class java.util.HashMap@52b9a6a5
      serialVersionUID = 6839382523957017880
      $$$tc$$$ = class com.ibm.websphere.ras.TraceComponent@7fbd38f7
    serialVersionUID = -5621513278641113667
    $$$tc$$$ = class com.ibm.websphere.ras.TraceComponent@5baf0e3a
      strings[0] = "TraceComponent[com.ibm.ws.adaptable.module.internal.AdaptableContainerImpl,class com.ibm.ws.adaptable.module.internal.AdaptableContainerImpl,[archive.adaptable],,null]"
  altDDEntry = null
  moduleClassesContainers = class java.util.ArrayList@201d9472
    serialVersionUID = 8683452581122892189
    DEFAULT_CAPACITY = 10
    EMPTY_ELEMENTDATA = class java.lang.Object[0]
    DEFAULTCAPACITY_EMPTY_ELEMENTDATA = class java.lang.Object[0]
    elementData = class java.lang.Object[10]
      Object[0] = class com.ibm.ws.app.manager.module.internal.SimpleDeployedAppInfoBase$WebModuleContainerInfo@3fe5e0f7
      Object[1] = class com.ibm.ws.app.manager.module.internal.SimpleDeployedAppInfoBase$WebModuleContainerInfo$1@122bea01
      Object[2] = class com.ibm.ws.app.manager.module.internal.SimpleDeployedAppInfoBase$WebModuleContainerInfo$2@789e77d5
      Object[3] = class com.ibm.ws.app.manager.module.internal.SimpleDeployedAppInfoBase$WebModuleContainerInfo$2@5379b1b3
      Object[4] = class com.ibm.ws.app.manager.module.internal.SimpleDeployedAppInfoBase$WebModuleContainerInfo$2@8b81f80
      Object[5] = class com.ibm.ws.app.manager.module.internal.SimpleDeployedAppInfoBase$WebModuleContainerInfo$2@450e9774
      Object[6] = null
      Object[7] = null
      Object[8] = null
      Object[9] = null
    size = 6
    MAX_ARRAY_SIZE = 2147483639
    modCount = 7
    MAX_ARRAY_SIZE = 2147483639
  classLoaderFactory = class com.ibm.ws.app.manager.war.internal.WARDeployedAppInfo@1af38a2
    CONTEXT_ROOT = "context-root"
    webModuleHandler = class com.ibm.ws.app.manager.web.internal.WebModuleHandlerImpl@79d58c10
      serialVersionUID = 4795602325763828210
      $$$tc$$$ = class com.ibm.websphere.ras.TraceComponent@3811d00b
      futureMonitor = class com.ibm.ws.threading.internal.FutureMonitorImpl@19db4234
      metaDataService = class com.ibm.ws.container.service.metadata.internal.MetaDataServiceImpl@77d3ea3e
      stateChangeService = class com.ibm.ws.container.service.state.internal.StateChangeServiceImpl@3ec31ef8
      moduleRuntimeContainer = class com.ibm.ws.webcontainer.osgi.WebContainer@48b30e4e
      firstFailure = null
      serialVersionUID = -4563697739413190872
      $$$tc$$$ = class com.ibm.websphere.ras.TraceComponent@767d60d8
    webContainerModuleInfo = class com.ibm.ws.app.manager.module.internal.SimpleDeployedAppInfoBase$WebModuleContainerInfo@3fe5e0f7
      contextRoot = null
      defaultContextRoot = "testingPrimefaces"
      serialVersionUID = -8158961796913348204
      $$$tc$$$ = class com.ibm.websphere.ras.TraceComponent@7ba2e478
      moduleHandler = class com.ibm.ws.app.manager.web.internal.WebModuleHandlerImpl@79d58c10
      moduleMetaDataExtenders = class java.util.concurrent.CopyOnWriteArrayList@3b16c284
      nestedModuleMetaDataFactories = class java.util.concurrent.CopyOnWriteArrayList@46aa14b6
      nestedModules = null
      moduleName = "testingPrimefaces"
      moduleDD = class com.ibm.ws.javaee.ddmodel.web.common.WebAppType@48c822ae
      moduleInfo = class com.ibm.ws.app.manager.module.internal.WebModuleInfoImpl@37541a58
      serialVersionUID = 8693907776607441911
      $$$tc$$$ = class com.ibm.websphere.ras.TraceComponent@7242c7dc
      type = class com.ibm.ws.container.service.app.deploy.ContainerInfo$Type@38ea6e05
      name = "testingPrimefaces.war"
      container = class com.ibm.ws.adaptable.module.internal.AdaptableContainerImpl@1699baee
      altDDEntry = null
      classesContainerInfo = class java.util.ArrayList@201d9472
      serialVersionUID = 7427332431485745589
      $$$tc$$$ = class com.ibm.websphere.ras.TraceComponent@1159c818
    DYNAMIC_IMPORT_PACKAGE_LIST = class java.util.Collections$UnmodifiableRandomAccessList@17e51f0d
      serialVersionUID = -2542308836966382001
      serialVersionUID = -283967356065247728
      list = class java.util.Arrays$ArrayList@7d3d02b1
      serialVersionUID = 1820017752578914078
      c = class java.util.Arrays$ArrayList@7d3d02b1
    serialVersionUID = -6153587016903242961
    $$$tc$$$ = class com.ibm.websphere.ras.TraceComponent@f81b47a
      strings[0] = "TraceComponent[com.ibm.ws.app.manager.war.internal.WARDeployedAppInfo,class com.ibm.ws.app.manager.war.internal.WARDeployedAppInfo,[webcontainer, applications, app.manager],com.ibm.ws.app.manager.war.internal.resources.Messages,null]"
    _tc = class com.ibm.websphere.ras.TraceComponent@7a64ba60
      strings[0] = "TraceComponent[com.ibm.ws.app.manager.module.internal.DeployedAppInfoBase,class com.ibm.ws.app.manager.module.internal.DeployedAppInfoBase,[app.manager],com.ibm.ws.app.manager.module.internal.resources.Messages,null]"
    PERMISSION_XML = "permissions.xml"
    applicationInformation = class com.ibm.ws.app.manager.internal.ApplicationInstallInfo@6855ae6b
    location = "D:\devel\tools\wlp\usr\servers\defaultServer\apps\testingPrimefaces.war.xml"
    classLoadingService = class com.ibm.ws.classloading.internal.ClassLoadingServiceImpl@77bcc80d
      tc = class com.ibm.websphere.ras.TraceComponent@2720e379
      leakDetectionMap = class java.util.HashMap@50d923ae
      TCCL_LOCK_WAIT = 15000
      REFERENCE_GENERATORS = "generators"
      bundleContext = class org.eclipse.osgi.internal.framework.BundleContextImpl@257950fd
      aclStore = class com.ibm.ws.classloading.internal.util.CanonicalStore@1ee9e1ea
      tcclStore = class com.ibm.ws.classloading.internal.util.CanonicalStore@61a6c23b
      tcclStoreLock = class java.util.concurrent.locks.ReentrantLock@183110ff
      digraph = class org.eclipse.equinox.internal.region.StandardRegionDigraph@1ec8404
      redefiner = class com.ibm.ws.classloading.internal.util.ClassRedefiner@3c0b0488
      listener = class com.ibm.ws.classloading.internal.ClassLoadingServiceImpl$1@505bd362
      classloaders = class java.util.Collections$SynchronizedMap@7bb7448
      resourceProviders = class com.ibm.ws.classloading.internal.CompositeResourceProvider@55f62b89
      rememberedBundles = class java.util.concurrent.ConcurrentHashMap@179d2aa8
      collectedBundles = class java.lang.ref.ReferenceQueue@723450fb
      generatorRefs = class com.ibm.wsspi.kernel.service.utils.ConcurrentServiceReferenceSet@5893e7e8
      generatorManager = class com.ibm.ws.classloading.internal.ClassGeneratorManager@108f4701
      appExtLibs = class java.util.concurrent.CopyOnWriteArrayList@7c7a4d1c
      globalConfig = class com.ibm.ws.classloading.configuration.GlobalClassloadingConfiguration@20bf6fef
      metaInfServicesProviders = class java.util.concurrent.ConcurrentHashMap@5e09d93a
      metaInfServicesRefs = class com.ibm.wsspi.kernel.service.utils.ConcurrentServiceReferenceMap@eeaf988
      protectionDomainMap = class java.util.HashMap@205657e4
      metadataIdentifierService = class com.ibm.ws.container.service.metadata.internal.MetaDataServiceImpl@77d3ea3e
      globalSharedLibrary = class java.util.concurrent.atomic.AtomicReference@7bcd8416
      serialVersionUID = -2277344858934055980
    globalSharedLibrary = class com.ibm.ws.library.internal.SharedLibraryImpl@67ce7c55
      tc = class com.ibm.websphere.ras.TraceComponent@508959d2
      EMPTY_LIBRARY_LISTENERS = interface com.ibm.wsspi.library.LibraryChangeListener[0]
      deleted = false
      libraryListenersTracker = class org.osgi.util.tracker.ServiceTracker@14ce411b
      libraryReg = class org.eclipse.osgi.internal.serviceregistry.ServiceRegistrationImpl@1bbcf8ac
      ctx = class org.eclipse.osgi.internal.framework.BundleContextImpl@257950fd
      classLoadingService = class com.ibm.ws.classloading.internal.ClassLoadingServiceImpl@77bcc80d
      configAdmin = class com.ibm.ws.config.admin.internal.ConfigurationAdminImpl@204cf63b
      resolvedBasePath = "D:/devel/tools/wlp/usr/servers/defaultServer/"
      generationLock = class com.ibm.ws.library.internal.SharedLibraryImpl$1@4c1fbb6e
      currentGeneration = class com.ibm.ws.library.internal.LibraryGeneration@558f3e79
      nextGeneration = class com.ibm.ws.library.internal.LibraryGeneration@558f3e79
      artifactContainerFactory = class com.ibm.ws.library.internal.SharedLibraryFactory$1@332f7b4a
      packageExporter = class com.ibm.ws.library.internal.LibraryPackageExporter@7495be3a
      serialVersionUID = 6288237618632180389
    sharedLibDeploymentInfo = class com.ibm.ws.app.manager.module.internal.DeployedAppInfoBase$SharedLibDeploymentInfo@58ec0ad6
      bundleContext = class org.eclipse.osgi.internal.framework.BundleContextImpl@558279d8
      locAdmin = class com.ibm.ws.kernel.service.location.internal.WsLocationAdminImpl@3812f0ed
      artifactFactory = class com.ibm.ws.artifact.internal.ArtifactContainerFactoryService@72817ffe
      moduleFactory = class com.ibm.ws.adaptable.module.internal.AdaptableModuleFactoryImpl@6eeeb665
      classesContainerInfo = class java.util.ArrayList@29c7645c
      serialVersionUID = -9033256786848720484
      $$$tc$$$ = class com.ibm.websphere.ras.TraceComponent@456b076d
    futureMonitor = class com.ibm.ws.threading.internal.FutureMonitorImpl@19db4234
      _monitor = class java.util.concurrent.ConcurrentLinkedQueue@5a44f9a3
      _executor = class com.ibm.ws.threading.internal.ScheduledExecutorImpl@2241f633
      _threadRunning = class java.util.concurrent.atomic.AtomicBoolean@194a5f19
      _thread = class com.ibm.ws.threading.internal.FutureMonitorImpl$1@4052bc25
      serialVersionUID = 2765238413969174390
      $$$tc$$$ = class com.ibm.websphere.ras.TraceComponent@15808487
    configAdmin = class com.ibm.ws.config.admin.internal.ConfigurationAdminImpl@8b61da2
      tc = class com.ibm.websphere.ras.TraceComponent@7ba415fa
      bundle = class org.eclipse.osgi.internal.framework.EquinoxBundle@116bb929
      caFactory = class com.ibm.ws.config.admin.internal.ConfigAdminServiceFactory@4badc462
      serialVersionUID = -2875522750804142523
    libraryConfigHelper = class com.ibm.ws.classloading.ClassLoaderConfigHelper@1c0ef435
      tc = class com.ibm.websphere.ras.TraceComponent@4b895436
      DEFAULT_API_TYPES = class java.util.RegularEnumSet@36ce5f8b
      sharedLibraries = class java.util.Collections$EmptyList@6e5ca7c8
      commonLibraries = class java.util.Collections$EmptyList@6e5ca7c8
      classProviders = class java.util.Collections$EmptyList@6e5ca7c8
      sharedLibrariesPids = null
      commonLibrariesPids = null
      isDelegateLast = false
      apiTypes = class java.util.RegularEnumSet@36ce5f8b
      classLoaderConfigProps = null
      serialVersionUID = 7643888529935916418
    isDelegateLast = false
    permissionManager = class com.ibm.ws.classloading.java2sec.PermissionManager@240cf7d8
      tc = class com.ibm.websphere.ras.TraceComponent@50162b52
      classLoadingService = class com.ibm.ws.classloading.internal.ClassLoadingServiceImpl@77bcc80d
      DEFAULT_SERVER_RESTRICTABLE_PERMISSIONS = class java.security.Permission[4]
      DEFAULT_CLIENT_RESTRICTABLE_PERMISSIONS = class java.security.Permission[3]
      isServer = true
      wsjarUrlStreamHandlerAvailable = true
      restrictablePermissions = class java.util.ArrayList@4605ba7
      grantedPermissions = class java.util.ArrayList@1823cb4d
      KEY_PERMISSION = "permission"
      INCORRECT_PERMISSION_CONFIGURATION = "INCORRECT_PERMISSION_CONFIGURATION"
      PERMISSION_CLASSNOTFOUND = "PERMISSION_CLASSNOTFOUND"
      SERVER_XML = "server.xml"
      CLIENT_XML = "client.xml"
      originationFile = "server.xml"
      permissions = class com.ibm.wsspi.kernel.service.utils.ConcurrentServiceReferenceSet@1b614dc7
      codeBasePermissionMap = class java.util.HashMap@4cefc4a4
      permissionXMLPermissionMap = class java.util.HashMap@4a5413fd
      serialVersionUID = 3514017629123673923
    permissionsConfig = null
    serialVersionUID = 5168023053972273360
    appInfo = class com.ibm.ws.container.service.app.deploy.internal.ApplicationInfoImpl@65b37c70
    modulesDeployed = class java.util.ArrayList@5f6691c0
      serialVersionUID = 8683452581122892189
      DEFAULT_CAPACITY = 10
      EMPTY_ELEMENTDATA = class java.lang.Object[0]
      DEFAULTCAPACITY_EMPTY_ELEMENTDATA = class java.lang.Object[0]
      elementData = class java.lang.Object[0]
      size = 0
      MAX_ARRAY_SIZE = 2147483639
      modCount = 0
      MAX_ARRAY_SIZE = 2147483639
    starting = false
    started = false
    appInfoFactory = class com.ibm.ws.container.service.app.deploy.internal.ApplicationInfoFactoryImpl@34a26945
      j2eeNameFactory = class com.ibm.wsspi.kernel.service.utils.AtomicServiceReference@2f0cafc4
      names = class java.util.HashSet@30788ec
      serialVersionUID = 7443990212682384945
      $$$tc$$$ = class com.ibm.websphere.ras.TraceComponent@1bb4a0dc
    metaDataService = class com.ibm.ws.container.service.metadata.internal.MetaDataServiceImpl@77d3ea3e
      applicationMetaDataManager = class com.ibm.ws.container.service.metadata.internal.ApplicationMetaDataManager@3731ffbc
      moduleMetaDataManager = class com.ibm.ws.container.service.metadata.internal.ModuleMetaDataManager@55c3d240
      componentMetaDataManager = class com.ibm.ws.container.service.metadata.internal.ComponentMetaDataManager@4f4a875f
      methodMetaDataManager = class com.ibm.ws.container.service.metadata.internal.MethodMetaDataManager@2c9aa60e
      appModuleNameToModuleContainer = class java.util.concurrent.ConcurrentHashMap@146e703e
      jeeNameToComponentMetaData = class java.util.concurrent.ConcurrentHashMap@5f74f121
      deferredMetaDataFactories = class com.ibm.wsspi.kernel.service.utils.ConcurrentServiceReferenceSet@449ff5ef
      deferredMetaDataInitializers = class com.ibm.wsspi.kernel.service.utils.ConcurrentServiceReferenceMap@3dcc91a4
      serialVersionUID = -2494605732980966097
      $$$tc$$$ = class com.ibm.websphere.ras.TraceComponent@38426d48
    stateChangeService = class com.ibm.ws.container.service.state.internal.StateChangeServiceImpl@3ec31ef8
      applicationStateManager = class com.ibm.ws.container.service.state.internal.ApplicationStateManager@6b705e28
      moduleStateManager = class com.ibm.ws.container.service.state.internal.ModuleStateManager@5413d1e4
      serialVersionUID = -537917915330350560
      $$$tc$$$ = class com.ibm.websphere.ras.TraceComponent@657009b
    moduleClassesInfo = class com.ibm.ws.app.manager.module.internal.SimpleDeployedAppInfoBase$ModuleClassesInfoProvider@55407071
      entryContainerInfosMap = class java.util.HashMap@3262c01e
      serialVersionUID = -70332790531324534
      $$$tc$$$ = class com.ibm.websphere.ras.TraceComponent@47c456f2
    moduleContainerInfos = class java.util.ArrayList@728fc3dd
      serialVersionUID = 8683452581122892189
      DEFAULT_CAPACITY = 10
      EMPTY_ELEMENTDATA = class java.lang.Object[0]
      DEFAULTCAPACITY_EMPTY_ELEMENTDATA = class java.lang.Object[0]
      elementData = class java.lang.Object[10]
      size = 1
      MAX_ARRAY_SIZE = 2147483639
      modCount = 1
      MAX_ARRAY_SIZE = 2147483639
    activeModuleHandlers = class java.util.IdentityHashMap@1a6545a8
      DEFAULT_CAPACITY = 32
      MINIMUM_CAPACITY = 4
      MAXIMUM_CAPACITY = 536870912
      table = class java.lang.Object[16]
      size = 1
      modCount = 1
      NULL_KEY = class java.lang.Object@313c09bb
      entrySet = null
      serialVersionUID = 8188218128353913216
      keySet = null
      values = null
    serialVersionUID = 7078125893012250887
    $$$tc$$$ = class com.ibm.websphere.ras.TraceComponent@351f401f
      strings[0] = "TraceComponent[com.ibm.ws.app.manager.module.internal.SimpleDeployedAppInfoBase,class com.ibm.ws.app.manager.module.internal.SimpleDeployedAppInfoBase,[applications, app.manager],,null]"
  containerInfoType = class com.ibm.ws.container.service.app.deploy.ContainerInfo$Type@38ea6e05
    MANIFEST_CLASSPATH = class com.ibm.ws.container.service.app.deploy.ContainerInfo$Type@66ff277f
      MANIFEST_CLASSPATH = class com.ibm.ws.container.service.app.deploy.ContainerInfo$Type@66ff277f
      WEB_INF_CLASSES = class com.ibm.ws.container.service.app.deploy.ContainerInfo$Type@5607660d
      WEB_INF_LIB = class com.ibm.ws.container.service.app.deploy.ContainerInfo$Type@5797c1a3
      EAR_LIB = class com.ibm.ws.container.service.app.deploy.ContainerInfo$Type@298d07ac
      WEB_MODULE = class com.ibm.ws.container.service.app.deploy.ContainerInfo$Type@38ea6e05
      EJB_MODULE = class com.ibm.ws.container.service.app.deploy.ContainerInfo$Type@36d6093d
      CLIENT_MODULE = class com.ibm.ws.container.service.app.deploy.ContainerInfo$Type@5b0c36e4
      RAR_MODULE = class com.ibm.ws.container.service.app.deploy.ContainerInfo$Type@327f6eff
      JAR_MODULE = class com.ibm.ws.container.service.app.deploy.ContainerInfo$Type@730ebf7b
      SHARED_LIB = class com.ibm.ws.container.service.app.deploy.ContainerInfo$Type@7517dfc6
      $VALUES = class com.ibm.ws.container.service.app.deploy.ContainerInfo$Type[10]
      $$$tc$$$ = class com.ibm.websphere.ras.TraceComponent@56ecc76b
      name = "MANIFEST_CLASSPATH"
      ordinal = 0
    WEB_INF_CLASSES = class com.ibm.ws.container.service.app.deploy.ContainerInfo$Type@5607660d
      MANIFEST_CLASSPATH = class com.ibm.ws.container.service.app.deploy.ContainerInfo$Type@66ff277f
      WEB_INF_CLASSES = class com.ibm.ws.container.service.app.deploy.ContainerInfo$Type@5607660d
      WEB_INF_LIB = class com.ibm.ws.container.service.app.deploy.ContainerInfo$Type@5797c1a3
      EAR_LIB = class com.ibm.ws.container.service.app.deploy.ContainerInfo$Type@298d07ac
      WEB_MODULE = class com.ibm.ws.container.service.app.deploy.ContainerInfo$Type@38ea6e05
      EJB_MODULE = class com.ibm.ws.container.service.app.deploy.ContainerInfo$Type@36d6093d
      CLIENT_MODULE = class com.ibm.ws.container.service.app.deploy.ContainerInfo$Type@5b0c36e4
      RAR_MODULE = class com.ibm.ws.container.service.app.deploy.ContainerInfo$Type@327f6eff
      JAR_MODULE = class com.ibm.ws.container.service.app.deploy.ContainerInfo$Type@730ebf7b
      SHARED_LIB = class com.ibm.ws.container.service.app.deploy.ContainerInfo$Type@7517dfc6
      $VALUES = class com.ibm.ws.container.service.app.deploy.ContainerInfo$Type[10]
      $$$tc$$$ = class com.ibm.websphere.ras.TraceComponent@56ecc76b
      name = "WEB_INF_CLASSES"
      ordinal = 1
    WEB_INF_LIB = class com.ibm.ws.container.service.app.deploy.ContainerInfo$Type@5797c1a3
      MANIFEST_CLASSPATH = class com.ibm.ws.container.service.app.deploy.ContainerInfo$Type@66ff277f
      WEB_INF_CLASSES = class com.ibm.ws.container.service.app.deploy.ContainerInfo$Type@5607660d
      WEB_INF_LIB = class com.ibm.ws.container.service.app.deploy.ContainerInfo$Type@5797c1a3
      EAR_LIB = class com.ibm.ws.container.service.app.deploy.ContainerInfo$Type@298d07ac
      WEB_MODULE = class com.ibm.ws.container.service.app.deploy.ContainerInfo$Type@38ea6e05
      EJB_MODULE = class com.ibm.ws.container.service.app.deploy.ContainerInfo$Type@36d6093d
      CLIENT_MODULE = class com.ibm.ws.container.service.app.deploy.ContainerInfo$Type@5b0c36e4
      RAR_MODULE = class com.ibm.ws.container.service.app.deploy.ContainerInfo$Type@327f6eff
      JAR_MODULE = class com.ibm.ws.container.service.app.deploy.ContainerInfo$Type@730ebf7b
      SHARED_LIB = class com.ibm.ws.container.service.app.deploy.ContainerInfo$Type@7517dfc6
      $VALUES = class com.ibm.ws.container.service.app.deploy.ContainerInfo$Type[10]
      $$$tc$$$ = class com.ibm.websphere.ras.TraceComponent@56ecc76b
      name = "WEB_INF_LIB"
      ordinal = 2
    EAR_LIB = class com.ibm.ws.container.service.app.deploy.ContainerInfo$Type@298d07ac
      MANIFEST_CLASSPATH = class com.ibm.ws.container.service.app.deploy.ContainerInfo$Type@66ff277f
      WEB_INF_CLASSES = class com.ibm.ws.container.service.app.deploy.ContainerInfo$Type@5607660d
      WEB_INF_LIB = class com.ibm.ws.container.service.app.deploy.ContainerInfo$Type@5797c1a3
      EAR_LIB = class com.ibm.ws.container.service.app.deploy.ContainerInfo$Type@298d07ac
      WEB_MODULE = class com.ibm.ws.container.service.app.deploy.ContainerInfo$Type@38ea6e05
      EJB_MODULE = class com.ibm.ws.container.service.app.deploy.ContainerInfo$Type@36d6093d
      CLIENT_MODULE = class com.ibm.ws.container.service.app.deploy.ContainerInfo$Type@5b0c36e4
      RAR_MODULE = class com.ibm.ws.container.service.app.deploy.ContainerInfo$Type@327f6eff
      JAR_MODULE = class com.ibm.ws.container.service.app.deploy.ContainerInfo$Type@730ebf7b
      SHARED_LIB = class com.ibm.ws.container.service.app.deploy.ContainerInfo$Type@7517dfc6
      $VALUES = class com.ibm.ws.container.service.app.deploy.ContainerInfo$Type[10]
      $$$tc$$$ = class com.ibm.websphere.ras.TraceComponent@56ecc76b
      name = "EAR_LIB"
      ordinal = 3
    WEB_MODULE = class com.ibm.ws.container.service.app.deploy.ContainerInfo$Type@38ea6e05
    EJB_MODULE = class com.ibm.ws.container.service.app.deploy.ContainerInfo$Type@36d6093d
      MANIFEST_CLASSPATH = class com.ibm.ws.container.service.app.deploy.ContainerInfo$Type@66ff277f
      WEB_INF_CLASSES = class com.ibm.ws.container.service.app.deploy.ContainerInfo$Type@5607660d
      WEB_INF_LIB = class com.ibm.ws.container.service.app.deploy.ContainerInfo$Type@5797c1a3
      EAR_LIB = class com.ibm.ws.container.service.app.deploy.ContainerInfo$Type@298d07ac
      WEB_MODULE = class com.ibm.ws.container.service.app.deploy.ContainerInfo$Type@38ea6e05
      EJB_MODULE = class com.ibm.ws.container.service.app.deploy.ContainerInfo$Type@36d6093d
      CLIENT_MODULE = class com.ibm.ws.container.service.app.deploy.ContainerInfo$Type@5b0c36e4
      RAR_MODULE = class com.ibm.ws.container.service.app.deploy.ContainerInfo$Type@327f6eff
      JAR_MODULE = class com.ibm.ws.container.service.app.deploy.ContainerInfo$Type@730ebf7b
      SHARED_LIB = class com.ibm.ws.container.service.app.deploy.ContainerInfo$Type@7517dfc6
      $VALUES = class com.ibm.ws.container.service.app.deploy.ContainerInfo$Type[10]
      $$$tc$$$ = class com.ibm.websphere.ras.TraceComponent@56ecc76b
      name = "EJB_MODULE"
      ordinal = 5
    CLIENT_MODULE = class com.ibm.ws.container.service.app.deploy.ContainerInfo$Type@5b0c36e4
      MANIFEST_CLASSPATH = class com.ibm.ws.container.service.app.deploy.ContainerInfo$Type@66ff277f
      WEB_INF_CLASSES = class com.ibm.ws.container.service.app.deploy.ContainerInfo$Type@5607660d
      WEB_INF_LIB = class com.ibm.ws.container.service.app.deploy.ContainerInfo$Type@5797c1a3
      EAR_LIB = class com.ibm.ws.container.service.app.deploy.ContainerInfo$Type@298d07ac
      WEB_MODULE = class com.ibm.ws.container.service.app.deploy.ContainerInfo$Type@38ea6e05
      EJB_MODULE = class com.ibm.ws.container.service.app.deploy.ContainerInfo$Type@36d6093d
      CLIENT_MODULE = class com.ibm.ws.container.service.app.deploy.ContainerInfo$Type@5b0c36e4
      RAR_MODULE = class com.ibm.ws.container.service.app.deploy.ContainerInfo$Type@327f6eff
      JAR_MODULE = class com.ibm.ws.container.service.app.deploy.ContainerInfo$Type@730ebf7b
      SHARED_LIB = class com.ibm.ws.container.service.app.deploy.ContainerInfo$Type@7517dfc6
      $VALUES = class com.ibm.ws.container.service.app.deploy.ContainerInfo$Type[10]
      $$$tc$$$ = class com.ibm.websphere.ras.TraceComponent@56ecc76b
      name = "CLIENT_MODULE"
      ordinal = 6
    RAR_MODULE = class com.ibm.ws.container.service.app.deploy.ContainerInfo$Type@327f6eff
      MANIFEST_CLASSPATH = class com.ibm.ws.container.service.app.deploy.ContainerInfo$Type@66ff277f
      WEB_INF_CLASSES = class com.ibm.ws.container.service.app.deploy.ContainerInfo$Type@5607660d
      WEB_INF_LIB = class com.ibm.ws.container.service.app.deploy.ContainerInfo$Type@5797c1a3
      EAR_LIB = class com.ibm.ws.container.service.app.deploy.ContainerInfo$Type@298d07ac
      WEB_MODULE = class com.ibm.ws.container.service.app.deploy.ContainerInfo$Type@38ea6e05
      EJB_MODULE = class com.ibm.ws.container.service.app.deploy.ContainerInfo$Type@36d6093d
      CLIENT_MODULE = class com.ibm.ws.container.service.app.deploy.ContainerInfo$Type@5b0c36e4
      RAR_MODULE = class com.ibm.ws.container.service.app.deploy.ContainerInfo$Type@327f6eff
      JAR_MODULE = class com.ibm.ws.container.service.app.deploy.ContainerInfo$Type@730ebf7b
      SHARED_LIB = class com.ibm.ws.container.service.app.deploy.ContainerInfo$Type@7517dfc6
      $VALUES = class com.ibm.ws.container.service.app.deploy.ContainerInfo$Type[10]
      $$$tc$$$ = class com.ibm.websphere.ras.TraceComponent@56ecc76b
      name = "RAR_MODULE"
      ordinal = 7
    JAR_MODULE = class com.ibm.ws.container.service.app.deploy.ContainerInfo$Type@730ebf7b
      MANIFEST_CLASSPATH = class com.ibm.ws.container.service.app.deploy.ContainerInfo$Type@66ff277f
      WEB_INF_CLASSES = class com.ibm.ws.container.service.app.deploy.ContainerInfo$Type@5607660d
      WEB_INF_LIB = class com.ibm.ws.container.service.app.deploy.ContainerInfo$Type@5797c1a3
      EAR_LIB = class com.ibm.ws.container.service.app.deploy.ContainerInfo$Type@298d07ac
      WEB_MODULE = class com.ibm.ws.container.service.app.deploy.ContainerInfo$Type@38ea6e05
      EJB_MODULE = class com.ibm.ws.container.service.app.deploy.ContainerInfo$Type@36d6093d
      CLIENT_MODULE = class com.ibm.ws.container.service.app.deploy.ContainerInfo$Type@5b0c36e4
      RAR_MODULE = class com.ibm.ws.container.service.app.deploy.ContainerInfo$Type@327f6eff
      JAR_MODULE = class com.ibm.ws.container.service.app.deploy.ContainerInfo$Type@730ebf7b
      SHARED_LIB = class com.ibm.ws.container.service.app.deploy.ContainerInfo$Type@7517dfc6
      $VALUES = class com.ibm.ws.container.service.app.deploy.ContainerInfo$Type[10]
      $$$tc$$$ = class com.ibm.websphere.ras.TraceComponent@56ecc76b
      name = "JAR_MODULE"
      ordinal = 8
    SHARED_LIB = class com.ibm.ws.container.service.app.deploy.ContainerInfo$Type@7517dfc6
      MANIFEST_CLASSPATH = class com.ibm.ws.container.service.app.deploy.ContainerInfo$Type@66ff277f
      WEB_INF_CLASSES = class com.ibm.ws.container.service.app.deploy.ContainerInfo$Type@5607660d
      WEB_INF_LIB = class com.ibm.ws.container.service.app.deploy.ContainerInfo$Type@5797c1a3
      EAR_LIB = class com.ibm.ws.container.service.app.deploy.ContainerInfo$Type@298d07ac
      WEB_MODULE = class com.ibm.ws.container.service.app.deploy.ContainerInfo$Type@38ea6e05
      EJB_MODULE = class com.ibm.ws.container.service.app.deploy.ContainerInfo$Type@36d6093d
      CLIENT_MODULE = class com.ibm.ws.container.service.app.deploy.ContainerInfo$Type@5b0c36e4
      RAR_MODULE = class com.ibm.ws.container.service.app.deploy.ContainerInfo$Type@327f6eff
      JAR_MODULE = class com.ibm.ws.container.service.app.deploy.ContainerInfo$Type@730ebf7b
      SHARED_LIB = class com.ibm.ws.container.service.app.deploy.ContainerInfo$Type@7517dfc6
      $VALUES = class com.ibm.ws.container.service.app.deploy.ContainerInfo$Type[10]
      $$$tc$$$ = class com.ibm.websphere.ras.TraceComponent@56ecc76b
      name = "SHARED_LIB"
      ordinal = 9
    $VALUES = class com.ibm.ws.container.service.app.deploy.ContainerInfo$Type[10]
      Type[0] = class com.ibm.ws.container.service.app.deploy.ContainerInfo$Type@66ff277f
      Type[1] = class com.ibm.ws.container.service.app.deploy.ContainerInfo$Type@5607660d
      Type[2] = class com.ibm.ws.container.service.app.deploy.ContainerInfo$Type@5797c1a3
      Type[3] = class com.ibm.ws.container.service.app.deploy.ContainerInfo$Type@298d07ac
      Type[4] = class com.ibm.ws.container.service.app.deploy.ContainerInfo$Type@38ea6e05
      Type[5] = class com.ibm.ws.container.service.app.deploy.ContainerInfo$Type@36d6093d
      Type[6] = class com.ibm.ws.container.service.app.deploy.ContainerInfo$Type@5b0c36e4
      Type[7] = class com.ibm.ws.container.service.app.deploy.ContainerInfo$Type@327f6eff
      Type[8] = class com.ibm.ws.container.service.app.deploy.ContainerInfo$Type@730ebf7b
      Type[9] = class com.ibm.ws.container.service.app.deploy.ContainerInfo$Type@7517dfc6
    $$$tc$$$ = class com.ibm.websphere.ras.TraceComponent@56ecc76b
      strings[0] = "TraceComponent[com.ibm.ws.container.service.app.deploy.ContainerInfo$Type,class com.ibm.ws.container.service.app.deploy.ContainerInfo$Type,[container.service],com.ibm.ws.container.service.resources.Messages,null]"
    name = "WEB_MODULE"
    ordinal = 4
  classLoader = class com.ibm.ws.classloading.internal.AppClassLoader@6f5dbc5b
    tc = class com.ibm.websphere.ras.TraceComponent@d4a4d21
      strings[0] = "TraceComponent[com.ibm.ws.classloading.internal.AppClassLoader,class com.ibm.ws.classloading.internal.AppClassLoader,[ClassLoadingService],com.ibm.ws.classloading.internal.resources.ClassLoadingServiceMessages,null]"
    PARENT_FIRST_SEARCH_ORDER = class java.util.Collections$UnmodifiableRandomAccessList@1b70f7c0
      serialVersionUID = -2542308836966382001
      serialVersionUID = -283967356065247728
      list = class java.util.Arrays$ArrayList@78b0f01c
      serialVersionUID = 1820017752578914078
      c = class java.util.Arrays$ArrayList@78b0f01c
    CLASS_LOADING_TRACE_PREFIX = "com.ibm.ws.class.load."
    DEFAULT_PACKAGE = "default.package"
    perPackageClassLoadingTraceComponents = class java.util.concurrent.ConcurrentHashMap@5e132433
      serialVersionUID = 7249069246763182397
      MAXIMUM_CAPACITY = 1073741824
      DEFAULT_CAPACITY = 16
      MAX_ARRAY_SIZE = 2147483639
      DEFAULT_CONCURRENCY_LEVEL = 16
      LOAD_FACTOR = 0.75
      TREEIFY_THRESHOLD = 8
      UNTREEIFY_THRESHOLD = 6
      MIN_TREEIFY_CAPACITY = 64
      MIN_TRANSFER_STRIDE = 16
      RESIZE_STAMP_BITS = 16
      MAX_RESIZERS = 65535
      RESIZE_STAMP_SHIFT = 16
      MOVED = -1
      TREEBIN = -2
      RESERVED = -3
      HASH_BITS = 2147483647
      NCPU = 4
      serialPersistentFields = class java.io.ObjectStreamField[3]
      table = null
      nextTable = null
      baseCount = 0
      sizeCtl = 0
      transferIndex = 0
      cellsBusy = 0
      counterCells = null
      keySet = null
      values = null
      entrySet = null
      U = class sun.misc.Unsafe@1c06eba5
      SIZECTL = 20
      TRANSFERINDEX = 32
      BASECOUNT = 24
      CELLSBUSY = 36
      CELLVALUE = 144
      ABASE = 16
      ASHIFT = 2
      keySet = null
      values = null
    config = class com.ibm.ws.classloading.internal.ClassLoaderConfigurationImpl@490ce7e0
      DEFAULT_PROTECTION_DOMAIN = class java.security.ProtectionDomain@1076193b
      delegateLast = false
      includeAppExtensions = true
      id = class com.ibm.ws.classloading.serializable.ClassLoaderIdentityImpl@2f09a331
      parentId = null
      sharedLibraries = class java.util.ArrayList@3ab414eb
      commonLibraries = class java.util.Collections$EmptyList@6e5ca7c8
      providers = class java.util.Collections$EmptyList@6e5ca7c8
      nativeLibraryContainers = class java.util.Collections$EmptyList@6e5ca7c8
      protectionDomain = class java.security.ProtectionDomain@17ae93b3
      serialVersionUID = 9091690180200375339
      $$$tc$$$ = class com.ibm.websphere.ras.TraceComponent@3ec25f25
    privateLibraries = class java.util.Collections$EmptyList@6e5ca7c8
      serialVersionUID = 8842843931221139166
      modCount = 0
      MAX_ARRAY_SIZE = 2147483639
    delegateLoaders = class com.ibm.ws.classloading.internal.util.CompositeIterable@720e9334
      iterables = class java.util.Arrays$ArrayList@504fb481
      serialVersionUID = -1227195994638150837
      $$$tc$$$ = class com.ibm.websphere.ras.TraceComponent@2b50632
    nativeLibraryFiles = class java.util.ArrayList@35fb03fa
      serialVersionUID = 8683452581122892189
      DEFAULT_CAPACITY = 10
      EMPTY_ELEMENTDATA = class java.lang.Object[0]
      DEFAULTCAPACITY_EMPTY_ELEMENTDATA = class java.lang.Object[0]
      elementData = class java.lang.Object[0]
      size = 0
      MAX_ARRAY_SIZE = 2147483639
      modCount = 0
      MAX_ARRAY_SIZE = 2147483639
    transformers = class java.util.ArrayList@1b66d142
      serialVersionUID = 8683452581122892189
      DEFAULT_CAPACITY = 10
      EMPTY_ELEMENTDATA = class java.lang.Object[0]
      DEFAULTCAPACITY_EMPTY_ELEMENTDATA = class java.lang.Object[0]
      elementData = class java.lang.Object[0]
      size = 0
      MAX_ARRAY_SIZE = 2147483639
      modCount = 0
      MAX_ARRAY_SIZE = 2147483639
    apiAccess = class com.ibm.ws.classloading.internal.GatewayClassLoader@70c0d446
      config = class com.ibm.ws.classloading.internal.GatewayConfigurationImpl@4b867fe6
      wiringMonitor = class com.ibm.ws.classloading.internal.GatewayClassLoader$1@370848cc
      bundle = class org.eclipse.osgi.internal.framework.EquinoxBundle@138fd004
      wiring = class org.eclipse.osgi.container.ModuleWiring@ebe5223
      bundleLoader = class org.eclipse.osgi.internal.loader.EquinoxClassLoader@2df7189e
      resourceProviders = class com.ibm.ws.classloading.internal.CompositeResourceProvider@55f62b89
      serialVersionUID = -4256474098847905153
      $$$tc$$$ = class com.ibm.websphere.ras.TraceComponent@37e7a258
      parent = class sun.misc.Launcher$AppClassLoader@18b4aac2
      parallelLockMap = null
      package2certs = class java.util.Hashtable@20cd47d3
      nocerts = class java.security.cert.Certificate[0]
      classes = class java.util.Vector@5c9e26a3
      defaultDomain = class java.security.ProtectionDomain@4938f646
      domains = class java.util.HashSet@2d76268b
      packages = class java.util.HashMap@67cf0f29
      scl = class sun.misc.Launcher$AppClassLoader@18b4aac2
      sclSet = true
      loadedLibraryNames = class java.util.Vector@7f60ab41
      systemNativeLibraries = class java.util.Vector@38286439
      nativeLibraries = class java.util.Vector@4ac9964d
      nativeLibraryContext = class java.util.Stack@7a985369
      usr_paths = class java.lang.String[23]
      sys_paths = class java.lang.String[1]
      assertionLock = class com.ibm.ws.classloading.internal.GatewayClassLoader@70c0d446
      defaultAssertionStatus = false
      packageAssertionStatus = null
      classAssertionStatus = null
    generator = class com.ibm.ws.classloading.internal.ClassGeneratorManager@108f4701
      tc = class com.ibm.websphere.ras.TraceComponent@4932e5c3
      generatorRefs = class com.ibm.wsspi.kernel.service.utils.ConcurrentServiceReferenceSet@5893e7e8
      serialVersionUID = 4152663586056483310
    protectionDomains = class java.util.concurrent.ConcurrentHashMap@169ee117
      serialVersionUID = 7249069246763182397
      MAXIMUM_CAPACITY = 1073741824
      DEFAULT_CAPACITY = 16
      MAX_ARRAY_SIZE = 2147483639
      DEFAULT_CONCURRENCY_LEVEL = 16
      LOAD_FACTOR = 0.75
      TREEIFY_THRESHOLD = 8
      UNTREEIFY_THRESHOLD = 6
      MIN_TREEIFY_CAPACITY = 64
      MIN_TRANSFER_STRIDE = 16
      RESIZE_STAMP_BITS = 16
      MAX_RESIZERS = 65535
      RESIZE_STAMP_SHIFT = 16
      MOVED = -1
      TREEBIN = -2
      RESERVED = -3
      HASH_BITS = 2147483647
      NCPU = 4
      serialPersistentFields = class java.io.ObjectStreamField[3]
      table = null
      nextTable = null
      baseCount = 0
      sizeCtl = 0
      transferIndex = 0
      cellsBusy = 0
      counterCells = null
      keySet = null
      values = null
      entrySet = null
      U = class sun.misc.Unsafe@1c06eba5
      SIZECTL = 20
      TRANSFERINDEX = 32
      BASECOUNT = 24
      CELLSBUSY = 36
      CELLVALUE = 144
      ABASE = 16
      ASHIFT = 2
      keySet = null
      values = null
    parent = class com.ibm.ws.classloading.internal.GatewayClassLoader@70c0d446
    hook = null
    serialVersionUID = 7911131531697267209
    tc = class com.ibm.websphere.ras.TraceComponent@58c5c6c4
      strings[0] = "TraceComponent[com.ibm.ws.classloading.internal.ContainerClassLoader,class com.ibm.ws.classloading.internal.ContainerClassLoader,[ClassLoadingService],com.ibm.ws.classloading.internal.resources.ClassLoadingServiceMessages,null]"
    smartClassPath = class com.ibm.ws.classloading.internal.ContainerClassLoader$UnreadSmartClassPath@7b97c4ed
      delegate = class com.ibm.ws.classloading.internal.ContainerClassLoader$SmartClassPathImpl@1e23b864
      this$0 = class com.ibm.ws.classloading.internal.AppClassLoader@6f5dbc5b
      serialVersionUID = -4209426028477611008
      $$$tc$$$ = class com.ibm.websphere.ras.TraceComponent@7730bcbf
    nativeLibraryContainers = class java.util.ArrayList@56d6e61c
      serialVersionUID = 8683452581122892189
      DEFAULT_CAPACITY = 10
      EMPTY_ELEMENTDATA = class java.lang.Object[0]
      DEFAULTCAPACITY_EMPTY_ELEMENTDATA = class java.lang.Object[0]
      elementData = class java.lang.Object[0]
      size = 0
      MAX_ARRAY_SIZE = 2147483639
      modCount = 0
      MAX_ARRAY_SIZE = 2147483639
    redefiner = class com.ibm.ws.classloading.internal.util.ClassRedefiner@3c0b0488
      tc = class com.ibm.websphere.ras.TraceComponent@fe892eb
      LS = "
"
      inst = class com.ibm.ws.kernel.launch.internal.TraceInstrumentation@a469db
      serialVersionUID = 2420101865139508526
    jarProtocol = "wsjar:"
    mapCreationQueue = class java.util.concurrent.Executors$FinalizableDelegatedExecutorService@5dfcdc47
      e = class java.util.concurrent.ThreadPoolExecutor@66ab2eec
      $assertionsDisabled = true
    serialVersionUID = 4390450102868895350
    serialVersionUID = -7411549862368381758
    $$$tc$$$ = class com.ibm.websphere.ras.TraceComponent@7a8f5866
      strings[0] = "TraceComponent[com.ibm.ws.classloading.internal.IdentifiedLoader,class com.ibm.ws.classloading.internal.IdentifiedLoader,[ClassLoadingService],com.ibm.ws.classloading.internal.resources.ClassLoadingServiceMessages,null]"
    serialVersionUID = -4868702105808481416
    $$$tc$$$ = class com.ibm.websphere.ras.TraceComponent@60d117d0
      strings[0] = "TraceComponent[com.ibm.ws.classloading.internal.LibertyLoader,class com.ibm.ws.classloading.internal.LibertyLoader,[ClassLoadingService],com.ibm.ws.classloading.internal.resources.ClassLoadingServiceMessages,null]"
    serialVersionUID = 2596921220292114344
    $$$tc$$$ = class com.ibm.websphere.ras.TraceComponent@3b098d79
      strings[0] = "TraceComponent[com.ibm.ws.classloading.LibertyClassLoader,class com.ibm.ws.classloading.LibertyClassLoader,[ClassLoadingService],com.ibm.ws.classloading.internal.resources.ClassLoadingServiceMessages,null]"
    initialized = true
    pdcache = class java.util.HashMap@26e0b544
      serialVersionUID = 362498820763181265
      DEFAULT_INITIAL_CAPACITY = 16
      MAXIMUM_CAPACITY = 1073741824
      DEFAULT_LOAD_FACTOR = 0.75
      TREEIFY_THRESHOLD = 8
      UNTREEIFY_THRESHOLD = 6
      MIN_TREEIFY_CAPACITY = 64
      table = null
      entrySet = null
      size = 0
      modCount = 0
      threshold = 16
      loadFactor = 0.75
      keySet = null
      values = null
    debug = null
    parent = class com.ibm.ws.classloading.internal.GatewayClassLoader@70c0d446
    parallelLockMap = null
    package2certs = class java.util.Hashtable@70e2e632
      table = class java.util.Hashtable$Entry[11]
      count = 0
      threshold = 8
      loadFactor = 0.75
      modCount = 0
      serialVersionUID = 1421746759512286392
      MAX_ARRAY_SIZE = 2147483639
      keySet = null
      entrySet = null
      values = null
      KEYS = 0
      VALUES = 1
      ENTRIES = 2
    nocerts = class java.security.cert.Certificate[0]
    classes = class java.util.Vector@78219b34
      elementData = class java.lang.Object[10]
      elementCount = 0
      capacityIncrement = 0
      serialVersionUID = -2767605614048989439
      MAX_ARRAY_SIZE = 2147483639
      modCount = 0
      MAX_ARRAY_SIZE = 2147483639
    defaultDomain = class java.security.ProtectionDomain@4fb107cb
      codesource = class java.security.CodeSource@7155a144
      classloader = class com.ibm.ws.classloading.internal.AppClassLoader@6f5dbc5b
      principals = interface java.security.Principal[0]
      permissions = null
      hasAllPerm = false
      staticPermissions = false
      key = class java.security.ProtectionDomain$Key@3661f49e
      debug = null
    domains = class java.util.HashSet@6c58d1ec
      serialVersionUID = -5024744406713321676
      map = class java.util.HashMap@37e395e0
      PRESENT = class java.lang.Object@2000fc60
      MAX_ARRAY_SIZE = 2147483639
    packages = class java.util.HashMap@b6c6923
      serialVersionUID = 362498820763181265
      DEFAULT_INITIAL_CAPACITY = 16
      MAXIMUM_CAPACITY = 1073741824
      DEFAULT_LOAD_FACTOR = 0.75
      TREEIFY_THRESHOLD = 8
      UNTREEIFY_THRESHOLD = 6
      MIN_TREEIFY_CAPACITY = 64
      table = null
      entrySet = null
      size = 0
      modCount = 0
      threshold = 0
      loadFactor = 0.75
      keySet = null
      values = null
    scl = class sun.misc.Launcher$AppClassLoader@18b4aac2
      ucp = class sun.misc.URLClassPath@4f379c95
      $assertionsDisabled = true
      ucp = class sun.misc.URLClassPath@4f379c95
      acc = class java.security.AccessControlContext@76dddac
      closeables = class java.util.WeakHashMap@2b53b16b
      initialized = true
      pdcache = class java.util.HashMap@7f5b5e76
      debug = null
      parent = class sun.misc.Launcher$ExtClassLoader@1376c05c
      parallelLockMap = class java.util.concurrent.ConcurrentHashMap@cfba63c
      package2certs = class java.util.concurrent.ConcurrentHashMap@65128ab2
      nocerts = class java.security.cert.Certificate[0]
      classes = class java.util.Vector@53fca792
      defaultDomain = class java.security.ProtectionDomain@7671fb75
      domains = class java.util.Collections$SynchronizedSet@27ea69c1
      packages = class java.util.HashMap@56dc2094
      scl = class sun.misc.Launcher$AppClassLoader@18b4aac2
      sclSet = true
      loadedLibraryNames = class java.util.Vector@7f60ab41
      systemNativeLibraries = class java.util.Vector@38286439
      nativeLibraries = class java.util.Vector@602acdea
      nativeLibraryContext = class java.util.Stack@7a985369
      usr_paths = class java.lang.String[23]
      sys_paths = class java.lang.String[1]
      assertionLock = class java.lang.Object@19f928c9
      defaultAssertionStatus = false
      packageAssertionStatus = null
      classAssertionStatus = null
    sclSet = true
    loadedLibraryNames = class java.util.Vector@7f60ab41
      elementData = class java.lang.Object[10]
      elementCount = 8
      capacityIncrement = 0
      serialVersionUID = -2767605614048989439
      MAX_ARRAY_SIZE = 2147483639
      modCount = 8
      MAX_ARRAY_SIZE = 2147483639
    systemNativeLibraries = class java.util.Vector@38286439
      elementData = class java.lang.Object[10]
      elementCount = 6
      capacityIncrement = 0
      serialVersionUID = -2767605614048989439
      MAX_ARRAY_SIZE = 2147483639
      modCount = 6
      MAX_ARRAY_SIZE = 2147483639
    nativeLibraries = class java.util.Vector@12d50561
      elementData = class java.lang.Object[10]
      elementCount = 0
      capacityIncrement = 0
      serialVersionUID = -2767605614048989439
      MAX_ARRAY_SIZE = 2147483639
      modCount = 0
      MAX_ARRAY_SIZE = 2147483639
    nativeLibraryContext = class java.util.Stack@7a985369
      serialVersionUID = 1224463164541339165
      elementData = class java.lang.Object[10]
      elementCount = 0
      capacityIncrement = 0
      serialVersionUID = -2767605614048989439
      MAX_ARRAY_SIZE = 2147483639
      modCount = 16
      MAX_ARRAY_SIZE = 2147483639
    usr_paths = class java.lang.String[23]
      String[0] = "C:\Program Files\Java\jre1.8.0_211\bin"
      String[1] = "C:\Windows\Sun\Java\bin"
      String[2] = "C:\Windows\system32"
      String[3] = "C:\Windows"
      String[4] = "C:/Program Files/Java/jre1.8.0_211/bin/server"
      String[5] = "C:/Program Files/Java/jre1.8.0_211/bin"
      String[6] = "C:/Program Files/Java/jre1.8.0_211/lib/amd64"
      String[7] = "C:\Program Files\Haskell\bin"
      String[8] = "C:\Program Files\Haskell Platform\8.6.5\lib\extralibs\bin"
      String[9] = "C:\Program Files\Haskell Platform\8.6.5\bin"
      String[10] = "C:\Program Files (x86)\Common Files\Oracle\Java\javapath"
      String[11] = "C:\Windows\system32"
      String[12] = "C:\Windows"
      String[13] = "C:\Windows\System32\Wbem"
      String[14] = "C:\Windows\System32\WindowsPowerShell\v1.0\"
      String[15] = "C:\Windows\System32\OpenSSH\"
      String[16] = "C:\Program Files\Haskell Platform\8.6.5\mingw\bin"
      String[17] = "C:\Users\xcode_this\AppData\Roaming\cabal\bin"
      String[18] = "C:\Users\xcode_this\AppData\Roaming\local\bin"
      String[19] = "C:\Users\xcode_this\AppData\Local\Microsoft\WindowsApps"
      String[20] = "D:\devel\tools\eclipse"
      String[21] = "."
      String[22] = "."
    sys_paths = class java.lang.String[1]
      String[0] = "C:\Program Files\Java\jre1.8.0_211\bin"
    assertionLock = class com.ibm.ws.classloading.internal.AppClassLoader@6f5dbc5b
    defaultAssertionStatus = false
    packageAssertionStatus = null
    classAssertionStatus = null
  moduleMetaData = class com.ibm.ws.webcontainer.osgi.metadata.WebModuleMetaDataImpl@4644d594
    applicationMetaData = class com.ibm.ws.container.service.app.deploy.internal.ApplicationMetaDataImpl@722434e6
      j2eeName = class com.ibm.ws.container.service.metadata.internal.J2EENameImpl@2720d78f
      serialVersionUID = -7906531148367236579
      $$$tc$$$ = class com.ibm.websphere.ras.TraceComponent@10ce6a9b
      tc = class com.ibm.websphere.ras.TraceComponent@1a729461
      NUM_STATIC_SLOTS = 4
      ID_UNINITIALIZED = -1
      id = 4
      metaDataInterface = class java.lang.Class@1c37e17a
      staticSlots = class java.lang.Object[4]
      dynamicSlots = class java.lang.Object[4]
    j2eeName = class com.ibm.ws.container.service.metadata.internal.J2EENameImpl@1955f6e1
      serialVersionUID = 7488184044073147667
      application = "testingPrimefaces"
      module = "testingPrimefaces.war"
      component = null
      string = null
      j2eeNameBytes = null
      $$$tc$$$ = class com.ibm.websphere.ras.TraceComponent@9d01a98
    wccmd = class com.ibm.ws.webcontainer.osgi.metadata.WebCollaboratorComponentMetaDataImpl@79dd682a
      j2eeName = null
      webModuleMetaData = class com.ibm.ws.webcontainer.osgi.metadata.WebModuleMetaDataImpl@4644d594
      tc = class com.ibm.websphere.ras.TraceComponent@1a729461
      NUM_STATIC_SLOTS = 4
      ID_UNINITIALIZED = -1
      id = -1
      metaDataInterface = class java.lang.Class@5a46abf7
      staticSlots = class java.lang.Object[4]
      dynamicSlots = null
    securityMetaData = class com.ibm.ws.webcontainer.security.metadata.SecurityServletConfiguratorHelper@40eb5f0c
      AUTH_METHOD_KEY = "auth-method"
      FORM_LOGIN_CONFIG_KEY = "form-login-config"
      REALM_NAME_KEY = "realm-name"
      LOGIN_CONFIG_KEY = "login-config"
      RUN_AS_KEY = "run-as"
      SERVLET_NAME_KEY = "servlet-name"
      SERVLET_KEY = "servlet"
      SECURITY_CONSTRAINT_KEY = "security-constraint"
      AUTH_CONSTRAINT_KEY = "auth-constraint"
      USER_DATA_CONSTRAINT_KEY = "user-data-constraint"
      DENY_UNCOVERED_HTTP_METHODS_KEY = "deny-uncovered-http-methods"
      SYNC_TO_OS_THREAD_ENV_ENTRY_KEY = "com.ibm.websphere.security.SyncToOSThread"
      ROLES_ALLOWED = "javax.annotation.security.RolesAllowed"
      tc = class com.ibm.websphere.ras.TraceComponent@485c562
      configurator = null
      ALL_ROLES_MARKER = "*"
      securityConstraintCollection = class com.ibm.ws.webcontainer.security.metadata.SecurityConstraintCollectionImpl@6f4d8698
      loginConfiguration = class com.ibm.ws.webcontainer.security.metadata.LoginConfigurationImpl@56cab77
      allRoles = class java.util.ArrayList@17578a8b
      securityRoleRefsByServlet = class java.util.HashMap@670965cc
      urlPatternToServletName = class java.util.HashMap@64f356f3
      servletNameToRunAsRole = class java.util.HashMap@4a46e09
      syncToOSThread = false
      denyUncoveredHttpMethods = false
      serialVersionUID = 3937804347548930695
    annotatedSecurityMetaData = null
    webAppConfig = class com.ibm.ws.webcontainer.osgi.webapp.WebAppConfiguration@13bbd0f3
      webModuleMetaData = class com.ibm.ws.webcontainer.osgi.metadata.WebModuleMetaDataImpl@4644d594
      webComponentMetaData = class com.ibm.ws.webcontainer.osgi.metadata.WebComponentMetaDataImpl@523dfdf5
      dVirtualHost = null
      orderedLibPaths = class java.util.Collections$UnmodifiableRandomAccessList@4aa923b5
      bundleHeaders = null
      cdiEnabled = false
      CLASS_NAME = "com.ibm.ws.webcontainer.webapp.WebAppConfiguration"
      logger = class com.ibm.ws.logging.internal.WsLogger@114fe806
      tc = class com.ibm.websphere.ras.TraceComponent@11cde654
      nls = class com.ibm.ejs.ras.TraceNLS@2ca06d8f
      version = 30
      contextRoot = "/testingPrimefaces"
      isDefaultContextRootUsed = true
      sessionTimeout = -1
      moduleSessionTimeoutSet = true
      moduleSessionTrackingModeSet = false
      sessionCookieConfig = null
      hasProgrammaticCookieConfig = false
      sessionDefaultTrackingModeSet = null
      sessionManagerConfig = null
      displayName = "testingPrimefaces"
      description = null
      reloadInterval = 0
      distributable = false
      denyUncoveredHttpMethods = false
      reloadingEnabled = false
      serveServletsByClassnameEnabled = null
      defaultErrorPage = null
      additionalClassPath = null
      fileServingEnabled = null
      directoryBrowsingEnabled = null
      autoRequestEncoding = false
      autoResponseEncoding = false
      autoLoadFilters = false
      requestListeners = null
      requestAttributeListeners = null
      sessionListeners = null
      localeMap = null
      moduleName = "testingPrimefaces"
      j2eeModuleName = "testingPrimefaces.war"
      moduleId = null
      isSyncToThreadEnabled = false
      encodeDispatchedRequestURI = false
      isSystemApp = false
      ardEnabled = false
      ardDispatchType = null
      listeners = class java.util.ArrayList@2f975725
      welcomeFileList = class java.util.ArrayList@71dfd102
      servletMappings = class java.util.HashMap@1fbe08e7
      lastIndexBeforeDeclaredFilters = 0
      filterMappings = class java.util.ArrayList@305dd28a
      servletInfo = class java.util.concurrent.ConcurrentHashMap@256685db
      filterInfo = class java.util.HashMap@2abe17b4
      mimeMappings = class java.util.HashMap@45a8cb34
      mimeFilters = null
      isMimeFilteringEnabled = false
      theWebGroup = null
      jspAttributes = null
      fileServingAttributes = class java.util.HashMap@1bbf8889
      invokerAttributes = class java.util.HashMap@ae68e78
      contextParams = class java.util.HashMap@50bf2b27
      virtualHost = null
      exceptionErrorPages = class java.util.HashMap@534dab6f
      codeErrorPages = class java.util.HashMap@34d18a4f
      tagLibList = null
      precompileJsps = false
      webApp = class com.ibm.ws.webcontainer40.osgi.webapp.WebApp40@afa47e3
      virtualHostList = class java.util.Collections$EmptyList@6e5ca7c8
      appStartupWeight = 0
      moduleStartupWeight = 0
      metaDataComplete = false
      classesToScan = class java.util.ArrayList@2335b388
      uriFilterMappingInfos = null
      servletFilterMappingInfos = null
      dynamicServletRegistrationMap = null
      applicationName = "testingPrimefaces"
      libBinPathList = null
      webXmlDefinedListeners = class java.util.HashSet@1d9d7252
      allRefs = class java.util.EnumMap@2526105c
      allRefBindings = class java.util.EnumMap@7d3b9e44
      envEntryValues = null
      resourceRefConfigList = null
      disallowAllFileServingProp = "false"
      disallowServeServletsByClassnameProp = "true"
      disableStaticMappingCache = false
      jspCachedLocations = null
      primedSTSHeader = "NoValue"
      enablemultireadofpostdata = false
      requestEncoding = null
      responseEncoding = null
      NULLSERVLETNAME = "com.ibm.ws.webcontainer.NullServletName"
      _id = "WebAppGeneratedId11"
      _attributes = null
      serialVersionUID = 7511545662945734886
      $$$tc$$$ = class com.ibm.websphere.ras.TraceComponent@1571c7dd
    _isServlet23OrHigher = false
    jspComponentMetaData = class com.ibm.ws.jsp.runtime.metadata.JspComponentMetaData@25efde9b
      looseLibs = null
      servletEngineReloadEnabled = true
      servlet2_2 = false
      servletEngineReloadInterval = 5000
      applicationDisplayName = "testingPrimefaces"
      syncToThread = false
      serialVersionUID = -1725832635735780667
      $$$tc$$$ = class com.ibm.websphere.ras.TraceComponent@23f1ae63
      jspPropertyGroups = class java.util.Collections$EmptyList@6e5ca7c8
      jspTaglibs = class java.util.Collections$EmptyMap@52a2ed1
    sessionCookieNameInUse = null
    mBeanServiceReg = null
    tc = class com.ibm.websphere.ras.TraceComponent@1a729461
      strings[0] = "TraceComponent[com.ibm.ws.runtime.metadata.MetaDataImpl,class com.ibm.ws.runtime.metadata.MetaDataImpl,[Runtime],null,null]"
    NUM_STATIC_SLOTS = 4
    ID_UNINITIALIZED = -1
    id = -1
    metaDataInterface = class java.lang.Class@2de844fb
      ANNOTATION = 8192
      ENUM = 16384
      SYNTHETIC = 4096
      cachedConstructor = null
      newInstanceCallerCache = null
      name = null
      allPermDomain = class java.security.ProtectionDomain@4a7121eb
      useCaches = true
      reflectionData = null
      classRedefinedCount = 0
      genericInfo = null
      serialVersionUID = 3206093459760846163
      serialPersistentFields = class java.io.ObjectStreamField[0]
      reflectionFactory = class sun.reflect.ReflectionFactory@dbfdda1
      initted = true
      enumConstants = null
      enumConstantDirectory = null
      annotationData = null
      annotationType = null
      classValueMap = null
    staticSlots = class java.lang.Object[4]
      Object[0] = null
      Object[1] = class com.ibm.ws.injectionengine.osgi.internal.OSGiInjectionScopeData@4c2bc059
      Object[2] = null
      Object[3] = null
    dynamicSlots = null
  nestedModuleMetaDataTypes = null
  nestedModuleMetaDataValues = null
  serialVersionUID = 3986734351620206554

