------Start of DE processing------ = [11/05/19 17:24:09:020 PET]
Exception = org.jboss.weld.exceptions.DeploymentException
Source = com.ibm.ws.container.service.state.internal.ApplicationStateManager
probeid = 31
Stack Dump = org.jboss.weld.exceptions.DeploymentException: WELD-000072: Bean declaring a passivating scope must be passivation capable.  Bean:  Managed Bean [class view.facelets.BeanProyecto] with qualifiers [@Default @Any @Named]
	at org.jboss.weld.bean.ManagedBean.checkType(ManagedBean.java:216)
	at org.jboss.weld.bean.AbstractBean.initializeAfterBeanDiscovery(AbstractBean.java:108)
	at org.jboss.weld.bean.ManagedBean.initializeAfterBeanDiscovery(ManagedBean.java:122)
	at org.jboss.weld.bootstrap.ConcurrentBeanDeployer$AfterBeanDiscoveryInitializerFactory.doWork(ConcurrentBeanDeployer.java:111)
	at org.jboss.weld.bootstrap.ConcurrentBeanDeployer$AfterBeanDiscoveryInitializerFactory.doWork(ConcurrentBeanDeployer.java:102)
	at org.jboss.weld.executor.IterativeWorkerTaskFactory$1.call(IterativeWorkerTaskFactory.java:62)
	at org.jboss.weld.executor.IterativeWorkerTaskFactory$1.call(IterativeWorkerTaskFactory.java:55)
	at com.ibm.ws.threading.internal.PolicyTaskFutureImpl.run(PolicyTaskFutureImpl.java:724)
	at com.ibm.ws.threading.internal.PolicyExecutorImpl.runTask(PolicyExecutorImpl.java:1134)
	at com.ibm.ws.threading.internal.PolicyExecutorImpl$GlobalPoolTask.run(PolicyExecutorImpl.java:188)
	at java.base/java.util.concurrent.ThreadPoolExecutor.runWorker(ThreadPoolExecutor.java:1128)
	at java.base/java.util.concurrent.ThreadPoolExecutor$Worker.run(ThreadPoolExecutor.java:628)
	at java.base/java.lang.Thread.run(Thread.java:835)

Dump of callerThis
Object type = com.ibm.ws.container.service.state.internal.ApplicationStateManager
  serialVersionUID = -6685368059484454124
  $$$tc$$$ = class com.ibm.websphere.ras.TraceComponent@16bebcd1
    strings[0] = "TraceComponent[com.ibm.ws.container.service.state.internal.ApplicationStateManager,class com.ibm.ws.container.service.state.internal.ApplicationStateManager,[Runtime],,null]"
  listeners = class com.ibm.wsspi.kernel.service.utils.ConcurrentServiceReferenceSet@792d2a3c
    referenceName = "applicationStateListeners"
    contextRef = class java.util.concurrent.atomic.AtomicReference@58f3e5ea
      serialVersionUID = -1848883965231344442
      VALUE = class java.lang.invoke.VarHandleReferences$FieldInstanceReadWrite@19f1cc1
      value = class org.apache.felix.scr.impl.manager.ComponentContextImpl@62f26212
    elementMap = class java.util.LinkedHashMap@736091f1
      serialVersionUID = 3801124242820219131
      head = class java.util.LinkedHashMap$Entry@7c31c8d0
      tail = class java.util.LinkedHashMap$Entry@b2931be
      accessOrder = false
      serialVersionUID = 362498820763181265
      DEFAULT_INITIAL_CAPACITY = 16
      MAXIMUM_CAPACITY = 1073741824
      DEFAULT_LOAD_FACTOR = 0.75
      TREEIFY_THRESHOLD = 8
      UNTREEIFY_THRESHOLD = 6
      MIN_TREEIFY_CAPACITY = 64
      table = class java.util.HashMap$Node[32]
      entrySet = null
      size = 13
      modCount = 13
      threshold = 24
      loadFactor = 0.75
      keySet = null
      values = null
    elementSet = class java.util.concurrent.ConcurrentSkipListSet@2bc60564
      serialVersionUID = -2479143111061671589
      m = class java.util.concurrent.ConcurrentSkipListMap@4a315f70
      MAX_ARRAY_SIZE = 2147483639
    elementSetUnsorted = false
    serialVersionUID = 756240983881166148
    $$$tc$$$ = class com.ibm.websphere.ras.TraceComponent@10fba6b
      strings[0] = "TraceComponent[com.ibm.wsspi.kernel.service.utils.ConcurrentServiceReferenceSet,class com.ibm.wsspi.kernel.service.utils.ConcurrentServiceReferenceSet,[kernelUtils],com.ibm.ws.kernel.service.utils.resources.ServiceMessages,null]"
  serialVersionUID = 2284273176985484160
  $$$tc$$$ = class com.ibm.websphere.ras.TraceComponent@4ed3d654
    strings[0] = "TraceComponent[com.ibm.ws.container.service.state.internal.StateChangeManager,class com.ibm.ws.container.service.state.internal.StateChangeManager,[Runtime],,null]"

Dump of objectArray[0]
Object type = com.ibm.ws.container.service.app.deploy.internal.ApplicationInfoImpl
  appName = "Pruebas"
  appMetaData = class com.ibm.ws.container.service.app.deploy.internal.ApplicationMetaDataImpl@25cebc23
    j2eeName = class com.ibm.ws.container.service.metadata.internal.J2EENameImpl@7e4d4782
      serialVersionUID = 7488184044073147667
      application = "Pruebas"
      module = null
      component = null
      string = "Pruebas"
      j2eeNameBytes = null
      $$$tc$$$ = class com.ibm.websphere.ras.TraceComponent@25304fda
    serialVersionUID = -7906531148367236579
    $$$tc$$$ = class com.ibm.websphere.ras.TraceComponent@425d3379
      strings[0] = "TraceComponent[com.ibm.ws.container.service.app.deploy.internal.ApplicationMetaDataImpl,class com.ibm.ws.container.service.app.deploy.internal.ApplicationMetaDataImpl,[container.service],com.ibm.ws.container.service.resources.Messages,null]"
    tc = class com.ibm.websphere.ras.TraceComponent@599f7f15
      strings[0] = "TraceComponent[com.ibm.ws.runtime.metadata.MetaDataImpl,class com.ibm.ws.runtime.metadata.MetaDataImpl,[Runtime],null,null]"
    NUM_STATIC_SLOTS = 4
    ID_UNINITIALIZED = -1
    id = 0
    metaDataInterface = class java.lang.Class@423ec0ef
      ANNOTATION = 8192
      ENUM = 16384
      SYNTHETIC = 4096
      cachedConstructor = null
      name = "com.ibm.ws.runtime.metadata.ApplicationMetaData"
      module = class java.lang.Module@1aa40bbc
      packageName = "com.ibm.ws.runtime.metadata"
      componentType = {} /* array length = 0 */
      allPermDomain = class java.security.ProtectionDomain@1dc3ac16
      reflectionData = null
      classRedefinedCount = 0
      genericInfo = null
      EMPTY_CLASS_ARRAY = class java.lang.Class[0]
      serialVersionUID = 3206093459760846163
      serialPersistentFields = class java.io.ObjectStreamField[0]
      reflectionFactory = class jdk.internal.reflect.ReflectionFactory@38955193
      enumConstants = null
      enumConstantDirectory = null
      annotationData = null
      annotationType = null
      classValueMap = null
    staticSlots = class java.lang.Object[4]
      Object[0] = null
      Object[1] = class com.ibm.ws.injectionengine.osgi.internal.OSGiInjectionScopeData@78c707fe
      Object[2] = null
      Object[3] = null
    dynamicSlots = class java.lang.Object[4]
      Object[0] = null
      Object[1] = class com.ibm.ws.cdi.impl.weld.WebSphereCDIDeploymentImpl@3b7e9085
      Object[2] = "Pruebas"
      Object[3] = null
  appContainer = class com.ibm.ws.adaptable.module.internal.AdaptableContainerImpl@78a7674e
    root = class com.ibm.ws.adaptable.module.internal.AdaptableContainerImpl@78a7674e
    rootOverlay = class com.ibm.ws.artifact.overlay.internal.DirectoryBasedOverlayContainerImpl@302c9b0
      base = class com.ibm.ws.artifact.loose.internal.LooseArchive@d33a0f9
      maskSet = class java.util.HashSet@383cdcb3
      cfHolder = class com.ibm.ws.artifact.overlay.internal.OverlayContainerFactoryImpl@1f5198c8
      fileOverlayContainer = class com.ibm.ws.artifact.file.internal.FileContainer@2bb884a4
      overlayDirectory = class java.io.File@39334189
      cacheDirForOverlay = class java.io.File@29971a3e
      overlayNotifier = class com.ibm.ws.artifact.overlay.internal.DirectoryBasedOverlayNotifier@78abf908
      enclosingContainer = null
      entryInEnclosingContainer = null
      nestedOverlays = class java.util.concurrent.ConcurrentHashMap@771092fb
      cacheStore = class com.ibm.ws.artifact.overlay.internal.OverlayCache@18e2b519
      parentOverlay = null
      isPassThroughMode = true
      serialVersionUID = -1690795617118238166
      $$$tc$$$ = class com.ibm.websphere.ras.TraceComponent@3c3a5a9d
    factoryHolder = class com.ibm.ws.adaptable.module.internal.AdaptableModuleFactoryImpl@611d9393
      adapterFactoryService = class com.ibm.ws.adaptable.module.internal.AdapterFactoryServiceImpl@29439f2b
      containerFactory = class com.ibm.ws.artifact.internal.ArtifactContainerFactoryService@24c329a
      overlayContainerFactory = class com.ibm.ws.artifact.overlay.internal.OverlayContainerFactoryImpl@1f5198c8
      serialVersionUID = 4200251809856292987
      $$$tc$$$ = class com.ibm.websphere.ras.TraceComponent@49aa3e9c
    delegate = class com.ibm.ws.artifact.overlay.internal.DirectoryBasedOverlayContainerImpl@302c9b0
    notifier = class com.ibm.ws.adaptable.module.internal.NotifierImpl@69e6b78d
      root = class com.ibm.ws.adaptable.module.internal.AdaptableContainerImpl@78a7674e
      delegateNotifier = class com.ibm.ws.artifact.overlay.internal.DirectoryBasedOverlayNotifier@78abf908
      delegateRoot = class com.ibm.ws.artifact.overlay.internal.DirectoryBasedOverlayContainerImpl@302c9b0
      listenerDelegates = class java.util.HashMap@69fb8d1d
      serialVersionUID = 6839382523957017880
      $$$tc$$$ = class com.ibm.websphere.ras.TraceComponent@772142db
    serialVersionUID = -5621513278641113667
    $$$tc$$$ = class com.ibm.websphere.ras.TraceComponent@238c7bd9
      strings[0] = "TraceComponent[com.ibm.ws.adaptable.module.internal.AdaptableContainerImpl,class com.ibm.ws.adaptable.module.internal.AdaptableContainerImpl,[archive.adaptable],,null]"
  configHelper = class com.ibm.ws.app.manager.module.ApplicationNestedConfigHelper@202b946f
    appInfo = class com.ibm.ws.app.manager.internal.ApplicationInstallInfo@698584a0
    serialVersionUID = -3174031738676705046
    $$$tc$$$ = class com.ibm.websphere.ras.TraceComponent@49131091
      strings[0] = "TraceComponent[com.ibm.ws.app.manager.module.ApplicationNestedConfigHelper,class com.ibm.ws.app.manager.module.ApplicationNestedConfigHelper,[applications, app.manager],,null]"
  applicationInformation = class com.ibm.ws.app.manager.internal.ApplicationInstallInfo@698584a0
    _config = class com.ibm.ws.app.manager.internal.ApplicationConfig@2a676730
      tc = class com.ibm.websphere.ras.TraceComponent@1474a67f
      _configPid = "com.ibm.ws.app.manager_28"
      _config = class com.ibm.ws.config.admin.ConfigurationDictionary@2a293b3e
      _applicationManager = class com.ibm.ws.app.manager.ApplicationManager@59ddf3ca
      _location = "Pruebas.war"
      _type = "war"
      _name = "Pruebas"
      _notificationBroadcasterSupport = class javax.management.NotificationBroadcasterSupport@541acf95
      ONE_TIME_JANDEX_MSGS_DISPLAYED = true
    _handlerInfo = class java.util.concurrent.atomic.AtomicReference@7a98e9fb
      serialVersionUID = -1848883965231344442
      VALUE = class java.lang.invoke.VarHandleReferences$FieldInstanceReadWrite@19f1cc1
      value = class com.ibm.ws.app.manager.war.internal.WARDeployedAppInfo@12907a2a
    _container = class java.util.concurrent.atomic.AtomicReference@6ec922b
      serialVersionUID = -1848883965231344442
      VALUE = class java.lang.invoke.VarHandleReferences$FieldInstanceReadWrite@19f1cc1
      value = class com.ibm.ws.adaptable.module.internal.AdaptableContainerImpl@78a7674e
    _resolvedLocation = class java.util.concurrent.atomic.AtomicReference@4309b6d2
      serialVersionUID = -1848883965231344442
      VALUE = class java.lang.invoke.VarHandleReferences$FieldInstanceReadWrite@19f1cc1
      value = class com.ibm.ws.kernel.service.location.internal.LocalFileResource@1b2f972b
    _handler = class com.ibm.ws.app.manager.war.internal.WARApplicationHandlerImpl@52460764
      futureMonitor = class com.ibm.ws.threading.internal.FutureMonitorImpl@55a29e28
      deployedAppFactory = class com.ibm.ws.app.manager.war.internal.WARDeployedAppInfoFactoryImpl@2dbfb2f5
      serialVersionUID = 4622845147410944782
      $$$tc$$$ = class com.ibm.websphere.ras.TraceComponent@2a7f9bb8
    _ami = class java.util.concurrent.atomic.AtomicReference@6facebe6
      serialVersionUID = -1848883965231344442
      VALUE = class java.lang.invoke.VarHandleReferences$FieldInstanceReadWrite@19f1cc1
      value = class com.ibm.wsspi.application.handler.DefaultApplicationMonitoringInformation@28d3defd
    _updateHandler = class com.ibm.ws.app.manager.internal.statemachine.ApplicationStateMachineImpl@db351f2
      _tc = class com.ibm.websphere.ras.TraceComponent@4ec8dd2a
      EMPTY_FUTURE_ARRAY = interface java.util.concurrent.Future[0]
      asmSequenceNumber = class java.util.concurrent.atomic.AtomicLong@3a1d40d9
      _qscaCounter = class java.util.concurrent.atomic.AtomicInteger@2ef8614f
      _failedThrowable = null
      _interruptibleLock = class com.ibm.ws.app.manager.internal.statemachine.ApplicationStateMachineImpl$2@7f4b58ec
      _interruptible = false
      _performingQueuedActions = true
      _queuedActions = class java.util.concurrent.ConcurrentLinkedQueue@47a29fc4
      _callbackState = class java.util.concurrent.atomic.AtomicReference@17690461
      blockAppStartingFutures = class java.util.Collections$SetFromMap@7af6fdda
      waitingForAppHandlerFuture = class java.util.concurrent.atomic.AtomicReference@5fdf5650
      waitingForExplicitStartFuture = class java.util.concurrent.atomic.AtomicReference@cd0bed0
      completionListener = class java.util.concurrent.atomic.AtomicReference@5345f927
      _notifyAppStopped = class java.util.concurrent.ConcurrentLinkedQueue@1e10d6b8
      _notifyAppStarting = class java.util.concurrent.ConcurrentLinkedQueue@3bd87efc
      _notifyAppInstallCalled = class java.util.concurrent.ConcurrentLinkedQueue@32776169
      _notifyAppStarted = class java.util.concurrent.ConcurrentLinkedQueue@4e073ac1
      _notifyAppRemoved = class java.util.concurrent.ConcurrentLinkedQueue@56ba80af
      _stateLock = class com.ibm.ws.app.manager.internal.statemachine.ApplicationStateMachineImpl$3@2e6d3b1a
      _internalState = class java.util.concurrent.atomic.AtomicReference@27187b97
      _currentAction = class java.util.concurrent.atomic.AtomicReference@50be8c87
      _rfa = class java.util.concurrent.atomic.AtomicReference@5283d1c7
      _appInstallInfo = class java.util.concurrent.atomic.AtomicReference@15f18566
      _update = class java.util.concurrent.atomic.AtomicBoolean@7151908c
      _appConfig = class java.util.concurrent.atomic.AtomicReference@55afe095
      _nextAppConfig = class java.util.concurrent.atomic.AtomicReference@19ee1e0e
      _appContainer = class java.util.concurrent.atomic.AtomicReference@2d62e0
      _resolvedLocation = class java.util.concurrent.atomic.AtomicReference@7d855799
      _handler = class java.util.concurrent.atomic.AtomicReference@5784abf4
      _asmSeqNo = 2
      _ctx = class org.eclipse.osgi.internal.framework.BundleContextImpl@515d6395
      _locAdmin = class com.ibm.ws.kernel.service.location.internal.WsLocationAdminImpl@3e73d164
      _futureMonitor = class com.ibm.ws.threading.internal.FutureMonitorImpl@55a29e28
      _artifactFactory = class com.ibm.ws.artifact.internal.ArtifactContainerFactoryService@24c329a
      _moduleFactory = class com.ibm.ws.adaptable.module.internal.AdaptableModuleFactoryImpl@611d9393
      _executorService = class com.ibm.ws.threading.internal.ExecutorServiceImpl@70e5f22c
      _scheduledExecutorService = class com.ibm.ws.threading.internal.ScheduledExecutorImpl@503de5a5
      _asmHelper = class com.ibm.ws.app.manager.internal.ApplicationConfigurator$NamedApplication@1021ed77
      _appMonitor = class com.ibm.ws.app.manager.internal.monitor.ApplicationMonitor@112f7254
      enterStateCalled = class java.util.concurrent.atomic.AtomicBoolean@72145a09
      serialVersionUID = 6511956370079301927
      serialVersionUID = 5501066335104962649
      $$$tc$$$ = class com.ibm.websphere.ras.TraceComponent@958d3f
    serialVersionUID = 2630639237123415755
    $$$tc$$$ = class com.ibm.websphere.ras.TraceComponent@420fd658
      strings[0] = "TraceComponent[com.ibm.ws.app.manager.internal.ApplicationInstallInfo,class com.ibm.ws.app.manager.internal.ApplicationInstallInfo,[applications, app.manager],com.ibm.ws.app.manager.internal.resources.AppManagerMessages,null]"
  serialVersionUID = -505303337196743781
  $$$tc$$$ = class com.ibm.websphere.ras.TraceComponent@1bc7c66d
    strings[0] = "TraceComponent[com.ibm.ws.container.service.app.deploy.internal.ApplicationInfoImpl,class com.ibm.ws.container.service.app.deploy.internal.ApplicationInfoImpl,[container.service],com.ibm.ws.container.service.resources.Messages,null]"

