------Start of DE processing------ = [01/07/19 09:42:09:605 COT]
Exception = java.util.concurrent.RejectedExecutionException
Source = com.ibm.ws.container.service.state.internal.ApplicationStateManager
probeid = 31
Stack Dump = java.util.concurrent.RejectedExecutionException: CWWKE1202E: No se puede enviar una tarea porque el ejecutor managedExecutorService[DefaultManagedExecutorService] (concurrencyPolicy[defaultConcurrencyPolicy]) ha concluido.
	at com.ibm.ws.threading.internal.PolicyExecutorImpl.enqueue(PolicyExecutorImpl.java:520)
	at com.ibm.ws.threading.internal.PolicyExecutorImpl.invokeAll(PolicyExecutorImpl.java:654)
	at com.ibm.ws.concurrent.internal.ManagedExecutorServiceImpl.invokeAll(ManagedExecutorServiceImpl.java:413)
	at org.jboss.weld.executor.AbstractExecutorServices.invokeAllAndCheckForExceptions(AbstractExecutorServices.java:59)
	at org.jboss.weld.executor.AbstractExecutorServices.invokeAllAndCheckForExceptions(AbstractExecutorServices.java:67)
	at org.jboss.weld.bootstrap.ConcurrentBeanDeployer.addClasses(ConcurrentBeanDeployer.java:52)
	at org.jboss.weld.bootstrap.BeanDeployment.createClasses(BeanDeployment.java:198)
	at org.jboss.weld.bootstrap.WeldStartup.startInitialization(WeldStartup.java:412)
	at org.jboss.weld.bootstrap.WeldBootstrap.startInitialization(WeldBootstrap.java:79)
	at com.ibm.ws.cdi.impl.CDIContainerImpl$2.run(CDIContainerImpl.java:144)
	at com.ibm.ws.cdi.impl.CDIContainerImpl$2.run(CDIContainerImpl.java:141)
	at java.security.AccessController.doPrivileged(Native Method)
	at com.ibm.ws.cdi.impl.CDIContainerImpl.startInitialization(CDIContainerImpl.java:141)
	at com.ibm.ws.cdi.liberty.CDIRuntimeImpl.applicationStarting(CDIRuntimeImpl.java:438)
	at com.ibm.ws.container.service.state.internal.ApplicationStateManager.fireStarting(ApplicationStateManager.java:28)
	at com.ibm.ws.container.service.state.internal.StateChangeServiceImpl.fireApplicationStarting(StateChangeServiceImpl.java:50)
	at com.ibm.ws.app.manager.module.internal.DeployedAppInfoBase.preDeployApp(DeployedAppInfoBase.java:384)
	at com.ibm.ws.app.manager.module.internal.DeployedAppInfoBase.deployApp(DeployedAppInfoBase.java:413)
	at com.ibm.ws.app.manager.war.internal.WARApplicationHandlerImpl.install(WARApplicationHandlerImpl.java:65)
	at com.ibm.ws.app.manager.internal.statemachine.StartAction.execute(StartAction.java:140)
	at com.ibm.ws.app.manager.internal.statemachine.ApplicationStateMachineImpl.enterState(ApplicationStateMachineImpl.java:1261)
	at com.ibm.ws.app.manager.internal.statemachine.ApplicationStateMachineImpl.run(ApplicationStateMachineImpl.java:876)
	at com.ibm.ws.threading.internal.ExecutorServiceImpl$RunnableWrapper.run(ExecutorServiceImpl.java:239)
	at java.util.concurrent.ThreadPoolExecutor.runWorker(Unknown Source)
	at java.util.concurrent.ThreadPoolExecutor$Worker.run(Unknown Source)
	at java.lang.Thread.run(Unknown Source)

Dump of callerThis
Object type = com.ibm.ws.container.service.state.internal.ApplicationStateManager
  serialVersionUID = -6685368059484454124
  $$$tc$$$ = class com.ibm.websphere.ras.TraceComponent@346e3c55
    strings[0] = "TraceComponent[com.ibm.ws.container.service.state.internal.ApplicationStateManager,class com.ibm.ws.container.service.state.internal.ApplicationStateManager,[Runtime],,null]"
  listeners = class com.ibm.wsspi.kernel.service.utils.ConcurrentServiceReferenceSet@6a9f6fdd
    referenceName = "applicationStateListeners"
    contextRef = class java.util.concurrent.atomic.AtomicReference@2165548
      serialVersionUID = -1848883965231344442
      unsafe = class sun.misc.Unsafe@6b78b480
      valueOffset = 12
      value = class org.apache.felix.scr.impl.manager.ComponentContextImpl@2f5afd3
    elementMap = class java.util.LinkedHashMap@3a2c28cd
      serialVersionUID = 3801124242820219131
      head = class java.util.LinkedHashMap$Entry@8c72118
      tail = class java.util.LinkedHashMap$Entry@3c6145a2
      accessOrder = false
      serialVersionUID = 362498820763181265
      DEFAULT_INITIAL_CAPACITY = 16
      MAXIMUM_CAPACITY = 1073741824
      DEFAULT_LOAD_FACTOR = 0.75
      TREEIFY_THRESHOLD = 8
      UNTREEIFY_THRESHOLD = 6
      MIN_TREEIFY_CAPACITY = 64
      table = class java.util.HashMap$Node[32]
      entrySet = null
      size = 12
      modCount = 14
      threshold = 24
      loadFactor = 0.75
      keySet = null
      values = null
    elementSet = class java.util.concurrent.ConcurrentSkipListSet@1590dcb7
      serialVersionUID = -2479143111061671589
      m = class java.util.concurrent.ConcurrentSkipListMap@330b874b
      UNSAFE = class sun.misc.Unsafe@6b78b480
      mapOffset = 12
      MAX_ARRAY_SIZE = 2147483639
    elementSetUnsorted = false
    serialVersionUID = 756240983881166148
    $$$tc$$$ = class com.ibm.websphere.ras.TraceComponent@4787d155
      strings[0] = "TraceComponent[com.ibm.wsspi.kernel.service.utils.ConcurrentServiceReferenceSet,class com.ibm.wsspi.kernel.service.utils.ConcurrentServiceReferenceSet,[kernelUtils],com.ibm.ws.kernel.service.utils.resources.ServiceMessages,null]"
  serialVersionUID = 2284273176985484160
  $$$tc$$$ = class com.ibm.websphere.ras.TraceComponent@2e14b723
    strings[0] = "TraceComponent[com.ibm.ws.container.service.state.internal.StateChangeManager,class com.ibm.ws.container.service.state.internal.StateChangeManager,[Runtime],,null]"

Dump of objectArray[0]
Object type = com.ibm.ws.container.service.app.deploy.internal.ApplicationInfoImpl
  appName = "project_duplicate"
  appMetaData = class com.ibm.ws.container.service.app.deploy.internal.ApplicationMetaDataImpl@7de8f310
    j2eeName = class com.ibm.ws.container.service.metadata.internal.J2EENameImpl@2ca15e0
      serialVersionUID = 7488184044073147667
      application = "softswitch-legacy"
      module = null
      component = null
      string = "softswitch-legacy"
      j2eeNameBytes = null
      $$$tc$$$ = class com.ibm.websphere.ras.TraceComponent@77287938
    serialVersionUID = -7906531148367236579
    $$$tc$$$ = class com.ibm.websphere.ras.TraceComponent@5c161c0f
      strings[0] = "TraceComponent[com.ibm.ws.container.service.app.deploy.internal.ApplicationMetaDataImpl,class com.ibm.ws.container.service.app.deploy.internal.ApplicationMetaDataImpl,[container.service],com.ibm.ws.container.service.resources.Messages,null]"
    tc = class com.ibm.websphere.ras.TraceComponent@79d53dc6
      strings[0] = "TraceComponent[com.ibm.ws.runtime.metadata.MetaDataImpl,class com.ibm.ws.runtime.metadata.MetaDataImpl,[Runtime],null,null]"
    NUM_STATIC_SLOTS = 4
    ID_UNINITIALIZED = -1
    id = 0
    metaDataInterface = class java.lang.Class@443f0077
      ANNOTATION = 8192
      ENUM = 16384
      SYNTHETIC = 4096
      cachedConstructor = null
      newInstanceCallerCache = null
      name = null
      allPermDomain = class java.security.ProtectionDomain@437357f9
      useCaches = true
      reflectionData = null
      classRedefinedCount = 0
      genericInfo = null
      serialVersionUID = 3206093459760846163
      serialPersistentFields = class java.io.ObjectStreamField[0]
      reflectionFactory = class sun.reflect.ReflectionFactory@3f1f5146
      initted = true
      enumConstants = null
      enumConstantDirectory = null
      annotationData = null
      annotationType = null
      classValueMap = null
    staticSlots = class java.lang.Object[4]
      Object[0] = null
      Object[1] = class com.ibm.ws.injectionengine.osgi.internal.OSGiInjectionScopeData@1556735d
      Object[2] = null
      Object[3] = null
    dynamicSlots = class java.lang.Object[4]
      Object[0] = null
      Object[1] = class com.ibm.ws.cdi.impl.weld.WebSphereCDIDeploymentImpl@156e9b47
      Object[2] = "project_duplicate"
      Object[3] = null
  appContainer = class com.ibm.ws.adaptable.module.internal.AdaptableContainerImpl@27b1a7b9
    root = class com.ibm.ws.adaptable.module.internal.AdaptableContainerImpl@27b1a7b9
    rootOverlay = class com.ibm.ws.artifact.overlay.internal.DirectoryBasedOverlayContainerImpl@7aaf42e2
      base = class com.ibm.ws.artifact.loose.internal.LooseArchive@17ee20e6
      maskSet = class java.util.HashSet@318475dd
      cfHolder = class com.ibm.ws.artifact.overlay.internal.OverlayContainerFactoryImpl@3247d809
      fileOverlayContainer = class com.ibm.ws.artifact.file.internal.FileContainer@50d17409
      overlayDirectory = class java.io.File@6465168
      cacheDirForOverlay = class java.io.File@60c9a856
      overlayNotifier = class com.ibm.ws.artifact.overlay.internal.DirectoryBasedOverlayNotifier@7271130f
      enclosingContainer = null
      entryInEnclosingContainer = null
      nestedOverlays = class java.util.concurrent.ConcurrentHashMap@29db4074
      cacheStore = class com.ibm.ws.artifact.overlay.internal.OverlayCache@1d229936
      parentOverlay = null
      isPassThroughMode = true
      serialVersionUID = -1690795617118238166
      $$$tc$$$ = class com.ibm.websphere.ras.TraceComponent@7666572
    factoryHolder = class com.ibm.ws.adaptable.module.internal.AdaptableModuleFactoryImpl@74daaa64
      adapterFactoryService = class com.ibm.ws.adaptable.module.internal.AdapterFactoryServiceImpl@7133314e
      containerFactory = class com.ibm.ws.artifact.internal.ArtifactContainerFactoryService@520616ba
      overlayContainerFactory = class com.ibm.ws.artifact.overlay.internal.OverlayContainerFactoryImpl@3247d809
      serialVersionUID = 4200251809856292987
      $$$tc$$$ = class com.ibm.websphere.ras.TraceComponent@1a89f711
    delegate = class com.ibm.ws.artifact.overlay.internal.DirectoryBasedOverlayContainerImpl@7aaf42e2
    notifier = class com.ibm.ws.adaptable.module.internal.NotifierImpl@28982d42
      root = class com.ibm.ws.adaptable.module.internal.AdaptableContainerImpl@27b1a7b9
      delegateNotifier = class com.ibm.ws.artifact.overlay.internal.DirectoryBasedOverlayNotifier@7271130f
      delegateRoot = class com.ibm.ws.artifact.overlay.internal.DirectoryBasedOverlayContainerImpl@7aaf42e2
      listenerDelegates = class java.util.HashMap@4b182329
      serialVersionUID = 6839382523957017880
      $$$tc$$$ = class com.ibm.websphere.ras.TraceComponent@143fab14
    serialVersionUID = -5621513278641113667
    $$$tc$$$ = class com.ibm.websphere.ras.TraceComponent@2aa9a0b6
      strings[0] = "TraceComponent[com.ibm.ws.adaptable.module.internal.AdaptableContainerImpl,class com.ibm.ws.adaptable.module.internal.AdaptableContainerImpl,[archive.adaptable],,null]"
  configHelper = class com.ibm.ws.app.manager.module.ApplicationNestedConfigHelper@1f4582d7
    appInfo = class com.ibm.ws.app.manager.internal.ApplicationInstallInfo@2afa358d
    serialVersionUID = -3174031738676705046
    $$$tc$$$ = class com.ibm.websphere.ras.TraceComponent@713f4856
      strings[0] = "TraceComponent[com.ibm.ws.app.manager.module.ApplicationNestedConfigHelper,class com.ibm.ws.app.manager.module.ApplicationNestedConfigHelper,[applications, app.manager],,null]"
  applicationInformation = class com.ibm.ws.app.manager.internal.ApplicationInstallInfo@2afa358d
    _config = class com.ibm.ws.app.manager.internal.ApplicationConfig@7ac8151e
      tc = class com.ibm.websphere.ras.TraceComponent@5e5ad7b8
      _configPid = "com.ibm.ws.app.manager_59"
      _config = class com.ibm.ws.config.admin.ConfigurationDictionary@308409dc
      _applicationManager = class com.ibm.ws.app.manager.ApplicationManager@2b7934be
      _location = "project_duplicate.war"
      _type = "war"
      _name = "softswitch-legacy"
      _notificationBroadcasterSupport = class javax.management.NotificationBroadcasterSupport@4a178da8
      ONE_TIME_JANDEX_MSGS_DISPLAYED = true
    _handlerInfo = class java.util.concurrent.atomic.AtomicReference@40821924
      serialVersionUID = -1848883965231344442
      unsafe = class sun.misc.Unsafe@6b78b480
      valueOffset = 12
      value = class com.ibm.ws.app.manager.war.internal.WARDeployedAppInfo@7cf54695
    _container = class java.util.concurrent.atomic.AtomicReference@73e278d9
      serialVersionUID = -1848883965231344442
      unsafe = class sun.misc.Unsafe@6b78b480
      valueOffset = 12
      value = class com.ibm.ws.adaptable.module.internal.AdaptableContainerImpl@27b1a7b9
    _resolvedLocation = class java.util.concurrent.atomic.AtomicReference@8cf7d75
      serialVersionUID = -1848883965231344442
      unsafe = class sun.misc.Unsafe@6b78b480
      valueOffset = 12
      value = class com.ibm.ws.kernel.service.location.internal.LocalFileResource@17218c29
    _handler = class com.ibm.ws.app.manager.war.internal.WARApplicationHandlerImpl@d2ec64
      futureMonitor = class com.ibm.ws.threading.internal.FutureMonitorImpl@23e0d96a
      deployedAppFactory = class com.ibm.ws.app.manager.war.internal.WARDeployedAppInfoFactoryImpl@79b9cbbb
      serialVersionUID = 4622845147410944782
      $$$tc$$$ = class com.ibm.websphere.ras.TraceComponent@4a4f65e0
    _ami = class java.util.concurrent.atomic.AtomicReference@3295f997
      serialVersionUID = -1848883965231344442
      unsafe = class sun.misc.Unsafe@6b78b480
      valueOffset = 12
      value = class com.ibm.wsspi.application.handler.DefaultApplicationMonitoringInformation@36bba964
    _updateHandler = class com.ibm.ws.app.manager.internal.statemachine.ApplicationStateMachineImpl@628e8dd8
      _tc = class com.ibm.websphere.ras.TraceComponent@100d5e73
      EMPTY_FUTURE_ARRAY = interface java.util.concurrent.Future[0]
      asmSequenceNumber = class java.util.concurrent.atomic.AtomicLong@7721aba2
      _qscaCounter = class java.util.concurrent.atomic.AtomicInteger@393cbc7e
      _failedThrowable = null
      _interruptibleLock = class com.ibm.ws.app.manager.internal.statemachine.ApplicationStateMachineImpl$2@30de6946
      _interruptible = false
      _performingQueuedActions = true
      _queuedActions = class java.util.concurrent.ConcurrentLinkedQueue@20045c68
      _callbackState = class java.util.concurrent.atomic.AtomicReference@5688ff0d
      blockAppStartingFutures = class java.util.Collections$SetFromMap@a0b66ee
      waitingForAppHandlerFuture = class java.util.concurrent.atomic.AtomicReference@49dcaab0
      waitingForExplicitStartFuture = class java.util.concurrent.atomic.AtomicReference@4bb958ff
      completionListener = class java.util.concurrent.atomic.AtomicReference@5ad8a612
      _notifyAppStopped = class java.util.concurrent.ConcurrentLinkedQueue@bb597b1
      _notifyAppStarting = class java.util.concurrent.ConcurrentLinkedQueue@2790255d
      _notifyAppInstallCalled = class java.util.concurrent.ConcurrentLinkedQueue@26effff0
      _notifyAppStarted = class java.util.concurrent.ConcurrentLinkedQueue@39182509
      _notifyAppRemoved = class java.util.concurrent.ConcurrentLinkedQueue@1e373584
      _stateLock = class com.ibm.ws.app.manager.internal.statemachine.ApplicationStateMachineImpl$3@382b41d2
      _internalState = class java.util.concurrent.atomic.AtomicReference@61623958
      _currentAction = class java.util.concurrent.atomic.AtomicReference@19aa7810
      _rfa = class java.util.concurrent.atomic.AtomicReference@3e96f5b4
      _appInstallInfo = class java.util.concurrent.atomic.AtomicReference@5c511665
      _update = class java.util.concurrent.atomic.AtomicBoolean@2c094c4e
      _appConfig = class java.util.concurrent.atomic.AtomicReference@6629cb27
      _nextAppConfig = class java.util.concurrent.atomic.AtomicReference@6f1bb903
      _appContainer = class java.util.concurrent.atomic.AtomicReference@3b2d78bb
      _resolvedLocation = class java.util.concurrent.atomic.AtomicReference@5da028ac
      _handler = class java.util.concurrent.atomic.AtomicReference@7578b0cc
      _asmSeqNo = 0
      _ctx = class org.eclipse.osgi.internal.framework.BundleContextImpl@ff4ecb
      _locAdmin = class com.ibm.ws.kernel.service.location.internal.WsLocationAdminImpl@3e4b3d2b
      _futureMonitor = class com.ibm.ws.threading.internal.FutureMonitorImpl@23e0d96a
      _artifactFactory = class com.ibm.ws.artifact.internal.ArtifactContainerFactoryService@520616ba
      _moduleFactory = class com.ibm.ws.adaptable.module.internal.AdaptableModuleFactoryImpl@74daaa64
      _executorService = class com.ibm.ws.threading.internal.ExecutorServiceImpl@2f1275d1
      _scheduledExecutorService = class com.ibm.ws.threading.internal.ScheduledExecutorImpl@6c59f529
      _asmHelper = class com.ibm.ws.app.manager.internal.ApplicationConfigurator$NamedApplication@185753e5
      _appMonitor = class com.ibm.ws.app.manager.internal.monitor.ApplicationMonitor@8bebfc6
      enterStateCalled = class java.util.concurrent.atomic.AtomicBoolean@4799ccc1
      serialVersionUID = 6511956370079301927
      serialVersionUID = 5501066335104962649
      $$$tc$$$ = class com.ibm.websphere.ras.TraceComponent@4f742cb4
    serialVersionUID = 2630639237123415755
    $$$tc$$$ = class com.ibm.websphere.ras.TraceComponent@51b40ac9
      strings[0] = "TraceComponent[com.ibm.ws.app.manager.internal.ApplicationInstallInfo,class com.ibm.ws.app.manager.internal.ApplicationInstallInfo,[applications, app.manager],com.ibm.ws.app.manager.internal.resources.AppManagerMessages,null]"
  serialVersionUID = -505303337196743781
  $$$tc$$$ = class com.ibm.websphere.ras.TraceComponent@1d67103b
    strings[0] = "TraceComponent[com.ibm.ws.container.service.app.deploy.internal.ApplicationInfoImpl,class com.ibm.ws.container.service.app.deploy.internal.ApplicationInfoImpl,[container.service],com.ibm.ws.container.service.resources.Messages,null]"

