------Start of DE processing------ = [4/06/19 00:14:37:246 PET]
Exception = com.ibm.ws.container.service.state.StateChangeException
Source = com.ibm.ws.app.manager.module.internal.DeployedAppInfoBase
probeid = 385
Stack Dump = com.ibm.ws.container.service.state.StateChangeException: org.jboss.weld.exceptions.DeploymentException: WELD-000072: Bean declaring a passivating scope must be passivation capable.  Bean:  Managed Bean [class security.view.admin.state.StateCreateView] with qualifiers [@Default @Any @Named]
	at com.ibm.ws.container.service.state.internal.ApplicationStateManager.fireStarting(ApplicationStateManager.java:32)
	at com.ibm.ws.container.service.state.internal.StateChangeServiceImpl.fireApplicationStarting(StateChangeServiceImpl.java:50)
	at com.ibm.ws.app.manager.module.internal.DeployedAppInfoBase.preDeployApp(DeployedAppInfoBase.java:384)
	at com.ibm.ws.app.manager.module.internal.DeployedAppInfoBase.deployApp(DeployedAppInfoBase.java:413)
	at com.ibm.ws.app.manager.war.internal.WARApplicationHandlerImpl.install(WARApplicationHandlerImpl.java:65)
	at com.ibm.ws.app.manager.internal.statemachine.StartAction.execute(StartAction.java:140)
	at com.ibm.ws.app.manager.internal.statemachine.ApplicationStateMachineImpl.enterState(ApplicationStateMachineImpl.java:1261)
	at com.ibm.ws.app.manager.internal.statemachine.ApplicationStateMachineImpl.performAction(ApplicationStateMachineImpl.java:1129)
	at com.ibm.ws.app.manager.internal.statemachine.ApplicationStateMachineImpl.run(ApplicationStateMachineImpl.java:884)
	at com.ibm.ws.threading.internal.ExecutorServiceImpl$RunnableWrapper.run(ExecutorServiceImpl.java:239)
	at java.base/java.util.concurrent.ThreadPoolExecutor.runWorker(ThreadPoolExecutor.java:1128)
	at java.base/java.util.concurrent.ThreadPoolExecutor$Worker.run(ThreadPoolExecutor.java:628)
	at java.base/java.lang.Thread.run(Thread.java:835)
Caused by: org.jboss.weld.exceptions.DeploymentException: WELD-000072: Bean declaring a passivating scope must be passivation capable.  Bean:  Managed Bean [class security.view.admin.state.StateCreateView] with qualifiers [@Default @Any @Named]
	at org.jboss.weld.bean.ManagedBean.checkType(ManagedBean.java:216)
	at org.jboss.weld.bean.AbstractBean.initializeAfterBeanDiscovery(AbstractBean.java:108)
	at org.jboss.weld.bean.ManagedBean.initializeAfterBeanDiscovery(ManagedBean.java:122)
	at org.jboss.weld.bootstrap.ConcurrentBeanDeployer$AfterBeanDiscoveryInitializerFactory.doWork(ConcurrentBeanDeployer.java:111)
	at org.jboss.weld.bootstrap.ConcurrentBeanDeployer$AfterBeanDiscoveryInitializerFactory.doWork(ConcurrentBeanDeployer.java:102)
	at org.jboss.weld.executor.IterativeWorkerTaskFactory$1.call(IterativeWorkerTaskFactory.java:62)
	at org.jboss.weld.executor.IterativeWorkerTaskFactory$1.call(IterativeWorkerTaskFactory.java:55)
	at com.ibm.ws.threading.internal.PolicyTaskFutureImpl.run(PolicyTaskFutureImpl.java:724)
	at com.ibm.ws.threading.internal.PolicyExecutorImpl.runTask(PolicyExecutorImpl.java:1134)
	at com.ibm.ws.threading.internal.PolicyExecutorImpl$GlobalPoolTask.run(PolicyExecutorImpl.java:188)
	... 3 more

Dump of callerThis
Object type = com.ibm.ws.app.manager.war.internal.WARDeployedAppInfo
  CONTEXT_ROOT = "context-root"
  webModuleHandler = class com.ibm.ws.app.manager.web.internal.WebModuleHandlerImpl@566b50d8
    serialVersionUID = 4795602325763828210
    $$$tc$$$ = class com.ibm.websphere.ras.TraceComponent@5d25a2bc
      strings[0] = "TraceComponent[com.ibm.ws.app.manager.web.internal.WebModuleHandlerImpl,class com.ibm.ws.app.manager.web.internal.WebModuleHandlerImpl,[webcontainer, applications, app.manager],com.ibm.ws.app.manager.war.internal.resources.Messages,null]"
    futureMonitor = class com.ibm.ws.threading.internal.FutureMonitorImpl@1f6494e4
    metaDataService = class com.ibm.ws.container.service.metadata.internal.MetaDataServiceImpl@3b145469
    stateChangeService = class com.ibm.ws.container.service.state.internal.StateChangeServiceImpl@2552bae2
    moduleRuntimeContainer = class com.ibm.ws.webcontainer.osgi.WebContainer@b679e9b
      tc = class com.ibm.websphere.ras.TraceComponent@5b98bf80
      CLASS_NAME = "com.ibm.ws.webcontainer.osgi.WebContainer"
      initialized = true
      eventService = class com.ibm.ws.event.internal.EventEngineImpl@6cf28f85
      futureMonitor = class com.ibm.ws.threading.internal.FutureMonitorImpl@1f6494e4
      classLoadingSRRef = class com.ibm.wsspi.kernel.service.utils.AtomicServiceReference@8820758
      sessionHelperSRRef = class com.ibm.wsspi.kernel.service.utils.AtomicServiceReference@484662c7
      cacheManagerSRRef = class com.ibm.wsspi.kernel.service.utils.AtomicServiceReference@21113b76
      injectionEngineSRRef = class com.ibm.wsspi.kernel.service.utils.AtomicServiceReference@59671676
      managedObjectServiceSRRef = class com.ibm.wsspi.kernel.service.utils.AtomicServiceReference@41c772c5
      backgroundWebAppStartFutures = class com.ibm.ws.webcontainer.util.OneTimeUseArrayList@3a6c6060
      REFERENCE_WEB_MBEAN_RUNTIME = "webMBeanRuntime"
      webMBeanRuntimeServiceRef = class com.ibm.wsspi.kernel.service.utils.AtomicServiceReference@120e26d0
      servletContainerInitializers = class com.ibm.wsspi.kernel.service.utils.ConcurrentServiceReferenceSet@733b4641
      es = class com.ibm.ws.threading.internal.ExecutorServiceImpl@1fab8266
      locationServiceRef = class java.util.concurrent.atomic.AtomicReference@99043b9
      transferContextServiceRef = class com.ibm.wsspi.kernel.service.utils.ConcurrentServiceReferenceSet@50a65d8b
      encodingServiceRef = class java.util.concurrent.atomic.AtomicReference@337dd9e9
      instance = class java.util.concurrent.atomic.AtomicReference@1add9889
      vhostManager = class com.ibm.ws.webcontainer.osgi.DynamicVirtualHostManager@115b8de0
      metaDataService = class com.ibm.ws.container.service.metadata.internal.MetaDataServiceImpl@3b145469
      j2eeNameFactory = class com.ibm.ws.container.service.metadata.internal.J2EENameFactoryImpl@73f3d045
      context = class org.apache.felix.scr.impl.manager.ComponentContextImpl@2e9cfd43
      contextRoots = class java.util.Collections$SynchronizedSet@58f321c9
      pendingContextRoots = class java.util.HashMap@158a83ba
      deployedModuleMap = class java.util.concurrent.ConcurrentHashMap@781618b6
      connContextPool = class com.ibm.ws.webcontainer40.osgi.srt.factory.SRTConnectionContextPool40Impl@31298412
      DEFAULT_PORT = "*"
      DEFAULT_VHOST_NAME = "default_host"
      cachedServerInfo = "IBM WebSphere Liberty/19.0.0.3"
      lock = class com.ibm.ws.webcontainer.osgi.WebContainer$1@70951697
      webAppFactory = class com.ibm.ws.webcontainer40.osgi.webapp.factory.WebAppFactory40Impl@31c3dc6c
      requestFactory = class com.ibm.ws.webcontainer40.osgi.response.factory.IRequestResponseFactory40Impl@79d8b14a
      responseFactory = class com.ibm.ws.webcontainer40.osgi.response.factory.IRequestResponseFactory40Impl@79d8b14a
      asyncContextFactory = class com.ibm.ws.webcontainer40.async.factory.AsyncContextFactory40Impl@4aca377
      DEFAULT_MAX_VERSION = 30
      versionRef = class org.eclipse.osgi.internal.serviceregistry.ServiceReferenceImpl@5c552cdb
      serverStopping = class com.ibm.ws.staticvalue.StaticValue$FinalSingleton@73daab81
      modulesStarting = 0
      uriMatcherFactory = class com.ibm.wsspi.webcontainer40.util.factory.URIMatcherFactory40Impl@4f341651
      SPEC_LEVEL_UNLOADED = -1
      SPEC_LEVEL_30 = 30
      SPEC_LEVEL_31 = 31
      SPEC_LEVEL_40 = 40
      DEFAULT_SPEC_LEVEL = 30
      loadedContainerSpecLevel = 40
      ISO = "ISO-8859-1"
      encoding = "UTF-8"
      decode = true
      wcconfig = class com.ibm.ws.webcontainer.osgi.WebContainerConfiguration@5ba47128
      applicationListeners = class java.util.ArrayList@7d844f7e
      servletListeners = class java.util.ArrayList@126d5801
      servletErrorListeners = class java.util.ArrayList@292addec
      servletInvocationListeners = class java.util.ArrayList@51ffd4d0
      filterInvocationListeners = class java.util.ArrayList@e5f9e2e
      filterErrorListeners = class java.util.ArrayList@768a62b4
      filterListeners = class java.util.ArrayList@9b01434
      servletRequestListeners = class java.util.ArrayList@26460886
      servletRequestAttributeListeners = class java.util.ArrayList@541a4c8e
      servletContextListeners = class java.util.ArrayList@71a00b7b
      servletContextAttributeListeners = class java.util.ArrayList@78b8b0cf
      sessionListeners = class java.util.ArrayList@6eac9566
      sessionIdListeners = class java.util.ArrayList@68d4ca01
      sessionAttributeListeners = class java.util.ArrayList@19deffb3
      DEFAULT_HOST = "default_host"
      _initialized = true
      logger = class com.ibm.ws.logging.internal.WsLogger@24dd0a8f
      CLASS_NAME = "com.ibm.ws.webcontainer.internal.WebContainer"
      nls = class com.ibm.ejs.ras.TraceNLS@2e50acd7
      self = class java.util.concurrent.atomic.AtomicReference@609affde
      _cipherToBit = class java.util.HashMap@e57a719
      cacheKeyStringBuilder = class com.ibm.ws.util.WSThreadLocal@42125d2e
      listenersInitialized = true
      webConProperties = class java.util.Properties@690f67af
      sessionRegistry = null
      isStopped = false
      readWriteLockForStopping = class java.util.concurrent.locks.ReentrantReadWriteLock@5e5c115f
      urlPrefix = ";jsessionid="
      extensionFactories = class java.util.ArrayList@6d800ae2
      postInitExtensionFactories = null
      httpResponseListeners = class java.util.ArrayList@3d2bd151
      servletContainerInitializers = class java.util.ServiceLoader@2f8bfb44
      auditManager = class com.ibm.websphere.security.audit.context.AuditManager@1163d103
      invocationCacheSize = 500
      decodePlusSign = true
      _cacheMap = class java.util.concurrent.ConcurrentHashMap@7cd90ed7
      _cacheSize = class java.util.concurrent.atomic.AtomicInteger@1f1be944
      vHostCompatFlag = false
      platformHelper = class com.ibm.ws.webcontainer.PlatformHelper@6fba7038
      isDefaultTempDir = true
      tempDir = null
      servletCachingInitNeeded = true
      appInstallBegun = true
      cacheServletWrapperFactory = class com.ibm.ws.webcontainer40.servlet.factory.CacheServletWrapperFactory40Impl@60de5f05
      commands = class java.util.ArrayList@54455a7f
      requestMapper = class com.ibm.ws.webcontainer.util.VirtualHostContextRootMapper@1454d87a
      parent = null
      name = "Was.webcontainer"
      isAlive = true
      subElements = class java.util.HashMap@28d34178
      attributes = null
      config = null
      serialVersionUID = -8271459000149267764
      $$$tc$$$ = class com.ibm.websphere.ras.TraceComponent@3fa2d7b3
    firstFailure = null
    serialVersionUID = -4563697739413190872
    $$$tc$$$ = class com.ibm.websphere.ras.TraceComponent@6094c287
      strings[0] = "TraceComponent[com.ibm.ws.app.manager.module.internal.ModuleHandlerBase,class com.ibm.ws.app.manager.module.internal.ModuleHandlerBase,[applications, app.manager],,null]"
  webContainerModuleInfo = class com.ibm.ws.app.manager.module.internal.SimpleDeployedAppInfoBase$WebModuleContainerInfo@35957faa
    contextRoot = null
    defaultContextRoot = "security"
    serialVersionUID = -8158961796913348204
    $$$tc$$$ = class com.ibm.websphere.ras.TraceComponent@62d38136
      strings[0] = "TraceComponent[com.ibm.ws.app.manager.module.internal.SimpleDeployedAppInfoBase$WebModuleContainerInfo,class com.ibm.ws.app.manager.module.internal.SimpleDeployedAppInfoBase$WebModuleContainerInfo,[applications, app.manager],,null]"
    moduleHandler = class com.ibm.ws.app.manager.web.internal.WebModuleHandlerImpl@566b50d8
    moduleMetaDataExtenders = class java.util.concurrent.CopyOnWriteArrayList@577c21c
      serialVersionUID = 8673264195747942595
      lock = class java.lang.Object@571b11a
      array = class java.lang.Object[3]
    nestedModuleMetaDataFactories = class java.util.concurrent.CopyOnWriteArrayList@638f655e
      serialVersionUID = 8673264195747942595
      lock = class java.lang.Object@3b321d48
      array = class java.lang.Object[1]
    nestedModules = null
    moduleName = "security"
    moduleDD = class com.ibm.ws.javaee.ddmodel.web.common.WebAppType@66e36468
      version = class com.ibm.ws.javaee.ddmodel.TokenType@14bd6d1f
      metadata_complete = null
      module_name = null
      absolute_ordering = null
      serialVersionUID = 4092807504738198665
      $$$tc$$$ = class com.ibm.websphere.ras.TraceComponent@47e0a1d7
      description = null
      display_name = null
      icon = null
      distributable = null
      context_param = class com.ibm.ws.javaee.ddmodel.common.ParamValueType$ListType@2035dd45
      filter = null
      filter_mapping = null
      listener = null
      servlet = class com.ibm.ws.javaee.ddmodel.web.common.ServletType$ListType@2446cf68
      servlet_mapping = class com.ibm.ws.javaee.ddmodel.web.common.ServletMappingType$ListType@4908749f
      session_config = class com.ibm.ws.javaee.ddmodel.web.common.SessionConfigType@36a23d34
      mime_mapping = class com.ibm.ws.javaee.ddmodel.web.common.MimeMappingType$ListType@38f31150
      welcome_file_list = class com.ibm.ws.javaee.ddmodel.web.common.WelcomeFileListType@2a5cb4a9
      error_page = class com.ibm.ws.javaee.ddmodel.web.common.ErrorPageType$ListType@20fa91f1
      jsp_config = null
      security_constraint = null
      deny_uncovered_http_methods = null
      login_config = null
      security_role = null
      message_destination = null
      locale_encoding_mapping_list = null
      default_context_path = null
      request_encoding = null
      response_encoding = null
      servletNameToServletMap = null
      filterNameToFilterMap = null
      ejbRefNameToEJBLocalRefMap = null
      ejbRefNameToEJBRefMap = null
      resourceEnvRefNameToResourceEnvRefMap = null
      messageDestinationRefNameToMessageDestinationRefMap = null
      resRefNameToResourceRefMap = null
      envEntryNameToEnvEntryMap = null
      roleNameToSecurityRoleMap = null
      roleLinkToSecurityRoleRefMap = null
      handlerNameToHandlerMap = null
      path = "WEB-INF/web.xml"
      idMap = class com.ibm.ws.javaee.ddmodel.DDParser$ComponentIDMap@7964347
      serialVersionUID = 5321339975883512588
      $$$tc$$$ = class com.ibm.websphere.ras.TraceComponent@221134aa
      post_construct = null
      pre_destroy = null
      serialVersionUID = 1102064201943992836
      $$$tc$$$ = class com.ibm.websphere.ras.TraceComponent@fbd452a
      env_entry = null
      ejb_ref = null
      ejb_local_ref = null
      resource_ref = null
      resource_env_ref = null
      message_destination_ref = null
      persistence_context_ref = null
      persistence_unit_ref = null
      data_source = null
      jms_connection_factory = null
      jms_destination = null
      mail_session = null
      connection_factory = null
      administered_object = null
      serialVersionUID = 8931982405528922228
      $$$tc$$$ = class com.ibm.websphere.ras.TraceComponent@3637efd5
      service_ref = null
      serialVersionUID = -6199862059825607270
      $$$tc$$$ = class com.ibm.websphere.ras.TraceComponent@4c4eafa6
      nilled = false
      serialVersionUID = -2826386306561723362
      $$$tc$$$ = class com.ibm.websphere.ras.TraceComponent@2445c110
    moduleInfo = class com.ibm.ws.app.manager.module.internal.WebModuleInfoImpl@6143ccdc
      contextRoot = "/security"
      isDefaultContextRootUsed = true
      serialVersionUID = -1540279394520440503
      $$$tc$$$ = class com.ibm.websphere.ras.TraceComponent@18e0231a
      tc = class com.ibm.websphere.ras.TraceComponent@4b0c4ba
      appInfo = class com.ibm.ws.container.service.app.deploy.internal.ApplicationInfoImpl@4afc9bc0
      moduleName = "security"
      path = "security.war"
      moduleContainer = class com.ibm.ws.adaptable.module.internal.AdaptableContainerImpl@3f14adf1
      altDDEntry = null
      moduleClassesContainers = class java.util.ArrayList@440e0653
      classLoaderFactory = class com.ibm.ws.app.manager.war.internal.WARDeployedAppInfo@294245de
      containerInfoType = class com.ibm.ws.container.service.app.deploy.ContainerInfo$Type@2faafd49
      classLoader = class com.ibm.ws.classloading.internal.AppClassLoader@6929d41e
      moduleMetaData = class com.ibm.ws.webcontainer.osgi.metadata.WebModuleMetaDataImpl@27cfab74
      nestedModuleMetaDataTypes = class java.util.ArrayList@68f9aad8
      nestedModuleMetaDataValues = class java.util.ArrayList@1c78db2f
      serialVersionUID = 3986734351620206554
    serialVersionUID = 8693907776607441911
    $$$tc$$$ = class com.ibm.websphere.ras.TraceComponent@414cae8
      strings[0] = "TraceComponent[com.ibm.ws.app.manager.module.internal.SimpleDeployedAppInfoBase$ModuleContainerInfoBase,class com.ibm.ws.app.manager.module.internal.SimpleDeployedAppInfoBase$ModuleContainerInfoBase,[applications, app.manager],,null]"
    type = class com.ibm.ws.container.service.app.deploy.ContainerInfo$Type@2faafd49
      MANIFEST_CLASSPATH = class com.ibm.ws.container.service.app.deploy.ContainerInfo$Type@6c992a61
      WEB_INF_CLASSES = class com.ibm.ws.container.service.app.deploy.ContainerInfo$Type@6f5316ae
      WEB_INF_LIB = class com.ibm.ws.container.service.app.deploy.ContainerInfo$Type@5b349d81
      EAR_LIB = class com.ibm.ws.container.service.app.deploy.ContainerInfo$Type@2e4ee399
      WEB_MODULE = class com.ibm.ws.container.service.app.deploy.ContainerInfo$Type@2faafd49
      EJB_MODULE = class com.ibm.ws.container.service.app.deploy.ContainerInfo$Type@b211e13
      CLIENT_MODULE = class com.ibm.ws.container.service.app.deploy.ContainerInfo$Type@7cb09fbf
      RAR_MODULE = class com.ibm.ws.container.service.app.deploy.ContainerInfo$Type@317dd3d
      JAR_MODULE = class com.ibm.ws.container.service.app.deploy.ContainerInfo$Type@5a9ca4ed
      SHARED_LIB = class com.ibm.ws.container.service.app.deploy.ContainerInfo$Type@594ee82b
      $VALUES = class com.ibm.ws.container.service.app.deploy.ContainerInfo$Type[10]
      $$$tc$$$ = class com.ibm.websphere.ras.TraceComponent@611edaf
      name = "WEB_MODULE"
      ordinal = 4
    name = "security.war"
    container = class com.ibm.ws.adaptable.module.internal.AdaptableContainerImpl@3f14adf1
    altDDEntry = null
    classesContainerInfo = class java.util.ArrayList@440e0653
      serialVersionUID = 8683452581122892189
      DEFAULT_CAPACITY = 10
      EMPTY_ELEMENTDATA = class java.lang.Object[0]
      DEFAULTCAPACITY_EMPTY_ELEMENTDATA = class java.lang.Object[0]
      elementData = class java.lang.Object[10]
      size = 9
      MAX_ARRAY_SIZE = 2147483639
      modCount = 10
      MAX_ARRAY_SIZE = 2147483639
    serialVersionUID = 7427332431485745589
    $$$tc$$$ = class com.ibm.websphere.ras.TraceComponent@368870a7
      strings[0] = "TraceComponent[com.ibm.ws.app.manager.module.internal.SimpleDeployedAppInfoBase$ExtendedContainerInfo,class com.ibm.ws.app.manager.module.internal.SimpleDeployedAppInfoBase$ExtendedContainerInfo,[applications, app.manager],,null]"
  DYNAMIC_IMPORT_PACKAGE_LIST = class java.util.Collections$UnmodifiableRandomAccessList@2e681023
    serialVersionUID = -2542308836966382001
    serialVersionUID = -283967356065247728
    list = class java.util.Arrays$ArrayList@db26ebf
      serialVersionUID = -2764017481108945198
      a = class java.lang.String[1]
      modCount = 0
      MAX_ARRAY_SIZE = 2147483639
    serialVersionUID = 1820017752578914078
    c = class java.util.Arrays$ArrayList@db26ebf
  serialVersionUID = -6153587016903242961
  $$$tc$$$ = class com.ibm.websphere.ras.TraceComponent@463aad7a
    strings[0] = "TraceComponent[com.ibm.ws.app.manager.war.internal.WARDeployedAppInfo,class com.ibm.ws.app.manager.war.internal.WARDeployedAppInfo,[webcontainer, applications, app.manager],com.ibm.ws.app.manager.war.internal.resources.Messages,null]"
  _tc = class com.ibm.websphere.ras.TraceComponent@4347a344
    strings[0] = "TraceComponent[com.ibm.ws.app.manager.module.internal.DeployedAppInfoBase,class com.ibm.ws.app.manager.module.internal.DeployedAppInfoBase,[app.manager],com.ibm.ws.app.manager.module.internal.resources.Messages,null]"
  PERMISSION_XML = "permissions.xml"
  applicationInformation = class com.ibm.ws.app.manager.internal.ApplicationInstallInfo@5263e96a
    _config = class com.ibm.ws.app.manager.internal.ApplicationConfig@31204fe
      tc = class com.ibm.websphere.ras.TraceComponent@353fc7cf
      _configPid = "com.ibm.ws.app.manager_49"
      _config = class com.ibm.ws.config.admin.ConfigurationDictionary@47f797f
      _applicationManager = class com.ibm.ws.app.manager.ApplicationManager@17e044e4
      _location = "security.war"
      _type = "war"
      _name = "security"
      _notificationBroadcasterSupport = class javax.management.NotificationBroadcasterSupport@1ff684cd
      ONE_TIME_JANDEX_MSGS_DISPLAYED = true
    _handlerInfo = class java.util.concurrent.atomic.AtomicReference@d47083f
      serialVersionUID = -1848883965231344442
      VALUE = class java.lang.invoke.VarHandleReferences$FieldInstanceReadWrite@78608798
      value = class com.ibm.ws.app.manager.war.internal.WARDeployedAppInfo@294245de
    _container = class java.util.concurrent.atomic.AtomicReference@75b32ede
      serialVersionUID = -1848883965231344442
      VALUE = class java.lang.invoke.VarHandleReferences$FieldInstanceReadWrite@78608798
      value = class com.ibm.ws.adaptable.module.internal.AdaptableContainerImpl@3f14adf1
    _resolvedLocation = class java.util.concurrent.atomic.AtomicReference@6c8cec19
      serialVersionUID = -1848883965231344442
      VALUE = class java.lang.invoke.VarHandleReferences$FieldInstanceReadWrite@78608798
      value = class com.ibm.ws.kernel.service.location.internal.LocalFileResource@4e785d85
    _handler = class com.ibm.ws.app.manager.war.internal.WARApplicationHandlerImpl@97796fa
      futureMonitor = class com.ibm.ws.threading.internal.FutureMonitorImpl@1f6494e4
      deployedAppFactory = class com.ibm.ws.app.manager.war.internal.WARDeployedAppInfoFactoryImpl@5e66a21c
      serialVersionUID = 4622845147410944782
      $$$tc$$$ = class com.ibm.websphere.ras.TraceComponent@10caad19
    _ami = class java.util.concurrent.atomic.AtomicReference@65502a06
      serialVersionUID = -1848883965231344442
      VALUE = class java.lang.invoke.VarHandleReferences$FieldInstanceReadWrite@78608798
      value = class com.ibm.wsspi.application.handler.DefaultApplicationMonitoringInformation@1a2676ec
    _updateHandler = class com.ibm.ws.app.manager.internal.statemachine.ApplicationStateMachineImpl@160bf06c
      _tc = class com.ibm.websphere.ras.TraceComponent@791480a7
      EMPTY_FUTURE_ARRAY = interface java.util.concurrent.Future[0]
      asmSequenceNumber = class java.util.concurrent.atomic.AtomicLong@1dd0262c
      _qscaCounter = class java.util.concurrent.atomic.AtomicInteger@30e1b188
      _failedThrowable = class com.ibm.ws.container.service.state.StateChangeException@37ad1ecb
      _interruptibleLock = class com.ibm.ws.app.manager.internal.statemachine.ApplicationStateMachineImpl$2@6ce41e60
      _interruptible = false
      _performingQueuedActions = true
      _queuedActions = class java.util.concurrent.ConcurrentLinkedQueue@26545e72
      _callbackState = class java.util.concurrent.atomic.AtomicReference@3aa9fdd2
      blockAppStartingFutures = class java.util.Collections$SetFromMap@77966fe
      waitingForAppHandlerFuture = class java.util.concurrent.atomic.AtomicReference@4ba27f6f
      waitingForExplicitStartFuture = class java.util.concurrent.atomic.AtomicReference@4f811fa7
      completionListener = class java.util.concurrent.atomic.AtomicReference@3ab32ce8
      _notifyAppStopped = class java.util.concurrent.ConcurrentLinkedQueue@76b1e3d6
      _notifyAppStarting = class java.util.concurrent.ConcurrentLinkedQueue@2eb0a368
      _notifyAppInstallCalled = class java.util.concurrent.ConcurrentLinkedQueue@690bed3e
      _notifyAppStarted = class java.util.concurrent.ConcurrentLinkedQueue@4afc589b
      _notifyAppRemoved = class java.util.concurrent.ConcurrentLinkedQueue@332aad41
      _stateLock = class com.ibm.ws.app.manager.internal.statemachine.ApplicationStateMachineImpl$3@18aae3af
      _internalState = class java.util.concurrent.atomic.AtomicReference@2efe9f99
      _currentAction = class java.util.concurrent.atomic.AtomicReference@66e225d
      _rfa = class java.util.concurrent.atomic.AtomicReference@6048d774
      _appInstallInfo = class java.util.concurrent.atomic.AtomicReference@2fb0e749
      _update = class java.util.concurrent.atomic.AtomicBoolean@7568a771
      _appConfig = class java.util.concurrent.atomic.AtomicReference@2e31f4b
      _nextAppConfig = class java.util.concurrent.atomic.AtomicReference@24b68b14
      _appContainer = class java.util.concurrent.atomic.AtomicReference@c14aa64
      _resolvedLocation = class java.util.concurrent.atomic.AtomicReference@3c77d7b8
      _handler = class java.util.concurrent.atomic.AtomicReference@26f48e3a
      _asmSeqNo = 0
      _ctx = class org.eclipse.osgi.internal.framework.BundleContextImpl@4ab0480f
      _locAdmin = class com.ibm.ws.kernel.service.location.internal.WsLocationAdminImpl@368a5fdb
      _futureMonitor = class com.ibm.ws.threading.internal.FutureMonitorImpl@1f6494e4
      _artifactFactory = class com.ibm.ws.artifact.internal.ArtifactContainerFactoryService@1d2c5aa7
      _moduleFactory = class com.ibm.ws.adaptable.module.internal.AdaptableModuleFactoryImpl@339a9472
      _executorService = class com.ibm.ws.threading.internal.ExecutorServiceImpl@1fab8266
      _scheduledExecutorService = class com.ibm.ws.threading.internal.ScheduledExecutorImpl@7bbb72cf
      _asmHelper = class com.ibm.ws.app.manager.internal.ApplicationConfigurator$NamedApplication@4135d6fc
      _appMonitor = class com.ibm.ws.app.manager.internal.monitor.ApplicationMonitor@40c30ae8
      enterStateCalled = class java.util.concurrent.atomic.AtomicBoolean@3f458935
      serialVersionUID = 6511956370079301927
      serialVersionUID = 5501066335104962649
      $$$tc$$$ = class com.ibm.websphere.ras.TraceComponent@78108da2
    serialVersionUID = 2630639237123415755
    $$$tc$$$ = class com.ibm.websphere.ras.TraceComponent@6ba8e1fd
      strings[0] = "TraceComponent[com.ibm.ws.app.manager.internal.ApplicationInstallInfo,class com.ibm.ws.app.manager.internal.ApplicationInstallInfo,[applications, app.manager],com.ibm.ws.app.manager.internal.resources.AppManagerMessages,null]"
  location = "D:\devel\tools\wlp\usr\servers\defaultServer\apps\security.war.xml"
  classLoadingService = class com.ibm.ws.classloading.internal.ClassLoadingServiceImpl@2085d7d9
    tc = class com.ibm.websphere.ras.TraceComponent@76d7ec32
      strings[0] = "TraceComponent[com.ibm.ws.classloading.internal.ClassLoadingServiceImpl,class com.ibm.ws.classloading.internal.ClassLoadingServiceImpl,[ClassLoadingService],com.ibm.ws.classloading.internal.resources.ClassLoadingServiceMessages,null]"
    leakDetectionMap = class java.util.HashMap@15c7df6e
      serialVersionUID = 362498820763181265
      DEFAULT_INITIAL_CAPACITY = 16
      MAXIMUM_CAPACITY = 1073741824
      DEFAULT_LOAD_FACTOR = 0.75
      TREEIFY_THRESHOLD = 8
      UNTREEIFY_THRESHOLD = 6
      MIN_TREEIFY_CAPACITY = 64
      table = null
      entrySet = null
      size = 0
      modCount = 0
      threshold = 0
      loadFactor = 0.75
      keySet = null
      values = null
    TCCL_LOCK_WAIT = 15000
    REFERENCE_GENERATORS = "generators"
    bundleContext = class org.eclipse.osgi.internal.framework.BundleContextImpl@60fab31d
      findHookName = "org.osgi.framework.hooks.bundle.FindHook"
      valid = true
      bundle = class org.eclipse.osgi.internal.framework.EquinoxBundle@7b813e48
      container = class org.eclipse.osgi.internal.framework.EquinoxContainer@294ef909
      debug = class org.eclipse.osgi.internal.debug.Debug@12789f51
      servicesInUse = class java.util.HashMap@d9dd9a7
      activator = null
      contextLock = class java.lang.Object@7257e4c7
    aclStore = class com.ibm.ws.classloading.internal.util.CanonicalStore@22e3080b
      map = class java.util.concurrent.ConcurrentHashMap@2e048b1e
      q = class com.ibm.ws.classloading.internal.util.RefQueue@6eea9a2f
      serialVersionUID = 6715157558227169968
      $$$tc$$$ = class com.ibm.websphere.ras.TraceComponent@56f21a5d
    tcclStore = class com.ibm.ws.classloading.internal.util.CanonicalStore@54ce30a9
      map = class java.util.concurrent.ConcurrentHashMap@35773da7
      q = class com.ibm.ws.classloading.internal.util.RefQueue@93d7991
      serialVersionUID = 6715157558227169968
      $$$tc$$$ = class com.ibm.websphere.ras.TraceComponent@56f21a5d
    tcclStoreLock = class java.util.concurrent.locks.ReentrantLock@64664f40
      serialVersionUID = 7373984872572414699
      sync = class java.util.concurrent.locks.ReentrantLock$NonfairSync@1dc5bb4c
    digraph = class org.eclipse.equinox.internal.region.StandardRegionDigraph@4f71d00d
      EMPTY_EDGE_SET = class java.util.Collections$UnmodifiableSet@1e71f99f
      monitor = class java.lang.Object@77f31ff
      regions = class java.util.HashMap@36713807
      bundleIdToRegionMapping = class org.eclipse.equinox.internal.region.StandardBundleIdToRegionMapping@62f711b7
      edges = class java.util.HashMap@73dba177
      bundleContext = class org.eclipse.osgi.internal.framework.BundleContextImpl@4fcc529
      threadLocal = class java.lang.ThreadLocal@dd5863a
      subgraphTraverser = class org.eclipse.equinox.internal.region.SubgraphTraverser@325b3687
      bundleCollisionHook = class org.eclipse.equinox.internal.region.hook.RegionBundleCollisionHook@68fbe3d2
      bundleEventHook = class org.eclipse.equinox.internal.region.hook.RegionBundleEventHook@460537a3
      bundleFindHook = class org.eclipse.equinox.internal.region.hook.RegionBundleFindHook@67409d0f
      serviceEventHook = class org.eclipse.equinox.internal.region.hook.RegionServiceEventHook@c44706e
      serviceFindHook = class org.eclipse.equinox.internal.region.hook.RegionServiceFindHook@3b96f747
      resolverHookFactory = class org.eclipse.equinox.internal.region.hook.RegionResolverHookFactory@54c177b9
      origin = null
      originUpdateCount = -1
      updateCount = class java.util.concurrent.atomic.AtomicLong@370a30cb
      defaultRegion = null
    redefiner = class com.ibm.ws.classloading.internal.util.ClassRedefiner@75682ab8
      tc = class com.ibm.websphere.ras.TraceComponent@94267b2
      LS = "
"
      inst = class com.ibm.ws.kernel.launch.internal.TraceInstrumentation@474b9ff9
      serialVersionUID = 2420101865139508526
    listener = class com.ibm.ws.classloading.internal.ClassLoadingServiceImpl$1@500607c4
      this$0 = class com.ibm.ws.classloading.internal.ClassLoadingServiceImpl@2085d7d9
      serialVersionUID = -9159707349812113172
      $$$tc$$$ = class com.ibm.websphere.ras.TraceComponent@e1255fd
    classloaders = class java.util.Collections$SynchronizedMap@64c4ecb
      serialVersionUID = 1978198479659022715
      m = class java.util.HashMap@471aa551
      mutex = class java.util.Collections$SynchronizedMap@64c4ecb
      keySet = null
      entrySet = null
      values = null
    resourceProviders = class com.ibm.ws.classloading.internal.CompositeResourceProvider@477c17b7
      lockFactory = class java.util.concurrent.locks.ReentrantReadWriteLock@2d33d9e3
      providerMap = class com.ibm.ws.classloading.internal.util.MultiMap@263e96d3
      serialVersionUID = -5576435894946156347
      $$$tc$$$ = class com.ibm.websphere.ras.TraceComponent@6364568
    rememberedBundles = class java.util.concurrent.ConcurrentHashMap@73f5c80a
      serialVersionUID = 7249069246763182397
      MAXIMUM_CAPACITY = 1073741824
      DEFAULT_CAPACITY = 16
      MAX_ARRAY_SIZE = 2147483639
      DEFAULT_CONCURRENCY_LEVEL = 16
      LOAD_FACTOR = 0.75
      TREEIFY_THRESHOLD = 8
      UNTREEIFY_THRESHOLD = 6
      MIN_TREEIFY_CAPACITY = 64
      MIN_TRANSFER_STRIDE = 16
      RESIZE_STAMP_BITS = 16
      MAX_RESIZERS = 65535
      RESIZE_STAMP_SHIFT = 16
      MOVED = -1
      TREEBIN = -2
      RESERVED = -3
      HASH_BITS = 2147483647
      NCPU = 4
      serialPersistentFields = class java.io.ObjectStreamField[3]
      table = class java.util.concurrent.ConcurrentHashMap$Node[16]
      nextTable = null
      baseCount = 1
      sizeCtl = 12
      transferIndex = 0
      cellsBusy = 0
      counterCells = null
      keySet = null
      values = null
      entrySet = null
      U = class jdk.internal.misc.Unsafe@343fb8eb
      SIZECTL = 20
      TRANSFERINDEX = 32
      BASECOUNT = 24
      CELLSBUSY = 36
      CELLVALUE = 144
      ABASE = 16
      ASHIFT = 2
      keySet = null
      values = null
    collectedBundles = class java.lang.ref.ReferenceQueue@132dc997
      NULL = class java.lang.ref.ReferenceQueue$Null@725bbf41
      ENQUEUED = class java.lang.ref.ReferenceQueue$Null@3e029d81
      lock = class java.lang.ref.ReferenceQueue$Lock@70f740f8
      head = null
      queueLength = 0
      $assertionsDisabled = true
    generatorRefs = class com.ibm.wsspi.kernel.service.utils.ConcurrentServiceReferenceSet@77f3e72f
      referenceName = "generators"
      contextRef = class java.util.concurrent.atomic.AtomicReference@41885824
      elementMap = class java.util.LinkedHashMap@6a7bc500
      elementSet = class java.util.concurrent.ConcurrentSkipListSet@b5fca14
      elementSetUnsorted = false
      serialVersionUID = 756240983881166148
      $$$tc$$$ = class com.ibm.websphere.ras.TraceComponent@1df4b608
    generatorManager = class com.ibm.ws.classloading.internal.ClassGeneratorManager@509597c9
      tc = class com.ibm.websphere.ras.TraceComponent@180fd52a
      generatorRefs = class com.ibm.wsspi.kernel.service.utils.ConcurrentServiceReferenceSet@77f3e72f
      serialVersionUID = 4152663586056483310
    appExtLibs = class java.util.concurrent.CopyOnWriteArrayList@d7db049
      serialVersionUID = 8673264195747942595
      lock = class java.lang.Object@49de4ef1
      array = class java.lang.Object[0]
    globalConfig = class com.ibm.ws.classloading.configuration.GlobalClassloadingConfiguration@7061a100
      properties = class org.apache.felix.scr.impl.helper.ReadOnlyDictionary@cb1c59
      serialVersionUID = 452562347104713756
      $$$tc$$$ = class com.ibm.websphere.ras.TraceComponent@3dac2bec
    metaInfServicesProviders = class java.util.concurrent.ConcurrentHashMap@18c3fabc
      serialVersionUID = 7249069246763182397
      MAXIMUM_CAPACITY = 1073741824
      DEFAULT_CAPACITY = 16
      MAX_ARRAY_SIZE = 2147483639
      DEFAULT_CONCURRENCY_LEVEL = 16
      LOAD_FACTOR = 0.75
      TREEIFY_THRESHOLD = 8
      UNTREEIFY_THRESHOLD = 6
      MIN_TREEIFY_CAPACITY = 64
      MIN_TRANSFER_STRIDE = 16
      RESIZE_STAMP_BITS = 16
      MAX_RESIZERS = 65535
      RESIZE_STAMP_SHIFT = 16
      MOVED = -1
      TREEBIN = -2
      RESERVED = -3
      HASH_BITS = 2147483647
      NCPU = 4
      serialPersistentFields = class java.io.ObjectStreamField[3]
      table = null
      nextTable = null
      baseCount = 0
      sizeCtl = 0
      transferIndex = 0
      cellsBusy = 0
      counterCells = null
      keySet = null
      values = null
      entrySet = null
      U = class jdk.internal.misc.Unsafe@343fb8eb
      SIZECTL = 20
      TRANSFERINDEX = 32
      BASECOUNT = 24
      CELLSBUSY = 36
      CELLVALUE = 144
      ABASE = 16
      ASHIFT = 2
      keySet = null
      values = null
    metaInfServicesRefs = class com.ibm.wsspi.kernel.service.utils.ConcurrentServiceReferenceMap@64140db2
      referenceName = "MetaInfServicesProvider"
      context = class org.apache.felix.scr.impl.manager.ComponentContextImpl@63b5a1d8
      elementMap = class java.util.concurrent.ConcurrentHashMap@6079be32
      serialVersionUID = 6980924785166233786
      $$$tc$$$ = class com.ibm.websphere.ras.TraceComponent@4f359512
    protectionDomainMap = class java.util.HashMap@40b1681
      serialVersionUID = 362498820763181265
      DEFAULT_INITIAL_CAPACITY = 16
      MAXIMUM_CAPACITY = 1073741824
      DEFAULT_LOAD_FACTOR = 0.75
      TREEIFY_THRESHOLD = 8
      UNTREEIFY_THRESHOLD = 6
      MIN_TREEIFY_CAPACITY = 64
      table = null
      entrySet = null
      size = 0
      modCount = 0
      threshold = 0
      loadFactor = 0.75
      keySet = null
      values = null
    metadataIdentifierService = class com.ibm.ws.container.service.metadata.internal.MetaDataServiceImpl@3b145469
    globalSharedLibrary = class java.util.concurrent.atomic.AtomicReference@791fdea1
      serialVersionUID = -1848883965231344442
      VALUE = class java.lang.invoke.VarHandleReferences$FieldInstanceReadWrite@78608798
      value = null
    serialVersionUID = -2277344858934055980
  globalSharedLibrary = class com.ibm.ws.library.internal.SharedLibraryImpl@779d5a23
    tc = class com.ibm.websphere.ras.TraceComponent@3f6d5522
      strings[0] = "TraceComponent[com.ibm.ws.library.internal.SharedLibraryImpl,class com.ibm.ws.library.internal.SharedLibraryImpl,[SharedLibrary],com.ibm.ws.classloading.internal.resources.ClassLoadingServiceMessages,null]"
    EMPTY_LIBRARY_LISTENERS = interface com.ibm.wsspi.library.LibraryChangeListener[0]
    deleted = false
    libraryListenersTracker = class org.osgi.util.tracker.ServiceTracker@586ea68d
      DEBUG = false
      context = class org.eclipse.osgi.internal.framework.BundleContextImpl@60fab31d
      filter = class org.eclipse.osgi.internal.framework.FilterImpl@1cb816ed
      customizer = class org.osgi.util.tracker.ServiceTracker@586ea68d
      listenerFilter = "(&(objectClass=com.ibm.wsspi.library.LibraryChangeListener)(|(library=global)(libraryRef=*com.ibm.ws.classloading.sharedlibrary_34*)))"
      trackClass = null
      trackReference = null
      tracked = class org.osgi.util.tracker.ServiceTracker$Tracked@233c725b
      cachedReference = null
      cachedService = null
    libraryReg = class org.eclipse.osgi.internal.serviceregistry.ServiceRegistrationImpl@5117b232
      registry = class org.eclipse.osgi.internal.serviceregistry.ServiceRegistry@3b0cf444
      context = class org.eclipse.osgi.internal.framework.BundleContextImpl@60fab31d
      bundle = class org.eclipse.osgi.internal.framework.EquinoxBundle@7b813e48
      clazzes = class java.lang.String[1]
      service = class com.ibm.ws.library.internal.SharedLibraryImpl@779d5a23
      reference = class org.eclipse.osgi.internal.serviceregistry.ServiceReferenceImpl@239860d
      contextsUsing = class java.util.ArrayList@c660e4c
      properties = class java.util.Collections$UnmodifiableMap@50947550
      serviceid = 308
      serviceranking = 1
      registrationLock = class java.lang.Object@530256cf
      state = 0
      REGISTERED = 0
      UNREGISTERING = 1
      UNREGISTERED = 2
      FRAMEWORK_SET_SERVICE_PROPERTIES_COUNT = 4
      $assertionsDisabled = true
    ctx = class org.eclipse.osgi.internal.framework.BundleContextImpl@60fab31d
    classLoadingService = class com.ibm.ws.classloading.internal.ClassLoadingServiceImpl@2085d7d9
    configAdmin = class com.ibm.ws.config.admin.internal.ConfigurationAdminImpl@3034e7be
      tc = class com.ibm.websphere.ras.TraceComponent@78becb4e
      bundle = class org.eclipse.osgi.internal.framework.EquinoxBundle@7b813e48
      caFactory = class com.ibm.ws.config.admin.internal.ConfigAdminServiceFactory@6b23bf09
      serialVersionUID = -2875522750804142523
    resolvedBasePath = "D:/devel/tools/wlp/usr/servers/defaultServer/"
    generationLock = class com.ibm.ws.library.internal.SharedLibraryImpl$1@28267a2a
      this$0 = class com.ibm.ws.library.internal.SharedLibraryImpl@779d5a23
      serialVersionUID = 2483639803450672373
      $$$tc$$$ = class com.ibm.websphere.ras.TraceComponent@64639937
    currentGeneration = class com.ibm.ws.library.internal.LibraryGeneration@1bc4e207
      tc = class com.ibm.websphere.ras.TraceComponent@36fb9001
      nextInt = class java.util.concurrent.atomic.AtomicInteger@519ab5ea
      libraryId = "global"
      genId = 1
      libraryProps = class java.util.Hashtable@54e12a20
      filesetRefs = class java.util.Collections$UnmodifiableRandomAccessList@628a89cc
      apiTypeVisibility = class java.util.RegularEnumSet@644e7cce
      files = class java.util.Collections$EmptyList@78c95ff5
      folders = class java.util.ArrayList@60ffa048
      fileAndFolderContainers = class java.util.Collections$EmptyList@78c95ff5
      filesets = class java.util.concurrent.ArrayBlockingQueue@3d92265d
      filesetListenerRegs = class java.util.concurrent.ConcurrentLinkedQueue@b600cca
      cancelled = false
      library = class com.ibm.ws.library.internal.SharedLibraryImpl@779d5a23
      serialVersionUID = 6965220007121905717
    nextGeneration = class com.ibm.ws.library.internal.LibraryGeneration@1bc4e207
    artifactContainerFactory = class com.ibm.ws.library.internal.SharedLibraryFactory$1@3633653c
      this$0 = class com.ibm.ws.library.internal.SharedLibraryFactory@12de3a92
      serialVersionUID = 7730244564205089330
      $$$tc$$$ = class com.ibm.websphere.ras.TraceComponent@402d559c
    packageExporter = class com.ibm.ws.library.internal.LibraryPackageExporter@21ad7d53
      EXPORTER_POSTFIX = "_library_exporter"
      REGION_EXPORT_TO_LIBERTY = "liberty.library.export.to.liberty"
      REGION_EXPORT_TO_OSGI_APPS = "liberty.library.export.to.osgi.app"
      REGION_KERNEL = "org.eclipse.equinox.region.kernel"
      counter = class java.util.concurrent.atomic.AtomicLong@3ae71510
      context = class org.eclipse.osgi.internal.framework.BundleContextImpl@60fab31d
      digraph = class org.eclipse.equinox.internal.region.StandardRegionDigraph@4f71d00d
      bundleToLibrary = class java.util.concurrent.ConcurrentHashMap@448f2691
      libraryToVisibility = class java.util.concurrent.ConcurrentHashMap@762aa172
      serialVersionUID = 8074378969667956573
      $$$tc$$$ = class com.ibm.websphere.ras.TraceComponent@64defac4
    serialVersionUID = 6288237618632180389
  sharedLibDeploymentInfo = class com.ibm.ws.app.manager.module.internal.DeployedAppInfoBase$SharedLibDeploymentInfo@50f26750
    bundleContext = class org.eclipse.osgi.internal.framework.BundleContextImpl@663fdf81
      findHookName = "org.osgi.framework.hooks.bundle.FindHook"
      valid = true
      bundle = class org.eclipse.osgi.internal.framework.EquinoxBundle@1ea9ef97
      container = class org.eclipse.osgi.internal.framework.EquinoxContainer@294ef909
      debug = class org.eclipse.osgi.internal.debug.Debug@12789f51
      servicesInUse = class java.util.HashMap@5d52e8fa
      activator = null
      contextLock = class java.lang.Object@72dcf5a6
    locAdmin = class com.ibm.ws.kernel.service.location.internal.WsLocationAdminImpl@368a5fdb
      tc = class com.ibm.websphere.ras.TraceComponent@203f4b5a
      LOC_INTERNAL_LIB_DIR = "wlp.lib.dir"
      LOC_AREA_NAME_APPS = "shared/apps/"
      LOC_AREA_NAME_CONFIG = "shared/config/"
      LOC_AREA_NAME_RESC = "shared/resources/"
      LOC_AREA_NAME_STATE = "logs/state/"
      LOC_AREA_NAME_SERVERS = "servers/"
      LOC_AREA_NAME_CLIENTS = "clients/"
      LOC_AREA_NAME_WORKING = "workarea/"
      LOC_AREA_NAME_EXTENSION = "extension/"
      instance = class com.ibm.ws.staticvalue.StaticValue$FinalSingleton@3872ca19
      installRoot = class com.ibm.ws.kernel.service.location.internal.SymbolicRootResource@47d71b05
      installParentRoot = class com.ibm.ws.kernel.service.location.internal.SymbolicRootResource@3e4348d8
      userRoot = class com.ibm.ws.kernel.service.location.internal.SymbolicRootResource@49c939dd
      usrExtensionRoot = class com.ibm.ws.kernel.service.location.internal.SymbolicRootResource@674510ff
      serverConfigDir = class com.ibm.ws.kernel.service.location.internal.SymbolicRootResource@18b53021
      serverOutputDir = class com.ibm.ws.kernel.service.location.internal.SymbolicRootResource@18b53021
      bootstrapLib = class com.ibm.ws.kernel.service.location.internal.LocalFileResource@3c14be67
      serverWorkarea = class com.ibm.ws.kernel.service.location.internal.LocalFileResource@3c137fe9
      serverState = class com.ibm.ws.kernel.service.location.internal.LocalFileResource@731e427c
      sharedAppsRoot = class com.ibm.ws.kernel.service.location.internal.SymbolicRootResource@429b4006
      sharedConfigRoot = class com.ibm.ws.kernel.service.location.internal.SymbolicRootResource@5b6539b4
      sharedResourceRoot = class com.ibm.ws.kernel.service.location.internal.SymbolicRootResource@7caef906
      tmpRoot = class com.ibm.ws.kernel.service.location.internal.SymbolicRootResource@7d22494d
      serverName = "defaultServer"
      resourcePaths = class java.util.ArrayList@65a1ad9f
      resourceGroups = class java.util.HashMap@17fb9006
      commonRoot = class com.ibm.ws.kernel.service.location.internal.VirtualRootResource@1c162d36
      serialVersionUID = 7766352982799267432
    artifactFactory = class com.ibm.ws.artifact.internal.ArtifactContainerFactoryService@1d2c5aa7
      CATEGORY_PROP_NAME = "category"
      ENTRY_KEY = "com.ibm.wsspi.artifact.ArtifactEntry"
      helperMap = class com.ibm.wsspi.kernel.service.utils.ConcurrentServiceReferenceSetMap@767c8649
      contributorMap = class com.ibm.wsspi.kernel.service.utils.ConcurrentServiceReferenceSetMap@75e0a0af
      helperCategoryMap = class com.ibm.wsspi.kernel.service.utils.ConcurrentServiceReferenceSetMap@36784338
      contributorCategoryMap = class com.ibm.wsspi.kernel.service.utils.ConcurrentServiceReferenceSetMap@40371997
      categories = class java.util.Collections$SynchronizedSet@526b9116
      baseProperties = class org.apache.felix.scr.impl.helper.ReadOnlyDictionary@227ea62c
      serialVersionUID = -3101641399269402013
      $$$tc$$$ = class com.ibm.websphere.ras.TraceComponent@55f52283
    moduleFactory = class com.ibm.ws.adaptable.module.internal.AdaptableModuleFactoryImpl@339a9472
      adapterFactoryService = class com.ibm.ws.adaptable.module.internal.AdapterFactoryServiceImpl@7cbe9409
      containerFactory = class com.ibm.ws.artifact.internal.ArtifactContainerFactoryService@1d2c5aa7
      overlayContainerFactory = class com.ibm.ws.artifact.overlay.internal.OverlayContainerFactoryImpl@5c33ac5b
      serialVersionUID = 4200251809856292987
      $$$tc$$$ = class com.ibm.websphere.ras.TraceComponent@5c13af90
    classesContainerInfo = class java.util.ArrayList@48de68e4
      serialVersionUID = 8683452581122892189
      DEFAULT_CAPACITY = 10
      EMPTY_ELEMENTDATA = class java.lang.Object[0]
      DEFAULTCAPACITY_EMPTY_ELEMENTDATA = class java.lang.Object[0]
      elementData = class java.lang.Object[0]
      size = 0
      MAX_ARRAY_SIZE = 2147483639
      modCount = 0
      MAX_ARRAY_SIZE = 2147483639
    serialVersionUID = -9033256786848720484
    $$$tc$$$ = class com.ibm.websphere.ras.TraceComponent@bb6b64b
      strings[0] = "TraceComponent[com.ibm.ws.app.manager.module.internal.DeployedAppInfoBase$SharedLibDeploymentInfo,class com.ibm.ws.app.manager.module.internal.DeployedAppInfoBase$SharedLibDeploymentInfo,[applications, app.manager],,null]"
  futureMonitor = class com.ibm.ws.threading.internal.FutureMonitorImpl@1f6494e4
    _monitor = class java.util.concurrent.ConcurrentLinkedQueue@56c9b3be
      serialVersionUID = 196745693267521676
      head = class java.util.concurrent.ConcurrentLinkedQueue$Node@3faf513
      tail = class java.util.concurrent.ConcurrentLinkedQueue$Node@3faf513
      MAX_HOPS = 8
      HEAD = class java.lang.invoke.VarHandleReferences$FieldInstanceReadWrite@dfdf8f5
      TAIL = class java.lang.invoke.VarHandleReferences$FieldInstanceReadWrite@14e63294
      ITEM = class java.lang.invoke.VarHandleReferences$FieldInstanceReadWrite@4c03855d
      NEXT = class java.lang.invoke.VarHandleReferences$FieldInstanceReadWrite@12d405d3
      MAX_ARRAY_SIZE = 2147483639
    _executor = class com.ibm.ws.threading.internal.ScheduledExecutorImpl@7bbb72cf
      threadGroupName = "Scheduled Executor Thread Group"
      executor = class com.ibm.ws.threading.internal.ExecutorServiceImpl@1fab8266
      serialVersionUID = -9110693807503469597
      $$$tc$$$ = class com.ibm.websphere.ras.TraceComponent@45d0d47b
      continueExistingPeriodicTasksAfterShutdown = false
      executeExistingDelayedTasksAfterShutdown = true
      removeOnCancel = false
      sequencer = class java.util.concurrent.atomic.AtomicLong@2565c53f
      DEFAULT_KEEPALIVE_MILLIS = 10
      ctl = class java.util.concurrent.atomic.AtomicInteger@505afd5f
      COUNT_BITS = 29
      COUNT_MASK = 536870911
      RUNNING = -536870912
      SHUTDOWN = 0
      STOP = 536870912
      TIDYING = 1073741824
      TERMINATED = 1610612736
      workQueue = class java.util.concurrent.ScheduledThreadPoolExecutor$DelayedWorkQueue@10fbf5d0
      mainLock = class java.util.concurrent.locks.ReentrantLock@4594a998
      workers = class java.util.HashSet@4ed3c028
      termination = class java.util.concurrent.locks.AbstractQueuedSynchronizer$ConditionObject@49646ca8
      largestPoolSize = 1
      completedTaskCount = 0
      threadFactory = class com.ibm.ws.threading.internal.ThreadFactoryImpl@6fe5521
      handler = class java.util.concurrent.ThreadPoolExecutor$AbortPolicy@6646e40f
      keepAliveTime = 10000000
      allowCoreThreadTimeOut = false
      corePoolSize = 1
      maximumPoolSize = 2147483647
      defaultHandler = class java.util.concurrent.ThreadPoolExecutor$AbortPolicy@6646e40f
      shutdownPerm = class java.lang.RuntimePermission@36c4ba6f
      ONLY_ONE = true
      $assertionsDisabled = true
    _threadRunning = class java.util.concurrent.atomic.AtomicBoolean@c11f48f
      serialVersionUID = 4654671469794556979
      VALUE = class java.lang.invoke.VarHandleInts$FieldInstanceReadWrite@3f812034
      value = 0
    _thread = class com.ibm.ws.threading.internal.FutureMonitorImpl$1@7aa52fc4
      this$0 = class com.ibm.ws.threading.internal.FutureMonitorImpl@1f6494e4
      serialVersionUID = 2422512430832938099
      $$$tc$$$ = class com.ibm.websphere.ras.TraceComponent@6b1a56b6
    serialVersionUID = 2765238413969174390
    $$$tc$$$ = class com.ibm.websphere.ras.TraceComponent@60ff54a1
      strings[0] = "TraceComponent[com.ibm.ws.threading.internal.FutureMonitorImpl,class com.ibm.ws.threading.internal.FutureMonitorImpl,[Threading],com.ibm.ws.threading.internal.resources.ThreadingMessages,null]"
  configAdmin = class com.ibm.ws.config.admin.internal.ConfigurationAdminImpl@157bd7cc
    tc = class com.ibm.websphere.ras.TraceComponent@78becb4e
      strings[0] = "TraceComponent[com.ibm.ws.config.admin.internal.ConfigurationAdminImpl,class com.ibm.ws.config.admin.internal.ConfigurationAdminImpl,[config],com.ibm.ws.config.internal.resources.ConfigMessages,null]"
    bundle = class org.eclipse.osgi.internal.framework.EquinoxBundle@1ea9ef97
      equinoxContainer = class org.eclipse.osgi.internal.framework.EquinoxContainer@294ef909
      module = class org.eclipse.osgi.internal.framework.EquinoxBundle$EquinoxModule@4bd4ccbe
      monitor = class java.lang.Object@357ec47f
      context = class org.eclipse.osgi.internal.framework.BundleContextImpl@663fdf81
      signerInfos = null
      $SWITCH_TABLE$org$eclipse$osgi$container$Module$State = {1,2,3,4,5,6,7} /* array length = 7 */
    caFactory = class com.ibm.ws.config.admin.internal.ConfigAdminServiceFactory@6b23bf09
      tc = class com.ibm.websphere.ras.TraceComponent@6ce4170b
      configurationPermission = class org.osgi.service.cm.ConfigurationPermission@52200d4e
      INDEX_DICTIONARY = 0
      INDEX_LOCATION = 1
      INDEX_METATYPE_PROCESSED = 2
      INDEX_IN_OVERRIDES_FILE = 3
      INDEX_REFERENCES = 4
      INDEX_UNIQUES = 5
      bundleContext = class org.eclipse.osgi.internal.framework.BundleContextImpl@186b4827
      msTracker = class com.ibm.ws.config.admin.internal.ManagedServiceTracker@13d59deb
      msfTracker = class com.ibm.ws.config.admin.internal.ManagedServiceFactoryTracker@237a5b06
      pluginManager = class com.ibm.ws.config.admin.internal.PluginManager@6cce56dd
      configurationStore = class com.ibm.ws.config.admin.internal.ConfigurationStore@3ed66c77
      updateQueue = class com.ibm.ws.config.admin.internal.UpdateQueue@1539483
      ced = class com.ibm.ws.config.admin.internal.ConfigEventDispatcher@70804dc4
      idMap = class java.util.Collections$SynchronizedMap@6ee695b7
      referenceMap = class java.util.Collections$SynchronizedMap@63dee9c8
      variableRegistryTracker = class org.osgi.util.tracker.ServiceTracker@7e349ebc
      variableRegistry = class com.ibm.ws.kernel.service.location.internal.VariableRegistryHelper@c2812d3
      configurationAdminRef = class org.eclipse.osgi.internal.serviceregistry.ServiceRegistrationImpl@53631854
      serialVersionUID = 6695202270027014725
    serialVersionUID = -2875522750804142523
  libraryConfigHelper = class com.ibm.ws.classloading.ClassLoaderConfigHelper@10a6ac10
    tc = class com.ibm.websphere.ras.TraceComponent@6380ee16
      strings[0] = "TraceComponent[com.ibm.ws.classloading.ClassLoaderConfigHelper,class com.ibm.ws.classloading.ClassLoaderConfigHelper,[ClassLoadingService],com.ibm.ws.classloading.internal.resources.ClassLoadingServiceMessages,null]"
    DEFAULT_API_TYPES = class java.util.RegularEnumSet@310add0b
      serialVersionUID = 3411599620347842686
      elements = 23
      elementType = class java.lang.Class@6ef67dd5
      universe = class com.ibm.wsspi.classloading.ApiType[5]
      MAX_ARRAY_SIZE = 2147483639
    sharedLibraries = class java.util.Collections$EmptyList@78c95ff5
      serialVersionUID = 8842843931221139166
      modCount = 0
      MAX_ARRAY_SIZE = 2147483639
    commonLibraries = class java.util.Collections$EmptyList@78c95ff5
    classProviders = class java.util.Collections$EmptyList@78c95ff5
    sharedLibrariesPids = null
    commonLibrariesPids = null
    isDelegateLast = false
    apiTypes = class java.util.RegularEnumSet@310add0b
    classLoaderConfigProps = null
    serialVersionUID = 7643888529935916418
  isDelegateLast = false
  permissionManager = class com.ibm.ws.classloading.java2sec.PermissionManager@69ffcad
    tc = class com.ibm.websphere.ras.TraceComponent@61c274f4
      strings[0] = "TraceComponent[com.ibm.ws.classloading.java2sec.PermissionManager,class com.ibm.ws.classloading.java2sec.PermissionManager,[Java2SecurityUtil],com.ibm.ws.classloading.internal.resources.Java2SecurityUtilMessages,null]"
    classLoadingService = class com.ibm.ws.classloading.internal.ClassLoadingServiceImpl@2085d7d9
    DEFAULT_SERVER_RESTRICTABLE_PERMISSIONS = class java.security.Permission[4]
      Permission[0] = class java.lang.RuntimePermission@1eba65b8
      Permission[1] = class java.lang.RuntimePermission@3174382
      Permission[2] = class java.security.SecurityPermission@40878175
      Permission[3] = class javax.security.auth.AuthPermission@1ac6e16c
    DEFAULT_CLIENT_RESTRICTABLE_PERMISSIONS = class java.security.Permission[3]
      Permission[0] = class java.lang.RuntimePermission@5196d83b
      Permission[1] = class java.security.SecurityPermission@3305d269
      Permission[2] = class javax.security.auth.AuthPermission@3b744c72
    isServer = true
    wsjarUrlStreamHandlerAvailable = true
    restrictablePermissions = class java.util.ArrayList@18fda721
      serialVersionUID = 8683452581122892189
      DEFAULT_CAPACITY = 10
      EMPTY_ELEMENTDATA = class java.lang.Object[0]
      DEFAULTCAPACITY_EMPTY_ELEMENTDATA = class java.lang.Object[0]
      elementData = class java.lang.Object[10]
      size = 4
      MAX_ARRAY_SIZE = 2147483639
      modCount = 4
      MAX_ARRAY_SIZE = 2147483639
    grantedPermissions = class java.util.ArrayList@481836de
      serialVersionUID = 8683452581122892189
      DEFAULT_CAPACITY = 10
      EMPTY_ELEMENTDATA = class java.lang.Object[0]
      DEFAULTCAPACITY_EMPTY_ELEMENTDATA = class java.lang.Object[0]
      elementData = class java.lang.Object[10]
      size = 1
      MAX_ARRAY_SIZE = 2147483639
      modCount = 1
      MAX_ARRAY_SIZE = 2147483639
    KEY_PERMISSION = "permission"
    INCORRECT_PERMISSION_CONFIGURATION = "INCORRECT_PERMISSION_CONFIGURATION"
    PERMISSION_CLASSNOTFOUND = "PERMISSION_CLASSNOTFOUND"
    SERVER_XML = "server.xml"
    CLIENT_XML = "client.xml"
    originationFile = "server.xml"
    permissions = class com.ibm.wsspi.kernel.service.utils.ConcurrentServiceReferenceSet@7a0344ea
      referenceName = "permission"
      contextRef = class java.util.concurrent.atomic.AtomicReference@d5936b4
      elementMap = class java.util.LinkedHashMap@40659a04
      elementSet = class java.util.concurrent.ConcurrentSkipListSet@4ab3b56d
      elementSetUnsorted = false
      serialVersionUID = 756240983881166148
      $$$tc$$$ = class com.ibm.websphere.ras.TraceComponent@1df4b608
    codeBasePermissionMap = class java.util.HashMap@777193bb
      serialVersionUID = 362498820763181265
      DEFAULT_INITIAL_CAPACITY = 16
      MAXIMUM_CAPACITY = 1073741824
      DEFAULT_LOAD_FACTOR = 0.75
      TREEIFY_THRESHOLD = 8
      UNTREEIFY_THRESHOLD = 6
      MIN_TREEIFY_CAPACITY = 64
      table = null
      entrySet = null
      size = 0
      modCount = 0
      threshold = 0
      loadFactor = 0.75
      keySet = class java.util.HashMap$KeySet@13fb757
      values = null
    permissionXMLPermissionMap = class java.util.HashMap@2c0e6db
      serialVersionUID = 362498820763181265
      DEFAULT_INITIAL_CAPACITY = 16
      MAXIMUM_CAPACITY = 1073741824
      DEFAULT_LOAD_FACTOR = 0.75
      TREEIFY_THRESHOLD = 8
      UNTREEIFY_THRESHOLD = 6
      MIN_TREEIFY_CAPACITY = 64
      table = null
      entrySet = null
      size = 0
      modCount = 0
      threshold = 0
      loadFactor = 0.75
      keySet = null
      values = null
    serialVersionUID = 3514017629123673923
  permissionsConfig = null
  serialVersionUID = 5168023053972273360
  appInfo = class com.ibm.ws.container.service.app.deploy.internal.ApplicationInfoImpl@4afc9bc0
    appName = "security"
    appMetaData = class com.ibm.ws.container.service.app.deploy.internal.ApplicationMetaDataImpl@d8f9617
      j2eeName = class com.ibm.ws.container.service.metadata.internal.J2EENameImpl@41d73b62
      serialVersionUID = -7906531148367236579
      $$$tc$$$ = class com.ibm.websphere.ras.TraceComponent@74d8dc4
      tc = class com.ibm.websphere.ras.TraceComponent@531c7541
      NUM_STATIC_SLOTS = 4
      ID_UNINITIALIZED = -1
      id = 0
      metaDataInterface = class java.lang.Class@621e9a60
      staticSlots = class java.lang.Object[4]
      dynamicSlots = class java.lang.Object[4]
    appContainer = class com.ibm.ws.adaptable.module.internal.AdaptableContainerImpl@3f14adf1
      root = class com.ibm.ws.adaptable.module.internal.AdaptableContainerImpl@3f14adf1
      rootOverlay = class com.ibm.ws.artifact.overlay.internal.DirectoryBasedOverlayContainerImpl@3387d32e
      factoryHolder = class com.ibm.ws.adaptable.module.internal.AdaptableModuleFactoryImpl@339a9472
      delegate = class com.ibm.ws.artifact.overlay.internal.DirectoryBasedOverlayContainerImpl@3387d32e
      notifier = class com.ibm.ws.adaptable.module.internal.NotifierImpl@4249d467
      serialVersionUID = -5621513278641113667
      $$$tc$$$ = class com.ibm.websphere.ras.TraceComponent@56108a8b
    configHelper = class com.ibm.ws.app.manager.module.ApplicationNestedConfigHelper@65ccca36
      appInfo = class com.ibm.ws.app.manager.internal.ApplicationInstallInfo@5263e96a
      serialVersionUID = -3174031738676705046
      $$$tc$$$ = class com.ibm.websphere.ras.TraceComponent@3ef0a6dc
    applicationInformation = class com.ibm.ws.app.manager.internal.ApplicationInstallInfo@5263e96a
    serialVersionUID = -505303337196743781
    $$$tc$$$ = class com.ibm.websphere.ras.TraceComponent@3bdcdc42
      strings[0] = "TraceComponent[com.ibm.ws.container.service.app.deploy.internal.ApplicationInfoImpl,class com.ibm.ws.container.service.app.deploy.internal.ApplicationInfoImpl,[container.service],com.ibm.ws.container.service.resources.Messages,null]"
  modulesDeployed = class java.util.ArrayList@55cbbe53
    serialVersionUID = 8683452581122892189
    DEFAULT_CAPACITY = 10
    EMPTY_ELEMENTDATA = class java.lang.Object[0]
    DEFAULTCAPACITY_EMPTY_ELEMENTDATA = class java.lang.Object[0]
    elementData = class java.lang.Object[10]
      Object[0] = class com.ibm.ws.app.manager.module.internal.DeployedModuleInfoImpl@69009473
      Object[1] = null
      Object[2] = null
      Object[3] = null
      Object[4] = null
      Object[5] = null
      Object[6] = null
      Object[7] = null
      Object[8] = null
      Object[9] = null
    size = 1
    MAX_ARRAY_SIZE = 2147483639
    modCount = 1
    MAX_ARRAY_SIZE = 2147483639
  starting = true
  started = false
  appInfoFactory = class com.ibm.ws.container.service.app.deploy.internal.ApplicationInfoFactoryImpl@57bbd4f2
    j2eeNameFactory = class com.ibm.wsspi.kernel.service.utils.AtomicServiceReference@78e127b4
      referenceName = "j2eeNameFactory"
      tuple = class java.util.concurrent.atomic.AtomicReference@614db1b5
      serialVersionUID = 2226592364007985000
      $$$tc$$$ = class com.ibm.websphere.ras.TraceComponent@4e4f9e2c
    names = class java.util.HashSet@30b2038a
      serialVersionUID = -5024744406713321676
      map = class java.util.HashMap@61f8cf36
      PRESENT = class java.lang.Object@3b244200
      MAX_ARRAY_SIZE = 2147483639
    serialVersionUID = 7443990212682384945
    $$$tc$$$ = class com.ibm.websphere.ras.TraceComponent@5e19f6c9
      strings[0] = "TraceComponent[com.ibm.ws.container.service.app.deploy.internal.ApplicationInfoFactoryImpl,class com.ibm.ws.container.service.app.deploy.internal.ApplicationInfoFactoryImpl,[container.service],com.ibm.ws.container.service.resources.Messages,null]"
  metaDataService = class com.ibm.ws.container.service.metadata.internal.MetaDataServiceImpl@3b145469
    applicationMetaDataManager = class com.ibm.ws.container.service.metadata.internal.ApplicationMetaDataManager@7e0edd24
      serialVersionUID = 1843747281024490904
      $$$tc$$$ = class com.ibm.websphere.ras.TraceComponent@4bd93f60
      listeners = class com.ibm.wsspi.kernel.service.utils.ConcurrentServiceReferenceSet@56b965cc
      metaDataIDs = class com.ibm.ws.container.service.metadata.internal.IndexList@42bd567a
      metaDatas = class java.util.ArrayList@18a6f1ef
      slotIDs = class com.ibm.ws.container.service.metadata.internal.IndexList@54d4c6a2
      serialVersionUID = 5464421863354792977
      $$$tc$$$ = class com.ibm.websphere.ras.TraceComponent@4ec7c842
    moduleMetaDataManager = class com.ibm.ws.container.service.metadata.internal.ModuleMetaDataManager@3a3336ca
      serialVersionUID = 2513574389899327209
      $$$tc$$$ = class com.ibm.websphere.ras.TraceComponent@595eedec
      listeners = class com.ibm.wsspi.kernel.service.utils.ConcurrentServiceReferenceSet@703275f6
      metaDataIDs = class com.ibm.ws.container.service.metadata.internal.IndexList@341a01d2
      metaDatas = class java.util.ArrayList@58c318ef
      slotIDs = class com.ibm.ws.container.service.metadata.internal.IndexList@f8cc647
      serialVersionUID = 5464421863354792977
      $$$tc$$$ = class com.ibm.websphere.ras.TraceComponent@4ec7c842
    componentMetaDataManager = class com.ibm.ws.container.service.metadata.internal.ComponentMetaDataManager@66d09013
      serialVersionUID = 8629793739641703882
      $$$tc$$$ = class com.ibm.websphere.ras.TraceComponent@5bee7ebd
      listeners = class com.ibm.wsspi.kernel.service.utils.ConcurrentServiceReferenceSet@581880e9
      metaDataIDs = class com.ibm.ws.container.service.metadata.internal.IndexList@1222fb92
      metaDatas = class java.util.ArrayList@58fdc414
      slotIDs = class com.ibm.ws.container.service.metadata.internal.IndexList@4d197b68
      serialVersionUID = 5464421863354792977
      $$$tc$$$ = class com.ibm.websphere.ras.TraceComponent@4ec7c842
    methodMetaDataManager = class com.ibm.ws.container.service.metadata.internal.MethodMetaDataManager@61bda0be
      serialVersionUID = -8002489041502300640
      $$$tc$$$ = class com.ibm.websphere.ras.TraceComponent@f48ea93
      listeners = class com.ibm.wsspi.kernel.service.utils.ConcurrentServiceReferenceSet@6193955a
      metaDataIDs = class com.ibm.ws.container.service.metadata.internal.IndexList@56c66f8a
      metaDatas = class java.util.ArrayList@1d4b9614
      slotIDs = class com.ibm.ws.container.service.metadata.internal.IndexList@471b5578
      serialVersionUID = 5464421863354792977
      $$$tc$$$ = class com.ibm.websphere.ras.TraceComponent@4ec7c842
    appModuleNameToModuleContainer = class java.util.concurrent.ConcurrentHashMap@6952a650
      serialVersionUID = 7249069246763182397
      MAXIMUM_CAPACITY = 1073741824
      DEFAULT_CAPACITY = 16
      MAX_ARRAY_SIZE = 2147483639
      DEFAULT_CONCURRENCY_LEVEL = 16
      LOAD_FACTOR = 0.75
      TREEIFY_THRESHOLD = 8
      UNTREEIFY_THRESHOLD = 6
      MIN_TREEIFY_CAPACITY = 64
      MIN_TRANSFER_STRIDE = 16
      RESIZE_STAMP_BITS = 16
      MAX_RESIZERS = 65535
      RESIZE_STAMP_SHIFT = 16
      MOVED = -1
      TREEBIN = -2
      RESERVED = -3
      HASH_BITS = 2147483647
      NCPU = 4
      serialPersistentFields = class java.io.ObjectStreamField[3]
      table = class java.util.concurrent.ConcurrentHashMap$Node[16]
      nextTable = null
      baseCount = 6
      sizeCtl = 12
      transferIndex = 0
      cellsBusy = 0
      counterCells = null
      keySet = null
      values = null
      entrySet = null
      U = class jdk.internal.misc.Unsafe@343fb8eb
      SIZECTL = 20
      TRANSFERINDEX = 32
      BASECOUNT = 24
      CELLSBUSY = 36
      CELLVALUE = 144
      ABASE = 16
      ASHIFT = 2
      keySet = null
      values = null
    jeeNameToComponentMetaData = class java.util.concurrent.ConcurrentHashMap@4a7458d6
      serialVersionUID = 7249069246763182397
      MAXIMUM_CAPACITY = 1073741824
      DEFAULT_CAPACITY = 16
      MAX_ARRAY_SIZE = 2147483639
      DEFAULT_CONCURRENCY_LEVEL = 16
      LOAD_FACTOR = 0.75
      TREEIFY_THRESHOLD = 8
      UNTREEIFY_THRESHOLD = 6
      MIN_TREEIFY_CAPACITY = 64
      MIN_TRANSFER_STRIDE = 16
      RESIZE_STAMP_BITS = 16
      MAX_RESIZERS = 65535
      RESIZE_STAMP_SHIFT = 16
      MOVED = -1
      TREEBIN = -2
      RESERVED = -3
      HASH_BITS = 2147483647
      NCPU = 4
      serialPersistentFields = class java.io.ObjectStreamField[3]
      table = class java.util.concurrent.ConcurrentHashMap$Node[32]
      nextTable = null
      baseCount = 11
      sizeCtl = 24
      transferIndex = 0
      cellsBusy = 0
      counterCells = null
      keySet = null
      values = null
      entrySet = null
      U = class jdk.internal.misc.Unsafe@343fb8eb
      SIZECTL = 20
      TRANSFERINDEX = 32
      BASECOUNT = 24
      CELLSBUSY = 36
      CELLVALUE = 144
      ABASE = 16
      ASHIFT = 2
      keySet = null
      values = null
    deferredMetaDataFactories = class com.ibm.wsspi.kernel.service.utils.ConcurrentServiceReferenceSet@28c60983
      referenceName = "deferredMetaDataFactory"
      contextRef = class java.util.concurrent.atomic.AtomicReference@5b174e13
      elementMap = class java.util.LinkedHashMap@4f8f50cf
      elementSet = class java.util.concurrent.ConcurrentSkipListSet@2253c4bc
      elementSetUnsorted = false
      serialVersionUID = 756240983881166148
      $$$tc$$$ = class com.ibm.websphere.ras.TraceComponent@1df4b608
    deferredMetaDataInitializers = class com.ibm.wsspi.kernel.service.utils.ConcurrentServiceReferenceMap@2472f475
      referenceName = "deferredMetaDataFactory"
      context = class org.apache.felix.scr.impl.manager.ComponentContextImpl@3a5f3184
      elementMap = class java.util.concurrent.ConcurrentHashMap@5f00a37a
      serialVersionUID = 6980924785166233786
      $$$tc$$$ = class com.ibm.websphere.ras.TraceComponent@4f359512
    serialVersionUID = -2494605732980966097
    $$$tc$$$ = class com.ibm.websphere.ras.TraceComponent@19738d0f
      strings[0] = "TraceComponent[com.ibm.ws.container.service.metadata.internal.MetaDataServiceImpl,class com.ibm.ws.container.service.metadata.internal.MetaDataServiceImpl,[Runtime],,null]"
  stateChangeService = class com.ibm.ws.container.service.state.internal.StateChangeServiceImpl@2552bae2
    applicationStateManager = class com.ibm.ws.container.service.state.internal.ApplicationStateManager@e7c76a4
      serialVersionUID = -6685368059484454124
      $$$tc$$$ = class com.ibm.websphere.ras.TraceComponent@41dd9a4a
      listeners = class com.ibm.wsspi.kernel.service.utils.ConcurrentServiceReferenceSet@76974546
      serialVersionUID = 2284273176985484160
      $$$tc$$$ = class com.ibm.websphere.ras.TraceComponent@5278e009
    moduleStateManager = class com.ibm.ws.container.service.state.internal.ModuleStateManager@ccb8fd7
      serialVersionUID = -5540260902341249963
      $$$tc$$$ = class com.ibm.websphere.ras.TraceComponent@72c4a6eb
      listeners = class com.ibm.wsspi.kernel.service.utils.ConcurrentServiceReferenceSet@775f21df
      serialVersionUID = 2284273176985484160
      $$$tc$$$ = class com.ibm.websphere.ras.TraceComponent@5278e009
    serialVersionUID = -537917915330350560
    $$$tc$$$ = class com.ibm.websphere.ras.TraceComponent@20cd1c4f
      strings[0] = "TraceComponent[com.ibm.ws.container.service.state.internal.StateChangeServiceImpl,class com.ibm.ws.container.service.state.internal.StateChangeServiceImpl,[Runtime],,null]"
  moduleClassesInfo = class com.ibm.ws.app.manager.module.internal.SimpleDeployedAppInfoBase$ModuleClassesInfoProvider@5d1cfa9
    entryContainerInfosMap = class java.util.HashMap@2ac111c6
      serialVersionUID = 362498820763181265
      DEFAULT_INITIAL_CAPACITY = 16
      MAXIMUM_CAPACITY = 1073741824
      DEFAULT_LOAD_FACTOR = 0.75
      TREEIFY_THRESHOLD = 8
      UNTREEIFY_THRESHOLD = 6
      MIN_TREEIFY_CAPACITY = 64
      table = null
      entrySet = null
      size = 0
      modCount = 0
      threshold = 0
      loadFactor = 0.75
      keySet = null
      values = null
    serialVersionUID = -70332790531324534
    $$$tc$$$ = class com.ibm.websphere.ras.TraceComponent@5da62b15
      strings[0] = "TraceComponent[com.ibm.ws.app.manager.module.internal.SimpleDeployedAppInfoBase$ModuleClassesInfoProvider,class com.ibm.ws.app.manager.module.internal.SimpleDeployedAppInfoBase$ModuleClassesInfoProvider,[applications, app.manager],,null]"
  moduleContainerInfos = class java.util.ArrayList@46dae0a4
    serialVersionUID = 8683452581122892189
    DEFAULT_CAPACITY = 10
    EMPTY_ELEMENTDATA = class java.lang.Object[0]
    DEFAULTCAPACITY_EMPTY_ELEMENTDATA = class java.lang.Object[0]
    elementData = class java.lang.Object[10]
      Object[0] = class com.ibm.ws.app.manager.module.internal.SimpleDeployedAppInfoBase$WebModuleContainerInfo@35957faa
      Object[1] = null
      Object[2] = null
      Object[3] = null
      Object[4] = null
      Object[5] = null
      Object[6] = null
      Object[7] = null
      Object[8] = null
      Object[9] = null
    size = 1
    MAX_ARRAY_SIZE = 2147483639
    modCount = 1
    MAX_ARRAY_SIZE = 2147483639
  activeModuleHandlers = class java.util.IdentityHashMap@63b91243
    DEFAULT_CAPACITY = 32
    MINIMUM_CAPACITY = 4
    MAXIMUM_CAPACITY = 536870912
    table = class java.lang.Object[16]
      Object[0] = null
      Object[1] = null
      Object[2] = null
      Object[3] = null
      Object[4] = null
      Object[5] = null
      Object[6] = null
      Object[7] = null
      Object[8] = null
      Object[9] = null
      Object[10] = null
      Object[11] = null
      Object[12] = null
      Object[13] = null
      Object[14] = null
      Object[15] = null
    size = 0
    modCount = 2
    NULL_KEY = class java.lang.Object@377315f0
    entrySet = null
    serialVersionUID = 8188218128353913216
    keySet = null
    values = null
  serialVersionUID = 7078125893012250887
  $$$tc$$$ = class com.ibm.websphere.ras.TraceComponent@5afdb23f
    strings[0] = "TraceComponent[com.ibm.ws.app.manager.module.internal.SimpleDeployedAppInfoBase,class com.ibm.ws.app.manager.module.internal.SimpleDeployedAppInfoBase,[applications, app.manager],,null]"

Dump of objectArray[0]
Object type = com.ibm.ws.threading.internal.NonCancelableResultFuture
  _done = false
  _result = null
  _failure = null
  _listeners = class java.util.concurrent.ConcurrentLinkedQueue@3e7d8da
    serialVersionUID = 196745693267521676
    head = class java.util.concurrent.ConcurrentLinkedQueue$Node@4ff46cdb
      item = null
      next = null
    tail = class java.util.concurrent.ConcurrentLinkedQueue$Node@4ff46cdb
    MAX_HOPS = 8
    HEAD = class java.lang.invoke.VarHandleReferences$FieldInstanceReadWrite@dfdf8f5
      FORM = class java.lang.invoke.VarForm@7a009f07
      fieldOffset = 12
      receiverType = class java.lang.Class@de0a01f
      fieldType = class java.lang.Class@4c75cab9
      FORM = class java.lang.invoke.VarForm@7388580a
      vform = class java.lang.invoke.VarForm@7a009f07
      typesAndInvokers = null
      AIOOBE_SUPPLIER = class jdk.internal.util.Preconditions$1@4a4c6e93
      VFORM_OFFSET = 12
      $assertionsDisabled = true
    TAIL = class java.lang.invoke.VarHandleReferences$FieldInstanceReadWrite@14e63294
      FORM = class java.lang.invoke.VarForm@7a009f07
      fieldOffset = 16
      receiverType = class java.lang.Class@de0a01f
      fieldType = class java.lang.Class@4c75cab9
      FORM = class java.lang.invoke.VarForm@7388580a
      vform = class java.lang.invoke.VarForm@7a009f07
      typesAndInvokers = null
      AIOOBE_SUPPLIER = class jdk.internal.util.Preconditions$1@4a4c6e93
      VFORM_OFFSET = 12
      $assertionsDisabled = true
    ITEM = class java.lang.invoke.VarHandleReferences$FieldInstanceReadWrite@4c03855d
      FORM = class java.lang.invoke.VarForm@7a009f07
      fieldOffset = 12
      receiverType = class java.lang.Class@4c75cab9
      fieldType = class java.lang.Class@4e25154f
      FORM = class java.lang.invoke.VarForm@7388580a
      vform = class java.lang.invoke.VarForm@7a009f07
      typesAndInvokers = null
      AIOOBE_SUPPLIER = class jdk.internal.util.Preconditions$1@4a4c6e93
      VFORM_OFFSET = 12
      $assertionsDisabled = true
    NEXT = class java.lang.invoke.VarHandleReferences$FieldInstanceReadWrite@12d405d3
      FORM = class java.lang.invoke.VarForm@7a009f07
      fieldOffset = 16
      receiverType = class java.lang.Class@4c75cab9
      fieldType = class java.lang.Class@4c75cab9
      FORM = class java.lang.invoke.VarForm@7388580a
      vform = class java.lang.invoke.VarForm@7a009f07
      typesAndInvokers = null
      AIOOBE_SUPPLIER = class jdk.internal.util.Preconditions$1@4a4c6e93
      VFORM_OFFSET = 12
      $assertionsDisabled = true
    MAX_ARRAY_SIZE = 2147483639
  _notifiedListeners = class java.util.concurrent.atomic.AtomicBoolean@4bc6d667
    serialVersionUID = 4654671469794556979
    VALUE = class java.lang.invoke.VarHandleInts$FieldInstanceReadWrite@3f812034
      FORM = class java.lang.invoke.VarForm@606c6a08
      fieldOffset = 12
      receiverType = class java.lang.Class@52f759d7
      FORM = class java.lang.invoke.VarForm@5ff33f08
      vform = class java.lang.invoke.VarForm@606c6a08
      typesAndInvokers = null
      AIOOBE_SUPPLIER = class jdk.internal.util.Preconditions$1@4a4c6e93
      VFORM_OFFSET = 12
      $assertionsDisabled = true
    value = 0
  serialVersionUID = -296387658814354272
  $$$tc$$$ = class com.ibm.websphere.ras.TraceComponent@2aa676f8
    strings[0] = "TraceComponent[com.ibm.ws.threading.internal.NonCancelableResultFuture,class com.ibm.ws.threading.internal.NonCancelableResultFuture,[Threading],com.ibm.ws.threading.internal.resources.ThreadingMessages,null]"

