------Start of DE processing------ = [04/07/19 16:44:07:904 COT]
Exception = com.ibm.ejs.container.EJBConfigurationException
Source = com.ibm.ws.ejbcontainer.osgi.internal.ModuleInitDataAdapter
probeid = 123
Stack Dump = com.ibm.ejs.container.EJBConfigurationException: Errors occurred processing EJB metadata
	at com.ibm.ws.ejbcontainer.osgi.internal.ModuleInitDataFactory.createModuleInitData(ModuleInitDataFactory.java:536)
	at com.ibm.ws.ejbcontainer.osgi.internal.ModuleInitDataAdapter.createModuleInitData(ModuleInitDataAdapter.java:145)
	at com.ibm.ws.ejbcontainer.osgi.internal.ModuleInitDataAdapter.adapt(ModuleInitDataAdapter.java:108)
	at com.ibm.ws.ejbcontainer.osgi.internal.ModuleInitDataAdapter.adapt(ModuleInitDataAdapter.java:40)
	at com.ibm.ws.adaptable.module.internal.AdapterFactoryServiceImpl.adapt(AdapterFactoryServiceImpl.java:196)
	at com.ibm.ws.adaptable.module.internal.AdaptableContainerImpl.adapt(AdaptableContainerImpl.java:170)
	at com.ibm.ws.ejbcontainer.osgi.internal.EJBContainerImpl.createEJBInWARModuleMetaData(EJBContainerImpl.java:143)
	at com.ibm.ws.ejbcontainer.war.internal.EJBWARMetaDataRuntime.createdNestedModuleMetaData(EJBWARMetaDataRuntime.java:63)
	at com.ibm.ws.app.manager.module.internal.SimpleDeployedAppInfoBase$ModuleContainerInfoBase.createModuleMetaData(SimpleDeployedAppInfoBase.java:173)
	at com.ibm.ws.app.manager.module.internal.DeployedAppInfoBase.preDeployApp(DeployedAppInfoBase.java:369)
	at com.ibm.ws.app.manager.module.internal.DeployedAppInfoBase.deployApp(DeployedAppInfoBase.java:413)
	at com.ibm.ws.app.manager.war.internal.WARApplicationHandlerImpl.install(WARApplicationHandlerImpl.java:65)
	at com.ibm.ws.app.manager.internal.statemachine.StartAction.execute(StartAction.java:140)
	at com.ibm.ws.app.manager.internal.statemachine.ApplicationStateMachineImpl.enterState(ApplicationStateMachineImpl.java:1261)
	at com.ibm.ws.app.manager.internal.statemachine.ApplicationStateMachineImpl.run(ApplicationStateMachineImpl.java:876)
	at com.ibm.ws.threading.internal.ExecutorServiceImpl$RunnableWrapper.run(ExecutorServiceImpl.java:239)
	at java.util.concurrent.ThreadPoolExecutor.runWorker(Unknown Source)
	at java.util.concurrent.ThreadPoolExecutor$Worker.run(Unknown Source)
	at java.lang.Thread.run(Unknown Source)

Dump of callerThis
Object type = com.ibm.ws.ejbcontainer.osgi.internal.ModuleInitDataAdapter
  NON_PERSISTENT_CACHE_KEY = class java.lang.Class@1b3761af
    ANNOTATION = 8192
    ENUM = 16384
    SYNTHETIC = 4096
    cachedConstructor = null
    newInstanceCallerCache = null
    name = "com.ibm.ws.ejbcontainer.osgi.internal.ModuleInitDataImpl"
    allPermDomain = class java.security.ProtectionDomain@1d26053e
      codesource = null
      classloader = null
      principals = interface java.security.Principal[0]
      permissions = class java.security.Permissions@3e4076e5
      hasAllPerm = true
      staticPermissions = true
      key = class java.security.ProtectionDomain$Key@57c511b6
      debug = null
    useCaches = true
    reflectionData = null
    classRedefinedCount = 0
    genericInfo = null
    serialVersionUID = 3206093459760846163
    serialPersistentFields = class java.io.ObjectStreamField[0]
    reflectionFactory = class sun.reflect.ReflectionFactory@6e207bb8
      initted = true
      reflectionFactoryAccessPerm = class java.lang.RuntimePermission@79dda5ae
      soleInstance = class sun.reflect.ReflectionFactory@6e207bb8
      langReflectAccess = class java.lang.reflect.ReflectAccess@4417032e
      hasStaticInitializerMethod = null
      noInflation = false
      inflationThreshold = 15
    initted = true
    enumConstants = null
    enumConstantDirectory = null
    annotationData = class java.lang.Class$AnnotationData@234cf490
      annotations = class java.util.LinkedHashMap@1eec3923
      declaredAnnotations = class java.util.LinkedHashMap@1eec3923
      redefinedCount = 0
    annotationType = null
    classValueMap = null
  REFERENCE_CLASS_LOADING_SERVICE = "classLoadingService"
  REFERENCE_MODULE_INIT_DATA_FACTORY = "moduleInitDataFactory"
  classLoadingServiceSR = class com.ibm.wsspi.kernel.service.utils.AtomicServiceReference@cb92394
    referenceName = "classLoadingService"
    tuple = class java.util.concurrent.atomic.AtomicReference@68771106
      serialVersionUID = -1848883965231344442
      unsafe = class sun.misc.Unsafe@41d8faaf
      valueOffset = 12
      value = class com.ibm.wsspi.kernel.service.utils.AtomicServiceReference$ReferenceTuple@2cc8b497
    serialVersionUID = 2226592364007985000
    $$$tc$$$ = class com.ibm.websphere.ras.TraceComponent@5600c600
  moduleInitDataFactorySR = class com.ibm.wsspi.kernel.service.utils.AtomicServiceReference@177b4b5f
    referenceName = "moduleInitDataFactory"
    tuple = class java.util.concurrent.atomic.AtomicReference@2b4058c7
      serialVersionUID = -1848883965231344442
      unsafe = class sun.misc.Unsafe@41d8faaf
      valueOffset = 12
      value = class com.ibm.wsspi.kernel.service.utils.AtomicServiceReference$ReferenceTuple@68e43dea
    serialVersionUID = 2226592364007985000
    $$$tc$$$ = class com.ibm.websphere.ras.TraceComponent@5600c600
      strings[0] = "TraceComponent[com.ibm.wsspi.kernel.service.utils.AtomicServiceReference,class com.ibm.wsspi.kernel.service.utils.AtomicServiceReference,[kernelUtils],com.ibm.ws.kernel.service.utils.resources.ServiceMessages,null]"
  serialVersionUID = 4116129011515003371
  $$$tc$$$ = class com.ibm.websphere.ras.TraceComponent@56b6b63b
    strings[0] = "TraceComponent[com.ibm.ws.ejbcontainer.osgi.internal.ModuleInitDataAdapter,class com.ibm.ws.ejbcontainer.osgi.internal.ModuleInitDataAdapter,[EJBContainer],com.ibm.ws.ejbcontainer.osgi.internal.resources.EJBContainerMessages,null]"

Dump of objectArray[0]
Object type = com.ibm.ws.adaptable.module.internal.AdaptableContainerImpl
  root = class com.ibm.ws.adaptable.module.internal.AdaptableContainerImpl@5d49094b
  rootOverlay = class com.ibm.ws.artifact.overlay.internal.DirectoryBasedOverlayContainerImpl@471fde61
    base = class com.ibm.ws.artifact.loose.internal.LooseArchive@42fc4f48
      cacheDir = class java.io.File@1f48408a
      xmlFile = class java.io.File@4dbf21ca
      parent = null
      cfh = class com.ibm.ws.artifact.loose.internal.LooseContainerFactoryHelper@7848c6a5
      pathInParent = null
      _entries = class java.util.ArrayList@47122184
      tc = class com.ibm.websphere.ras.TraceComponent@27c5f526
      artifactNotifier = class com.ibm.ws.artifact.loose.internal.LooseArtifactNotifier@1a0365fc
      serialVersionUID = 345486831272892625
    maskSet = class java.util.HashSet@181476fa
      serialVersionUID = -5024744406713321676
      map = class java.util.HashMap@39a37ee
      PRESENT = class java.lang.Object@1d251ce4
      MAX_ARRAY_SIZE = 2147483639
    cfHolder = class com.ibm.ws.artifact.overlay.internal.OverlayContainerFactoryImpl@1999da3b
    fileOverlayContainer = class com.ibm.ws.artifact.file.internal.FileContainer@4f8b3fc1
      containerFactoryHolder = class com.ibm.ws.artifact.file.internal.FileContainerFactory@41ee3908
      parent = null
      thisInParent = null
      dir = class java.io.File@5c71e7e7
      cacheDir = class java.io.File@7c57652e
      isRoot = true
      root = class com.ibm.ws.artifact.file.internal.FileContainer@4f8b3fc1
      artifactNotifier = class com.ibm.ws.artifact.file.FileArtifactNotifier@4e8ffbdf
      serialVersionUID = -542248409847968651
      $$$tc$$$ = class com.ibm.websphere.ras.TraceComponent@338d8c59
    overlayDirectory = class java.io.File@5c71e7e7
      fs = class java.io.WinNTFileSystem@2e86b607
      path = "D:\devel\tools\wlp\usr\servers\defaultServer\workarea\org.eclipse.osgi\77\data\cacheAdapt\com.ibm.ws.app.manager_20\.overlay"
      status = class java.io.File$PathStatus@1045309c
      prefixLength = 3
      separatorChar = \
      separator = "\"
      pathSeparatorChar = ;
      pathSeparator = ";"
      PATH_OFFSET = 16
      PREFIX_LENGTH_OFFSET = 12
      UNSAFE = class sun.misc.Unsafe@41d8faaf
      serialVersionUID = 301077366599181567
      filePath = null
      $assertionsDisabled = true
    cacheDirForOverlay = class java.io.File@7c57652e
      fs = class java.io.WinNTFileSystem@2e86b607
      path = "D:\devel\tools\wlp\usr\servers\defaultServer\workarea\org.eclipse.osgi\77\data\cacheOverlay\com.ibm.ws.app.manager_20"
      status = class java.io.File$PathStatus@1045309c
      prefixLength = 3
      separatorChar = \
      separator = "\"
      pathSeparatorChar = ;
      pathSeparator = ";"
      PATH_OFFSET = 16
      PREFIX_LENGTH_OFFSET = 12
      UNSAFE = class sun.misc.Unsafe@41d8faaf
      serialVersionUID = 301077366599181567
      filePath = null
      $assertionsDisabled = true
    overlayNotifier = class com.ibm.ws.artifact.overlay.internal.DirectoryBasedOverlayNotifier@31c7af67
    enclosingContainer = null
    entryInEnclosingContainer = null
    nestedOverlays = class java.util.concurrent.ConcurrentHashMap@474f7ff8
      serialVersionUID = 7249069246763182397
      MAXIMUM_CAPACITY = 1073741824
      DEFAULT_CAPACITY = 16
      MAX_ARRAY_SIZE = 2147483639
      DEFAULT_CONCURRENCY_LEVEL = 16
      LOAD_FACTOR = 0.75
      TREEIFY_THRESHOLD = 8
      UNTREEIFY_THRESHOLD = 6
      MIN_TREEIFY_CAPACITY = 64
      MIN_TRANSFER_STRIDE = 16
      RESIZE_STAMP_BITS = 16
      MAX_RESIZERS = 65535
      RESIZE_STAMP_SHIFT = 16
      MOVED = -1
      TREEBIN = -2
      RESERVED = -3
      HASH_BITS = 2147483647
      NCPU = 4
      serialPersistentFields = class java.io.ObjectStreamField[3]
      table = class java.util.concurrent.ConcurrentHashMap$Node[16]
      nextTable = null
      baseCount = 4
      sizeCtl = 12
      transferIndex = 0
      cellsBusy = 0
      counterCells = null
      keySet = null
      values = null
      entrySet = null
      U = class sun.misc.Unsafe@41d8faaf
      SIZECTL = 20
      TRANSFERINDEX = 32
      BASECOUNT = 24
      CELLSBUSY = 36
      CELLVALUE = 144
      ABASE = 16
      ASHIFT = 2
      keySet = null
      values = null
    cacheStore = class com.ibm.ws.artifact.overlay.internal.OverlayCache@51ac35e7
      cache = class java.util.HashMap@2ec2c51
      serialVersionUID = -7877512378170016077
      $$$tc$$$ = class com.ibm.websphere.ras.TraceComponent@26e46973
    parentOverlay = null
    isPassThroughMode = true
    serialVersionUID = -1690795617118238166
    $$$tc$$$ = class com.ibm.websphere.ras.TraceComponent@20ac7610
      strings[0] = "TraceComponent[com.ibm.ws.artifact.overlay.internal.DirectoryBasedOverlayContainerImpl,class com.ibm.ws.artifact.overlay.internal.DirectoryBasedOverlayContainerImpl,[archive.overlay],,null]"
  factoryHolder = class com.ibm.ws.adaptable.module.internal.AdaptableModuleFactoryImpl@705aa832
    adapterFactoryService = class com.ibm.ws.adaptable.module.internal.AdapterFactoryServiceImpl@9015298
      toType = "toType"
      priv = class com.ibm.ws.kernel.service.util.SecureAction@5c0d2cd4
      containerHelperMap = class com.ibm.wsspi.kernel.service.utils.ConcurrentServiceReferenceSetMap@65f53619
      entryHelperMap = class com.ibm.wsspi.kernel.service.utils.ConcurrentServiceReferenceSetMap@4abffa13
      containerToTypes = class java.util.Collections$SynchronizedSet@9b9f229
      entryToTypes = class java.util.Collections$SynchronizedSet@3ce70446
      baseProperties = class org.apache.felix.scr.impl.helper.ReadOnlyDictionary@706ea83d
      serialVersionUID = 5945907930609928466
      $$$tc$$$ = class com.ibm.websphere.ras.TraceComponent@507286b7
    containerFactory = class com.ibm.ws.artifact.internal.ArtifactContainerFactoryService@1529f36e
      CATEGORY_PROP_NAME = "category"
      ENTRY_KEY = "com.ibm.wsspi.artifact.ArtifactEntry"
      helperMap = class com.ibm.wsspi.kernel.service.utils.ConcurrentServiceReferenceSetMap@4937d3ab
      contributorMap = class com.ibm.wsspi.kernel.service.utils.ConcurrentServiceReferenceSetMap@467ee289
      helperCategoryMap = class com.ibm.wsspi.kernel.service.utils.ConcurrentServiceReferenceSetMap@45d923bc
      contributorCategoryMap = class com.ibm.wsspi.kernel.service.utils.ConcurrentServiceReferenceSetMap@1a91662c
      categories = class java.util.Collections$SynchronizedSet@6d4c445e
      baseProperties = class org.apache.felix.scr.impl.helper.ReadOnlyDictionary@5c9789d4
      serialVersionUID = -3101641399269402013
      $$$tc$$$ = class com.ibm.websphere.ras.TraceComponent@b0b148c
    overlayContainerFactory = class com.ibm.ws.artifact.overlay.internal.OverlayContainerFactoryImpl@1999da3b
      containerFactory = class com.ibm.ws.artifact.internal.ArtifactContainerFactoryService@1529f36e
      serialVersionUID = 6296466117843221178
      $$$tc$$$ = class com.ibm.websphere.ras.TraceComponent@77ed6bb3
    serialVersionUID = 4200251809856292987
    $$$tc$$$ = class com.ibm.websphere.ras.TraceComponent@44fa68a9
      strings[0] = "TraceComponent[com.ibm.ws.adaptable.module.internal.AdaptableModuleFactoryImpl,class com.ibm.ws.adaptable.module.internal.AdaptableModuleFactoryImpl,[archive.adaptable],,null]"
  delegate = class com.ibm.ws.artifact.overlay.internal.DirectoryBasedOverlayContainerImpl@471fde61
  notifier = class com.ibm.ws.adaptable.module.internal.NotifierImpl@4bdad7ed
    root = class com.ibm.ws.adaptable.module.internal.AdaptableContainerImpl@5d49094b
    delegateNotifier = class com.ibm.ws.artifact.overlay.internal.DirectoryBasedOverlayNotifier@31c7af67
      root = class com.ibm.ws.artifact.overlay.internal.DirectoryBasedOverlayContainerImpl@471fde61
      overlayContainer = class com.ibm.ws.artifact.file.internal.FileContainer@4f8b3fc1
      overlaidContainer = class com.ibm.ws.artifact.loose.internal.LooseArchive@42fc4f48
      listeningToContainers = true
      listeners = class java.util.concurrent.ConcurrentHashMap@4508d597
      pathsMonitored = class java.util.HashSet@7984d271
      parentNotifier = null
      pathOfEntryInParent = null
      id = null
      serialVersionUID = -5716655730663296309
      $$$tc$$$ = class com.ibm.websphere.ras.TraceComponent@42b0b4d9
    delegateRoot = class com.ibm.ws.artifact.overlay.internal.DirectoryBasedOverlayContainerImpl@471fde61
    listenerDelegates = class java.util.HashMap@14f98a55
      serialVersionUID = 362498820763181265
      DEFAULT_INITIAL_CAPACITY = 16
      MAXIMUM_CAPACITY = 1073741824
      DEFAULT_LOAD_FACTOR = 0.75
      TREEIFY_THRESHOLD = 8
      UNTREEIFY_THRESHOLD = 6
      MIN_TREEIFY_CAPACITY = 64
      table = class java.util.HashMap$Node[16]
      entrySet = null
      size = 3
      modCount = 3
      threshold = 12
      loadFactor = 0.75
      keySet = null
      values = null
    serialVersionUID = 6839382523957017880
    $$$tc$$$ = class com.ibm.websphere.ras.TraceComponent@ee472c1
      strings[0] = "TraceComponent[com.ibm.ws.adaptable.module.internal.NotifierImpl,class com.ibm.ws.adaptable.module.internal.NotifierImpl,[archive.adaptable],,null]"
  serialVersionUID = -5621513278641113667
  $$$tc$$$ = class com.ibm.websphere.ras.TraceComponent@2acd3886
    strings[0] = "TraceComponent[com.ibm.ws.adaptable.module.internal.AdaptableContainerImpl,class com.ibm.ws.adaptable.module.internal.AdaptableContainerImpl,[archive.adaptable],,null]"

Dump of objectArray[1]
Object type = com.ibm.ws.artifact.overlay.internal.DirectoryBasedOverlayContainerImpl
  base = class com.ibm.ws.artifact.loose.internal.LooseArchive@42fc4f48
    cacheDir = class java.io.File@1f48408a
      fs = class java.io.WinNTFileSystem@2e86b607
      path = "D:\devel\tools\wlp\usr\servers\defaultServer\workarea\org.eclipse.osgi\77\data\cache\com.ibm.ws.app.manager_20"
      status = class java.io.File$PathStatus@1045309c
      prefixLength = 3
      separatorChar = \
      separator = "\"
      pathSeparatorChar = ;
      pathSeparator = ";"
      PATH_OFFSET = 16
      PREFIX_LENGTH_OFFSET = 12
      UNSAFE = class sun.misc.Unsafe@41d8faaf
      serialVersionUID = 301077366599181567
      filePath = null
      $assertionsDisabled = true
    xmlFile = class java.io.File@4dbf21ca
      fs = class java.io.WinNTFileSystem@2e86b607
      path = "D:\devel\tools\wlp\usr\servers\defaultServer\apps\testingPrimefaces.war.xml"
      status = class java.io.File$PathStatus@1045309c
      prefixLength = 3
      separatorChar = \
      separator = "\"
      pathSeparatorChar = ;
      pathSeparator = ";"
      PATH_OFFSET = 16
      PREFIX_LENGTH_OFFSET = 12
      UNSAFE = class sun.misc.Unsafe@41d8faaf
      serialVersionUID = 301077366599181567
      filePath = null
      $assertionsDisabled = true
    parent = null
    cfh = class com.ibm.ws.artifact.loose.internal.LooseContainerFactoryHelper@7848c6a5
      locationService = class com.ibm.ws.kernel.service.location.internal.WsLocationAdminImpl@6a7afca6
      containerFactoryReference = class com.ibm.wsspi.kernel.service.utils.AtomicServiceReference@93946b9
      ctx = class org.eclipse.osgi.internal.framework.BundleContextImpl@63ab3ad
      tc = class com.ibm.websphere.ras.TraceComponent@4c9a4d27
      serialVersionUID = -6436244972857197695
    pathInParent = null
    _entries = class java.util.ArrayList@47122184
      serialVersionUID = 8683452581122892189
      DEFAULT_CAPACITY = 10
      EMPTY_ELEMENTDATA = class java.lang.Object[0]
      DEFAULTCAPACITY_EMPTY_ELEMENTDATA = class java.lang.Object[0]
      elementData = class java.lang.Object[10]
      size = 1
      MAX_ARRAY_SIZE = 2147483639
      modCount = 1
      MAX_ARRAY_SIZE = 2147483639
    tc = class com.ibm.websphere.ras.TraceComponent@27c5f526
      strings[0] = "TraceComponent[com.ibm.ws.artifact.loose.internal.LooseArchive,class com.ibm.ws.artifact.loose.internal.LooseArchive,[archive.artifact.xml],com.ibm.ws.artifact.loose.internal.resources.LooseApiMessages,null]"
    artifactNotifier = class com.ibm.ws.artifact.loose.internal.LooseArtifactNotifier@1a0365fc
      root = class com.ibm.ws.artifact.loose.internal.LooseArchive@42fc4f48
      entries = class java.util.ArrayList@47122184
      serviceProperties = class java.util.Hashtable@b499189
      nonRecurseServiceProperties = class java.util.Hashtable@50c7bdcc
      interval = 500
      notificationType = "external"
      ctx = class org.eclipse.osgi.internal.framework.BundleContextImpl@63ab3ad
      service = class org.eclipse.osgi.internal.serviceregistry.ServiceRegistrationImpl@75021cc7
      nonRecurseService = class org.eclipse.osgi.internal.serviceregistry.ServiceRegistrationImpl@3960175d
      filesToMonitor = class java.util.TreeMap@388a1b0e
      filesBeingMonitored = class java.util.HashSet@e4b12ea
      dirsToMonitor = class java.util.TreeMap@49491f73
      dirsBeingMonitored = class java.util.HashSet@240de24b
      listeners = class java.util.concurrent.CopyOnWriteArrayList@4cb7dfaf
      pathsBeingMonitored = class java.util.HashSet@1abd5891
      parent = null
      children = class java.util.HashMap@1b0e6e32
      enabledChildren = class java.util.ArrayList@505ac8a2
      pathInParent = null
      serialVersionUID = 2923725971363407990
      $$$tc$$$ = class com.ibm.websphere.ras.TraceComponent@28a1b1fb
    serialVersionUID = 345486831272892625
  maskSet = class java.util.HashSet@181476fa
    serialVersionUID = -5024744406713321676
    map = class java.util.HashMap@39a37ee
      serialVersionUID = 362498820763181265
      DEFAULT_INITIAL_CAPACITY = 16
      MAXIMUM_CAPACITY = 1073741824
      DEFAULT_LOAD_FACTOR = 0.75
      TREEIFY_THRESHOLD = 8
      UNTREEIFY_THRESHOLD = 6
      MIN_TREEIFY_CAPACITY = 64
      table = null
      entrySet = null
      size = 0
      modCount = 0
      threshold = 0
      loadFactor = 0.75
      keySet = null
      values = null
    PRESENT = class java.lang.Object@1d251ce4
    MAX_ARRAY_SIZE = 2147483639
  cfHolder = class com.ibm.ws.artifact.overlay.internal.OverlayContainerFactoryImpl@1999da3b
    containerFactory = class com.ibm.ws.artifact.internal.ArtifactContainerFactoryService@1529f36e
      CATEGORY_PROP_NAME = "category"
      ENTRY_KEY = "com.ibm.wsspi.artifact.ArtifactEntry"
      helperMap = class com.ibm.wsspi.kernel.service.utils.ConcurrentServiceReferenceSetMap@4937d3ab
      contributorMap = class com.ibm.wsspi.kernel.service.utils.ConcurrentServiceReferenceSetMap@467ee289
      helperCategoryMap = class com.ibm.wsspi.kernel.service.utils.ConcurrentServiceReferenceSetMap@45d923bc
      contributorCategoryMap = class com.ibm.wsspi.kernel.service.utils.ConcurrentServiceReferenceSetMap@1a91662c
      categories = class java.util.Collections$SynchronizedSet@6d4c445e
      baseProperties = class org.apache.felix.scr.impl.helper.ReadOnlyDictionary@5c9789d4
      serialVersionUID = -3101641399269402013
      $$$tc$$$ = class com.ibm.websphere.ras.TraceComponent@b0b148c
    serialVersionUID = 6296466117843221178
    $$$tc$$$ = class com.ibm.websphere.ras.TraceComponent@77ed6bb3
      strings[0] = "TraceComponent[com.ibm.ws.artifact.overlay.internal.OverlayContainerFactoryImpl,class com.ibm.ws.artifact.overlay.internal.OverlayContainerFactoryImpl,[archive.overlay],,null]"
  fileOverlayContainer = class com.ibm.ws.artifact.file.internal.FileContainer@4f8b3fc1
    containerFactoryHolder = class com.ibm.ws.artifact.file.internal.FileContainerFactory@41ee3908
      containerFactory = class com.ibm.ws.artifact.internal.ArtifactContainerFactoryService@1529f36e
      ctx = class org.eclipse.osgi.internal.framework.BundleContextImpl@4d6bdbd5
      serialVersionUID = 8609113308325935405
      $$$tc$$$ = class com.ibm.websphere.ras.TraceComponent@d5389fa
    parent = null
    thisInParent = null
    dir = class java.io.File@5c71e7e7
    cacheDir = class java.io.File@7c57652e
    isRoot = true
    root = class com.ibm.ws.artifact.file.internal.FileContainer@4f8b3fc1
    artifactNotifier = class com.ibm.ws.artifact.file.FileArtifactNotifier@4e8ffbdf
      root = class com.ibm.ws.artifact.file.internal.FileContainer@4f8b3fc1
      cfh = class com.ibm.ws.artifact.file.internal.FileContainerFactory@41ee3908
      serviceProperties = class java.util.Hashtable@7841ec7f
      service = class org.eclipse.osgi.internal.serviceregistry.ServiceRegistrationImpl@3957ee3d
      nonRecurseService = class org.eclipse.osgi.internal.serviceregistry.ServiceRegistrationImpl@3280e7f9
      nonRecurseServiceProperties = class java.util.Hashtable@7240d7ac
      listeners = class java.util.concurrent.ConcurrentHashMap@1bbe0fbe
      nonRecurselisteners = class java.util.concurrent.ConcurrentHashMap@5d073bc4
      pathsBeingMonitored = class java.util.HashSet@2ad2060f
      nonRecursePathsBeingMonitored = class java.util.HashSet@5edb594e
      rootAbsolutePath = "D:\devel\tools\wlp\usr\servers\defaultServer\workarea\org.eclipse.osgi\77\data\cacheAdapt\com.ibm.ws.app.manager_20\.overlay"
      interval = 500
      notificationType = "external"
      nonRecurseMonitor = class com.ibm.ws.artifact.file.FileArtifactNotifier$FileArtifactMonitor@35f36ed4
      recurseMonitor = class com.ibm.ws.artifact.file.FileArtifactNotifier$FileArtifactMonitor@514ebab5
      serialVersionUID = -423938483708516951
      $$$tc$$$ = class com.ibm.websphere.ras.TraceComponent@3f38258e
    serialVersionUID = -542248409847968651
    $$$tc$$$ = class com.ibm.websphere.ras.TraceComponent@338d8c59
      strings[0] = "TraceComponent[com.ibm.ws.artifact.file.internal.FileContainer,class com.ibm.ws.artifact.file.internal.FileContainer,[archive.artifact.file],,null]"
  overlayDirectory = class java.io.File@5c71e7e7
    fs = class java.io.WinNTFileSystem@2e86b607
      slash = \
      altSlash = /
      semicolon = ;
      driveDirCache = class java.lang.String[26]
      cache = class java.io.ExpiringCache@79bc06d
      prefixCache = class java.io.ExpiringCache@2b1afe3
      BA_EXISTS = 1
      BA_REGULAR = 2
      BA_DIRECTORY = 4
      BA_HIDDEN = 8
      ACCESS_READ = 4
      ACCESS_WRITE = 2
      ACCESS_EXECUTE = 1
      SPACE_TOTAL = 0
      SPACE_FREE = 1
      SPACE_USABLE = 2
      useCanonCaches = true
      useCanonPrefixCache = true
    path = "D:\devel\tools\wlp\usr\servers\defaultServer\workarea\org.eclipse.osgi\77\data\cacheAdapt\com.ibm.ws.app.manager_20\.overlay"
    status = class java.io.File$PathStatus@1045309c
      INVALID = class java.io.File$PathStatus@4b54e300
      CHECKED = class java.io.File$PathStatus@1045309c
      $VALUES = class java.io.File$PathStatus[2]
      name = "CHECKED"
      ordinal = 1
    prefixLength = 3
    separatorChar = \
    separator = "\"
    pathSeparatorChar = ;
    pathSeparator = ";"
    PATH_OFFSET = 16
    PREFIX_LENGTH_OFFSET = 12
    UNSAFE = class sun.misc.Unsafe@41d8faaf
      theUnsafe = class sun.misc.Unsafe@41d8faaf
      INVALID_FIELD_OFFSET = -1
      ARRAY_BOOLEAN_BASE_OFFSET = 16
      ARRAY_BYTE_BASE_OFFSET = 16
      ARRAY_SHORT_BASE_OFFSET = 16
      ARRAY_CHAR_BASE_OFFSET = 16
      ARRAY_INT_BASE_OFFSET = 16
      ARRAY_LONG_BASE_OFFSET = 16
      ARRAY_FLOAT_BASE_OFFSET = 16
      ARRAY_DOUBLE_BASE_OFFSET = 16
      ARRAY_OBJECT_BASE_OFFSET = 16
      ARRAY_BOOLEAN_INDEX_SCALE = 1
      ARRAY_BYTE_INDEX_SCALE = 1
      ARRAY_SHORT_INDEX_SCALE = 2
      ARRAY_CHAR_INDEX_SCALE = 2
      ARRAY_INT_INDEX_SCALE = 4
      ARRAY_LONG_INDEX_SCALE = 8
      ARRAY_FLOAT_INDEX_SCALE = 4
      ARRAY_DOUBLE_INDEX_SCALE = 8
      ARRAY_OBJECT_INDEX_SCALE = 4
      ADDRESS_SIZE = 8
    serialVersionUID = 301077366599181567
    filePath = null
    $assertionsDisabled = true
  cacheDirForOverlay = class java.io.File@7c57652e
    fs = class java.io.WinNTFileSystem@2e86b607
    path = "D:\devel\tools\wlp\usr\servers\defaultServer\workarea\org.eclipse.osgi\77\data\cacheOverlay\com.ibm.ws.app.manager_20"
    status = class java.io.File$PathStatus@1045309c
    prefixLength = 3
    separatorChar = \
    separator = "\"
    pathSeparatorChar = ;
    pathSeparator = ";"
    PATH_OFFSET = 16
    PREFIX_LENGTH_OFFSET = 12
    UNSAFE = class sun.misc.Unsafe@41d8faaf
    serialVersionUID = 301077366599181567
    filePath = null
    $assertionsDisabled = true
  overlayNotifier = class com.ibm.ws.artifact.overlay.internal.DirectoryBasedOverlayNotifier@31c7af67
    root = class com.ibm.ws.artifact.overlay.internal.DirectoryBasedOverlayContainerImpl@471fde61
    overlayContainer = class com.ibm.ws.artifact.file.internal.FileContainer@4f8b3fc1
    overlaidContainer = class com.ibm.ws.artifact.loose.internal.LooseArchive@42fc4f48
    listeningToContainers = true
    listeners = class java.util.concurrent.ConcurrentHashMap@4508d597
      serialVersionUID = 7249069246763182397
      MAXIMUM_CAPACITY = 1073741824
      DEFAULT_CAPACITY = 16
      MAX_ARRAY_SIZE = 2147483639
      DEFAULT_CONCURRENCY_LEVEL = 16
      LOAD_FACTOR = 0.75
      TREEIFY_THRESHOLD = 8
      UNTREEIFY_THRESHOLD = 6
      MIN_TREEIFY_CAPACITY = 64
      MIN_TRANSFER_STRIDE = 16
      RESIZE_STAMP_BITS = 16
      MAX_RESIZERS = 65535
      RESIZE_STAMP_SHIFT = 16
      MOVED = -1
      TREEBIN = -2
      RESERVED = -3
      HASH_BITS = 2147483647
      NCPU = 4
      serialPersistentFields = class java.io.ObjectStreamField[3]
      table = class java.util.concurrent.ConcurrentHashMap$Node[16]
      nextTable = null
      baseCount = 3
      sizeCtl = 12
      transferIndex = 0
      cellsBusy = 0
      counterCells = null
      keySet = class java.util.concurrent.ConcurrentHashMap$KeySetView@7278de44
      values = null
      entrySet = null
      U = class sun.misc.Unsafe@41d8faaf
      SIZECTL = 20
      TRANSFERINDEX = 32
      BASECOUNT = 24
      CELLSBUSY = 36
      CELLVALUE = 144
      ABASE = 16
      ASHIFT = 2
      keySet = null
      values = null
    pathsMonitored = class java.util.HashSet@7984d271
      serialVersionUID = -5024744406713321676
      map = class java.util.HashMap@233044d4
      PRESENT = class java.lang.Object@1d251ce4
      MAX_ARRAY_SIZE = 2147483639
    parentNotifier = null
    pathOfEntryInParent = null
    id = null
    serialVersionUID = -5716655730663296309
    $$$tc$$$ = class com.ibm.websphere.ras.TraceComponent@42b0b4d9
      strings[0] = "TraceComponent[com.ibm.ws.artifact.overlay.internal.DirectoryBasedOverlayNotifier,class com.ibm.ws.artifact.overlay.internal.DirectoryBasedOverlayNotifier,[archive.overlay],,null]"
  enclosingContainer = null
  entryInEnclosingContainer = null
  nestedOverlays = class java.util.concurrent.ConcurrentHashMap@474f7ff8
    serialVersionUID = 7249069246763182397
    MAXIMUM_CAPACITY = 1073741824
    DEFAULT_CAPACITY = 16
    MAX_ARRAY_SIZE = 2147483639
    DEFAULT_CONCURRENCY_LEVEL = 16
    LOAD_FACTOR = 0.75
    TREEIFY_THRESHOLD = 8
    UNTREEIFY_THRESHOLD = 6
    MIN_TREEIFY_CAPACITY = 64
    MIN_TRANSFER_STRIDE = 16
    RESIZE_STAMP_BITS = 16
    MAX_RESIZERS = 65535
    RESIZE_STAMP_SHIFT = 16
    MOVED = -1
    TREEBIN = -2
    RESERVED = -3
    HASH_BITS = 2147483647
    NCPU = 4
    serialPersistentFields = class java.io.ObjectStreamField[3]
      ObjectStreamField[0] = class java.io.ObjectStreamField@3361e11b
      ObjectStreamField[1] = class java.io.ObjectStreamField@4a7dcd79
      ObjectStreamField[2] = class java.io.ObjectStreamField@11ec7a7e
    table = class java.util.concurrent.ConcurrentHashMap$Node[16]
      Node[0] = class java.util.concurrent.ConcurrentHashMap$Node@2b2b5c51
      Node[1] = class java.util.concurrent.ConcurrentHashMap$Node@2e748ff4
      Node[2] = null
      Node[3] = null
      Node[4] = null
      Node[5] = null
      Node[6] = null
      Node[7] = null
      Node[8] = null
      Node[9] = null
      Node[10] = null
      Node[11] = null
      Node[12] = null
      Node[13] = null
      Node[14] = class java.util.concurrent.ConcurrentHashMap$Node@355b898b
      Node[15] = null
    nextTable = null
    baseCount = 4
    sizeCtl = 12
    transferIndex = 0
    cellsBusy = 0
    counterCells = null
    keySet = null
    values = null
    entrySet = null
    U = class sun.misc.Unsafe@41d8faaf
    SIZECTL = 20
    TRANSFERINDEX = 32
    BASECOUNT = 24
    CELLSBUSY = 36
    CELLVALUE = 144
    ABASE = 16
    ASHIFT = 2
    keySet = null
    values = null
  cacheStore = class com.ibm.ws.artifact.overlay.internal.OverlayCache@51ac35e7
    cache = class java.util.HashMap@2ec2c51
      serialVersionUID = 362498820763181265
      DEFAULT_INITIAL_CAPACITY = 16
      MAXIMUM_CAPACITY = 1073741824
      DEFAULT_LOAD_FACTOR = 0.75
      TREEIFY_THRESHOLD = 8
      UNTREEIFY_THRESHOLD = 6
      MIN_TREEIFY_CAPACITY = 64
      table = class java.util.HashMap$Node[16]
      entrySet = null
      size = 2
      modCount = 2
      threshold = 12
      loadFactor = 0.75
      keySet = null
      values = null
    serialVersionUID = -7877512378170016077
    $$$tc$$$ = class com.ibm.websphere.ras.TraceComponent@26e46973
      strings[0] = "TraceComponent[com.ibm.ws.artifact.overlay.internal.OverlayCache,class com.ibm.ws.artifact.overlay.internal.OverlayCache,[archive.overlay],,null]"
  parentOverlay = null
  isPassThroughMode = true
  serialVersionUID = -1690795617118238166
  $$$tc$$$ = class com.ibm.websphere.ras.TraceComponent@20ac7610
    strings[0] = "TraceComponent[com.ibm.ws.artifact.overlay.internal.DirectoryBasedOverlayContainerImpl,class com.ibm.ws.artifact.overlay.internal.DirectoryBasedOverlayContainerImpl,[archive.overlay],,null]"

Dump of objectArray[2]
Object type = com.ibm.ws.artifact.overlay.internal.DirectoryBasedOverlayContainerImpl
  base = class com.ibm.ws.artifact.loose.internal.LooseArchive@42fc4f48
    cacheDir = class java.io.File@1f48408a
      fs = class java.io.WinNTFileSystem@2e86b607
      path = "D:\devel\tools\wlp\usr\servers\defaultServer\workarea\org.eclipse.osgi\77\data\cache\com.ibm.ws.app.manager_20"
      status = class java.io.File$PathStatus@1045309c
      prefixLength = 3
      separatorChar = \
      separator = "\"
      pathSeparatorChar = ;
      pathSeparator = ";"
      PATH_OFFSET = 16
      PREFIX_LENGTH_OFFSET = 12
      UNSAFE = class sun.misc.Unsafe@41d8faaf
      serialVersionUID = 301077366599181567
      filePath = null
      $assertionsDisabled = true
    xmlFile = class java.io.File@4dbf21ca
      fs = class java.io.WinNTFileSystem@2e86b607
      path = "D:\devel\tools\wlp\usr\servers\defaultServer\apps\testingPrimefaces.war.xml"
      status = class java.io.File$PathStatus@1045309c
      prefixLength = 3
      separatorChar = \
      separator = "\"
      pathSeparatorChar = ;
      pathSeparator = ";"
      PATH_OFFSET = 16
      PREFIX_LENGTH_OFFSET = 12
      UNSAFE = class sun.misc.Unsafe@41d8faaf
      serialVersionUID = 301077366599181567
      filePath = null
      $assertionsDisabled = true
    parent = null
    cfh = class com.ibm.ws.artifact.loose.internal.LooseContainerFactoryHelper@7848c6a5
      locationService = class com.ibm.ws.kernel.service.location.internal.WsLocationAdminImpl@6a7afca6
      containerFactoryReference = class com.ibm.wsspi.kernel.service.utils.AtomicServiceReference@93946b9
      ctx = class org.eclipse.osgi.internal.framework.BundleContextImpl@63ab3ad
      tc = class com.ibm.websphere.ras.TraceComponent@4c9a4d27
      serialVersionUID = -6436244972857197695
    pathInParent = null
    _entries = class java.util.ArrayList@47122184
      serialVersionUID = 8683452581122892189
      DEFAULT_CAPACITY = 10
      EMPTY_ELEMENTDATA = class java.lang.Object[0]
      DEFAULTCAPACITY_EMPTY_ELEMENTDATA = class java.lang.Object[0]
      elementData = class java.lang.Object[10]
      size = 1
      MAX_ARRAY_SIZE = 2147483639
      modCount = 1
      MAX_ARRAY_SIZE = 2147483639
    tc = class com.ibm.websphere.ras.TraceComponent@27c5f526
      strings[0] = "TraceComponent[com.ibm.ws.artifact.loose.internal.LooseArchive,class com.ibm.ws.artifact.loose.internal.LooseArchive,[archive.artifact.xml],com.ibm.ws.artifact.loose.internal.resources.LooseApiMessages,null]"
    artifactNotifier = class com.ibm.ws.artifact.loose.internal.LooseArtifactNotifier@1a0365fc
      root = class com.ibm.ws.artifact.loose.internal.LooseArchive@42fc4f48
      entries = class java.util.ArrayList@47122184
      serviceProperties = class java.util.Hashtable@b499189
      nonRecurseServiceProperties = class java.util.Hashtable@50c7bdcc
      interval = 500
      notificationType = "external"
      ctx = class org.eclipse.osgi.internal.framework.BundleContextImpl@63ab3ad
      service = class org.eclipse.osgi.internal.serviceregistry.ServiceRegistrationImpl@75021cc7
      nonRecurseService = class org.eclipse.osgi.internal.serviceregistry.ServiceRegistrationImpl@3960175d
      filesToMonitor = class java.util.TreeMap@388a1b0e
      filesBeingMonitored = class java.util.HashSet@e4b12ea
      dirsToMonitor = class java.util.TreeMap@49491f73
      dirsBeingMonitored = class java.util.HashSet@240de24b
      listeners = class java.util.concurrent.CopyOnWriteArrayList@4cb7dfaf
      pathsBeingMonitored = class java.util.HashSet@1abd5891
      parent = null
      children = class java.util.HashMap@1b0e6e32
      enabledChildren = class java.util.ArrayList@505ac8a2
      pathInParent = null
      serialVersionUID = 2923725971363407990
      $$$tc$$$ = class com.ibm.websphere.ras.TraceComponent@28a1b1fb
    serialVersionUID = 345486831272892625
  maskSet = class java.util.HashSet@181476fa
    serialVersionUID = -5024744406713321676
    map = class java.util.HashMap@39a37ee
      serialVersionUID = 362498820763181265
      DEFAULT_INITIAL_CAPACITY = 16
      MAXIMUM_CAPACITY = 1073741824
      DEFAULT_LOAD_FACTOR = 0.75
      TREEIFY_THRESHOLD = 8
      UNTREEIFY_THRESHOLD = 6
      MIN_TREEIFY_CAPACITY = 64
      table = null
      entrySet = null
      size = 0
      modCount = 0
      threshold = 0
      loadFactor = 0.75
      keySet = null
      values = null
    PRESENT = class java.lang.Object@1d251ce4
    MAX_ARRAY_SIZE = 2147483639
  cfHolder = class com.ibm.ws.artifact.overlay.internal.OverlayContainerFactoryImpl@1999da3b
    containerFactory = class com.ibm.ws.artifact.internal.ArtifactContainerFactoryService@1529f36e
      CATEGORY_PROP_NAME = "category"
      ENTRY_KEY = "com.ibm.wsspi.artifact.ArtifactEntry"
      helperMap = class com.ibm.wsspi.kernel.service.utils.ConcurrentServiceReferenceSetMap@4937d3ab
      contributorMap = class com.ibm.wsspi.kernel.service.utils.ConcurrentServiceReferenceSetMap@467ee289
      helperCategoryMap = class com.ibm.wsspi.kernel.service.utils.ConcurrentServiceReferenceSetMap@45d923bc
      contributorCategoryMap = class com.ibm.wsspi.kernel.service.utils.ConcurrentServiceReferenceSetMap@1a91662c
      categories = class java.util.Collections$SynchronizedSet@6d4c445e
      baseProperties = class org.apache.felix.scr.impl.helper.ReadOnlyDictionary@5c9789d4
      serialVersionUID = -3101641399269402013
      $$$tc$$$ = class com.ibm.websphere.ras.TraceComponent@b0b148c
    serialVersionUID = 6296466117843221178
    $$$tc$$$ = class com.ibm.websphere.ras.TraceComponent@77ed6bb3
      strings[0] = "TraceComponent[com.ibm.ws.artifact.overlay.internal.OverlayContainerFactoryImpl,class com.ibm.ws.artifact.overlay.internal.OverlayContainerFactoryImpl,[archive.overlay],,null]"
  fileOverlayContainer = class com.ibm.ws.artifact.file.internal.FileContainer@4f8b3fc1
    containerFactoryHolder = class com.ibm.ws.artifact.file.internal.FileContainerFactory@41ee3908
      containerFactory = class com.ibm.ws.artifact.internal.ArtifactContainerFactoryService@1529f36e
      ctx = class org.eclipse.osgi.internal.framework.BundleContextImpl@4d6bdbd5
      serialVersionUID = 8609113308325935405
      $$$tc$$$ = class com.ibm.websphere.ras.TraceComponent@d5389fa
    parent = null
    thisInParent = null
    dir = class java.io.File@5c71e7e7
    cacheDir = class java.io.File@7c57652e
    isRoot = true
    root = class com.ibm.ws.artifact.file.internal.FileContainer@4f8b3fc1
    artifactNotifier = class com.ibm.ws.artifact.file.FileArtifactNotifier@4e8ffbdf
      root = class com.ibm.ws.artifact.file.internal.FileContainer@4f8b3fc1
      cfh = class com.ibm.ws.artifact.file.internal.FileContainerFactory@41ee3908
      serviceProperties = class java.util.Hashtable@7841ec7f
      service = class org.eclipse.osgi.internal.serviceregistry.ServiceRegistrationImpl@3957ee3d
      nonRecurseService = class org.eclipse.osgi.internal.serviceregistry.ServiceRegistrationImpl@3280e7f9
      nonRecurseServiceProperties = class java.util.Hashtable@7240d7ac
      listeners = class java.util.concurrent.ConcurrentHashMap@1bbe0fbe
      nonRecurselisteners = class java.util.concurrent.ConcurrentHashMap@5d073bc4
      pathsBeingMonitored = class java.util.HashSet@2ad2060f
      nonRecursePathsBeingMonitored = class java.util.HashSet@5edb594e
      rootAbsolutePath = "D:\devel\tools\wlp\usr\servers\defaultServer\workarea\org.eclipse.osgi\77\data\cacheAdapt\com.ibm.ws.app.manager_20\.overlay"
      interval = 500
      notificationType = "external"
      nonRecurseMonitor = class com.ibm.ws.artifact.file.FileArtifactNotifier$FileArtifactMonitor@35f36ed4
      recurseMonitor = class com.ibm.ws.artifact.file.FileArtifactNotifier$FileArtifactMonitor@514ebab5
      serialVersionUID = -423938483708516951
      $$$tc$$$ = class com.ibm.websphere.ras.TraceComponent@3f38258e
    serialVersionUID = -542248409847968651
    $$$tc$$$ = class com.ibm.websphere.ras.TraceComponent@338d8c59
      strings[0] = "TraceComponent[com.ibm.ws.artifact.file.internal.FileContainer,class com.ibm.ws.artifact.file.internal.FileContainer,[archive.artifact.file],,null]"
  overlayDirectory = class java.io.File@5c71e7e7
    fs = class java.io.WinNTFileSystem@2e86b607
      slash = \
      altSlash = /
      semicolon = ;
      driveDirCache = class java.lang.String[26]
      cache = class java.io.ExpiringCache@79bc06d
      prefixCache = class java.io.ExpiringCache@2b1afe3
      BA_EXISTS = 1
      BA_REGULAR = 2
      BA_DIRECTORY = 4
      BA_HIDDEN = 8
      ACCESS_READ = 4
      ACCESS_WRITE = 2
      ACCESS_EXECUTE = 1
      SPACE_TOTAL = 0
      SPACE_FREE = 1
      SPACE_USABLE = 2
      useCanonCaches = true
      useCanonPrefixCache = true
    path = "D:\devel\tools\wlp\usr\servers\defaultServer\workarea\org.eclipse.osgi\77\data\cacheAdapt\com.ibm.ws.app.manager_20\.overlay"
    status = class java.io.File$PathStatus@1045309c
      INVALID = class java.io.File$PathStatus@4b54e300
      CHECKED = class java.io.File$PathStatus@1045309c
      $VALUES = class java.io.File$PathStatus[2]
      name = "CHECKED"
      ordinal = 1
    prefixLength = 3
    separatorChar = \
    separator = "\"
    pathSeparatorChar = ;
    pathSeparator = ";"
    PATH_OFFSET = 16
    PREFIX_LENGTH_OFFSET = 12
    UNSAFE = class sun.misc.Unsafe@41d8faaf
      theUnsafe = class sun.misc.Unsafe@41d8faaf
      INVALID_FIELD_OFFSET = -1
      ARRAY_BOOLEAN_BASE_OFFSET = 16
      ARRAY_BYTE_BASE_OFFSET = 16
      ARRAY_SHORT_BASE_OFFSET = 16
      ARRAY_CHAR_BASE_OFFSET = 16
      ARRAY_INT_BASE_OFFSET = 16
      ARRAY_LONG_BASE_OFFSET = 16
      ARRAY_FLOAT_BASE_OFFSET = 16
      ARRAY_DOUBLE_BASE_OFFSET = 16
      ARRAY_OBJECT_BASE_OFFSET = 16
      ARRAY_BOOLEAN_INDEX_SCALE = 1
      ARRAY_BYTE_INDEX_SCALE = 1
      ARRAY_SHORT_INDEX_SCALE = 2
      ARRAY_CHAR_INDEX_SCALE = 2
      ARRAY_INT_INDEX_SCALE = 4
      ARRAY_LONG_INDEX_SCALE = 8
      ARRAY_FLOAT_INDEX_SCALE = 4
      ARRAY_DOUBLE_INDEX_SCALE = 8
      ARRAY_OBJECT_INDEX_SCALE = 4
      ADDRESS_SIZE = 8
    serialVersionUID = 301077366599181567
    filePath = null
    $assertionsDisabled = true
  cacheDirForOverlay = class java.io.File@7c57652e
    fs = class java.io.WinNTFileSystem@2e86b607
    path = "D:\devel\tools\wlp\usr\servers\defaultServer\workarea\org.eclipse.osgi\77\data\cacheOverlay\com.ibm.ws.app.manager_20"
    status = class java.io.File$PathStatus@1045309c
    prefixLength = 3
    separatorChar = \
    separator = "\"
    pathSeparatorChar = ;
    pathSeparator = ";"
    PATH_OFFSET = 16
    PREFIX_LENGTH_OFFSET = 12
    UNSAFE = class sun.misc.Unsafe@41d8faaf
    serialVersionUID = 301077366599181567
    filePath = null
    $assertionsDisabled = true
  overlayNotifier = class com.ibm.ws.artifact.overlay.internal.DirectoryBasedOverlayNotifier@31c7af67
    root = class com.ibm.ws.artifact.overlay.internal.DirectoryBasedOverlayContainerImpl@471fde61
    overlayContainer = class com.ibm.ws.artifact.file.internal.FileContainer@4f8b3fc1
    overlaidContainer = class com.ibm.ws.artifact.loose.internal.LooseArchive@42fc4f48
    listeningToContainers = true
    listeners = class java.util.concurrent.ConcurrentHashMap@4508d597
      serialVersionUID = 7249069246763182397
      MAXIMUM_CAPACITY = 1073741824
      DEFAULT_CAPACITY = 16
      MAX_ARRAY_SIZE = 2147483639
      DEFAULT_CONCURRENCY_LEVEL = 16
      LOAD_FACTOR = 0.75
      TREEIFY_THRESHOLD = 8
      UNTREEIFY_THRESHOLD = 6
      MIN_TREEIFY_CAPACITY = 64
      MIN_TRANSFER_STRIDE = 16
      RESIZE_STAMP_BITS = 16
      MAX_RESIZERS = 65535
      RESIZE_STAMP_SHIFT = 16
      MOVED = -1
      TREEBIN = -2
      RESERVED = -3
      HASH_BITS = 2147483647
      NCPU = 4
      serialPersistentFields = class java.io.ObjectStreamField[3]
      table = class java.util.concurrent.ConcurrentHashMap$Node[16]
      nextTable = null
      baseCount = 3
      sizeCtl = 12
      transferIndex = 0
      cellsBusy = 0
      counterCells = null
      keySet = class java.util.concurrent.ConcurrentHashMap$KeySetView@7278de44
      values = null
      entrySet = null
      U = class sun.misc.Unsafe@41d8faaf
      SIZECTL = 20
      TRANSFERINDEX = 32
      BASECOUNT = 24
      CELLSBUSY = 36
      CELLVALUE = 144
      ABASE = 16
      ASHIFT = 2
      keySet = null
      values = null
    pathsMonitored = class java.util.HashSet@7984d271
      serialVersionUID = -5024744406713321676
      map = class java.util.HashMap@233044d4
      PRESENT = class java.lang.Object@1d251ce4
      MAX_ARRAY_SIZE = 2147483639
    parentNotifier = null
    pathOfEntryInParent = null
    id = null
    serialVersionUID = -5716655730663296309
    $$$tc$$$ = class com.ibm.websphere.ras.TraceComponent@42b0b4d9
      strings[0] = "TraceComponent[com.ibm.ws.artifact.overlay.internal.DirectoryBasedOverlayNotifier,class com.ibm.ws.artifact.overlay.internal.DirectoryBasedOverlayNotifier,[archive.overlay],,null]"
  enclosingContainer = null
  entryInEnclosingContainer = null
  nestedOverlays = class java.util.concurrent.ConcurrentHashMap@474f7ff8
    serialVersionUID = 7249069246763182397
    MAXIMUM_CAPACITY = 1073741824
    DEFAULT_CAPACITY = 16
    MAX_ARRAY_SIZE = 2147483639
    DEFAULT_CONCURRENCY_LEVEL = 16
    LOAD_FACTOR = 0.75
    TREEIFY_THRESHOLD = 8
    UNTREEIFY_THRESHOLD = 6
    MIN_TREEIFY_CAPACITY = 64
    MIN_TRANSFER_STRIDE = 16
    RESIZE_STAMP_BITS = 16
    MAX_RESIZERS = 65535
    RESIZE_STAMP_SHIFT = 16
    MOVED = -1
    TREEBIN = -2
    RESERVED = -3
    HASH_BITS = 2147483647
    NCPU = 4
    serialPersistentFields = class java.io.ObjectStreamField[3]
      ObjectStreamField[0] = class java.io.ObjectStreamField@3361e11b
      ObjectStreamField[1] = class java.io.ObjectStreamField@4a7dcd79
      ObjectStreamField[2] = class java.io.ObjectStreamField@11ec7a7e
    table = class java.util.concurrent.ConcurrentHashMap$Node[16]
      Node[0] = class java.util.concurrent.ConcurrentHashMap$Node@2b2b5c51
      Node[1] = class java.util.concurrent.ConcurrentHashMap$Node@2e748ff4
      Node[2] = null
      Node[3] = null
      Node[4] = null
      Node[5] = null
      Node[6] = null
      Node[7] = null
      Node[8] = null
      Node[9] = null
      Node[10] = null
      Node[11] = null
      Node[12] = null
      Node[13] = null
      Node[14] = class java.util.concurrent.ConcurrentHashMap$Node@355b898b
      Node[15] = null
    nextTable = null
    baseCount = 4
    sizeCtl = 12
    transferIndex = 0
    cellsBusy = 0
    counterCells = null
    keySet = null
    values = null
    entrySet = null
    U = class sun.misc.Unsafe@41d8faaf
    SIZECTL = 20
    TRANSFERINDEX = 32
    BASECOUNT = 24
    CELLSBUSY = 36
    CELLVALUE = 144
    ABASE = 16
    ASHIFT = 2
    keySet = null
    values = null
  cacheStore = class com.ibm.ws.artifact.overlay.internal.OverlayCache@51ac35e7
    cache = class java.util.HashMap@2ec2c51
      serialVersionUID = 362498820763181265
      DEFAULT_INITIAL_CAPACITY = 16
      MAXIMUM_CAPACITY = 1073741824
      DEFAULT_LOAD_FACTOR = 0.75
      TREEIFY_THRESHOLD = 8
      UNTREEIFY_THRESHOLD = 6
      MIN_TREEIFY_CAPACITY = 64
      table = class java.util.HashMap$Node[16]
      entrySet = null
      size = 2
      modCount = 2
      threshold = 12
      loadFactor = 0.75
      keySet = null
      values = null
    serialVersionUID = -7877512378170016077
    $$$tc$$$ = class com.ibm.websphere.ras.TraceComponent@26e46973
      strings[0] = "TraceComponent[com.ibm.ws.artifact.overlay.internal.OverlayCache,class com.ibm.ws.artifact.overlay.internal.OverlayCache,[archive.overlay],,null]"
  parentOverlay = null
  isPassThroughMode = true
  serialVersionUID = -1690795617118238166
  $$$tc$$$ = class com.ibm.websphere.ras.TraceComponent@20ac7610
    strings[0] = "TraceComponent[com.ibm.ws.artifact.overlay.internal.DirectoryBasedOverlayContainerImpl,class com.ibm.ws.artifact.overlay.internal.DirectoryBasedOverlayContainerImpl,[archive.overlay],,null]"

Dump of objectArray[3]
Object type = com.ibm.ws.adaptable.module.internal.AdaptableContainerImpl
  root = class com.ibm.ws.adaptable.module.internal.AdaptableContainerImpl@5d49094b
  rootOverlay = class com.ibm.ws.artifact.overlay.internal.DirectoryBasedOverlayContainerImpl@471fde61
    base = class com.ibm.ws.artifact.loose.internal.LooseArchive@42fc4f48
      cacheDir = class java.io.File@1f48408a
      xmlFile = class java.io.File@4dbf21ca
      parent = null
      cfh = class com.ibm.ws.artifact.loose.internal.LooseContainerFactoryHelper@7848c6a5
      pathInParent = null
      _entries = class java.util.ArrayList@47122184
      tc = class com.ibm.websphere.ras.TraceComponent@27c5f526
      artifactNotifier = class com.ibm.ws.artifact.loose.internal.LooseArtifactNotifier@1a0365fc
      serialVersionUID = 345486831272892625
    maskSet = class java.util.HashSet@181476fa
      serialVersionUID = -5024744406713321676
      map = class java.util.HashMap@39a37ee
      PRESENT = class java.lang.Object@1d251ce4
      MAX_ARRAY_SIZE = 2147483639
    cfHolder = class com.ibm.ws.artifact.overlay.internal.OverlayContainerFactoryImpl@1999da3b
    fileOverlayContainer = class com.ibm.ws.artifact.file.internal.FileContainer@4f8b3fc1
      containerFactoryHolder = class com.ibm.ws.artifact.file.internal.FileContainerFactory@41ee3908
      parent = null
      thisInParent = null
      dir = class java.io.File@5c71e7e7
      cacheDir = class java.io.File@7c57652e
      isRoot = true
      root = class com.ibm.ws.artifact.file.internal.FileContainer@4f8b3fc1
      artifactNotifier = class com.ibm.ws.artifact.file.FileArtifactNotifier@4e8ffbdf
      serialVersionUID = -542248409847968651
      $$$tc$$$ = class com.ibm.websphere.ras.TraceComponent@338d8c59
    overlayDirectory = class java.io.File@5c71e7e7
      fs = class java.io.WinNTFileSystem@2e86b607
      path = "D:\devel\tools\wlp\usr\servers\defaultServer\workarea\org.eclipse.osgi\77\data\cacheAdapt\com.ibm.ws.app.manager_20\.overlay"
      status = class java.io.File$PathStatus@1045309c
      prefixLength = 3
      separatorChar = \
      separator = "\"
      pathSeparatorChar = ;
      pathSeparator = ";"
      PATH_OFFSET = 16
      PREFIX_LENGTH_OFFSET = 12
      UNSAFE = class sun.misc.Unsafe@41d8faaf
      serialVersionUID = 301077366599181567
      filePath = null
      $assertionsDisabled = true
    cacheDirForOverlay = class java.io.File@7c57652e
      fs = class java.io.WinNTFileSystem@2e86b607
      path = "D:\devel\tools\wlp\usr\servers\defaultServer\workarea\org.eclipse.osgi\77\data\cacheOverlay\com.ibm.ws.app.manager_20"
      status = class java.io.File$PathStatus@1045309c
      prefixLength = 3
      separatorChar = \
      separator = "\"
      pathSeparatorChar = ;
      pathSeparator = ";"
      PATH_OFFSET = 16
      PREFIX_LENGTH_OFFSET = 12
      UNSAFE = class sun.misc.Unsafe@41d8faaf
      serialVersionUID = 301077366599181567
      filePath = null
      $assertionsDisabled = true
    overlayNotifier = class com.ibm.ws.artifact.overlay.internal.DirectoryBasedOverlayNotifier@31c7af67
    enclosingContainer = null
    entryInEnclosingContainer = null
    nestedOverlays = class java.util.concurrent.ConcurrentHashMap@474f7ff8
      serialVersionUID = 7249069246763182397
      MAXIMUM_CAPACITY = 1073741824
      DEFAULT_CAPACITY = 16
      MAX_ARRAY_SIZE = 2147483639
      DEFAULT_CONCURRENCY_LEVEL = 16
      LOAD_FACTOR = 0.75
      TREEIFY_THRESHOLD = 8
      UNTREEIFY_THRESHOLD = 6
      MIN_TREEIFY_CAPACITY = 64
      MIN_TRANSFER_STRIDE = 16
      RESIZE_STAMP_BITS = 16
      MAX_RESIZERS = 65535
      RESIZE_STAMP_SHIFT = 16
      MOVED = -1
      TREEBIN = -2
      RESERVED = -3
      HASH_BITS = 2147483647
      NCPU = 4
      serialPersistentFields = class java.io.ObjectStreamField[3]
      table = class java.util.concurrent.ConcurrentHashMap$Node[16]
      nextTable = null
      baseCount = 4
      sizeCtl = 12
      transferIndex = 0
      cellsBusy = 0
      counterCells = null
      keySet = null
      values = null
      entrySet = null
      U = class sun.misc.Unsafe@41d8faaf
      SIZECTL = 20
      TRANSFERINDEX = 32
      BASECOUNT = 24
      CELLSBUSY = 36
      CELLVALUE = 144
      ABASE = 16
      ASHIFT = 2
      keySet = null
      values = null
    cacheStore = class com.ibm.ws.artifact.overlay.internal.OverlayCache@51ac35e7
      cache = class java.util.HashMap@2ec2c51
      serialVersionUID = -7877512378170016077
      $$$tc$$$ = class com.ibm.websphere.ras.TraceComponent@26e46973
    parentOverlay = null
    isPassThroughMode = true
    serialVersionUID = -1690795617118238166
    $$$tc$$$ = class com.ibm.websphere.ras.TraceComponent@20ac7610
      strings[0] = "TraceComponent[com.ibm.ws.artifact.overlay.internal.DirectoryBasedOverlayContainerImpl,class com.ibm.ws.artifact.overlay.internal.DirectoryBasedOverlayContainerImpl,[archive.overlay],,null]"
  factoryHolder = class com.ibm.ws.adaptable.module.internal.AdaptableModuleFactoryImpl@705aa832
    adapterFactoryService = class com.ibm.ws.adaptable.module.internal.AdapterFactoryServiceImpl@9015298
      toType = "toType"
      priv = class com.ibm.ws.kernel.service.util.SecureAction@5c0d2cd4
      containerHelperMap = class com.ibm.wsspi.kernel.service.utils.ConcurrentServiceReferenceSetMap@65f53619
      entryHelperMap = class com.ibm.wsspi.kernel.service.utils.ConcurrentServiceReferenceSetMap@4abffa13
      containerToTypes = class java.util.Collections$SynchronizedSet@9b9f229
      entryToTypes = class java.util.Collections$SynchronizedSet@3ce70446
      baseProperties = class org.apache.felix.scr.impl.helper.ReadOnlyDictionary@706ea83d
      serialVersionUID = 5945907930609928466
      $$$tc$$$ = class com.ibm.websphere.ras.TraceComponent@507286b7
    containerFactory = class com.ibm.ws.artifact.internal.ArtifactContainerFactoryService@1529f36e
      CATEGORY_PROP_NAME = "category"
      ENTRY_KEY = "com.ibm.wsspi.artifact.ArtifactEntry"
      helperMap = class com.ibm.wsspi.kernel.service.utils.ConcurrentServiceReferenceSetMap@4937d3ab
      contributorMap = class com.ibm.wsspi.kernel.service.utils.ConcurrentServiceReferenceSetMap@467ee289
      helperCategoryMap = class com.ibm.wsspi.kernel.service.utils.ConcurrentServiceReferenceSetMap@45d923bc
      contributorCategoryMap = class com.ibm.wsspi.kernel.service.utils.ConcurrentServiceReferenceSetMap@1a91662c
      categories = class java.util.Collections$SynchronizedSet@6d4c445e
      baseProperties = class org.apache.felix.scr.impl.helper.ReadOnlyDictionary@5c9789d4
      serialVersionUID = -3101641399269402013
      $$$tc$$$ = class com.ibm.websphere.ras.TraceComponent@b0b148c
    overlayContainerFactory = class com.ibm.ws.artifact.overlay.internal.OverlayContainerFactoryImpl@1999da3b
      containerFactory = class com.ibm.ws.artifact.internal.ArtifactContainerFactoryService@1529f36e
      serialVersionUID = 6296466117843221178
      $$$tc$$$ = class com.ibm.websphere.ras.TraceComponent@77ed6bb3
    serialVersionUID = 4200251809856292987
    $$$tc$$$ = class com.ibm.websphere.ras.TraceComponent@44fa68a9
      strings[0] = "TraceComponent[com.ibm.ws.adaptable.module.internal.AdaptableModuleFactoryImpl,class com.ibm.ws.adaptable.module.internal.AdaptableModuleFactoryImpl,[archive.adaptable],,null]"
  delegate = class com.ibm.ws.artifact.overlay.internal.DirectoryBasedOverlayContainerImpl@471fde61
  notifier = class com.ibm.ws.adaptable.module.internal.NotifierImpl@4bdad7ed
    root = class com.ibm.ws.adaptable.module.internal.AdaptableContainerImpl@5d49094b
    delegateNotifier = class com.ibm.ws.artifact.overlay.internal.DirectoryBasedOverlayNotifier@31c7af67
      root = class com.ibm.ws.artifact.overlay.internal.DirectoryBasedOverlayContainerImpl@471fde61
      overlayContainer = class com.ibm.ws.artifact.file.internal.FileContainer@4f8b3fc1
      overlaidContainer = class com.ibm.ws.artifact.loose.internal.LooseArchive@42fc4f48
      listeningToContainers = true
      listeners = class java.util.concurrent.ConcurrentHashMap@4508d597
      pathsMonitored = class java.util.HashSet@7984d271
      parentNotifier = null
      pathOfEntryInParent = null
      id = null
      serialVersionUID = -5716655730663296309
      $$$tc$$$ = class com.ibm.websphere.ras.TraceComponent@42b0b4d9
    delegateRoot = class com.ibm.ws.artifact.overlay.internal.DirectoryBasedOverlayContainerImpl@471fde61
    listenerDelegates = class java.util.HashMap@14f98a55
      serialVersionUID = 362498820763181265
      DEFAULT_INITIAL_CAPACITY = 16
      MAXIMUM_CAPACITY = 1073741824
      DEFAULT_LOAD_FACTOR = 0.75
      TREEIFY_THRESHOLD = 8
      UNTREEIFY_THRESHOLD = 6
      MIN_TREEIFY_CAPACITY = 64
      table = class java.util.HashMap$Node[16]
      entrySet = null
      size = 3
      modCount = 3
      threshold = 12
      loadFactor = 0.75
      keySet = null
      values = null
    serialVersionUID = 6839382523957017880
    $$$tc$$$ = class com.ibm.websphere.ras.TraceComponent@ee472c1
      strings[0] = "TraceComponent[com.ibm.ws.adaptable.module.internal.NotifierImpl,class com.ibm.ws.adaptable.module.internal.NotifierImpl,[archive.adaptable],,null]"
  serialVersionUID = -5621513278641113667
  $$$tc$$$ = class com.ibm.websphere.ras.TraceComponent@2acd3886
    strings[0] = "TraceComponent[com.ibm.ws.adaptable.module.internal.AdaptableContainerImpl,class com.ibm.ws.adaptable.module.internal.AdaptableContainerImpl,[archive.adaptable],,null]"

