------Start of DE processing------ = [8/05/19 00:38:31:833 PET]
Exception = org.jboss.weld.exceptions.DeploymentException
Source = com.ibm.ws.container.service.state.internal.ApplicationStateManager
probeid = 31
Stack Dump = org.jboss.weld.exceptions.DeploymentException: WELD-000072: Bean declaring a passivating scope must be passivation capable.  Bean:  Managed Bean [class view.radio.RadioView] with qualifiers [@Default @Any @Named]
	at org.jboss.weld.bean.ManagedBean.checkType(ManagedBean.java:216)
	at org.jboss.weld.bean.AbstractBean.initializeAfterBeanDiscovery(AbstractBean.java:108)
	at org.jboss.weld.bean.ManagedBean.initializeAfterBeanDiscovery(ManagedBean.java:122)
	at org.jboss.weld.bootstrap.ConcurrentBeanDeployer$AfterBeanDiscoveryInitializerFactory.doWork(ConcurrentBeanDeployer.java:111)
	at org.jboss.weld.bootstrap.ConcurrentBeanDeployer$AfterBeanDiscoveryInitializerFactory.doWork(ConcurrentBeanDeployer.java:102)
	at org.jboss.weld.executor.IterativeWorkerTaskFactory$1.call(IterativeWorkerTaskFactory.java:62)
	at org.jboss.weld.executor.IterativeWorkerTaskFactory$1.call(IterativeWorkerTaskFactory.java:55)
	at com.ibm.ws.threading.internal.PolicyTaskFutureImpl.run(PolicyTaskFutureImpl.java:724)
	at com.ibm.ws.threading.internal.PolicyExecutorImpl.runTask(PolicyExecutorImpl.java:1134)
	at com.ibm.ws.threading.internal.PolicyExecutorImpl$GlobalPoolTask.run(PolicyExecutorImpl.java:188)
	at java.base/java.util.concurrent.ThreadPoolExecutor.runWorker(ThreadPoolExecutor.java:1128)
	at java.base/java.util.concurrent.ThreadPoolExecutor$Worker.run(ThreadPoolExecutor.java:628)
	at java.base/java.lang.Thread.run(Thread.java:835)

Dump of callerThis
Object type = com.ibm.ws.container.service.state.internal.ApplicationStateManager
  serialVersionUID = -6685368059484454124
  $$$tc$$$ = class com.ibm.websphere.ras.TraceComponent@181302da
    strings[0] = "TraceComponent[com.ibm.ws.container.service.state.internal.ApplicationStateManager,class com.ibm.ws.container.service.state.internal.ApplicationStateManager,[Runtime],,null]"
  listeners = class com.ibm.wsspi.kernel.service.utils.ConcurrentServiceReferenceSet@1c814080
    referenceName = "applicationStateListeners"
    contextRef = class java.util.concurrent.atomic.AtomicReference@79c322d0
      serialVersionUID = -1848883965231344442
      VALUE = class java.lang.invoke.VarHandleReferences$FieldInstanceReadWrite@7b390a8a
      value = class org.apache.felix.scr.impl.manager.ComponentContextImpl@3515aa0b
    elementMap = class java.util.LinkedHashMap@ff80dac
      serialVersionUID = 3801124242820219131
      head = class java.util.LinkedHashMap$Entry@2de352bc
      tail = class java.util.LinkedHashMap$Entry@1e3d70d0
      accessOrder = false
      serialVersionUID = 362498820763181265
      DEFAULT_INITIAL_CAPACITY = 16
      MAXIMUM_CAPACITY = 1073741824
      DEFAULT_LOAD_FACTOR = 0.75
      TREEIFY_THRESHOLD = 8
      UNTREEIFY_THRESHOLD = 6
      MIN_TREEIFY_CAPACITY = 64
      table = class java.util.HashMap$Node[32]
      entrySet = null
      size = 13
      modCount = 13
      threshold = 24
      loadFactor = 0.75
      keySet = null
      values = null
    elementSet = class java.util.concurrent.ConcurrentSkipListSet@4d84070
      serialVersionUID = -2479143111061671589
      m = class java.util.concurrent.ConcurrentSkipListMap@2b9117af
      MAX_ARRAY_SIZE = 2147483639
    elementSetUnsorted = false
    serialVersionUID = 756240983881166148
    $$$tc$$$ = class com.ibm.websphere.ras.TraceComponent@2e3c8257
      strings[0] = "TraceComponent[com.ibm.wsspi.kernel.service.utils.ConcurrentServiceReferenceSet,class com.ibm.wsspi.kernel.service.utils.ConcurrentServiceReferenceSet,[kernelUtils],com.ibm.ws.kernel.service.utils.resources.ServiceMessages,null]"
  serialVersionUID = 2284273176985484160
  $$$tc$$$ = class com.ibm.websphere.ras.TraceComponent@2b8866ed
    strings[0] = "TraceComponent[com.ibm.ws.container.service.state.internal.StateChangeManager,class com.ibm.ws.container.service.state.internal.StateChangeManager,[Runtime],,null]"

Dump of objectArray[0]
Object type = com.ibm.ws.container.service.app.deploy.internal.ApplicationInfoImpl
  appName = "Pruebas"
  appMetaData = class com.ibm.ws.container.service.app.deploy.internal.ApplicationMetaDataImpl@6fe0136
    j2eeName = class com.ibm.ws.container.service.metadata.internal.J2EENameImpl@2ff3a70
      serialVersionUID = 7488184044073147667
      application = "Pruebas"
      module = null
      component = null
      string = "Pruebas"
      j2eeNameBytes = null
      $$$tc$$$ = class com.ibm.websphere.ras.TraceComponent@8c63ded
    serialVersionUID = -7906531148367236579
    $$$tc$$$ = class com.ibm.websphere.ras.TraceComponent@32e3e945
      strings[0] = "TraceComponent[com.ibm.ws.container.service.app.deploy.internal.ApplicationMetaDataImpl,class com.ibm.ws.container.service.app.deploy.internal.ApplicationMetaDataImpl,[container.service],com.ibm.ws.container.service.resources.Messages,null]"
    tc = class com.ibm.websphere.ras.TraceComponent@3b8b3dac
      strings[0] = "TraceComponent[com.ibm.ws.runtime.metadata.MetaDataImpl,class com.ibm.ws.runtime.metadata.MetaDataImpl,[Runtime],null,null]"
    NUM_STATIC_SLOTS = 4
    ID_UNINITIALIZED = -1
    id = 1
    metaDataInterface = class java.lang.Class@545d65a
      ANNOTATION = 8192
      ENUM = 16384
      SYNTHETIC = 4096
      cachedConstructor = null
      name = "com.ibm.ws.runtime.metadata.ApplicationMetaData"
      module = class java.lang.Module@7412fda2
      packageName = "com.ibm.ws.runtime.metadata"
      componentType = {} /* array length = 0 */
      allPermDomain = class java.security.ProtectionDomain@6985517d
      reflectionData = null
      classRedefinedCount = 0
      genericInfo = null
      EMPTY_CLASS_ARRAY = class java.lang.Class[0]
      serialVersionUID = 3206093459760846163
      serialPersistentFields = class java.io.ObjectStreamField[0]
      reflectionFactory = class jdk.internal.reflect.ReflectionFactory@3f500bfd
      enumConstants = null
      enumConstantDirectory = null
      annotationData = null
      annotationType = null
      classValueMap = null
    staticSlots = class java.lang.Object[4]
      Object[0] = null
      Object[1] = class com.ibm.ws.injectionengine.osgi.internal.OSGiInjectionScopeData@4546e8eb
      Object[2] = null
      Object[3] = null
    dynamicSlots = class java.lang.Object[4]
      Object[0] = null
      Object[1] = class com.ibm.ws.cdi.impl.weld.WebSphereCDIDeploymentImpl@41593297
      Object[2] = "Pruebas"
      Object[3] = null
  appContainer = class com.ibm.ws.adaptable.module.internal.AdaptableContainerImpl@3e37d173
    root = class com.ibm.ws.adaptable.module.internal.AdaptableContainerImpl@3e37d173
    rootOverlay = class com.ibm.ws.artifact.overlay.internal.DirectoryBasedOverlayContainerImpl@387d809b
      base = class com.ibm.ws.artifact.loose.internal.LooseArchive@61b2c818
      maskSet = class java.util.HashSet@6a938e5d
      cfHolder = class com.ibm.ws.artifact.overlay.internal.OverlayContainerFactoryImpl@39ebb2be
      fileOverlayContainer = class com.ibm.ws.artifact.file.internal.FileContainer@31aee29e
      overlayDirectory = class java.io.File@462b1ebb
      cacheDirForOverlay = class java.io.File@30bc9145
      overlayNotifier = class com.ibm.ws.artifact.overlay.internal.DirectoryBasedOverlayNotifier@5426abae
      enclosingContainer = null
      entryInEnclosingContainer = null
      nestedOverlays = class java.util.concurrent.ConcurrentHashMap@12da19a6
      cacheStore = class com.ibm.ws.artifact.overlay.internal.OverlayCache@c1a1380
      parentOverlay = null
      isPassThroughMode = true
      serialVersionUID = -1690795617118238166
      $$$tc$$$ = class com.ibm.websphere.ras.TraceComponent@363269b
    factoryHolder = class com.ibm.ws.adaptable.module.internal.AdaptableModuleFactoryImpl@4efcd113
      adapterFactoryService = class com.ibm.ws.adaptable.module.internal.AdapterFactoryServiceImpl@3be673b4
      containerFactory = class com.ibm.ws.artifact.internal.ArtifactContainerFactoryService@3aa8f02d
      overlayContainerFactory = class com.ibm.ws.artifact.overlay.internal.OverlayContainerFactoryImpl@39ebb2be
      serialVersionUID = 4200251809856292987
      $$$tc$$$ = class com.ibm.websphere.ras.TraceComponent@28acca3b
    delegate = class com.ibm.ws.artifact.overlay.internal.DirectoryBasedOverlayContainerImpl@387d809b
    notifier = class com.ibm.ws.adaptable.module.internal.NotifierImpl@6c63f4cd
      root = class com.ibm.ws.adaptable.module.internal.AdaptableContainerImpl@3e37d173
      delegateNotifier = class com.ibm.ws.artifact.overlay.internal.DirectoryBasedOverlayNotifier@5426abae
      delegateRoot = class com.ibm.ws.artifact.overlay.internal.DirectoryBasedOverlayContainerImpl@387d809b
      listenerDelegates = class java.util.HashMap@7b370f36
      serialVersionUID = 6839382523957017880
      $$$tc$$$ = class com.ibm.websphere.ras.TraceComponent@2ea99777
    serialVersionUID = -5621513278641113667
    $$$tc$$$ = class com.ibm.websphere.ras.TraceComponent@239c7fbf
      strings[0] = "TraceComponent[com.ibm.ws.adaptable.module.internal.AdaptableContainerImpl,class com.ibm.ws.adaptable.module.internal.AdaptableContainerImpl,[archive.adaptable],,null]"
  configHelper = class com.ibm.ws.app.manager.module.ApplicationNestedConfigHelper@a350100
    appInfo = class com.ibm.ws.app.manager.internal.ApplicationInstallInfo@3f7a3100
    serialVersionUID = -3174031738676705046
    $$$tc$$$ = class com.ibm.websphere.ras.TraceComponent@68f3ae96
      strings[0] = "TraceComponent[com.ibm.ws.app.manager.module.ApplicationNestedConfigHelper,class com.ibm.ws.app.manager.module.ApplicationNestedConfigHelper,[applications, app.manager],,null]"
  applicationInformation = class com.ibm.ws.app.manager.internal.ApplicationInstallInfo@3f7a3100
    _config = class com.ibm.ws.app.manager.internal.ApplicationConfig@d387aec
      tc = class com.ibm.websphere.ras.TraceComponent@7aac5bba
      _configPid = "com.ibm.ws.app.manager_37"
      _config = class com.ibm.ws.config.admin.ConfigurationDictionary@1318acd3
      _applicationManager = class com.ibm.ws.app.manager.ApplicationManager@50154f39
      _location = "Pruebas.war"
      _type = "war"
      _name = "Pruebas"
      _notificationBroadcasterSupport = class javax.management.NotificationBroadcasterSupport@1b1d0b65
      ONE_TIME_JANDEX_MSGS_DISPLAYED = true
    _handlerInfo = class java.util.concurrent.atomic.AtomicReference@76efed81
      serialVersionUID = -1848883965231344442
      VALUE = class java.lang.invoke.VarHandleReferences$FieldInstanceReadWrite@7b390a8a
      value = class com.ibm.ws.app.manager.war.internal.WARDeployedAppInfo@27ed85c3
    _container = class java.util.concurrent.atomic.AtomicReference@302485cb
      serialVersionUID = -1848883965231344442
      VALUE = class java.lang.invoke.VarHandleReferences$FieldInstanceReadWrite@7b390a8a
      value = class com.ibm.ws.adaptable.module.internal.AdaptableContainerImpl@3e37d173
    _resolvedLocation = class java.util.concurrent.atomic.AtomicReference@3fc622ef
      serialVersionUID = -1848883965231344442
      VALUE = class java.lang.invoke.VarHandleReferences$FieldInstanceReadWrite@7b390a8a
      value = class com.ibm.ws.kernel.service.location.internal.LocalFileResource@39622695
    _handler = class com.ibm.ws.app.manager.war.internal.WARApplicationHandlerImpl@71e7d0e1
      futureMonitor = class com.ibm.ws.threading.internal.FutureMonitorImpl@71a27d23
      deployedAppFactory = class com.ibm.ws.app.manager.war.internal.WARDeployedAppInfoFactoryImpl@58f88dff
      serialVersionUID = 4622845147410944782
      $$$tc$$$ = class com.ibm.websphere.ras.TraceComponent@41bda216
    _ami = class java.util.concurrent.atomic.AtomicReference@78eda8b9
      serialVersionUID = -1848883965231344442
      VALUE = class java.lang.invoke.VarHandleReferences$FieldInstanceReadWrite@7b390a8a
      value = class com.ibm.wsspi.application.handler.DefaultApplicationMonitoringInformation@136ea061
    _updateHandler = class com.ibm.ws.app.manager.internal.statemachine.ApplicationStateMachineImpl@6cf370b2
      _tc = class com.ibm.websphere.ras.TraceComponent@7592874f
      EMPTY_FUTURE_ARRAY = interface java.util.concurrent.Future[0]
      asmSequenceNumber = class java.util.concurrent.atomic.AtomicLong@622cf699
      _qscaCounter = class java.util.concurrent.atomic.AtomicInteger@2d8342e5
      _failedThrowable = null
      _interruptibleLock = class com.ibm.ws.app.manager.internal.statemachine.ApplicationStateMachineImpl$2@383e9f8c
      _interruptible = false
      _performingQueuedActions = true
      _queuedActions = class java.util.concurrent.ConcurrentLinkedQueue@4fbf1ed9
      _callbackState = class java.util.concurrent.atomic.AtomicReference@4a22b189
      blockAppStartingFutures = class java.util.Collections$SetFromMap@7d014642
      waitingForAppHandlerFuture = class java.util.concurrent.atomic.AtomicReference@318f6491
      waitingForExplicitStartFuture = class java.util.concurrent.atomic.AtomicReference@671edaf
      completionListener = class java.util.concurrent.atomic.AtomicReference@5980ba11
      _notifyAppStopped = class java.util.concurrent.ConcurrentLinkedQueue@2e44d435
      _notifyAppStarting = class java.util.concurrent.ConcurrentLinkedQueue@64258680
      _notifyAppInstallCalled = class java.util.concurrent.ConcurrentLinkedQueue@6db0033e
      _notifyAppStarted = class java.util.concurrent.ConcurrentLinkedQueue@31bc7cab
      _notifyAppRemoved = class java.util.concurrent.ConcurrentLinkedQueue@39d1f3d5
      _stateLock = class com.ibm.ws.app.manager.internal.statemachine.ApplicationStateMachineImpl$3@718863e9
      _internalState = class java.util.concurrent.atomic.AtomicReference@1c4c3715
      _currentAction = class java.util.concurrent.atomic.AtomicReference@4e474913
      _rfa = class java.util.concurrent.atomic.AtomicReference@78be5455
      _appInstallInfo = class java.util.concurrent.atomic.AtomicReference@4a1bf780
      _update = class java.util.concurrent.atomic.AtomicBoolean@37928549
      _appConfig = class java.util.concurrent.atomic.AtomicReference@43e94d79
      _nextAppConfig = class java.util.concurrent.atomic.AtomicReference@49ffb5ad
      _appContainer = class java.util.concurrent.atomic.AtomicReference@5c4dfce5
      _resolvedLocation = class java.util.concurrent.atomic.AtomicReference@7fd692e8
      _handler = class java.util.concurrent.atomic.AtomicReference@76dd8aee
      _asmSeqNo = 1
      _ctx = class org.eclipse.osgi.internal.framework.BundleContextImpl@4d1a0cae
      _locAdmin = class com.ibm.ws.kernel.service.location.internal.WsLocationAdminImpl@42bb0b45
      _futureMonitor = class com.ibm.ws.threading.internal.FutureMonitorImpl@71a27d23
      _artifactFactory = class com.ibm.ws.artifact.internal.ArtifactContainerFactoryService@3aa8f02d
      _moduleFactory = class com.ibm.ws.adaptable.module.internal.AdaptableModuleFactoryImpl@4efcd113
      _executorService = class com.ibm.ws.threading.internal.ExecutorServiceImpl@20b8976c
      _scheduledExecutorService = class com.ibm.ws.threading.internal.ScheduledExecutorImpl@3ac3511d
      _asmHelper = class com.ibm.ws.app.manager.internal.ApplicationConfigurator$NamedApplication@1d8e2c56
      _appMonitor = class com.ibm.ws.app.manager.internal.monitor.ApplicationMonitor@586a6803
      enterStateCalled = class java.util.concurrent.atomic.AtomicBoolean@25bed2bb
      serialVersionUID = 6511956370079301927
      serialVersionUID = 5501066335104962649
      $$$tc$$$ = class com.ibm.websphere.ras.TraceComponent@4483f01c
    serialVersionUID = 2630639237123415755
    $$$tc$$$ = class com.ibm.websphere.ras.TraceComponent@5163a1f7
      strings[0] = "TraceComponent[com.ibm.ws.app.manager.internal.ApplicationInstallInfo,class com.ibm.ws.app.manager.internal.ApplicationInstallInfo,[applications, app.manager],com.ibm.ws.app.manager.internal.resources.AppManagerMessages,null]"
  serialVersionUID = -505303337196743781
  $$$tc$$$ = class com.ibm.websphere.ras.TraceComponent@53841c60
    strings[0] = "TraceComponent[com.ibm.ws.container.service.app.deploy.internal.ApplicationInfoImpl,class com.ibm.ws.container.service.app.deploy.internal.ApplicationInfoImpl,[container.service],com.ibm.ws.container.service.resources.Messages,null]"

