------Start of DE processing------ = [10/06/19 22:52:23:354 PDT]
Exception = java.lang.OutOfMemoryError
Source = com.ibm.ws.threading.internal.IntervalTask
probeid = 1912
Stack Dump = java.lang.OutOfMemoryError: Java heap space

Dump of callerThis
Object type = com.ibm.ws.threading.internal.IntervalTask
  threadPoolController = class com.ibm.ws.threading.internal.ThreadPoolController@69d3d6f
    tc = class com.ibm.websphere.ras.TraceComponent@43d4de14
      strings[0] = "TraceComponent[com.ibm.ws.threading.internal.ThreadPoolController,class com.ibm.ws.threading.internal.ThreadPoolController,[Threading],com.ibm.ws.threading.internal.resources.ThreadingMessages,null]"
    interval = 1500
    hangInterval = 250
    hangResolutionCountdown = 3
    hangResolutionCycles = 3
    hangBufferPoolSize = 32
    controllerCyclesWithoutHang = 0
    noHangCyclesThreshold = 8
    compareRange = 4
    NUMBER_CPUS = 4
    controllerCycle = 1251
    distributionReset = true
    poolIncrement = 4
    poolDecrement = 4
    maxThreadsPoolDecrement = 1
    poolChangeBasis = 4
    poolIncrementBoundLow = 64
    poolIncrementBoundMedium = 256
    poolIncrementMax = 16
    poolIncrementMin = 1
    POOL_INCREMENT_MIN_DEFAULT = 1
    POOL_INCREMENT_MAX_DEFAULT = 16
    minimumDesiredPoolSizeAdjustments = 10
    targetPoolSize = 16
    consecutiveTargetPoolSizeWrong = 1
    MAX_CONSECUTIVE_TARGET_POOLSIZE_WRONG = 3
    highCpu = 90
    lowTputThreadsRatio = 1.0
    dataAgePruneLevel = 5.0
    compareSpanPruneMultiplier = 2
    tputRatioPruneLevel = 5.0
    poolTputRatioHigh = 5.0
    poolTputRatioLow = 3.0
    compareSpanRatioMultiplier = 2
    growScoreFilterLevel = 0.5
    shrinkScoreFilterLevel = 0.5
    growShrinkDiffFilter = 0.25
    resetDistroStdDevEwmaRatio = 0.1
    resetDistroNewTputEwmaRatio = 0.5
    resetDistroConsecutiveOutliers = 5.0
    processCpuUtil = 92.37629290079926
    systemCpuUtil = 99.20416391409957
    cpuUtil = 99.20416391409957
    MAX_INTERVALS_WITHOUT_CHANGE = 5
    EMPTY_QUEUE_SHRINK_MAGIC_PER_INTERVAL = 0.04
    IDLE_INTERVALS_BEFORE_PAUSE = 3
    MAX_OUTLIER_AFTER_CHANGE_BEFORE_RESET = 10
    MAX_THREADS_TO_BREAK_HANG = 1000
    executorService = class com.ibm.ws.threading.internal.ExecutorServiceImpl@5effb1e5
      threadPool = class java.util.concurrent.ThreadPoolExecutor@66407e96
      threadPoolController = class com.ibm.ws.threading.internal.ThreadPoolController@69d3d6f
      poolName = "Default Executor"
      MINIMUM_POOL_SIZE = 4
      componentConfig = class org.apache.felix.scr.impl.helper.ReadOnlyDictionary@5812f8db
      interceptorsActive = false
      interceptors = class java.util.concurrent.CopyOnWriteArraySet@2beabdc6
      threadFactory = null
      serverStopping = false
      phaser = class java.util.concurrent.Phaser@353988ac
      serialVersionUID = 6930666794455919448
      $$$tc$$$ = class com.ibm.websphere.ras.TraceComponent@5ba359ef
    lastAction = class com.ibm.ws.threading.internal.ThreadPoolController$LastAction@523b8880
      NONE = class com.ibm.ws.threading.internal.ThreadPoolController$LastAction@14fd3b2b
      GROW = class com.ibm.ws.threading.internal.ThreadPoolController$LastAction@523b8880
      SHRINK = class com.ibm.ws.threading.internal.ThreadPoolController$LastAction@3a41ef27
      PAUSE = class com.ibm.ws.threading.internal.ThreadPoolController$LastAction@3e4a972d
      $VALUES = class com.ibm.ws.threading.internal.ThreadPoolController$LastAction[4]
      $$$tc$$$ = class com.ibm.websphere.ras.TraceComponent@1ae361e7
      name = "GROW"
      ordinal = 1
    timer = class java.util.Timer@40574abd
      queue = class java.util.TaskQueue@62eb94f1
      thread = class java.util.TimerThread@2df07c57
      threadReaper = class java.util.Timer$1@530af0a2
      nextSerialNumber = class java.util.concurrent.atomic.AtomicInteger@2a0f7e87
    activeTask = class com.ibm.ws.threading.internal.IntervalTask@45939f58
      threadPoolController = class com.ibm.ws.threading.internal.ThreadPoolController@69d3d6f
      serialVersionUID = 4980491157883930878
      $$$tc$$$ = class com.ibm.websphere.ras.TraceComponent@5f5e9dcd
      lock = class java.lang.Object@12b97781
      state = 1
      VIRGIN = 0
      SCHEDULED = 1
      EXECUTED = 2
      CANCELLED = 3
      nextExecutionTime = 1560232228275
      period = -250
    paused = false
    lastTimerPop = 1560232228025
    previousCompleted = 93246
    previousThroughput = 0.0
    consecutiveQueueEmptyCount = 14
    consecutiveNoAdjustment = 0
    consecutiveOutlierAfterAdjustment = 1
    consecutiveIdleCount = 0
    maxThreads = 2147483647
    coreThreads = 8
    threadRange = 2147483639
    threadPool = class java.util.concurrent.ThreadPoolExecutor@66407e96
      ctl = class java.util.concurrent.atomic.AtomicInteger@1249385f
      COUNT_BITS = 29
      COUNT_MASK = 536870911
      RUNNING = -536870912
      SHUTDOWN = 0
      STOP = 536870912
      TIDYING = 1073741824
      TERMINATED = 1610612736
      workQueue = class com.ibm.ws.threading.internal.BoundedBuffer@4bf91c11
      mainLock = class java.util.concurrent.locks.ReentrantLock@2ea86f36
      workers = class java.util.HashSet@4a574490
      termination = class java.util.concurrent.locks.AbstractQueuedSynchronizer$ConditionObject@11070645
      largestPoolSize = 16
      completedTaskCount = 72882
      threadFactory = class com.ibm.ws.threading.internal.ThreadFactoryImpl@129d99e0
      handler = class com.ibm.ws.threading.internal.ExecutorServiceImpl$ExpandPolicy@7fa1955a
      keepAliveTime = 0
      allowCoreThreadTimeOut = false
      corePoolSize = 16
      maximumPoolSize = 16
      defaultHandler = class java.util.concurrent.ThreadPoolExecutor$AbortPolicy@10619c5d
      shutdownPerm = class java.lang.RuntimePermission@554c64b1
      ONLY_ONE = true
      $assertionsDisabled = true
    threadStats = class java.util.TreeMap@68b19556
      comparator = null
      root = class java.util.TreeMap$Entry@f223dfa
      size = 3
      modCount = 41
      entrySet = null
      navigableKeySet = null
      descendingMap = null
      UNBOUNDED = class java.lang.Object@26be2775
      RED = false
      BLACK = true
      serialVersionUID = 919286545866124006
      keySet = null
      values = null
    poolSizeWhenHangDetected = 12
    hangIntervalCounter = 1
    hangMaxThreadsMessageEmitted = false
    serialVersionUID = 6509656087705674651
  serialVersionUID = 4980491157883930878
  $$$tc$$$ = class com.ibm.websphere.ras.TraceComponent@5f5e9dcd
    strings[0] = "TraceComponent[com.ibm.ws.threading.internal.IntervalTask,class com.ibm.ws.threading.internal.IntervalTask,[Threading],com.ibm.ws.threading.internal.resources.ThreadingMessages,null]"
  lock = class java.lang.Object@5b1afa40
  state = 3
  VIRGIN = 0
  SCHEDULED = 1
  EXECUTED = 2
  CANCELLED = 3
  nextExecutionTime = 1560232229525
  period = -1500

