------Start of DE processing------ = [27/06/19 04:07:47:185 COT]
Exception = com.ibm.ws.container.service.metadata.MetaDataException
Source = com.ibm.ws.app.manager.module.internal.DeployedAppInfoBase
probeid = 372
Stack Dump = com.ibm.ws.container.service.metadata.MetaDataException: com.ibm.wsspi.adaptable.module.UnableToAdaptException: com.ibm.ejs.container.EJBConfigurationException: Errors occurred processing EJB metadata
	at com.ibm.ws.ejbcontainer.osgi.internal.EJBContainerImpl.createEJBInWARModuleMetaData(EJBContainerImpl.java:156)
	at com.ibm.ws.ejbcontainer.war.internal.EJBWARMetaDataRuntime.createdNestedModuleMetaData(EJBWARMetaDataRuntime.java:63)
	at com.ibm.ws.app.manager.module.internal.SimpleDeployedAppInfoBase$ModuleContainerInfoBase.createModuleMetaData(SimpleDeployedAppInfoBase.java:173)
	at com.ibm.ws.app.manager.module.internal.DeployedAppInfoBase.preDeployApp(DeployedAppInfoBase.java:369)
	at com.ibm.ws.app.manager.module.internal.DeployedAppInfoBase.deployApp(DeployedAppInfoBase.java:413)
	at com.ibm.ws.app.manager.war.internal.WARApplicationHandlerImpl.install(WARApplicationHandlerImpl.java:65)
	at com.ibm.ws.app.manager.internal.statemachine.StartAction.execute(StartAction.java:140)
	at com.ibm.ws.app.manager.internal.statemachine.ApplicationStateMachineImpl.enterState(ApplicationStateMachineImpl.java:1261)
	at com.ibm.ws.app.manager.internal.statemachine.ApplicationStateMachineImpl.run(ApplicationStateMachineImpl.java:876)
	at com.ibm.ws.threading.internal.ExecutorServiceImpl$RunnableWrapper.run(ExecutorServiceImpl.java:239)
	at java.util.concurrent.ThreadPoolExecutor.runWorker(Unknown Source)
	at java.util.concurrent.ThreadPoolExecutor$Worker.run(Unknown Source)
	at java.lang.Thread.run(Unknown Source)
Caused by: com.ibm.wsspi.adaptable.module.UnableToAdaptException: com.ibm.ejs.container.EJBConfigurationException: Errors occurred processing EJB metadata
	at com.ibm.ws.ejbcontainer.osgi.internal.ModuleInitDataAdapter.adapt(ModuleInitDataAdapter.java:124)
	at com.ibm.ws.ejbcontainer.osgi.internal.ModuleInitDataAdapter.adapt(ModuleInitDataAdapter.java:40)
	at com.ibm.ws.adaptable.module.internal.AdapterFactoryServiceImpl.adapt(AdapterFactoryServiceImpl.java:196)
	at com.ibm.ws.adaptable.module.internal.AdaptableContainerImpl.adapt(AdaptableContainerImpl.java:170)
	at com.ibm.ws.ejbcontainer.osgi.internal.EJBContainerImpl.createEJBInWARModuleMetaData(EJBContainerImpl.java:143)
	... 12 more
Caused by: com.ibm.ejs.container.EJBConfigurationException: Errors occurred processing EJB metadata
	at com.ibm.ws.ejbcontainer.osgi.internal.ModuleInitDataFactory.createModuleInitData(ModuleInitDataFactory.java:536)
	at com.ibm.ws.ejbcontainer.osgi.internal.ModuleInitDataAdapter.createModuleInitData(ModuleInitDataAdapter.java:145)
	at com.ibm.ws.ejbcontainer.osgi.internal.ModuleInitDataAdapter.adapt(ModuleInitDataAdapter.java:108)
	... 16 more

Dump of callerThis
Object type = com.ibm.ws.app.manager.war.internal.WARDeployedAppInfo
  CONTEXT_ROOT = "context-root"
  webModuleHandler = class com.ibm.ws.app.manager.web.internal.WebModuleHandlerImpl@4e22f135
    serialVersionUID = 4795602325763828210
    $$$tc$$$ = class com.ibm.websphere.ras.TraceComponent@46371546
      strings[0] = "TraceComponent[com.ibm.ws.app.manager.web.internal.WebModuleHandlerImpl,class com.ibm.ws.app.manager.web.internal.WebModuleHandlerImpl,[webcontainer, applications, app.manager],com.ibm.ws.app.manager.war.internal.resources.Messages,null]"
    futureMonitor = class com.ibm.ws.threading.internal.FutureMonitorImpl@5c906451
    metaDataService = class com.ibm.ws.container.service.metadata.internal.MetaDataServiceImpl@5cfa0cf7
    stateChangeService = class com.ibm.ws.container.service.state.internal.StateChangeServiceImpl@5c85a92f
    moduleRuntimeContainer = class com.ibm.ws.webcontainer.osgi.WebContainer@2c921843
      tc = class com.ibm.websphere.ras.TraceComponent@4f9c5a02
      CLASS_NAME = "com.ibm.ws.webcontainer.osgi.WebContainer"
      initialized = true
      eventService = class com.ibm.ws.event.internal.EventEngineImpl@1203fcf2
      futureMonitor = class com.ibm.ws.threading.internal.FutureMonitorImpl@5c906451
      classLoadingSRRef = class com.ibm.wsspi.kernel.service.utils.AtomicServiceReference@14f2f813
      sessionHelperSRRef = class com.ibm.wsspi.kernel.service.utils.AtomicServiceReference@5d1b06e6
      cacheManagerSRRef = class com.ibm.wsspi.kernel.service.utils.AtomicServiceReference@639c066e
      injectionEngineSRRef = class com.ibm.wsspi.kernel.service.utils.AtomicServiceReference@6e758283
      managedObjectServiceSRRef = class com.ibm.wsspi.kernel.service.utils.AtomicServiceReference@6dc4dd3e
      backgroundWebAppStartFutures = class com.ibm.ws.webcontainer.util.OneTimeUseArrayList@686dda56
      REFERENCE_WEB_MBEAN_RUNTIME = "webMBeanRuntime"
      webMBeanRuntimeServiceRef = class com.ibm.wsspi.kernel.service.utils.AtomicServiceReference@6b410e43
      servletContainerInitializers = class com.ibm.wsspi.kernel.service.utils.ConcurrentServiceReferenceSet@29e2e832
      es = class com.ibm.ws.threading.internal.ExecutorServiceImpl@6204ed1d
      locationServiceRef = class java.util.concurrent.atomic.AtomicReference@64bd2461
      transferContextServiceRef = class com.ibm.wsspi.kernel.service.utils.ConcurrentServiceReferenceSet@76d1da3
      encodingServiceRef = class java.util.concurrent.atomic.AtomicReference@39f0c604
      instance = class java.util.concurrent.atomic.AtomicReference@7c59a822
      vhostManager = class com.ibm.ws.webcontainer.osgi.DynamicVirtualHostManager@71ca05e4
      metaDataService = class com.ibm.ws.container.service.metadata.internal.MetaDataServiceImpl@5cfa0cf7
      j2eeNameFactory = class com.ibm.ws.container.service.metadata.internal.J2EENameFactoryImpl@1e259e7b
      context = class org.apache.felix.scr.impl.manager.ComponentContextImpl@215aab5d
      contextRoots = class java.util.Collections$SynchronizedSet@10730fec
      pendingContextRoots = class java.util.HashMap@3137cd23
      deployedModuleMap = class java.util.concurrent.ConcurrentHashMap@3534b38
      connContextPool = class com.ibm.ws.webcontainer40.osgi.srt.factory.SRTConnectionContextPool40Impl@77a7084c
      DEFAULT_PORT = "*"
      DEFAULT_VHOST_NAME = "default_host"
      cachedServerInfo = "IBM WebSphere Liberty/19.0.0.3"
      lock = class com.ibm.ws.webcontainer.osgi.WebContainer$1@7f23753b
      webAppFactory = class com.ibm.ws.webcontainer40.osgi.webapp.factory.WebAppFactory40Impl@7072f129
      requestFactory = class com.ibm.ws.webcontainer40.osgi.response.factory.IRequestResponseFactory40Impl@69e17e94
      responseFactory = class com.ibm.ws.webcontainer40.osgi.response.factory.IRequestResponseFactory40Impl@69e17e94
      asyncContextFactory = class com.ibm.ws.webcontainer40.async.factory.AsyncContextFactory40Impl@26cbee8c
      DEFAULT_MAX_VERSION = 30
      versionRef = class org.eclipse.osgi.internal.serviceregistry.ServiceReferenceImpl@4225cdc3
      serverStopping = class com.ibm.ws.staticvalue.StaticValue$FinalSingleton@25398717
      modulesStarting = -1
      uriMatcherFactory = class com.ibm.wsspi.webcontainer40.util.factory.URIMatcherFactory40Impl@47ce58fa
      SPEC_LEVEL_UNLOADED = -1
      SPEC_LEVEL_30 = 30
      SPEC_LEVEL_31 = 31
      SPEC_LEVEL_40 = 40
      DEFAULT_SPEC_LEVEL = 30
      loadedContainerSpecLevel = 40
      ISO = "ISO-8859-1"
      encoding = "UTF-8"
      decode = true
      wcconfig = class com.ibm.ws.webcontainer.osgi.WebContainerConfiguration@522ff8d6
      applicationListeners = class java.util.ArrayList@3b47ccbb
      servletListeners = class java.util.ArrayList@e7b4aa1
      servletErrorListeners = class java.util.ArrayList@73062206
      servletInvocationListeners = class java.util.ArrayList@5ec28df8
      filterInvocationListeners = class java.util.ArrayList@5be5b08f
      filterErrorListeners = class java.util.ArrayList@f1fd710
      filterListeners = class java.util.ArrayList@4d4bc2e7
      servletRequestListeners = class java.util.ArrayList@7ac3bfb
      servletRequestAttributeListeners = class java.util.ArrayList@71bb8249
      servletContextListeners = class java.util.ArrayList@6d6c39
      servletContextAttributeListeners = class java.util.ArrayList@13a2da29
      sessionListeners = class java.util.ArrayList@75374845
      sessionIdListeners = class java.util.ArrayList@58b33560
      sessionAttributeListeners = class java.util.ArrayList@335486eb
      DEFAULT_HOST = "default_host"
      _initialized = true
      logger = class com.ibm.ws.logging.internal.WsLogger@3622613a
      CLASS_NAME = "com.ibm.ws.webcontainer.internal.WebContainer"
      nls = class com.ibm.ejs.ras.TraceNLS@791872db
      self = class java.util.concurrent.atomic.AtomicReference@384150ad
      _cipherToBit = class java.util.HashMap@2fb5ea90
      cacheKeyStringBuilder = class com.ibm.ws.util.WSThreadLocal@abb65ed
      listenersInitialized = true
      webConProperties = class java.util.Properties@308f50cb
      sessionRegistry = null
      isStopped = false
      readWriteLockForStopping = class java.util.concurrent.locks.ReentrantReadWriteLock@279aa4f
      urlPrefix = ";jsessionid="
      extensionFactories = class java.util.ArrayList@29821fa
      postInitExtensionFactories = null
      httpResponseListeners = class java.util.ArrayList@535db849
      servletContainerInitializers = class java.util.ServiceLoader@191eb3e1
      auditManager = class com.ibm.websphere.security.audit.context.AuditManager@56fa495f
      invocationCacheSize = 500
      decodePlusSign = true
      _cacheMap = class java.util.concurrent.ConcurrentHashMap@15ae358b
      _cacheSize = class java.util.concurrent.atomic.AtomicInteger@2b8f5887
      vHostCompatFlag = false
      platformHelper = class com.ibm.ws.webcontainer.PlatformHelper@47e277ac
      isDefaultTempDir = true
      tempDir = null
      servletCachingInitNeeded = true
      appInstallBegun = true
      cacheServletWrapperFactory = class com.ibm.ws.webcontainer40.servlet.factory.CacheServletWrapperFactory40Impl@43567ebe
      commands = class java.util.ArrayList@76aa3633
      requestMapper = class com.ibm.ws.webcontainer.util.VirtualHostContextRootMapper@22a1605d
      parent = null
      name = "Was.webcontainer"
      isAlive = true
      subElements = class java.util.HashMap@75ac23dc
      attributes = null
      config = null
      serialVersionUID = -8271459000149267764
      $$$tc$$$ = class com.ibm.websphere.ras.TraceComponent@2bab4ede
    firstFailure = null
    serialVersionUID = -4563697739413190872
    $$$tc$$$ = class com.ibm.websphere.ras.TraceComponent@199822a9
      strings[0] = "TraceComponent[com.ibm.ws.app.manager.module.internal.ModuleHandlerBase,class com.ibm.ws.app.manager.module.internal.ModuleHandlerBase,[applications, app.manager],,null]"
  webContainerModuleInfo = class com.ibm.ws.app.manager.module.internal.SimpleDeployedAppInfoBase$WebModuleContainerInfo@4fad6609
    contextRoot = null
    defaultContextRoot = "testingPrimefaces"
    serialVersionUID = -8158961796913348204
    $$$tc$$$ = class com.ibm.websphere.ras.TraceComponent@79e014eb
      strings[0] = "TraceComponent[com.ibm.ws.app.manager.module.internal.SimpleDeployedAppInfoBase$WebModuleContainerInfo,class com.ibm.ws.app.manager.module.internal.SimpleDeployedAppInfoBase$WebModuleContainerInfo,[applications, app.manager],,null]"
    moduleHandler = class com.ibm.ws.app.manager.web.internal.WebModuleHandlerImpl@4e22f135
    moduleMetaDataExtenders = class java.util.concurrent.CopyOnWriteArrayList@25734e77
      serialVersionUID = 8673264195747942595
      lock = class java.util.concurrent.locks.ReentrantLock@7d1af7ff
      array = class java.lang.Object[3]
      UNSAFE = class sun.misc.Unsafe@29fd619b
      lockOffset = 12
    nestedModuleMetaDataFactories = class java.util.concurrent.CopyOnWriteArrayList@40c38f3d
      serialVersionUID = 8673264195747942595
      lock = class java.util.concurrent.locks.ReentrantLock@7e348ac4
      array = class java.lang.Object[1]
      UNSAFE = class sun.misc.Unsafe@29fd619b
      lockOffset = 12
    nestedModules = null
    moduleName = "testingPrimefaces"
    moduleDD = class com.ibm.ws.javaee.ddmodel.web.common.WebAppType@25bdf310
      version = class com.ibm.ws.javaee.ddmodel.TokenType@2483757b
      metadata_complete = null
      module_name = null
      absolute_ordering = null
      serialVersionUID = 4092807504738198665
      $$$tc$$$ = class com.ibm.websphere.ras.TraceComponent@480999ca
      description = null
      display_name = null
      icon = null
      distributable = null
      context_param = class com.ibm.ws.javaee.ddmodel.common.ParamValueType$ListType@414f05d7
      filter = null
      filter_mapping = null
      listener = null
      servlet = class com.ibm.ws.javaee.ddmodel.web.common.ServletType$ListType@1d0ea0e1
      servlet_mapping = class com.ibm.ws.javaee.ddmodel.web.common.ServletMappingType$ListType@3df7522
      session_config = class com.ibm.ws.javaee.ddmodel.web.common.SessionConfigType@30ea8df5
      mime_mapping = class com.ibm.ws.javaee.ddmodel.web.common.MimeMappingType$ListType@9325782
      welcome_file_list = class com.ibm.ws.javaee.ddmodel.web.common.WelcomeFileListType@6153e7ed
      error_page = class com.ibm.ws.javaee.ddmodel.web.common.ErrorPageType$ListType@195de880
      jsp_config = null
      security_constraint = null
      deny_uncovered_http_methods = null
      login_config = null
      security_role = null
      message_destination = null
      locale_encoding_mapping_list = null
      default_context_path = null
      request_encoding = null
      response_encoding = null
      servletNameToServletMap = null
      filterNameToFilterMap = null
      ejbRefNameToEJBLocalRefMap = null
      ejbRefNameToEJBRefMap = null
      resourceEnvRefNameToResourceEnvRefMap = null
      messageDestinationRefNameToMessageDestinationRefMap = null
      resRefNameToResourceRefMap = null
      envEntryNameToEnvEntryMap = null
      roleNameToSecurityRoleMap = null
      roleLinkToSecurityRoleRefMap = null
      handlerNameToHandlerMap = null
      path = "WEB-INF/web.xml"
      idMap = class com.ibm.ws.javaee.ddmodel.DDParser$ComponentIDMap@7dbc5b7b
      serialVersionUID = 5321339975883512588
      $$$tc$$$ = class com.ibm.websphere.ras.TraceComponent@3dd75e85
      post_construct = null
      pre_destroy = null
      serialVersionUID = 1102064201943992836
      $$$tc$$$ = class com.ibm.websphere.ras.TraceComponent@6df31b1e
      env_entry = null
      ejb_ref = null
      ejb_local_ref = null
      resource_ref = null
      resource_env_ref = null
      message_destination_ref = null
      persistence_context_ref = null
      persistence_unit_ref = null
      data_source = null
      jms_connection_factory = null
      jms_destination = null
      mail_session = null
      connection_factory = null
      administered_object = null
      serialVersionUID = 8931982405528922228
      $$$tc$$$ = class com.ibm.websphere.ras.TraceComponent@6e58c600
      service_ref = null
      serialVersionUID = -6199862059825607270
      $$$tc$$$ = class com.ibm.websphere.ras.TraceComponent@4b29003d
      nilled = false
      serialVersionUID = -2826386306561723362
      $$$tc$$$ = class com.ibm.websphere.ras.TraceComponent@60b4e887
    moduleInfo = class com.ibm.ws.app.manager.module.internal.WebModuleInfoImpl@15d25f28
      contextRoot = "/testingPrimefaces"
      isDefaultContextRootUsed = true
      serialVersionUID = -1540279394520440503
      $$$tc$$$ = class com.ibm.websphere.ras.TraceComponent@6339c79
      tc = class com.ibm.websphere.ras.TraceComponent@53c58998
      appInfo = class com.ibm.ws.container.service.app.deploy.internal.ApplicationInfoImpl@234e3b5e
      moduleName = "testingPrimefaces"
      path = "testingPrimefaces.war"
      moduleContainer = class com.ibm.ws.adaptable.module.internal.AdaptableContainerImpl@165ca313
      altDDEntry = null
      moduleClassesContainers = class java.util.ArrayList@5d8346d3
      classLoaderFactory = class com.ibm.ws.app.manager.war.internal.WARDeployedAppInfo@2d743c02
      containerInfoType = class com.ibm.ws.container.service.app.deploy.ContainerInfo$Type@e01e7d1
      classLoader = class com.ibm.ws.classloading.internal.AppClassLoader@15c058a3
      moduleMetaData = class com.ibm.ws.webcontainer.osgi.metadata.WebModuleMetaDataImpl@5c47b984
      nestedModuleMetaDataTypes = null
      nestedModuleMetaDataValues = null
      serialVersionUID = 3986734351620206554
    serialVersionUID = 8693907776607441911
    $$$tc$$$ = class com.ibm.websphere.ras.TraceComponent@1f381e5a
      strings[0] = "TraceComponent[com.ibm.ws.app.manager.module.internal.SimpleDeployedAppInfoBase$ModuleContainerInfoBase,class com.ibm.ws.app.manager.module.internal.SimpleDeployedAppInfoBase$ModuleContainerInfoBase,[applications, app.manager],,null]"
    type = class com.ibm.ws.container.service.app.deploy.ContainerInfo$Type@e01e7d1
      MANIFEST_CLASSPATH = class com.ibm.ws.container.service.app.deploy.ContainerInfo$Type@316e2bab
      WEB_INF_CLASSES = class com.ibm.ws.container.service.app.deploy.ContainerInfo$Type@f2f8a13
      WEB_INF_LIB = class com.ibm.ws.container.service.app.deploy.ContainerInfo$Type@41c7af86
      EAR_LIB = class com.ibm.ws.container.service.app.deploy.ContainerInfo$Type@6f659c5e
      WEB_MODULE = class com.ibm.ws.container.service.app.deploy.ContainerInfo$Type@e01e7d1
      EJB_MODULE = class com.ibm.ws.container.service.app.deploy.ContainerInfo$Type@2f16d16a
      CLIENT_MODULE = class com.ibm.ws.container.service.app.deploy.ContainerInfo$Type@5c9ab989
      RAR_MODULE = class com.ibm.ws.container.service.app.deploy.ContainerInfo$Type@20dd8603
      JAR_MODULE = class com.ibm.ws.container.service.app.deploy.ContainerInfo$Type@6319692a
      SHARED_LIB = class com.ibm.ws.container.service.app.deploy.ContainerInfo$Type@7a1d79a2
      $VALUES = class com.ibm.ws.container.service.app.deploy.ContainerInfo$Type[10]
      $$$tc$$$ = class com.ibm.websphere.ras.TraceComponent@60931cd0
      name = "WEB_MODULE"
      ordinal = 4
    name = "testingPrimefaces.war"
    container = class com.ibm.ws.adaptable.module.internal.AdaptableContainerImpl@165ca313
      root = class com.ibm.ws.adaptable.module.internal.AdaptableContainerImpl@165ca313
      rootOverlay = class com.ibm.ws.artifact.overlay.internal.DirectoryBasedOverlayContainerImpl@6e63d080
      factoryHolder = class com.ibm.ws.adaptable.module.internal.AdaptableModuleFactoryImpl@657c7f1f
      delegate = class com.ibm.ws.artifact.overlay.internal.DirectoryBasedOverlayContainerImpl@6e63d080
      notifier = class com.ibm.ws.adaptable.module.internal.NotifierImpl@329f3f77
      serialVersionUID = -5621513278641113667
      $$$tc$$$ = class com.ibm.websphere.ras.TraceComponent@53f57c99
    altDDEntry = null
    classesContainerInfo = class java.util.ArrayList@5d8346d3
      serialVersionUID = 8683452581122892189
      DEFAULT_CAPACITY = 10
      EMPTY_ELEMENTDATA = class java.lang.Object[0]
      DEFAULTCAPACITY_EMPTY_ELEMENTDATA = class java.lang.Object[0]
      elementData = class java.lang.Object[10]
      size = 6
      MAX_ARRAY_SIZE = 2147483639
      modCount = 7
      MAX_ARRAY_SIZE = 2147483639
    serialVersionUID = 7427332431485745589
    $$$tc$$$ = class com.ibm.websphere.ras.TraceComponent@792ddc0e
      strings[0] = "TraceComponent[com.ibm.ws.app.manager.module.internal.SimpleDeployedAppInfoBase$ExtendedContainerInfo,class com.ibm.ws.app.manager.module.internal.SimpleDeployedAppInfoBase$ExtendedContainerInfo,[applications, app.manager],,null]"
  DYNAMIC_IMPORT_PACKAGE_LIST = class java.util.Collections$UnmodifiableRandomAccessList@577f29a9
    serialVersionUID = -2542308836966382001
    serialVersionUID = -283967356065247728
    list = class java.util.Arrays$ArrayList@32be8f94
      serialVersionUID = -2764017481108945198
      a = class java.lang.String[1]
      modCount = 0
      MAX_ARRAY_SIZE = 2147483639
    serialVersionUID = 1820017752578914078
    c = class java.util.Arrays$ArrayList@32be8f94
  serialVersionUID = -6153587016903242961
  $$$tc$$$ = class com.ibm.websphere.ras.TraceComponent@47013aa0
    strings[0] = "TraceComponent[com.ibm.ws.app.manager.war.internal.WARDeployedAppInfo,class com.ibm.ws.app.manager.war.internal.WARDeployedAppInfo,[webcontainer, applications, app.manager],com.ibm.ws.app.manager.war.internal.resources.Messages,null]"
  _tc = class com.ibm.websphere.ras.TraceComponent@3c56a884
    strings[0] = "TraceComponent[com.ibm.ws.app.manager.module.internal.DeployedAppInfoBase,class com.ibm.ws.app.manager.module.internal.DeployedAppInfoBase,[app.manager],com.ibm.ws.app.manager.module.internal.resources.Messages,null]"
  PERMISSION_XML = "permissions.xml"
  applicationInformation = class com.ibm.ws.app.manager.internal.ApplicationInstallInfo@777930cd
    _config = class com.ibm.ws.app.manager.internal.ApplicationConfig@4405df09
      tc = class com.ibm.websphere.ras.TraceComponent@25dce9e
      _configPid = "com.ibm.ws.app.manager_53"
      _config = class com.ibm.ws.config.admin.ConfigurationDictionary@7f5bab71
      _applicationManager = class com.ibm.ws.app.manager.ApplicationManager@4f3e488f
      _location = "testingPrimefaces.war"
      _type = "war"
      _name = "testingPrimefaces"
      _notificationBroadcasterSupport = class javax.management.NotificationBroadcasterSupport@6702dd27
      ONE_TIME_JANDEX_MSGS_DISPLAYED = true
    _handlerInfo = class java.util.concurrent.atomic.AtomicReference@60627568
      serialVersionUID = -1848883965231344442
      unsafe = class sun.misc.Unsafe@29fd619b
      valueOffset = 12
      value = class com.ibm.ws.app.manager.war.internal.WARDeployedAppInfo@2d743c02
    _container = class java.util.concurrent.atomic.AtomicReference@583352e8
      serialVersionUID = -1848883965231344442
      unsafe = class sun.misc.Unsafe@29fd619b
      valueOffset = 12
      value = class com.ibm.ws.adaptable.module.internal.AdaptableContainerImpl@165ca313
    _resolvedLocation = class java.util.concurrent.atomic.AtomicReference@485c08f
      serialVersionUID = -1848883965231344442
      unsafe = class sun.misc.Unsafe@29fd619b
      valueOffset = 12
      value = class com.ibm.ws.kernel.service.location.internal.LocalFileResource@558daec0
    _handler = class com.ibm.ws.app.manager.war.internal.WARApplicationHandlerImpl@6e12ba81
      futureMonitor = class com.ibm.ws.threading.internal.FutureMonitorImpl@5c906451
      deployedAppFactory = class com.ibm.ws.app.manager.war.internal.WARDeployedAppInfoFactoryImpl@114ecaff
      serialVersionUID = 4622845147410944782
      $$$tc$$$ = class com.ibm.websphere.ras.TraceComponent@6c6d02b5
    _ami = class java.util.concurrent.atomic.AtomicReference@1d285b1e
      serialVersionUID = -1848883965231344442
      unsafe = class sun.misc.Unsafe@29fd619b
      valueOffset = 12
      value = class com.ibm.wsspi.application.handler.DefaultApplicationMonitoringInformation@305f35b
    _updateHandler = class com.ibm.ws.app.manager.internal.statemachine.ApplicationStateMachineImpl@5f4eee41
      _tc = class com.ibm.websphere.ras.TraceComponent@5e522e2
      EMPTY_FUTURE_ARRAY = interface java.util.concurrent.Future[0]
      asmSequenceNumber = class java.util.concurrent.atomic.AtomicLong@2a92ac00
      _qscaCounter = class java.util.concurrent.atomic.AtomicInteger@17d5f3ed
      _failedThrowable = null
      _interruptibleLock = class com.ibm.ws.app.manager.internal.statemachine.ApplicationStateMachineImpl$2@66cfefd5
      _interruptible = false
      _performingQueuedActions = true
      _queuedActions = class java.util.concurrent.ConcurrentLinkedQueue@6a811ff6
      _callbackState = class java.util.concurrent.atomic.AtomicReference@554c4c0a
      blockAppStartingFutures = class java.util.Collections$SetFromMap@6d3e97d5
      waitingForAppHandlerFuture = class java.util.concurrent.atomic.AtomicReference@74966ce0
      waitingForExplicitStartFuture = class java.util.concurrent.atomic.AtomicReference@168ab32b
      completionListener = class java.util.concurrent.atomic.AtomicReference@219181ec
      _notifyAppStopped = class java.util.concurrent.ConcurrentLinkedQueue@38883a34
      _notifyAppStarting = class java.util.concurrent.ConcurrentLinkedQueue@7fbeb0a9
      _notifyAppInstallCalled = class java.util.concurrent.ConcurrentLinkedQueue@3cee479e
      _notifyAppStarted = class java.util.concurrent.ConcurrentLinkedQueue@11dd3f0e
      _notifyAppRemoved = class java.util.concurrent.ConcurrentLinkedQueue@687dee9b
      _stateLock = class com.ibm.ws.app.manager.internal.statemachine.ApplicationStateMachineImpl$3@62cc20c5
      _internalState = class java.util.concurrent.atomic.AtomicReference@2c5059b5
      _currentAction = class java.util.concurrent.atomic.AtomicReference@540d267e
      _rfa = class java.util.concurrent.atomic.AtomicReference@53830352
      _appInstallInfo = class java.util.concurrent.atomic.AtomicReference@50cacbef
      _update = class java.util.concurrent.atomic.AtomicBoolean@7e79bdb2
      _appConfig = class java.util.concurrent.atomic.AtomicReference@43fa4ad5
      _nextAppConfig = class java.util.concurrent.atomic.AtomicReference@828486b
      _appContainer = class java.util.concurrent.atomic.AtomicReference@e3b6f32
      _resolvedLocation = class java.util.concurrent.atomic.AtomicReference@3d9cc76a
      _handler = class java.util.concurrent.atomic.AtomicReference@2ca19eee
      _asmSeqNo = 2
      _ctx = class org.eclipse.osgi.internal.framework.BundleContextImpl@4702e0db
      _locAdmin = class com.ibm.ws.kernel.service.location.internal.WsLocationAdminImpl@77f3f51e
      _futureMonitor = class com.ibm.ws.threading.internal.FutureMonitorImpl@5c906451
      _artifactFactory = class com.ibm.ws.artifact.internal.ArtifactContainerFactoryService@4c26fee
      _moduleFactory = class com.ibm.ws.adaptable.module.internal.AdaptableModuleFactoryImpl@657c7f1f
      _executorService = class com.ibm.ws.threading.internal.ExecutorServiceImpl@6204ed1d
      _scheduledExecutorService = class com.ibm.ws.threading.internal.ScheduledExecutorImpl@3a48a172
      _asmHelper = class com.ibm.ws.app.manager.internal.ApplicationConfigurator$NamedApplication@6cc2b0ed
      _appMonitor = class com.ibm.ws.app.manager.internal.monitor.ApplicationMonitor@6680e001
      enterStateCalled = class java.util.concurrent.atomic.AtomicBoolean@3397511c
      serialVersionUID = 6511956370079301927
      serialVersionUID = 5501066335104962649
      $$$tc$$$ = class com.ibm.websphere.ras.TraceComponent@11ebb86e
    serialVersionUID = 2630639237123415755
    $$$tc$$$ = class com.ibm.websphere.ras.TraceComponent@4d4da7c9
      strings[0] = "TraceComponent[com.ibm.ws.app.manager.internal.ApplicationInstallInfo,class com.ibm.ws.app.manager.internal.ApplicationInstallInfo,[applications, app.manager],com.ibm.ws.app.manager.internal.resources.AppManagerMessages,null]"
  location = "D:\devel\tools\wlp\usr\servers\defaultServer\apps\testingPrimefaces.war.xml"
  classLoadingService = class com.ibm.ws.classloading.internal.ClassLoadingServiceImpl@68a30b7c
    tc = class com.ibm.websphere.ras.TraceComponent@664259ef
      strings[0] = "TraceComponent[com.ibm.ws.classloading.internal.ClassLoadingServiceImpl,class com.ibm.ws.classloading.internal.ClassLoadingServiceImpl,[ClassLoadingService],com.ibm.ws.classloading.internal.resources.ClassLoadingServiceMessages,null]"
    leakDetectionMap = class java.util.HashMap@6d71cc65
      serialVersionUID = 362498820763181265
      DEFAULT_INITIAL_CAPACITY = 16
      MAXIMUM_CAPACITY = 1073741824
      DEFAULT_LOAD_FACTOR = 0.75
      TREEIFY_THRESHOLD = 8
      UNTREEIFY_THRESHOLD = 6
      MIN_TREEIFY_CAPACITY = 64
      table = null
      entrySet = null
      size = 0
      modCount = 0
      threshold = 0
      loadFactor = 0.75
      keySet = null
      values = null
    TCCL_LOCK_WAIT = 15000
    REFERENCE_GENERATORS = "generators"
    bundleContext = class org.eclipse.osgi.internal.framework.BundleContextImpl@32383f7e
    aclStore = class com.ibm.ws.classloading.internal.util.CanonicalStore@32c8586
      map = class java.util.concurrent.ConcurrentHashMap@13bd4de7
      q = class com.ibm.ws.classloading.internal.util.RefQueue@eee06c8
      serialVersionUID = 6715157558227169968
      $$$tc$$$ = class com.ibm.websphere.ras.TraceComponent@5d6031d3
    tcclStore = class com.ibm.ws.classloading.internal.util.CanonicalStore@47faee8a
      map = class java.util.concurrent.ConcurrentHashMap@1c6f39c3
      q = class com.ibm.ws.classloading.internal.util.RefQueue@7ea346af
      serialVersionUID = 6715157558227169968
      $$$tc$$$ = class com.ibm.websphere.ras.TraceComponent@5d6031d3
    tcclStoreLock = class java.util.concurrent.locks.ReentrantLock@10410148
      serialVersionUID = 7373984872572414699
      sync = class java.util.concurrent.locks.ReentrantLock$NonfairSync@391220d7
    digraph = class org.eclipse.equinox.internal.region.StandardRegionDigraph@7330e5c1
      EMPTY_EDGE_SET = class java.util.Collections$UnmodifiableSet@55193da1
      monitor = class java.lang.Object@eab0f36
      regions = class java.util.HashMap@48c401d4
      bundleIdToRegionMapping = class org.eclipse.equinox.internal.region.StandardBundleIdToRegionMapping@7d4c106b
      edges = class java.util.HashMap@61a4ce56
      bundleContext = class org.eclipse.osgi.internal.framework.BundleContextImpl@25bbf683
      threadLocal = class java.lang.ThreadLocal@37a0bfeb
      subgraphTraverser = class org.eclipse.equinox.internal.region.SubgraphTraverser@5f02d26a
      bundleCollisionHook = class org.eclipse.equinox.internal.region.hook.RegionBundleCollisionHook@42505ea9
      bundleEventHook = class org.eclipse.equinox.internal.region.hook.RegionBundleEventHook@541eecb
      bundleFindHook = class org.eclipse.equinox.internal.region.hook.RegionBundleFindHook@372c566f
      serviceEventHook = class org.eclipse.equinox.internal.region.hook.RegionServiceEventHook@7ef44362
      serviceFindHook = class org.eclipse.equinox.internal.region.hook.RegionServiceFindHook@3e11ff03
      resolverHookFactory = class org.eclipse.equinox.internal.region.hook.RegionResolverHookFactory@342c79bc
      origin = null
      originUpdateCount = -1
      updateCount = class java.util.concurrent.atomic.AtomicLong@61e6ce78
      defaultRegion = null
    redefiner = class com.ibm.ws.classloading.internal.util.ClassRedefiner@3025c821
      tc = class com.ibm.websphere.ras.TraceComponent@6c3aecbe
      LS = "
"
      inst = class com.ibm.ws.kernel.launch.internal.TraceInstrumentation@12a16da8
      serialVersionUID = 2420101865139508526
    listener = class com.ibm.ws.classloading.internal.ClassLoadingServiceImpl$1@14d74e94
      this$0 = class com.ibm.ws.classloading.internal.ClassLoadingServiceImpl@68a30b7c
      serialVersionUID = -9159707349812113172
      $$$tc$$$ = class com.ibm.websphere.ras.TraceComponent@7f6ac2ca
    classloaders = class java.util.Collections$SynchronizedMap@4c97c3a
      serialVersionUID = 1978198479659022715
      m = class java.util.HashMap@3dd57e75
      mutex = class java.util.Collections$SynchronizedMap@4c97c3a
      keySet = null
      entrySet = null
      values = null
    resourceProviders = class com.ibm.ws.classloading.internal.CompositeResourceProvider@7e05940
      lockFactory = class java.util.concurrent.locks.ReentrantReadWriteLock@11d1ee72
      providerMap = class com.ibm.ws.classloading.internal.util.MultiMap@21fd8977
      serialVersionUID = -5576435894946156347
      $$$tc$$$ = class com.ibm.websphere.ras.TraceComponent@69dac586
    rememberedBundles = class java.util.concurrent.ConcurrentHashMap@1c1a66aa
      serialVersionUID = 7249069246763182397
      MAXIMUM_CAPACITY = 1073741824
      DEFAULT_CAPACITY = 16
      MAX_ARRAY_SIZE = 2147483639
      DEFAULT_CONCURRENCY_LEVEL = 16
      LOAD_FACTOR = 0.75
      TREEIFY_THRESHOLD = 8
      UNTREEIFY_THRESHOLD = 6
      MIN_TREEIFY_CAPACITY = 64
      MIN_TRANSFER_STRIDE = 16
      RESIZE_STAMP_BITS = 16
      MAX_RESIZERS = 65535
      RESIZE_STAMP_SHIFT = 16
      MOVED = -1
      TREEBIN = -2
      RESERVED = -3
      HASH_BITS = 2147483647
      NCPU = 4
      serialPersistentFields = class java.io.ObjectStreamField[3]
      table = class java.util.concurrent.ConcurrentHashMap$Node[16]
      nextTable = null
      baseCount = 5
      sizeCtl = 12
      transferIndex = 0
      cellsBusy = 0
      counterCells = null
      keySet = null
      values = null
      entrySet = null
      U = class sun.misc.Unsafe@29fd619b
      SIZECTL = 20
      TRANSFERINDEX = 32
      BASECOUNT = 24
      CELLSBUSY = 36
      CELLVALUE = 144
      ABASE = 16
      ASHIFT = 2
      keySet = null
      values = null
    collectedBundles = class java.lang.ref.ReferenceQueue@68709605
      NULL = class java.lang.ref.ReferenceQueue$Null@31f16e9c
      ENQUEUED = class java.lang.ref.ReferenceQueue$Null@54b8d8d1
      lock = class java.lang.ref.ReferenceQueue$Lock@441b75bf
      head = null
      queueLength = 0
      $assertionsDisabled = true
    generatorRefs = class com.ibm.wsspi.kernel.service.utils.ConcurrentServiceReferenceSet@555d7af5
      referenceName = "generators"
      contextRef = class java.util.concurrent.atomic.AtomicReference@5ba8ac7b
      elementMap = class java.util.LinkedHashMap@64b53a1
      elementSet = class java.util.concurrent.ConcurrentSkipListSet@1f5d7c01
      elementSetUnsorted = false
      serialVersionUID = 756240983881166148
      $$$tc$$$ = class com.ibm.websphere.ras.TraceComponent@15ada61
    generatorManager = class com.ibm.ws.classloading.internal.ClassGeneratorManager@48edc0c8
      tc = class com.ibm.websphere.ras.TraceComponent@4379e933
      generatorRefs = class com.ibm.wsspi.kernel.service.utils.ConcurrentServiceReferenceSet@555d7af5
      serialVersionUID = 4152663586056483310
    appExtLibs = class java.util.concurrent.CopyOnWriteArrayList@467dd671
      serialVersionUID = 8673264195747942595
      lock = class java.util.concurrent.locks.ReentrantLock@3a6b2726
      array = class java.lang.Object[0]
      UNSAFE = class sun.misc.Unsafe@29fd619b
      lockOffset = 12
    globalConfig = class com.ibm.ws.classloading.configuration.GlobalClassloadingConfiguration@99a4a28
      properties = class org.apache.felix.scr.impl.helper.ReadOnlyDictionary@2d3efadc
      serialVersionUID = 452562347104713756
      $$$tc$$$ = class com.ibm.websphere.ras.TraceComponent@4fff6d3f
    metaInfServicesProviders = class java.util.concurrent.ConcurrentHashMap@467a5287
      serialVersionUID = 7249069246763182397
      MAXIMUM_CAPACITY = 1073741824
      DEFAULT_CAPACITY = 16
      MAX_ARRAY_SIZE = 2147483639
      DEFAULT_CONCURRENCY_LEVEL = 16
      LOAD_FACTOR = 0.75
      TREEIFY_THRESHOLD = 8
      UNTREEIFY_THRESHOLD = 6
      MIN_TREEIFY_CAPACITY = 64
      MIN_TRANSFER_STRIDE = 16
      RESIZE_STAMP_BITS = 16
      MAX_RESIZERS = 65535
      RESIZE_STAMP_SHIFT = 16
      MOVED = -1
      TREEBIN = -2
      RESERVED = -3
      HASH_BITS = 2147483647
      NCPU = 4
      serialPersistentFields = class java.io.ObjectStreamField[3]
      table = null
      nextTable = null
      baseCount = 0
      sizeCtl = 0
      transferIndex = 0
      cellsBusy = 0
      counterCells = null
      keySet = null
      values = null
      entrySet = null
      U = class sun.misc.Unsafe@29fd619b
      SIZECTL = 20
      TRANSFERINDEX = 32
      BASECOUNT = 24
      CELLSBUSY = 36
      CELLVALUE = 144
      ABASE = 16
      ASHIFT = 2
      keySet = null
      values = null
    metaInfServicesRefs = class com.ibm.wsspi.kernel.service.utils.ConcurrentServiceReferenceMap@2a5634f3
      referenceName = "MetaInfServicesProvider"
      context = class org.apache.felix.scr.impl.manager.ComponentContextImpl@cb3d2
      elementMap = class java.util.concurrent.ConcurrentHashMap@1e307fdf
      serialVersionUID = 6980924785166233786
      $$$tc$$$ = class com.ibm.websphere.ras.TraceComponent@4d60567d
    protectionDomainMap = class java.util.HashMap@2b0a196
      serialVersionUID = 362498820763181265
      DEFAULT_INITIAL_CAPACITY = 16
      MAXIMUM_CAPACITY = 1073741824
      DEFAULT_LOAD_FACTOR = 0.75
      TREEIFY_THRESHOLD = 8
      UNTREEIFY_THRESHOLD = 6
      MIN_TREEIFY_CAPACITY = 64
      table = null
      entrySet = null
      size = 0
      modCount = 0
      threshold = 0
      loadFactor = 0.75
      keySet = null
      values = null
    metadataIdentifierService = class com.ibm.ws.container.service.metadata.internal.MetaDataServiceImpl@5cfa0cf7
    globalSharedLibrary = class java.util.concurrent.atomic.AtomicReference@59a060e2
      serialVersionUID = -1848883965231344442
      unsafe = class sun.misc.Unsafe@29fd619b
      valueOffset = 12
      value = null
    serialVersionUID = -2277344858934055980
  globalSharedLibrary = class com.ibm.ws.library.internal.SharedLibraryImpl@4c9ab54f
    tc = class com.ibm.websphere.ras.TraceComponent@23b2ef62
      strings[0] = "TraceComponent[com.ibm.ws.library.internal.SharedLibraryImpl,class com.ibm.ws.library.internal.SharedLibraryImpl,[SharedLibrary],com.ibm.ws.classloading.internal.resources.ClassLoadingServiceMessages,null]"
    EMPTY_LIBRARY_LISTENERS = interface com.ibm.wsspi.library.LibraryChangeListener[0]
    deleted = false
    libraryListenersTracker = class org.osgi.util.tracker.ServiceTracker@66e9fd19
      DEBUG = false
      context = class org.eclipse.osgi.internal.framework.BundleContextImpl@32383f7e
      filter = class org.eclipse.osgi.internal.framework.FilterImpl@402c8e91
      customizer = class org.osgi.util.tracker.ServiceTracker@66e9fd19
      listenerFilter = "(&(objectClass=com.ibm.wsspi.library.LibraryChangeListener)(|(library=global)(libraryRef=*com.ibm.ws.classloading.sharedlibrary_37*)))"
      trackClass = null
      trackReference = null
      tracked = class org.osgi.util.tracker.ServiceTracker$Tracked@6ebf6f10
      cachedReference = null
      cachedService = null
    libraryReg = class org.eclipse.osgi.internal.serviceregistry.ServiceRegistrationImpl@15f60761
      registry = class org.eclipse.osgi.internal.serviceregistry.ServiceRegistry@4d0c4ea1
      context = class org.eclipse.osgi.internal.framework.BundleContextImpl@32383f7e
      bundle = class org.eclipse.osgi.internal.framework.EquinoxBundle@2b3507c8
      clazzes = class java.lang.String[1]
      service = class com.ibm.ws.library.internal.SharedLibraryImpl@4c9ab54f
      reference = class org.eclipse.osgi.internal.serviceregistry.ServiceReferenceImpl@30763870
      contextsUsing = class java.util.ArrayList@23372ce1
      properties = class java.util.Collections$UnmodifiableMap@26d2c9c6
      serviceid = 312
      serviceranking = 2
      registrationLock = class java.lang.Object@aaf8759
      state = 0
      REGISTERED = 0
      UNREGISTERING = 1
      UNREGISTERED = 2
      FRAMEWORK_SET_SERVICE_PROPERTIES_COUNT = 4
      $assertionsDisabled = true
    ctx = class org.eclipse.osgi.internal.framework.BundleContextImpl@32383f7e
      findHookName = "org.osgi.framework.hooks.bundle.FindHook"
      valid = true
      bundle = class org.eclipse.osgi.internal.framework.EquinoxBundle@2b3507c8
      container = class org.eclipse.osgi.internal.framework.EquinoxContainer@4d5d7ea0
      debug = class org.eclipse.osgi.internal.debug.Debug@6f638256
      servicesInUse = class java.util.HashMap@2d332ccd
      activator = null
      contextLock = class java.lang.Object@11636715
    classLoadingService = class com.ibm.ws.classloading.internal.ClassLoadingServiceImpl@68a30b7c
    configAdmin = class com.ibm.ws.config.admin.internal.ConfigurationAdminImpl@30cf553
      tc = class com.ibm.websphere.ras.TraceComponent@18057085
      bundle = class org.eclipse.osgi.internal.framework.EquinoxBundle@2b3507c8
      caFactory = class com.ibm.ws.config.admin.internal.ConfigAdminServiceFactory@e368ef8
      serialVersionUID = -2875522750804142523
    resolvedBasePath = "D:/devel/tools/wlp/usr/servers/defaultServer/"
    generationLock = class com.ibm.ws.library.internal.SharedLibraryImpl$1@9df0de5
      this$0 = class com.ibm.ws.library.internal.SharedLibraryImpl@4c9ab54f
      serialVersionUID = 2483639803450672373
      $$$tc$$$ = class com.ibm.websphere.ras.TraceComponent@24b4e714
    currentGeneration = class com.ibm.ws.library.internal.LibraryGeneration@66924cba
      tc = class com.ibm.websphere.ras.TraceComponent@21262f7e
      nextInt = class java.util.concurrent.atomic.AtomicInteger@53b4d546
      libraryId = "global"
      genId = 2
      libraryProps = class java.util.Hashtable@6186cf0
      filesetRefs = class java.util.Collections$UnmodifiableRandomAccessList@2f50d28e
      apiTypeVisibility = class java.util.RegularEnumSet@6290d6dd
      files = class java.util.Collections$EmptyList@81523dd
      folders = class java.util.ArrayList@177b312c
      fileAndFolderContainers = class java.util.Collections$EmptyList@81523dd
      filesets = class java.util.concurrent.ArrayBlockingQueue@52c1a0df
      filesetListenerRegs = class java.util.concurrent.ConcurrentLinkedQueue@7bacdcab
      cancelled = false
      library = class com.ibm.ws.library.internal.SharedLibraryImpl@4c9ab54f
      serialVersionUID = 6965220007121905717
    nextGeneration = class com.ibm.ws.library.internal.LibraryGeneration@66924cba
    artifactContainerFactory = class com.ibm.ws.library.internal.SharedLibraryFactory$1@4fba6444
      this$0 = class com.ibm.ws.library.internal.SharedLibraryFactory@1383cc3
      serialVersionUID = 7730244564205089330
      $$$tc$$$ = class com.ibm.websphere.ras.TraceComponent@3de04f54
    packageExporter = class com.ibm.ws.library.internal.LibraryPackageExporter@2b78b68d
      EXPORTER_POSTFIX = "_library_exporter"
      REGION_EXPORT_TO_LIBERTY = "liberty.library.export.to.liberty"
      REGION_EXPORT_TO_OSGI_APPS = "liberty.library.export.to.osgi.app"
      REGION_KERNEL = "org.eclipse.equinox.region.kernel"
      counter = class java.util.concurrent.atomic.AtomicLong@32341b03
      context = class org.eclipse.osgi.internal.framework.BundleContextImpl@32383f7e
      digraph = class org.eclipse.equinox.internal.region.StandardRegionDigraph@7330e5c1
      bundleToLibrary = class java.util.concurrent.ConcurrentHashMap@7509702
      libraryToVisibility = class java.util.concurrent.ConcurrentHashMap@30be75b6
      serialVersionUID = 8074378969667956573
      $$$tc$$$ = class com.ibm.websphere.ras.TraceComponent@2444fcef
    serialVersionUID = 6288237618632180389
  sharedLibDeploymentInfo = class com.ibm.ws.app.manager.module.internal.DeployedAppInfoBase$SharedLibDeploymentInfo@6286ff14
    bundleContext = class org.eclipse.osgi.internal.framework.BundleContextImpl@1b80fe92
      findHookName = "org.osgi.framework.hooks.bundle.FindHook"
      valid = true
      bundle = class org.eclipse.osgi.internal.framework.EquinoxBundle@3df3319a
      container = class org.eclipse.osgi.internal.framework.EquinoxContainer@4d5d7ea0
      debug = class org.eclipse.osgi.internal.debug.Debug@6f638256
      servicesInUse = class java.util.HashMap@130ea487
      activator = null
      contextLock = class java.lang.Object@35211d5a
    locAdmin = class com.ibm.ws.kernel.service.location.internal.WsLocationAdminImpl@77f3f51e
      tc = class com.ibm.websphere.ras.TraceComponent@1bfa5d7c
      LOC_INTERNAL_LIB_DIR = "wlp.lib.dir"
      LOC_AREA_NAME_APPS = "shared/apps/"
      LOC_AREA_NAME_CONFIG = "shared/config/"
      LOC_AREA_NAME_RESC = "shared/resources/"
      LOC_AREA_NAME_STATE = "logs/state/"
      LOC_AREA_NAME_SERVERS = "servers/"
      LOC_AREA_NAME_CLIENTS = "clients/"
      LOC_AREA_NAME_WORKING = "workarea/"
      LOC_AREA_NAME_EXTENSION = "extension/"
      instance = class com.ibm.ws.staticvalue.StaticValue$FinalSingleton@382d1430
      installRoot = class com.ibm.ws.kernel.service.location.internal.SymbolicRootResource@6ff2892e
      installParentRoot = class com.ibm.ws.kernel.service.location.internal.SymbolicRootResource@c17dd7d
      userRoot = class com.ibm.ws.kernel.service.location.internal.SymbolicRootResource@423bdd4c
      usrExtensionRoot = class com.ibm.ws.kernel.service.location.internal.SymbolicRootResource@1267cdaf
      serverConfigDir = class com.ibm.ws.kernel.service.location.internal.SymbolicRootResource@69279d34
      serverOutputDir = class com.ibm.ws.kernel.service.location.internal.SymbolicRootResource@69279d34
      bootstrapLib = class com.ibm.ws.kernel.service.location.internal.LocalFileResource@5b695958
      serverWorkarea = class com.ibm.ws.kernel.service.location.internal.LocalFileResource@47242ec4
      serverState = class com.ibm.ws.kernel.service.location.internal.LocalFileResource@6b82993a
      sharedAppsRoot = class com.ibm.ws.kernel.service.location.internal.SymbolicRootResource@3e197743
      sharedConfigRoot = class com.ibm.ws.kernel.service.location.internal.SymbolicRootResource@2f2b5a41
      sharedResourceRoot = class com.ibm.ws.kernel.service.location.internal.SymbolicRootResource@491f036e
      tmpRoot = class com.ibm.ws.kernel.service.location.internal.SymbolicRootResource@36ab083e
      serverName = "defaultServer"
      resourcePaths = class java.util.ArrayList@437dd2c7
      resourceGroups = class java.util.HashMap@36f161bb
      commonRoot = class com.ibm.ws.kernel.service.location.internal.VirtualRootResource@7440078
      serialVersionUID = 7766352982799267432
    artifactFactory = class com.ibm.ws.artifact.internal.ArtifactContainerFactoryService@4c26fee
      CATEGORY_PROP_NAME = "category"
      ENTRY_KEY = "com.ibm.wsspi.artifact.ArtifactEntry"
      helperMap = class com.ibm.wsspi.kernel.service.utils.ConcurrentServiceReferenceSetMap@1718ceac
      contributorMap = class com.ibm.wsspi.kernel.service.utils.ConcurrentServiceReferenceSetMap@32203811
      helperCategoryMap = class com.ibm.wsspi.kernel.service.utils.ConcurrentServiceReferenceSetMap@5402f97e
      contributorCategoryMap = class com.ibm.wsspi.kernel.service.utils.ConcurrentServiceReferenceSetMap@33ef82d3
      categories = class java.util.Collections$SynchronizedSet@625347ac
      baseProperties = class org.apache.felix.scr.impl.helper.ReadOnlyDictionary@51800b47
      serialVersionUID = -3101641399269402013
      $$$tc$$$ = class com.ibm.websphere.ras.TraceComponent@3d5f7219
    moduleFactory = class com.ibm.ws.adaptable.module.internal.AdaptableModuleFactoryImpl@657c7f1f
      adapterFactoryService = class com.ibm.ws.adaptable.module.internal.AdapterFactoryServiceImpl@37d4e50d
      containerFactory = class com.ibm.ws.artifact.internal.ArtifactContainerFactoryService@4c26fee
      overlayContainerFactory = class com.ibm.ws.artifact.overlay.internal.OverlayContainerFactoryImpl@bfe037b
      serialVersionUID = 4200251809856292987
      $$$tc$$$ = class com.ibm.websphere.ras.TraceComponent@d9420c4
    classesContainerInfo = class java.util.ArrayList@1bf2b7c7
      serialVersionUID = 8683452581122892189
      DEFAULT_CAPACITY = 10
      EMPTY_ELEMENTDATA = class java.lang.Object[0]
      DEFAULTCAPACITY_EMPTY_ELEMENTDATA = class java.lang.Object[0]
      elementData = class java.lang.Object[0]
      size = 0
      MAX_ARRAY_SIZE = 2147483639
      modCount = 0
      MAX_ARRAY_SIZE = 2147483639
    serialVersionUID = -9033256786848720484
    $$$tc$$$ = class com.ibm.websphere.ras.TraceComponent@1683b349
      strings[0] = "TraceComponent[com.ibm.ws.app.manager.module.internal.DeployedAppInfoBase$SharedLibDeploymentInfo,class com.ibm.ws.app.manager.module.internal.DeployedAppInfoBase$SharedLibDeploymentInfo,[applications, app.manager],,null]"
  futureMonitor = class com.ibm.ws.threading.internal.FutureMonitorImpl@5c906451
    _monitor = class java.util.concurrent.ConcurrentLinkedQueue@54dfd2
      serialVersionUID = 196745693267521676
      head = class java.util.concurrent.ConcurrentLinkedQueue$Node@104516e1
      tail = class java.util.concurrent.ConcurrentLinkedQueue$Node@104516e1
      UNSAFE = class sun.misc.Unsafe@29fd619b
      headOffset = 12
      tailOffset = 16
      MAX_ARRAY_SIZE = 2147483639
    _executor = class com.ibm.ws.threading.internal.ScheduledExecutorImpl@3a48a172
      threadGroupName = "Scheduled Executor Thread Group"
      executor = class com.ibm.ws.threading.internal.ExecutorServiceImpl@6204ed1d
      serialVersionUID = -9110693807503469597
      $$$tc$$$ = class com.ibm.websphere.ras.TraceComponent@3c4e42
      continueExistingPeriodicTasksAfterShutdown = false
      executeExistingDelayedTasksAfterShutdown = true
      removeOnCancel = false
      sequencer = class java.util.concurrent.atomic.AtomicLong@b09679e
      ctl = class java.util.concurrent.atomic.AtomicInteger@112170bb
      COUNT_BITS = 29
      CAPACITY = 536870911
      RUNNING = -536870912
      SHUTDOWN = 0
      STOP = 536870912
      TIDYING = 1073741824
      TERMINATED = 1610612736
      workQueue = class java.util.concurrent.ScheduledThreadPoolExecutor$DelayedWorkQueue@2dc37768
      mainLock = class java.util.concurrent.locks.ReentrantLock@68945633
      workers = class java.util.HashSet@2861f928
      termination = class java.util.concurrent.locks.AbstractQueuedSynchronizer$ConditionObject@32dfe037
      largestPoolSize = 1
      completedTaskCount = 0
      threadFactory = class com.ibm.ws.threading.internal.ThreadFactoryImpl@411b933
      handler = class java.util.concurrent.ThreadPoolExecutor$AbortPolicy@4efe524c
      keepAliveTime = 0
      allowCoreThreadTimeOut = false
      corePoolSize = 1
      maximumPoolSize = 2147483647
      defaultHandler = class java.util.concurrent.ThreadPoolExecutor$AbortPolicy@4efe524c
      shutdownPerm = class java.lang.RuntimePermission@69f15a02
      acc = null
      ONLY_ONE = true
      $assertionsDisabled = true
    _threadRunning = class java.util.concurrent.atomic.AtomicBoolean@7e90bc21
      serialVersionUID = 4654671469794556979
      unsafe = class sun.misc.Unsafe@29fd619b
      valueOffset = 12
      value = 0
    _thread = class com.ibm.ws.threading.internal.FutureMonitorImpl$1@2c0cc6d5
      this$0 = class com.ibm.ws.threading.internal.FutureMonitorImpl@5c906451
      serialVersionUID = 2422512430832938099
      $$$tc$$$ = class com.ibm.websphere.ras.TraceComponent@544780b7
    serialVersionUID = 2765238413969174390
    $$$tc$$$ = class com.ibm.websphere.ras.TraceComponent@577e4c6d
      strings[0] = "TraceComponent[com.ibm.ws.threading.internal.FutureMonitorImpl,class com.ibm.ws.threading.internal.FutureMonitorImpl,[Threading],com.ibm.ws.threading.internal.resources.ThreadingMessages,null]"
  configAdmin = class com.ibm.ws.config.admin.internal.ConfigurationAdminImpl@2c187c54
    tc = class com.ibm.websphere.ras.TraceComponent@18057085
      strings[0] = "TraceComponent[com.ibm.ws.config.admin.internal.ConfigurationAdminImpl,class com.ibm.ws.config.admin.internal.ConfigurationAdminImpl,[config],com.ibm.ws.config.internal.resources.ConfigMessages,null]"
    bundle = class org.eclipse.osgi.internal.framework.EquinoxBundle@3df3319a
      equinoxContainer = class org.eclipse.osgi.internal.framework.EquinoxContainer@4d5d7ea0
      module = class org.eclipse.osgi.internal.framework.EquinoxBundle$EquinoxModule@5f3e18e
      monitor = class java.lang.Object@42279e20
      context = class org.eclipse.osgi.internal.framework.BundleContextImpl@1b80fe92
      signerInfos = null
      $SWITCH_TABLE$org$eclipse$osgi$container$Module$State = {1,2,3,4,5,6,7} /* array length = 7 */
    caFactory = class com.ibm.ws.config.admin.internal.ConfigAdminServiceFactory@e368ef8
      tc = class com.ibm.websphere.ras.TraceComponent@1485d71f
      configurationPermission = class org.osgi.service.cm.ConfigurationPermission@1eab01af
      INDEX_DICTIONARY = 0
      INDEX_LOCATION = 1
      INDEX_METATYPE_PROCESSED = 2
      INDEX_IN_OVERRIDES_FILE = 3
      INDEX_REFERENCES = 4
      INDEX_UNIQUES = 5
      bundleContext = class org.eclipse.osgi.internal.framework.BundleContextImpl@3b472270
      msTracker = class com.ibm.ws.config.admin.internal.ManagedServiceTracker@7b872be7
      msfTracker = class com.ibm.ws.config.admin.internal.ManagedServiceFactoryTracker@222be9c4
      pluginManager = class com.ibm.ws.config.admin.internal.PluginManager@54957be9
      configurationStore = class com.ibm.ws.config.admin.internal.ConfigurationStore@1275aead
      updateQueue = class com.ibm.ws.config.admin.internal.UpdateQueue@506f6717
      ced = class com.ibm.ws.config.admin.internal.ConfigEventDispatcher@2d77d117
      idMap = class java.util.Collections$SynchronizedMap@52c2bd63
      referenceMap = class java.util.Collections$SynchronizedMap@6d7d7150
      variableRegistryTracker = class org.osgi.util.tracker.ServiceTracker@4681e437
      variableRegistry = class com.ibm.ws.kernel.service.location.internal.VariableRegistryHelper@556d7a99
      configurationAdminRef = class org.eclipse.osgi.internal.serviceregistry.ServiceRegistrationImpl@317878
      serialVersionUID = 6695202270027014725
    serialVersionUID = -2875522750804142523
  libraryConfigHelper = class com.ibm.ws.classloading.ClassLoaderConfigHelper@35318455
    tc = class com.ibm.websphere.ras.TraceComponent@2d4ff0f4
      strings[0] = "TraceComponent[com.ibm.ws.classloading.ClassLoaderConfigHelper,class com.ibm.ws.classloading.ClassLoaderConfigHelper,[ClassLoadingService],com.ibm.ws.classloading.internal.resources.ClassLoadingServiceMessages,null]"
    DEFAULT_API_TYPES = class java.util.RegularEnumSet@4b94e0c6
      serialVersionUID = 3411599620347842686
      elements = 23
      elementType = class java.lang.Class@69d457c5
      universe = class com.ibm.wsspi.classloading.ApiType[5]
      ZERO_LENGTH_ENUM_ARRAY = class java.lang.Enum[0]
      MAX_ARRAY_SIZE = 2147483639
    sharedLibraries = class java.util.Collections$EmptyList@81523dd
      serialVersionUID = 8842843931221139166
      modCount = 0
      MAX_ARRAY_SIZE = 2147483639
    commonLibraries = class java.util.Collections$EmptyList@81523dd
    classProviders = class java.util.Collections$EmptyList@81523dd
    sharedLibrariesPids = null
    commonLibrariesPids = null
    isDelegateLast = false
    apiTypes = class java.util.RegularEnumSet@4b94e0c6
    classLoaderConfigProps = null
    serialVersionUID = 7643888529935916418
  isDelegateLast = false
  permissionManager = class com.ibm.ws.classloading.java2sec.PermissionManager@609aa3b8
    tc = class com.ibm.websphere.ras.TraceComponent@652d1a6c
      strings[0] = "TraceComponent[com.ibm.ws.classloading.java2sec.PermissionManager,class com.ibm.ws.classloading.java2sec.PermissionManager,[Java2SecurityUtil],com.ibm.ws.classloading.internal.resources.Java2SecurityUtilMessages,null]"
    classLoadingService = class com.ibm.ws.classloading.internal.ClassLoadingServiceImpl@68a30b7c
    DEFAULT_SERVER_RESTRICTABLE_PERMISSIONS = class java.security.Permission[4]
      Permission[0] = class java.lang.RuntimePermission@6f1b4247
      Permission[1] = class java.lang.RuntimePermission@52ed5933
      Permission[2] = class java.security.SecurityPermission@78b11250
      Permission[3] = class javax.security.auth.AuthPermission@4e7ba4e5
    DEFAULT_CLIENT_RESTRICTABLE_PERMISSIONS = class java.security.Permission[3]
      Permission[0] = class java.lang.RuntimePermission@481dd29e
      Permission[1] = class java.security.SecurityPermission@29fcb374
      Permission[2] = class javax.security.auth.AuthPermission@206a18e6
    isServer = true
    wsjarUrlStreamHandlerAvailable = true
    restrictablePermissions = class java.util.ArrayList@36cd1ce7
      serialVersionUID = 8683452581122892189
      DEFAULT_CAPACITY = 10
      EMPTY_ELEMENTDATA = class java.lang.Object[0]
      DEFAULTCAPACITY_EMPTY_ELEMENTDATA = class java.lang.Object[0]
      elementData = class java.lang.Object[10]
      size = 4
      MAX_ARRAY_SIZE = 2147483639
      modCount = 4
      MAX_ARRAY_SIZE = 2147483639
    grantedPermissions = class java.util.ArrayList@62ffca1e
      serialVersionUID = 8683452581122892189
      DEFAULT_CAPACITY = 10
      EMPTY_ELEMENTDATA = class java.lang.Object[0]
      DEFAULTCAPACITY_EMPTY_ELEMENTDATA = class java.lang.Object[0]
      elementData = class java.lang.Object[10]
      size = 1
      MAX_ARRAY_SIZE = 2147483639
      modCount = 1
      MAX_ARRAY_SIZE = 2147483639
    KEY_PERMISSION = "permission"
    INCORRECT_PERMISSION_CONFIGURATION = "INCORRECT_PERMISSION_CONFIGURATION"
    PERMISSION_CLASSNOTFOUND = "PERMISSION_CLASSNOTFOUND"
    SERVER_XML = "server.xml"
    CLIENT_XML = "client.xml"
    originationFile = "server.xml"
    permissions = class com.ibm.wsspi.kernel.service.utils.ConcurrentServiceReferenceSet@33ea310
      referenceName = "permission"
      contextRef = class java.util.concurrent.atomic.AtomicReference@ecaee00
      elementMap = class java.util.LinkedHashMap@139e22f6
      elementSet = class java.util.concurrent.ConcurrentSkipListSet@7a40b49b
      elementSetUnsorted = false
      serialVersionUID = 756240983881166148
      $$$tc$$$ = class com.ibm.websphere.ras.TraceComponent@15ada61
    codeBasePermissionMap = class java.util.HashMap@a222ff3
      serialVersionUID = 362498820763181265
      DEFAULT_INITIAL_CAPACITY = 16
      MAXIMUM_CAPACITY = 1073741824
      DEFAULT_LOAD_FACTOR = 0.75
      TREEIFY_THRESHOLD = 8
      UNTREEIFY_THRESHOLD = 6
      MIN_TREEIFY_CAPACITY = 64
      table = null
      entrySet = null
      size = 0
      modCount = 0
      threshold = 0
      loadFactor = 0.75
      keySet = class java.util.HashMap$KeySet@b77c600
      values = null
    permissionXMLPermissionMap = class java.util.HashMap@54d63074
      serialVersionUID = 362498820763181265
      DEFAULT_INITIAL_CAPACITY = 16
      MAXIMUM_CAPACITY = 1073741824
      DEFAULT_LOAD_FACTOR = 0.75
      TREEIFY_THRESHOLD = 8
      UNTREEIFY_THRESHOLD = 6
      MIN_TREEIFY_CAPACITY = 64
      table = null
      entrySet = null
      size = 0
      modCount = 0
      threshold = 0
      loadFactor = 0.75
      keySet = null
      values = null
    serialVersionUID = 3514017629123673923
  permissionsConfig = null
  serialVersionUID = 5168023053972273360
  appInfo = class com.ibm.ws.container.service.app.deploy.internal.ApplicationInfoImpl@234e3b5e
    appName = "testingPrimefaces"
    appMetaData = class com.ibm.ws.container.service.app.deploy.internal.ApplicationMetaDataImpl@172d7249
      j2eeName = class com.ibm.ws.container.service.metadata.internal.J2EENameImpl@5630bbcf
      serialVersionUID = -7906531148367236579
      $$$tc$$$ = class com.ibm.websphere.ras.TraceComponent@2ed830ff
      tc = class com.ibm.websphere.ras.TraceComponent@72b2886f
      NUM_STATIC_SLOTS = 4
      ID_UNINITIALIZED = -1
      id = 4
      metaDataInterface = class java.lang.Class@510b1c8e
      staticSlots = class java.lang.Object[4]
      dynamicSlots = class java.lang.Object[4]
    appContainer = class com.ibm.ws.adaptable.module.internal.AdaptableContainerImpl@165ca313
    configHelper = class com.ibm.ws.app.manager.module.ApplicationNestedConfigHelper@16133012
      appInfo = class com.ibm.ws.app.manager.internal.ApplicationInstallInfo@777930cd
      serialVersionUID = -3174031738676705046
      $$$tc$$$ = class com.ibm.websphere.ras.TraceComponent@62645bb0
    applicationInformation = class com.ibm.ws.app.manager.internal.ApplicationInstallInfo@777930cd
    serialVersionUID = -505303337196743781
    $$$tc$$$ = class com.ibm.websphere.ras.TraceComponent@59b0a0d6
      strings[0] = "TraceComponent[com.ibm.ws.container.service.app.deploy.internal.ApplicationInfoImpl,class com.ibm.ws.container.service.app.deploy.internal.ApplicationInfoImpl,[container.service],com.ibm.ws.container.service.resources.Messages,null]"
  modulesDeployed = class java.util.ArrayList@50e2c060
    serialVersionUID = 8683452581122892189
    DEFAULT_CAPACITY = 10
    EMPTY_ELEMENTDATA = class java.lang.Object[0]
    DEFAULTCAPACITY_EMPTY_ELEMENTDATA = class java.lang.Object[0]
    elementData = class java.lang.Object[0]
    size = 0
    MAX_ARRAY_SIZE = 2147483639
    modCount = 0
    MAX_ARRAY_SIZE = 2147483639
  starting = false
  started = false
  appInfoFactory = class com.ibm.ws.container.service.app.deploy.internal.ApplicationInfoFactoryImpl@6948e505
    j2eeNameFactory = class com.ibm.wsspi.kernel.service.utils.AtomicServiceReference@44c6db85
      referenceName = "j2eeNameFactory"
      tuple = class java.util.concurrent.atomic.AtomicReference@2462d153
      serialVersionUID = 2226592364007985000
      $$$tc$$$ = class com.ibm.websphere.ras.TraceComponent@2bce32f9
    names = class java.util.HashSet@4f7b0baa
      serialVersionUID = -5024744406713321676
      map = class java.util.HashMap@521088f4
      PRESENT = class java.lang.Object@3567a6de
      MAX_ARRAY_SIZE = 2147483639
    serialVersionUID = 7443990212682384945
    $$$tc$$$ = class com.ibm.websphere.ras.TraceComponent@7827fed4
      strings[0] = "TraceComponent[com.ibm.ws.container.service.app.deploy.internal.ApplicationInfoFactoryImpl,class com.ibm.ws.container.service.app.deploy.internal.ApplicationInfoFactoryImpl,[container.service],com.ibm.ws.container.service.resources.Messages,null]"
  metaDataService = class com.ibm.ws.container.service.metadata.internal.MetaDataServiceImpl@5cfa0cf7
    applicationMetaDataManager = class com.ibm.ws.container.service.metadata.internal.ApplicationMetaDataManager@42e8b1c0
      serialVersionUID = 1843747281024490904
      $$$tc$$$ = class com.ibm.websphere.ras.TraceComponent@3febafdf
      listeners = class com.ibm.wsspi.kernel.service.utils.ConcurrentServiceReferenceSet@43db348d
      metaDataIDs = class com.ibm.ws.container.service.metadata.internal.IndexList@33088d34
      metaDatas = class java.util.ArrayList@20474b3c
      slotIDs = class com.ibm.ws.container.service.metadata.internal.IndexList@65b51e55
      serialVersionUID = 5464421863354792977
      $$$tc$$$ = class com.ibm.websphere.ras.TraceComponent@307bdc02
    moduleMetaDataManager = class com.ibm.ws.container.service.metadata.internal.ModuleMetaDataManager@59db7ebe
      serialVersionUID = 2513574389899327209
      $$$tc$$$ = class com.ibm.websphere.ras.TraceComponent@79a3673a
      listeners = class com.ibm.wsspi.kernel.service.utils.ConcurrentServiceReferenceSet@24de553d
      metaDataIDs = class com.ibm.ws.container.service.metadata.internal.IndexList@1c7fda23
      metaDatas = class java.util.ArrayList@232cb198
      slotIDs = class com.ibm.ws.container.service.metadata.internal.IndexList@4a4eea0a
      serialVersionUID = 5464421863354792977
      $$$tc$$$ = class com.ibm.websphere.ras.TraceComponent@307bdc02
    componentMetaDataManager = class com.ibm.ws.container.service.metadata.internal.ComponentMetaDataManager@1638448e
      serialVersionUID = 8629793739641703882
      $$$tc$$$ = class com.ibm.websphere.ras.TraceComponent@22b8e1c8
      listeners = class com.ibm.wsspi.kernel.service.utils.ConcurrentServiceReferenceSet@404385c6
      metaDataIDs = class com.ibm.ws.container.service.metadata.internal.IndexList@2478e1f7
      metaDatas = class java.util.ArrayList@6ebe5d92
      slotIDs = class com.ibm.ws.container.service.metadata.internal.IndexList@2c22935a
      serialVersionUID = 5464421863354792977
      $$$tc$$$ = class com.ibm.websphere.ras.TraceComponent@307bdc02
    methodMetaDataManager = class com.ibm.ws.container.service.metadata.internal.MethodMetaDataManager@6f5a440b
      serialVersionUID = -8002489041502300640
      $$$tc$$$ = class com.ibm.websphere.ras.TraceComponent@589ed652
      listeners = class com.ibm.wsspi.kernel.service.utils.ConcurrentServiceReferenceSet@1f890700
      metaDataIDs = class com.ibm.ws.container.service.metadata.internal.IndexList@4bfb036
      metaDatas = class java.util.ArrayList@7f59df77
      slotIDs = class com.ibm.ws.container.service.metadata.internal.IndexList@54f6dade
      serialVersionUID = 5464421863354792977
      $$$tc$$$ = class com.ibm.websphere.ras.TraceComponent@307bdc02
    appModuleNameToModuleContainer = class java.util.concurrent.ConcurrentHashMap@683b9e91
      serialVersionUID = 7249069246763182397
      MAXIMUM_CAPACITY = 1073741824
      DEFAULT_CAPACITY = 16
      MAX_ARRAY_SIZE = 2147483639
      DEFAULT_CONCURRENCY_LEVEL = 16
      LOAD_FACTOR = 0.75
      TREEIFY_THRESHOLD = 8
      UNTREEIFY_THRESHOLD = 6
      MIN_TREEIFY_CAPACITY = 64
      MIN_TRANSFER_STRIDE = 16
      RESIZE_STAMP_BITS = 16
      MAX_RESIZERS = 65535
      RESIZE_STAMP_SHIFT = 16
      MOVED = -1
      TREEBIN = -2
      RESERVED = -3
      HASH_BITS = 2147483647
      NCPU = 4
      serialPersistentFields = class java.io.ObjectStreamField[3]
      table = class java.util.concurrent.ConcurrentHashMap$Node[16]
      nextTable = null
      baseCount = 6
      sizeCtl = 12
      transferIndex = 0
      cellsBusy = 0
      counterCells = null
      keySet = null
      values = null
      entrySet = null
      U = class sun.misc.Unsafe@29fd619b
      SIZECTL = 20
      TRANSFERINDEX = 32
      BASECOUNT = 24
      CELLSBUSY = 36
      CELLVALUE = 144
      ABASE = 16
      ASHIFT = 2
      keySet = null
      values = null
    jeeNameToComponentMetaData = class java.util.concurrent.ConcurrentHashMap@6a1733a6
      serialVersionUID = 7249069246763182397
      MAXIMUM_CAPACITY = 1073741824
      DEFAULT_CAPACITY = 16
      MAX_ARRAY_SIZE = 2147483639
      DEFAULT_CONCURRENCY_LEVEL = 16
      LOAD_FACTOR = 0.75
      TREEIFY_THRESHOLD = 8
      UNTREEIFY_THRESHOLD = 6
      MIN_TREEIFY_CAPACITY = 64
      MIN_TRANSFER_STRIDE = 16
      RESIZE_STAMP_BITS = 16
      MAX_RESIZERS = 65535
      RESIZE_STAMP_SHIFT = 16
      MOVED = -1
      TREEBIN = -2
      RESERVED = -3
      HASH_BITS = 2147483647
      NCPU = 4
      serialPersistentFields = class java.io.ObjectStreamField[3]
      table = class java.util.concurrent.ConcurrentHashMap$Node[16]
      nextTable = null
      baseCount = 11
      sizeCtl = 12
      transferIndex = 0
      cellsBusy = 0
      counterCells = null
      keySet = null
      values = null
      entrySet = null
      U = class sun.misc.Unsafe@29fd619b
      SIZECTL = 20
      TRANSFERINDEX = 32
      BASECOUNT = 24
      CELLSBUSY = 36
      CELLVALUE = 144
      ABASE = 16
      ASHIFT = 2
      keySet = null
      values = null
    deferredMetaDataFactories = class com.ibm.wsspi.kernel.service.utils.ConcurrentServiceReferenceSet@3edf165e
      referenceName = "deferredMetaDataFactory"
      contextRef = class java.util.concurrent.atomic.AtomicReference@6f062032
      elementMap = class java.util.LinkedHashMap@553926c0
      elementSet = class java.util.concurrent.ConcurrentSkipListSet@475512e6
      elementSetUnsorted = false
      serialVersionUID = 756240983881166148
      $$$tc$$$ = class com.ibm.websphere.ras.TraceComponent@15ada61
    deferredMetaDataInitializers = class com.ibm.wsspi.kernel.service.utils.ConcurrentServiceReferenceMap@3186792
      referenceName = "deferredMetaDataFactory"
      context = class org.apache.felix.scr.impl.manager.ComponentContextImpl@66b53963
      elementMap = class java.util.concurrent.ConcurrentHashMap@49081b08
      serialVersionUID = 6980924785166233786
      $$$tc$$$ = class com.ibm.websphere.ras.TraceComponent@4d60567d
    serialVersionUID = -2494605732980966097
    $$$tc$$$ = class com.ibm.websphere.ras.TraceComponent@129fb32f
      strings[0] = "TraceComponent[com.ibm.ws.container.service.metadata.internal.MetaDataServiceImpl,class com.ibm.ws.container.service.metadata.internal.MetaDataServiceImpl,[Runtime],,null]"
  stateChangeService = class com.ibm.ws.container.service.state.internal.StateChangeServiceImpl@5c85a92f
    applicationStateManager = class com.ibm.ws.container.service.state.internal.ApplicationStateManager@b14099c
      serialVersionUID = -6685368059484454124
      $$$tc$$$ = class com.ibm.websphere.ras.TraceComponent@108b1d42
      listeners = class com.ibm.wsspi.kernel.service.utils.ConcurrentServiceReferenceSet@759b4713
      serialVersionUID = 2284273176985484160
      $$$tc$$$ = class com.ibm.websphere.ras.TraceComponent@40561ce7
    moduleStateManager = class com.ibm.ws.container.service.state.internal.ModuleStateManager@5fcf6180
      serialVersionUID = -5540260902341249963
      $$$tc$$$ = class com.ibm.websphere.ras.TraceComponent@62b87ea5
      listeners = class com.ibm.wsspi.kernel.service.utils.ConcurrentServiceReferenceSet@4814a641
      serialVersionUID = 2284273176985484160
      $$$tc$$$ = class com.ibm.websphere.ras.TraceComponent@40561ce7
    serialVersionUID = -537917915330350560
    $$$tc$$$ = class com.ibm.websphere.ras.TraceComponent@1ca5c62b
      strings[0] = "TraceComponent[com.ibm.ws.container.service.state.internal.StateChangeServiceImpl,class com.ibm.ws.container.service.state.internal.StateChangeServiceImpl,[Runtime],,null]"
  moduleClassesInfo = class com.ibm.ws.app.manager.module.internal.SimpleDeployedAppInfoBase$ModuleClassesInfoProvider@1aa2931f
    entryContainerInfosMap = class java.util.HashMap@ed8b600
      serialVersionUID = 362498820763181265
      DEFAULT_INITIAL_CAPACITY = 16
      MAXIMUM_CAPACITY = 1073741824
      DEFAULT_LOAD_FACTOR = 0.75
      TREEIFY_THRESHOLD = 8
      UNTREEIFY_THRESHOLD = 6
      MIN_TREEIFY_CAPACITY = 64
      table = null
      entrySet = null
      size = 0
      modCount = 0
      threshold = 0
      loadFactor = 0.75
      keySet = null
      values = null
    serialVersionUID = -70332790531324534
    $$$tc$$$ = class com.ibm.websphere.ras.TraceComponent@54655ebf
      strings[0] = "TraceComponent[com.ibm.ws.app.manager.module.internal.SimpleDeployedAppInfoBase$ModuleClassesInfoProvider,class com.ibm.ws.app.manager.module.internal.SimpleDeployedAppInfoBase$ModuleClassesInfoProvider,[applications, app.manager],,null]"
  moduleContainerInfos = class java.util.ArrayList@34ec3d83
    serialVersionUID = 8683452581122892189
    DEFAULT_CAPACITY = 10
    EMPTY_ELEMENTDATA = class java.lang.Object[0]
    DEFAULTCAPACITY_EMPTY_ELEMENTDATA = class java.lang.Object[0]
    elementData = class java.lang.Object[10]
      Object[0] = class com.ibm.ws.app.manager.module.internal.SimpleDeployedAppInfoBase$WebModuleContainerInfo@4fad6609
      Object[1] = null
      Object[2] = null
      Object[3] = null
      Object[4] = null
      Object[5] = null
      Object[6] = null
      Object[7] = null
      Object[8] = null
      Object[9] = null
    size = 1
    MAX_ARRAY_SIZE = 2147483639
    modCount = 1
    MAX_ARRAY_SIZE = 2147483639
  activeModuleHandlers = class java.util.IdentityHashMap@38fd125d
    DEFAULT_CAPACITY = 32
    MINIMUM_CAPACITY = 4
    MAXIMUM_CAPACITY = 536870912
    table = class java.lang.Object[16]
      Object[0] = class com.ibm.ws.app.manager.module.internal.WebModuleInfoImpl@15d25f28
      Object[1] = class com.ibm.ws.app.manager.web.internal.WebModuleHandlerImpl@4e22f135
      Object[2] = null
      Object[3] = null
      Object[4] = null
      Object[5] = null
      Object[6] = null
      Object[7] = null
      Object[8] = null
      Object[9] = null
      Object[10] = null
      Object[11] = null
      Object[12] = null
      Object[13] = null
      Object[14] = null
      Object[15] = null
    size = 1
    modCount = 1
    NULL_KEY = class java.lang.Object@5f43bbfb
    entrySet = null
    serialVersionUID = 8188218128353913216
    keySet = null
    values = null
  serialVersionUID = 7078125893012250887
  $$$tc$$$ = class com.ibm.websphere.ras.TraceComponent@4d3a6b19
    strings[0] = "TraceComponent[com.ibm.ws.app.manager.module.internal.SimpleDeployedAppInfoBase,class com.ibm.ws.app.manager.module.internal.SimpleDeployedAppInfoBase,[applications, app.manager],,null]"

Dump of objectArray[0]
Object type = com.ibm.ws.threading.internal.NonCancelableResultFuture
  _done = false
  _result = null
  _failure = null
  _listeners = class java.util.concurrent.ConcurrentLinkedQueue@57922e4f
    serialVersionUID = 196745693267521676
    head = class java.util.concurrent.ConcurrentLinkedQueue$Node@61b0eda4
      item = null
      next = null
      UNSAFE = class sun.misc.Unsafe@29fd619b
      itemOffset = 12
      nextOffset = 16
    tail = class java.util.concurrent.ConcurrentLinkedQueue$Node@61b0eda4
    UNSAFE = class sun.misc.Unsafe@29fd619b
    headOffset = 12
    tailOffset = 16
    MAX_ARRAY_SIZE = 2147483639
  _notifiedListeners = class java.util.concurrent.atomic.AtomicBoolean@637b94f3
    serialVersionUID = 4654671469794556979
    unsafe = class sun.misc.Unsafe@29fd619b
      theUnsafe = class sun.misc.Unsafe@29fd619b
      INVALID_FIELD_OFFSET = -1
      ARRAY_BOOLEAN_BASE_OFFSET = 16
      ARRAY_BYTE_BASE_OFFSET = 16
      ARRAY_SHORT_BASE_OFFSET = 16
      ARRAY_CHAR_BASE_OFFSET = 16
      ARRAY_INT_BASE_OFFSET = 16
      ARRAY_LONG_BASE_OFFSET = 16
      ARRAY_FLOAT_BASE_OFFSET = 16
      ARRAY_DOUBLE_BASE_OFFSET = 16
      ARRAY_OBJECT_BASE_OFFSET = 16
      ARRAY_BOOLEAN_INDEX_SCALE = 1
      ARRAY_BYTE_INDEX_SCALE = 1
      ARRAY_SHORT_INDEX_SCALE = 2
      ARRAY_CHAR_INDEX_SCALE = 2
      ARRAY_INT_INDEX_SCALE = 4
      ARRAY_LONG_INDEX_SCALE = 8
      ARRAY_FLOAT_INDEX_SCALE = 4
      ARRAY_DOUBLE_INDEX_SCALE = 8
      ARRAY_OBJECT_INDEX_SCALE = 4
      ADDRESS_SIZE = 8
    valueOffset = 12
    value = 0
  serialVersionUID = -296387658814354272
  $$$tc$$$ = class com.ibm.websphere.ras.TraceComponent@1e0286be
    strings[0] = "TraceComponent[com.ibm.ws.threading.internal.NonCancelableResultFuture,class com.ibm.ws.threading.internal.NonCancelableResultFuture,[Threading],com.ibm.ws.threading.internal.resources.ThreadingMessages,null]"

