------Start of DE processing------ = [7/05/19 21:02:34:681 PET]
Exception = org.jboss.weld.exceptions.DeploymentException
Source = com.ibm.ws.container.service.state.internal.ApplicationStateManager
probeid = 31
Stack Dump = org.jboss.weld.exceptions.DeploymentException: WELD-000072: Bean declaring a passivating scope must be passivation capable.  Bean:  Managed Bean [class view.selectone.ComboView] with qualifiers [@Default @Any @Named]
	at org.jboss.weld.bean.ManagedBean.checkType(ManagedBean.java:216)
	at org.jboss.weld.bean.AbstractBean.initializeAfterBeanDiscovery(AbstractBean.java:108)
	at org.jboss.weld.bean.ManagedBean.initializeAfterBeanDiscovery(ManagedBean.java:122)
	at org.jboss.weld.bootstrap.ConcurrentBeanDeployer$AfterBeanDiscoveryInitializerFactory.doWork(ConcurrentBeanDeployer.java:111)
	at org.jboss.weld.bootstrap.ConcurrentBeanDeployer$AfterBeanDiscoveryInitializerFactory.doWork(ConcurrentBeanDeployer.java:102)
	at org.jboss.weld.executor.IterativeWorkerTaskFactory$1.call(IterativeWorkerTaskFactory.java:62)
	at org.jboss.weld.executor.IterativeWorkerTaskFactory$1.call(IterativeWorkerTaskFactory.java:55)
	at com.ibm.ws.threading.internal.PolicyTaskFutureImpl.run(PolicyTaskFutureImpl.java:724)
	at com.ibm.ws.threading.internal.PolicyExecutorImpl.runTask(PolicyExecutorImpl.java:1134)
	at com.ibm.ws.threading.internal.PolicyExecutorImpl.invokeAll(PolicyExecutorImpl.java:683)
	at com.ibm.ws.concurrent.internal.ManagedExecutorServiceImpl.invokeAll(ManagedExecutorServiceImpl.java:413)
	at org.jboss.weld.executor.AbstractExecutorServices.invokeAllAndCheckForExceptions(AbstractExecutorServices.java:59)
	at org.jboss.weld.executor.AbstractExecutorServices.invokeAllAndCheckForExceptions(AbstractExecutorServices.java:67)
	at org.jboss.weld.bootstrap.ConcurrentBeanDeployer.doAfterBeanDiscovery(ConcurrentBeanDeployer.java:88)
	at org.jboss.weld.bootstrap.BeanDeployment.afterBeanDiscovery(BeanDeployment.java:268)
	at org.jboss.weld.bootstrap.WeldStartup.deployBeans(WeldStartup.java:482)
	at org.jboss.weld.bootstrap.WeldBootstrap.deployBeans(WeldBootstrap.java:86)
	at com.ibm.ws.cdi.impl.CDIContainerImpl.startInitialization(CDIContainerImpl.java:151)
	at com.ibm.ws.cdi.liberty.CDIRuntimeImpl.applicationStarting(CDIRuntimeImpl.java:438)
	at com.ibm.ws.container.service.state.internal.ApplicationStateManager.fireStarting(ApplicationStateManager.java:28)
	at com.ibm.ws.container.service.state.internal.StateChangeServiceImpl.fireApplicationStarting(StateChangeServiceImpl.java:50)
	at com.ibm.ws.app.manager.module.internal.DeployedAppInfoBase.preDeployApp(DeployedAppInfoBase.java:384)
	at com.ibm.ws.app.manager.module.internal.DeployedAppInfoBase.deployApp(DeployedAppInfoBase.java:413)
	at com.ibm.ws.app.manager.war.internal.WARApplicationHandlerImpl.install(WARApplicationHandlerImpl.java:65)
	at com.ibm.ws.app.manager.internal.statemachine.StartAction.execute(StartAction.java:140)
	at com.ibm.ws.app.manager.internal.statemachine.ApplicationStateMachineImpl.enterState(ApplicationStateMachineImpl.java:1261)
	at com.ibm.ws.app.manager.internal.statemachine.ApplicationStateMachineImpl.performAction(ApplicationStateMachineImpl.java:1129)
	at com.ibm.ws.app.manager.internal.statemachine.ApplicationStateMachineImpl.run(ApplicationStateMachineImpl.java:884)
	at com.ibm.ws.threading.internal.ExecutorServiceImpl$RunnableWrapper.run(ExecutorServiceImpl.java:239)
	at java.base/java.util.concurrent.ThreadPoolExecutor.runWorker(ThreadPoolExecutor.java:1128)
	at java.base/java.util.concurrent.ThreadPoolExecutor$Worker.run(ThreadPoolExecutor.java:628)
	at java.base/java.lang.Thread.run(Thread.java:835)

Dump of callerThis
Object type = com.ibm.ws.container.service.state.internal.ApplicationStateManager
  serialVersionUID = -6685368059484454124
  $$$tc$$$ = class com.ibm.websphere.ras.TraceComponent@251df074
    strings[0] = "TraceComponent[com.ibm.ws.container.service.state.internal.ApplicationStateManager,class com.ibm.ws.container.service.state.internal.ApplicationStateManager,[Runtime],,null]"
  listeners = class com.ibm.wsspi.kernel.service.utils.ConcurrentServiceReferenceSet@21983081
    referenceName = "applicationStateListeners"
    contextRef = class java.util.concurrent.atomic.AtomicReference@56ff0d59
      serialVersionUID = -1848883965231344442
      VALUE = class java.lang.invoke.VarHandleReferences$FieldInstanceReadWrite@2d5e0125
      value = class org.apache.felix.scr.impl.manager.ComponentContextImpl@7e049e0a
    elementMap = class java.util.LinkedHashMap@11c2758
      serialVersionUID = 3801124242820219131
      head = class java.util.LinkedHashMap$Entry@74ae638c
      tail = class java.util.LinkedHashMap$Entry@1468bca6
      accessOrder = false
      serialVersionUID = 362498820763181265
      DEFAULT_INITIAL_CAPACITY = 16
      MAXIMUM_CAPACITY = 1073741824
      DEFAULT_LOAD_FACTOR = 0.75
      TREEIFY_THRESHOLD = 8
      UNTREEIFY_THRESHOLD = 6
      MIN_TREEIFY_CAPACITY = 64
      table = class java.util.HashMap$Node[32]
      entrySet = null
      size = 13
      modCount = 13
      threshold = 24
      loadFactor = 0.75
      keySet = null
      values = null
    elementSet = class java.util.concurrent.ConcurrentSkipListSet@3a690bb6
      serialVersionUID = -2479143111061671589
      m = class java.util.concurrent.ConcurrentSkipListMap@5be4e403
      MAX_ARRAY_SIZE = 2147483639
    elementSetUnsorted = false
    serialVersionUID = 756240983881166148
    $$$tc$$$ = class com.ibm.websphere.ras.TraceComponent@28ad0edd
      strings[0] = "TraceComponent[com.ibm.wsspi.kernel.service.utils.ConcurrentServiceReferenceSet,class com.ibm.wsspi.kernel.service.utils.ConcurrentServiceReferenceSet,[kernelUtils],com.ibm.ws.kernel.service.utils.resources.ServiceMessages,null]"
  serialVersionUID = 2284273176985484160
  $$$tc$$$ = class com.ibm.websphere.ras.TraceComponent@7008c83c
    strings[0] = "TraceComponent[com.ibm.ws.container.service.state.internal.StateChangeManager,class com.ibm.ws.container.service.state.internal.StateChangeManager,[Runtime],,null]"

Dump of objectArray[0]
Object type = com.ibm.ws.container.service.app.deploy.internal.ApplicationInfoImpl
  appName = "Pruebas"
  appMetaData = class com.ibm.ws.container.service.app.deploy.internal.ApplicationMetaDataImpl@5578ea88
    j2eeName = class com.ibm.ws.container.service.metadata.internal.J2EENameImpl@7789e4da
      serialVersionUID = 7488184044073147667
      application = "Pruebas"
      module = null
      component = null
      string = "Pruebas"
      j2eeNameBytes = null
      $$$tc$$$ = class com.ibm.websphere.ras.TraceComponent@33f670d8
    serialVersionUID = -7906531148367236579
    $$$tc$$$ = class com.ibm.websphere.ras.TraceComponent@87c06d0
      strings[0] = "TraceComponent[com.ibm.ws.container.service.app.deploy.internal.ApplicationMetaDataImpl,class com.ibm.ws.container.service.app.deploy.internal.ApplicationMetaDataImpl,[container.service],com.ibm.ws.container.service.resources.Messages,null]"
    tc = class com.ibm.websphere.ras.TraceComponent@3ba12c4e
      strings[0] = "TraceComponent[com.ibm.ws.runtime.metadata.MetaDataImpl,class com.ibm.ws.runtime.metadata.MetaDataImpl,[Runtime],null,null]"
    NUM_STATIC_SLOTS = 4
    ID_UNINITIALIZED = -1
    id = 1
    metaDataInterface = class java.lang.Class@6c3f5d63
      ANNOTATION = 8192
      ENUM = 16384
      SYNTHETIC = 4096
      cachedConstructor = null
      name = "com.ibm.ws.runtime.metadata.ApplicationMetaData"
      module = class java.lang.Module@191b8b2d
      packageName = "com.ibm.ws.runtime.metadata"
      componentType = {} /* array length = 0 */
      allPermDomain = class java.security.ProtectionDomain@38eec985
      reflectionData = null
      classRedefinedCount = 0
      genericInfo = null
      EMPTY_CLASS_ARRAY = class java.lang.Class[0]
      serialVersionUID = 3206093459760846163
      serialPersistentFields = class java.io.ObjectStreamField[0]
      reflectionFactory = class jdk.internal.reflect.ReflectionFactory@65610252
      enumConstants = null
      enumConstantDirectory = null
      annotationData = null
      annotationType = null
      classValueMap = null
    staticSlots = class java.lang.Object[4]
      Object[0] = null
      Object[1] = class com.ibm.ws.injectionengine.osgi.internal.OSGiInjectionScopeData@6440725c
      Object[2] = null
      Object[3] = null
    dynamicSlots = class java.lang.Object[4]
      Object[0] = null
      Object[1] = class com.ibm.ws.cdi.impl.weld.WebSphereCDIDeploymentImpl@20c879b0
      Object[2] = "Pruebas"
      Object[3] = null
  appContainer = class com.ibm.ws.adaptable.module.internal.AdaptableContainerImpl@711aa6d7
    root = class com.ibm.ws.adaptable.module.internal.AdaptableContainerImpl@711aa6d7
    rootOverlay = class com.ibm.ws.artifact.overlay.internal.DirectoryBasedOverlayContainerImpl@17b945a1
      base = class com.ibm.ws.artifact.loose.internal.LooseArchive@26e776a1
      maskSet = class java.util.HashSet@7ee137d6
      cfHolder = class com.ibm.ws.artifact.overlay.internal.OverlayContainerFactoryImpl@7074541f
      fileOverlayContainer = class com.ibm.ws.artifact.file.internal.FileContainer@1caaf445
      overlayDirectory = class java.io.File@21088400
      cacheDirForOverlay = class java.io.File@3c47acfe
      overlayNotifier = class com.ibm.ws.artifact.overlay.internal.DirectoryBasedOverlayNotifier@44839bb0
      enclosingContainer = null
      entryInEnclosingContainer = null
      nestedOverlays = class java.util.concurrent.ConcurrentHashMap@4b6f7327
      cacheStore = class com.ibm.ws.artifact.overlay.internal.OverlayCache@2caed3
      parentOverlay = null
      isPassThroughMode = true
      serialVersionUID = -1690795617118238166
      $$$tc$$$ = class com.ibm.websphere.ras.TraceComponent@7c676c03
    factoryHolder = class com.ibm.ws.adaptable.module.internal.AdaptableModuleFactoryImpl@2f8313a8
      adapterFactoryService = class com.ibm.ws.adaptable.module.internal.AdapterFactoryServiceImpl@1f3adb66
      containerFactory = class com.ibm.ws.artifact.internal.ArtifactContainerFactoryService@547c7ae7
      overlayContainerFactory = class com.ibm.ws.artifact.overlay.internal.OverlayContainerFactoryImpl@7074541f
      serialVersionUID = 4200251809856292987
      $$$tc$$$ = class com.ibm.websphere.ras.TraceComponent@3b0aa074
    delegate = class com.ibm.ws.artifact.overlay.internal.DirectoryBasedOverlayContainerImpl@17b945a1
    notifier = class com.ibm.ws.adaptable.module.internal.NotifierImpl@42aad418
      root = class com.ibm.ws.adaptable.module.internal.AdaptableContainerImpl@711aa6d7
      delegateNotifier = class com.ibm.ws.artifact.overlay.internal.DirectoryBasedOverlayNotifier@44839bb0
      delegateRoot = class com.ibm.ws.artifact.overlay.internal.DirectoryBasedOverlayContainerImpl@17b945a1
      listenerDelegates = class java.util.HashMap@4784b5aa
      serialVersionUID = 6839382523957017880
      $$$tc$$$ = class com.ibm.websphere.ras.TraceComponent@1eeca71
    serialVersionUID = -5621513278641113667
    $$$tc$$$ = class com.ibm.websphere.ras.TraceComponent@7093d339
      strings[0] = "TraceComponent[com.ibm.ws.adaptable.module.internal.AdaptableContainerImpl,class com.ibm.ws.adaptable.module.internal.AdaptableContainerImpl,[archive.adaptable],,null]"
  configHelper = class com.ibm.ws.app.manager.module.ApplicationNestedConfigHelper@d7518d7
    appInfo = class com.ibm.ws.app.manager.internal.ApplicationInstallInfo@3d25820d
    serialVersionUID = -3174031738676705046
    $$$tc$$$ = class com.ibm.websphere.ras.TraceComponent@340e09c2
      strings[0] = "TraceComponent[com.ibm.ws.app.manager.module.ApplicationNestedConfigHelper,class com.ibm.ws.app.manager.module.ApplicationNestedConfigHelper,[applications, app.manager],,null]"
  applicationInformation = class com.ibm.ws.app.manager.internal.ApplicationInstallInfo@3d25820d
    _config = class com.ibm.ws.app.manager.internal.ApplicationConfig@5185a42b
      tc = class com.ibm.websphere.ras.TraceComponent@1dd25728
      _configPid = "com.ibm.ws.app.manager_37"
      _config = class com.ibm.ws.config.admin.ConfigurationDictionary@81162a8
      _applicationManager = class com.ibm.ws.app.manager.ApplicationManager@41397927
      _location = "Pruebas.war"
      _type = "war"
      _name = "Pruebas"
      _notificationBroadcasterSupport = class javax.management.NotificationBroadcasterSupport@13bf09b3
      ONE_TIME_JANDEX_MSGS_DISPLAYED = true
    _handlerInfo = class java.util.concurrent.atomic.AtomicReference@691225f5
      serialVersionUID = -1848883965231344442
      VALUE = class java.lang.invoke.VarHandleReferences$FieldInstanceReadWrite@2d5e0125
      value = class com.ibm.ws.app.manager.war.internal.WARDeployedAppInfo@e52a94f
    _container = class java.util.concurrent.atomic.AtomicReference@371bcbfa
      serialVersionUID = -1848883965231344442
      VALUE = class java.lang.invoke.VarHandleReferences$FieldInstanceReadWrite@2d5e0125
      value = class com.ibm.ws.adaptable.module.internal.AdaptableContainerImpl@711aa6d7
    _resolvedLocation = class java.util.concurrent.atomic.AtomicReference@7cef41e2
      serialVersionUID = -1848883965231344442
      VALUE = class java.lang.invoke.VarHandleReferences$FieldInstanceReadWrite@2d5e0125
      value = class com.ibm.ws.kernel.service.location.internal.LocalFileResource@6b77838f
    _handler = class com.ibm.ws.app.manager.war.internal.WARApplicationHandlerImpl@b716a8
      futureMonitor = class com.ibm.ws.threading.internal.FutureMonitorImpl@7d373f28
      deployedAppFactory = class com.ibm.ws.app.manager.war.internal.WARDeployedAppInfoFactoryImpl@5486c3b8
      serialVersionUID = 4622845147410944782
      $$$tc$$$ = class com.ibm.websphere.ras.TraceComponent@471d5c4
    _ami = class java.util.concurrent.atomic.AtomicReference@78f2b6c6
      serialVersionUID = -1848883965231344442
      VALUE = class java.lang.invoke.VarHandleReferences$FieldInstanceReadWrite@2d5e0125
      value = class com.ibm.wsspi.application.handler.DefaultApplicationMonitoringInformation@4dfe0c3c
    _updateHandler = class com.ibm.ws.app.manager.internal.statemachine.ApplicationStateMachineImpl@115ff639
      _tc = class com.ibm.websphere.ras.TraceComponent@593fe49f
      EMPTY_FUTURE_ARRAY = interface java.util.concurrent.Future[0]
      asmSequenceNumber = class java.util.concurrent.atomic.AtomicLong@2caa0c4a
      _qscaCounter = class java.util.concurrent.atomic.AtomicInteger@71e3c033
      _failedThrowable = null
      _interruptibleLock = class com.ibm.ws.app.manager.internal.statemachine.ApplicationStateMachineImpl$2@46ca83f4
      _interruptible = false
      _performingQueuedActions = true
      _queuedActions = class java.util.concurrent.ConcurrentLinkedQueue@52d49521
      _callbackState = class java.util.concurrent.atomic.AtomicReference@2ee00b6d
      blockAppStartingFutures = class java.util.Collections$SetFromMap@416da4da
      waitingForAppHandlerFuture = class java.util.concurrent.atomic.AtomicReference@53aa4a20
      waitingForExplicitStartFuture = class java.util.concurrent.atomic.AtomicReference@2521b0e9
      completionListener = class java.util.concurrent.atomic.AtomicReference@b346c43
      _notifyAppStopped = class java.util.concurrent.ConcurrentLinkedQueue@27d3428b
      _notifyAppStarting = class java.util.concurrent.ConcurrentLinkedQueue@26a9f71b
      _notifyAppInstallCalled = class java.util.concurrent.ConcurrentLinkedQueue@e27bddf
      _notifyAppStarted = class java.util.concurrent.ConcurrentLinkedQueue@26598e2c
      _notifyAppRemoved = class java.util.concurrent.ConcurrentLinkedQueue@1b234776
      _stateLock = class com.ibm.ws.app.manager.internal.statemachine.ApplicationStateMachineImpl$3@72db7a26
      _internalState = class java.util.concurrent.atomic.AtomicReference@41a1e8e7
      _currentAction = class java.util.concurrent.atomic.AtomicReference@2be32611
      _rfa = class java.util.concurrent.atomic.AtomicReference@2afaccec
      _appInstallInfo = class java.util.concurrent.atomic.AtomicReference@3d989df
      _update = class java.util.concurrent.atomic.AtomicBoolean@4d71bf93
      _appConfig = class java.util.concurrent.atomic.AtomicReference@7f90cb82
      _nextAppConfig = class java.util.concurrent.atomic.AtomicReference@3f1f530
      _appContainer = class java.util.concurrent.atomic.AtomicReference@4ca903e0
      _resolvedLocation = class java.util.concurrent.atomic.AtomicReference@ce4a0c1
      _handler = class java.util.concurrent.atomic.AtomicReference@75d1a604
      _asmSeqNo = 1
      _ctx = class org.eclipse.osgi.internal.framework.BundleContextImpl@24dbca3f
      _locAdmin = class com.ibm.ws.kernel.service.location.internal.WsLocationAdminImpl@798585fb
      _futureMonitor = class com.ibm.ws.threading.internal.FutureMonitorImpl@7d373f28
      _artifactFactory = class com.ibm.ws.artifact.internal.ArtifactContainerFactoryService@547c7ae7
      _moduleFactory = class com.ibm.ws.adaptable.module.internal.AdaptableModuleFactoryImpl@2f8313a8
      _executorService = class com.ibm.ws.threading.internal.ExecutorServiceImpl@2c6507ea
      _scheduledExecutorService = class com.ibm.ws.threading.internal.ScheduledExecutorImpl@799af5c0
      _asmHelper = class com.ibm.ws.app.manager.internal.ApplicationConfigurator$NamedApplication@5f701b3a
      _appMonitor = class com.ibm.ws.app.manager.internal.monitor.ApplicationMonitor@3d904ba4
      enterStateCalled = class java.util.concurrent.atomic.AtomicBoolean@a0cb5b3
      serialVersionUID = 6511956370079301927
      serialVersionUID = 5501066335104962649
      $$$tc$$$ = class com.ibm.websphere.ras.TraceComponent@26e2b833
    serialVersionUID = 2630639237123415755
    $$$tc$$$ = class com.ibm.websphere.ras.TraceComponent@64f6b412
      strings[0] = "TraceComponent[com.ibm.ws.app.manager.internal.ApplicationInstallInfo,class com.ibm.ws.app.manager.internal.ApplicationInstallInfo,[applications, app.manager],com.ibm.ws.app.manager.internal.resources.AppManagerMessages,null]"
  serialVersionUID = -505303337196743781
  $$$tc$$$ = class com.ibm.websphere.ras.TraceComponent@160a3834
    strings[0] = "TraceComponent[com.ibm.ws.container.service.app.deploy.internal.ApplicationInfoImpl,class com.ibm.ws.container.service.app.deploy.internal.ApplicationInfoImpl,[container.service],com.ibm.ws.container.service.resources.Messages,null]"

