------Start of DE processing------ = [17/06/19 17:31:53:532 COT]
Exception = java.lang.ClassNotFoundException
Source = com.ibm.ws.container.ErrorPage
probeid = 95
Stack Dump = java.lang.ClassNotFoundException: 404
	at com.ibm.ws.classloading.internal.UnifiedClassLoader.findClass(UnifiedClassLoader.java:134)
	at com.ibm.ws.classloading.internal.ThreadContextClassLoader.findClass(ThreadContextClassLoader.java:138)
	at java.lang.ClassLoader.loadClass(Unknown Source)
	at com.ibm.ws.classloading.internal.UnifiedClassLoader.loadClass0(UnifiedClassLoader.java:113)
	at com.ibm.ws.classloading.internal.UnifiedClassLoader$Delegation.loadClass(UnifiedClassLoader.java:82)
	at com.ibm.ws.classloading.internal.UnifiedClassLoader.loadClass(UnifiedClassLoader.java:106)
	at com.ibm.ws.classloading.internal.ThreadContextClassLoader.loadClass(ThreadContextClassLoader.java:154)
	at java.lang.ClassLoader.loadClass(Unknown Source)
	at java.lang.Class.forName0(Native Method)
	at java.lang.Class.forName(Unknown Source)
	at com.ibm.ws.container.ErrorPage.getException(ErrorPage.java:94)
	at com.ibm.ws.webcontainer.webapp.WebAppConfiguration.getErrorPageByExceptionType(WebAppConfiguration.java:844)
	at com.ibm.ws.webcontainer.webapp.WebAppConfiguration.getErrorPageTraverseRootCause(WebAppConfiguration.java:813)
	at com.ibm.ws.webcontainer.webapp.WebApp.getErrorPageDispatcher(WebApp.java:4571)
	at com.ibm.ws.webcontainer.webapp.WebApp.sendError(WebApp.java:4146)
	at com.ibm.ws.webcontainer.webapp.WebApp.handleException(WebApp.java:5057)
	at com.ibm.ws.webcontainer.webapp.WebApp.handleRequest(WebApp.java:5037)
	at com.ibm.ws.webcontainer.osgi.DynamicVirtualHost$2.handleRequest(DynamicVirtualHost.java:314)
	at com.ibm.ws.webcontainer.WebContainer.handleRequest(WebContainer.java:992)
	at com.ibm.ws.webcontainer.osgi.DynamicVirtualHost$2.run(DynamicVirtualHost.java:279)
	at com.ibm.ws.http.dispatcher.internal.channel.HttpDispatcherLink$TaskWrapper.run(HttpDispatcherLink.java:1047)
	at com.ibm.ws.http.dispatcher.internal.channel.HttpDispatcherLink.wrapHandlerAndExecute(HttpDispatcherLink.java:417)
	at com.ibm.ws.http.dispatcher.internal.channel.HttpDispatcherLink.ready(HttpDispatcherLink.java:376)
	at com.ibm.ws.http.channel.internal.inbound.HttpInboundLink.handleDiscrimination(HttpInboundLink.java:532)
	at com.ibm.ws.http.channel.internal.inbound.HttpInboundLink.handleNewRequest(HttpInboundLink.java:466)
	at com.ibm.ws.http.channel.internal.inbound.HttpInboundLink.processRequest(HttpInboundLink.java:331)
	at com.ibm.ws.http.channel.internal.inbound.HttpICLReadCallback.complete(HttpICLReadCallback.java:70)
	at com.ibm.ws.tcpchannel.internal.WorkQueueManager.requestComplete(WorkQueueManager.java:503)
	at com.ibm.ws.tcpchannel.internal.WorkQueueManager.attemptIO(WorkQueueManager.java:573)
	at com.ibm.ws.tcpchannel.internal.WorkQueueManager.workerRun(WorkQueueManager.java:954)
	at com.ibm.ws.tcpchannel.internal.WorkQueueManager$Worker.run(WorkQueueManager.java:1043)
	at com.ibm.ws.threading.internal.ExecutorServiceImpl$RunnableWrapper.run(ExecutorServiceImpl.java:239)
	at java.util.concurrent.ThreadPoolExecutor.runWorker(Unknown Source)
	at java.util.concurrent.ThreadPoolExecutor$Worker.run(Unknown Source)
	at java.lang.Thread.run(Unknown Source)

Dump of callerThis
Object type = com.ibm.ws.container.ErrorPage
  location = "/status/error.xhtml"
  errorParam = "404"
  serialVersionUID = -3207630075750300656
  $$$tc$$$ = class com.ibm.websphere.ras.TraceComponent@63d76ae6
    strings[0] = "TraceComponent[com.ibm.ws.container.ErrorPage,class com.ibm.ws.container.ErrorPage,[],null,null]"

Dump of objectArray[0]
Object type = com.ibm.ws.classloading.internal.ThreadContextClassLoader
  tc = class com.ibm.websphere.ras.TraceComponent@6302db27
    strings[0] = "TraceComponent[com.ibm.ws.classloading.internal.ThreadContextClassLoader,class com.ibm.ws.classloading.internal.ThreadContextClassLoader,[ClassLoadingService],com.ibm.ws.classloading.internal.resources.ClassLoadingServiceMessages,null]"
  bundle = class java.util.concurrent.atomic.AtomicReference@46a3c140
    serialVersionUID = -1848883965231344442
    unsafe = class sun.misc.Unsafe@23102523
      theUnsafe = class sun.misc.Unsafe@23102523
      INVALID_FIELD_OFFSET = -1
      ARRAY_BOOLEAN_BASE_OFFSET = 16
      ARRAY_BYTE_BASE_OFFSET = 16
      ARRAY_SHORT_BASE_OFFSET = 16
      ARRAY_CHAR_BASE_OFFSET = 16
      ARRAY_INT_BASE_OFFSET = 16
      ARRAY_LONG_BASE_OFFSET = 16
      ARRAY_FLOAT_BASE_OFFSET = 16
      ARRAY_DOUBLE_BASE_OFFSET = 16
      ARRAY_OBJECT_BASE_OFFSET = 16
      ARRAY_BOOLEAN_INDEX_SCALE = 1
      ARRAY_BYTE_INDEX_SCALE = 1
      ARRAY_SHORT_INDEX_SCALE = 2
      ARRAY_CHAR_INDEX_SCALE = 2
      ARRAY_INT_INDEX_SCALE = 4
      ARRAY_LONG_INDEX_SCALE = 8
      ARRAY_FLOAT_INDEX_SCALE = 4
      ARRAY_DOUBLE_INDEX_SCALE = 8
      ARRAY_OBJECT_INDEX_SCALE = 4
      ADDRESS_SIZE = 8
    valueOffset = 12
    value = class org.eclipse.osgi.internal.framework.EquinoxBundle@3cc5a7e
      equinoxContainer = class org.eclipse.osgi.internal.framework.EquinoxContainer@16eafb70
      module = class org.eclipse.osgi.internal.framework.EquinoxBundle$EquinoxModule@74ac89b
      monitor = class java.lang.Object@39d9b2e3
      context = class org.eclipse.osgi.internal.framework.BundleContextImpl@73604a15
      signerInfos = null
      $SWITCH_TABLE$org$eclipse$osgi$container$Module$State = {1,2,3,4,5,6,7} /* array length = 7 */
  key = "WebModule:softswitch#softswitch.war"
  refCount = class java.util.concurrent.atomic.AtomicInteger@5cb03406
    serialVersionUID = 6214790243416807050
    unsafe = class sun.misc.Unsafe@23102523
    valueOffset = 12
    value = 4
    serialVersionUID = -8742448824652078965
  appLoader = class com.ibm.ws.classloading.internal.AppClassLoader@7730a30e
    tc = class com.ibm.websphere.ras.TraceComponent@73825c16
      strings[0] = "TraceComponent[com.ibm.ws.classloading.internal.AppClassLoader,class com.ibm.ws.classloading.internal.AppClassLoader,[ClassLoadingService],com.ibm.ws.classloading.internal.resources.ClassLoadingServiceMessages,null]"
    PARENT_FIRST_SEARCH_ORDER = class java.util.Collections$UnmodifiableRandomAccessList@78008beb
      serialVersionUID = -2542308836966382001
      serialVersionUID = -283967356065247728
      list = class java.util.Arrays$ArrayList@6ead285c
      serialVersionUID = 1820017752578914078
      c = class java.util.Arrays$ArrayList@6ead285c
    CLASS_LOADING_TRACE_PREFIX = "com.ibm.ws.class.load."
    DEFAULT_PACKAGE = "default.package"
    perPackageClassLoadingTraceComponents = class java.util.concurrent.ConcurrentHashMap@61d676d6
      serialVersionUID = 7249069246763182397
      MAXIMUM_CAPACITY = 1073741824
      DEFAULT_CAPACITY = 16
      MAX_ARRAY_SIZE = 2147483639
      DEFAULT_CONCURRENCY_LEVEL = 16
      LOAD_FACTOR = 0.75
      TREEIFY_THRESHOLD = 8
      UNTREEIFY_THRESHOLD = 6
      MIN_TREEIFY_CAPACITY = 64
      MIN_TRANSFER_STRIDE = 16
      RESIZE_STAMP_BITS = 16
      MAX_RESIZERS = 65535
      RESIZE_STAMP_SHIFT = 16
      MOVED = -1
      TREEBIN = -2
      RESERVED = -3
      HASH_BITS = 2147483647
      NCPU = 4
      serialPersistentFields = class java.io.ObjectStreamField[3]
      table = class java.util.concurrent.ConcurrentHashMap$Node[512]
      nextTable = null
      baseCount = 235
      sizeCtl = 384
      transferIndex = 0
      cellsBusy = 0
      counterCells = null
      keySet = null
      values = null
      entrySet = null
      U = class sun.misc.Unsafe@23102523
      SIZECTL = 20
      TRANSFERINDEX = 32
      BASECOUNT = 24
      CELLSBUSY = 36
      CELLVALUE = 144
      ABASE = 16
      ASHIFT = 2
      keySet = null
      values = null
    config = class com.ibm.ws.classloading.internal.ClassLoaderConfigurationImpl@4819de79
      DEFAULT_PROTECTION_DOMAIN = class java.security.ProtectionDomain@51455262
      delegateLast = false
      includeAppExtensions = true
      id = class com.ibm.ws.classloading.serializable.ClassLoaderIdentityImpl@799370d
      parentId = null
      sharedLibraries = class java.util.ArrayList@4315ad17
      commonLibraries = class java.util.Collections$EmptyList@5e482b
      providers = class java.util.Collections$EmptyList@5e482b
      nativeLibraryContainers = class java.util.Collections$EmptyList@5e482b
      protectionDomain = class java.security.ProtectionDomain@57747de6
      serialVersionUID = 9091690180200375339
      $$$tc$$$ = class com.ibm.websphere.ras.TraceComponent@77adb6ce
    privateLibraries = null
    delegateLoaders = class com.ibm.ws.classloading.internal.util.CompositeIterable@2d8da73d
      iterables = class java.util.Arrays$ArrayList@63eb52ea
      serialVersionUID = -1227195994638150837
      $$$tc$$$ = class com.ibm.websphere.ras.TraceComponent@4c75f332
    nativeLibraryFiles = class java.util.ArrayList@51ae3eb4
      serialVersionUID = 8683452581122892189
      DEFAULT_CAPACITY = 10
      EMPTY_ELEMENTDATA = class java.lang.Object[0]
      DEFAULTCAPACITY_EMPTY_ELEMENTDATA = class java.lang.Object[0]
      elementData = class java.lang.Object[0]
      size = 0
      MAX_ARRAY_SIZE = 2147483639
      modCount = 0
      MAX_ARRAY_SIZE = 2147483639
    transformers = class java.util.ArrayList@39c8291
      serialVersionUID = 8683452581122892189
      DEFAULT_CAPACITY = 10
      EMPTY_ELEMENTDATA = class java.lang.Object[0]
      DEFAULTCAPACITY_EMPTY_ELEMENTDATA = class java.lang.Object[0]
      elementData = class java.lang.Object[0]
      size = 0
      MAX_ARRAY_SIZE = 2147483639
      modCount = 0
      MAX_ARRAY_SIZE = 2147483639
    apiAccess = class com.ibm.ws.classloading.internal.GatewayClassLoader@33680ad3
      config = class com.ibm.ws.classloading.internal.GatewayConfigurationImpl@15cb6639
      wiringMonitor = class com.ibm.ws.classloading.internal.GatewayClassLoader$1@543b2e8b
      bundle = class org.eclipse.osgi.internal.framework.EquinoxBundle@34ae0f5d
      wiring = class org.eclipse.osgi.container.ModuleWiring@5e42a87
      bundleLoader = class org.eclipse.osgi.internal.loader.EquinoxClassLoader@715ece72
      resourceProviders = class com.ibm.ws.classloading.internal.CompositeResourceProvider@e4db65e
      serialVersionUID = -4256474098847905153
      $$$tc$$$ = class com.ibm.websphere.ras.TraceComponent@4bd0219d
      parent = class sun.misc.Launcher$AppClassLoader@18b4aac2
      parallelLockMap = null
      package2certs = class java.util.Hashtable@3fea84ce
      nocerts = class java.security.cert.Certificate[0]
      classes = class java.util.Vector@32a8aace
      defaultDomain = class java.security.ProtectionDomain@163c1e0e
      domains = class java.util.HashSet@11167fe5
      packages = class java.util.HashMap@7a3155fd
      scl = class sun.misc.Launcher$AppClassLoader@18b4aac2
      sclSet = true
      loadedLibraryNames = class java.util.Vector@2e3e36b7
      systemNativeLibraries = class java.util.Vector@da00629
      nativeLibraries = class java.util.Vector@d387eaf
      nativeLibraryContext = class java.util.Stack@40598950
      usr_paths = class java.lang.String[23]
      sys_paths = class java.lang.String[1]
      assertionLock = class com.ibm.ws.classloading.internal.GatewayClassLoader@33680ad3
      defaultAssertionStatus = false
      packageAssertionStatus = null
      classAssertionStatus = null
    generator = class com.ibm.ws.classloading.internal.ClassGeneratorManager@4be2c466
    protectionDomains = class java.util.concurrent.ConcurrentHashMap@5f06e8d
      serialVersionUID = 7249069246763182397
      MAXIMUM_CAPACITY = 1073741824
      DEFAULT_CAPACITY = 16
      MAX_ARRAY_SIZE = 2147483639
      DEFAULT_CONCURRENCY_LEVEL = 16
      LOAD_FACTOR = 0.75
      TREEIFY_THRESHOLD = 8
      UNTREEIFY_THRESHOLD = 6
      MIN_TREEIFY_CAPACITY = 64
      MIN_TRANSFER_STRIDE = 16
      RESIZE_STAMP_BITS = 16
      MAX_RESIZERS = 65535
      RESIZE_STAMP_SHIFT = 16
      MOVED = -1
      TREEBIN = -2
      RESERVED = -3
      HASH_BITS = 2147483647
      NCPU = 4
      serialPersistentFields = class java.io.ObjectStreamField[3]
      table = class java.util.concurrent.ConcurrentHashMap$Node[16]
      nextTable = null
      baseCount = 7
      sizeCtl = 12
      transferIndex = 0
      cellsBusy = 0
      counterCells = null
      keySet = null
      values = null
      entrySet = null
      U = class sun.misc.Unsafe@23102523
      SIZECTL = 20
      TRANSFERINDEX = 32
      BASECOUNT = 24
      CELLSBUSY = 36
      CELLVALUE = 144
      ABASE = 16
      ASHIFT = 2
      keySet = null
      values = null
    parent = class com.ibm.ws.classloading.internal.GatewayClassLoader@33680ad3
    hook = null
    serialVersionUID = 7911131531697267209
    tc = class com.ibm.websphere.ras.TraceComponent@513d5107
      strings[0] = "TraceComponent[com.ibm.ws.classloading.internal.ContainerClassLoader,class com.ibm.ws.classloading.internal.ContainerClassLoader,[ClassLoadingService],com.ibm.ws.classloading.internal.resources.ClassLoadingServiceMessages,null]"
    smartClassPath = class com.ibm.ws.classloading.internal.ContainerClassLoader$SmartClassPathImpl@45849541
      rwLock = class java.util.concurrent.locks.ReentrantReadWriteLock@181ef39d
      outstandingContainers = class java.util.concurrent.atomic.AtomicInteger@b8c3d11
      usePackageMap = true
      maxLastNotFound = 250
      maxLastFound = 900
      maxLastReallyNotFound = 900
      propsInUse = false
      classPath = class java.util.concurrent.CopyOnWriteArrayList@48b9a0c4
      MAX_LASTNOTFOUND = 250
      lastNotFound = class java.util.concurrent.CopyOnWriteArrayList@45069186
      MAX_LASTFOUND = 900
      lastFoundURL = class java.util.Collections$SynchronizedMap@2a6b10a0
      MAX_LASTREALLYNOTFOUND = 900
      lastReallyNotFoundURL = class java.util.Collections$SynchronizedMap@4065c449
      packageMap = class java.util.HashMap@455ff301
      containers = class java.util.Collections$SetFromMap@3424c08d
      serialVersionUID = 5999673258880429274
      $$$tc$$$ = class com.ibm.websphere.ras.TraceComponent@7ab2f17f
    nativeLibraryContainers = class java.util.ArrayList@657f48db
      serialVersionUID = 8683452581122892189
      DEFAULT_CAPACITY = 10
      EMPTY_ELEMENTDATA = class java.lang.Object[0]
      DEFAULTCAPACITY_EMPTY_ELEMENTDATA = class java.lang.Object[0]
      elementData = class java.lang.Object[0]
      size = 0
      MAX_ARRAY_SIZE = 2147483639
      modCount = 0
      MAX_ARRAY_SIZE = 2147483639
    redefiner = class com.ibm.ws.classloading.internal.util.ClassRedefiner@2680414
    jarProtocol = "wsjar:"
    mapCreationQueue = class java.util.concurrent.Executors$FinalizableDelegatedExecutorService@290c6ef
      e = class java.util.concurrent.ThreadPoolExecutor@4ab87aab
      $assertionsDisabled = true
    serialVersionUID = 4390450102868895350
    serialVersionUID = -7411549862368381758
    $$$tc$$$ = class com.ibm.websphere.ras.TraceComponent@460f9679
      strings[0] = "TraceComponent[com.ibm.ws.classloading.internal.IdentifiedLoader,class com.ibm.ws.classloading.internal.IdentifiedLoader,[ClassLoadingService],com.ibm.ws.classloading.internal.resources.ClassLoadingServiceMessages,null]"
    serialVersionUID = -4868702105808481416
    $$$tc$$$ = class com.ibm.websphere.ras.TraceComponent@4a56a663
    serialVersionUID = 2596921220292114344
    $$$tc$$$ = class com.ibm.websphere.ras.TraceComponent@605abec0
    initialized = true
    pdcache = class java.util.HashMap@655de778
      serialVersionUID = 362498820763181265
      DEFAULT_INITIAL_CAPACITY = 16
      MAXIMUM_CAPACITY = 1073741824
      DEFAULT_LOAD_FACTOR = 0.75
      TREEIFY_THRESHOLD = 8
      UNTREEIFY_THRESHOLD = 6
      MIN_TREEIFY_CAPACITY = 64
      table = null
      entrySet = null
      size = 0
      modCount = 0
      threshold = 16
      loadFactor = 0.75
      keySet = null
      values = null
    debug = null
    parent = class com.ibm.ws.classloading.internal.GatewayClassLoader@33680ad3
    parallelLockMap = null
    package2certs = class java.util.Hashtable@7afb4298
      table = class java.util.Hashtable$Entry[383]
      count = 235
      threshold = 287
      loadFactor = 0.75
      modCount = 240
      serialVersionUID = 1421746759512286392
      MAX_ARRAY_SIZE = 2147483639
      keySet = null
      entrySet = null
      values = null
      KEYS = 0
      VALUES = 1
      ENTRIES = 2
    nocerts = class java.security.cert.Certificate[0]
    classes = class java.util.Vector@7ed84496
      elementData = class java.lang.Object[1280]
      elementCount = 930
      capacityIncrement = 0
      serialVersionUID = -2767605614048989439
      MAX_ARRAY_SIZE = 2147483639
      modCount = 930
      MAX_ARRAY_SIZE = 2147483639
    defaultDomain = class java.security.ProtectionDomain@687d0c8f
      codesource = class java.security.CodeSource@179b3435
      classloader = class com.ibm.ws.classloading.internal.AppClassLoader@7730a30e
      principals = interface java.security.Principal[0]
      permissions = null
      hasAllPerm = false
      staticPermissions = false
      key = class java.security.ProtectionDomain$Key@1c982350
      debug = null
    domains = class java.util.HashSet@629140df
      serialVersionUID = -5024744406713321676
      map = class java.util.HashMap@15e7b701
      PRESENT = class java.lang.Object@d5c24de
      MAX_ARRAY_SIZE = 2147483639
    packages = class java.util.HashMap@425e3197
      serialVersionUID = 362498820763181265
      DEFAULT_INITIAL_CAPACITY = 16
      MAXIMUM_CAPACITY = 1073741824
      DEFAULT_LOAD_FACTOR = 0.75
      TREEIFY_THRESHOLD = 8
      UNTREEIFY_THRESHOLD = 6
      MIN_TREEIFY_CAPACITY = 64
      table = class java.util.HashMap$Node[512]
      entrySet = null
      size = 235
      modCount = 235
      threshold = 384
      loadFactor = 0.75
      keySet = null
      values = null
    scl = class sun.misc.Launcher$AppClassLoader@18b4aac2
    sclSet = true
    loadedLibraryNames = class java.util.Vector@2e3e36b7
    systemNativeLibraries = class java.util.Vector@da00629
    nativeLibraries = class java.util.Vector@7e1e21be
      elementData = class java.lang.Object[10]
      elementCount = 0
      capacityIncrement = 0
      serialVersionUID = -2767605614048989439
      MAX_ARRAY_SIZE = 2147483639
      modCount = 0
      MAX_ARRAY_SIZE = 2147483639
    nativeLibraryContext = class java.util.Stack@40598950
    usr_paths = class java.lang.String[23]
    sys_paths = class java.lang.String[1]
    assertionLock = class com.ibm.ws.classloading.internal.AppClassLoader@7730a30e
    defaultAssertionStatus = false
    packageAssertionStatus = null
    classAssertionStatus = null
  clSvc = class com.ibm.ws.classloading.internal.ClassLoadingServiceImpl@862126e
    tc = class com.ibm.websphere.ras.TraceComponent@44f6cd74
      strings[0] = "TraceComponent[com.ibm.ws.classloading.internal.ClassLoadingServiceImpl,class com.ibm.ws.classloading.internal.ClassLoadingServiceImpl,[ClassLoadingService],com.ibm.ws.classloading.internal.resources.ClassLoadingServiceMessages,null]"
    leakDetectionMap = class java.util.HashMap@51eea145
      serialVersionUID = 362498820763181265
      DEFAULT_INITIAL_CAPACITY = 16
      MAXIMUM_CAPACITY = 1073741824
      DEFAULT_LOAD_FACTOR = 0.75
      TREEIFY_THRESHOLD = 8
      UNTREEIFY_THRESHOLD = 6
      MIN_TREEIFY_CAPACITY = 64
      table = null
      entrySet = null
      size = 0
      modCount = 0
      threshold = 0
      loadFactor = 0.75
      keySet = null
      values = null
    TCCL_LOCK_WAIT = 15000
    REFERENCE_GENERATORS = "generators"
    bundleContext = class org.eclipse.osgi.internal.framework.BundleContextImpl@6a2ab7e1
      findHookName = "org.osgi.framework.hooks.bundle.FindHook"
      valid = true
      bundle = class org.eclipse.osgi.internal.framework.EquinoxBundle@51257e4e
      container = class org.eclipse.osgi.internal.framework.EquinoxContainer@16eafb70
      debug = class org.eclipse.osgi.internal.debug.Debug@4e8651f1
      servicesInUse = class java.util.HashMap@312acb84
      activator = null
      contextLock = class java.lang.Object@349630eb
    aclStore = class com.ibm.ws.classloading.internal.util.CanonicalStore@42b27af6
      map = class java.util.concurrent.ConcurrentHashMap@59496caa
      q = class com.ibm.ws.classloading.internal.util.RefQueue@292754c3
      serialVersionUID = 6715157558227169968
      $$$tc$$$ = class com.ibm.websphere.ras.TraceComponent@218eccdf
    tcclStore = class com.ibm.ws.classloading.internal.util.CanonicalStore@2b600212
      map = class java.util.concurrent.ConcurrentHashMap@12160615
      q = class com.ibm.ws.classloading.internal.util.RefQueue@2ecc67c6
      serialVersionUID = 6715157558227169968
      $$$tc$$$ = class com.ibm.websphere.ras.TraceComponent@218eccdf
    tcclStoreLock = class java.util.concurrent.locks.ReentrantLock@779cc27c
      serialVersionUID = 7373984872572414699
      sync = class java.util.concurrent.locks.ReentrantLock$NonfairSync@665edc90
    digraph = class org.eclipse.equinox.internal.region.StandardRegionDigraph@535ca143
      EMPTY_EDGE_SET = class java.util.Collections$UnmodifiableSet@94e80e5
      monitor = class java.lang.Object@4ec4343c
      regions = class java.util.HashMap@4f716d41
      bundleIdToRegionMapping = class org.eclipse.equinox.internal.region.StandardBundleIdToRegionMapping@3a8039db
      edges = class java.util.HashMap@47b4cfc6
      bundleContext = class org.eclipse.osgi.internal.framework.BundleContextImpl@73ba6fe6
      threadLocal = class java.lang.ThreadLocal@283e66d8
      subgraphTraverser = class org.eclipse.equinox.internal.region.SubgraphTraverser@6ce11dfb
      bundleCollisionHook = class org.eclipse.equinox.internal.region.hook.RegionBundleCollisionHook@5714af5d
      bundleEventHook = class org.eclipse.equinox.internal.region.hook.RegionBundleEventHook@36bf9086
      bundleFindHook = class org.eclipse.equinox.internal.region.hook.RegionBundleFindHook@6d6c382f
      serviceEventHook = class org.eclipse.equinox.internal.region.hook.RegionServiceEventHook@986eebc
      serviceFindHook = class org.eclipse.equinox.internal.region.hook.RegionServiceFindHook@7b1ac696
      resolverHookFactory = class org.eclipse.equinox.internal.region.hook.RegionResolverHookFactory@31eb42d3
      origin = null
      originUpdateCount = -1
      updateCount = class java.util.concurrent.atomic.AtomicLong@3dcaa981
      defaultRegion = null
    redefiner = class com.ibm.ws.classloading.internal.util.ClassRedefiner@2680414
      tc = class com.ibm.websphere.ras.TraceComponent@58adc250
      LS = "
"
      inst = class com.ibm.ws.kernel.launch.internal.TraceInstrumentation@3969670d
      serialVersionUID = 2420101865139508526
    listener = class com.ibm.ws.classloading.internal.ClassLoadingServiceImpl$1@29b3e6d9
      this$0 = class com.ibm.ws.classloading.internal.ClassLoadingServiceImpl@862126e
      serialVersionUID = -9159707349812113172
      $$$tc$$$ = class com.ibm.websphere.ras.TraceComponent@713a0334
    classloaders = class java.util.Collections$SynchronizedMap@38ad5eb1
      serialVersionUID = 1978198479659022715
      m = class java.util.HashMap@151f57bf
      mutex = class java.util.Collections$SynchronizedMap@38ad5eb1
      keySet = null
      entrySet = null
      values = null
    resourceProviders = class com.ibm.ws.classloading.internal.CompositeResourceProvider@e4db65e
      lockFactory = class java.util.concurrent.locks.ReentrantReadWriteLock@6dbf9180
      providerMap = class com.ibm.ws.classloading.internal.util.MultiMap@6e717aa9
      serialVersionUID = -5576435894946156347
      $$$tc$$$ = class com.ibm.websphere.ras.TraceComponent@35dc58ee
    rememberedBundles = class java.util.concurrent.ConcurrentHashMap@4c474b27
      serialVersionUID = 7249069246763182397
      MAXIMUM_CAPACITY = 1073741824
      DEFAULT_CAPACITY = 16
      MAX_ARRAY_SIZE = 2147483639
      DEFAULT_CONCURRENCY_LEVEL = 16
      LOAD_FACTOR = 0.75
      TREEIFY_THRESHOLD = 8
      UNTREEIFY_THRESHOLD = 6
      MIN_TREEIFY_CAPACITY = 64
      MIN_TRANSFER_STRIDE = 16
      RESIZE_STAMP_BITS = 16
      MAX_RESIZERS = 65535
      RESIZE_STAMP_SHIFT = 16
      MOVED = -1
      TREEBIN = -2
      RESERVED = -3
      HASH_BITS = 2147483647
      NCPU = 4
      serialPersistentFields = class java.io.ObjectStreamField[3]
      table = class java.util.concurrent.ConcurrentHashMap$Node[16]
      nextTable = null
      baseCount = 1
      sizeCtl = 12
      transferIndex = 0
      cellsBusy = 0
      counterCells = null
      keySet = null
      values = null
      entrySet = null
      U = class sun.misc.Unsafe@23102523
      SIZECTL = 20
      TRANSFERINDEX = 32
      BASECOUNT = 24
      CELLSBUSY = 36
      CELLVALUE = 144
      ABASE = 16
      ASHIFT = 2
      keySet = null
      values = null
    collectedBundles = class java.lang.ref.ReferenceQueue@7af4f958
      NULL = class java.lang.ref.ReferenceQueue$Null@2fb8ded2
      ENQUEUED = class java.lang.ref.ReferenceQueue$Null@208084a6
      lock = class java.lang.ref.ReferenceQueue$Lock@a032690
      head = null
      queueLength = 0
      $assertionsDisabled = true
    generatorRefs = class com.ibm.wsspi.kernel.service.utils.ConcurrentServiceReferenceSet@28fe6861
      referenceName = "generators"
      contextRef = class java.util.concurrent.atomic.AtomicReference@2e040b0a
      elementMap = class java.util.LinkedHashMap@459239c3
      elementSet = class java.util.concurrent.ConcurrentSkipListSet@2dfc0651
      elementSetUnsorted = false
      serialVersionUID = 756240983881166148
      $$$tc$$$ = class com.ibm.websphere.ras.TraceComponent@5cd3f87c
    generatorManager = class com.ibm.ws.classloading.internal.ClassGeneratorManager@4be2c466
      tc = class com.ibm.websphere.ras.TraceComponent@4e6dd2e4
      generatorRefs = class com.ibm.wsspi.kernel.service.utils.ConcurrentServiceReferenceSet@28fe6861
      serialVersionUID = 4152663586056483310
    appExtLibs = class java.util.concurrent.CopyOnWriteArrayList@3d0aa04e
      serialVersionUID = 8673264195747942595
      lock = class java.util.concurrent.locks.ReentrantLock@67a49a4e
      array = class java.lang.Object[0]
      UNSAFE = class sun.misc.Unsafe@23102523
      lockOffset = 12
    globalConfig = class com.ibm.ws.classloading.configuration.GlobalClassloadingConfiguration@6069b08e
      properties = class org.apache.felix.scr.impl.helper.ReadOnlyDictionary@62b698e1
      serialVersionUID = 452562347104713756
      $$$tc$$$ = class com.ibm.websphere.ras.TraceComponent@6afddb03
    metaInfServicesProviders = class java.util.concurrent.ConcurrentHashMap@3b8f7182
      serialVersionUID = 7249069246763182397
      MAXIMUM_CAPACITY = 1073741824
      DEFAULT_CAPACITY = 16
      MAX_ARRAY_SIZE = 2147483639
      DEFAULT_CONCURRENCY_LEVEL = 16
      LOAD_FACTOR = 0.75
      TREEIFY_THRESHOLD = 8
      UNTREEIFY_THRESHOLD = 6
      MIN_TREEIFY_CAPACITY = 64
      MIN_TRANSFER_STRIDE = 16
      RESIZE_STAMP_BITS = 16
      MAX_RESIZERS = 65535
      RESIZE_STAMP_SHIFT = 16
      MOVED = -1
      TREEBIN = -2
      RESERVED = -3
      HASH_BITS = 2147483647
      NCPU = 4
      serialPersistentFields = class java.io.ObjectStreamField[3]
      table = null
      nextTable = null
      baseCount = 0
      sizeCtl = 0
      transferIndex = 0
      cellsBusy = 0
      counterCells = null
      keySet = null
      values = null
      entrySet = null
      U = class sun.misc.Unsafe@23102523
      SIZECTL = 20
      TRANSFERINDEX = 32
      BASECOUNT = 24
      CELLSBUSY = 36
      CELLVALUE = 144
      ABASE = 16
      ASHIFT = 2
      keySet = null
      values = null
    metaInfServicesRefs = class com.ibm.wsspi.kernel.service.utils.ConcurrentServiceReferenceMap@66135361
      referenceName = "MetaInfServicesProvider"
      context = class org.apache.felix.scr.impl.manager.ComponentContextImpl@78a00d4f
      elementMap = class java.util.concurrent.ConcurrentHashMap@5a249ae0
      serialVersionUID = 6980924785166233786
      $$$tc$$$ = class com.ibm.websphere.ras.TraceComponent@45732adb
    protectionDomainMap = class java.util.HashMap@ef3973d
      serialVersionUID = 362498820763181265
      DEFAULT_INITIAL_CAPACITY = 16
      MAXIMUM_CAPACITY = 1073741824
      DEFAULT_LOAD_FACTOR = 0.75
      TREEIFY_THRESHOLD = 8
      UNTREEIFY_THRESHOLD = 6
      MIN_TREEIFY_CAPACITY = 64
      table = null
      entrySet = null
      size = 0
      modCount = 0
      threshold = 0
      loadFactor = 0.75
      keySet = null
      values = null
    metadataIdentifierService = class com.ibm.ws.container.service.metadata.internal.MetaDataServiceImpl@23b3bbad
      applicationMetaDataManager = class com.ibm.ws.container.service.metadata.internal.ApplicationMetaDataManager@43de70d
      moduleMetaDataManager = class com.ibm.ws.container.service.metadata.internal.ModuleMetaDataManager@617c6111
      componentMetaDataManager = class com.ibm.ws.container.service.metadata.internal.ComponentMetaDataManager@2b51e851
      methodMetaDataManager = class com.ibm.ws.container.service.metadata.internal.MethodMetaDataManager@449ce02b
      appModuleNameToModuleContainer = class java.util.concurrent.ConcurrentHashMap@2ff2623a
      jeeNameToComponentMetaData = class java.util.concurrent.ConcurrentHashMap@2d04fa3c
      deferredMetaDataFactories = class com.ibm.wsspi.kernel.service.utils.ConcurrentServiceReferenceSet@9b39cad
      deferredMetaDataInitializers = class com.ibm.wsspi.kernel.service.utils.ConcurrentServiceReferenceMap@2a8db808
      serialVersionUID = -2494605732980966097
      $$$tc$$$ = class com.ibm.websphere.ras.TraceComponent@3167d064
    globalSharedLibrary = class java.util.concurrent.atomic.AtomicReference@6370cd38
      serialVersionUID = -1848883965231344442
      unsafe = class sun.misc.Unsafe@23102523
      valueOffset = 12
      value = null
    serialVersionUID = -2277344858934055980
  serialVersionUID = 846416563800781557
  tc = class com.ibm.websphere.ras.TraceComponent@6b567c88
    strings[0] = "TraceComponent[com.ibm.ws.classloading.internal.UnifiedClassLoader,class com.ibm.ws.classloading.internal.UnifiedClassLoader,[ClassLoadingService],com.ibm.ws.classloading.internal.resources.ClassLoadingServiceMessages,null]"
  followOnClassLoaders = class java.util.ArrayList@26de7322
    serialVersionUID = 8683452581122892189
    DEFAULT_CAPACITY = 10
    EMPTY_ELEMENTDATA = class java.lang.Object[0]
    DEFAULTCAPACITY_EMPTY_ELEMENTDATA = class java.lang.Object[0]
    elementData = class java.lang.Object[10]
      Object[0] = class com.ibm.ws.classloading.internal.AppClassLoader@7730a30e
      Object[1] = null
      Object[2] = null
      Object[3] = null
      Object[4] = null
      Object[5] = null
      Object[6] = null
      Object[7] = null
      Object[8] = null
      Object[9] = null
    size = 1
    MAX_ARRAY_SIZE = 2147483639
    modCount = 1
    MAX_ARRAY_SIZE = 2147483639
  serialVersionUID = 8829649920524275888
  serialVersionUID = -4868702105808481416
  $$$tc$$$ = class com.ibm.websphere.ras.TraceComponent@4a56a663
    strings[0] = "TraceComponent[com.ibm.ws.classloading.internal.LibertyLoader,class com.ibm.ws.classloading.internal.LibertyLoader,[ClassLoadingService],com.ibm.ws.classloading.internal.resources.ClassLoadingServiceMessages,null]"
  serialVersionUID = 2596921220292114344
  $$$tc$$$ = class com.ibm.websphere.ras.TraceComponent@605abec0
    strings[0] = "TraceComponent[com.ibm.ws.classloading.LibertyClassLoader,class com.ibm.ws.classloading.LibertyClassLoader,[ClassLoadingService],com.ibm.ws.classloading.internal.resources.ClassLoadingServiceMessages,null]"
  initialized = true
  pdcache = class java.util.HashMap@3b0b93df
    serialVersionUID = 362498820763181265
    DEFAULT_INITIAL_CAPACITY = 16
    MAXIMUM_CAPACITY = 1073741824
    DEFAULT_LOAD_FACTOR = 0.75
    TREEIFY_THRESHOLD = 8
    UNTREEIFY_THRESHOLD = 6
    MIN_TREEIFY_CAPACITY = 64
    table = null
    entrySet = null
    size = 0
    modCount = 0
    threshold = 16
    loadFactor = 0.75
    keySet = null
    values = null
  debug = null
  parent = class com.ibm.ws.classloading.internal.GatewayClassLoader@121ee1ad
    config = class com.ibm.ws.classloading.internal.GatewayConfigurationImpl@330c880b
      bundleRequirements = null
      packageImports = null
      dynamicPackageImports = class java.util.Arrays$ArrayList@6cc51273
      delegateToSystem = false
      apiTypeVisibility = null
      appName = "ThreadContextClassLoader"
      appVersion = null
    wiringMonitor = class com.ibm.ws.classloading.internal.GatewayClassLoader$1@56f08a5f
      this$0 = class com.ibm.ws.classloading.internal.GatewayClassLoader@121ee1ad
      serialVersionUID = -6591900154872362572
      $$$tc$$$ = class com.ibm.websphere.ras.TraceComponent@2130cc9a
    bundle = class org.eclipse.osgi.internal.framework.EquinoxBundle@3cc5a7e
    wiring = class org.eclipse.osgi.container.ModuleWiring@69d8e59f
      GET_CLASSLOADER_PERM = class java.lang.RuntimePermission@46b838b9
      DYNAMICALLY_ADDED_IMPORT_DIRECTIVE = "x.dynamically.added"
      revision = class org.eclipse.osgi.container.ModuleRevision@3df31902
      capabilities = class java.util.ArrayList@2891fbab
      requirements = class java.util.ArrayList@126cc243
      substitutedPkgNames = class java.util.Collections$EmptyList@5e482b
      loader = class org.eclipse.osgi.internal.container.AtomicLazyInitializer@7a4c569
      loaderInitializer = class org.eclipse.osgi.container.ModuleWiring$LoaderInitializer@204f3a95
      providedWires = class java.util.ArrayList@54459a05
      requiredWires = class java.util.ArrayList@26a89fb6
      isValid = true
      dynamicMissRef = class java.util.concurrent.atomic.AtomicReference@7868987
    bundleLoader = class org.eclipse.osgi.internal.loader.EquinoxClassLoader@5ce46ae
      EQUINOX_REGISTERED_AS_PARALLEL = true
      configuration = class org.eclipse.osgi.internal.framework.EquinoxConfiguration@5f2dcc3c
      debug = class org.eclipse.osgi.internal.debug.Debug@4e8651f1
      delegate = class org.eclipse.osgi.internal.loader.BundleLoader@14c950ae
      generation = class org.eclipse.osgi.storage.BundleInfo$Generation@463a4fb
      manager = class org.eclipse.osgi.internal.loader.classpath.ClasspathManager@ca19be1
      isRegisteredAsParallel = true
      ALLPERMISSIONS = class java.security.AllPermissionCollection@3d5cea65
      REGISTERED_AS_PARALLEL = true
      classNameLocks = class java.util.HashMap@63ce8140
      pkgLock = class java.lang.Object@7a13a5be
      parent = class com.ibm.ws.kernel.internal.classloader.BootstrapChildFirstJarClassloader@20ad9418
      parallelLockMap = class java.util.concurrent.ConcurrentHashMap@7aed478e
      package2certs = class java.util.concurrent.ConcurrentHashMap@20389574
      nocerts = class java.security.cert.Certificate[0]
      classes = class java.util.Vector@376bd4b2
      defaultDomain = class java.security.ProtectionDomain@50b2a9b4
      domains = class java.util.Collections$SynchronizedSet@40f3451b
      packages = class java.util.HashMap@2484fb44
      scl = class sun.misc.Launcher$AppClassLoader@18b4aac2
      sclSet = true
      loadedLibraryNames = class java.util.Vector@2e3e36b7
      systemNativeLibraries = class java.util.Vector@da00629
      nativeLibraries = class java.util.Vector@4da37522
      nativeLibraryContext = class java.util.Stack@40598950
      usr_paths = class java.lang.String[23]
      sys_paths = class java.lang.String[1]
      assertionLock = class java.lang.Object@8999a2b
      defaultAssertionStatus = false
      packageAssertionStatus = null
      classAssertionStatus = null
    resourceProviders = class com.ibm.ws.classloading.internal.CompositeResourceProvider@e4db65e
    serialVersionUID = -4256474098847905153
    $$$tc$$$ = class com.ibm.websphere.ras.TraceComponent@4bd0219d
      strings[0] = "TraceComponent[com.ibm.ws.classloading.internal.GatewayClassLoader,class com.ibm.ws.classloading.internal.GatewayClassLoader,[ClassLoadingService],com.ibm.ws.classloading.internal.resources.ClassLoadingServiceMessages,null]"
    parent = class sun.misc.Launcher$AppClassLoader@18b4aac2
    parallelLockMap = null
    package2certs = class java.util.Hashtable@5255dacc
      table = class java.util.Hashtable$Entry[11]
      count = 0
      threshold = 8
      loadFactor = 0.75
      modCount = 0
      serialVersionUID = 1421746759512286392
      MAX_ARRAY_SIZE = 2147483639
      keySet = null
      entrySet = null
      values = null
      KEYS = 0
      VALUES = 1
      ENTRIES = 2
    nocerts = class java.security.cert.Certificate[0]
    classes = class java.util.Vector@2510ab
      elementData = class java.lang.Object[10]
      elementCount = 0
      capacityIncrement = 0
      serialVersionUID = -2767605614048989439
      MAX_ARRAY_SIZE = 2147483639
      modCount = 0
      MAX_ARRAY_SIZE = 2147483639
    defaultDomain = class java.security.ProtectionDomain@2e7ff92d
      codesource = class java.security.CodeSource@72f628d2
      classloader = class com.ibm.ws.classloading.internal.GatewayClassLoader@121ee1ad
      principals = interface java.security.Principal[0]
      permissions = null
      hasAllPerm = false
      staticPermissions = false
      key = class java.security.ProtectionDomain$Key@77625f0f
      debug = null
    domains = class java.util.HashSet@59f3217a
      serialVersionUID = -5024744406713321676
      map = class java.util.HashMap@27d49325
      PRESENT = class java.lang.Object@d5c24de
      MAX_ARRAY_SIZE = 2147483639
    packages = class java.util.HashMap@250c0332
      serialVersionUID = 362498820763181265
      DEFAULT_INITIAL_CAPACITY = 16
      MAXIMUM_CAPACITY = 1073741824
      DEFAULT_LOAD_FACTOR = 0.75
      TREEIFY_THRESHOLD = 8
      UNTREEIFY_THRESHOLD = 6
      MIN_TREEIFY_CAPACITY = 64
      table = null
      entrySet = null
      size = 0
      modCount = 0
      threshold = 0
      loadFactor = 0.75
      keySet = null
      values = null
    scl = class sun.misc.Launcher$AppClassLoader@18b4aac2
    sclSet = true
    loadedLibraryNames = class java.util.Vector@2e3e36b7
    systemNativeLibraries = class java.util.Vector@da00629
    nativeLibraries = class java.util.Vector@d84ff70
      elementData = class java.lang.Object[10]
      elementCount = 0
      capacityIncrement = 0
      serialVersionUID = -2767605614048989439
      MAX_ARRAY_SIZE = 2147483639
      modCount = 0
      MAX_ARRAY_SIZE = 2147483639
    nativeLibraryContext = class java.util.Stack@40598950
    usr_paths = class java.lang.String[23]
    sys_paths = class java.lang.String[1]
    assertionLock = class com.ibm.ws.classloading.internal.GatewayClassLoader@121ee1ad
    defaultAssertionStatus = false
    packageAssertionStatus = null
    classAssertionStatus = null
  parallelLockMap = null
  package2certs = class java.util.Hashtable@6e99a0ff
    table = class java.util.Hashtable$Entry[11]
      Entry[0] = null
      Entry[1] = null
      Entry[2] = null
      Entry[3] = null
      Entry[4] = null
      Entry[5] = null
      Entry[6] = null
      Entry[7] = null
      Entry[8] = null
      Entry[9] = null
      Entry[10] = null
    count = 0
    threshold = 8
    loadFactor = 0.75
    modCount = 0
    serialVersionUID = 1421746759512286392
    MAX_ARRAY_SIZE = 2147483639
    keySet = null
    entrySet = null
    values = null
    KEYS = 0
    VALUES = 1
    ENTRIES = 2
  nocerts = class java.security.cert.Certificate[0]
  classes = class java.util.Vector@684b268b
    elementData = class java.lang.Object[10]
      Object[0] = null
      Object[1] = null
      Object[2] = null
      Object[3] = null
      Object[4] = null
      Object[5] = null
      Object[6] = null
      Object[7] = null
      Object[8] = null
      Object[9] = null
    elementCount = 0
    capacityIncrement = 0
    serialVersionUID = -2767605614048989439
    MAX_ARRAY_SIZE = 2147483639
    modCount = 0
    MAX_ARRAY_SIZE = 2147483639
  defaultDomain = class java.security.ProtectionDomain@5bbf1041
    codesource = class java.security.CodeSource@7e874386
      serialVersionUID = 4977541819976013951
      location = null
      signers = null
      certs = null
      sp = null
      factory = null
    classloader = class com.ibm.ws.classloading.internal.ThreadContextClassLoader@67ef9db8
    principals = interface java.security.Principal[0]
    permissions = null
    hasAllPerm = false
    staticPermissions = false
    key = class java.security.ProtectionDomain$Key@16787331
      this$0 = class java.security.ProtectionDomain@5bbf1041
    debug = null
  domains = class java.util.HashSet@3ccde582
    serialVersionUID = -5024744406713321676
    map = class java.util.HashMap@1f84126c
      serialVersionUID = 362498820763181265
      DEFAULT_INITIAL_CAPACITY = 16
      MAXIMUM_CAPACITY = 1073741824
      DEFAULT_LOAD_FACTOR = 0.75
      TREEIFY_THRESHOLD = 8
      UNTREEIFY_THRESHOLD = 6
      MIN_TREEIFY_CAPACITY = 64
      table = null
      entrySet = null
      size = 0
      modCount = 0
      threshold = 0
      loadFactor = 0.75
      keySet = null
      values = null
    PRESENT = class java.lang.Object@d5c24de
    MAX_ARRAY_SIZE = 2147483639
  packages = class java.util.HashMap@1ff034bc
    serialVersionUID = 362498820763181265
    DEFAULT_INITIAL_CAPACITY = 16
    MAXIMUM_CAPACITY = 1073741824
    DEFAULT_LOAD_FACTOR = 0.75
    TREEIFY_THRESHOLD = 8
    UNTREEIFY_THRESHOLD = 6
    MIN_TREEIFY_CAPACITY = 64
    table = null
    entrySet = null
    size = 0
    modCount = 0
    threshold = 0
    loadFactor = 0.75
    keySet = null
    values = null
  scl = class sun.misc.Launcher$AppClassLoader@18b4aac2
    ucp = class sun.misc.URLClassPath@5c63c97c
      USER_AGENT_JAVA_VERSION = "UA-Java-Version"
      JAVA_VERSION = "1.8.0_211"
      DEBUG = false
      DEBUG_LOOKUP_CACHE = false
      DISABLE_JAR_CHECKING = false
      DISABLE_ACC_CHECKING = false
      DISABLE_CP_URL_CHECK = true
      DEBUG_CP_URL_CHECK = false
      path = class java.util.ArrayList@1a8c1ead
      urls = class java.util.Stack@4e84601e
      loaders = class java.util.ArrayList@3872911
      lmap = class java.util.HashMap@67e68fa5
      jarHandler = class sun.net.www.protocol.jar.Handler@1de59c82
      closed = false
      acc = class java.security.AccessControlContext@1cdbdb7b
      lookupCacheEnabled = false
      lookupCacheURLs = null
      lookupCacheLoader = null
    $assertionsDisabled = true
    ucp = class sun.misc.URLClassPath@5c63c97c
    acc = class java.security.AccessControlContext@1cdbdb7b
      context = null
      isPrivileged = true
      isAuthorized = true
      privilegedContext = null
      combiner = null
      permissions = null
      parent = null
      isWrapped = false
      isLimited = false
      limitedContext = null
      debugInit = false
      debug = null
    closeables = class java.util.WeakHashMap@590b4e41
      DEFAULT_INITIAL_CAPACITY = 16
      MAXIMUM_CAPACITY = 1073741824
      DEFAULT_LOAD_FACTOR = 0.75
      table = class java.util.WeakHashMap$Entry[16]
      size = 0
      threshold = 12
      loadFactor = 0.75
      queue = class java.lang.ref.ReferenceQueue@ddae87a
      modCount = 0
      NULL_KEY = class java.lang.Object@6678e41a
      entrySet = null
      keySet = null
      values = null
    initialized = true
    pdcache = class java.util.HashMap@73de456f
      serialVersionUID = 362498820763181265
      DEFAULT_INITIAL_CAPACITY = 16
      MAXIMUM_CAPACITY = 1073741824
      DEFAULT_LOAD_FACTOR = 0.75
      TREEIFY_THRESHOLD = 8
      UNTREEIFY_THRESHOLD = 6
      MIN_TREEIFY_CAPACITY = 64
      table = class java.util.HashMap$Node[16]
      entrySet = null
      size = 2
      modCount = 2
      threshold = 12
      loadFactor = 0.75
      keySet = null
      values = null
    debug = null
    parent = class sun.misc.Launcher$ExtClassLoader@621be5d1
      instance = class sun.misc.Launcher$ExtClassLoader@621be5d1
      ucp = class sun.misc.URLClassPath@54c6be5c
      acc = class java.security.AccessControlContext@1e64cd33
      closeables = class java.util.WeakHashMap@44a76fbd
      initialized = true
      pdcache = class java.util.HashMap@65de0b07
      debug = null
      parent = null
      parallelLockMap = class java.util.concurrent.ConcurrentHashMap@40b6dbe
      package2certs = class java.util.concurrent.ConcurrentHashMap@3c3e2559
      nocerts = class java.security.cert.Certificate[0]
      classes = class java.util.Vector@439b6fe4
      defaultDomain = class java.security.ProtectionDomain@5688c2a3
      domains = class java.util.Collections$SynchronizedSet@9313351
      packages = class java.util.HashMap@4468dbc3
      scl = class sun.misc.Launcher$AppClassLoader@18b4aac2
      sclSet = true
      loadedLibraryNames = class java.util.Vector@2e3e36b7
      systemNativeLibraries = class java.util.Vector@da00629
      nativeLibraries = class java.util.Vector@5c9468e5
      nativeLibraryContext = class java.util.Stack@40598950
      usr_paths = class java.lang.String[23]
      sys_paths = class java.lang.String[1]
      assertionLock = class java.lang.Object@4c19340e
      defaultAssertionStatus = false
      packageAssertionStatus = null
      classAssertionStatus = null
    parallelLockMap = class java.util.concurrent.ConcurrentHashMap@31345a41
      serialVersionUID = 7249069246763182397
      MAXIMUM_CAPACITY = 1073741824
      DEFAULT_CAPACITY = 16
      MAX_ARRAY_SIZE = 2147483639
      DEFAULT_CONCURRENCY_LEVEL = 16
      LOAD_FACTOR = 0.75
      TREEIFY_THRESHOLD = 8
      UNTREEIFY_THRESHOLD = 6
      MIN_TREEIFY_CAPACITY = 64
      MIN_TRANSFER_STRIDE = 16
      RESIZE_STAMP_BITS = 16
      MAX_RESIZERS = 65535
      RESIZE_STAMP_SHIFT = 16
      MOVED = -1
      TREEBIN = -2
      RESERVED = -3
      HASH_BITS = 2147483647
      NCPU = 4
      serialPersistentFields = class java.io.ObjectStreamField[3]
      table = class java.util.concurrent.ConcurrentHashMap$Node[4096]
      nextTable = null
      baseCount = 2129
      sizeCtl = 3072
      transferIndex = 0
      cellsBusy = 0
      counterCells = null
      keySet = null
      values = null
      entrySet = null
      U = class sun.misc.Unsafe@23102523
      SIZECTL = 20
      TRANSFERINDEX = 32
      BASECOUNT = 24
      CELLSBUSY = 36
      CELLVALUE = 144
      ABASE = 16
      ASHIFT = 2
      keySet = null
      values = null
    package2certs = class java.util.concurrent.ConcurrentHashMap@73765f1f
      serialVersionUID = 7249069246763182397
      MAXIMUM_CAPACITY = 1073741824
      DEFAULT_CAPACITY = 16
      MAX_ARRAY_SIZE = 2147483639
      DEFAULT_CONCURRENCY_LEVEL = 16
      LOAD_FACTOR = 0.75
      TREEIFY_THRESHOLD = 8
      UNTREEIFY_THRESHOLD = 6
      MIN_TREEIFY_CAPACITY = 64
      MIN_TRANSFER_STRIDE = 16
      RESIZE_STAMP_BITS = 16
      MAX_RESIZERS = 65535
      RESIZE_STAMP_SHIFT = 16
      MOVED = -1
      TREEBIN = -2
      RESERVED = -3
      HASH_BITS = 2147483647
      NCPU = 4
      serialPersistentFields = class java.io.ObjectStreamField[3]
      table = class java.util.concurrent.ConcurrentHashMap$Node[32]
      nextTable = null
      baseCount = 16
      sizeCtl = 24
      transferIndex = 0
      cellsBusy = 0
      counterCells = null
      keySet = null
      values = null
      entrySet = null
      U = class sun.misc.Unsafe@23102523
      SIZECTL = 20
      TRANSFERINDEX = 32
      BASECOUNT = 24
      CELLSBUSY = 36
      CELLVALUE = 144
      ABASE = 16
      ASHIFT = 2
      keySet = null
      values = null
    nocerts = class java.security.cert.Certificate[0]
    classes = class java.util.Vector@700c6e76
      elementData = class java.lang.Object[160]
      elementCount = 109
      capacityIncrement = 0
      serialVersionUID = -2767605614048989439
      MAX_ARRAY_SIZE = 2147483639
      modCount = 109
      MAX_ARRAY_SIZE = 2147483639
    defaultDomain = class java.security.ProtectionDomain@71f8a825
      codesource = class java.security.CodeSource@d5a314a
      classloader = class sun.misc.Launcher$AppClassLoader@18b4aac2
      principals = interface java.security.Principal[0]
      permissions = null
      hasAllPerm = false
      staticPermissions = false
      key = class java.security.ProtectionDomain$Key@252dd05f
      debug = null
    domains = class java.util.Collections$SynchronizedSet@628d1209
      serialVersionUID = 487447009682186044
      serialVersionUID = 3053995032091335093
      c = class java.util.HashSet@57cc652f
      mutex = class java.util.Collections$SynchronizedSet@628d1209
    packages = class java.util.HashMap@23c227e0
      serialVersionUID = 362498820763181265
      DEFAULT_INITIAL_CAPACITY = 16
      MAXIMUM_CAPACITY = 1073741824
      DEFAULT_LOAD_FACTOR = 0.75
      TREEIFY_THRESHOLD = 8
      UNTREEIFY_THRESHOLD = 6
      MIN_TREEIFY_CAPACITY = 64
      table = class java.util.HashMap$Node[32]
      entrySet = null
      size = 16
      modCount = 16
      threshold = 24
      loadFactor = 0.75
      keySet = null
      values = null
    scl = class sun.misc.Launcher$AppClassLoader@18b4aac2
    sclSet = true
    loadedLibraryNames = class java.util.Vector@2e3e36b7
    systemNativeLibraries = class java.util.Vector@da00629
    nativeLibraries = class java.util.Vector@30ae8230
      elementData = class java.lang.Object[10]
      elementCount = 0
      capacityIncrement = 0
      serialVersionUID = -2767605614048989439
      MAX_ARRAY_SIZE = 2147483639
      modCount = 0
      MAX_ARRAY_SIZE = 2147483639
    nativeLibraryContext = class java.util.Stack@40598950
    usr_paths = class java.lang.String[23]
    sys_paths = class java.lang.String[1]
    assertionLock = class java.lang.Object@4a3bd80
    defaultAssertionStatus = false
    packageAssertionStatus = null
    classAssertionStatus = null
  sclSet = true
  loadedLibraryNames = class java.util.Vector@2e3e36b7
    elementData = class java.lang.Object[10]
      Object[0] = "C:\Program Files\Java\jre1.8.0_211\bin\zip.dll"
      Object[1] = "C:\Program Files\Java\jre1.8.0_211\bin\instrument.dll"
      Object[2] = "C:\Program Files\Java\jre1.8.0_211\bin\net.dll"
      Object[3] = "C:\Program Files\Java\jre1.8.0_211\bin\nio.dll"
      Object[4] = "C:\Program Files\Java\jre1.8.0_211\bin\management.dll"
      Object[5] = "C:\Program Files\Java\jre1.8.0_211\bin\sunec.dll"
      Object[6] = "C:\Program Files\Java\jre1.8.0_211\bin\sunmscapi.dll"
      Object[7] = "C:\Program Files\Java\jre1.8.0_211\bin\awt.dll"
      Object[8] = null
      Object[9] = null
    elementCount = 8
    capacityIncrement = 0
    serialVersionUID = -2767605614048989439
    MAX_ARRAY_SIZE = 2147483639
    modCount = 8
    MAX_ARRAY_SIZE = 2147483639
  systemNativeLibraries = class java.util.Vector@da00629
    elementData = class java.lang.Object[10]
      Object[0] = class java.lang.ClassLoader$NativeLibrary@28814064
      Object[1] = class java.lang.ClassLoader$NativeLibrary@3cc48fdf
      Object[2] = class java.lang.ClassLoader$NativeLibrary@39605aa5
      Object[3] = class java.lang.ClassLoader$NativeLibrary@2eb4207b
      Object[4] = class java.lang.ClassLoader$NativeLibrary@c14c7a9
      Object[5] = class java.lang.ClassLoader$NativeLibrary@14360b83
      Object[6] = null
      Object[7] = null
      Object[8] = null
      Object[9] = null
    elementCount = 6
    capacityIncrement = 0
    serialVersionUID = -2767605614048989439
    MAX_ARRAY_SIZE = 2147483639
    modCount = 6
    MAX_ARRAY_SIZE = 2147483639
  nativeLibraries = class java.util.Vector@5e9213ea
    elementData = class java.lang.Object[10]
      Object[0] = null
      Object[1] = null
      Object[2] = null
      Object[3] = null
      Object[4] = null
      Object[5] = null
      Object[6] = null
      Object[7] = null
      Object[8] = null
      Object[9] = null
    elementCount = 0
    capacityIncrement = 0
    serialVersionUID = -2767605614048989439
    MAX_ARRAY_SIZE = 2147483639
    modCount = 0
    MAX_ARRAY_SIZE = 2147483639
  nativeLibraryContext = class java.util.Stack@40598950
    serialVersionUID = 1224463164541339165
    elementData = class java.lang.Object[10]
      Object[0] = null
      Object[1] = null
      Object[2] = null
      Object[3] = null
      Object[4] = null
      Object[5] = null
      Object[6] = null
      Object[7] = null
      Object[8] = null
      Object[9] = null
    elementCount = 0
    capacityIncrement = 0
    serialVersionUID = -2767605614048989439
    MAX_ARRAY_SIZE = 2147483639
    modCount = 16
    MAX_ARRAY_SIZE = 2147483639
  usr_paths = class java.lang.String[23]
    String[0] = "C:\Program Files\Java\jre1.8.0_211\bin"
    String[1] = "C:\Windows\Sun\Java\bin"
    String[2] = "C:\Windows\system32"
    String[3] = "C:\Windows"
    String[4] = "C:/Program Files/Java/jre1.8.0_211/bin/server"
    String[5] = "C:/Program Files/Java/jre1.8.0_211/bin"
    String[6] = "C:/Program Files/Java/jre1.8.0_211/lib/amd64"
    String[7] = "C:\Program Files\Haskell\bin"
    String[8] = "C:\Program Files\Haskell Platform\8.6.5\lib\extralibs\bin"
    String[9] = "C:\Program Files\Haskell Platform\8.6.5\bin"
    String[10] = "C:\Program Files (x86)\Common Files\Oracle\Java\javapath"
    String[11] = "C:\Windows\system32"
    String[12] = "C:\Windows"
    String[13] = "C:\Windows\System32\Wbem"
    String[14] = "C:\Windows\System32\WindowsPowerShell\v1.0\"
    String[15] = "C:\Windows\System32\OpenSSH\"
    String[16] = "C:\Program Files\Haskell Platform\8.6.5\mingw\bin"
    String[17] = "C:\Users\xcode_this\AppData\Roaming\cabal\bin"
    String[18] = "C:\Users\xcode_this\AppData\Roaming\local\bin"
    String[19] = "C:\Users\xcode_this\AppData\Local\Microsoft\WindowsApps"
    String[20] = "D:\devel\tools\eclipse"
    String[21] = "."
    String[22] = "."
  sys_paths = class java.lang.String[1]
    String[0] = "C:\Program Files\Java\jre1.8.0_211\bin"
  assertionLock = class com.ibm.ws.classloading.internal.ThreadContextClassLoader@67ef9db8
  defaultAssertionStatus = false
  packageAssertionStatus = null
  classAssertionStatus = null

