------Start of DE processing------ = [30/05/19 12:38:20:981 PET]
Exception = org.jboss.weld.exceptions.DeploymentException
Source = com.ibm.ws.container.service.state.internal.ApplicationStateManager
probeid = 31
Stack Dump = org.jboss.weld.exceptions.DeploymentException: WELD-000072: Bean declaring a passivating scope must be passivation capable.  Bean:  Managed Bean [class security.admin.organization.OrganizationCreateView] with qualifiers [@Default @Any @Named]
	at org.jboss.weld.bean.ManagedBean.checkType(ManagedBean.java:216)
	at org.jboss.weld.bean.AbstractBean.initializeAfterBeanDiscovery(AbstractBean.java:108)
	at org.jboss.weld.bean.ManagedBean.initializeAfterBeanDiscovery(ManagedBean.java:122)
	at org.jboss.weld.bootstrap.ConcurrentBeanDeployer$AfterBeanDiscoveryInitializerFactory.doWork(ConcurrentBeanDeployer.java:111)
	at org.jboss.weld.bootstrap.ConcurrentBeanDeployer$AfterBeanDiscoveryInitializerFactory.doWork(ConcurrentBeanDeployer.java:102)
	at org.jboss.weld.executor.IterativeWorkerTaskFactory$1.call(IterativeWorkerTaskFactory.java:62)
	at org.jboss.weld.executor.IterativeWorkerTaskFactory$1.call(IterativeWorkerTaskFactory.java:55)
	at com.ibm.ws.threading.internal.PolicyTaskFutureImpl.run(PolicyTaskFutureImpl.java:724)
	at com.ibm.ws.threading.internal.PolicyExecutorImpl.runTask(PolicyExecutorImpl.java:1134)
	at com.ibm.ws.threading.internal.PolicyExecutorImpl.invokeAll(PolicyExecutorImpl.java:683)
	at com.ibm.ws.concurrent.internal.ManagedExecutorServiceImpl.invokeAll(ManagedExecutorServiceImpl.java:413)
	at org.jboss.weld.executor.AbstractExecutorServices.invokeAllAndCheckForExceptions(AbstractExecutorServices.java:59)
	at org.jboss.weld.executor.AbstractExecutorServices.invokeAllAndCheckForExceptions(AbstractExecutorServices.java:67)
	at org.jboss.weld.bootstrap.ConcurrentBeanDeployer.doAfterBeanDiscovery(ConcurrentBeanDeployer.java:88)
	at org.jboss.weld.bootstrap.BeanDeployment.afterBeanDiscovery(BeanDeployment.java:268)
	at org.jboss.weld.bootstrap.WeldStartup.deployBeans(WeldStartup.java:482)
	at org.jboss.weld.bootstrap.WeldBootstrap.deployBeans(WeldBootstrap.java:86)
	at com.ibm.ws.cdi.impl.CDIContainerImpl.startInitialization(CDIContainerImpl.java:151)
	at com.ibm.ws.cdi.liberty.CDIRuntimeImpl.applicationStarting(CDIRuntimeImpl.java:438)
	at com.ibm.ws.container.service.state.internal.ApplicationStateManager.fireStarting(ApplicationStateManager.java:28)
	at com.ibm.ws.container.service.state.internal.StateChangeServiceImpl.fireApplicationStarting(StateChangeServiceImpl.java:50)
	at com.ibm.ws.app.manager.module.internal.DeployedAppInfoBase.preDeployApp(DeployedAppInfoBase.java:384)
	at com.ibm.ws.app.manager.module.internal.DeployedAppInfoBase.deployApp(DeployedAppInfoBase.java:413)
	at com.ibm.ws.app.manager.war.internal.WARApplicationHandlerImpl.install(WARApplicationHandlerImpl.java:65)
	at com.ibm.ws.app.manager.internal.statemachine.StartAction.execute(StartAction.java:140)
	at com.ibm.ws.app.manager.internal.statemachine.ApplicationStateMachineImpl.enterState(ApplicationStateMachineImpl.java:1261)
	at com.ibm.ws.app.manager.internal.statemachine.ApplicationStateMachineImpl.performAction(ApplicationStateMachineImpl.java:1129)
	at com.ibm.ws.app.manager.internal.statemachine.ApplicationStateMachineImpl.run(ApplicationStateMachineImpl.java:884)
	at com.ibm.ws.threading.internal.ExecutorServiceImpl$RunnableWrapper.run(ExecutorServiceImpl.java:239)
	at java.base/java.util.concurrent.ThreadPoolExecutor.runWorker(ThreadPoolExecutor.java:1128)
	at java.base/java.util.concurrent.ThreadPoolExecutor$Worker.run(ThreadPoolExecutor.java:628)
	at java.base/java.lang.Thread.run(Thread.java:835)

Dump of callerThis
Object type = com.ibm.ws.container.service.state.internal.ApplicationStateManager
  serialVersionUID = -6685368059484454124
  $$$tc$$$ = class com.ibm.websphere.ras.TraceComponent@42d74ae6
    strings[0] = "TraceComponent[com.ibm.ws.container.service.state.internal.ApplicationStateManager,class com.ibm.ws.container.service.state.internal.ApplicationStateManager,[Runtime],,null]"
  listeners = class com.ibm.wsspi.kernel.service.utils.ConcurrentServiceReferenceSet@78d037f5
    referenceName = "applicationStateListeners"
    contextRef = class java.util.concurrent.atomic.AtomicReference@585b0a7d
      serialVersionUID = -1848883965231344442
      VALUE = class java.lang.invoke.VarHandleReferences$FieldInstanceReadWrite@44c77186
      value = class org.apache.felix.scr.impl.manager.ComponentContextImpl@159a116c
    elementMap = class java.util.LinkedHashMap@21b3c946
      serialVersionUID = 3801124242820219131
      head = class java.util.LinkedHashMap$Entry@492c824e
      tail = class java.util.LinkedHashMap$Entry@492461f4
      accessOrder = false
      serialVersionUID = 362498820763181265
      DEFAULT_INITIAL_CAPACITY = 16
      MAXIMUM_CAPACITY = 1073741824
      DEFAULT_LOAD_FACTOR = 0.75
      TREEIFY_THRESHOLD = 8
      UNTREEIFY_THRESHOLD = 6
      MIN_TREEIFY_CAPACITY = 64
      table = class java.util.HashMap$Node[32]
      entrySet = null
      size = 13
      modCount = 13
      threshold = 24
      loadFactor = 0.75
      keySet = null
      values = null
    elementSet = class java.util.concurrent.ConcurrentSkipListSet@30ba6433
      serialVersionUID = -2479143111061671589
      m = class java.util.concurrent.ConcurrentSkipListMap@3889cf63
      MAX_ARRAY_SIZE = 2147483639
    elementSetUnsorted = false
    serialVersionUID = 756240983881166148
    $$$tc$$$ = class com.ibm.websphere.ras.TraceComponent@3370c94a
      strings[0] = "TraceComponent[com.ibm.wsspi.kernel.service.utils.ConcurrentServiceReferenceSet,class com.ibm.wsspi.kernel.service.utils.ConcurrentServiceReferenceSet,[kernelUtils],com.ibm.ws.kernel.service.utils.resources.ServiceMessages,null]"
  serialVersionUID = 2284273176985484160
  $$$tc$$$ = class com.ibm.websphere.ras.TraceComponent@4593a35
    strings[0] = "TraceComponent[com.ibm.ws.container.service.state.internal.StateChangeManager,class com.ibm.ws.container.service.state.internal.StateChangeManager,[Runtime],,null]"

Dump of objectArray[0]
Object type = com.ibm.ws.container.service.app.deploy.internal.ApplicationInfoImpl
  appName = "security"
  appMetaData = class com.ibm.ws.container.service.app.deploy.internal.ApplicationMetaDataImpl@fc87999
    j2eeName = class com.ibm.ws.container.service.metadata.internal.J2EENameImpl@1712cb30
      serialVersionUID = 7488184044073147667
      application = "security"
      module = null
      component = null
      string = "security"
      j2eeNameBytes = null
      $$$tc$$$ = class com.ibm.websphere.ras.TraceComponent@4711073a
    serialVersionUID = -7906531148367236579
    $$$tc$$$ = class com.ibm.websphere.ras.TraceComponent@44abe6ff
      strings[0] = "TraceComponent[com.ibm.ws.container.service.app.deploy.internal.ApplicationMetaDataImpl,class com.ibm.ws.container.service.app.deploy.internal.ApplicationMetaDataImpl,[container.service],com.ibm.ws.container.service.resources.Messages,null]"
    tc = class com.ibm.websphere.ras.TraceComponent@33eee79
      strings[0] = "TraceComponent[com.ibm.ws.runtime.metadata.MetaDataImpl,class com.ibm.ws.runtime.metadata.MetaDataImpl,[Runtime],null,null]"
    NUM_STATIC_SLOTS = 4
    ID_UNINITIALIZED = -1
    id = 1
    metaDataInterface = class java.lang.Class@67832f9a
      ANNOTATION = 8192
      ENUM = 16384
      SYNTHETIC = 4096
      cachedConstructor = null
      name = "com.ibm.ws.runtime.metadata.ApplicationMetaData"
      module = class java.lang.Module@b3e6b8
      packageName = "com.ibm.ws.runtime.metadata"
      componentType = {} /* array length = 0 */
      allPermDomain = class java.security.ProtectionDomain@3c81bf5b
      reflectionData = null
      classRedefinedCount = 0
      genericInfo = null
      EMPTY_CLASS_ARRAY = class java.lang.Class[0]
      serialVersionUID = 3206093459760846163
      serialPersistentFields = class java.io.ObjectStreamField[0]
      reflectionFactory = class jdk.internal.reflect.ReflectionFactory@57725528
      enumConstants = null
      enumConstantDirectory = null
      annotationData = null
      annotationType = null
      classValueMap = null
    staticSlots = class java.lang.Object[4]
      Object[0] = null
      Object[1] = class com.ibm.ws.injectionengine.osgi.internal.OSGiInjectionScopeData@528479e
      Object[2] = null
      Object[3] = class com.ibm.ws.cdi.impl.weld.WebSphereCDIDeploymentImpl@27df990a
    dynamicSlots = class java.lang.Object[4]
      Object[0] = null
      Object[1] = null
      Object[2] = "security"
      Object[3] = null
  appContainer = class com.ibm.ws.adaptable.module.internal.AdaptableContainerImpl@65c5a821
    root = class com.ibm.ws.adaptable.module.internal.AdaptableContainerImpl@65c5a821
    rootOverlay = class com.ibm.ws.artifact.overlay.internal.DirectoryBasedOverlayContainerImpl@6408cbaa
      base = class com.ibm.ws.artifact.loose.internal.LooseArchive@155fb495
      maskSet = class java.util.HashSet@24746d4a
      cfHolder = class com.ibm.ws.artifact.overlay.internal.OverlayContainerFactoryImpl@63a7caed
      fileOverlayContainer = class com.ibm.ws.artifact.file.internal.FileContainer@386b085a
      overlayDirectory = class java.io.File@5078e8de
      cacheDirForOverlay = class java.io.File@57e1d1a6
      overlayNotifier = class com.ibm.ws.artifact.overlay.internal.DirectoryBasedOverlayNotifier@acc8915
      enclosingContainer = null
      entryInEnclosingContainer = null
      nestedOverlays = class java.util.concurrent.ConcurrentHashMap@6a8569ce
      cacheStore = class com.ibm.ws.artifact.overlay.internal.OverlayCache@7dac5258
      parentOverlay = null
      isPassThroughMode = true
      serialVersionUID = -1690795617118238166
      $$$tc$$$ = class com.ibm.websphere.ras.TraceComponent@659c8dc5
    factoryHolder = class com.ibm.ws.adaptable.module.internal.AdaptableModuleFactoryImpl@59ad63ff
      adapterFactoryService = class com.ibm.ws.adaptable.module.internal.AdapterFactoryServiceImpl@7bc4c76c
      containerFactory = class com.ibm.ws.artifact.internal.ArtifactContainerFactoryService@1bad2cdb
      overlayContainerFactory = class com.ibm.ws.artifact.overlay.internal.OverlayContainerFactoryImpl@63a7caed
      serialVersionUID = 4200251809856292987
      $$$tc$$$ = class com.ibm.websphere.ras.TraceComponent@6861f7cf
    delegate = class com.ibm.ws.artifact.overlay.internal.DirectoryBasedOverlayContainerImpl@6408cbaa
    notifier = class com.ibm.ws.adaptable.module.internal.NotifierImpl@a5769b5
      root = class com.ibm.ws.adaptable.module.internal.AdaptableContainerImpl@65c5a821
      delegateNotifier = class com.ibm.ws.artifact.overlay.internal.DirectoryBasedOverlayNotifier@acc8915
      delegateRoot = class com.ibm.ws.artifact.overlay.internal.DirectoryBasedOverlayContainerImpl@6408cbaa
      listenerDelegates = class java.util.HashMap@2499c0aa
      serialVersionUID = 6839382523957017880
      $$$tc$$$ = class com.ibm.websphere.ras.TraceComponent@704d315a
    serialVersionUID = -5621513278641113667
    $$$tc$$$ = class com.ibm.websphere.ras.TraceComponent@45e68444
      strings[0] = "TraceComponent[com.ibm.ws.adaptable.module.internal.AdaptableContainerImpl,class com.ibm.ws.adaptable.module.internal.AdaptableContainerImpl,[archive.adaptable],,null]"
  configHelper = class com.ibm.ws.app.manager.module.ApplicationNestedConfigHelper@33f3631e
    appInfo = class com.ibm.ws.app.manager.internal.ApplicationInstallInfo@c3279c3
    serialVersionUID = -3174031738676705046
    $$$tc$$$ = class com.ibm.websphere.ras.TraceComponent@4905a342
      strings[0] = "TraceComponent[com.ibm.ws.app.manager.module.ApplicationNestedConfigHelper,class com.ibm.ws.app.manager.module.ApplicationNestedConfigHelper,[applications, app.manager],,null]"
  applicationInformation = class com.ibm.ws.app.manager.internal.ApplicationInstallInfo@c3279c3
    _config = class com.ibm.ws.app.manager.internal.ApplicationConfig@6cfa9ccd
      tc = class com.ibm.websphere.ras.TraceComponent@13197592
      _configPid = "com.ibm.ws.app.manager_105"
      _config = class com.ibm.ws.config.admin.ConfigurationDictionary@40d18f03
      _applicationManager = class com.ibm.ws.app.manager.ApplicationManager@1f7508e
      _location = "security.war"
      _type = "war"
      _name = "security"
      _notificationBroadcasterSupport = class javax.management.NotificationBroadcasterSupport@5c55087b
      ONE_TIME_JANDEX_MSGS_DISPLAYED = true
    _handlerInfo = class java.util.concurrent.atomic.AtomicReference@6d308129
      serialVersionUID = -1848883965231344442
      VALUE = class java.lang.invoke.VarHandleReferences$FieldInstanceReadWrite@44c77186
      value = class com.ibm.ws.app.manager.war.internal.WARDeployedAppInfo@529da210
    _container = class java.util.concurrent.atomic.AtomicReference@65059dd9
      serialVersionUID = -1848883965231344442
      VALUE = class java.lang.invoke.VarHandleReferences$FieldInstanceReadWrite@44c77186
      value = class com.ibm.ws.adaptable.module.internal.AdaptableContainerImpl@65c5a821
    _resolvedLocation = class java.util.concurrent.atomic.AtomicReference@5e5f8f8a
      serialVersionUID = -1848883965231344442
      VALUE = class java.lang.invoke.VarHandleReferences$FieldInstanceReadWrite@44c77186
      value = class com.ibm.ws.kernel.service.location.internal.LocalFileResource@5c7a5786
    _handler = class com.ibm.ws.app.manager.war.internal.WARApplicationHandlerImpl@667b6c78
      futureMonitor = class com.ibm.ws.threading.internal.FutureMonitorImpl@4af3710d
      deployedAppFactory = class com.ibm.ws.app.manager.war.internal.WARDeployedAppInfoFactoryImpl@bf9aa84
      serialVersionUID = 4622845147410944782
      $$$tc$$$ = class com.ibm.websphere.ras.TraceComponent@52604ea5
    _ami = class java.util.concurrent.atomic.AtomicReference@fab9057
      serialVersionUID = -1848883965231344442
      VALUE = class java.lang.invoke.VarHandleReferences$FieldInstanceReadWrite@44c77186
      value = class com.ibm.wsspi.application.handler.DefaultApplicationMonitoringInformation@1ef896d7
    _updateHandler = class com.ibm.ws.app.manager.internal.statemachine.ApplicationStateMachineImpl@46893f2e
      _tc = class com.ibm.websphere.ras.TraceComponent@58097306
      EMPTY_FUTURE_ARRAY = interface java.util.concurrent.Future[0]
      asmSequenceNumber = class java.util.concurrent.atomic.AtomicLong@14581731
      _qscaCounter = class java.util.concurrent.atomic.AtomicInteger@7eae1980
      _failedThrowable = null
      _interruptibleLock = class com.ibm.ws.app.manager.internal.statemachine.ApplicationStateMachineImpl$2@2f047441
      _interruptible = false
      _performingQueuedActions = true
      _queuedActions = class java.util.concurrent.ConcurrentLinkedQueue@69ef46af
      _callbackState = class java.util.concurrent.atomic.AtomicReference@3dda253c
      blockAppStartingFutures = class java.util.Collections$SetFromMap@33b6591e
      waitingForAppHandlerFuture = class java.util.concurrent.atomic.AtomicReference@3f9c8555
      waitingForExplicitStartFuture = class java.util.concurrent.atomic.AtomicReference@2cd57637
      completionListener = class java.util.concurrent.atomic.AtomicReference@40ca4554
      _notifyAppStopped = class java.util.concurrent.ConcurrentLinkedQueue@41358afa
      _notifyAppStarting = class java.util.concurrent.ConcurrentLinkedQueue@1ad819a4
      _notifyAppInstallCalled = class java.util.concurrent.ConcurrentLinkedQueue@1d3bb006
      _notifyAppStarted = class java.util.concurrent.ConcurrentLinkedQueue@f49a610
      _notifyAppRemoved = class java.util.concurrent.ConcurrentLinkedQueue@62c69f59
      _stateLock = class com.ibm.ws.app.manager.internal.statemachine.ApplicationStateMachineImpl$3@3809af9c
      _internalState = class java.util.concurrent.atomic.AtomicReference@78f2931b
      _currentAction = class java.util.concurrent.atomic.AtomicReference@3ac9c333
      _rfa = class java.util.concurrent.atomic.AtomicReference@6c23af64
      _appInstallInfo = class java.util.concurrent.atomic.AtomicReference@19238833
      _update = class java.util.concurrent.atomic.AtomicBoolean@75a5ba47
      _appConfig = class java.util.concurrent.atomic.AtomicReference@1013f9b
      _nextAppConfig = class java.util.concurrent.atomic.AtomicReference@70a8e850
      _appContainer = class java.util.concurrent.atomic.AtomicReference@754f8466
      _resolvedLocation = class java.util.concurrent.atomic.AtomicReference@2d607f0a
      _handler = class java.util.concurrent.atomic.AtomicReference@259560da
      _asmSeqNo = 8
      _ctx = class org.eclipse.osgi.internal.framework.BundleContextImpl@78716ca7
      _locAdmin = class com.ibm.ws.kernel.service.location.internal.WsLocationAdminImpl@12c8e650
      _futureMonitor = class com.ibm.ws.threading.internal.FutureMonitorImpl@4af3710d
      _artifactFactory = class com.ibm.ws.artifact.internal.ArtifactContainerFactoryService@1bad2cdb
      _moduleFactory = class com.ibm.ws.adaptable.module.internal.AdaptableModuleFactoryImpl@59ad63ff
      _executorService = class com.ibm.ws.threading.internal.ExecutorServiceImpl@351b888b
      _scheduledExecutorService = class com.ibm.ws.threading.internal.ScheduledExecutorImpl@3b06bd42
      _asmHelper = class com.ibm.ws.app.manager.internal.ApplicationConfigurator$NamedApplication@6e292614
      _appMonitor = class com.ibm.ws.app.manager.internal.monitor.ApplicationMonitor@1c1004fe
      enterStateCalled = class java.util.concurrent.atomic.AtomicBoolean@75268827
      serialVersionUID = 6511956370079301927
      serialVersionUID = 5501066335104962649
      $$$tc$$$ = class com.ibm.websphere.ras.TraceComponent@30fb1cde
    serialVersionUID = 2630639237123415755
    $$$tc$$$ = class com.ibm.websphere.ras.TraceComponent@38311a40
      strings[0] = "TraceComponent[com.ibm.ws.app.manager.internal.ApplicationInstallInfo,class com.ibm.ws.app.manager.internal.ApplicationInstallInfo,[applications, app.manager],com.ibm.ws.app.manager.internal.resources.AppManagerMessages,null]"
  serialVersionUID = -505303337196743781
  $$$tc$$$ = class com.ibm.websphere.ras.TraceComponent@72ed4637
    strings[0] = "TraceComponent[com.ibm.ws.container.service.app.deploy.internal.ApplicationInfoImpl,class com.ibm.ws.container.service.app.deploy.internal.ApplicationInfoImpl,[container.service],com.ibm.ws.container.service.resources.Messages,null]"

