------Start of DE processing------ = [30/05/19 12:38:21:028 PET]
Exception = com.ibm.ws.container.service.state.StateChangeException
Source = com.ibm.ws.app.manager.module.internal.DeployedAppInfoBase
probeid = 385
Stack Dump = com.ibm.ws.container.service.state.StateChangeException: org.jboss.weld.exceptions.DeploymentException: WELD-000072: Bean declaring a passivating scope must be passivation capable.  Bean:  Managed Bean [class security.admin.organization.OrganizationCreateView] with qualifiers [@Default @Any @Named]
	at com.ibm.ws.container.service.state.internal.ApplicationStateManager.fireStarting(ApplicationStateManager.java:32)
	at com.ibm.ws.container.service.state.internal.StateChangeServiceImpl.fireApplicationStarting(StateChangeServiceImpl.java:50)
	at com.ibm.ws.app.manager.module.internal.DeployedAppInfoBase.preDeployApp(DeployedAppInfoBase.java:384)
	at com.ibm.ws.app.manager.module.internal.DeployedAppInfoBase.deployApp(DeployedAppInfoBase.java:413)
	at com.ibm.ws.app.manager.war.internal.WARApplicationHandlerImpl.install(WARApplicationHandlerImpl.java:65)
	at com.ibm.ws.app.manager.internal.statemachine.StartAction.execute(StartAction.java:140)
	at com.ibm.ws.app.manager.internal.statemachine.ApplicationStateMachineImpl.enterState(ApplicationStateMachineImpl.java:1261)
	at com.ibm.ws.app.manager.internal.statemachine.ApplicationStateMachineImpl.performAction(ApplicationStateMachineImpl.java:1129)
	at com.ibm.ws.app.manager.internal.statemachine.ApplicationStateMachineImpl.run(ApplicationStateMachineImpl.java:884)
	at com.ibm.ws.threading.internal.ExecutorServiceImpl$RunnableWrapper.run(ExecutorServiceImpl.java:239)
	at java.base/java.util.concurrent.ThreadPoolExecutor.runWorker(ThreadPoolExecutor.java:1128)
	at java.base/java.util.concurrent.ThreadPoolExecutor$Worker.run(ThreadPoolExecutor.java:628)
	at java.base/java.lang.Thread.run(Thread.java:835)
Caused by: org.jboss.weld.exceptions.DeploymentException: WELD-000072: Bean declaring a passivating scope must be passivation capable.  Bean:  Managed Bean [class security.admin.organization.OrganizationCreateView] with qualifiers [@Default @Any @Named]
	at org.jboss.weld.bean.ManagedBean.checkType(ManagedBean.java:216)
	at org.jboss.weld.bean.AbstractBean.initializeAfterBeanDiscovery(AbstractBean.java:108)
	at org.jboss.weld.bean.ManagedBean.initializeAfterBeanDiscovery(ManagedBean.java:122)
	at org.jboss.weld.bootstrap.ConcurrentBeanDeployer$AfterBeanDiscoveryInitializerFactory.doWork(ConcurrentBeanDeployer.java:111)
	at org.jboss.weld.bootstrap.ConcurrentBeanDeployer$AfterBeanDiscoveryInitializerFactory.doWork(ConcurrentBeanDeployer.java:102)
	at org.jboss.weld.executor.IterativeWorkerTaskFactory$1.call(IterativeWorkerTaskFactory.java:62)
	at org.jboss.weld.executor.IterativeWorkerTaskFactory$1.call(IterativeWorkerTaskFactory.java:55)
	at com.ibm.ws.threading.internal.PolicyTaskFutureImpl.run(PolicyTaskFutureImpl.java:724)
	at com.ibm.ws.threading.internal.PolicyExecutorImpl.runTask(PolicyExecutorImpl.java:1134)
	at com.ibm.ws.threading.internal.PolicyExecutorImpl.invokeAll(PolicyExecutorImpl.java:683)
	at com.ibm.ws.concurrent.internal.ManagedExecutorServiceImpl.invokeAll(ManagedExecutorServiceImpl.java:413)
	at org.jboss.weld.executor.AbstractExecutorServices.invokeAllAndCheckForExceptions(AbstractExecutorServices.java:59)
	at org.jboss.weld.executor.AbstractExecutorServices.invokeAllAndCheckForExceptions(AbstractExecutorServices.java:67)
	at org.jboss.weld.bootstrap.ConcurrentBeanDeployer.doAfterBeanDiscovery(ConcurrentBeanDeployer.java:88)
	at org.jboss.weld.bootstrap.BeanDeployment.afterBeanDiscovery(BeanDeployment.java:268)
	at org.jboss.weld.bootstrap.WeldStartup.deployBeans(WeldStartup.java:482)
	at org.jboss.weld.bootstrap.WeldBootstrap.deployBeans(WeldBootstrap.java:86)
	at com.ibm.ws.cdi.impl.CDIContainerImpl.startInitialization(CDIContainerImpl.java:151)
	at com.ibm.ws.cdi.liberty.CDIRuntimeImpl.applicationStarting(CDIRuntimeImpl.java:438)
	at com.ibm.ws.container.service.state.internal.ApplicationStateManager.fireStarting(ApplicationStateManager.java:28)
	... 12 more

Dump of callerThis
Object type = com.ibm.ws.app.manager.war.internal.WARDeployedAppInfo
  CONTEXT_ROOT = "context-root"
  webModuleHandler = class com.ibm.ws.app.manager.web.internal.WebModuleHandlerImpl@51d214ab
    serialVersionUID = 4795602325763828210
    $$$tc$$$ = class com.ibm.websphere.ras.TraceComponent@632ecc54
      strings[0] = "TraceComponent[com.ibm.ws.app.manager.web.internal.WebModuleHandlerImpl,class com.ibm.ws.app.manager.web.internal.WebModuleHandlerImpl,[webcontainer, applications, app.manager],com.ibm.ws.app.manager.war.internal.resources.Messages,null]"
    futureMonitor = class com.ibm.ws.threading.internal.FutureMonitorImpl@4af3710d
    metaDataService = class com.ibm.ws.container.service.metadata.internal.MetaDataServiceImpl@3dd3b050
    stateChangeService = class com.ibm.ws.container.service.state.internal.StateChangeServiceImpl@6d7683c9
    moduleRuntimeContainer = class com.ibm.ws.webcontainer.osgi.WebContainer@632f2577
      tc = class com.ibm.websphere.ras.TraceComponent@363950a0
      CLASS_NAME = "com.ibm.ws.webcontainer.osgi.WebContainer"
      initialized = true
      eventService = class com.ibm.ws.event.internal.EventEngineImpl@13d74221
      futureMonitor = class com.ibm.ws.threading.internal.FutureMonitorImpl@4af3710d
      classLoadingSRRef = class com.ibm.wsspi.kernel.service.utils.AtomicServiceReference@1afeb968
      sessionHelperSRRef = class com.ibm.wsspi.kernel.service.utils.AtomicServiceReference@5abfc1af
      cacheManagerSRRef = class com.ibm.wsspi.kernel.service.utils.AtomicServiceReference@2d3d16a8
      injectionEngineSRRef = class com.ibm.wsspi.kernel.service.utils.AtomicServiceReference@4529f64
      managedObjectServiceSRRef = class com.ibm.wsspi.kernel.service.utils.AtomicServiceReference@6b08437f
      backgroundWebAppStartFutures = class com.ibm.ws.webcontainer.util.OneTimeUseArrayList@4f1e5508
      REFERENCE_WEB_MBEAN_RUNTIME = "webMBeanRuntime"
      webMBeanRuntimeServiceRef = class com.ibm.wsspi.kernel.service.utils.AtomicServiceReference@a538215
      servletContainerInitializers = class com.ibm.wsspi.kernel.service.utils.ConcurrentServiceReferenceSet@1aea8584
      es = class com.ibm.ws.threading.internal.ExecutorServiceImpl@351b888b
      locationServiceRef = class java.util.concurrent.atomic.AtomicReference@33503e1d
      transferContextServiceRef = class com.ibm.wsspi.kernel.service.utils.ConcurrentServiceReferenceSet@e5b9b6a
      encodingServiceRef = class java.util.concurrent.atomic.AtomicReference@180ee39e
      instance = class java.util.concurrent.atomic.AtomicReference@560693be
      vhostManager = class com.ibm.ws.webcontainer.osgi.DynamicVirtualHostManager@6414efb5
      metaDataService = class com.ibm.ws.container.service.metadata.internal.MetaDataServiceImpl@3dd3b050
      j2eeNameFactory = class com.ibm.ws.container.service.metadata.internal.J2EENameFactoryImpl@36c6b896
      context = class org.apache.felix.scr.impl.manager.ComponentContextImpl@593bafc3
      contextRoots = class java.util.Collections$SynchronizedSet@3bc25c39
      pendingContextRoots = class java.util.HashMap@78e875b3
      deployedModuleMap = class java.util.concurrent.ConcurrentHashMap@7b697030
      connContextPool = class com.ibm.ws.webcontainer40.osgi.srt.factory.SRTConnectionContextPool40Impl@7fa89d29
      DEFAULT_PORT = "*"
      DEFAULT_VHOST_NAME = "default_host"
      cachedServerInfo = "IBM WebSphere Liberty/19.0.0.3"
      lock = class com.ibm.ws.webcontainer.osgi.WebContainer$1@56a22571
      webAppFactory = class com.ibm.ws.webcontainer40.osgi.webapp.factory.WebAppFactory40Impl@6ddc87fb
      requestFactory = class com.ibm.ws.webcontainer40.osgi.response.factory.IRequestResponseFactory40Impl@5d849280
      responseFactory = class com.ibm.ws.webcontainer40.osgi.response.factory.IRequestResponseFactory40Impl@5d849280
      asyncContextFactory = class com.ibm.ws.webcontainer40.async.factory.AsyncContextFactory40Impl@66fe1dcc
      DEFAULT_MAX_VERSION = 30
      versionRef = class org.eclipse.osgi.internal.serviceregistry.ServiceReferenceImpl@213025cf
      serverStopping = class com.ibm.ws.staticvalue.StaticValue$FinalSingleton@285a8d4d
      modulesStarting = 0
      uriMatcherFactory = class com.ibm.wsspi.webcontainer40.util.factory.URIMatcherFactory40Impl@51b30a54
      SPEC_LEVEL_UNLOADED = -1
      SPEC_LEVEL_30 = 30
      SPEC_LEVEL_31 = 31
      SPEC_LEVEL_40 = 40
      DEFAULT_SPEC_LEVEL = 30
      loadedContainerSpecLevel = 40
      ISO = "ISO-8859-1"
      encoding = "UTF-8"
      decode = true
      wcconfig = class com.ibm.ws.webcontainer.osgi.WebContainerConfiguration@678b26b7
      applicationListeners = class java.util.ArrayList@1b47efee
      servletListeners = class java.util.ArrayList@52efa778
      servletErrorListeners = class java.util.ArrayList@3ed81313
      servletInvocationListeners = class java.util.ArrayList@d834e1
      filterInvocationListeners = class java.util.ArrayList@24c4838b
      filterErrorListeners = class java.util.ArrayList@b3f240c
      filterListeners = class java.util.ArrayList@7581fef3
      servletRequestListeners = class java.util.ArrayList@34bfb39e
      servletRequestAttributeListeners = class java.util.ArrayList@34e7b659
      servletContextListeners = class java.util.ArrayList@468afb8d
      servletContextAttributeListeners = class java.util.ArrayList@3c86f3c9
      sessionListeners = class java.util.ArrayList@756c8484
      sessionIdListeners = class java.util.ArrayList@7cb0a10e
      sessionAttributeListeners = class java.util.ArrayList@6d777b86
      DEFAULT_HOST = "default_host"
      _initialized = true
      logger = class com.ibm.ws.logging.internal.WsLogger@66e4d55a
      CLASS_NAME = "com.ibm.ws.webcontainer.internal.WebContainer"
      nls = class com.ibm.ejs.ras.TraceNLS@77bd25a6
      self = class java.util.concurrent.atomic.AtomicReference@e7c528e
      _cipherToBit = class java.util.HashMap@5801a38c
      cacheKeyStringBuilder = class com.ibm.ws.util.WSThreadLocal@188fe3d3
      listenersInitialized = true
      webConProperties = class java.util.Properties@6017571
      sessionRegistry = null
      isStopped = false
      readWriteLockForStopping = class java.util.concurrent.locks.ReentrantReadWriteLock@6a85af1d
      urlPrefix = ";jsessionid="
      extensionFactories = class java.util.ArrayList@3fcd6c02
      postInitExtensionFactories = null
      httpResponseListeners = class java.util.ArrayList@58bb9153
      servletContainerInitializers = class java.util.ServiceLoader@559ccdc8
      auditManager = class com.ibm.websphere.security.audit.context.AuditManager@12a66d21
      invocationCacheSize = 500
      decodePlusSign = true
      _cacheMap = class java.util.concurrent.ConcurrentHashMap@46dfbe0b
      _cacheSize = class java.util.concurrent.atomic.AtomicInteger@426a9e8a
      vHostCompatFlag = false
      platformHelper = class com.ibm.ws.webcontainer.PlatformHelper@71abe982
      isDefaultTempDir = true
      tempDir = null
      servletCachingInitNeeded = true
      appInstallBegun = true
      cacheServletWrapperFactory = class com.ibm.ws.webcontainer40.servlet.factory.CacheServletWrapperFactory40Impl@50454df3
      commands = class java.util.ArrayList@6b518e16
      requestMapper = class com.ibm.ws.webcontainer.util.VirtualHostContextRootMapper@7dd9d338
      parent = null
      name = "Was.webcontainer"
      isAlive = true
      subElements = class java.util.HashMap@5310c2f8
      attributes = null
      config = null
      serialVersionUID = -8271459000149267764
      $$$tc$$$ = class com.ibm.websphere.ras.TraceComponent@61e3012f
    firstFailure = null
    serialVersionUID = -4563697739413190872
    $$$tc$$$ = class com.ibm.websphere.ras.TraceComponent@5731b9ec
      strings[0] = "TraceComponent[com.ibm.ws.app.manager.module.internal.ModuleHandlerBase,class com.ibm.ws.app.manager.module.internal.ModuleHandlerBase,[applications, app.manager],,null]"
  webContainerModuleInfo = class com.ibm.ws.app.manager.module.internal.SimpleDeployedAppInfoBase$WebModuleContainerInfo@65961e12
    contextRoot = null
    defaultContextRoot = "security"
    serialVersionUID = -8158961796913348204
    $$$tc$$$ = class com.ibm.websphere.ras.TraceComponent@49be2205
      strings[0] = "TraceComponent[com.ibm.ws.app.manager.module.internal.SimpleDeployedAppInfoBase$WebModuleContainerInfo,class com.ibm.ws.app.manager.module.internal.SimpleDeployedAppInfoBase$WebModuleContainerInfo,[applications, app.manager],,null]"
    moduleHandler = class com.ibm.ws.app.manager.web.internal.WebModuleHandlerImpl@51d214ab
    moduleMetaDataExtenders = class java.util.concurrent.CopyOnWriteArrayList@2df98ae2
      serialVersionUID = 8673264195747942595
      lock = class java.lang.Object@624b1292
      array = class java.lang.Object[3]
    nestedModuleMetaDataFactories = class java.util.concurrent.CopyOnWriteArrayList@4e79ac43
      serialVersionUID = 8673264195747942595
      lock = class java.lang.Object@51eb096a
      array = class java.lang.Object[1]
    nestedModules = null
    moduleName = "security"
    moduleDD = class com.ibm.ws.javaee.ddmodel.web.common.WebAppType@94637f4
      version = class com.ibm.ws.javaee.ddmodel.TokenType@1f225cf1
      metadata_complete = null
      module_name = null
      absolute_ordering = null
      serialVersionUID = 4092807504738198665
      $$$tc$$$ = class com.ibm.websphere.ras.TraceComponent@49a95c23
      description = null
      display_name = null
      icon = null
      distributable = null
      context_param = class com.ibm.ws.javaee.ddmodel.common.ParamValueType$ListType@68447f9a
      filter = null
      filter_mapping = null
      listener = null
      servlet = class com.ibm.ws.javaee.ddmodel.web.common.ServletType$ListType@6e38f99d
      servlet_mapping = class com.ibm.ws.javaee.ddmodel.web.common.ServletMappingType$ListType@5aecc6cb
      session_config = class com.ibm.ws.javaee.ddmodel.web.common.SessionConfigType@21bbba13
      mime_mapping = class com.ibm.ws.javaee.ddmodel.web.common.MimeMappingType$ListType@6a48a911
      welcome_file_list = class com.ibm.ws.javaee.ddmodel.web.common.WelcomeFileListType@439541d4
      error_page = class com.ibm.ws.javaee.ddmodel.web.common.ErrorPageType$ListType@7f730df3
      jsp_config = null
      security_constraint = null
      deny_uncovered_http_methods = null
      login_config = null
      security_role = null
      message_destination = null
      locale_encoding_mapping_list = null
      default_context_path = null
      request_encoding = null
      response_encoding = null
      servletNameToServletMap = null
      filterNameToFilterMap = null
      ejbRefNameToEJBLocalRefMap = null
      ejbRefNameToEJBRefMap = null
      resourceEnvRefNameToResourceEnvRefMap = null
      messageDestinationRefNameToMessageDestinationRefMap = null
      resRefNameToResourceRefMap = null
      envEntryNameToEnvEntryMap = null
      roleNameToSecurityRoleMap = null
      roleLinkToSecurityRoleRefMap = null
      handlerNameToHandlerMap = null
      path = "WEB-INF/web.xml"
      idMap = class com.ibm.ws.javaee.ddmodel.DDParser$ComponentIDMap@3e44b2c
      serialVersionUID = 5321339975883512588
      $$$tc$$$ = class com.ibm.websphere.ras.TraceComponent@2dd3b5ae
      post_construct = null
      pre_destroy = null
      serialVersionUID = 1102064201943992836
      $$$tc$$$ = class com.ibm.websphere.ras.TraceComponent@26484ad5
      env_entry = null
      ejb_ref = null
      ejb_local_ref = null
      resource_ref = null
      resource_env_ref = null
      message_destination_ref = null
      persistence_context_ref = null
      persistence_unit_ref = null
      data_source = null
      jms_connection_factory = null
      jms_destination = null
      mail_session = null
      connection_factory = null
      administered_object = null
      serialVersionUID = 8931982405528922228
      $$$tc$$$ = class com.ibm.websphere.ras.TraceComponent@5dbff9e8
      service_ref = null
      serialVersionUID = -6199862059825607270
      $$$tc$$$ = class com.ibm.websphere.ras.TraceComponent@35a9c4be
      nilled = false
      serialVersionUID = -2826386306561723362
      $$$tc$$$ = class com.ibm.websphere.ras.TraceComponent@571f956f
    moduleInfo = class com.ibm.ws.app.manager.module.internal.WebModuleInfoImpl@1860fe4
      contextRoot = "/security"
      isDefaultContextRootUsed = true
      serialVersionUID = -1540279394520440503
      $$$tc$$$ = class com.ibm.websphere.ras.TraceComponent@9793c28
      tc = class com.ibm.websphere.ras.TraceComponent@2fb0fa58
      appInfo = class com.ibm.ws.container.service.app.deploy.internal.ApplicationInfoImpl@732989be
      moduleName = "security"
      path = "security.war"
      moduleContainer = class com.ibm.ws.adaptable.module.internal.AdaptableContainerImpl@65c5a821
      altDDEntry = null
      moduleClassesContainers = class java.util.ArrayList@36f7c51
      classLoaderFactory = class com.ibm.ws.app.manager.war.internal.WARDeployedAppInfo@529da210
      containerInfoType = class com.ibm.ws.container.service.app.deploy.ContainerInfo$Type@62a0547d
      classLoader = class com.ibm.ws.classloading.internal.AppClassLoader@378f63d9
      moduleMetaData = class com.ibm.ws.webcontainer.osgi.metadata.WebModuleMetaDataImpl@7d756747
      nestedModuleMetaDataTypes = null
      nestedModuleMetaDataValues = null
      serialVersionUID = 3986734351620206554
    serialVersionUID = 8693907776607441911
    $$$tc$$$ = class com.ibm.websphere.ras.TraceComponent@26f4a75
      strings[0] = "TraceComponent[com.ibm.ws.app.manager.module.internal.SimpleDeployedAppInfoBase$ModuleContainerInfoBase,class com.ibm.ws.app.manager.module.internal.SimpleDeployedAppInfoBase$ModuleContainerInfoBase,[applications, app.manager],,null]"
    type = class com.ibm.ws.container.service.app.deploy.ContainerInfo$Type@62a0547d
      MANIFEST_CLASSPATH = class com.ibm.ws.container.service.app.deploy.ContainerInfo$Type@55f60e07
      WEB_INF_CLASSES = class com.ibm.ws.container.service.app.deploy.ContainerInfo$Type@62805cf5
      WEB_INF_LIB = class com.ibm.ws.container.service.app.deploy.ContainerInfo$Type@66f1c4f
      EAR_LIB = class com.ibm.ws.container.service.app.deploy.ContainerInfo$Type@59a43fa1
      WEB_MODULE = class com.ibm.ws.container.service.app.deploy.ContainerInfo$Type@62a0547d
      EJB_MODULE = class com.ibm.ws.container.service.app.deploy.ContainerInfo$Type@3cc794a4
      CLIENT_MODULE = class com.ibm.ws.container.service.app.deploy.ContainerInfo$Type@5cc0003d
      RAR_MODULE = class com.ibm.ws.container.service.app.deploy.ContainerInfo$Type@22b3e28e
      JAR_MODULE = class com.ibm.ws.container.service.app.deploy.ContainerInfo$Type@5a12984e
      SHARED_LIB = class com.ibm.ws.container.service.app.deploy.ContainerInfo$Type@5a70451c
      $VALUES = class com.ibm.ws.container.service.app.deploy.ContainerInfo$Type[10]
      $$$tc$$$ = class com.ibm.websphere.ras.TraceComponent@6be67ebe
      name = "WEB_MODULE"
      ordinal = 4
    name = "security.war"
    container = class com.ibm.ws.adaptable.module.internal.AdaptableContainerImpl@65c5a821
      root = class com.ibm.ws.adaptable.module.internal.AdaptableContainerImpl@65c5a821
      rootOverlay = class com.ibm.ws.artifact.overlay.internal.DirectoryBasedOverlayContainerImpl@6408cbaa
      factoryHolder = class com.ibm.ws.adaptable.module.internal.AdaptableModuleFactoryImpl@59ad63ff
      delegate = class com.ibm.ws.artifact.overlay.internal.DirectoryBasedOverlayContainerImpl@6408cbaa
      notifier = class com.ibm.ws.adaptable.module.internal.NotifierImpl@a5769b5
      serialVersionUID = -5621513278641113667
      $$$tc$$$ = class com.ibm.websphere.ras.TraceComponent@45e68444
    altDDEntry = null
    classesContainerInfo = class java.util.ArrayList@36f7c51
      serialVersionUID = 8683452581122892189
      DEFAULT_CAPACITY = 10
      EMPTY_ELEMENTDATA = class java.lang.Object[0]
      DEFAULTCAPACITY_EMPTY_ELEMENTDATA = class java.lang.Object[0]
      elementData = class java.lang.Object[10]
      size = 7
      MAX_ARRAY_SIZE = 2147483639
      modCount = 8
      MAX_ARRAY_SIZE = 2147483639
    serialVersionUID = 7427332431485745589
    $$$tc$$$ = class com.ibm.websphere.ras.TraceComponent@65364083
      strings[0] = "TraceComponent[com.ibm.ws.app.manager.module.internal.SimpleDeployedAppInfoBase$ExtendedContainerInfo,class com.ibm.ws.app.manager.module.internal.SimpleDeployedAppInfoBase$ExtendedContainerInfo,[applications, app.manager],,null]"
  DYNAMIC_IMPORT_PACKAGE_LIST = class java.util.Collections$UnmodifiableRandomAccessList@5e730c11
    serialVersionUID = -2542308836966382001
    serialVersionUID = -283967356065247728
    list = class java.util.Arrays$ArrayList@5b075f1b
      serialVersionUID = -2764017481108945198
      a = class java.lang.String[1]
      modCount = 0
      MAX_ARRAY_SIZE = 2147483639
    serialVersionUID = 1820017752578914078
    c = class java.util.Arrays$ArrayList@5b075f1b
  serialVersionUID = -6153587016903242961
  $$$tc$$$ = class com.ibm.websphere.ras.TraceComponent@3a0caaa6
    strings[0] = "TraceComponent[com.ibm.ws.app.manager.war.internal.WARDeployedAppInfo,class com.ibm.ws.app.manager.war.internal.WARDeployedAppInfo,[webcontainer, applications, app.manager],com.ibm.ws.app.manager.war.internal.resources.Messages,null]"
  _tc = class com.ibm.websphere.ras.TraceComponent@b87cde5
    strings[0] = "TraceComponent[com.ibm.ws.app.manager.module.internal.DeployedAppInfoBase,class com.ibm.ws.app.manager.module.internal.DeployedAppInfoBase,[app.manager],com.ibm.ws.app.manager.module.internal.resources.Messages,null]"
  PERMISSION_XML = "permissions.xml"
  applicationInformation = class com.ibm.ws.app.manager.internal.ApplicationInstallInfo@c3279c3
    _config = class com.ibm.ws.app.manager.internal.ApplicationConfig@6cfa9ccd
      tc = class com.ibm.websphere.ras.TraceComponent@13197592
      _configPid = "com.ibm.ws.app.manager_105"
      _config = class com.ibm.ws.config.admin.ConfigurationDictionary@40d18f03
      _applicationManager = class com.ibm.ws.app.manager.ApplicationManager@1f7508e
      _location = "security.war"
      _type = "war"
      _name = "security"
      _notificationBroadcasterSupport = class javax.management.NotificationBroadcasterSupport@5c55087b
      ONE_TIME_JANDEX_MSGS_DISPLAYED = true
    _handlerInfo = class java.util.concurrent.atomic.AtomicReference@6d308129
      serialVersionUID = -1848883965231344442
      VALUE = class java.lang.invoke.VarHandleReferences$FieldInstanceReadWrite@44c77186
      value = class com.ibm.ws.app.manager.war.internal.WARDeployedAppInfo@529da210
    _container = class java.util.concurrent.atomic.AtomicReference@65059dd9
      serialVersionUID = -1848883965231344442
      VALUE = class java.lang.invoke.VarHandleReferences$FieldInstanceReadWrite@44c77186
      value = class com.ibm.ws.adaptable.module.internal.AdaptableContainerImpl@65c5a821
    _resolvedLocation = class java.util.concurrent.atomic.AtomicReference@5e5f8f8a
      serialVersionUID = -1848883965231344442
      VALUE = class java.lang.invoke.VarHandleReferences$FieldInstanceReadWrite@44c77186
      value = class com.ibm.ws.kernel.service.location.internal.LocalFileResource@5c7a5786
    _handler = class com.ibm.ws.app.manager.war.internal.WARApplicationHandlerImpl@667b6c78
      futureMonitor = class com.ibm.ws.threading.internal.FutureMonitorImpl@4af3710d
      deployedAppFactory = class com.ibm.ws.app.manager.war.internal.WARDeployedAppInfoFactoryImpl@bf9aa84
      serialVersionUID = 4622845147410944782
      $$$tc$$$ = class com.ibm.websphere.ras.TraceComponent@52604ea5
    _ami = class java.util.concurrent.atomic.AtomicReference@fab9057
      serialVersionUID = -1848883965231344442
      VALUE = class java.lang.invoke.VarHandleReferences$FieldInstanceReadWrite@44c77186
      value = class com.ibm.wsspi.application.handler.DefaultApplicationMonitoringInformation@1ef896d7
    _updateHandler = class com.ibm.ws.app.manager.internal.statemachine.ApplicationStateMachineImpl@46893f2e
      _tc = class com.ibm.websphere.ras.TraceComponent@58097306
      EMPTY_FUTURE_ARRAY = interface java.util.concurrent.Future[0]
      asmSequenceNumber = class java.util.concurrent.atomic.AtomicLong@14581731
      _qscaCounter = class java.util.concurrent.atomic.AtomicInteger@7eae1980
      _failedThrowable = null
      _interruptibleLock = class com.ibm.ws.app.manager.internal.statemachine.ApplicationStateMachineImpl$2@2f047441
      _interruptible = false
      _performingQueuedActions = true
      _queuedActions = class java.util.concurrent.ConcurrentLinkedQueue@69ef46af
      _callbackState = class java.util.concurrent.atomic.AtomicReference@3dda253c
      blockAppStartingFutures = class java.util.Collections$SetFromMap@33b6591e
      waitingForAppHandlerFuture = class java.util.concurrent.atomic.AtomicReference@3f9c8555
      waitingForExplicitStartFuture = class java.util.concurrent.atomic.AtomicReference@2cd57637
      completionListener = class java.util.concurrent.atomic.AtomicReference@40ca4554
      _notifyAppStopped = class java.util.concurrent.ConcurrentLinkedQueue@41358afa
      _notifyAppStarting = class java.util.concurrent.ConcurrentLinkedQueue@1ad819a4
      _notifyAppInstallCalled = class java.util.concurrent.ConcurrentLinkedQueue@1d3bb006
      _notifyAppStarted = class java.util.concurrent.ConcurrentLinkedQueue@f49a610
      _notifyAppRemoved = class java.util.concurrent.ConcurrentLinkedQueue@62c69f59
      _stateLock = class com.ibm.ws.app.manager.internal.statemachine.ApplicationStateMachineImpl$3@3809af9c
      _internalState = class java.util.concurrent.atomic.AtomicReference@78f2931b
      _currentAction = class java.util.concurrent.atomic.AtomicReference@3ac9c333
      _rfa = class java.util.concurrent.atomic.AtomicReference@6c23af64
      _appInstallInfo = class java.util.concurrent.atomic.AtomicReference@19238833
      _update = class java.util.concurrent.atomic.AtomicBoolean@75a5ba47
      _appConfig = class java.util.concurrent.atomic.AtomicReference@1013f9b
      _nextAppConfig = class java.util.concurrent.atomic.AtomicReference@70a8e850
      _appContainer = class java.util.concurrent.atomic.AtomicReference@754f8466
      _resolvedLocation = class java.util.concurrent.atomic.AtomicReference@2d607f0a
      _handler = class java.util.concurrent.atomic.AtomicReference@259560da
      _asmSeqNo = 8
      _ctx = class org.eclipse.osgi.internal.framework.BundleContextImpl@78716ca7
      _locAdmin = class com.ibm.ws.kernel.service.location.internal.WsLocationAdminImpl@12c8e650
      _futureMonitor = class com.ibm.ws.threading.internal.FutureMonitorImpl@4af3710d
      _artifactFactory = class com.ibm.ws.artifact.internal.ArtifactContainerFactoryService@1bad2cdb
      _moduleFactory = class com.ibm.ws.adaptable.module.internal.AdaptableModuleFactoryImpl@59ad63ff
      _executorService = class com.ibm.ws.threading.internal.ExecutorServiceImpl@351b888b
      _scheduledExecutorService = class com.ibm.ws.threading.internal.ScheduledExecutorImpl@3b06bd42
      _asmHelper = class com.ibm.ws.app.manager.internal.ApplicationConfigurator$NamedApplication@6e292614
      _appMonitor = class com.ibm.ws.app.manager.internal.monitor.ApplicationMonitor@1c1004fe
      enterStateCalled = class java.util.concurrent.atomic.AtomicBoolean@75268827
      serialVersionUID = 6511956370079301927
      serialVersionUID = 5501066335104962649
      $$$tc$$$ = class com.ibm.websphere.ras.TraceComponent@30fb1cde
    serialVersionUID = 2630639237123415755
    $$$tc$$$ = class com.ibm.websphere.ras.TraceComponent@38311a40
      strings[0] = "TraceComponent[com.ibm.ws.app.manager.internal.ApplicationInstallInfo,class com.ibm.ws.app.manager.internal.ApplicationInstallInfo,[applications, app.manager],com.ibm.ws.app.manager.internal.resources.AppManagerMessages,null]"
  location = "D:\devel\tools\wlp\usr\servers\defaultServer\apps\security.war.xml"
  classLoadingService = class com.ibm.ws.classloading.internal.ClassLoadingServiceImpl@51e7a701
    tc = class com.ibm.websphere.ras.TraceComponent@5b8969cf
      strings[0] = "TraceComponent[com.ibm.ws.classloading.internal.ClassLoadingServiceImpl,class com.ibm.ws.classloading.internal.ClassLoadingServiceImpl,[ClassLoadingService],com.ibm.ws.classloading.internal.resources.ClassLoadingServiceMessages,null]"
    leakDetectionMap = class java.util.HashMap@49c9f6c2
      serialVersionUID = 362498820763181265
      DEFAULT_INITIAL_CAPACITY = 16
      MAXIMUM_CAPACITY = 1073741824
      DEFAULT_LOAD_FACTOR = 0.75
      TREEIFY_THRESHOLD = 8
      UNTREEIFY_THRESHOLD = 6
      MIN_TREEIFY_CAPACITY = 64
      table = null
      entrySet = null
      size = 0
      modCount = 0
      threshold = 0
      loadFactor = 0.75
      keySet = null
      values = null
    TCCL_LOCK_WAIT = 15000
    REFERENCE_GENERATORS = "generators"
    bundleContext = class org.eclipse.osgi.internal.framework.BundleContextImpl@433d87b0
    aclStore = class com.ibm.ws.classloading.internal.util.CanonicalStore@2b8e8c2e
      map = class java.util.concurrent.ConcurrentHashMap@4d00278d
      q = class com.ibm.ws.classloading.internal.util.RefQueue@1ca98d85
      serialVersionUID = 6715157558227169968
      $$$tc$$$ = class com.ibm.websphere.ras.TraceComponent@23746eb0
    tcclStore = class com.ibm.ws.classloading.internal.util.CanonicalStore@5a415ee4
      map = class java.util.concurrent.ConcurrentHashMap@140dbcc1
      q = class com.ibm.ws.classloading.internal.util.RefQueue@11d3a102
      serialVersionUID = 6715157558227169968
      $$$tc$$$ = class com.ibm.websphere.ras.TraceComponent@23746eb0
    tcclStoreLock = class java.util.concurrent.locks.ReentrantLock@25754f6b
      serialVersionUID = 7373984872572414699
      sync = class java.util.concurrent.locks.ReentrantLock$NonfairSync@6221aa1d
    digraph = class org.eclipse.equinox.internal.region.StandardRegionDigraph@230cc2e1
      EMPTY_EDGE_SET = class java.util.Collections$UnmodifiableSet@2bb05a95
      monitor = class java.lang.Object@26c3f2c7
      regions = class java.util.HashMap@102f5b9c
      bundleIdToRegionMapping = class org.eclipse.equinox.internal.region.StandardBundleIdToRegionMapping@3285235b
      edges = class java.util.HashMap@1bc8a36c
      bundleContext = class org.eclipse.osgi.internal.framework.BundleContextImpl@74235045
      threadLocal = class java.lang.ThreadLocal@22a42f18
      subgraphTraverser = class org.eclipse.equinox.internal.region.SubgraphTraverser@48bd736b
      bundleCollisionHook = class org.eclipse.equinox.internal.region.hook.RegionBundleCollisionHook@53b91edc
      bundleEventHook = class org.eclipse.equinox.internal.region.hook.RegionBundleEventHook@db41404
      bundleFindHook = class org.eclipse.equinox.internal.region.hook.RegionBundleFindHook@eeb2645
      serviceEventHook = class org.eclipse.equinox.internal.region.hook.RegionServiceEventHook@2d6e3ad8
      serviceFindHook = class org.eclipse.equinox.internal.region.hook.RegionServiceFindHook@363a8e57
      resolverHookFactory = class org.eclipse.equinox.internal.region.hook.RegionResolverHookFactory@1b83a8a0
      origin = null
      originUpdateCount = -1
      updateCount = class java.util.concurrent.atomic.AtomicLong@4c8d6c9b
      defaultRegion = null
    redefiner = class com.ibm.ws.classloading.internal.util.ClassRedefiner@7c3cc552
      tc = class com.ibm.websphere.ras.TraceComponent@3726e429
      LS = "
"
      inst = class com.ibm.ws.kernel.launch.internal.TraceInstrumentation@10692728
      serialVersionUID = 2420101865139508526
    listener = class com.ibm.ws.classloading.internal.ClassLoadingServiceImpl$1@2c5a024f
      this$0 = class com.ibm.ws.classloading.internal.ClassLoadingServiceImpl@51e7a701
      serialVersionUID = -9159707349812113172
      $$$tc$$$ = class com.ibm.websphere.ras.TraceComponent@2893d35e
    classloaders = class java.util.Collections$SynchronizedMap@235b0eb8
      serialVersionUID = 1978198479659022715
      m = class java.util.HashMap@5e64b9a5
      mutex = class java.util.Collections$SynchronizedMap@235b0eb8
      keySet = null
      entrySet = null
      values = null
    resourceProviders = class com.ibm.ws.classloading.internal.CompositeResourceProvider@6685cbf8
      lockFactory = class java.util.concurrent.locks.ReentrantReadWriteLock@341b4ffa
      providerMap = class com.ibm.ws.classloading.internal.util.MultiMap@1f7cd33a
      serialVersionUID = -5576435894946156347
      $$$tc$$$ = class com.ibm.websphere.ras.TraceComponent@4b19dc54
    rememberedBundles = class java.util.concurrent.ConcurrentHashMap@7c09842f
      serialVersionUID = 7249069246763182397
      MAXIMUM_CAPACITY = 1073741824
      DEFAULT_CAPACITY = 16
      MAX_ARRAY_SIZE = 2147483639
      DEFAULT_CONCURRENCY_LEVEL = 16
      LOAD_FACTOR = 0.75
      TREEIFY_THRESHOLD = 8
      UNTREEIFY_THRESHOLD = 6
      MIN_TREEIFY_CAPACITY = 64
      MIN_TRANSFER_STRIDE = 16
      RESIZE_STAMP_BITS = 16
      MAX_RESIZERS = 65535
      RESIZE_STAMP_SHIFT = 16
      MOVED = -1
      TREEBIN = -2
      RESERVED = -3
      HASH_BITS = 2147483647
      NCPU = 4
      serialPersistentFields = class java.io.ObjectStreamField[3]
      table = class java.util.concurrent.ConcurrentHashMap$Node[16]
      nextTable = null
      baseCount = 8
      sizeCtl = 12
      transferIndex = 0
      cellsBusy = 0
      counterCells = null
      keySet = null
      values = null
      entrySet = null
      U = class jdk.internal.misc.Unsafe@69c4fdeb
      SIZECTL = 20
      TRANSFERINDEX = 32
      BASECOUNT = 24
      CELLSBUSY = 36
      CELLVALUE = 144
      ABASE = 16
      ASHIFT = 2
      keySet = null
      values = null
    collectedBundles = class java.lang.ref.ReferenceQueue@3da99b
      NULL = class java.lang.ref.ReferenceQueue$Null@14ea44d5
      ENQUEUED = class java.lang.ref.ReferenceQueue$Null@6df8193d
      lock = class java.lang.ref.ReferenceQueue$Lock@61af6e31
      head = null
      queueLength = 0
      $assertionsDisabled = true
    generatorRefs = class com.ibm.wsspi.kernel.service.utils.ConcurrentServiceReferenceSet@7b6859ea
      referenceName = "generators"
      contextRef = class java.util.concurrent.atomic.AtomicReference@30bc0796
      elementMap = class java.util.LinkedHashMap@4001375b
      elementSet = class java.util.concurrent.ConcurrentSkipListSet@2a1662fb
      elementSetUnsorted = false
      serialVersionUID = 756240983881166148
      $$$tc$$$ = class com.ibm.websphere.ras.TraceComponent@3370c94a
    generatorManager = class com.ibm.ws.classloading.internal.ClassGeneratorManager@33fa9774
      tc = class com.ibm.websphere.ras.TraceComponent@1419b079
      generatorRefs = class com.ibm.wsspi.kernel.service.utils.ConcurrentServiceReferenceSet@7b6859ea
      serialVersionUID = 4152663586056483310
    appExtLibs = class java.util.concurrent.CopyOnWriteArrayList@36255d8
      serialVersionUID = 8673264195747942595
      lock = class java.lang.Object@690a6e95
      array = class java.lang.Object[0]
    globalConfig = class com.ibm.ws.classloading.configuration.GlobalClassloadingConfiguration@6e7e555e
      properties = class org.apache.felix.scr.impl.helper.ReadOnlyDictionary@7995a968
      serialVersionUID = 452562347104713756
      $$$tc$$$ = class com.ibm.websphere.ras.TraceComponent@7f63403a
    metaInfServicesProviders = class java.util.concurrent.ConcurrentHashMap@5760f672
      serialVersionUID = 7249069246763182397
      MAXIMUM_CAPACITY = 1073741824
      DEFAULT_CAPACITY = 16
      MAX_ARRAY_SIZE = 2147483639
      DEFAULT_CONCURRENCY_LEVEL = 16
      LOAD_FACTOR = 0.75
      TREEIFY_THRESHOLD = 8
      UNTREEIFY_THRESHOLD = 6
      MIN_TREEIFY_CAPACITY = 64
      MIN_TRANSFER_STRIDE = 16
      RESIZE_STAMP_BITS = 16
      MAX_RESIZERS = 65535
      RESIZE_STAMP_SHIFT = 16
      MOVED = -1
      TREEBIN = -2
      RESERVED = -3
      HASH_BITS = 2147483647
      NCPU = 4
      serialPersistentFields = class java.io.ObjectStreamField[3]
      table = null
      nextTable = null
      baseCount = 0
      sizeCtl = 0
      transferIndex = 0
      cellsBusy = 0
      counterCells = null
      keySet = null
      values = null
      entrySet = null
      U = class jdk.internal.misc.Unsafe@69c4fdeb
      SIZECTL = 20
      TRANSFERINDEX = 32
      BASECOUNT = 24
      CELLSBUSY = 36
      CELLVALUE = 144
      ABASE = 16
      ASHIFT = 2
      keySet = null
      values = null
    metaInfServicesRefs = class com.ibm.wsspi.kernel.service.utils.ConcurrentServiceReferenceMap@30469add
      referenceName = "MetaInfServicesProvider"
      context = class org.apache.felix.scr.impl.manager.ComponentContextImpl@4fe3d363
      elementMap = class java.util.concurrent.ConcurrentHashMap@badce86
      serialVersionUID = 6980924785166233786
      $$$tc$$$ = class com.ibm.websphere.ras.TraceComponent@7dc2468a
    protectionDomainMap = class java.util.HashMap@219bd598
      serialVersionUID = 362498820763181265
      DEFAULT_INITIAL_CAPACITY = 16
      MAXIMUM_CAPACITY = 1073741824
      DEFAULT_LOAD_FACTOR = 0.75
      TREEIFY_THRESHOLD = 8
      UNTREEIFY_THRESHOLD = 6
      MIN_TREEIFY_CAPACITY = 64
      table = null
      entrySet = null
      size = 0
      modCount = 0
      threshold = 0
      loadFactor = 0.75
      keySet = null
      values = null
    metadataIdentifierService = class com.ibm.ws.container.service.metadata.internal.MetaDataServiceImpl@3dd3b050
    globalSharedLibrary = class java.util.concurrent.atomic.AtomicReference@6dd002fe
      serialVersionUID = -1848883965231344442
      VALUE = class java.lang.invoke.VarHandleReferences$FieldInstanceReadWrite@44c77186
      value = null
    serialVersionUID = -2277344858934055980
  globalSharedLibrary = class com.ibm.ws.library.internal.SharedLibraryImpl@6ee0a1a3
    tc = class com.ibm.websphere.ras.TraceComponent@54297f03
      strings[0] = "TraceComponent[com.ibm.ws.library.internal.SharedLibraryImpl,class com.ibm.ws.library.internal.SharedLibraryImpl,[SharedLibrary],com.ibm.ws.classloading.internal.resources.ClassLoadingServiceMessages,null]"
    EMPTY_LIBRARY_LISTENERS = interface com.ibm.wsspi.library.LibraryChangeListener[0]
    deleted = false
    libraryListenersTracker = class org.osgi.util.tracker.ServiceTracker@1df415a9
      DEBUG = false
      context = class org.eclipse.osgi.internal.framework.BundleContextImpl@433d87b0
      filter = class org.eclipse.osgi.internal.framework.FilterImpl@294037bc
      customizer = class org.osgi.util.tracker.ServiceTracker@1df415a9
      listenerFilter = "(&(objectClass=com.ibm.wsspi.library.LibraryChangeListener)(|(library=global)(libraryRef=*com.ibm.ws.classloading.sharedlibrary_68*)))"
      trackClass = null
      trackReference = null
      tracked = class org.osgi.util.tracker.ServiceTracker$Tracked@4e862dbc
      cachedReference = null
      cachedService = null
    libraryReg = class org.eclipse.osgi.internal.serviceregistry.ServiceRegistrationImpl@4d53ff0
      registry = class org.eclipse.osgi.internal.serviceregistry.ServiceRegistry@6e782f68
      context = class org.eclipse.osgi.internal.framework.BundleContextImpl@433d87b0
      bundle = class org.eclipse.osgi.internal.framework.EquinoxBundle@591e091d
      clazzes = class java.lang.String[1]
      service = class com.ibm.ws.library.internal.SharedLibraryImpl@6ee0a1a3
      reference = class org.eclipse.osgi.internal.serviceregistry.ServiceReferenceImpl@e6e0983
      contextsUsing = class java.util.ArrayList@50643c26
      properties = class java.util.Collections$UnmodifiableMap@60ae2ac4
      serviceid = 306
      serviceranking = 0
      registrationLock = class java.lang.Object@edb7f91
      state = 0
      REGISTERED = 0
      UNREGISTERING = 1
      UNREGISTERED = 2
      FRAMEWORK_SET_SERVICE_PROPERTIES_COUNT = 4
      $assertionsDisabled = true
    ctx = class org.eclipse.osgi.internal.framework.BundleContextImpl@433d87b0
      findHookName = "org.osgi.framework.hooks.bundle.FindHook"
      valid = true
      bundle = class org.eclipse.osgi.internal.framework.EquinoxBundle@591e091d
      container = class org.eclipse.osgi.internal.framework.EquinoxContainer@62f882ae
      debug = class org.eclipse.osgi.internal.debug.Debug@3ac1560c
      servicesInUse = class java.util.HashMap@26335f6e
      activator = null
      contextLock = class java.lang.Object@31102420
    classLoadingService = class com.ibm.ws.classloading.internal.ClassLoadingServiceImpl@51e7a701
    configAdmin = class com.ibm.ws.config.admin.internal.ConfigurationAdminImpl@18fb622b
      tc = class com.ibm.websphere.ras.TraceComponent@2d2703a5
      bundle = class org.eclipse.osgi.internal.framework.EquinoxBundle@591e091d
      caFactory = class com.ibm.ws.config.admin.internal.ConfigAdminServiceFactory@77c3cb
      serialVersionUID = -2875522750804142523
    resolvedBasePath = "D:/devel/tools/wlp/usr/servers/defaultServer/"
    generationLock = class com.ibm.ws.library.internal.SharedLibraryImpl$1@2d9a295b
      this$0 = class com.ibm.ws.library.internal.SharedLibraryImpl@6ee0a1a3
      serialVersionUID = 2483639803450672373
      $$$tc$$$ = class com.ibm.websphere.ras.TraceComponent@33687866
    currentGeneration = class com.ibm.ws.library.internal.LibraryGeneration@4c844474
      tc = class com.ibm.websphere.ras.TraceComponent@50cd03cb
      nextInt = class java.util.concurrent.atomic.AtomicInteger@3b775246
      libraryId = "global"
      genId = 0
      libraryProps = class java.util.Hashtable@75696d8e
      filesetRefs = class java.util.Collections$UnmodifiableRandomAccessList@2de98e9a
      apiTypeVisibility = class java.util.RegularEnumSet@405505ff
      files = class java.util.Collections$EmptyList@72f8df41
      folders = class java.util.ArrayList@41318ad1
      fileAndFolderContainers = class java.util.Collections$EmptyList@72f8df41
      filesets = class java.util.concurrent.ArrayBlockingQueue@7f8a8a64
      filesetListenerRegs = class java.util.concurrent.ConcurrentLinkedQueue@1e764651
      cancelled = false
      library = class com.ibm.ws.library.internal.SharedLibraryImpl@6ee0a1a3
      serialVersionUID = 6965220007121905717
    nextGeneration = class com.ibm.ws.library.internal.LibraryGeneration@4c844474
    artifactContainerFactory = class com.ibm.ws.library.internal.SharedLibraryFactory$1@71604910
      this$0 = class com.ibm.ws.library.internal.SharedLibraryFactory@3af3f1d0
      serialVersionUID = 7730244564205089330
      $$$tc$$$ = class com.ibm.websphere.ras.TraceComponent@3200592a
    packageExporter = class com.ibm.ws.library.internal.LibraryPackageExporter@3249872d
      EXPORTER_POSTFIX = "_library_exporter"
      REGION_EXPORT_TO_LIBERTY = "liberty.library.export.to.liberty"
      REGION_EXPORT_TO_OSGI_APPS = "liberty.library.export.to.osgi.app"
      REGION_KERNEL = "org.eclipse.equinox.region.kernel"
      counter = class java.util.concurrent.atomic.AtomicLong@28a76d13
      context = class org.eclipse.osgi.internal.framework.BundleContextImpl@433d87b0
      digraph = class org.eclipse.equinox.internal.region.StandardRegionDigraph@230cc2e1
      bundleToLibrary = class java.util.concurrent.ConcurrentHashMap@72526c
      libraryToVisibility = class java.util.concurrent.ConcurrentHashMap@7f666413
      serialVersionUID = 8074378969667956573
      $$$tc$$$ = class com.ibm.websphere.ras.TraceComponent@3309830a
    serialVersionUID = 6288237618632180389
  sharedLibDeploymentInfo = class com.ibm.ws.app.manager.module.internal.DeployedAppInfoBase$SharedLibDeploymentInfo@34f4cc86
    bundleContext = class org.eclipse.osgi.internal.framework.BundleContextImpl@71ddaa45
      findHookName = "org.osgi.framework.hooks.bundle.FindHook"
      valid = true
      bundle = class org.eclipse.osgi.internal.framework.EquinoxBundle@2da5658
      container = class org.eclipse.osgi.internal.framework.EquinoxContainer@62f882ae
      debug = class org.eclipse.osgi.internal.debug.Debug@3ac1560c
      servicesInUse = class java.util.HashMap@35c390bb
      activator = null
      contextLock = class java.lang.Object@40e1b02b
    locAdmin = class com.ibm.ws.kernel.service.location.internal.WsLocationAdminImpl@12c8e650
      tc = class com.ibm.websphere.ras.TraceComponent@4606006a
      LOC_INTERNAL_LIB_DIR = "wlp.lib.dir"
      LOC_AREA_NAME_APPS = "shared/apps/"
      LOC_AREA_NAME_CONFIG = "shared/config/"
      LOC_AREA_NAME_RESC = "shared/resources/"
      LOC_AREA_NAME_STATE = "logs/state/"
      LOC_AREA_NAME_SERVERS = "servers/"
      LOC_AREA_NAME_CLIENTS = "clients/"
      LOC_AREA_NAME_WORKING = "workarea/"
      LOC_AREA_NAME_EXTENSION = "extension/"
      instance = class com.ibm.ws.staticvalue.StaticValue$FinalSingleton@361d1ea1
      installRoot = class com.ibm.ws.kernel.service.location.internal.SymbolicRootResource@2a4fbcb6
      installParentRoot = class com.ibm.ws.kernel.service.location.internal.SymbolicRootResource@737d02ba
      userRoot = class com.ibm.ws.kernel.service.location.internal.SymbolicRootResource@a75083
      usrExtensionRoot = class com.ibm.ws.kernel.service.location.internal.SymbolicRootResource@5e91ae20
      serverConfigDir = class com.ibm.ws.kernel.service.location.internal.SymbolicRootResource@96c1348
      serverOutputDir = class com.ibm.ws.kernel.service.location.internal.SymbolicRootResource@96c1348
      bootstrapLib = class com.ibm.ws.kernel.service.location.internal.LocalFileResource@129fb80d
      serverWorkarea = class com.ibm.ws.kernel.service.location.internal.LocalFileResource@2886d195
      serverState = class com.ibm.ws.kernel.service.location.internal.LocalFileResource@7b359a0b
      sharedAppsRoot = class com.ibm.ws.kernel.service.location.internal.SymbolicRootResource@122a3076
      sharedConfigRoot = class com.ibm.ws.kernel.service.location.internal.SymbolicRootResource@7d9aadee
      sharedResourceRoot = class com.ibm.ws.kernel.service.location.internal.SymbolicRootResource@638ed1b1
      tmpRoot = class com.ibm.ws.kernel.service.location.internal.SymbolicRootResource@34bcfa09
      serverName = "defaultServer"
      resourcePaths = class java.util.ArrayList@77d6c568
      resourceGroups = class java.util.HashMap@5f8be3a1
      commonRoot = class com.ibm.ws.kernel.service.location.internal.VirtualRootResource@4a9da2b8
      serialVersionUID = 7766352982799267432
    artifactFactory = class com.ibm.ws.artifact.internal.ArtifactContainerFactoryService@1bad2cdb
      CATEGORY_PROP_NAME = "category"
      ENTRY_KEY = "com.ibm.wsspi.artifact.ArtifactEntry"
      helperMap = class com.ibm.wsspi.kernel.service.utils.ConcurrentServiceReferenceSetMap@6895dfe0
      contributorMap = class com.ibm.wsspi.kernel.service.utils.ConcurrentServiceReferenceSetMap@139f1e42
      helperCategoryMap = class com.ibm.wsspi.kernel.service.utils.ConcurrentServiceReferenceSetMap@6f9bb490
      contributorCategoryMap = class com.ibm.wsspi.kernel.service.utils.ConcurrentServiceReferenceSetMap@1be50bab
      categories = class java.util.Collections$SynchronizedSet@5d49ade8
      baseProperties = class org.apache.felix.scr.impl.helper.ReadOnlyDictionary@36cfc50d
      serialVersionUID = -3101641399269402013
      $$$tc$$$ = class com.ibm.websphere.ras.TraceComponent@71ae31d4
    moduleFactory = class com.ibm.ws.adaptable.module.internal.AdaptableModuleFactoryImpl@59ad63ff
      adapterFactoryService = class com.ibm.ws.adaptable.module.internal.AdapterFactoryServiceImpl@7bc4c76c
      containerFactory = class com.ibm.ws.artifact.internal.ArtifactContainerFactoryService@1bad2cdb
      overlayContainerFactory = class com.ibm.ws.artifact.overlay.internal.OverlayContainerFactoryImpl@63a7caed
      serialVersionUID = 4200251809856292987
      $$$tc$$$ = class com.ibm.websphere.ras.TraceComponent@6861f7cf
    classesContainerInfo = class java.util.ArrayList@3836bda6
      serialVersionUID = 8683452581122892189
      DEFAULT_CAPACITY = 10
      EMPTY_ELEMENTDATA = class java.lang.Object[0]
      DEFAULTCAPACITY_EMPTY_ELEMENTDATA = class java.lang.Object[0]
      elementData = class java.lang.Object[0]
      size = 0
      MAX_ARRAY_SIZE = 2147483639
      modCount = 0
      MAX_ARRAY_SIZE = 2147483639
    serialVersionUID = -9033256786848720484
    $$$tc$$$ = class com.ibm.websphere.ras.TraceComponent@46cd107c
      strings[0] = "TraceComponent[com.ibm.ws.app.manager.module.internal.DeployedAppInfoBase$SharedLibDeploymentInfo,class com.ibm.ws.app.manager.module.internal.DeployedAppInfoBase$SharedLibDeploymentInfo,[applications, app.manager],,null]"
  futureMonitor = class com.ibm.ws.threading.internal.FutureMonitorImpl@4af3710d
    _monitor = class java.util.concurrent.ConcurrentLinkedQueue@5301f334
      serialVersionUID = 196745693267521676
      head = class java.util.concurrent.ConcurrentLinkedQueue$Node@1070794e
      tail = class java.util.concurrent.ConcurrentLinkedQueue$Node@1070794e
      MAX_HOPS = 8
      HEAD = class java.lang.invoke.VarHandleReferences$FieldInstanceReadWrite@589e0e89
      TAIL = class java.lang.invoke.VarHandleReferences$FieldInstanceReadWrite@588878d0
      ITEM = class java.lang.invoke.VarHandleReferences$FieldInstanceReadWrite@7f27891b
      NEXT = class java.lang.invoke.VarHandleReferences$FieldInstanceReadWrite@7525fb4a
      MAX_ARRAY_SIZE = 2147483639
    _executor = class com.ibm.ws.threading.internal.ScheduledExecutorImpl@3b06bd42
      threadGroupName = "Scheduled Executor Thread Group"
      executor = class com.ibm.ws.threading.internal.ExecutorServiceImpl@351b888b
      serialVersionUID = -9110693807503469597
      $$$tc$$$ = class com.ibm.websphere.ras.TraceComponent@35f2549f
      continueExistingPeriodicTasksAfterShutdown = false
      executeExistingDelayedTasksAfterShutdown = true
      removeOnCancel = false
      sequencer = class java.util.concurrent.atomic.AtomicLong@2fae6ef1
      DEFAULT_KEEPALIVE_MILLIS = 10
      ctl = class java.util.concurrent.atomic.AtomicInteger@4a2428f4
      COUNT_BITS = 29
      COUNT_MASK = 536870911
      RUNNING = -536870912
      SHUTDOWN = 0
      STOP = 536870912
      TIDYING = 1073741824
      TERMINATED = 1610612736
      workQueue = class java.util.concurrent.ScheduledThreadPoolExecutor$DelayedWorkQueue@79072867
      mainLock = class java.util.concurrent.locks.ReentrantLock@5b133e82
      workers = class java.util.HashSet@7160af7
      termination = class java.util.concurrent.locks.AbstractQueuedSynchronizer$ConditionObject@6c1ef169
      largestPoolSize = 1
      completedTaskCount = 0
      threadFactory = class com.ibm.ws.threading.internal.ThreadFactoryImpl@2c1ab89d
      handler = class java.util.concurrent.ThreadPoolExecutor$AbortPolicy@64c8ffa4
      keepAliveTime = 10000000
      allowCoreThreadTimeOut = false
      corePoolSize = 1
      maximumPoolSize = 2147483647
      defaultHandler = class java.util.concurrent.ThreadPoolExecutor$AbortPolicy@64c8ffa4
      shutdownPerm = class java.lang.RuntimePermission@2a3c7781
      ONLY_ONE = true
      $assertionsDisabled = true
    _threadRunning = class java.util.concurrent.atomic.AtomicBoolean@34418767
      serialVersionUID = 4654671469794556979
      VALUE = class java.lang.invoke.VarHandleInts$FieldInstanceReadWrite@2530d6a6
      value = 0
    _thread = class com.ibm.ws.threading.internal.FutureMonitorImpl$1@b39613d
      this$0 = class com.ibm.ws.threading.internal.FutureMonitorImpl@4af3710d
      serialVersionUID = 2422512430832938099
      $$$tc$$$ = class com.ibm.websphere.ras.TraceComponent@79314927
    serialVersionUID = 2765238413969174390
    $$$tc$$$ = class com.ibm.websphere.ras.TraceComponent@e9b062b
      strings[0] = "TraceComponent[com.ibm.ws.threading.internal.FutureMonitorImpl,class com.ibm.ws.threading.internal.FutureMonitorImpl,[Threading],com.ibm.ws.threading.internal.resources.ThreadingMessages,null]"
  configAdmin = class com.ibm.ws.config.admin.internal.ConfigurationAdminImpl@17d2a958
    tc = class com.ibm.websphere.ras.TraceComponent@2d2703a5
      strings[0] = "TraceComponent[com.ibm.ws.config.admin.internal.ConfigurationAdminImpl,class com.ibm.ws.config.admin.internal.ConfigurationAdminImpl,[config],com.ibm.ws.config.internal.resources.ConfigMessages,null]"
    bundle = class org.eclipse.osgi.internal.framework.EquinoxBundle@2da5658
      equinoxContainer = class org.eclipse.osgi.internal.framework.EquinoxContainer@62f882ae
      module = class org.eclipse.osgi.internal.framework.EquinoxBundle$EquinoxModule@7fe05f1
      monitor = class java.lang.Object@101b8e19
      context = class org.eclipse.osgi.internal.framework.BundleContextImpl@71ddaa45
      signerInfos = null
      $SWITCH_TABLE$org$eclipse$osgi$container$Module$State = {1,2,3,4,5,6,7} /* array length = 7 */
    caFactory = class com.ibm.ws.config.admin.internal.ConfigAdminServiceFactory@77c3cb
      tc = class com.ibm.websphere.ras.TraceComponent@17896186
      configurationPermission = class org.osgi.service.cm.ConfigurationPermission@45b915cc
      INDEX_DICTIONARY = 0
      INDEX_LOCATION = 1
      INDEX_METATYPE_PROCESSED = 2
      INDEX_IN_OVERRIDES_FILE = 3
      INDEX_REFERENCES = 4
      INDEX_UNIQUES = 5
      bundleContext = class org.eclipse.osgi.internal.framework.BundleContextImpl@19fdb7a3
      msTracker = class com.ibm.ws.config.admin.internal.ManagedServiceTracker@2242941d
      msfTracker = class com.ibm.ws.config.admin.internal.ManagedServiceFactoryTracker@35e1652
      pluginManager = class com.ibm.ws.config.admin.internal.PluginManager@74b17423
      configurationStore = class com.ibm.ws.config.admin.internal.ConfigurationStore@792b080c
      updateQueue = class com.ibm.ws.config.admin.internal.UpdateQueue@4f7f9948
      ced = class com.ibm.ws.config.admin.internal.ConfigEventDispatcher@3c60ea73
      idMap = class java.util.Collections$SynchronizedMap@430f91b0
      referenceMap = class java.util.Collections$SynchronizedMap@62459ab5
      variableRegistryTracker = class org.osgi.util.tracker.ServiceTracker@51c3fa6c
      variableRegistry = class com.ibm.ws.kernel.service.location.internal.VariableRegistryHelper@6acbb155
      configurationAdminRef = class org.eclipse.osgi.internal.serviceregistry.ServiceRegistrationImpl@5abac278
      serialVersionUID = 6695202270027014725
    serialVersionUID = -2875522750804142523
  libraryConfigHelper = class com.ibm.ws.classloading.ClassLoaderConfigHelper@56e48045
    tc = class com.ibm.websphere.ras.TraceComponent@4630bc4a
      strings[0] = "TraceComponent[com.ibm.ws.classloading.ClassLoaderConfigHelper,class com.ibm.ws.classloading.ClassLoaderConfigHelper,[ClassLoadingService],com.ibm.ws.classloading.internal.resources.ClassLoadingServiceMessages,null]"
    DEFAULT_API_TYPES = class java.util.RegularEnumSet@7fee3384
      serialVersionUID = 3411599620347842686
      elements = 23
      elementType = class java.lang.Class@58b780a5
      universe = class com.ibm.wsspi.classloading.ApiType[5]
      MAX_ARRAY_SIZE = 2147483639
    sharedLibraries = class java.util.Collections$EmptyList@72f8df41
      serialVersionUID = 8842843931221139166
      modCount = 0
      MAX_ARRAY_SIZE = 2147483639
    commonLibraries = class java.util.Collections$EmptyList@72f8df41
    classProviders = class java.util.Collections$EmptyList@72f8df41
    sharedLibrariesPids = null
    commonLibrariesPids = null
    isDelegateLast = false
    apiTypes = class java.util.RegularEnumSet@7fee3384
    classLoaderConfigProps = null
    serialVersionUID = 7643888529935916418
  isDelegateLast = false
  permissionManager = class com.ibm.ws.classloading.java2sec.PermissionManager@3d62ce83
    tc = class com.ibm.websphere.ras.TraceComponent@6cdff4e8
      strings[0] = "TraceComponent[com.ibm.ws.classloading.java2sec.PermissionManager,class com.ibm.ws.classloading.java2sec.PermissionManager,[Java2SecurityUtil],com.ibm.ws.classloading.internal.resources.Java2SecurityUtilMessages,null]"
    classLoadingService = class com.ibm.ws.classloading.internal.ClassLoadingServiceImpl@51e7a701
    DEFAULT_SERVER_RESTRICTABLE_PERMISSIONS = class java.security.Permission[4]
      Permission[0] = class java.lang.RuntimePermission@160af0a1
      Permission[1] = class java.lang.RuntimePermission@3af78374
      Permission[2] = class java.security.SecurityPermission@fe6874c
      Permission[3] = class javax.security.auth.AuthPermission@7b3d89ee
    DEFAULT_CLIENT_RESTRICTABLE_PERMISSIONS = class java.security.Permission[3]
      Permission[0] = class java.lang.RuntimePermission@173cae2
      Permission[1] = class java.security.SecurityPermission@109a3802
      Permission[2] = class javax.security.auth.AuthPermission@4568ea77
    isServer = true
    wsjarUrlStreamHandlerAvailable = true
    restrictablePermissions = class java.util.ArrayList@7e0f0c3a
      serialVersionUID = 8683452581122892189
      DEFAULT_CAPACITY = 10
      EMPTY_ELEMENTDATA = class java.lang.Object[0]
      DEFAULTCAPACITY_EMPTY_ELEMENTDATA = class java.lang.Object[0]
      elementData = class java.lang.Object[10]
      size = 4
      MAX_ARRAY_SIZE = 2147483639
      modCount = 4
      MAX_ARRAY_SIZE = 2147483639
    grantedPermissions = class java.util.ArrayList@70f3726c
      serialVersionUID = 8683452581122892189
      DEFAULT_CAPACITY = 10
      EMPTY_ELEMENTDATA = class java.lang.Object[0]
      DEFAULTCAPACITY_EMPTY_ELEMENTDATA = class java.lang.Object[0]
      elementData = class java.lang.Object[10]
      size = 1
      MAX_ARRAY_SIZE = 2147483639
      modCount = 1
      MAX_ARRAY_SIZE = 2147483639
    KEY_PERMISSION = "permission"
    INCORRECT_PERMISSION_CONFIGURATION = "INCORRECT_PERMISSION_CONFIGURATION"
    PERMISSION_CLASSNOTFOUND = "PERMISSION_CLASSNOTFOUND"
    SERVER_XML = "server.xml"
    CLIENT_XML = "client.xml"
    originationFile = "server.xml"
    permissions = class com.ibm.wsspi.kernel.service.utils.ConcurrentServiceReferenceSet@66620c0a
      referenceName = "permission"
      contextRef = class java.util.concurrent.atomic.AtomicReference@29ff7be7
      elementMap = class java.util.LinkedHashMap@3aa3543e
      elementSet = class java.util.concurrent.ConcurrentSkipListSet@28508034
      elementSetUnsorted = false
      serialVersionUID = 756240983881166148
      $$$tc$$$ = class com.ibm.websphere.ras.TraceComponent@3370c94a
    codeBasePermissionMap = class java.util.HashMap@4090d4b6
      serialVersionUID = 362498820763181265
      DEFAULT_INITIAL_CAPACITY = 16
      MAXIMUM_CAPACITY = 1073741824
      DEFAULT_LOAD_FACTOR = 0.75
      TREEIFY_THRESHOLD = 8
      UNTREEIFY_THRESHOLD = 6
      MIN_TREEIFY_CAPACITY = 64
      table = null
      entrySet = null
      size = 0
      modCount = 0
      threshold = 0
      loadFactor = 0.75
      keySet = class java.util.HashMap$KeySet@70874dd8
      values = null
    permissionXMLPermissionMap = class java.util.HashMap@46786e42
      serialVersionUID = 362498820763181265
      DEFAULT_INITIAL_CAPACITY = 16
      MAXIMUM_CAPACITY = 1073741824
      DEFAULT_LOAD_FACTOR = 0.75
      TREEIFY_THRESHOLD = 8
      UNTREEIFY_THRESHOLD = 6
      MIN_TREEIFY_CAPACITY = 64
      table = null
      entrySet = null
      size = 0
      modCount = 0
      threshold = 0
      loadFactor = 0.75
      keySet = null
      values = null
    serialVersionUID = 3514017629123673923
  permissionsConfig = null
  serialVersionUID = 5168023053972273360
  appInfo = class com.ibm.ws.container.service.app.deploy.internal.ApplicationInfoImpl@732989be
    appName = "security"
    appMetaData = class com.ibm.ws.container.service.app.deploy.internal.ApplicationMetaDataImpl@fc87999
      j2eeName = class com.ibm.ws.container.service.metadata.internal.J2EENameImpl@1712cb30
      serialVersionUID = -7906531148367236579
      $$$tc$$$ = class com.ibm.websphere.ras.TraceComponent@44abe6ff
      tc = class com.ibm.websphere.ras.TraceComponent@33eee79
      NUM_STATIC_SLOTS = 4
      ID_UNINITIALIZED = -1
      id = 1
      metaDataInterface = class java.lang.Class@67832f9a
      staticSlots = class java.lang.Object[4]
      dynamicSlots = class java.lang.Object[4]
    appContainer = class com.ibm.ws.adaptable.module.internal.AdaptableContainerImpl@65c5a821
    configHelper = class com.ibm.ws.app.manager.module.ApplicationNestedConfigHelper@33f3631e
      appInfo = class com.ibm.ws.app.manager.internal.ApplicationInstallInfo@c3279c3
      serialVersionUID = -3174031738676705046
      $$$tc$$$ = class com.ibm.websphere.ras.TraceComponent@4905a342
    applicationInformation = class com.ibm.ws.app.manager.internal.ApplicationInstallInfo@c3279c3
    serialVersionUID = -505303337196743781
    $$$tc$$$ = class com.ibm.websphere.ras.TraceComponent@72ed4637
      strings[0] = "TraceComponent[com.ibm.ws.container.service.app.deploy.internal.ApplicationInfoImpl,class com.ibm.ws.container.service.app.deploy.internal.ApplicationInfoImpl,[container.service],com.ibm.ws.container.service.resources.Messages,null]"
  modulesDeployed = class java.util.ArrayList@2f60b555
    serialVersionUID = 8683452581122892189
    DEFAULT_CAPACITY = 10
    EMPTY_ELEMENTDATA = class java.lang.Object[0]
    DEFAULTCAPACITY_EMPTY_ELEMENTDATA = class java.lang.Object[0]
    elementData = class java.lang.Object[10]
      Object[0] = class com.ibm.ws.app.manager.module.internal.DeployedModuleInfoImpl@1ba88784
      Object[1] = null
      Object[2] = null
      Object[3] = null
      Object[4] = null
      Object[5] = null
      Object[6] = null
      Object[7] = null
      Object[8] = null
      Object[9] = null
    size = 1
    MAX_ARRAY_SIZE = 2147483639
    modCount = 1
    MAX_ARRAY_SIZE = 2147483639
  starting = true
  started = false
  appInfoFactory = class com.ibm.ws.container.service.app.deploy.internal.ApplicationInfoFactoryImpl@2dfa4188
    j2eeNameFactory = class com.ibm.wsspi.kernel.service.utils.AtomicServiceReference@58d50561
      referenceName = "j2eeNameFactory"
      tuple = class java.util.concurrent.atomic.AtomicReference@2ccb7a60
      serialVersionUID = 2226592364007985000
      $$$tc$$$ = class com.ibm.websphere.ras.TraceComponent@77cbc490
    names = class java.util.HashSet@20a067de
      serialVersionUID = -5024744406713321676
      map = class java.util.HashMap@3c1939d9
      PRESENT = class java.lang.Object@2f895ccc
      MAX_ARRAY_SIZE = 2147483639
    serialVersionUID = 7443990212682384945
    $$$tc$$$ = class com.ibm.websphere.ras.TraceComponent@111507ed
      strings[0] = "TraceComponent[com.ibm.ws.container.service.app.deploy.internal.ApplicationInfoFactoryImpl,class com.ibm.ws.container.service.app.deploy.internal.ApplicationInfoFactoryImpl,[container.service],com.ibm.ws.container.service.resources.Messages,null]"
  metaDataService = class com.ibm.ws.container.service.metadata.internal.MetaDataServiceImpl@3dd3b050
    applicationMetaDataManager = class com.ibm.ws.container.service.metadata.internal.ApplicationMetaDataManager@67624638
      serialVersionUID = 1843747281024490904
      $$$tc$$$ = class com.ibm.websphere.ras.TraceComponent@1095a986
      listeners = class com.ibm.wsspi.kernel.service.utils.ConcurrentServiceReferenceSet@2f6f1338
      metaDataIDs = class com.ibm.ws.container.service.metadata.internal.IndexList@7542078
      metaDatas = class java.util.ArrayList@6e7cf6ac
      slotIDs = class com.ibm.ws.container.service.metadata.internal.IndexList@67e0d9fa
      serialVersionUID = 5464421863354792977
      $$$tc$$$ = class com.ibm.websphere.ras.TraceComponent@5cccef6a
    moduleMetaDataManager = class com.ibm.ws.container.service.metadata.internal.ModuleMetaDataManager@2e101e60
      serialVersionUID = 2513574389899327209
      $$$tc$$$ = class com.ibm.websphere.ras.TraceComponent@685c0e9d
      listeners = class com.ibm.wsspi.kernel.service.utils.ConcurrentServiceReferenceSet@57a7e253
      metaDataIDs = class com.ibm.ws.container.service.metadata.internal.IndexList@2c2bf323
      metaDatas = class java.util.ArrayList@747eccdc
      slotIDs = class com.ibm.ws.container.service.metadata.internal.IndexList@64f32f0a
      serialVersionUID = 5464421863354792977
      $$$tc$$$ = class com.ibm.websphere.ras.TraceComponent@5cccef6a
    componentMetaDataManager = class com.ibm.ws.container.service.metadata.internal.ComponentMetaDataManager@3708b0e3
      serialVersionUID = 8629793739641703882
      $$$tc$$$ = class com.ibm.websphere.ras.TraceComponent@77c277c6
      listeners = class com.ibm.wsspi.kernel.service.utils.ConcurrentServiceReferenceSet@7e2b8222
      metaDataIDs = class com.ibm.ws.container.service.metadata.internal.IndexList@6215a17
      metaDatas = class java.util.ArrayList@36fb9b2d
      slotIDs = class com.ibm.ws.container.service.metadata.internal.IndexList@1264dd39
      serialVersionUID = 5464421863354792977
      $$$tc$$$ = class com.ibm.websphere.ras.TraceComponent@5cccef6a
    methodMetaDataManager = class com.ibm.ws.container.service.metadata.internal.MethodMetaDataManager@13a1a4e2
      serialVersionUID = -8002489041502300640
      $$$tc$$$ = class com.ibm.websphere.ras.TraceComponent@3a04ccff
      listeners = class com.ibm.wsspi.kernel.service.utils.ConcurrentServiceReferenceSet@f206c91
      metaDataIDs = class com.ibm.ws.container.service.metadata.internal.IndexList@80ff9d6
      metaDatas = class java.util.ArrayList@48010a2b
      slotIDs = class com.ibm.ws.container.service.metadata.internal.IndexList@2460e9d
      serialVersionUID = 5464421863354792977
      $$$tc$$$ = class com.ibm.websphere.ras.TraceComponent@5cccef6a
    appModuleNameToModuleContainer = class java.util.concurrent.ConcurrentHashMap@66877328
      serialVersionUID = 7249069246763182397
      MAXIMUM_CAPACITY = 1073741824
      DEFAULT_CAPACITY = 16
      MAX_ARRAY_SIZE = 2147483639
      DEFAULT_CONCURRENCY_LEVEL = 16
      LOAD_FACTOR = 0.75
      TREEIFY_THRESHOLD = 8
      UNTREEIFY_THRESHOLD = 6
      MIN_TREEIFY_CAPACITY = 64
      MIN_TRANSFER_STRIDE = 16
      RESIZE_STAMP_BITS = 16
      MAX_RESIZERS = 65535
      RESIZE_STAMP_SHIFT = 16
      MOVED = -1
      TREEBIN = -2
      RESERVED = -3
      HASH_BITS = 2147483647
      NCPU = 4
      serialPersistentFields = class java.io.ObjectStreamField[3]
      table = class java.util.concurrent.ConcurrentHashMap$Node[32]
      nextTable = null
      baseCount = 6
      sizeCtl = 24
      transferIndex = 0
      cellsBusy = 0
      counterCells = null
      keySet = null
      values = null
      entrySet = null
      U = class jdk.internal.misc.Unsafe@69c4fdeb
      SIZECTL = 20
      TRANSFERINDEX = 32
      BASECOUNT = 24
      CELLSBUSY = 36
      CELLVALUE = 144
      ABASE = 16
      ASHIFT = 2
      keySet = null
      values = null
    jeeNameToComponentMetaData = class java.util.concurrent.ConcurrentHashMap@484a8286
      serialVersionUID = 7249069246763182397
      MAXIMUM_CAPACITY = 1073741824
      DEFAULT_CAPACITY = 16
      MAX_ARRAY_SIZE = 2147483639
      DEFAULT_CONCURRENCY_LEVEL = 16
      LOAD_FACTOR = 0.75
      TREEIFY_THRESHOLD = 8
      UNTREEIFY_THRESHOLD = 6
      MIN_TREEIFY_CAPACITY = 64
      MIN_TRANSFER_STRIDE = 16
      RESIZE_STAMP_BITS = 16
      MAX_RESIZERS = 65535
      RESIZE_STAMP_SHIFT = 16
      MOVED = -1
      TREEBIN = -2
      RESERVED = -3
      HASH_BITS = 2147483647
      NCPU = 4
      serialPersistentFields = class java.io.ObjectStreamField[3]
      table = class java.util.concurrent.ConcurrentHashMap$Node[64]
      nextTable = null
      baseCount = 11
      sizeCtl = 48
      transferIndex = 0
      cellsBusy = 0
      counterCells = null
      keySet = null
      values = null
      entrySet = null
      U = class jdk.internal.misc.Unsafe@69c4fdeb
      SIZECTL = 20
      TRANSFERINDEX = 32
      BASECOUNT = 24
      CELLSBUSY = 36
      CELLVALUE = 144
      ABASE = 16
      ASHIFT = 2
      keySet = null
      values = null
    deferredMetaDataFactories = class com.ibm.wsspi.kernel.service.utils.ConcurrentServiceReferenceSet@3a37acc4
      referenceName = "deferredMetaDataFactory"
      contextRef = class java.util.concurrent.atomic.AtomicReference@caefcbd
      elementMap = class java.util.LinkedHashMap@7f6fa4e0
      elementSet = class java.util.concurrent.ConcurrentSkipListSet@7d759ffd
      elementSetUnsorted = false
      serialVersionUID = 756240983881166148
      $$$tc$$$ = class com.ibm.websphere.ras.TraceComponent@3370c94a
    deferredMetaDataInitializers = class com.ibm.wsspi.kernel.service.utils.ConcurrentServiceReferenceMap@24af89d4
      referenceName = "deferredMetaDataFactory"
      context = class org.apache.felix.scr.impl.manager.ComponentContextImpl@836426
      elementMap = class java.util.concurrent.ConcurrentHashMap@7bb33b9f
      serialVersionUID = 6980924785166233786
      $$$tc$$$ = class com.ibm.websphere.ras.TraceComponent@7dc2468a
    serialVersionUID = -2494605732980966097
    $$$tc$$$ = class com.ibm.websphere.ras.TraceComponent@4910b0ad
      strings[0] = "TraceComponent[com.ibm.ws.container.service.metadata.internal.MetaDataServiceImpl,class com.ibm.ws.container.service.metadata.internal.MetaDataServiceImpl,[Runtime],,null]"
  stateChangeService = class com.ibm.ws.container.service.state.internal.StateChangeServiceImpl@6d7683c9
    applicationStateManager = class com.ibm.ws.container.service.state.internal.ApplicationStateManager@c93a172
      serialVersionUID = -6685368059484454124
      $$$tc$$$ = class com.ibm.websphere.ras.TraceComponent@42d74ae6
      listeners = class com.ibm.wsspi.kernel.service.utils.ConcurrentServiceReferenceSet@78d037f5
      serialVersionUID = 2284273176985484160
      $$$tc$$$ = class com.ibm.websphere.ras.TraceComponent@4593a35
    moduleStateManager = class com.ibm.ws.container.service.state.internal.ModuleStateManager@4092305b
      serialVersionUID = -5540260902341249963
      $$$tc$$$ = class com.ibm.websphere.ras.TraceComponent@7064d97b
      listeners = class com.ibm.wsspi.kernel.service.utils.ConcurrentServiceReferenceSet@55762fad
      serialVersionUID = 2284273176985484160
      $$$tc$$$ = class com.ibm.websphere.ras.TraceComponent@4593a35
    serialVersionUID = -537917915330350560
    $$$tc$$$ = class com.ibm.websphere.ras.TraceComponent@75df7d7d
      strings[0] = "TraceComponent[com.ibm.ws.container.service.state.internal.StateChangeServiceImpl,class com.ibm.ws.container.service.state.internal.StateChangeServiceImpl,[Runtime],,null]"
  moduleClassesInfo = class com.ibm.ws.app.manager.module.internal.SimpleDeployedAppInfoBase$ModuleClassesInfoProvider@5fee0ada
    entryContainerInfosMap = class java.util.HashMap@1ef7919a
      serialVersionUID = 362498820763181265
      DEFAULT_INITIAL_CAPACITY = 16
      MAXIMUM_CAPACITY = 1073741824
      DEFAULT_LOAD_FACTOR = 0.75
      TREEIFY_THRESHOLD = 8
      UNTREEIFY_THRESHOLD = 6
      MIN_TREEIFY_CAPACITY = 64
      table = null
      entrySet = null
      size = 0
      modCount = 0
      threshold = 0
      loadFactor = 0.75
      keySet = null
      values = null
    serialVersionUID = -70332790531324534
    $$$tc$$$ = class com.ibm.websphere.ras.TraceComponent@73ccd1f0
      strings[0] = "TraceComponent[com.ibm.ws.app.manager.module.internal.SimpleDeployedAppInfoBase$ModuleClassesInfoProvider,class com.ibm.ws.app.manager.module.internal.SimpleDeployedAppInfoBase$ModuleClassesInfoProvider,[applications, app.manager],,null]"
  moduleContainerInfos = class java.util.ArrayList@7453d172
    serialVersionUID = 8683452581122892189
    DEFAULT_CAPACITY = 10
    EMPTY_ELEMENTDATA = class java.lang.Object[0]
    DEFAULTCAPACITY_EMPTY_ELEMENTDATA = class java.lang.Object[0]
    elementData = class java.lang.Object[10]
      Object[0] = class com.ibm.ws.app.manager.module.internal.SimpleDeployedAppInfoBase$WebModuleContainerInfo@65961e12
      Object[1] = null
      Object[2] = null
      Object[3] = null
      Object[4] = null
      Object[5] = null
      Object[6] = null
      Object[7] = null
      Object[8] = null
      Object[9] = null
    size = 1
    MAX_ARRAY_SIZE = 2147483639
    modCount = 1
    MAX_ARRAY_SIZE = 2147483639
  activeModuleHandlers = class java.util.IdentityHashMap@5eb308b0
    DEFAULT_CAPACITY = 32
    MINIMUM_CAPACITY = 4
    MAXIMUM_CAPACITY = 536870912
    table = class java.lang.Object[16]
      Object[0] = null
      Object[1] = null
      Object[2] = null
      Object[3] = null
      Object[4] = null
      Object[5] = null
      Object[6] = null
      Object[7] = null
      Object[8] = null
      Object[9] = null
      Object[10] = null
      Object[11] = null
      Object[12] = null
      Object[13] = null
      Object[14] = null
      Object[15] = null
    size = 0
    modCount = 2
    NULL_KEY = class java.lang.Object@53f70f5e
    entrySet = null
    serialVersionUID = 8188218128353913216
    keySet = null
    values = null
  serialVersionUID = 7078125893012250887
  $$$tc$$$ = class com.ibm.websphere.ras.TraceComponent@78b6779f
    strings[0] = "TraceComponent[com.ibm.ws.app.manager.module.internal.SimpleDeployedAppInfoBase,class com.ibm.ws.app.manager.module.internal.SimpleDeployedAppInfoBase,[applications, app.manager],,null]"

Dump of objectArray[0]
Object type = com.ibm.ws.threading.internal.NonCancelableResultFuture
  _done = false
  _result = null
  _failure = null
  _listeners = class java.util.concurrent.ConcurrentLinkedQueue@3ae89586
    serialVersionUID = 196745693267521676
    head = class java.util.concurrent.ConcurrentLinkedQueue$Node@5e89d894
      item = null
      next = null
    tail = class java.util.concurrent.ConcurrentLinkedQueue$Node@5e89d894
    MAX_HOPS = 8
    HEAD = class java.lang.invoke.VarHandleReferences$FieldInstanceReadWrite@589e0e89
      FORM = class java.lang.invoke.VarForm@2a1bc84b
      fieldOffset = 12
      receiverType = class java.lang.Class@22a71081
      fieldType = class java.lang.Class@3930015a
      FORM = class java.lang.invoke.VarForm@2ec23e69
      vform = class java.lang.invoke.VarForm@2a1bc84b
      typesAndInvokers = null
      AIOOBE_SUPPLIER = class jdk.internal.util.Preconditions$1@f32416f
      VFORM_OFFSET = 12
      $assertionsDisabled = true
    TAIL = class java.lang.invoke.VarHandleReferences$FieldInstanceReadWrite@588878d0
      FORM = class java.lang.invoke.VarForm@2a1bc84b
      fieldOffset = 16
      receiverType = class java.lang.Class@22a71081
      fieldType = class java.lang.Class@3930015a
      FORM = class java.lang.invoke.VarForm@2ec23e69
      vform = class java.lang.invoke.VarForm@2a1bc84b
      typesAndInvokers = null
      AIOOBE_SUPPLIER = class jdk.internal.util.Preconditions$1@f32416f
      VFORM_OFFSET = 12
      $assertionsDisabled = true
    ITEM = class java.lang.invoke.VarHandleReferences$FieldInstanceReadWrite@7f27891b
      FORM = class java.lang.invoke.VarForm@2a1bc84b
      fieldOffset = 12
      receiverType = class java.lang.Class@3930015a
      fieldType = class java.lang.Class@4e25154f
      FORM = class java.lang.invoke.VarForm@2ec23e69
      vform = class java.lang.invoke.VarForm@2a1bc84b
      typesAndInvokers = null
      AIOOBE_SUPPLIER = class jdk.internal.util.Preconditions$1@f32416f
      VFORM_OFFSET = 12
      $assertionsDisabled = true
    NEXT = class java.lang.invoke.VarHandleReferences$FieldInstanceReadWrite@7525fb4a
      FORM = class java.lang.invoke.VarForm@2a1bc84b
      fieldOffset = 16
      receiverType = class java.lang.Class@3930015a
      fieldType = class java.lang.Class@3930015a
      FORM = class java.lang.invoke.VarForm@2ec23e69
      vform = class java.lang.invoke.VarForm@2a1bc84b
      typesAndInvokers = null
      AIOOBE_SUPPLIER = class jdk.internal.util.Preconditions$1@f32416f
      VFORM_OFFSET = 12
      $assertionsDisabled = true
    MAX_ARRAY_SIZE = 2147483639
  _notifiedListeners = class java.util.concurrent.atomic.AtomicBoolean@4eab43c8
    serialVersionUID = 4654671469794556979
    VALUE = class java.lang.invoke.VarHandleInts$FieldInstanceReadWrite@2530d6a6
      FORM = class java.lang.invoke.VarForm@1c5c0998
      fieldOffset = 12
      receiverType = class java.lang.Class@1d371b2d
      FORM = class java.lang.invoke.VarForm@690bb1df
      vform = class java.lang.invoke.VarForm@1c5c0998
      typesAndInvokers = null
      AIOOBE_SUPPLIER = class jdk.internal.util.Preconditions$1@f32416f
      VFORM_OFFSET = 12
      $assertionsDisabled = true
    value = 0
  serialVersionUID = -296387658814354272
  $$$tc$$$ = class com.ibm.websphere.ras.TraceComponent@4d12d8fc
    strings[0] = "TraceComponent[com.ibm.ws.threading.internal.NonCancelableResultFuture,class com.ibm.ws.threading.internal.NonCancelableResultFuture,[Threading],com.ibm.ws.threading.internal.resources.ThreadingMessages,null]"

