------Start of DE processing------ = [31/05/19 01:03:34:667 PET]
Exception = org.jboss.weld.exceptions.DeploymentException
Source = com.ibm.ws.container.service.state.internal.ApplicationStateManager
probeid = 31
Stack Dump = org.jboss.weld.exceptions.DeploymentException: WELD-000072: Bean declaring a passivating scope must be passivation capable.  Bean:  Managed Bean [class project.admin.organization.OrganizationListView] with qualifiers [@Default @Any @Named]
	at org.jboss.weld.bean.ManagedBean.checkType(ManagedBean.java:216)
	at org.jboss.weld.bean.AbstractBean.initializeAfterBeanDiscovery(AbstractBean.java:108)
	at org.jboss.weld.bean.ManagedBean.initializeAfterBeanDiscovery(ManagedBean.java:122)
	at org.jboss.weld.bootstrap.ConcurrentBeanDeployer$AfterBeanDiscoveryInitializerFactory.doWork(ConcurrentBeanDeployer.java:111)
	at org.jboss.weld.bootstrap.ConcurrentBeanDeployer$AfterBeanDiscoveryInitializerFactory.doWork(ConcurrentBeanDeployer.java:102)
	at org.jboss.weld.executor.IterativeWorkerTaskFactory$1.call(IterativeWorkerTaskFactory.java:62)
	at org.jboss.weld.executor.IterativeWorkerTaskFactory$1.call(IterativeWorkerTaskFactory.java:55)
	at com.ibm.ws.threading.internal.PolicyTaskFutureImpl.run(PolicyTaskFutureImpl.java:724)
	at com.ibm.ws.threading.internal.PolicyExecutorImpl.runTask(PolicyExecutorImpl.java:1134)
	at com.ibm.ws.threading.internal.PolicyExecutorImpl.invokeAll(PolicyExecutorImpl.java:683)
	at com.ibm.ws.concurrent.internal.ManagedExecutorServiceImpl.invokeAll(ManagedExecutorServiceImpl.java:413)
	at org.jboss.weld.executor.AbstractExecutorServices.invokeAllAndCheckForExceptions(AbstractExecutorServices.java:59)
	at org.jboss.weld.executor.AbstractExecutorServices.invokeAllAndCheckForExceptions(AbstractExecutorServices.java:67)
	at org.jboss.weld.bootstrap.ConcurrentBeanDeployer.doAfterBeanDiscovery(ConcurrentBeanDeployer.java:88)
	at org.jboss.weld.bootstrap.BeanDeployment.afterBeanDiscovery(BeanDeployment.java:268)
	at org.jboss.weld.bootstrap.WeldStartup.deployBeans(WeldStartup.java:482)
	at org.jboss.weld.bootstrap.WeldBootstrap.deployBeans(WeldBootstrap.java:86)
	at com.ibm.ws.cdi.impl.CDIContainerImpl.startInitialization(CDIContainerImpl.java:151)
	at com.ibm.ws.cdi.liberty.CDIRuntimeImpl.applicationStarting(CDIRuntimeImpl.java:438)
	at com.ibm.ws.container.service.state.internal.ApplicationStateManager.fireStarting(ApplicationStateManager.java:28)
	at com.ibm.ws.container.service.state.internal.StateChangeServiceImpl.fireApplicationStarting(StateChangeServiceImpl.java:50)
	at com.ibm.ws.app.manager.module.internal.DeployedAppInfoBase.preDeployApp(DeployedAppInfoBase.java:384)
	at com.ibm.ws.app.manager.module.internal.DeployedAppInfoBase.deployApp(DeployedAppInfoBase.java:413)
	at com.ibm.ws.app.manager.war.internal.WARApplicationHandlerImpl.install(WARApplicationHandlerImpl.java:65)
	at com.ibm.ws.app.manager.internal.statemachine.StartAction.execute(StartAction.java:140)
	at com.ibm.ws.app.manager.internal.statemachine.ApplicationStateMachineImpl.enterState(ApplicationStateMachineImpl.java:1261)
	at com.ibm.ws.app.manager.internal.statemachine.ApplicationStateMachineImpl.performAction(ApplicationStateMachineImpl.java:1129)
	at com.ibm.ws.app.manager.internal.statemachine.ApplicationStateMachineImpl.run(ApplicationStateMachineImpl.java:884)
	at com.ibm.ws.threading.internal.ExecutorServiceImpl$RunnableWrapper.run(ExecutorServiceImpl.java:239)
	at java.base/java.util.concurrent.ThreadPoolExecutor.runWorker(ThreadPoolExecutor.java:1128)
	at java.base/java.util.concurrent.ThreadPoolExecutor$Worker.run(ThreadPoolExecutor.java:628)
	at java.base/java.lang.Thread.run(Thread.java:835)

Dump of callerThis
Object type = com.ibm.ws.container.service.state.internal.ApplicationStateManager
  serialVersionUID = -6685368059484454124
  $$$tc$$$ = class com.ibm.websphere.ras.TraceComponent@20a16af0
    strings[0] = "TraceComponent[com.ibm.ws.container.service.state.internal.ApplicationStateManager,class com.ibm.ws.container.service.state.internal.ApplicationStateManager,[Runtime],,null]"
  listeners = class com.ibm.wsspi.kernel.service.utils.ConcurrentServiceReferenceSet@6269a750
    referenceName = "applicationStateListeners"
    contextRef = class java.util.concurrent.atomic.AtomicReference@5409669d
      serialVersionUID = -1848883965231344442
      VALUE = class java.lang.invoke.VarHandleReferences$FieldInstanceReadWrite@76562246
      value = class org.apache.felix.scr.impl.manager.ComponentContextImpl@4a06900e
    elementMap = class java.util.LinkedHashMap@15e1a36c
      serialVersionUID = 3801124242820219131
      head = class java.util.LinkedHashMap$Entry@4d461956
      tail = class java.util.LinkedHashMap$Entry@7f4874e0
      accessOrder = false
      serialVersionUID = 362498820763181265
      DEFAULT_INITIAL_CAPACITY = 16
      MAXIMUM_CAPACITY = 1073741824
      DEFAULT_LOAD_FACTOR = 0.75
      TREEIFY_THRESHOLD = 8
      UNTREEIFY_THRESHOLD = 6
      MIN_TREEIFY_CAPACITY = 64
      table = class java.util.HashMap$Node[32]
      entrySet = null
      size = 13
      modCount = 13
      threshold = 24
      loadFactor = 0.75
      keySet = null
      values = null
    elementSet = class java.util.concurrent.ConcurrentSkipListSet@65fae8c6
      serialVersionUID = -2479143111061671589
      m = class java.util.concurrent.ConcurrentSkipListMap@55243a5d
      MAX_ARRAY_SIZE = 2147483639
    elementSetUnsorted = false
    serialVersionUID = 756240983881166148
    $$$tc$$$ = class com.ibm.websphere.ras.TraceComponent@4de39b83
      strings[0] = "TraceComponent[com.ibm.wsspi.kernel.service.utils.ConcurrentServiceReferenceSet,class com.ibm.wsspi.kernel.service.utils.ConcurrentServiceReferenceSet,[kernelUtils],com.ibm.ws.kernel.service.utils.resources.ServiceMessages,null]"
  serialVersionUID = 2284273176985484160
  $$$tc$$$ = class com.ibm.websphere.ras.TraceComponent@11ed674e
    strings[0] = "TraceComponent[com.ibm.ws.container.service.state.internal.StateChangeManager,class com.ibm.ws.container.service.state.internal.StateChangeManager,[Runtime],,null]"

Dump of objectArray[0]
Object type = com.ibm.ws.container.service.app.deploy.internal.ApplicationInfoImpl
  appName = "project_duplicate"
  appMetaData = class com.ibm.ws.container.service.app.deploy.internal.ApplicationMetaDataImpl@7af6c34b
    j2eeName = class com.ibm.ws.container.service.metadata.internal.J2EENameImpl@11708fd0
      serialVersionUID = 7488184044073147667
      application = "project_duplicate"
      module = null
      component = null
      string = "project_duplicate"
      j2eeNameBytes = null
      $$$tc$$$ = class com.ibm.websphere.ras.TraceComponent@177b6999
    serialVersionUID = -7906531148367236579
    $$$tc$$$ = class com.ibm.websphere.ras.TraceComponent@351b25fd
      strings[0] = "TraceComponent[com.ibm.ws.container.service.app.deploy.internal.ApplicationMetaDataImpl,class com.ibm.ws.container.service.app.deploy.internal.ApplicationMetaDataImpl,[container.service],com.ibm.ws.container.service.resources.Messages,null]"
    tc = class com.ibm.websphere.ras.TraceComponent@169e2c44
      strings[0] = "TraceComponent[com.ibm.ws.runtime.metadata.MetaDataImpl,class com.ibm.ws.runtime.metadata.MetaDataImpl,[Runtime],null,null]"
    NUM_STATIC_SLOTS = 4
    ID_UNINITIALIZED = -1
    id = 1
    metaDataInterface = class java.lang.Class@1cb8598c
      ANNOTATION = 8192
      ENUM = 16384
      SYNTHETIC = 4096
      cachedConstructor = null
      name = "com.ibm.ws.runtime.metadata.ApplicationMetaData"
      module = class java.lang.Module@7dc11ed1
      packageName = "com.ibm.ws.runtime.metadata"
      componentType = {} /* array length = 0 */
      allPermDomain = class java.security.ProtectionDomain@39d8da1e
      reflectionData = null
      classRedefinedCount = 0
      genericInfo = null
      EMPTY_CLASS_ARRAY = class java.lang.Class[0]
      serialVersionUID = 3206093459760846163
      serialPersistentFields = class java.io.ObjectStreamField[0]
      reflectionFactory = class jdk.internal.reflect.ReflectionFactory@633c3030
      enumConstants = null
      enumConstantDirectory = null
      annotationData = null
      annotationType = null
      classValueMap = null
    staticSlots = class java.lang.Object[4]
      Object[0] = null
      Object[1] = class com.ibm.ws.injectionengine.osgi.internal.OSGiInjectionScopeData@6875ea3a
      Object[2] = null
      Object[3] = null
    dynamicSlots = class java.lang.Object[4]
      Object[0] = class com.ibm.ws.ejbcontainer.osgi.internal.metadata.OSGiEJBApplicationMetaData@37026776
      Object[1] = class com.ibm.ws.cdi.impl.weld.WebSphereCDIDeploymentImpl@1a0fd8bd
      Object[2] = "project_duplicate"
      Object[3] = null
  appContainer = class com.ibm.ws.adaptable.module.internal.AdaptableContainerImpl@3f94c592
    root = class com.ibm.ws.adaptable.module.internal.AdaptableContainerImpl@3f94c592
    rootOverlay = class com.ibm.ws.artifact.overlay.internal.DirectoryBasedOverlayContainerImpl@4fb127c4
      base = class com.ibm.ws.artifact.loose.internal.LooseArchive@2bf80bfc
      maskSet = class java.util.HashSet@76049f64
      cfHolder = class com.ibm.ws.artifact.overlay.internal.OverlayContainerFactoryImpl@2ecfe4ba
      fileOverlayContainer = class com.ibm.ws.artifact.file.internal.FileContainer@68312a47
      overlayDirectory = class java.io.File@390ae9cf
      cacheDirForOverlay = class java.io.File@52c6a2f9
      overlayNotifier = class com.ibm.ws.artifact.overlay.internal.DirectoryBasedOverlayNotifier@31d835b9
      enclosingContainer = null
      entryInEnclosingContainer = null
      nestedOverlays = class java.util.concurrent.ConcurrentHashMap@ebe87a
      cacheStore = class com.ibm.ws.artifact.overlay.internal.OverlayCache@61e98932
      parentOverlay = null
      isPassThroughMode = true
      serialVersionUID = -1690795617118238166
      $$$tc$$$ = class com.ibm.websphere.ras.TraceComponent@3b202541
    factoryHolder = class com.ibm.ws.adaptable.module.internal.AdaptableModuleFactoryImpl@31149e2
      adapterFactoryService = class com.ibm.ws.adaptable.module.internal.AdapterFactoryServiceImpl@5ae89863
      containerFactory = class com.ibm.ws.artifact.internal.ArtifactContainerFactoryService@242c865b
      overlayContainerFactory = class com.ibm.ws.artifact.overlay.internal.OverlayContainerFactoryImpl@2ecfe4ba
      serialVersionUID = 4200251809856292987
      $$$tc$$$ = class com.ibm.websphere.ras.TraceComponent@1ca3b427
    delegate = class com.ibm.ws.artifact.overlay.internal.DirectoryBasedOverlayContainerImpl@4fb127c4
    notifier = class com.ibm.ws.adaptable.module.internal.NotifierImpl@180e4f2d
      root = class com.ibm.ws.adaptable.module.internal.AdaptableContainerImpl@3f94c592
      delegateNotifier = class com.ibm.ws.artifact.overlay.internal.DirectoryBasedOverlayNotifier@31d835b9
      delegateRoot = class com.ibm.ws.artifact.overlay.internal.DirectoryBasedOverlayContainerImpl@4fb127c4
      listenerDelegates = class java.util.HashMap@10c85721
      serialVersionUID = 6839382523957017880
      $$$tc$$$ = class com.ibm.websphere.ras.TraceComponent@34b2941
    serialVersionUID = -5621513278641113667
    $$$tc$$$ = class com.ibm.websphere.ras.TraceComponent@49fe651c
      strings[0] = "TraceComponent[com.ibm.ws.adaptable.module.internal.AdaptableContainerImpl,class com.ibm.ws.adaptable.module.internal.AdaptableContainerImpl,[archive.adaptable],,null]"
  configHelper = class com.ibm.ws.app.manager.module.ApplicationNestedConfigHelper@30d56a3f
    appInfo = class com.ibm.ws.app.manager.internal.ApplicationInstallInfo@3da365f5
    serialVersionUID = -3174031738676705046
    $$$tc$$$ = class com.ibm.websphere.ras.TraceComponent@7c21692d
      strings[0] = "TraceComponent[com.ibm.ws.app.manager.module.ApplicationNestedConfigHelper,class com.ibm.ws.app.manager.module.ApplicationNestedConfigHelper,[applications, app.manager],,null]"
  applicationInformation = class com.ibm.ws.app.manager.internal.ApplicationInstallInfo@3da365f5
    _config = class com.ibm.ws.app.manager.internal.ApplicationConfig@3e240d14
      tc = class com.ibm.websphere.ras.TraceComponent@2c5d54a0
      _configPid = "com.ibm.ws.app.manager_85"
      _config = class com.ibm.ws.config.admin.ConfigurationDictionary@33519c34
      _applicationManager = class com.ibm.ws.app.manager.ApplicationManager@61f2a420
      _location = "project_duplicate.war"
      _type = "war"
      _name = "project_duplicate"
      _notificationBroadcasterSupport = class javax.management.NotificationBroadcasterSupport@6b07057
      ONE_TIME_JANDEX_MSGS_DISPLAYED = true
    _handlerInfo = class java.util.concurrent.atomic.AtomicReference@78ed9213
      serialVersionUID = -1848883965231344442
      VALUE = class java.lang.invoke.VarHandleReferences$FieldInstanceReadWrite@76562246
      value = class com.ibm.ws.app.manager.war.internal.WARDeployedAppInfo@fc34051
    _container = class java.util.concurrent.atomic.AtomicReference@71ba8ab5
      serialVersionUID = -1848883965231344442
      VALUE = class java.lang.invoke.VarHandleReferences$FieldInstanceReadWrite@76562246
      value = class com.ibm.ws.adaptable.module.internal.AdaptableContainerImpl@3f94c592
    _resolvedLocation = class java.util.concurrent.atomic.AtomicReference@1ba7c488
      serialVersionUID = -1848883965231344442
      VALUE = class java.lang.invoke.VarHandleReferences$FieldInstanceReadWrite@76562246
      value = class com.ibm.ws.kernel.service.location.internal.LocalFileResource@43d41c0a
    _handler = class com.ibm.ws.app.manager.war.internal.WARApplicationHandlerImpl@5753645
      futureMonitor = class com.ibm.ws.threading.internal.FutureMonitorImpl@ca08268
      deployedAppFactory = class com.ibm.ws.app.manager.war.internal.WARDeployedAppInfoFactoryImpl@656718c7
      serialVersionUID = 4622845147410944782
      $$$tc$$$ = class com.ibm.websphere.ras.TraceComponent@2258ec91
    _ami = class java.util.concurrent.atomic.AtomicReference@119c41f2
      serialVersionUID = -1848883965231344442
      VALUE = class java.lang.invoke.VarHandleReferences$FieldInstanceReadWrite@76562246
      value = class com.ibm.wsspi.application.handler.DefaultApplicationMonitoringInformation@14cdd34
    _updateHandler = class com.ibm.ws.app.manager.internal.statemachine.ApplicationStateMachineImpl@34569e56
      _tc = class com.ibm.websphere.ras.TraceComponent@5f6e2b72
      EMPTY_FUTURE_ARRAY = interface java.util.concurrent.Future[0]
      asmSequenceNumber = class java.util.concurrent.atomic.AtomicLong@4e5f9282
      _qscaCounter = class java.util.concurrent.atomic.AtomicInteger@5bc48a96
      _failedThrowable = null
      _interruptibleLock = class com.ibm.ws.app.manager.internal.statemachine.ApplicationStateMachineImpl$2@3c1d4337
      _interruptible = false
      _performingQueuedActions = true
      _queuedActions = class java.util.concurrent.ConcurrentLinkedQueue@2af99fb8
      _callbackState = class java.util.concurrent.atomic.AtomicReference@1800d3e7
      blockAppStartingFutures = class java.util.Collections$SetFromMap@67ef7a4b
      waitingForAppHandlerFuture = class java.util.concurrent.atomic.AtomicReference@313d897a
      waitingForExplicitStartFuture = class java.util.concurrent.atomic.AtomicReference@57dfc4ba
      completionListener = class java.util.concurrent.atomic.AtomicReference@495eba4d
      _notifyAppStopped = class java.util.concurrent.ConcurrentLinkedQueue@557fac0f
      _notifyAppStarting = class java.util.concurrent.ConcurrentLinkedQueue@8548983
      _notifyAppInstallCalled = class java.util.concurrent.ConcurrentLinkedQueue@21076627
      _notifyAppStarted = class java.util.concurrent.ConcurrentLinkedQueue@1d372c98
      _notifyAppRemoved = class java.util.concurrent.ConcurrentLinkedQueue@3580e4e5
      _stateLock = class com.ibm.ws.app.manager.internal.statemachine.ApplicationStateMachineImpl$3@19347b47
      _internalState = class java.util.concurrent.atomic.AtomicReference@3981018
      _currentAction = class java.util.concurrent.atomic.AtomicReference@276fbf1f
      _rfa = class java.util.concurrent.atomic.AtomicReference@157ad0db
      _appInstallInfo = class java.util.concurrent.atomic.AtomicReference@2f2e6f70
      _update = class java.util.concurrent.atomic.AtomicBoolean@6c75a25d
      _appConfig = class java.util.concurrent.atomic.AtomicReference@36b87f8b
      _nextAppConfig = class java.util.concurrent.atomic.AtomicReference@75078d8f
      _appContainer = class java.util.concurrent.atomic.AtomicReference@290e39b0
      _resolvedLocation = class java.util.concurrent.atomic.AtomicReference@68a81186
      _handler = class java.util.concurrent.atomic.AtomicReference@1d196f3f
      _asmSeqNo = 1
      _ctx = class org.eclipse.osgi.internal.framework.BundleContextImpl@4f759d0f
      _locAdmin = class com.ibm.ws.kernel.service.location.internal.WsLocationAdminImpl@543bf2e6
      _futureMonitor = class com.ibm.ws.threading.internal.FutureMonitorImpl@ca08268
      _artifactFactory = class com.ibm.ws.artifact.internal.ArtifactContainerFactoryService@242c865b
      _moduleFactory = class com.ibm.ws.adaptable.module.internal.AdaptableModuleFactoryImpl@31149e2
      _executorService = class com.ibm.ws.threading.internal.ExecutorServiceImpl@245a3bba
      _scheduledExecutorService = class com.ibm.ws.threading.internal.ScheduledExecutorImpl@5cf77391
      _asmHelper = class com.ibm.ws.app.manager.internal.ApplicationConfigurator$NamedApplication@729a6576
      _appMonitor = class com.ibm.ws.app.manager.internal.monitor.ApplicationMonitor@79bd0501
      enterStateCalled = class java.util.concurrent.atomic.AtomicBoolean@71066b9c
      serialVersionUID = 6511956370079301927
      serialVersionUID = 5501066335104962649
      $$$tc$$$ = class com.ibm.websphere.ras.TraceComponent@2828398d
    serialVersionUID = 2630639237123415755
    $$$tc$$$ = class com.ibm.websphere.ras.TraceComponent@2054935
      strings[0] = "TraceComponent[com.ibm.ws.app.manager.internal.ApplicationInstallInfo,class com.ibm.ws.app.manager.internal.ApplicationInstallInfo,[applications, app.manager],com.ibm.ws.app.manager.internal.resources.AppManagerMessages,null]"
  serialVersionUID = -505303337196743781
  $$$tc$$$ = class com.ibm.websphere.ras.TraceComponent@4af6b735
    strings[0] = "TraceComponent[com.ibm.ws.container.service.app.deploy.internal.ApplicationInfoImpl,class com.ibm.ws.container.service.app.deploy.internal.ApplicationInfoImpl,[container.service],com.ibm.ws.container.service.resources.Messages,null]"

