------Start of DE processing------ = [11/05/19 19:32:44:584 PET]
Exception = org.jboss.weld.exceptions.DeploymentException
Source = com.ibm.ws.container.service.state.internal.ApplicationStateManager
probeid = 31
Stack Dump = org.jboss.weld.exceptions.DeploymentException: WELD-000072: Bean declaring a passivating scope must be passivation capable.  Bean:  Managed Bean [class view.persona.PersonaList] with qualifiers [@Default @Any @Named]
	at org.jboss.weld.bean.ManagedBean.checkType(ManagedBean.java:216)
	at org.jboss.weld.bean.AbstractBean.initializeAfterBeanDiscovery(AbstractBean.java:108)
	at org.jboss.weld.bean.ManagedBean.initializeAfterBeanDiscovery(ManagedBean.java:122)
	at org.jboss.weld.bootstrap.ConcurrentBeanDeployer$AfterBeanDiscoveryInitializerFactory.doWork(ConcurrentBeanDeployer.java:111)
	at org.jboss.weld.bootstrap.ConcurrentBeanDeployer$AfterBeanDiscoveryInitializerFactory.doWork(ConcurrentBeanDeployer.java:102)
	at org.jboss.weld.executor.IterativeWorkerTaskFactory$1.call(IterativeWorkerTaskFactory.java:62)
	at org.jboss.weld.executor.IterativeWorkerTaskFactory$1.call(IterativeWorkerTaskFactory.java:55)
	at com.ibm.ws.threading.internal.PolicyTaskFutureImpl.run(PolicyTaskFutureImpl.java:724)
	at com.ibm.ws.threading.internal.PolicyExecutorImpl.runTask(PolicyExecutorImpl.java:1134)
	at com.ibm.ws.threading.internal.PolicyExecutorImpl.invokeAll(PolicyExecutorImpl.java:683)
	at com.ibm.ws.concurrent.internal.ManagedExecutorServiceImpl.invokeAll(ManagedExecutorServiceImpl.java:413)
	at org.jboss.weld.executor.AbstractExecutorServices.invokeAllAndCheckForExceptions(AbstractExecutorServices.java:59)
	at org.jboss.weld.executor.AbstractExecutorServices.invokeAllAndCheckForExceptions(AbstractExecutorServices.java:67)
	at org.jboss.weld.bootstrap.ConcurrentBeanDeployer.doAfterBeanDiscovery(ConcurrentBeanDeployer.java:88)
	at org.jboss.weld.bootstrap.BeanDeployment.afterBeanDiscovery(BeanDeployment.java:268)
	at org.jboss.weld.bootstrap.WeldStartup.deployBeans(WeldStartup.java:482)
	at org.jboss.weld.bootstrap.WeldBootstrap.deployBeans(WeldBootstrap.java:86)
	at com.ibm.ws.cdi.impl.CDIContainerImpl.startInitialization(CDIContainerImpl.java:151)
	at com.ibm.ws.cdi.liberty.CDIRuntimeImpl.applicationStarting(CDIRuntimeImpl.java:438)
	at com.ibm.ws.container.service.state.internal.ApplicationStateManager.fireStarting(ApplicationStateManager.java:28)
	at com.ibm.ws.container.service.state.internal.StateChangeServiceImpl.fireApplicationStarting(StateChangeServiceImpl.java:50)
	at com.ibm.ws.app.manager.module.internal.DeployedAppInfoBase.preDeployApp(DeployedAppInfoBase.java:384)
	at com.ibm.ws.app.manager.module.internal.DeployedAppInfoBase.deployApp(DeployedAppInfoBase.java:413)
	at com.ibm.ws.app.manager.war.internal.WARApplicationHandlerImpl.install(WARApplicationHandlerImpl.java:65)
	at com.ibm.ws.app.manager.internal.statemachine.StartAction.execute(StartAction.java:140)
	at com.ibm.ws.app.manager.internal.statemachine.ApplicationStateMachineImpl.enterState(ApplicationStateMachineImpl.java:1261)
	at com.ibm.ws.app.manager.internal.statemachine.ApplicationStateMachineImpl.performAction(ApplicationStateMachineImpl.java:1141)
	at com.ibm.ws.app.manager.internal.statemachine.ApplicationStateMachineImpl.run(ApplicationStateMachineImpl.java:884)
	at com.ibm.ws.threading.internal.ExecutorServiceImpl$RunnableWrapper.run(ExecutorServiceImpl.java:239)
	at java.base/java.util.concurrent.ThreadPoolExecutor.runWorker(ThreadPoolExecutor.java:1128)
	at java.base/java.util.concurrent.ThreadPoolExecutor$Worker.run(ThreadPoolExecutor.java:628)
	at java.base/java.lang.Thread.run(Thread.java:835)

Dump of callerThis
Object type = com.ibm.ws.container.service.state.internal.ApplicationStateManager
  serialVersionUID = -6685368059484454124
  $$$tc$$$ = class com.ibm.websphere.ras.TraceComponent@58356c0b
    strings[0] = "TraceComponent[com.ibm.ws.container.service.state.internal.ApplicationStateManager,class com.ibm.ws.container.service.state.internal.ApplicationStateManager,[Runtime],,null]"
  listeners = class com.ibm.wsspi.kernel.service.utils.ConcurrentServiceReferenceSet@7395dd88
    referenceName = "applicationStateListeners"
    contextRef = class java.util.concurrent.atomic.AtomicReference@5cc4e2a3
      serialVersionUID = -1848883965231344442
      VALUE = class java.lang.invoke.VarHandleReferences$FieldInstanceReadWrite@61a53af3
      value = class org.apache.felix.scr.impl.manager.ComponentContextImpl@72066911
    elementMap = class java.util.LinkedHashMap@7d9267cd
      serialVersionUID = 3801124242820219131
      head = class java.util.LinkedHashMap$Entry@4957840a
      tail = class java.util.LinkedHashMap$Entry@1ed4d71
      accessOrder = false
      serialVersionUID = 362498820763181265
      DEFAULT_INITIAL_CAPACITY = 16
      MAXIMUM_CAPACITY = 1073741824
      DEFAULT_LOAD_FACTOR = 0.75
      TREEIFY_THRESHOLD = 8
      UNTREEIFY_THRESHOLD = 6
      MIN_TREEIFY_CAPACITY = 64
      table = class java.util.HashMap$Node[32]
      entrySet = null
      size = 13
      modCount = 15
      threshold = 24
      loadFactor = 0.75
      keySet = null
      values = null
    elementSet = class java.util.concurrent.ConcurrentSkipListSet@28164b60
      serialVersionUID = -2479143111061671589
      m = class java.util.concurrent.ConcurrentSkipListMap@e989f98
      MAX_ARRAY_SIZE = 2147483639
    elementSetUnsorted = false
    serialVersionUID = 756240983881166148
    $$$tc$$$ = class com.ibm.websphere.ras.TraceComponent@4f7df13d
      strings[0] = "TraceComponent[com.ibm.wsspi.kernel.service.utils.ConcurrentServiceReferenceSet,class com.ibm.wsspi.kernel.service.utils.ConcurrentServiceReferenceSet,[kernelUtils],com.ibm.ws.kernel.service.utils.resources.ServiceMessages,null]"
  serialVersionUID = 2284273176985484160
  $$$tc$$$ = class com.ibm.websphere.ras.TraceComponent@6976fb1e
    strings[0] = "TraceComponent[com.ibm.ws.container.service.state.internal.StateChangeManager,class com.ibm.ws.container.service.state.internal.StateChangeManager,[Runtime],,null]"

Dump of objectArray[0]
Object type = com.ibm.ws.container.service.app.deploy.internal.ApplicationInfoImpl
  appName = "Pruebas"
  appMetaData = class com.ibm.ws.container.service.app.deploy.internal.ApplicationMetaDataImpl@2c502885
    j2eeName = class com.ibm.ws.container.service.metadata.internal.J2EENameImpl@605d5398
      serialVersionUID = 7488184044073147667
      application = "Pruebas"
      module = null
      component = null
      string = "Pruebas"
      j2eeNameBytes = null
      $$$tc$$$ = class com.ibm.websphere.ras.TraceComponent@15a79dfb
    serialVersionUID = -7906531148367236579
    $$$tc$$$ = class com.ibm.websphere.ras.TraceComponent@2b4cea5f
      strings[0] = "TraceComponent[com.ibm.ws.container.service.app.deploy.internal.ApplicationMetaDataImpl,class com.ibm.ws.container.service.app.deploy.internal.ApplicationMetaDataImpl,[container.service],com.ibm.ws.container.service.resources.Messages,null]"
    tc = class com.ibm.websphere.ras.TraceComponent@19fdaf7b
      strings[0] = "TraceComponent[com.ibm.ws.runtime.metadata.MetaDataImpl,class com.ibm.ws.runtime.metadata.MetaDataImpl,[Runtime],null,null]"
    NUM_STATIC_SLOTS = 4
    ID_UNINITIALIZED = -1
    id = 0
    metaDataInterface = class java.lang.Class@779319b8
      ANNOTATION = 8192
      ENUM = 16384
      SYNTHETIC = 4096
      cachedConstructor = null
      name = "com.ibm.ws.runtime.metadata.ApplicationMetaData"
      module = class java.lang.Module@168bdd4f
      packageName = "com.ibm.ws.runtime.metadata"
      componentType = {} /* array length = 0 */
      allPermDomain = class java.security.ProtectionDomain@535b236a
      reflectionData = null
      classRedefinedCount = 0
      genericInfo = null
      EMPTY_CLASS_ARRAY = class java.lang.Class[0]
      serialVersionUID = 3206093459760846163
      serialPersistentFields = class java.io.ObjectStreamField[0]
      reflectionFactory = class jdk.internal.reflect.ReflectionFactory@41d968b1
      enumConstants = null
      enumConstantDirectory = null
      annotationData = null
      annotationType = null
      classValueMap = null
    staticSlots = class java.lang.Object[4]
      Object[0] = null
      Object[1] = class com.ibm.ws.injectionengine.osgi.internal.OSGiInjectionScopeData@8d56d20
      Object[2] = null
      Object[3] = null
    dynamicSlots = class java.lang.Object[4]
      Object[0] = null
      Object[1] = class com.ibm.ws.cdi.impl.weld.WebSphereCDIDeploymentImpl@147bd40
      Object[2] = "Pruebas"
      Object[3] = null
  appContainer = class com.ibm.ws.adaptable.module.internal.AdaptableContainerImpl@51a699e1
    root = class com.ibm.ws.adaptable.module.internal.AdaptableContainerImpl@51a699e1
    rootOverlay = class com.ibm.ws.artifact.overlay.internal.DirectoryBasedOverlayContainerImpl@24afb57f
      base = class com.ibm.ws.artifact.loose.internal.LooseArchive@1b22609c
      maskSet = class java.util.HashSet@3c628bd3
      cfHolder = class com.ibm.ws.artifact.overlay.internal.OverlayContainerFactoryImpl@415f5132
      fileOverlayContainer = class com.ibm.ws.artifact.file.internal.FileContainer@61f06ef
      overlayDirectory = class java.io.File@795ad2ce
      cacheDirForOverlay = class java.io.File@71f46bf9
      overlayNotifier = class com.ibm.ws.artifact.overlay.internal.DirectoryBasedOverlayNotifier@521ebf34
      enclosingContainer = null
      entryInEnclosingContainer = null
      nestedOverlays = class java.util.concurrent.ConcurrentHashMap@59e04a07
      cacheStore = class com.ibm.ws.artifact.overlay.internal.OverlayCache@273617aa
      parentOverlay = null
      isPassThroughMode = true
      serialVersionUID = -1690795617118238166
      $$$tc$$$ = class com.ibm.websphere.ras.TraceComponent@589eee27
    factoryHolder = class com.ibm.ws.adaptable.module.internal.AdaptableModuleFactoryImpl@1cf2a51c
      adapterFactoryService = class com.ibm.ws.adaptable.module.internal.AdapterFactoryServiceImpl@4b49340a
      containerFactory = class com.ibm.ws.artifact.internal.ArtifactContainerFactoryService@3c5e0149
      overlayContainerFactory = class com.ibm.ws.artifact.overlay.internal.OverlayContainerFactoryImpl@415f5132
      serialVersionUID = 4200251809856292987
      $$$tc$$$ = class com.ibm.websphere.ras.TraceComponent@4adc7f22
    delegate = class com.ibm.ws.artifact.overlay.internal.DirectoryBasedOverlayContainerImpl@24afb57f
    notifier = class com.ibm.ws.adaptable.module.internal.NotifierImpl@2e64e3e1
      root = class com.ibm.ws.adaptable.module.internal.AdaptableContainerImpl@51a699e1
      delegateNotifier = class com.ibm.ws.artifact.overlay.internal.DirectoryBasedOverlayNotifier@521ebf34
      delegateRoot = class com.ibm.ws.artifact.overlay.internal.DirectoryBasedOverlayContainerImpl@24afb57f
      listenerDelegates = class java.util.HashMap@5b6c257d
      serialVersionUID = 6839382523957017880
      $$$tc$$$ = class com.ibm.websphere.ras.TraceComponent@4748cc34
    serialVersionUID = -5621513278641113667
    $$$tc$$$ = class com.ibm.websphere.ras.TraceComponent@5f0b60cb
      strings[0] = "TraceComponent[com.ibm.ws.adaptable.module.internal.AdaptableContainerImpl,class com.ibm.ws.adaptable.module.internal.AdaptableContainerImpl,[archive.adaptable],,null]"
  configHelper = class com.ibm.ws.app.manager.module.ApplicationNestedConfigHelper@2a748d0a
    appInfo = class com.ibm.ws.app.manager.internal.ApplicationInstallInfo@5deed67a
    serialVersionUID = -3174031738676705046
    $$$tc$$$ = class com.ibm.websphere.ras.TraceComponent@23d1f116
      strings[0] = "TraceComponent[com.ibm.ws.app.manager.module.ApplicationNestedConfigHelper,class com.ibm.ws.app.manager.module.ApplicationNestedConfigHelper,[applications, app.manager],,null]"
  applicationInformation = class com.ibm.ws.app.manager.internal.ApplicationInstallInfo@5deed67a
    _config = class com.ibm.ws.app.manager.internal.ApplicationConfig@62544936
      tc = class com.ibm.websphere.ras.TraceComponent@a6e9dc7
      _configPid = "com.ibm.ws.app.manager_28"
      _config = class com.ibm.ws.config.admin.ConfigurationDictionary@76102355
      _applicationManager = class com.ibm.ws.app.manager.ApplicationManager@68d88074
      _location = "Pruebas.war"
      _type = "war"
      _name = "Pruebas"
      _notificationBroadcasterSupport = class javax.management.NotificationBroadcasterSupport@5c7c7e9c
      ONE_TIME_JANDEX_MSGS_DISPLAYED = true
    _handlerInfo = class java.util.concurrent.atomic.AtomicReference@509d070d
      serialVersionUID = -1848883965231344442
      VALUE = class java.lang.invoke.VarHandleReferences$FieldInstanceReadWrite@61a53af3
      value = class com.ibm.ws.app.manager.war.internal.WARDeployedAppInfo@fce0e8c
    _container = class java.util.concurrent.atomic.AtomicReference@7d24099b
      serialVersionUID = -1848883965231344442
      VALUE = class java.lang.invoke.VarHandleReferences$FieldInstanceReadWrite@61a53af3
      value = class com.ibm.ws.adaptable.module.internal.AdaptableContainerImpl@51a699e1
    _resolvedLocation = class java.util.concurrent.atomic.AtomicReference@73b6c7e8
      serialVersionUID = -1848883965231344442
      VALUE = class java.lang.invoke.VarHandleReferences$FieldInstanceReadWrite@61a53af3
      value = class com.ibm.ws.kernel.service.location.internal.LocalFileResource@5aac7460
    _handler = class com.ibm.ws.app.manager.war.internal.WARApplicationHandlerImpl@3bab36ab
      futureMonitor = class com.ibm.ws.threading.internal.FutureMonitorImpl@77086310
      deployedAppFactory = class com.ibm.ws.app.manager.war.internal.WARDeployedAppInfoFactoryImpl@1ebab739
      serialVersionUID = 4622845147410944782
      $$$tc$$$ = class com.ibm.websphere.ras.TraceComponent@7d53932
    _ami = class java.util.concurrent.atomic.AtomicReference@58c082e2
      serialVersionUID = -1848883965231344442
      VALUE = class java.lang.invoke.VarHandleReferences$FieldInstanceReadWrite@61a53af3
      value = class com.ibm.wsspi.application.handler.DefaultApplicationMonitoringInformation@544006ca
    _updateHandler = class com.ibm.ws.app.manager.internal.statemachine.ApplicationStateMachineImpl@2e425f86
      _tc = class com.ibm.websphere.ras.TraceComponent@3b1bfdbb
      EMPTY_FUTURE_ARRAY = interface java.util.concurrent.Future[0]
      asmSequenceNumber = class java.util.concurrent.atomic.AtomicLong@60499a7d
      _qscaCounter = class java.util.concurrent.atomic.AtomicInteger@4c3e7d20
      _failedThrowable = class com.ibm.ws.container.service.state.StateChangeException@b43f76e
      _interruptibleLock = class com.ibm.ws.app.manager.internal.statemachine.ApplicationStateMachineImpl$2@738962a5
      _interruptible = false
      _performingQueuedActions = true
      _queuedActions = class java.util.concurrent.ConcurrentLinkedQueue@4440a330
      _callbackState = class java.util.concurrent.atomic.AtomicReference@687653b7
      blockAppStartingFutures = class java.util.Collections$SetFromMap@571ef4e4
      waitingForAppHandlerFuture = class java.util.concurrent.atomic.AtomicReference@6fba38e8
      waitingForExplicitStartFuture = class java.util.concurrent.atomic.AtomicReference@2e225f0c
      completionListener = class java.util.concurrent.atomic.AtomicReference@74135a94
      _notifyAppStopped = class java.util.concurrent.ConcurrentLinkedQueue@548a2926
      _notifyAppStarting = class java.util.concurrent.ConcurrentLinkedQueue@6ac93627
      _notifyAppInstallCalled = class java.util.concurrent.ConcurrentLinkedQueue@562fce4d
      _notifyAppStarted = class java.util.concurrent.ConcurrentLinkedQueue@3886e9e6
      _notifyAppRemoved = class java.util.concurrent.ConcurrentLinkedQueue@3dc024c9
      _stateLock = class com.ibm.ws.app.manager.internal.statemachine.ApplicationStateMachineImpl$3@1e1b5558
      _internalState = class java.util.concurrent.atomic.AtomicReference@36eebd70
      _currentAction = class java.util.concurrent.atomic.AtomicReference@39a8ab92
      _rfa = class java.util.concurrent.atomic.AtomicReference@5723602
      _appInstallInfo = class java.util.concurrent.atomic.AtomicReference@41870261
      _update = class java.util.concurrent.atomic.AtomicBoolean@2c1221c
      _appConfig = class java.util.concurrent.atomic.AtomicReference@7ec9fded
      _nextAppConfig = class java.util.concurrent.atomic.AtomicReference@6a1f1610
      _appContainer = class java.util.concurrent.atomic.AtomicReference@13728538
      _resolvedLocation = class java.util.concurrent.atomic.AtomicReference@18288488
      _handler = class java.util.concurrent.atomic.AtomicReference@293f34f5
      _asmSeqNo = 2
      _ctx = class org.eclipse.osgi.internal.framework.BundleContextImpl@7801242e
      _locAdmin = class com.ibm.ws.kernel.service.location.internal.WsLocationAdminImpl@3b020854
      _futureMonitor = class com.ibm.ws.threading.internal.FutureMonitorImpl@77086310
      _artifactFactory = class com.ibm.ws.artifact.internal.ArtifactContainerFactoryService@3c5e0149
      _moduleFactory = class com.ibm.ws.adaptable.module.internal.AdaptableModuleFactoryImpl@1cf2a51c
      _executorService = class com.ibm.ws.threading.internal.ExecutorServiceImpl@600ede8e
      _scheduledExecutorService = class com.ibm.ws.threading.internal.ScheduledExecutorImpl@3046c6e6
      _asmHelper = class com.ibm.ws.app.manager.internal.ApplicationConfigurator$NamedApplication@487e39e1
      _appMonitor = class com.ibm.ws.app.manager.internal.monitor.ApplicationMonitor@1bad2812
      enterStateCalled = class java.util.concurrent.atomic.AtomicBoolean@57b52667
      serialVersionUID = 6511956370079301927
      serialVersionUID = 5501066335104962649
      $$$tc$$$ = class com.ibm.websphere.ras.TraceComponent@63b2abd8
    serialVersionUID = 2630639237123415755
    $$$tc$$$ = class com.ibm.websphere.ras.TraceComponent@2c531107
      strings[0] = "TraceComponent[com.ibm.ws.app.manager.internal.ApplicationInstallInfo,class com.ibm.ws.app.manager.internal.ApplicationInstallInfo,[applications, app.manager],com.ibm.ws.app.manager.internal.resources.AppManagerMessages,null]"
  serialVersionUID = -505303337196743781
  $$$tc$$$ = class com.ibm.websphere.ras.TraceComponent@54bf05b6
    strings[0] = "TraceComponent[com.ibm.ws.container.service.app.deploy.internal.ApplicationInfoImpl,class com.ibm.ws.container.service.app.deploy.internal.ApplicationInfoImpl,[container.service],com.ibm.ws.container.service.resources.Messages,null]"

