------Start of DE processing------ = [9/05/19 01:52:58:358 PET]
Exception = org.jboss.weld.exceptions.DeploymentException
Source = com.ibm.ws.container.service.state.internal.ApplicationStateManager
probeid = 31
Stack Dump = org.jboss.weld.exceptions.DeploymentException: WELD-000072: Bean declaring a passivating scope must be passivation capable.  Bean:  Managed Bean [class view.student.StudentUpdate] with qualifiers [@Default @Any @Named]
	at org.jboss.weld.bean.ManagedBean.checkType(ManagedBean.java:216)
	at org.jboss.weld.bean.AbstractBean.initializeAfterBeanDiscovery(AbstractBean.java:108)
	at org.jboss.weld.bean.ManagedBean.initializeAfterBeanDiscovery(ManagedBean.java:122)
	at org.jboss.weld.bootstrap.ConcurrentBeanDeployer$AfterBeanDiscoveryInitializerFactory.doWork(ConcurrentBeanDeployer.java:111)
	at org.jboss.weld.bootstrap.ConcurrentBeanDeployer$AfterBeanDiscoveryInitializerFactory.doWork(ConcurrentBeanDeployer.java:102)
	at org.jboss.weld.executor.IterativeWorkerTaskFactory$1.call(IterativeWorkerTaskFactory.java:62)
	at org.jboss.weld.executor.IterativeWorkerTaskFactory$1.call(IterativeWorkerTaskFactory.java:55)
	at com.ibm.ws.threading.internal.PolicyTaskFutureImpl.run(PolicyTaskFutureImpl.java:724)
	at com.ibm.ws.threading.internal.PolicyExecutorImpl.runTask(PolicyExecutorImpl.java:1134)
	at com.ibm.ws.threading.internal.PolicyExecutorImpl$GlobalPoolTask.run(PolicyExecutorImpl.java:188)
	at java.base/java.util.concurrent.ThreadPoolExecutor.runWorker(ThreadPoolExecutor.java:1128)
	at java.base/java.util.concurrent.ThreadPoolExecutor$Worker.run(ThreadPoolExecutor.java:628)
	at java.base/java.lang.Thread.run(Thread.java:835)

Dump of callerThis
Object type = com.ibm.ws.container.service.state.internal.ApplicationStateManager
  serialVersionUID = -6685368059484454124
  $$$tc$$$ = class com.ibm.websphere.ras.TraceComponent@7511e8e5
    strings[0] = "TraceComponent[com.ibm.ws.container.service.state.internal.ApplicationStateManager,class com.ibm.ws.container.service.state.internal.ApplicationStateManager,[Runtime],,null]"
  listeners = class com.ibm.wsspi.kernel.service.utils.ConcurrentServiceReferenceSet@39ccc905
    referenceName = "applicationStateListeners"
    contextRef = class java.util.concurrent.atomic.AtomicReference@3c94689e
      serialVersionUID = -1848883965231344442
      VALUE = class java.lang.invoke.VarHandleReferences$FieldInstanceReadWrite@61894497
      value = class org.apache.felix.scr.impl.manager.ComponentContextImpl@5679b63
    elementMap = class java.util.LinkedHashMap@70812060
      serialVersionUID = 3801124242820219131
      head = class java.util.LinkedHashMap$Entry@679b2b74
      tail = class java.util.LinkedHashMap$Entry@78d47f81
      accessOrder = false
      serialVersionUID = 362498820763181265
      DEFAULT_INITIAL_CAPACITY = 16
      MAXIMUM_CAPACITY = 1073741824
      DEFAULT_LOAD_FACTOR = 0.75
      TREEIFY_THRESHOLD = 8
      UNTREEIFY_THRESHOLD = 6
      MIN_TREEIFY_CAPACITY = 64
      table = class java.util.HashMap$Node[32]
      entrySet = null
      size = 13
      modCount = 15
      threshold = 24
      loadFactor = 0.75
      keySet = null
      values = null
    elementSet = class java.util.concurrent.ConcurrentSkipListSet@38405998
      serialVersionUID = -2479143111061671589
      m = class java.util.concurrent.ConcurrentSkipListMap@3b99d7ef
      MAX_ARRAY_SIZE = 2147483639
    elementSetUnsorted = false
    serialVersionUID = 756240983881166148
    $$$tc$$$ = class com.ibm.websphere.ras.TraceComponent@5cdf632d
      strings[0] = "TraceComponent[com.ibm.wsspi.kernel.service.utils.ConcurrentServiceReferenceSet,class com.ibm.wsspi.kernel.service.utils.ConcurrentServiceReferenceSet,[kernelUtils],com.ibm.ws.kernel.service.utils.resources.ServiceMessages,null]"
  serialVersionUID = 2284273176985484160
  $$$tc$$$ = class com.ibm.websphere.ras.TraceComponent@f7c92c4
    strings[0] = "TraceComponent[com.ibm.ws.container.service.state.internal.StateChangeManager,class com.ibm.ws.container.service.state.internal.StateChangeManager,[Runtime],,null]"

Dump of objectArray[0]
Object type = com.ibm.ws.container.service.app.deploy.internal.ApplicationInfoImpl
  appName = "AsterikProject"
  appMetaData = class com.ibm.ws.container.service.app.deploy.internal.ApplicationMetaDataImpl@390ca2cc
    j2eeName = class com.ibm.ws.container.service.metadata.internal.J2EENameImpl@52e8a154
      serialVersionUID = 7488184044073147667
      application = "AsterikProject"
      module = null
      component = null
      string = "AsterikProject"
      j2eeNameBytes = null
      $$$tc$$$ = class com.ibm.websphere.ras.TraceComponent@49e445c0
    serialVersionUID = -7906531148367236579
    $$$tc$$$ = class com.ibm.websphere.ras.TraceComponent@44d302d5
      strings[0] = "TraceComponent[com.ibm.ws.container.service.app.deploy.internal.ApplicationMetaDataImpl,class com.ibm.ws.container.service.app.deploy.internal.ApplicationMetaDataImpl,[container.service],com.ibm.ws.container.service.resources.Messages,null]"
    tc = class com.ibm.websphere.ras.TraceComponent@526b6d52
      strings[0] = "TraceComponent[com.ibm.ws.runtime.metadata.MetaDataImpl,class com.ibm.ws.runtime.metadata.MetaDataImpl,[Runtime],null,null]"
    NUM_STATIC_SLOTS = 4
    ID_UNINITIALIZED = -1
    id = 0
    metaDataInterface = class java.lang.Class@449f8aea
      ANNOTATION = 8192
      ENUM = 16384
      SYNTHETIC = 4096
      cachedConstructor = null
      name = "com.ibm.ws.runtime.metadata.ApplicationMetaData"
      module = class java.lang.Module@1eeee10f
      packageName = "com.ibm.ws.runtime.metadata"
      componentType = {} /* array length = 0 */
      allPermDomain = class java.security.ProtectionDomain@4716eab3
      reflectionData = null
      classRedefinedCount = 0
      genericInfo = null
      EMPTY_CLASS_ARRAY = class java.lang.Class[0]
      serialVersionUID = 3206093459760846163
      serialPersistentFields = class java.io.ObjectStreamField[0]
      reflectionFactory = class jdk.internal.reflect.ReflectionFactory@230f7746
      enumConstants = null
      enumConstantDirectory = null
      annotationData = null
      annotationType = null
      classValueMap = null
    staticSlots = class java.lang.Object[4]
      Object[0] = null
      Object[1] = class com.ibm.ws.injectionengine.osgi.internal.OSGiInjectionScopeData@72f0cb35
      Object[2] = null
      Object[3] = null
    dynamicSlots = class java.lang.Object[4]
      Object[0] = class com.ibm.ws.ejbcontainer.osgi.internal.metadata.OSGiEJBApplicationMetaData@181d7fa1
      Object[1] = class com.ibm.ws.cdi.impl.weld.WebSphereCDIDeploymentImpl@78647e34
      Object[2] = "AsterikProject"
      Object[3] = null
  appContainer = class com.ibm.ws.adaptable.module.internal.AdaptableContainerImpl@45691a3b
    root = class com.ibm.ws.adaptable.module.internal.AdaptableContainerImpl@45691a3b
    rootOverlay = class com.ibm.ws.artifact.overlay.internal.DirectoryBasedOverlayContainerImpl@10eab064
      base = class com.ibm.ws.artifact.loose.internal.LooseArchive@56d7e141
      maskSet = class java.util.HashSet@77fa5b7f
      cfHolder = class com.ibm.ws.artifact.overlay.internal.OverlayContainerFactoryImpl@4cd789b1
      fileOverlayContainer = class com.ibm.ws.artifact.file.internal.FileContainer@3279fd6
      overlayDirectory = class java.io.File@2331484f
      cacheDirForOverlay = class java.io.File@4a857881
      overlayNotifier = class com.ibm.ws.artifact.overlay.internal.DirectoryBasedOverlayNotifier@6f01f30d
      enclosingContainer = null
      entryInEnclosingContainer = null
      nestedOverlays = class java.util.concurrent.ConcurrentHashMap@50e71814
      cacheStore = class com.ibm.ws.artifact.overlay.internal.OverlayCache@793d4177
      parentOverlay = null
      isPassThroughMode = true
      serialVersionUID = -1690795617118238166
      $$$tc$$$ = class com.ibm.websphere.ras.TraceComponent@c49aeda
    factoryHolder = class com.ibm.ws.adaptable.module.internal.AdaptableModuleFactoryImpl@7e09dda1
      adapterFactoryService = class com.ibm.ws.adaptable.module.internal.AdapterFactoryServiceImpl@5c759cb6
      containerFactory = class com.ibm.ws.artifact.internal.ArtifactContainerFactoryService@4690a273
      overlayContainerFactory = class com.ibm.ws.artifact.overlay.internal.OverlayContainerFactoryImpl@4cd789b1
      serialVersionUID = 4200251809856292987
      $$$tc$$$ = class com.ibm.websphere.ras.TraceComponent@3713d275
    delegate = class com.ibm.ws.artifact.overlay.internal.DirectoryBasedOverlayContainerImpl@10eab064
    notifier = class com.ibm.ws.adaptable.module.internal.NotifierImpl@79f512c
      root = class com.ibm.ws.adaptable.module.internal.AdaptableContainerImpl@45691a3b
      delegateNotifier = class com.ibm.ws.artifact.overlay.internal.DirectoryBasedOverlayNotifier@6f01f30d
      delegateRoot = class com.ibm.ws.artifact.overlay.internal.DirectoryBasedOverlayContainerImpl@10eab064
      listenerDelegates = class java.util.HashMap@10abfe94
      serialVersionUID = 6839382523957017880
      $$$tc$$$ = class com.ibm.websphere.ras.TraceComponent@3bf621f8
    serialVersionUID = -5621513278641113667
    $$$tc$$$ = class com.ibm.websphere.ras.TraceComponent@3a66a7fe
      strings[0] = "TraceComponent[com.ibm.ws.adaptable.module.internal.AdaptableContainerImpl,class com.ibm.ws.adaptable.module.internal.AdaptableContainerImpl,[archive.adaptable],,null]"
  configHelper = class com.ibm.ws.app.manager.module.ApplicationNestedConfigHelper@4ff175fc
    appInfo = class com.ibm.ws.app.manager.internal.ApplicationInstallInfo@79647c1d
    serialVersionUID = -3174031738676705046
    $$$tc$$$ = class com.ibm.websphere.ras.TraceComponent@7d77ee1d
      strings[0] = "TraceComponent[com.ibm.ws.app.manager.module.ApplicationNestedConfigHelper,class com.ibm.ws.app.manager.module.ApplicationNestedConfigHelper,[applications, app.manager],,null]"
  applicationInformation = class com.ibm.ws.app.manager.internal.ApplicationInstallInfo@79647c1d
    _config = class com.ibm.ws.app.manager.internal.ApplicationConfig@7ff0fe4a
      tc = class com.ibm.websphere.ras.TraceComponent@3fe8dad7
      _configPid = "com.ibm.ws.app.manager_33"
      _config = class com.ibm.ws.config.admin.ConfigurationDictionary@35e046f5
      _applicationManager = class com.ibm.ws.app.manager.ApplicationManager@63c9446
      _location = "AsterikProject.war"
      _type = "war"
      _name = "AsterikProject"
      _notificationBroadcasterSupport = class javax.management.NotificationBroadcasterSupport@1f8138b8
      ONE_TIME_JANDEX_MSGS_DISPLAYED = true
    _handlerInfo = class java.util.concurrent.atomic.AtomicReference@7ad4ac83
      serialVersionUID = -1848883965231344442
      VALUE = class java.lang.invoke.VarHandleReferences$FieldInstanceReadWrite@61894497
      value = class com.ibm.ws.app.manager.war.internal.WARDeployedAppInfo@30e330f
    _container = class java.util.concurrent.atomic.AtomicReference@15c2bb03
      serialVersionUID = -1848883965231344442
      VALUE = class java.lang.invoke.VarHandleReferences$FieldInstanceReadWrite@61894497
      value = class com.ibm.ws.adaptable.module.internal.AdaptableContainerImpl@45691a3b
    _resolvedLocation = class java.util.concurrent.atomic.AtomicReference@50ee404f
      serialVersionUID = -1848883965231344442
      VALUE = class java.lang.invoke.VarHandleReferences$FieldInstanceReadWrite@61894497
      value = class com.ibm.ws.kernel.service.location.internal.LocalFileResource@72ea6cc8
    _handler = class com.ibm.ws.app.manager.war.internal.WARApplicationHandlerImpl@1d726740
      futureMonitor = class com.ibm.ws.threading.internal.FutureMonitorImpl@35eefa32
      deployedAppFactory = class com.ibm.ws.app.manager.war.internal.WARDeployedAppInfoFactoryImpl@27328ba4
      serialVersionUID = 4622845147410944782
      $$$tc$$$ = class com.ibm.websphere.ras.TraceComponent@7c899c
    _ami = class java.util.concurrent.atomic.AtomicReference@2d856d4f
      serialVersionUID = -1848883965231344442
      VALUE = class java.lang.invoke.VarHandleReferences$FieldInstanceReadWrite@61894497
      value = class com.ibm.wsspi.application.handler.DefaultApplicationMonitoringInformation@503e011c
    _updateHandler = class com.ibm.ws.app.manager.internal.statemachine.ApplicationStateMachineImpl@418407ff
      _tc = class com.ibm.websphere.ras.TraceComponent@63f459e5
      EMPTY_FUTURE_ARRAY = interface java.util.concurrent.Future[0]
      asmSequenceNumber = class java.util.concurrent.atomic.AtomicLong@5ef8d51a
      _qscaCounter = class java.util.concurrent.atomic.AtomicInteger@6998e7de
      _failedThrowable = class com.ibm.ws.container.service.state.StateChangeException@4daae2e7
      _interruptibleLock = class com.ibm.ws.app.manager.internal.statemachine.ApplicationStateMachineImpl$2@be4c00f
      _interruptible = false
      _performingQueuedActions = true
      _queuedActions = class java.util.concurrent.ConcurrentLinkedQueue@1db67d33
      _callbackState = class java.util.concurrent.atomic.AtomicReference@57e2b9a
      blockAppStartingFutures = class java.util.Collections$SetFromMap@2bf68afc
      waitingForAppHandlerFuture = class java.util.concurrent.atomic.AtomicReference@63fc335
      waitingForExplicitStartFuture = class java.util.concurrent.atomic.AtomicReference@28ce6924
      completionListener = class java.util.concurrent.atomic.AtomicReference@5c98b55c
      _notifyAppStopped = class java.util.concurrent.ConcurrentLinkedQueue@43267559
      _notifyAppStarting = class java.util.concurrent.ConcurrentLinkedQueue@3b783063
      _notifyAppInstallCalled = class java.util.concurrent.ConcurrentLinkedQueue@60a4f961
      _notifyAppStarted = class java.util.concurrent.ConcurrentLinkedQueue@790f927c
      _notifyAppRemoved = class java.util.concurrent.ConcurrentLinkedQueue@9f3bcb9
      _stateLock = class com.ibm.ws.app.manager.internal.statemachine.ApplicationStateMachineImpl$3@73f27ecc
      _internalState = class java.util.concurrent.atomic.AtomicReference@34daee22
      _currentAction = class java.util.concurrent.atomic.AtomicReference@31c306b7
      _rfa = class java.util.concurrent.atomic.AtomicReference@25c17242
      _appInstallInfo = class java.util.concurrent.atomic.AtomicReference@45257c28
      _update = class java.util.concurrent.atomic.AtomicBoolean@266d2150
      _appConfig = class java.util.concurrent.atomic.AtomicReference@f327d94
      _nextAppConfig = class java.util.concurrent.atomic.AtomicReference@21cf4d52
      _appContainer = class java.util.concurrent.atomic.AtomicReference@4f65a17f
      _resolvedLocation = class java.util.concurrent.atomic.AtomicReference@cd7e62
      _handler = class java.util.concurrent.atomic.AtomicReference@1c8f7d32
      _asmSeqNo = 0
      _ctx = class org.eclipse.osgi.internal.framework.BundleContextImpl@ed66b82
      _locAdmin = class com.ibm.ws.kernel.service.location.internal.WsLocationAdminImpl@196e57c3
      _futureMonitor = class com.ibm.ws.threading.internal.FutureMonitorImpl@35eefa32
      _artifactFactory = class com.ibm.ws.artifact.internal.ArtifactContainerFactoryService@4690a273
      _moduleFactory = class com.ibm.ws.adaptable.module.internal.AdaptableModuleFactoryImpl@7e09dda1
      _executorService = class com.ibm.ws.threading.internal.ExecutorServiceImpl@14d31392
      _scheduledExecutorService = class com.ibm.ws.threading.internal.ScheduledExecutorImpl@2ef6f2f4
      _asmHelper = class com.ibm.ws.app.manager.internal.ApplicationConfigurator$NamedApplication@77d9fdd5
      _appMonitor = class com.ibm.ws.app.manager.internal.monitor.ApplicationMonitor@47f1162c
      enterStateCalled = class java.util.concurrent.atomic.AtomicBoolean@257d29f4
      serialVersionUID = 6511956370079301927
      serialVersionUID = 5501066335104962649
      $$$tc$$$ = class com.ibm.websphere.ras.TraceComponent@6443def4
    serialVersionUID = 2630639237123415755
    $$$tc$$$ = class com.ibm.websphere.ras.TraceComponent@4273062b
      strings[0] = "TraceComponent[com.ibm.ws.app.manager.internal.ApplicationInstallInfo,class com.ibm.ws.app.manager.internal.ApplicationInstallInfo,[applications, app.manager],com.ibm.ws.app.manager.internal.resources.AppManagerMessages,null]"
  serialVersionUID = -505303337196743781
  $$$tc$$$ = class com.ibm.websphere.ras.TraceComponent@1b8b6cc9
    strings[0] = "TraceComponent[com.ibm.ws.container.service.app.deploy.internal.ApplicationInfoImpl,class com.ibm.ws.container.service.app.deploy.internal.ApplicationInfoImpl,[container.service],com.ibm.ws.container.service.resources.Messages,null]"

