------Start of DE processing------ = [31/05/19 01:03:47:763 PET]
Exception = java.lang.IllegalStateException
Source = com.ibm.ejs.container.EJSHome.createBeanO
probeid = 1047
Stack Dump = java.lang.IllegalStateException: Managed Class {util.web.JsonConfig} does not match Bean Class {util.web.JsonConfig}
	at com.ibm.ws.cdi.impl.managedobject.CDIEJBManagedObjectFactoryImpl.getBean(CDIEJBManagedObjectFactoryImpl.java:122)
	at com.ibm.ws.cdi.impl.managedobject.CDIEJBManagedObjectFactoryImpl.createContext(CDIEJBManagedObjectFactoryImpl.java:81)
	at com.ibm.ejs.container.ManagedBeanOBase.createInterceptorsAndInstance(ManagedBeanOBase.java:198)
	at com.ibm.ejs.container.SingletonBeanO.initialize(SingletonBeanO.java:276)
	at com.ibm.ejs.container.BeanOFactory.create(BeanOFactory.java:103)
	at com.ibm.ejs.container.EJSHome.createSingletonBeanO(EJSHome.java:3740)
	at com.ibm.ejs.csi.EJBApplicationMetaData.createStartupBeans(EJBApplicationMetaData.java:958)
	at com.ibm.ejs.csi.EJBApplicationMetaData.startedModule(EJBApplicationMetaData.java:679)
	at com.ibm.ws.ejbcontainer.osgi.internal.EJBRuntimeImpl.start(EJBRuntimeImpl.java:1009)
	at com.ibm.ws.ejbcontainer.osgi.internal.EJBContainerImpl.startEJBInWARModule(EJBContainerImpl.java:194)
	at com.ibm.ws.ejbcontainer.war.internal.EJBWARRuntimeImpl.moduleStarting(EJBWARRuntimeImpl.java:60)
	at com.ibm.ws.container.service.state.internal.ModuleStateManager.fireStarting(ModuleStateManager.java:28)
	at com.ibm.ws.container.service.state.internal.StateChangeServiceImpl.fireModuleStarting(StateChangeServiceImpl.java:80)
	at com.ibm.ws.app.manager.module.internal.ModuleHandlerBase.deployModule(ModuleHandlerBase.java:90)
	at com.ibm.ws.app.manager.module.internal.DeployedModuleInfoImpl.installModule(DeployedModuleInfoImpl.java:49)
	at com.ibm.ws.app.manager.module.internal.DeployedAppInfoBase.deployModules(DeployedAppInfoBase.java:430)
	at com.ibm.ws.app.manager.module.internal.DeployedAppInfoBase.deployApp(DeployedAppInfoBase.java:416)
	at com.ibm.ws.app.manager.war.internal.WARApplicationHandlerImpl.install(WARApplicationHandlerImpl.java:65)
	at com.ibm.ws.app.manager.internal.statemachine.StartAction.execute(StartAction.java:140)
	at com.ibm.ws.app.manager.internal.statemachine.ApplicationStateMachineImpl.enterState(ApplicationStateMachineImpl.java:1261)
	at com.ibm.ws.app.manager.internal.statemachine.ApplicationStateMachineImpl.performAction(ApplicationStateMachineImpl.java:1141)
	at com.ibm.ws.app.manager.internal.statemachine.ApplicationStateMachineImpl.run(ApplicationStateMachineImpl.java:884)
	at com.ibm.ws.threading.internal.ExecutorServiceImpl$RunnableWrapper.run(ExecutorServiceImpl.java:239)
	at java.base/java.util.concurrent.ThreadPoolExecutor.runWorker(ThreadPoolExecutor.java:1128)
	at java.base/java.util.concurrent.ThreadPoolExecutor$Worker.run(ThreadPoolExecutor.java:628)
	at java.base/java.lang.Thread.run(Thread.java:835)

Dump of callerThis
Object type = com.ibm.ejs.container.SessionHome
  serialVersionUID = -5599958674558718699
  tc = class com.ibm.websphere.ras.TraceComponent@375b8afd
    strings[0] = "TraceComponent[com.ibm.ejs.container.EJSHome,class com.ibm.ejs.container.EJSHome,[EJBContainer],com.ibm.ejs.container.container,null]"
  CLASS_NAME = "com.ibm.ejs.container.EJSHome"
  ivCMDAccessor = class com.ibm.ws.threadContext.ComponentMetaDataAccessorImpl@6d0cf85a
    tc = class com.ibm.websphere.ras.TraceComponent@38a460ed
      strings[0] = "TraceComponent[com.ibm.ws.threadContext.ComponentMetaDataAccessorImpl,class com.ibm.ws.threadContext.ComponentMetaDataAccessorImpl,[Runtime],com.ibm.ws.runtime.runtime,null]"
    cmdai = class com.ibm.ws.threadContext.ComponentMetaDataAccessorImpl@6d0cf85a
    threadContext = class com.ibm.ws.threadContext.ThreadContextImpl@34f02ef4
      ivInitialStackEntry = null
      tc = class com.ibm.ejs.ras.TraceComponent@51a10749
      count = 10
      index = 0
      SUSPECTED_MISUSAGE_THRESHOLD = 200
      threadLocalHashCode = 1015850799
      nextHashCode = class java.util.concurrent.atomic.AtomicInteger@431768e
      HASH_INCREMENT = 1640531527
    defaultCMD = null
  beanOFactory = class com.ibm.ejs.container.SingletonBeanOFactory@576c5adb
    tc = class com.ibm.websphere.ras.TraceComponent@525ad82e
      strings[0] = "TraceComponent[com.ibm.ejs.container.BeanOFactory,class com.ibm.ejs.container.BeanOFactory,[EJBContainer],com.ibm.ejs.container.container,null]"
  container = class com.ibm.ejs.container.EJSContainer@407456ab
  ivEntityHelper = null
  noLocalCopies = false
  allowPrimaryKeyMutation = false
  noPrimaryKeyMutation = false
  jndiName = null
  j2eeName = class com.ibm.ws.container.service.metadata.internal.J2EENameImpl@3a1cc7e2
    serialVersionUID = 7488184044073147667
    application = "project_duplicate"
    module = "project_duplicate.war"
    component = "JsonConfig"
    string = "project_duplicate#project_duplicate.war#JsonConfig"
    j2eeNameBytes = null
    $$$tc$$$ = class com.ibm.websphere.ras.TraceComponent@177b6999
      strings[0] = "TraceComponent[com.ibm.ws.container.service.metadata.internal.J2EENameImpl,class com.ibm.ws.container.service.metadata.internal.J2EENameImpl,[Runtime],,null]"
  statelessSessionHome = false
  statefulSessionHome = false
  messageDrivenHome = false
  ivSingletonSessionHome = true
  hashValue = 1508857324
  ivHomeId = class com.ibm.ejs.container.BeanId@4987dc1b
    tc = class com.ibm.websphere.ras.TraceComponent@3affc627
    CLASS_NAME = "com.ibm.ejs.container.BeanId"
    _isHome = true
    pkey = class com.ibm.ws.container.service.metadata.internal.J2EENameImpl@3a1cc7e2
    j2eeName = class com.ibm.ws.container.service.metadata.internal.J2EENameImpl@460e771c
      serialVersionUID = 7488184044073147667
      application = "__homeOfHomes"
      module = "__homeOfHomes"
      component = "__homeOfHomes"
      string = "__homeOfHomes#__homeOfHomes#__homeOfHomes"
      j2eeNameBytes = {95,95,104,111,109,101,79,102,72,111,109,101,115,35,95,95,104,111,109,101,79,102,72,111,109,101,115,35,95,95,104,111,109,101,79,102,72,111,109,101,115} /* array length = 41 */
      $$$tc$$$ = class com.ibm.websphere.ras.TraceComponent@177b6999
    byteArray = null
    home = class com.ibm.ejs.container.HomeOfHomes@49c33f2a
    activationStrategy = null
    hashValue = 2047070593
    ivFailoverKey = null
    HOME_BEAN = 0
    STATELESS_BEAN = 1
    STATEFUL_BEAN = 2
    ENTITY_BEAN = 3
    MESSAGEDRIVEN_BEAN = 4
    SINGLETON_BEAN = 5
    USES_BEAN_MANAGED_TX = 16
    MODULE_VERSION_CAPABLE = 32
    TYPE_TO_TYPE_ID_MAP = {0,0,5,1,2,3,3,4} /* array length = 8 */
    SERIALIZED_PKEY = 0
    INTEGER_PKEY = 1
    STRING_PKEY = 3
    LONG_PKEY = 4
    BYTE_ARRAY_PKEY = 8
    BEAN_TYPE_LEN = 1
    J2EE_NAME_LEN = 4
    PKEY_TYPE_LEN = 1
    header = {-84,-84,0,2,0,1} /* array length = 6 */
    HEADER_LEN = 6
    svBAOSs = class java.io.ByteArrayOutputStream[50]
    svBAOSsSize = 1
  ivHomeWrappers = null
  ivStatelessId = class com.ibm.ejs.container.BeanId@43432359
    tc = class com.ibm.websphere.ras.TraceComponent@3affc627
      strings[0] = "TraceComponent[com.ibm.ejs.container.BeanId,class com.ibm.ejs.container.BeanId,[EJBContainer],com.ibm.ejs.container.container,null]"
    CLASS_NAME = "com.ibm.ejs.container.BeanId"
    _isHome = false
    pkey = null
    j2eeName = class com.ibm.ws.container.service.metadata.internal.J2EENameImpl@3a1cc7e2
    byteArray = null
    home = class com.ibm.ejs.container.SessionHome@6bda1792
    activationStrategy = null
    hashValue = 1508857324
    ivFailoverKey = null
    HOME_BEAN = 0
    STATELESS_BEAN = 1
    STATEFUL_BEAN = 2
    ENTITY_BEAN = 3
    MESSAGEDRIVEN_BEAN = 4
    SINGLETON_BEAN = 5
    USES_BEAN_MANAGED_TX = 16
    MODULE_VERSION_CAPABLE = 32
    TYPE_TO_TYPE_ID_MAP = {0,0,5,1,2,3,3,4} /* array length = 8 */
    SERIALIZED_PKEY = 0
    INTEGER_PKEY = 1
    STRING_PKEY = 3
    LONG_PKEY = 4
    BYTE_ARRAY_PKEY = 8
    BEAN_TYPE_LEN = 1
    J2EE_NAME_LEN = 4
    PKEY_TYPE_LEN = 1
    header = {-84,-84,0,2,0,1} /* array length = 6 */
    HEADER_LEN = 6
    svBAOSs = class java.io.ByteArrayOutputStream[50]
      ByteArrayOutputStream[0] = class java.io.ByteArrayOutputStream@45386cb3
      ByteArrayOutputStream[1] = null
      ByteArrayOutputStream[2] = null
      ByteArrayOutputStream[3] = null
      ByteArrayOutputStream[4] = null
      ByteArrayOutputStream[5] = null
      ByteArrayOutputStream[6] = null
      ByteArrayOutputStream[7] = null
      ByteArrayOutputStream[8] = null
      ByteArrayOutputStream[9] = null
      ByteArrayOutputStream[10] = null
      ByteArrayOutputStream[11] = null
      ByteArrayOutputStream[12] = null
      ByteArrayOutputStream[13] = null
      ByteArrayOutputStream[14] = null
      ByteArrayOutputStream[15] = null
      ByteArrayOutputStream[16] = null
      ByteArrayOutputStream[17] = null
      ByteArrayOutputStream[18] = null
      ByteArrayOutputStream[19] = null
      ByteArrayOutputStream[20] = null
      ByteArrayOutputStream[21] = null
      ByteArrayOutputStream[22] = null
      ByteArrayOutputStream[23] = null
      ByteArrayOutputStream[24] = null
      ByteArrayOutputStream[25] = null
      ByteArrayOutputStream[26] = null
      ByteArrayOutputStream[27] = null
      ByteArrayOutputStream[28] = null
      ByteArrayOutputStream[29] = null
      ByteArrayOutputStream[30] = null
      ByteArrayOutputStream[31] = null
      ByteArrayOutputStream[32] = null
      ByteArrayOutputStream[33] = null
      ByteArrayOutputStream[34] = null
      ByteArrayOutputStream[35] = null
      ByteArrayOutputStream[36] = null
      ByteArrayOutputStream[37] = null
      ByteArrayOutputStream[38] = null
      ByteArrayOutputStream[39] = null
      ByteArrayOutputStream[40] = null
      ByteArrayOutputStream[41] = null
      ByteArrayOutputStream[42] = null
      ByteArrayOutputStream[43] = null
      ByteArrayOutputStream[44] = null
      ByteArrayOutputStream[45] = null
      ByteArrayOutputStream[46] = null
      ByteArrayOutputStream[47] = null
      ByteArrayOutputStream[48] = null
      ByteArrayOutputStream[49] = null
    svBAOSsSize = 1
  ivStatelessWrappers = null
  ivStatefulBusinessHomeWrapper = null
  enterpriseBeanClass = class java.lang.Class@1c9f8019
    ANNOTATION = 8192
    ENUM = 16384
    SYNTHETIC = 4096
    cachedConstructor = null
    name = "util.web.JsonConfig"
    module = class java.lang.Module@769d23bc
    packageName = "util.web"
    componentType = {} /* array length = 0 */
    allPermDomain = class java.security.ProtectionDomain@39d8da1e
      filePermCompatInPD = false
      codesource = null
      classloader = null
      principals = interface java.security.Principal[0]
      permissions = class java.security.Permissions@7809e7d0
      hasAllPerm = true
      staticPermissions = true
      key = class java.security.ProtectionDomain$Key@73491741
    reflectionData = class java.lang.ref.SoftReference@6b22cd2a
      clock = 1105239087
      timestamp = 1105239087
      referent = class java.lang.Class$ReflectionData@567817d2
      queue = class java.lang.ref.ReferenceQueue$Null@509851a1
      next = null
      discovered = null
      processPendingLock = class java.lang.Object@348be4ca
      processPendingActive = false
    classRedefinedCount = 0
    genericInfo = null
    EMPTY_CLASS_ARRAY = class java.lang.Class[0]
    serialVersionUID = 3206093459760846163
    serialPersistentFields = class java.io.ObjectStreamField[0]
    reflectionFactory = class jdk.internal.reflect.ReflectionFactory@633c3030
      Failed to resolve fields for jdk.internal.reflect.ReflectionFactory = "java.lang.reflect.InaccessibleObjectException: Unable to make field private static boolean jdk.internal.reflect.ReflectionFactory.initted accessible: module java.base does not "opens jdk.internal.reflect" to unnamed module @4c70fda8
	at java.base/java.lang.reflect.AccessibleObject.checkCanSetAccessible(AccessibleObject.java:341)
	at java.base/java.lang.reflect.AccessibleObject.checkCanSetAccessible(AccessibleObject.java:281)
	at java.base/java.lang.reflect.Field.checkCanSetAccessible(Field.java:176)
	at java.base/java.lang.reflect.AccessibleObject.setAccessible(AccessibleObject.java:124)
	at com.ibm.ws.logging.internal.impl.IntrospectionLevelMember$2.run(IntrospectionLevelMember.java:316)
	at com.ibm.ws.logging.internal.impl.IntrospectionLevelMember$2.run(IntrospectionLevelMember.java:310)
	at java.base/java.security.AccessController.doPrivileged(AccessController.java:310)
	at com.ibm.ws.logging.internal.impl.IntrospectionLevelMember.getFields(IntrospectionLevelMember.java:310)
	at com.ibm.ws.logging.internal.impl.IntrospectionLevelMember.introspectViaReflection(IntrospectionLevelMember.java:199)
	at com.ibm.ws.logging.internal.impl.IntrospectionLevelMember.getChildren(IntrospectionLevelMember.java:163)
	at com.ibm.ws.logging.internal.impl.IntrospectionLevel.getNextLevel(IntrospectionLevel.java:100)
	at com.ibm.ws.logging.internal.impl.IncidentStreamImpl.introspect(IncidentStreamImpl.java:437)
	at com.ibm.ws.logging.internal.impl.IncidentStreamImpl.introspectAndWrite(IncidentStreamImpl.java:129)
	at com.ibm.ws.logging.internal.impl.IncidentStreamImpl.introspectAndWriteLine(IncidentStreamImpl.java:164)
	at com.ibm.ws.logging.internal.impl.IncidentLogger.logIncident(IncidentLogger.java:97)
	at com.ibm.ws.logging.internal.impl.IncidentLogger.logIncident(IncidentLogger.java:35)
	at com.ibm.ws.logging.internal.impl.IncidentImpl.log(IncidentImpl.java:249)
	at com.ibm.ws.logging.internal.impl.BaseFFDCService.log(BaseFFDCService.java:239)
	at com.ibm.ws.logging.internal.impl.BaseFFDCService.processException(BaseFFDCService.java:180)
	at com.ibm.ws.ffdc.FFDCFilter.processException(FFDCFilter.java:60)
	at com.ibm.ejs.container.EJSHome.createSingletonBeanO(EJSHome.java:3744)
	at com.ibm.ejs.csi.EJBApplicationMetaData.createStartupBeans(EJBApplicationMetaData.java:958)
	at com.ibm.ejs.csi.EJBApplicationMetaData.startedModule(EJBApplicationMetaData.java:679)
	at com.ibm.ws.ejbcontainer.osgi.internal.EJBRuntimeImpl.start(EJBRuntimeImpl.java:1009)
	at com.ibm.ws.ejbcontainer.osgi.internal.EJBContainerImpl.startEJBInWARModule(EJBContainerImpl.java:194)
	at com.ibm.ws.ejbcontainer.war.internal.EJBWARRuntimeImpl.moduleStarting(EJBWARRuntimeImpl.java:60)
	at com.ibm.ws.container.service.state.internal.ModuleStateManager.fireStarting(ModuleStateManager.java:28)
	at com.ibm.ws.container.service.state.internal.StateChangeServiceImpl.fireModuleStarting(StateChangeServiceImpl.java:80)
	at com.ibm.ws.app.manager.module.internal.ModuleHandlerBase.deployModule(ModuleHandlerBase.java:90)
	at com.ibm.ws.app.manager.module.internal.DeployedModuleInfoImpl.installModule(DeployedModuleInfoImpl.java:49)
	at com.ibm.ws.app.manager.module.internal.DeployedAppInfoBase.deployModules(DeployedAppInfoBase.java:430)
	at com.ibm.ws.app.manager.module.internal.DeployedAppInfoBase.deployApp(DeployedAppInfoBase.java:416)
	at com.ibm.ws.app.manager.war.internal.WARApplicationHandlerImpl.install(WARApplicationHandlerImpl.java:65)
	at com.ibm.ws.app.manager.internal.statemachine.StartAction.execute(StartAction.java:140)
	at com.ibm.ws.app.manager.internal.statemachine.ApplicationStateMachineImpl.enterState(ApplicationStateMachineImpl.java:1261)
	at com.ibm.ws.app.manager.internal.statemachine.ApplicationStateMachineImpl.performAction(ApplicationStateMachineImpl.java:1141)
	at com.ibm.ws.app.manager.internal.statemachine.ApplicationStateMachineImpl.run(ApplicationStateMachineImpl.java:884)
	at com.ibm.ws.threading.internal.ExecutorServiceImpl$RunnableWrapper.run(ExecutorServiceImpl.java:239)
	at java.base/java.util.concurrent.ThreadPoolExecutor.runWorker(ThreadPoolExecutor.java:1128)
	at java.base/java.util.concurrent.ThreadPoolExecutor$Worker.run(ThreadPoolExecutor.java:628)
	at java.base/java.lang.Thread.run(Thread.java:835)
"
    enumConstants = null
    enumConstantDirectory = null
    annotationData = class java.lang.Class$AnnotationData@26eac9e9
      annotations = class java.util.LinkedHashMap@29db87a1
      declaredAnnotations = class java.util.LinkedHashMap@29db87a1
      redefinedCount = 0
    annotationType = null
    classValueMap = null
  remoteEJBObjectClass = null
  localEJBObjectClass = null
  beanMetaData = class com.ibm.ws.ejbcontainer.osgi.internal.metadata.OSGiBeanMetaData@76cc0368
    tc = class com.ibm.websphere.ras.TraceComponent@14ec42db
      strings[0] = "TraceComponent[com.ibm.ws.ejbcontainer.osgi.internal.metadata.OSGiBeanMetaData,class com.ibm.ws.ejbcontainer.osgi.internal.metadata.OSGiBeanMetaData,[EJBContainer],com.ibm.ws.ejbcontainer.osgi.internal.resources.EJBContainerMessages,null]"
    beanRuntime = class com.ibm.ws.ejbcontainer.session.internal.SessionBeanRuntimeImpl@63a75cc9
      serialVersionUID = -47239889424563615
      $$$tc$$$ = class com.ibm.websphere.ras.TraceComponent@7bac51da
    systemHomeBindingName = null
    mbeanServiceReg = class org.eclipse.osgi.internal.serviceregistry.ServiceRegistrationImpl@59e8aa27
      registry = class org.eclipse.osgi.internal.serviceregistry.ServiceRegistry@1a24c835
      context = class org.eclipse.osgi.internal.framework.BundleContextImpl@1f5268a4
      bundle = class org.eclipse.osgi.internal.framework.EquinoxBundle@55c58594
      clazzes = class java.lang.String[1]
      service = class com.ibm.ws.ejbcontainer.management.j2ee.internal.SingletonSessionBean@37bf2ecf
      reference = class org.eclipse.osgi.internal.serviceregistry.ServiceReferenceImpl@71629d5c
      contextsUsing = class java.util.ArrayList@648eba29
      properties = class java.util.Collections$UnmodifiableMap@3a594288
      serviceid = 5786
      serviceranking = 0
      registrationLock = class java.lang.Object@74deca5a
      state = 0
      REGISTERED = 0
      UNREGISTERING = 1
      UNREGISTERED = 2
      FRAMEWORK_SET_SERVICE_PROPERTIES_COUNT = 4
      $assertionsDisabled = true
    serialVersionUID = 4571786972187397809
    tc = class com.ibm.websphere.ras.TraceComponent@1dd3981
      strings[0] = "TraceComponent[com.ibm.ejs.container.BeanMetaData,class com.ibm.ejs.container.BeanMetaData,[EJBContainer],com.ibm.ejs.container.container,null]"
    svTimedObjectClass = class java.lang.Class@1d0824a
      ANNOTATION = 8192
      ENUM = 16384
      SYNTHETIC = 4096
      cachedConstructor = null
      name = "javax.ejb.TimedObject"
      module = class java.lang.Module@29d0c3d9
      packageName = "javax.ejb"
      componentType = {} /* array length = 0 */
      allPermDomain = class java.security.ProtectionDomain@39d8da1e
      reflectionData = class java.lang.ref.SoftReference@3b2d133a
      classRedefinedCount = 0
      genericInfo = null
      EMPTY_CLASS_ARRAY = class java.lang.Class[0]
      serialVersionUID = 3206093459760846163
      serialPersistentFields = class java.io.ObjectStreamField[0]
      reflectionFactory = class jdk.internal.reflect.ReflectionFactory@633c3030
      enumConstants = null
      enumConstantDirectory = null
      annotationData = null
      annotationType = null
      classValueMap = null
    svTimedObjectMethod = class java.lang.reflect.Method@5b0387de
      hasRealParameterData = false
      parameters = null
      declaredAnnotations = null
    ACCESS_INTENT_READ = 0
    ACCESS_INTENT_UPDATE = 1
    ACTIVATION_POLICY_ONCE = 0
    ACTIVATION_POLICY_ACTIVITY_SESSION = 1
    ACTIVATION_POLICY_TRANSACTION = 2
    CONCURRENCY_CONTROL_PESSIMISTIC = 0
    CONCURRENCY_CONTROL_OPTIMISTIC = 1
    J2EE_EJB_VERSION_UNKNOWN = 0
    J2EE_EJB_VERSION_1_0 = 10
    J2EE_EJB_VERSION_1_1 = 11
    J2EE_EJB_VERSION_2_0 = 20
    J2EE_EJB_VERSION_2_1 = 21
    J2EE_EJB_VERSION_3_0 = 30
    J2EE_EJB_VERSION_3_1 = 31
    J2EE_EJB_VERSION_3_2 = 32
    JAVAEE_VERSION_5 = 50
    LOAD_POLICY_ACTIVATION = 0
    LOAD_POLICY_TRANSACTION = 1
    LOAD_POLICY_INTERVAL = 2
    LOAD_POLICY_DAILY = 3
    LOAD_POLICY_WEEKLY = 4
    LOCAL_TX_UNRESOLVED_ACTION_ROLLBACK = 0
    LOCAL_TX_UNRESOLVED_ACTION_COMMIT = 1
    METHOD_TYPE_UNSPECIFIED = 0
    METHOD_TYPE_REMOTE = 1
    METHOD_TYPE_REMOTE_HOME = 2
    METHOD_TYPE_LOCAL = 3
    METHOD_TYPE_LOCAL_HOME = 4
    METHOD_TYPE_SERVICE_ENDPOINT = 5
    PERSISTENCE_BEAN_MANAGED = 0
    PERSISTENCE_CONTAINER_MANAGED = 1
    PIN_POLICY_ACTIVATION_PERIOD = 0
    PIN_POLICY_ACTIVITY_SESSION = 1
    PIN_POLICY_TRANSACTION = 2
    PIN_POLICY_BUSINESS_METHOD = 3
    TX_ATTRIBUTE_TYPE_NOT_SUPPORTED = 0
    TX_ATTRIBUTE_TYPE_SUPPORTS = 1
    TX_ATTRIBUTE_TYPE_REQUIRED = 2
    TX_ATTRIBUTE_TYPE_REQUIRES_NEW = 3
    TX_ATTRIBUTE_TYPE_MANDATORY = 4
    TX_ATTRIBUTE_TYPE_NEVER = 5
    TX_ATTRIBUTE_TYPE_BEAN_MANAGED = 6
    TX_BEAN_MANAGED = 0
    TX_CONTAINER_MANAGED = 1
    TX_ISOLATION_LEVEL_REPEATABLE_READ = 0
    TX_ISOLATION_LEVEL_READ_COMMITTED = 1
    TX_ISOLATION_LEVEL_READ_UNCOMMITTED = 2
    TX_ISOLATION_LEVEL_SERIALIZABLE = 3
    ivInitData = null
    _javaNameSpaceContext = null
    _moduleMetaData = class com.ibm.ws.ejbcontainer.osgi.internal.metadata.OSGiEJBModuleMetaDataImpl@23145620
      systemModule = false
      ivContextClassLoader = class com.ibm.ws.classloading.internal.ThreadContextClassLoader@5447008f
      mbeanServiceReg = class org.eclipse.osgi.internal.serviceregistry.ServiceRegistrationImpl@7ca44bfa
      systemModuleNameSpaceBinder = null
      serialVersionUID = -2264868099501073120
      $$$tc$$$ = class com.ibm.websphere.ras.TraceComponent@3d95313d
      tc = class com.ibm.websphere.ras.TraceComponent@5be3f49a
      ivInitData = null
      ivName = "project_duplicate.war"
      ivLogicalName = "project_duplicate"
      ivAppName = "project_duplicate"
      ivJ2EEName = class com.ibm.ws.container.service.metadata.internal.J2EENameImpl@676efaa4
      ivModuleVersion = 30
      ivEJBApplicationMetaData = class com.ibm.ws.ejbcontainer.osgi.internal.metadata.OSGiEJBApplicationMetaData@7402b8c7
      ivSfsbFailover = false
      ivFailoverInstanceId = null
      ivPMModuleCookie = null
      ivMetadataComplete = false
      ivReadWCCMInterceptors = false
      ivApplicationExceptionMap = null
      ivInterceptorsMap = null
      ivInterceptorBindingMap = null
      ivCurrentBackendId = null
      ivDefaultCmpConnectionFactory = null
      ivDefaultDataSource = null
      ivDefaultDataSourceUser = null
      ivDefaultDataSourcePassword = null
      ivInterceptorMap = null
      ivMBeanRegistered = false
      ivMessageDestinationBindingMap = class java.util.HashMap@3c215d99
      ivMetaDataDestroyRequired = true
      ivUseExtendedSetRollbackOnlyBehavior = true
      ivAutomaticTimerBeans = null
      ivHasNonPersistentAutomaticTimers = false
      ivHasPersistentAutomaticTimers = false
      ivBeanMetaDatas = class java.util.LinkedHashMap@2a7163cb
      ivNumFullyInitializedBeans = 1
      ivApplicationEventListeners = null
      ivStopping = false
      ivEJBInWAR = true
      ivManagedBeansInClient = false
      ivManagedBeansOnly = false
      ivJCDIHelper = class com.ibm.ws.ejbcontainer.osgi.internal.EJBRuntimeImpl$1@3ada07fb
      ivVersionedAppBaseName = null
      ivVersionedModuleBaseName = null
      ivAllowsCachedTimerData = false
      tc = class com.ibm.websphere.ras.TraceComponent@169e2c44
      NUM_STATIC_SLOTS = 4
      ID_UNINITIALIZED = -1
      id = 8
      metaDataInterface = class java.lang.Class@40e5980d
      staticSlots = class java.lang.Object[4]
      dynamicSlots = class java.lang.Object[4]
    _resourceRefList = class com.ibm.ws.resource.internal.ResourceRefConfigListImpl@29bd963
      ivList = class java.util.ArrayList@34445cc
      ivMap = class java.util.HashMap@e2e02ed
      serialVersionUID = 5502773099641523293
      $$$tc$$$ = class com.ibm.websphere.ras.TraceComponent@6834ed0f
    _localTran = class com.ibm.ws.ejbcontainer.osgi.internal.metadata.LocalTranConfigDataImpl@286665f0
      tc = class com.ibm.websphere.ras.TraceComponent@3bba9b92
      serialVersionUID = 23556146111571409
      tc = class com.ibm.websphere.ras.TraceComponent@5f3126d2
      boundary = 0
      resolver = 0
      unresolvedAction = 0
      isShareable = false
    _globalTran = class com.ibm.ws.ejbcontainer.osgi.internal.metadata.GlobalTranConfigDataImpl@5befc837
      tc = class com.ibm.websphere.ras.TraceComponent@2562bc93
      serialVersionUID = -269778837180775034
      tc = class com.ibm.websphere.ras.TraceComponent@1ba53ae4
      timeout = 0
      isSendWSAT = false
    j2eeName = class com.ibm.ws.container.service.metadata.internal.J2EENameImpl@3a1cc7e2
    ivUnversionedJ2eeName = null
    type = 2
    ivDependsOn = null
    entityRemoteNoTxAttrMethods = class java.lang.String[4]
      String[0] = "getEJBHome"
      String[1] = "getHandle"
      String[2] = "getPrimaryKey"
      String[3] = "isIdentical"
    entityRemoteNoTxAttrMethodSignatures = class java.lang.String[4]
      String[0] = ""
      String[1] = ""
      String[2] = ""
      String[3] = "javax.ejb.EJBObject"
    entityLocalNoTxAttrMethods = class java.lang.String[3]
      String[0] = "getEJBHome"
      String[1] = "getPrimaryKey"
      String[2] = "isIdentical"
    entityLocalNoTxAttrMethodSignatures = class java.lang.String[3]
      String[0] = ""
      String[1] = ""
      String[2] = "javax.ejb.EJBObject"
    entityRemoteHomeNoTxAttrMethods = class java.lang.String[2]
      String[0] = "getEJBMetaData"
      String[1] = "getHomeHandle"
    entityRemoteHomeNoTxAttrMethodSignatures = class java.lang.String[2]
      String[0] = ""
      String[1] = ""
    entityLocalHomeNoTxAttrMethods = class java.lang.String[1]
      String[0] = ""
    entityLocalHomeNoTxAttrMethodSignatures = class java.lang.String[1]
      String[0] = ""
    sessionLocalHomeNoTxAttrMethods = class java.lang.String[1]
      String[0] = "*"
    sessionLocalHomeNoTxAttrMethodSignatures = class java.lang.String[1]
      String[0] = ""
    sessionRemoteHomeNoTxAttrMethods = class java.lang.String[1]
      String[0] = "*"
    sessionRemoteHomeNoTxAttrMethodSignatures = class java.lang.String[1]
      String[0] = ""
    ivModuleVersion = 30
    enterpriseBeanClassName = "util.web.JsonConfig"
    enterpriseBeanClass = class java.lang.Class@1c9f8019
    enterpriseBeanAbstractClass = class java.lang.Class@1c9f8019
    homeBeanClass = class java.lang.Class@2cafe025
      ANNOTATION = 8192
      ENUM = 16384
      SYNTHETIC = 4096
      cachedConstructor = class java.lang.reflect.Constructor@7520a6e8
      name = "com.ibm.ejs.container.SessionHome"
      module = class java.lang.Module@371a4228
      packageName = "com.ibm.ejs.container"
      componentType = null
      allPermDomain = class java.security.ProtectionDomain@39d8da1e
      reflectionData = class java.lang.ref.SoftReference@310345dc
      classRedefinedCount = 0
      genericInfo = null
      EMPTY_CLASS_ARRAY = class java.lang.Class[0]
      serialVersionUID = 3206093459760846163
      serialPersistentFields = class java.io.ObjectStreamField[0]
      reflectionFactory = class jdk.internal.reflect.ReflectionFactory@633c3030
      enumConstants = null
      enumConstantDirectory = null
      annotationData = class java.lang.Class$AnnotationData@44903ad2
      annotationType = null
      classValueMap = null
    ivEnterpriseBeanFactory = class com.ibm.ws.cdi.impl.managedobject.CDIEJBManagedObjectFactoryImpl@3d0ad6ce
      tc = class com.ibm.websphere.ras.TraceComponent@1d68d96c
      ejbName = "JsonConfig"
      defaultEJBManagedObjectFactory = class com.ibm.ws.managedobject.internal.ManagedObjectFactoryImpl@70f1d505
      ejbDescriptor = class org.jboss.weld.module.ejb.InternalEjbDescriptor@415d3938
      ejbBean = class org.jboss.weld.module.ejb.SessionBeanImpl@21edc7e3
      ejbBDA = class com.ibm.ws.cdi.impl.weld.BeanDeploymentArchiveImpl@18f39376
      ejbBeanManager = class org.jboss.weld.manager.BeanManagerImpl@66543490
      ejbBeanLookupComplete = true
      serialVersionUID = 2696588813055436384
      tc = class com.ibm.websphere.ras.TraceComponent@6af878fd
      cdiRuntime = class com.ibm.ws.cdi.liberty.CDIRuntimeImpl@2bbb1e99
      managedClass = class java.lang.Class@1c9f8019
      bean = null
      beanLookupComplete = false
      beanManager = null
      bda = class com.ibm.ws.cdi.impl.weld.BeanDeploymentArchiveImpl@4ee8459b
      requestManagingInjectionAndInterceptors = false
      referenceContext = null
      injectionServices = null
      serialVersionUID = 2624058130118513066
    ivEnterpriseBeanClassConstructor = null
    managedObjectManagesInjectionAndInterceptors = false
    fullyInitialized = true
    pKeyClass = null
    m_syncToOSThreadValue = false
    ivPersistenceRefNames = null
    ivJpaPuIdSTUnsyncSet = null
    ivExPcPuIds = class com.ibm.ws.jpa.JPAPuId[0]
    homeInterfaceClassName = null
    homeInterfaceClass = null
    remoteInterfaceClass = null
    remoteImplClass = null
    remoteTieClass = null
    homeRemoteImplClass = null
    homeRemoteTieClass = null
    localHomeInterfaceClassName = null
    localHomeInterfaceClass = null
    localInterfaceClass = null
    localImplClass = null
    localImplProxyConstructor = null
    homeLocalImplClass = null
    homeLocalImplProxyConstructor = null
    ivHasWebServiceEndpoint = false
    webserviceEndpointInterfaceClass = null
    ivWebServiceEndpointProxyName = null
    ivWebServiceEndpointProxyClass = null
    ivWebServiceEndpointCreated = false
    ivBusinessLocalInterfaceClassNames = null
    ivBusinessLocalInterfaceClasses = class java.lang.Class[1]
      Class[0] = class java.lang.Class@1c9f8019
    ivBusinessRemoteInterfaceClassNames = null
    ivBusinessRemoteInterfaceClasses = null
    ivBusinessLocalImplClasses = class java.lang.Class[1]
      Class[0] = class java.lang.Class@4d409c6e
    ivBusinessLocalImplProxyConstructors = null
    ivBusinessRemoteImplClasses = null
    ivBusinessRemoteTieClasses = null
    ivAggregateLocalImplClass = null
    ivLocalBean = true
    ivLocalBeanWrapperField = class java.lang.reflect.Field@54584cd4
    ivMessageEndpointBaseField = null
    ivManagedBeanBeanOField = null
    ivIndirectLocalProxies = false
    cmpResetFields = null
    connFactoryName = null
    envProps = class java.util.Properties@2a33e984
    simpleJndiBindingName = null
    localHomeJndiBindingName = null
    remoteHomeJndiBindingName = null
    ivRemoteHomeJndiName = null
    ivLocalHomeJndiName = null
    businessInterfaceJndiBindingNames = null
    enterpriseBeanName = "JsonConfig"
    reentrant = false
    passivationCapable = true
    sessionTimeout = 0
    ivSFSBFailover = false
    ivSfFailoverClient = null
    sessionActivateTran = false
    sessionActivateSession = false
    optionACommitOption = false
    optionBCommitOption = false
    optionCCommitOption = false
    ivReadOnlyCommitOption = false
    entitySessionalTranOption = false
    optimisticConcurrencyControl = false
    CACHE_RELOAD_NONE = 0
    CACHE_RELOAD_INTERVAL = 1
    CACHE_RELOAD_DAILY = 2
    CACHE_RELOAD_WEEKLY = 3
    ivCacheReloadType = 0
    ivCacheReloadInterval = -1
    activationPolicy = 0
    methodNames = null
    localMethodNames = class java.lang.String[1]
      String[0] = "init"
    timedMethodNames = null
    wsEndpointMethodNames = null
    lifecycleInterceptorMethodNames = class java.lang.String[4]
      String[0] = "init"
      String[1] = "PreDestroy lifecycle interceptor"
      String[2] = "PrePassivate lifecycle interceptor"
      String[3] = "PostActivate lifecycle interceptor"
    methodInfos = null
    localMethodInfos = class com.ibm.ejs.container.EJBMethodInfoImpl[1]
      EJBMethodInfoImpl[0] = class com.ibm.ws.ejbcontainer.osgi.internal.metadata.OSGiEJBMethodMetaDataImpl@532c9bf
    timedMethodInfos = null
    wsEndpointMethodInfos = null
    lifecycleInterceptorMethodInfos = class com.ibm.ejs.container.EJBMethodInfoImpl[4]
      EJBMethodInfoImpl[0] = class com.ibm.ws.ejbcontainer.osgi.internal.metadata.OSGiEJBMethodMetaDataImpl@291a81dc
      EJBMethodInfoImpl[1] = class com.ibm.ws.ejbcontainer.osgi.internal.metadata.OSGiEJBMethodMetaDataImpl@57c2f976
      EJBMethodInfoImpl[2] = class com.ibm.ws.ejbcontainer.osgi.internal.metadata.OSGiEJBMethodMetaDataImpl@7e6d59a3
      EJBMethodInfoImpl[3] = class com.ibm.ws.ejbcontainer.osgi.internal.metadata.OSGiEJBMethodMetaDataImpl@5304d3a
    isolationAttrs = null
    readOnlyAttrs = null
    homeMethodNames = null
    localHomeMethodNames = null
    homeMethodInfos = null
    localHomeMethodInfos = null
    homeIsolationAttrs = null
    homeReadOnlyAttrs = null
    commitDanglingWork = false
    ivHasInheritance = false
    ivHasAppManagedPersistenceContext = false
    ivHasCMExtendedPersistenceContext = false
    usesBeanManagedTx = false
    usesBeanManagedAS = false
    cmpVersion = 0
    persister = null
    classLoader = class com.ibm.ws.classloading.internal.AppClassLoader@7df25b31
      tc = class com.ibm.websphere.ras.TraceComponent@20e93a44
      PARENT_FIRST_SEARCH_ORDER = class java.util.Collections$UnmodifiableRandomAccessList@54fbc1e8
      CLASS_LOADING_TRACE_PREFIX = "com.ibm.ws.class.load."
      DEFAULT_PACKAGE = "default.package"
      perPackageClassLoadingTraceComponents = class java.util.concurrent.ConcurrentHashMap@78593821
      config = class com.ibm.ws.classloading.internal.ClassLoaderConfigurationImpl@38107715
      privateLibraries = null
      delegateLoaders = class com.ibm.ws.classloading.internal.util.CompositeIterable@2c2491f5
      nativeLibraryFiles = class java.util.ArrayList@2bfa40d6
      transformers = class java.util.ArrayList@1ad3edb8
      apiAccess = class com.ibm.ws.classloading.internal.GatewayClassLoader@597daab0
      generator = class com.ibm.ws.classloading.internal.ClassGeneratorManager@2317572
      protectionDomains = class java.util.concurrent.ConcurrentHashMap@21c08928
      parent = class com.ibm.ws.classloading.internal.GatewayClassLoader@597daab0
      hook = null
      serialVersionUID = 7911131531697267209
      tc = class com.ibm.websphere.ras.TraceComponent@1691d61
      smartClassPath = class com.ibm.ws.classloading.internal.ContainerClassLoader$SmartClassPathImpl@29e31fdc
      nativeLibraryContainers = class java.util.ArrayList@50e606c6
      redefiner = class com.ibm.ws.classloading.internal.util.ClassRedefiner@49610fe6
      jarProtocol = "wsjar:"
      mapCreationQueue = class java.util.concurrent.Executors$FinalizableDelegatedExecutorService@56b0ee2c
      serialVersionUID = 4390450102868895350
      serialVersionUID = -7411549862368381758
      $$$tc$$$ = class com.ibm.websphere.ras.TraceComponent@704fd87e
      serialVersionUID = -4868702105808481416
      $$$tc$$$ = class com.ibm.websphere.ras.TraceComponent@23ab014b
      serialVersionUID = 2596921220292114344
      $$$tc$$$ = class com.ibm.websphere.ras.TraceComponent@203af6bc
      pdcache = class java.util.concurrent.ConcurrentHashMap@555d9f4f
    ivContextClassLoader = class com.ibm.ws.classloading.internal.ThreadContextClassLoader@5447008f
      tc = class com.ibm.websphere.ras.TraceComponent@79cefe09
      bundle = class java.util.concurrent.atomic.AtomicReference@663b3340
      key = "WebModule:project_duplicate#project_duplicate.war"
      refCount = class java.util.concurrent.atomic.AtomicInteger@1cbd2a8c
      appLoader = class com.ibm.ws.classloading.internal.AppClassLoader@7df25b31
      clSvc = class com.ibm.ws.classloading.internal.ClassLoadingServiceImpl@15672270
      serialVersionUID = 846416563800781557
      tc = class com.ibm.websphere.ras.TraceComponent@5b90162c
      followOnClassLoaders = class java.util.ArrayList@9e9ee5a
      serialVersionUID = 8829649920524275888
      serialVersionUID = -4868702105808481416
      $$$tc$$$ = class com.ibm.websphere.ras.TraceComponent@23ab014b
      serialVersionUID = 2596921220292114344
      $$$tc$$$ = class com.ibm.websphere.ras.TraceComponent@203af6bc
      pdcache = class java.util.concurrent.ConcurrentHashMap@7dbd0899
    minPoolSize = 50
    maxPoolSize = 500
    allowCachedTimerDataForMethods = 0
    ivInitialPoolSize = 0
    ivMaxCreation = 0
    ivMaxCreationTimeout = 300000
    isPreFindFlushEnabled = true
    isCleanEJBStoreEnabled = true
    fbpkReadOnlyOverrideAllBeans = false
    allowCustomFinderSQLForUpdateALLBeans = false
    allowCustomFinderSQLForUpdateThisBean = false
    allowCustomFinderSQLForUpdateMethodLevel = false
    allowWAS390CustomFinderAtBeanLevel = false
    CF_METHOD_NAME_OFFSET = 0
    CF_METHOD_SIG_OFFSET = 1
    isTimedObject = false
    ivTimeoutMethod = null
    isLightweight = false
    ivActivationSpecJndiName = null
    ivActivationSpecAuthAlias = null
    ivMessageDestinationJndiName = null
    ivMessageListenerPortName = null
    ivMessagingTypeClassName = null
    ivApplicationVersionId = 50
    ivActivationConfig = null
    ivDeferEJBInitialization = true
    ivCluster = null
    ivBeanInjectionTargets = class com.ibm.wsspi.injectionengine.InjectionTarget[0]
    ivJavaColonCompEnvMap = class java.util.LinkedHashMap@1c7296e0
      serialVersionUID = 3801124242820219131
      head = class java.util.LinkedHashMap$Entry@13f3be1
      tail = class java.util.LinkedHashMap$Entry@13f3be1
      accessOrder = false
      serialVersionUID = 362498820763181265
      DEFAULT_INITIAL_CAPACITY = 16
      MAXIMUM_CAPACITY = 1073741824
      DEFAULT_LOAD_FACTOR = 0.75
      TREEIFY_THRESHOLD = 8
      UNTREEIFY_THRESHOLD = 6
      MIN_TREEIFY_CAPACITY = 64
      table = class java.util.HashMap$Node[16]
      entrySet = class java.util.LinkedHashMap$LinkedEntrySet@73fc3273
      size = 1
      modCount = 1
      threshold = 12
      loadFactor = 0.75
      keySet = null
      values = class java.util.LinkedHashMap$LinkedValues@186525e6
    wccm = null
    ivComponent_Id = null
    removeTxAttr = 0
    container = class com.ibm.ejs.container.EJSContainer@407456ab
    homeRecord = class com.ibm.ws.ejbcontainer.osgi.internal.HomeRecordImpl@65b7a85a
    accessIntentList = null
    isoLevelList = null
    ivCallbackKind = class com.ibm.ws.ejbcontainer.CallbackKind@2e766a97
      None = class com.ibm.ws.ejbcontainer.CallbackKind@602124ab
      SessionBean = class com.ibm.ws.ejbcontainer.CallbackKind@4ca51aed
      MessageDrivenBean = class com.ibm.ws.ejbcontainer.CallbackKind@30631cb
      InvocationContext = class com.ibm.ws.ejbcontainer.CallbackKind@2e766a97
      $VALUES = class com.ibm.ws.ejbcontainer.CallbackKind[4]
      name = "InvocationContext"
      ordinal = 3
    ivInterceptorMetaData = class com.ibm.ejs.container.interceptors.InterceptorMetaData@6b24d42b
      CLASS_NAME = "com.ibm.ejs.container.interceptors.InterceptorMetaData"
      tc = class com.ibm.websphere.ras.TraceComponent@15e8a6c9
      ivInterceptorClasses = class java.lang.Class[2]
      ivInterceptorFactories = interface com.ibm.ws.managedobject.ManagedObjectFactory[2]
      ivAroundConstructInterceptors = class com.ibm.ejs.container.interceptors.InterceptorProxy[1]
      ivPrePassivateInterceptors = class com.ibm.ejs.container.interceptors.InterceptorProxy[1]
      ivPreDestroyInterceptors = class com.ibm.ejs.container.interceptors.InterceptorProxy[1]
      ivPostConstructInterceptors = class com.ibm.ejs.container.interceptors.InterceptorProxy[3]
      ivPostActivateInterceptors = class com.ibm.ejs.container.interceptors.InterceptorProxy[1]
      ivBeanLifecycleMethods = class java.lang.reflect.Method[4]
      ivInterceptorInjectionTargets = class [Lcom.ibm.wsspi.injectionengine.InjectionTarget;[2]
    ivInitMethodMap = null
    ivRoleLinkMap = null
    metadataComplete = false
    ivUseCallerIdentity = false
    ivRunAs = null
    ivEjbCreateMethod = null
    ivMetaDataDestroyRequired = true
    supportsFluffOnFind = false
    ivSingletonUsesBeanManagedConcurrency = false
    ivHasAsynchMethod = false
    ivAfterBegin = null
    ivBeforeCompletion = null
    ivAfterCompletion = null
    methodsExposedOnLocalInterface = null
    methodsExposedOnRemoteInterface = null
    methodsExposedOnLocalHomeInterface = null
    methodsExposedOnRemoteHomeInterface = null
    allPublicMethodsOnBean = null
    methodsToMethodInfos = null
    ivReferenceContext = class com.ibm.ws.injectionengine.osgi.internal.OSGiReferenceContextImpl@67093937
      scopeData = class com.ibm.ws.injectionengine.osgi.internal.OSGiInjectionScopeData@41f677e6
      serialVersionUID = 521511923892134915
      $$$tc$$$ = class com.ibm.websphere.ras.TraceComponent@6f08f4c0
      CLASS_NAME = "com.ibm.ws.injectionengine.ReferenceContextImpl"
      tc = class com.ibm.websphere.ras.TraceComponent@50c512f
      ivInjectionEngine = class com.ibm.ws.injectionengine.osgi.internal.OSGiInjectionEngineImpl@1bd5d72f
      ivProviders = class java.util.ArrayList@546b198d
      ivComponentJavaContext = null
      ivComponentNameSpace = null
      ivJavaColonCompEnvMap = class java.util.LinkedHashMap@1c7296e0
      ivEjbContext10 = class java.util.Properties@2a33e984
      ivResourceRefConfigList = class com.ibm.ws.resource.internal.ResourceRefConfigListImpl@29bd963
      isAlreadyProcessed = true
      ivProcessFailure = null
      ivInjectionTargetMap = class java.util.concurrent.ConcurrentHashMap@5948184c
      svInjTarMapCacheSize = 256
      ivDeclaredInjectionTargets = class java.util.HashMap@3cf85bc2
      ivProcessedInjectionClasses = class java.util.HashSet@3c22a481
      svInjClassMapCacheSize = 512
      ivProcessedInjectionBindings = class java.util.ArrayList@308965f9
      ivAnyProcessDynamic = false
      ivCheckAppConfig = false
    ivPassivatorFields = null
    ivIsNoMethodInterfaceMDB = false
    tc = class com.ibm.websphere.ras.TraceComponent@169e2c44
      strings[0] = "TraceComponent[com.ibm.ws.runtime.metadata.MetaDataImpl,class com.ibm.ws.runtime.metadata.MetaDataImpl,[Runtime],null,null]"
    NUM_STATIC_SLOTS = 4
    ID_UNINITIALIZED = -1
    id = 19
    metaDataInterface = class java.lang.Class@539b6a57
      ANNOTATION = 8192
      ENUM = 16384
      SYNTHETIC = 4096
      cachedConstructor = null
      name = "com.ibm.ws.runtime.metadata.ComponentMetaData"
      module = class java.lang.Module@7dc11ed1
      packageName = "com.ibm.ws.runtime.metadata"
      componentType = {} /* array length = 0 */
      allPermDomain = class java.security.ProtectionDomain@39d8da1e
      reflectionData = null
      classRedefinedCount = 0
      genericInfo = null
      EMPTY_CLASS_ARRAY = class java.lang.Class[0]
      serialVersionUID = 3206093459760846163
      serialPersistentFields = class java.io.ObjectStreamField[0]
      reflectionFactory = class jdk.internal.reflect.ReflectionFactory@633c3030
      enumConstants = null
      enumConstantDirectory = null
      annotationData = null
      annotationType = null
      classValueMap = null
    staticSlots = class java.lang.Object[4]
      Object[0] = null
      Object[1] = null
      Object[2] = null
      Object[3] = null
    dynamicSlots = null
  ejbMetaData = null
  environment = class java.util.Properties@2a33e984
    serialVersionUID = 4112578634029874840
    UNSAFE = class jdk.internal.misc.Unsafe@1305e68
      Failed to resolve fields for jdk.internal.misc.Unsafe = "java.lang.reflect.InaccessibleObjectException: Unable to make field private static final jdk.internal.misc.Unsafe jdk.internal.misc.Unsafe.theUnsafe accessible: module java.base does not "opens jdk.internal.misc" to unnamed module @4c70fda8
	at java.base/java.lang.reflect.AccessibleObject.checkCanSetAccessible(AccessibleObject.java:341)
	at java.base/java.lang.reflect.AccessibleObject.checkCanSetAccessible(AccessibleObject.java:281)
	at java.base/java.lang.reflect.Field.checkCanSetAccessible(Field.java:176)
	at java.base/java.lang.reflect.AccessibleObject.setAccessible(AccessibleObject.java:124)
	at com.ibm.ws.logging.internal.impl.IntrospectionLevelMember$2.run(IntrospectionLevelMember.java:316)
	at com.ibm.ws.logging.internal.impl.IntrospectionLevelMember$2.run(IntrospectionLevelMember.java:310)
	at java.base/java.security.AccessController.doPrivileged(AccessController.java:310)
	at com.ibm.ws.logging.internal.impl.IntrospectionLevelMember.getFields(IntrospectionLevelMember.java:310)
	at com.ibm.ws.logging.internal.impl.IntrospectionLevelMember.introspectViaReflection(IntrospectionLevelMember.java:199)
	at com.ibm.ws.logging.internal.impl.IntrospectionLevelMember.getChildren(IntrospectionLevelMember.java:163)
	at com.ibm.ws.logging.internal.impl.IntrospectionLevel.getNextLevel(IntrospectionLevel.java:100)
	at com.ibm.ws.logging.internal.impl.IncidentStreamImpl.introspect(IncidentStreamImpl.java:437)
	at com.ibm.ws.logging.internal.impl.IncidentStreamImpl.introspectAndWrite(IncidentStreamImpl.java:129)
	at com.ibm.ws.logging.internal.impl.IncidentStreamImpl.introspectAndWriteLine(IncidentStreamImpl.java:164)
	at com.ibm.ws.logging.internal.impl.IncidentLogger.logIncident(IncidentLogger.java:97)
	at com.ibm.ws.logging.internal.impl.IncidentLogger.logIncident(IncidentLogger.java:35)
	at com.ibm.ws.logging.internal.impl.IncidentImpl.log(IncidentImpl.java:249)
	at com.ibm.ws.logging.internal.impl.BaseFFDCService.log(BaseFFDCService.java:239)
	at com.ibm.ws.logging.internal.impl.BaseFFDCService.processException(BaseFFDCService.java:180)
	at com.ibm.ws.ffdc.FFDCFilter.processException(FFDCFilter.java:60)
	at com.ibm.ejs.container.EJSHome.createSingletonBeanO(EJSHome.java:3744)
	at com.ibm.ejs.csi.EJBApplicationMetaData.createStartupBeans(EJBApplicationMetaData.java:958)
	at com.ibm.ejs.csi.EJBApplicationMetaData.startedModule(EJBApplicationMetaData.java:679)
	at com.ibm.ws.ejbcontainer.osgi.internal.EJBRuntimeImpl.start(EJBRuntimeImpl.java:1009)
	at com.ibm.ws.ejbcontainer.osgi.internal.EJBContainerImpl.startEJBInWARModule(EJBContainerImpl.java:194)
	at com.ibm.ws.ejbcontainer.war.internal.EJBWARRuntimeImpl.moduleStarting(EJBWARRuntimeImpl.java:60)
	at com.ibm.ws.container.service.state.internal.ModuleStateManager.fireStarting(ModuleStateManager.java:28)
	at com.ibm.ws.container.service.state.internal.StateChangeServiceImpl.fireModuleStarting(StateChangeServiceImpl.java:80)
	at com.ibm.ws.app.manager.module.internal.ModuleHandlerBase.deployModule(ModuleHandlerBase.java:90)
	at com.ibm.ws.app.manager.module.internal.DeployedModuleInfoImpl.installModule(DeployedModuleInfoImpl.java:49)
	at com.ibm.ws.app.manager.module.internal.DeployedAppInfoBase.deployModules(DeployedAppInfoBase.java:430)
	at com.ibm.ws.app.manager.module.internal.DeployedAppInfoBase.deployApp(DeployedAppInfoBase.java:416)
	at com.ibm.ws.app.manager.war.internal.WARApplicationHandlerImpl.install(WARApplicationHandlerImpl.java:65)
	at com.ibm.ws.app.manager.internal.statemachine.StartAction.execute(StartAction.java:140)
	at com.ibm.ws.app.manager.internal.statemachine.ApplicationStateMachineImpl.enterState(ApplicationStateMachineImpl.java:1261)
	at com.ibm.ws.app.manager.internal.statemachine.ApplicationStateMachineImpl.performAction(ApplicationStateMachineImpl.java:1141)
	at com.ibm.ws.app.manager.internal.statemachine.ApplicationStateMachineImpl.run(ApplicationStateMachineImpl.java:884)
	at com.ibm.ws.threading.internal.ExecutorServiceImpl$RunnableWrapper.run(ExecutorServiceImpl.java:239)
	at java.base/java.util.concurrent.ThreadPoolExecutor.runWorker(ThreadPoolExecutor.java:1128)
	at java.base/java.util.concurrent.ThreadPoolExecutor$Worker.run(ThreadPoolExecutor.java:628)
	at java.base/java.lang.Thread.run(Thread.java:835)
"
    defaults = null
    map = class java.util.concurrent.ConcurrentHashMap@3979bc4a
      serialVersionUID = 7249069246763182397
      MAXIMUM_CAPACITY = 1073741824
      DEFAULT_CAPACITY = 16
      MAX_ARRAY_SIZE = 2147483639
      DEFAULT_CONCURRENCY_LEVEL = 16
      LOAD_FACTOR = 0.75
      TREEIFY_THRESHOLD = 8
      UNTREEIFY_THRESHOLD = 6
      MIN_TREEIFY_CAPACITY = 64
      MIN_TRANSFER_STRIDE = 16
      RESIZE_STAMP_BITS = 16
      MAX_RESIZERS = 65535
      RESIZE_STAMP_SHIFT = 16
      MOVED = -1
      TREEBIN = -2
      RESERVED = -3
      HASH_BITS = 2147483647
      NCPU = 4
      serialPersistentFields = class java.io.ObjectStreamField[3]
      table = null
      nextTable = null
      baseCount = 0
      sizeCtl = 16
      transferIndex = 0
      cellsBusy = 0
      counterCells = null
      keySet = null
      values = null
      entrySet = null
      U = class jdk.internal.misc.Unsafe@1305e68
      SIZECTL = 20
      TRANSFERINDEX = 32
      BASECOUNT = 24
      CELLSBUSY = 36
      CELLVALUE = 144
      ABASE = 16
      ASHIFT = 2
      keySet = null
      values = null
    hexDigit = {0123456789ABCDEF} /* array length = 16 */
    table = null
    count = 0
    threshold = 0
    loadFactor = 0.0
    modCount = 0
    serialVersionUID = 1421746759512286392
    MAX_ARRAY_SIZE = 2147483639
    keySet = null
    entrySet = null
    values = null
    KEYS = 0
    VALUES = 1
    ENTRIES = 2
  activationStrategy = class com.ibm.ejs.container.activator.UncachedActivationStrategy@5da38fdd
    tc = class com.ibm.websphere.ras.TraceComponent@39279c4a
      strings[0] = "TraceComponent[com.ibm.ejs.container.activator.UncachedActivationStrategy,class com.ibm.ejs.container.activator.UncachedActivationStrategy,[EJBContainer],com.ibm.ejs.container.container,null]"
    CLASS_NAME = "com.ibm.ejs.container.activator.UncachedActivationStrategy"
    cache = class com.ibm.ejs.util.cache.Cache@498c89ef
      faultStrategy = null
      evictionStrategy = class com.ibm.ejs.util.cache.BackgroundLruEvictionStrategy@128ad03
      discardStrategy = class com.ibm.ejs.container.activator.Activator@65bebdb9
      ivEvictionLocks = class com.ibm.ejs.container.util.locking.LockTable@563b1717
      ivName = "EJB Cache"
      wrappers = false
      buckets = interface com.ibm.ejs.util.cache.Bucket[2053]
      bucketLock = class com.ibm.ejs.util.cache.Cache$BucketLock@11c171b8
      numBuckets = 2053
      numObjects = 0
      numEvictionAttempts = 0
      numEvictions = 0
      numSweeps = 1578
      dumped = false
      tc = class com.ibm.websphere.ras.TraceComponent@5e2e5865
      CLASS_NAME = "com.ibm.ejs.util.cache.Cache"
    locks = class com.ibm.ejs.container.util.locking.LockTable@563b1717
      locks = class java.lang.Object[2053]
    tc = class com.ibm.websphere.ras.TraceComponent@65a53db6
      strings[0] = "TraceComponent[com.ibm.ejs.container.activator.ActivationStrategy,class com.ibm.ejs.container.activator.ActivationStrategy,[EJBContainer],com.ibm.ejs.container.container,null]"
    CLASS_NAME = "com.ibm.ejs.container.activator.ActivationStrategy"
  pmiBean = null
  persister = null
  lockStrategy = class com.ibm.ejs.container.lock.LockStrategy@72026db
    EXCLUSIVE_LOCK_STRATEGY = class com.ibm.ejs.container.lock.ExclusiveLockStrategy@32e106e6
      tc = class com.ibm.websphere.ras.TraceComponent@503ed538
      CLASS_NAME = "com.ibm.ejs.container.lock.ExclusiveLockStrategy"
      EXCLUSIVE_LOCK_STRATEGY = class com.ibm.ejs.container.lock.ExclusiveLockStrategy@32e106e6
      NULL_LOCK_STRATEGY = class com.ibm.ejs.container.lock.LockStrategy@72026db
    NULL_LOCK_STRATEGY = class com.ibm.ejs.container.lock.LockStrategy@72026db
  wrapperManager = class com.ibm.ejs.container.WrapperManager@1161b214
    tc = class com.ibm.websphere.ras.TraceComponent@3e52246c
      strings[0] = "TraceComponent[com.ibm.ejs.container.WrapperManager,class com.ibm.ejs.container.WrapperManager,[EJBContainer],com.ibm.ejs.container.container,null]"
    CLASS_NAME = "com.ibm.ejs.container.WrapperManager"
    wrapperCache = class com.ibm.ejs.util.cache.Cache@75ef51d5
      faultStrategy = class com.ibm.ejs.container.WrapperManager@1161b214
      evictionStrategy = class com.ibm.ejs.util.cache.SweepLruEvictionStrategy@26456d69
      discardStrategy = class com.ibm.ejs.container.WrapperManager@1161b214
      ivEvictionLocks = null
      ivName = "Wrapper Cache"
      wrappers = true
      buckets = interface com.ibm.ejs.util.cache.Bucket[4111]
      bucketLock = class com.ibm.ejs.util.cache.Cache$BucketLock@4ac9527e
      numBuckets = 4111
      numObjects = 0
      numEvictionAttempts = 0
      numEvictions = 0
      numSweeps = 1577
      dumped = false
      tc = class com.ibm.websphere.ras.TraceComponent@5e2e5865
      CLASS_NAME = "com.ibm.ejs.util.cache.Cache"
    container = class com.ibm.ejs.container.EJSContainer@407456ab
    beanIdCache = class com.ibm.ejs.container.BeanIdCache@578ccf22
      ivBuckets = class com.ibm.ejs.container.BeanId[8231]
      ivCacheFinds = 0
      ivCacheHits = 0
      tc = class com.ibm.websphere.ras.TraceComponent@37310c68
  enabled = true
  beanPool = null
  ivNumberBeansCreated = 0
  BEAN_POOL_WAIT_INTERVAL = 10000
  ivAIServiceEnabled = false
  defaultAIMethodInfo = class com.ibm.ws.ejbcontainer.osgi.internal.metadata.OSGiEJBMethodMetaDataImpl@24ab1675
    runAs = null
    useCallerPrincipal = false
    useSystemPrincipal = false
    serialVersionUID = 6211349835382155010
    $$$tc$$$ = class com.ibm.websphere.ras.TraceComponent@77f9aaee
      strings[0] = "TraceComponent[com.ibm.ws.ejbcontainer.osgi.internal.metadata.OSGiEJBMethodMetaDataImpl,class com.ibm.ws.ejbcontainer.osgi.internal.metadata.OSGiEJBMethodMetaDataImpl,[EJBContainer],com.ibm.ws.ejbcontainer.osgi.internal.resources.EJBContainerMessages,null]"
    tc = class com.ibm.websphere.ras.TraceComponent@668390bd
      strings[0] = "TraceComponent[com.ibm.ejs.container.EJBMethodInfoImpl,class com.ibm.ejs.container.EJBMethodInfoImpl,[EJBContainer],com.ibm.ejs.container.container,null]"
    methodSignature = "__defaultAIMethodInfo__"
    jdiMethodSignature = "- NO JDI SIGNATURE AVAILABLE - "
    txAttr = class com.ibm.websphere.csi.TransactionAttribute@6cd7ed00
      TX_NOT_SUPPORTED = class com.ibm.websphere.csi.TransactionAttribute@11b321e0
      TX_BEAN_MANAGED = class com.ibm.websphere.csi.TransactionAttribute@7d8e0d
      TX_REQUIRED = class com.ibm.websphere.csi.TransactionAttribute@7040d188
      TX_SUPPORTS = class com.ibm.websphere.csi.TransactionAttribute@6cd7ed00
      TX_REQUIRES_NEW = class com.ibm.websphere.csi.TransactionAttribute@72ce59c0
      TX_MANDATORY = class com.ibm.websphere.csi.TransactionAttribute@7afada58
      TX_NEVER = class com.ibm.websphere.csi.TransactionAttribute@169b3eec
      value = 3
      name = "TX_SUPPORTS"
      numAttrs = 7
    asAttr = class com.ibm.websphere.csi.ActivitySessionAttribute@5954d111
      NOT_SUPPORTED = 0
      BEAN_MANAGED = 1
      REQUIRED = 2
      SUPPORTS = 3
      REQUIRES_NEW = 4
      MANDATORY = 5
      NEVER = 6
      UNKNOWN = 7
      AS_NOT_SUPPORTED = class com.ibm.websphere.csi.ActivitySessionAttribute@1f5517a
      AS_BEAN_MANAGED = class com.ibm.websphere.csi.ActivitySessionAttribute@5191a11
      AS_REQUIRED = class com.ibm.websphere.csi.ActivitySessionAttribute@42ae4e96
      AS_SUPPORTS = class com.ibm.websphere.csi.ActivitySessionAttribute@4ee60fc5
      AS_REQUIRES_NEW = class com.ibm.websphere.csi.ActivitySessionAttribute@6533f9e2
      AS_MANDATORY = class com.ibm.websphere.csi.ActivitySessionAttribute@28b7bec7
      AS_NEVER = class com.ibm.websphere.csi.ActivitySessionAttribute@18dd8fb9
      AS_UNKNOWN = class com.ibm.websphere.csi.ActivitySessionAttribute@5954d111
      value = 7
      name = "AS_UNKNOWN"
      numAttrs = 8
    ivInterface = class com.ibm.websphere.csi.MethodInterface@74baf825
      REMOTE = class com.ibm.websphere.csi.MethodInterface@74baf825
      HOME = class com.ibm.websphere.csi.MethodInterface@ad64bac
      LOCAL = class com.ibm.websphere.csi.MethodInterface@50dabeb
      LOCAL_HOME = class com.ibm.websphere.csi.MethodInterface@2aec7e98
      SERVICE_ENDPOINT = class com.ibm.websphere.csi.MethodInterface@790b1c3c
      TIMED_OBJECT = class com.ibm.websphere.csi.MethodInterface@41b8a39a
      MESSAGE_LISTENER = class com.ibm.websphere.csi.MethodInterface@29021ab5
      LIFECYCLE_INTERCEPTOR = class com.ibm.websphere.csi.MethodInterface@60d3b9b3
      ivValue = 1
      ivName = "Remote"
      svNumValues = 8
    methodName = "__defaultAIMethodInfo__NameOnly"
    isHome = false
    isStatefulSessionBean = false
    bmd = class com.ibm.ws.ejbcontainer.osgi.internal.metadata.OSGiBeanMetaData@76cc0368
    isStatelessSessionBean = false
    isSingletonSessionBean = true
    isHomeCreate = false
    isComponentRemove = false
    isolationAttr = 0
    readOnlyAttr = false
    isaCMP11CustomFinderWithForUpdateAI = false
    isaCMP11FBPK = false
    isLocal = false
    setClassLoader = false
    isCMRSetMethod = false
    isLightweight = false
    isLightweightTxCapable = false
    ivJPATaskName = null
    ivAroundInterceptors = null
    ivMethod = null
    ivNumberOfMethodParms = 0
    ivBridgeMethod = null
    ivSFSBRemove = false
    ivRetainIfException = false
    ivAccessTimeout = -1
    ivLockType = null
    ivAsynchMethod = false
    ivDeclaredExceptions = null
    ivDeclaredExceptionsComp = null
    ivDenyAll = false
    ivPermitAll = false
    ivRolesAllowed = null
    tc = class com.ibm.websphere.ras.TraceComponent@169e2c44
    NUM_STATIC_SLOTS = 4
    ID_UNINITIALIZED = -1
    id = -1
    metaDataInterface = class java.lang.Class@277e465e
      ANNOTATION = 8192
      ENUM = 16384
      SYNTHETIC = 4096
      cachedConstructor = null
      name = "com.ibm.ws.runtime.metadata.MethodMetaData"
      module = class java.lang.Module@7dc11ed1
      packageName = "com.ibm.ws.runtime.metadata"
      componentType = {} /* array length = 0 */
      allPermDomain = class java.security.ProtectionDomain@39d8da1e
      reflectionData = null
      classRedefinedCount = 0
      genericInfo = null
      EMPTY_CLASS_ARRAY = class java.lang.Class[0]
      serialVersionUID = 3206093459760846163
      serialPersistentFields = class java.io.ObjectStreamField[0]
      reflectionFactory = class jdk.internal.reflect.ReflectionFactory@633c3030
      enumConstants = null
      enumConstantDirectory = null
      annotationData = null
      annotationType = null
      classValueMap = null
    staticSlots = class java.lang.Object[4]
      Object[0] = null
      Object[1] = null
      Object[2] = null
      Object[3] = null
    dynamicSlots = null
  CachedAI_NotInitialize = 0
  CachedAI_HasMethodLevelAI = 1
  CachedAI_HasNoMethodLevelAI = -1
  cachedHasMethodLevelAI = 0
  ivCachedBeanLevelAccessIntent = null
  cvUsePortableClass = true
  ivAllowEarlyInsert = false
  homeRecord = class com.ibm.ws.ejbcontainer.osgi.internal.HomeRecordImpl@65b7a85a
    systemHomeBindingName = null
    remoteBindingData = null
    serialVersionUID = -7648623497327828699
    $$$tc$$$ = class com.ibm.websphere.ras.TraceComponent@624152df
      strings[0] = "TraceComponent[com.ibm.ws.ejbcontainer.osgi.internal.HomeRecordImpl,class com.ibm.ws.ejbcontainer.osgi.internal.HomeRecordImpl,[EJBContainer],com.ibm.ws.ejbcontainer.osgi.internal.resources.EJBContainerMessages,null]"
    beanO = class com.ibm.ejs.container.CMStatelessBeanO@39161c60
      serialVersionUID = 6553421454354990950
      tc = class com.ibm.websphere.ras.TraceComponent@5dab1b07
      CLASS_NAME = "com.ibm.ejs.container.StatelessBeanO"
      tc = class com.ibm.websphere.ras.TraceComponent@74bec982
      reentrant = true
      allowRollbackOnly = true
      discarded = false
      ivNumberOfBeansLimited = false
      POOLED = 3
      IN_METHOD = 4
      StateStrs = class java.lang.String[5]
      tc = class com.ibm.websphere.ras.TraceComponent@55d700e4
      CLASS_NAME = "com.ibm.ejs.container.SessionBeanO"
      DESTROYED = 0
      PRE_CREATE = 1
      CREATING = 2
      messageContextMethod = null
      sessionBean = class com.ibm.ejs.container.SessionHome@6bda1792
      currentIsolationLevel = 0
      ivCallbackKind = class com.ibm.ws.ejbcontainer.CallbackKind@602124ab
      CLASS_NAME = "com.ibm.ejs.container.ManagedBeanOBase"
      tc = class com.ibm.websphere.ras.TraceComponent@4a330b3d
      ivEjbInstance = class com.ibm.ejs.container.SessionHome@6bda1792
      ivEjbManagedObjectContext = null
      ivManagedObject = null
      ivInterceptors = null
      CLASS_NAME = "com.ibm.ejs.container.BeanO"
      tc = class com.ibm.websphere.ras.TraceComponent@52bf6062
      isZOS = false
      state = 3
      container = class com.ibm.ejs.container.EJSContainer@407456ab
      home = null
      pmiBean = null
      beanId = null
      beanPool = null
      connectionHandleList = null
      ivContainerTx = null
      ivActivationStrategy = null
      ivCacheKey = null
    homeInternal = class com.ibm.ejs.container.SessionHome@6bda1792
    bmd = class com.ibm.ws.ejbcontainer.osgi.internal.metadata.OSGiBeanMetaData@76cc0368
    ejbMmd = class com.ibm.ws.ejbcontainer.osgi.internal.metadata.OSGiEJBModuleMetaDataImpl@23145620
    homeOfHomes = class com.ibm.ejs.container.HomeOfHomes@49c33f2a
      CLASS_NAME = "com.ibm.ejs.container.HomeOfHomes"
      HOME_OF_HOMES = "__homeOfHomes"
      EJB_FACTORY = "__EJBFactory"
      j2eeNameFactory = class com.ibm.ws.container.service.metadata.internal.J2EENameFactoryImpl@81ffa9b
      container = class com.ibm.ejs.container.EJSContainer@407456ab
      activator = class com.ibm.ejs.container.activator.Activator@65bebdb9
      homeOfHomesJ2EEName = class com.ibm.ws.container.service.metadata.internal.J2EENameImpl@460e771c
      ivEJBFactoryHome = class com.ibm.ejs.container.EJBFactoryHome@55459636
      fastHashTableSize = 2053
      homesByName = class com.ibm.ejs.util.FastHashtable@4586ba52
      ivAppLinkData = class java.util.HashMap@3072137e
      beanOFactory = class com.ibm.ejs.container.CMStatelessBeanOFactory@2aa4f879
      tc = class com.ibm.websphere.ras.TraceComponent@14faae98
      activationStrategy = class com.ibm.ejs.container.activator.UncachedActivationStrategy@5da38fdd
      ivVersionedModuleNames = class java.util.concurrent.ConcurrentHashMap@53292f3d
    j2eeName = class com.ibm.ws.container.service.metadata.internal.J2EENameImpl@3a1cc7e2
    cmpVersion = 0
    connFactoryName = null
    ejbName = "JsonConfig"
    classLoader = class com.ibm.ws.classloading.internal.AppClassLoader@7df25b31
    beanType = 2
    ivRemoteBindingsHelper = null
    ivLocalBindingsHelper = null
    ivJavaGlobalBindings = class java.util.ArrayList@6e89891b
      serialVersionUID = 8683452581122892189
      DEFAULT_CAPACITY = 10
      EMPTY_ELEMENTDATA = class java.lang.Object[0]
      DEFAULTCAPACITY_EMPTY_ELEMENTDATA = class java.lang.Object[0]
      elementData = class java.lang.Object[10]
      size = 2
      MAX_ARRAY_SIZE = 2147483639
      modCount = 2
      MAX_ARRAY_SIZE = 2147483639
    ivJavaAppBindings = class java.util.ArrayList@2cf9fcc3
      serialVersionUID = 8683452581122892189
      DEFAULT_CAPACITY = 10
      EMPTY_ELEMENTDATA = class java.lang.Object[0]
      DEFAULTCAPACITY_EMPTY_ELEMENTDATA = class java.lang.Object[0]
      elementData = class java.lang.Object[10]
      size = 2
      MAX_ARRAY_SIZE = 2147483639
      modCount = 2
      MAX_ARRAY_SIZE = 2147483639
    childBeans = class java.util.Hashtable@25850020
      table = class java.util.Hashtable$Entry[11]
      count = 0
      threshold = 8
      loadFactor = 0.75
      modCount = 0
      serialVersionUID = 1421746759512286392
      MAX_ARRAY_SIZE = 2147483639
      keySet = null
      entrySet = null
      values = null
      KEYS = 0
      VALUES = 1
      ENTRIES = 2
    ivHasInheritance = false
    ivIsChild = false
    ivShortDefaultBindingsEnabled = null
  ivSingletonBeanO = null
  ivCreatingSingletonBeanO = true
  ivSingletonBeanOCreateFailed = true
  ivApplicationStarted = false

