------Start of DE processing------ = [27/06/19 04:07:54:795 COT]
Exception = java.util.concurrent.RejectedExecutionException
Source = com.ibm.ws.container.service.state.internal.ApplicationStateManager
probeid = 31
Stack Dump = java.util.concurrent.RejectedExecutionException: CWWKE1202E: No se puede enviar una tarea porque el ejecutor managedExecutorService[DefaultManagedExecutorService] (concurrencyPolicy[defaultConcurrencyPolicy]) ha concluido.
	at com.ibm.ws.threading.internal.PolicyExecutorImpl.enqueue(PolicyExecutorImpl.java:520)
	at com.ibm.ws.threading.internal.PolicyExecutorImpl.invokeAll(PolicyExecutorImpl.java:654)
	at com.ibm.ws.concurrent.internal.ManagedExecutorServiceImpl.invokeAll(ManagedExecutorServiceImpl.java:413)
	at org.jboss.weld.executor.AbstractExecutorServices.invokeAllAndCheckForExceptions(AbstractExecutorServices.java:59)
	at org.jboss.weld.executor.AbstractExecutorServices.invokeAllAndCheckForExceptions(AbstractExecutorServices.java:67)
	at org.jboss.weld.bootstrap.ConcurrentBeanDeployer.addClasses(ConcurrentBeanDeployer.java:52)
	at org.jboss.weld.bootstrap.BeanDeployment.createClasses(BeanDeployment.java:198)
	at org.jboss.weld.bootstrap.WeldStartup.startInitialization(WeldStartup.java:412)
	at org.jboss.weld.bootstrap.WeldBootstrap.startInitialization(WeldBootstrap.java:79)
	at com.ibm.ws.cdi.impl.CDIContainerImpl$2.run(CDIContainerImpl.java:144)
	at com.ibm.ws.cdi.impl.CDIContainerImpl$2.run(CDIContainerImpl.java:141)
	at java.security.AccessController.doPrivileged(Native Method)
	at com.ibm.ws.cdi.impl.CDIContainerImpl.startInitialization(CDIContainerImpl.java:141)
	at com.ibm.ws.cdi.liberty.CDIRuntimeImpl.applicationStarting(CDIRuntimeImpl.java:438)
	at com.ibm.ws.container.service.state.internal.ApplicationStateManager.fireStarting(ApplicationStateManager.java:28)
	at com.ibm.ws.container.service.state.internal.StateChangeServiceImpl.fireApplicationStarting(StateChangeServiceImpl.java:50)
	at com.ibm.ws.app.manager.module.internal.DeployedAppInfoBase.preDeployApp(DeployedAppInfoBase.java:384)
	at com.ibm.ws.app.manager.module.internal.DeployedAppInfoBase.deployApp(DeployedAppInfoBase.java:413)
	at com.ibm.ws.app.manager.war.internal.WARApplicationHandlerImpl.install(WARApplicationHandlerImpl.java:65)
	at com.ibm.ws.app.manager.internal.statemachine.StartAction.execute(StartAction.java:140)
	at com.ibm.ws.app.manager.internal.statemachine.ApplicationStateMachineImpl.enterState(ApplicationStateMachineImpl.java:1261)
	at com.ibm.ws.app.manager.internal.statemachine.ApplicationStateMachineImpl.run(ApplicationStateMachineImpl.java:876)
	at com.ibm.ws.threading.internal.ExecutorServiceImpl$RunnableWrapper.run(ExecutorServiceImpl.java:239)
	at java.util.concurrent.ThreadPoolExecutor.runWorker(Unknown Source)
	at java.util.concurrent.ThreadPoolExecutor$Worker.run(Unknown Source)
	at java.lang.Thread.run(Unknown Source)

Dump of callerThis
Object type = com.ibm.ws.container.service.state.internal.ApplicationStateManager
  serialVersionUID = -6685368059484454124
  $$$tc$$$ = class com.ibm.websphere.ras.TraceComponent@108b1d42
    strings[0] = "TraceComponent[com.ibm.ws.container.service.state.internal.ApplicationStateManager,class com.ibm.ws.container.service.state.internal.ApplicationStateManager,[Runtime],,null]"
  listeners = class com.ibm.wsspi.kernel.service.utils.ConcurrentServiceReferenceSet@759b4713
    referenceName = "applicationStateListeners"
    contextRef = class java.util.concurrent.atomic.AtomicReference@5117af64
      serialVersionUID = -1848883965231344442
      unsafe = class sun.misc.Unsafe@29fd619b
      valueOffset = 12
      value = class org.apache.felix.scr.impl.manager.ComponentContextImpl@35f241e2
    elementMap = class java.util.LinkedHashMap@48676c7f
      serialVersionUID = 3801124242820219131
      head = class java.util.LinkedHashMap$Entry@778606d3
      tail = class java.util.LinkedHashMap$Entry@47d783e7
      accessOrder = false
      serialVersionUID = 362498820763181265
      DEFAULT_INITIAL_CAPACITY = 16
      MAXIMUM_CAPACITY = 1073741824
      DEFAULT_LOAD_FACTOR = 0.75
      TREEIFY_THRESHOLD = 8
      UNTREEIFY_THRESHOLD = 6
      MIN_TREEIFY_CAPACITY = 64
      table = class java.util.HashMap$Node[32]
      entrySet = null
      size = 12
      modCount = 14
      threshold = 24
      loadFactor = 0.75
      keySet = null
      values = null
    elementSet = class java.util.concurrent.ConcurrentSkipListSet@58f130c
      serialVersionUID = -2479143111061671589
      m = class java.util.concurrent.ConcurrentSkipListMap@663d0f9e
      UNSAFE = class sun.misc.Unsafe@29fd619b
      mapOffset = 12
      MAX_ARRAY_SIZE = 2147483639
    elementSetUnsorted = false
    serialVersionUID = 756240983881166148
    $$$tc$$$ = class com.ibm.websphere.ras.TraceComponent@15ada61
      strings[0] = "TraceComponent[com.ibm.wsspi.kernel.service.utils.ConcurrentServiceReferenceSet,class com.ibm.wsspi.kernel.service.utils.ConcurrentServiceReferenceSet,[kernelUtils],com.ibm.ws.kernel.service.utils.resources.ServiceMessages,null]"
  serialVersionUID = 2284273176985484160
  $$$tc$$$ = class com.ibm.websphere.ras.TraceComponent@40561ce7
    strings[0] = "TraceComponent[com.ibm.ws.container.service.state.internal.StateChangeManager,class com.ibm.ws.container.service.state.internal.StateChangeManager,[Runtime],,null]"

Dump of objectArray[0]
Object type = com.ibm.ws.container.service.app.deploy.internal.ApplicationInfoImpl
  appName = "project_duplicate"
  appMetaData = class com.ibm.ws.container.service.app.deploy.internal.ApplicationMetaDataImpl@374cdd59
    j2eeName = class com.ibm.ws.container.service.metadata.internal.J2EENameImpl@41adf01e
      serialVersionUID = 7488184044073147667
      application = "softswitch-legacy"
      module = null
      component = null
      string = "softswitch-legacy"
      j2eeNameBytes = null
      $$$tc$$$ = class com.ibm.websphere.ras.TraceComponent@64e734c4
    serialVersionUID = -7906531148367236579
    $$$tc$$$ = class com.ibm.websphere.ras.TraceComponent@2ed830ff
      strings[0] = "TraceComponent[com.ibm.ws.container.service.app.deploy.internal.ApplicationMetaDataImpl,class com.ibm.ws.container.service.app.deploy.internal.ApplicationMetaDataImpl,[container.service],com.ibm.ws.container.service.resources.Messages,null]"
    tc = class com.ibm.websphere.ras.TraceComponent@72b2886f
      strings[0] = "TraceComponent[com.ibm.ws.runtime.metadata.MetaDataImpl,class com.ibm.ws.runtime.metadata.MetaDataImpl,[Runtime],null,null]"
    NUM_STATIC_SLOTS = 4
    ID_UNINITIALIZED = -1
    id = 0
    metaDataInterface = class java.lang.Class@510b1c8e
      ANNOTATION = 8192
      ENUM = 16384
      SYNTHETIC = 4096
      cachedConstructor = null
      newInstanceCallerCache = null
      name = null
      allPermDomain = class java.security.ProtectionDomain@2c830069
      useCaches = true
      reflectionData = null
      classRedefinedCount = 0
      genericInfo = null
      serialVersionUID = 3206093459760846163
      serialPersistentFields = class java.io.ObjectStreamField[0]
      reflectionFactory = class sun.reflect.ReflectionFactory@41b6c150
      initted = true
      enumConstants = null
      enumConstantDirectory = null
      annotationData = null
      annotationType = null
      classValueMap = null
    staticSlots = class java.lang.Object[4]
      Object[0] = null
      Object[1] = class com.ibm.ws.injectionengine.osgi.internal.OSGiInjectionScopeData@194a2f92
      Object[2] = null
      Object[3] = null
    dynamicSlots = class java.lang.Object[4]
      Object[0] = null
      Object[1] = class com.ibm.ws.cdi.impl.weld.WebSphereCDIDeploymentImpl@1fb862bb
      Object[2] = "project_duplicate"
      Object[3] = null
  appContainer = class com.ibm.ws.adaptable.module.internal.AdaptableContainerImpl@59370299
    root = class com.ibm.ws.adaptable.module.internal.AdaptableContainerImpl@59370299
    rootOverlay = class com.ibm.ws.artifact.overlay.internal.DirectoryBasedOverlayContainerImpl@6a816a06
      base = class com.ibm.ws.artifact.loose.internal.LooseArchive@5bc8aaea
      maskSet = class java.util.HashSet@3a783acf
      cfHolder = class com.ibm.ws.artifact.overlay.internal.OverlayContainerFactoryImpl@bfe037b
      fileOverlayContainer = class com.ibm.ws.artifact.file.internal.FileContainer@6cfef7c2
      overlayDirectory = class java.io.File@1f46bf32
      cacheDirForOverlay = class java.io.File@147c9ca
      overlayNotifier = class com.ibm.ws.artifact.overlay.internal.DirectoryBasedOverlayNotifier@7a92256f
      enclosingContainer = null
      entryInEnclosingContainer = null
      nestedOverlays = class java.util.concurrent.ConcurrentHashMap@61c98d18
      cacheStore = class com.ibm.ws.artifact.overlay.internal.OverlayCache@4bdc113c
      parentOverlay = null
      isPassThroughMode = true
      serialVersionUID = -1690795617118238166
      $$$tc$$$ = class com.ibm.websphere.ras.TraceComponent@1cfefdc3
    factoryHolder = class com.ibm.ws.adaptable.module.internal.AdaptableModuleFactoryImpl@657c7f1f
      adapterFactoryService = class com.ibm.ws.adaptable.module.internal.AdapterFactoryServiceImpl@37d4e50d
      containerFactory = class com.ibm.ws.artifact.internal.ArtifactContainerFactoryService@4c26fee
      overlayContainerFactory = class com.ibm.ws.artifact.overlay.internal.OverlayContainerFactoryImpl@bfe037b
      serialVersionUID = 4200251809856292987
      $$$tc$$$ = class com.ibm.websphere.ras.TraceComponent@d9420c4
    delegate = class com.ibm.ws.artifact.overlay.internal.DirectoryBasedOverlayContainerImpl@6a816a06
    notifier = class com.ibm.ws.adaptable.module.internal.NotifierImpl@44824a48
      root = class com.ibm.ws.adaptable.module.internal.AdaptableContainerImpl@59370299
      delegateNotifier = class com.ibm.ws.artifact.overlay.internal.DirectoryBasedOverlayNotifier@7a92256f
      delegateRoot = class com.ibm.ws.artifact.overlay.internal.DirectoryBasedOverlayContainerImpl@6a816a06
      listenerDelegates = class java.util.HashMap@74ea9814
      serialVersionUID = 6839382523957017880
      $$$tc$$$ = class com.ibm.websphere.ras.TraceComponent@58eee6ff
    serialVersionUID = -5621513278641113667
    $$$tc$$$ = class com.ibm.websphere.ras.TraceComponent@53f57c99
      strings[0] = "TraceComponent[com.ibm.ws.adaptable.module.internal.AdaptableContainerImpl,class com.ibm.ws.adaptable.module.internal.AdaptableContainerImpl,[archive.adaptable],,null]"
  configHelper = class com.ibm.ws.app.manager.module.ApplicationNestedConfigHelper@58cbc1b1
    appInfo = class com.ibm.ws.app.manager.internal.ApplicationInstallInfo@74fcd448
    serialVersionUID = -3174031738676705046
    $$$tc$$$ = class com.ibm.websphere.ras.TraceComponent@62645bb0
      strings[0] = "TraceComponent[com.ibm.ws.app.manager.module.ApplicationNestedConfigHelper,class com.ibm.ws.app.manager.module.ApplicationNestedConfigHelper,[applications, app.manager],,null]"
  applicationInformation = class com.ibm.ws.app.manager.internal.ApplicationInstallInfo@74fcd448
    _config = class com.ibm.ws.app.manager.internal.ApplicationConfig@1480d79c
      tc = class com.ibm.websphere.ras.TraceComponent@25dce9e
      _configPid = "com.ibm.ws.app.manager_51"
      _config = class com.ibm.ws.config.admin.ConfigurationDictionary@61ab8abe
      _applicationManager = class com.ibm.ws.app.manager.ApplicationManager@4f3e488f
      _location = "project_duplicate.war"
      _type = "war"
      _name = "softswitch-legacy"
      _notificationBroadcasterSupport = class javax.management.NotificationBroadcasterSupport@5c43a4f3
      ONE_TIME_JANDEX_MSGS_DISPLAYED = true
    _handlerInfo = class java.util.concurrent.atomic.AtomicReference@45f76640
      serialVersionUID = -1848883965231344442
      unsafe = class sun.misc.Unsafe@29fd619b
      valueOffset = 12
      value = class com.ibm.ws.app.manager.war.internal.WARDeployedAppInfo@32348d19
    _container = class java.util.concurrent.atomic.AtomicReference@4337f106
      serialVersionUID = -1848883965231344442
      unsafe = class sun.misc.Unsafe@29fd619b
      valueOffset = 12
      value = class com.ibm.ws.adaptable.module.internal.AdaptableContainerImpl@59370299
    _resolvedLocation = class java.util.concurrent.atomic.AtomicReference@51fb23bc
      serialVersionUID = -1848883965231344442
      unsafe = class sun.misc.Unsafe@29fd619b
      valueOffset = 12
      value = class com.ibm.ws.kernel.service.location.internal.LocalFileResource@137c16f1
    _handler = class com.ibm.ws.app.manager.war.internal.WARApplicationHandlerImpl@6e12ba81
      futureMonitor = class com.ibm.ws.threading.internal.FutureMonitorImpl@5c906451
      deployedAppFactory = class com.ibm.ws.app.manager.war.internal.WARDeployedAppInfoFactoryImpl@114ecaff
      serialVersionUID = 4622845147410944782
      $$$tc$$$ = class com.ibm.websphere.ras.TraceComponent@6c6d02b5
    _ami = class java.util.concurrent.atomic.AtomicReference@43d52228
      serialVersionUID = -1848883965231344442
      unsafe = class sun.misc.Unsafe@29fd619b
      valueOffset = 12
      value = class com.ibm.wsspi.application.handler.DefaultApplicationMonitoringInformation@584690a3
    _updateHandler = class com.ibm.ws.app.manager.internal.statemachine.ApplicationStateMachineImpl@3d6e8974
      _tc = class com.ibm.websphere.ras.TraceComponent@5e522e2
      EMPTY_FUTURE_ARRAY = interface java.util.concurrent.Future[0]
      asmSequenceNumber = class java.util.concurrent.atomic.AtomicLong@2a92ac00
      _qscaCounter = class java.util.concurrent.atomic.AtomicInteger@39c03e97
      _failedThrowable = null
      _interruptibleLock = class com.ibm.ws.app.manager.internal.statemachine.ApplicationStateMachineImpl$2@65b13eae
      _interruptible = false
      _performingQueuedActions = true
      _queuedActions = class java.util.concurrent.ConcurrentLinkedQueue@737b2b44
      _callbackState = class java.util.concurrent.atomic.AtomicReference@3b05bc06
      blockAppStartingFutures = class java.util.Collections$SetFromMap@3891977
      waitingForAppHandlerFuture = class java.util.concurrent.atomic.AtomicReference@6f2113e6
      waitingForExplicitStartFuture = class java.util.concurrent.atomic.AtomicReference@452a244d
      completionListener = class java.util.concurrent.atomic.AtomicReference@53595562
      _notifyAppStopped = class java.util.concurrent.ConcurrentLinkedQueue@1850bcdf
      _notifyAppStarting = class java.util.concurrent.ConcurrentLinkedQueue@7f092210
      _notifyAppInstallCalled = class java.util.concurrent.ConcurrentLinkedQueue@6b9579f0
      _notifyAppStarted = class java.util.concurrent.ConcurrentLinkedQueue@72fec3a5
      _notifyAppRemoved = class java.util.concurrent.ConcurrentLinkedQueue@6fd52f61
      _stateLock = class com.ibm.ws.app.manager.internal.statemachine.ApplicationStateMachineImpl$3@597a9929
      _internalState = class java.util.concurrent.atomic.AtomicReference@19e0210f
      _currentAction = class java.util.concurrent.atomic.AtomicReference@1d072a7d
      _rfa = class java.util.concurrent.atomic.AtomicReference@5b6fa09b
      _appInstallInfo = class java.util.concurrent.atomic.AtomicReference@56d1d90e
      _update = class java.util.concurrent.atomic.AtomicBoolean@4e217282
      _appConfig = class java.util.concurrent.atomic.AtomicReference@6a51fdf9
      _nextAppConfig = class java.util.concurrent.atomic.AtomicReference@4c9cf350
      _appContainer = class java.util.concurrent.atomic.AtomicReference@14dd4a64
      _resolvedLocation = class java.util.concurrent.atomic.AtomicReference@51ad9f1f
      _handler = class java.util.concurrent.atomic.AtomicReference@34760ee6
      _asmSeqNo = 0
      _ctx = class org.eclipse.osgi.internal.framework.BundleContextImpl@4702e0db
      _locAdmin = class com.ibm.ws.kernel.service.location.internal.WsLocationAdminImpl@77f3f51e
      _futureMonitor = class com.ibm.ws.threading.internal.FutureMonitorImpl@5c906451
      _artifactFactory = class com.ibm.ws.artifact.internal.ArtifactContainerFactoryService@4c26fee
      _moduleFactory = class com.ibm.ws.adaptable.module.internal.AdaptableModuleFactoryImpl@657c7f1f
      _executorService = class com.ibm.ws.threading.internal.ExecutorServiceImpl@6204ed1d
      _scheduledExecutorService = class com.ibm.ws.threading.internal.ScheduledExecutorImpl@3a48a172
      _asmHelper = class com.ibm.ws.app.manager.internal.ApplicationConfigurator$NamedApplication@42d4b6d
      _appMonitor = class com.ibm.ws.app.manager.internal.monitor.ApplicationMonitor@6680e001
      enterStateCalled = class java.util.concurrent.atomic.AtomicBoolean@1fdb6d4b
      serialVersionUID = 6511956370079301927
      serialVersionUID = 5501066335104962649
      $$$tc$$$ = class com.ibm.websphere.ras.TraceComponent@11ebb86e
    serialVersionUID = 2630639237123415755
    $$$tc$$$ = class com.ibm.websphere.ras.TraceComponent@4d4da7c9
      strings[0] = "TraceComponent[com.ibm.ws.app.manager.internal.ApplicationInstallInfo,class com.ibm.ws.app.manager.internal.ApplicationInstallInfo,[applications, app.manager],com.ibm.ws.app.manager.internal.resources.AppManagerMessages,null]"
  serialVersionUID = -505303337196743781
  $$$tc$$$ = class com.ibm.websphere.ras.TraceComponent@59b0a0d6
    strings[0] = "TraceComponent[com.ibm.ws.container.service.app.deploy.internal.ApplicationInfoImpl,class com.ibm.ws.container.service.app.deploy.internal.ApplicationInfoImpl,[container.service],com.ibm.ws.container.service.resources.Messages,null]"

