------Start of DE processing------ = [27/06/19 04:08:40:797 COT]
Exception = com.ibm.ejs.container.EJBConfigurationException
Source = com.ibm.ws.ejbcontainer.osgi.internal.ModuleInitDataAdapter
probeid = 123
Stack Dump = com.ibm.ejs.container.EJBConfigurationException: Errors occurred processing EJB metadata
	at com.ibm.ws.ejbcontainer.osgi.internal.ModuleInitDataFactory.createModuleInitData(ModuleInitDataFactory.java:536)
	at com.ibm.ws.ejbcontainer.osgi.internal.ModuleInitDataAdapter.createModuleInitData(ModuleInitDataAdapter.java:145)
	at com.ibm.ws.ejbcontainer.osgi.internal.ModuleInitDataAdapter.adapt(ModuleInitDataAdapter.java:108)
	at com.ibm.ws.ejbcontainer.osgi.internal.ModuleInitDataAdapter.adapt(ModuleInitDataAdapter.java:40)
	at com.ibm.ws.adaptable.module.internal.AdapterFactoryServiceImpl.adapt(AdapterFactoryServiceImpl.java:196)
	at com.ibm.ws.adaptable.module.internal.AdaptableContainerImpl.adapt(AdaptableContainerImpl.java:170)
	at com.ibm.ws.ejbcontainer.osgi.internal.EJBContainerImpl.createEJBInWARModuleMetaData(EJBContainerImpl.java:143)
	at com.ibm.ws.ejbcontainer.war.internal.EJBWARMetaDataRuntime.createdNestedModuleMetaData(EJBWARMetaDataRuntime.java:63)
	at com.ibm.ws.app.manager.module.internal.SimpleDeployedAppInfoBase$ModuleContainerInfoBase.createModuleMetaData(SimpleDeployedAppInfoBase.java:173)
	at com.ibm.ws.app.manager.module.internal.DeployedAppInfoBase.preDeployApp(DeployedAppInfoBase.java:369)
	at com.ibm.ws.app.manager.module.internal.DeployedAppInfoBase.deployApp(DeployedAppInfoBase.java:413)
	at com.ibm.ws.app.manager.war.internal.WARApplicationHandlerImpl.install(WARApplicationHandlerImpl.java:65)
	at com.ibm.ws.app.manager.internal.statemachine.StartAction.execute(StartAction.java:140)
	at com.ibm.ws.app.manager.internal.statemachine.ApplicationStateMachineImpl.enterState(ApplicationStateMachineImpl.java:1261)
	at com.ibm.ws.app.manager.internal.statemachine.ApplicationStateMachineImpl.run(ApplicationStateMachineImpl.java:876)
	at com.ibm.ws.threading.internal.ExecutorServiceImpl$RunnableWrapper.run(ExecutorServiceImpl.java:239)
	at java.util.concurrent.ThreadPoolExecutor.runWorker(Unknown Source)
	at java.util.concurrent.ThreadPoolExecutor$Worker.run(Unknown Source)
	at java.lang.Thread.run(Unknown Source)

Dump of callerThis
Object type = com.ibm.ws.ejbcontainer.osgi.internal.ModuleInitDataAdapter
  NON_PERSISTENT_CACHE_KEY = class java.lang.Class@59548840
    ANNOTATION = 8192
    ENUM = 16384
    SYNTHETIC = 4096
    cachedConstructor = null
    newInstanceCallerCache = null
    name = "com.ibm.ws.ejbcontainer.osgi.internal.ModuleInitDataImpl"
    allPermDomain = class java.security.ProtectionDomain@486f5f55
      codesource = null
      classloader = null
      principals = interface java.security.Principal[0]
      permissions = class java.security.Permissions@752e1412
      hasAllPerm = true
      staticPermissions = true
      key = class java.security.ProtectionDomain$Key@1f9dc0db
      debug = null
    useCaches = true
    reflectionData = null
    classRedefinedCount = 0
    genericInfo = null
    serialVersionUID = 3206093459760846163
    serialPersistentFields = class java.io.ObjectStreamField[0]
    reflectionFactory = class sun.reflect.ReflectionFactory@79661d44
      initted = true
      reflectionFactoryAccessPerm = class java.lang.RuntimePermission@34d68300
      soleInstance = class sun.reflect.ReflectionFactory@79661d44
      langReflectAccess = class java.lang.reflect.ReflectAccess@59066bff
      hasStaticInitializerMethod = null
      noInflation = false
      inflationThreshold = 15
    initted = true
    enumConstants = null
    enumConstantDirectory = null
    annotationData = class java.lang.Class$AnnotationData@886323a
      annotations = class java.util.LinkedHashMap@39eae085
      declaredAnnotations = class java.util.LinkedHashMap@39eae085
      redefinedCount = 0
    annotationType = null
    classValueMap = null
  REFERENCE_CLASS_LOADING_SERVICE = "classLoadingService"
  REFERENCE_MODULE_INIT_DATA_FACTORY = "moduleInitDataFactory"
  classLoadingServiceSR = class com.ibm.wsspi.kernel.service.utils.AtomicServiceReference@668ce137
    referenceName = "classLoadingService"
    tuple = class java.util.concurrent.atomic.AtomicReference@3e4f2eaf
      serialVersionUID = -1848883965231344442
      unsafe = class sun.misc.Unsafe@4e247326
      valueOffset = 12
      value = class com.ibm.wsspi.kernel.service.utils.AtomicServiceReference$ReferenceTuple@5042cd69
    serialVersionUID = 2226592364007985000
    $$$tc$$$ = class com.ibm.websphere.ras.TraceComponent@307c750a
      strings[0] = "TraceComponent[com.ibm.wsspi.kernel.service.utils.AtomicServiceReference,class com.ibm.wsspi.kernel.service.utils.AtomicServiceReference,[kernelUtils],com.ibm.ws.kernel.service.utils.resources.ServiceMessages,null]"
  moduleInitDataFactorySR = class com.ibm.wsspi.kernel.service.utils.AtomicServiceReference@5a6db2f1
    referenceName = "moduleInitDataFactory"
    tuple = class java.util.concurrent.atomic.AtomicReference@770a881f
      serialVersionUID = -1848883965231344442
      unsafe = class sun.misc.Unsafe@4e247326
      valueOffset = 12
      value = class com.ibm.wsspi.kernel.service.utils.AtomicServiceReference$ReferenceTuple@1f69dc33
    serialVersionUID = 2226592364007985000
    $$$tc$$$ = class com.ibm.websphere.ras.TraceComponent@307c750a
  serialVersionUID = 4116129011515003371
  $$$tc$$$ = class com.ibm.websphere.ras.TraceComponent@729f4676
    strings[0] = "TraceComponent[com.ibm.ws.ejbcontainer.osgi.internal.ModuleInitDataAdapter,class com.ibm.ws.ejbcontainer.osgi.internal.ModuleInitDataAdapter,[EJBContainer],com.ibm.ws.ejbcontainer.osgi.internal.resources.EJBContainerMessages,null]"

Dump of objectArray[0]
Object type = com.ibm.ws.adaptable.module.internal.AdaptableContainerImpl
  root = class com.ibm.ws.adaptable.module.internal.AdaptableContainerImpl@31aefdf5
  rootOverlay = class com.ibm.ws.artifact.overlay.internal.DirectoryBasedOverlayContainerImpl@27c95a12
    base = class com.ibm.ws.artifact.loose.internal.LooseArchive@650dd5ab
      cacheDir = class java.io.File@74fde62b
      xmlFile = class java.io.File@c883cc1
      parent = null
      cfh = class com.ibm.ws.artifact.loose.internal.LooseContainerFactoryHelper@19698fc
      pathInParent = null
      _entries = class java.util.ArrayList@5603ce69
      tc = class com.ibm.websphere.ras.TraceComponent@747a12ff
      artifactNotifier = class com.ibm.ws.artifact.loose.internal.LooseArtifactNotifier@4dd4b63c
      serialVersionUID = 345486831272892625
    maskSet = class java.util.HashSet@3a9207b1
      serialVersionUID = -5024744406713321676
      map = class java.util.HashMap@47d351dc
      PRESENT = class java.lang.Object@20f776da
      MAX_ARRAY_SIZE = 2147483639
    cfHolder = class com.ibm.ws.artifact.overlay.internal.OverlayContainerFactoryImpl@20325278
      containerFactory = class com.ibm.ws.artifact.internal.ArtifactContainerFactoryService@7365046f
      serialVersionUID = 6296466117843221178
      $$$tc$$$ = class com.ibm.websphere.ras.TraceComponent@2985b7f0
    fileOverlayContainer = class com.ibm.ws.artifact.file.internal.FileContainer@360c66eb
      containerFactoryHolder = class com.ibm.ws.artifact.file.internal.FileContainerFactory@f06d72
      parent = null
      thisInParent = null
      dir = class java.io.File@3d275d0c
      cacheDir = class java.io.File@17a27a96
      isRoot = true
      root = class com.ibm.ws.artifact.file.internal.FileContainer@360c66eb
      artifactNotifier = class com.ibm.ws.artifact.file.FileArtifactNotifier@72c0d16
      serialVersionUID = -542248409847968651
      $$$tc$$$ = class com.ibm.websphere.ras.TraceComponent@5dd4a9b0
    overlayDirectory = class java.io.File@3d275d0c
      fs = class java.io.WinNTFileSystem@378136e1
      path = "D:\devel\tools\wlp\usr\servers\defaultServer\workarea\org.eclipse.osgi\77\data\cacheAdapt\com.ibm.ws.app.manager_53\.overlay"
      status = class java.io.File$PathStatus@5db57e2e
      prefixLength = 3
      separatorChar = \
      separator = "\"
      pathSeparatorChar = ;
      pathSeparator = ";"
      PATH_OFFSET = 16
      PREFIX_LENGTH_OFFSET = 12
      UNSAFE = class sun.misc.Unsafe@4e247326
      serialVersionUID = 301077366599181567
      filePath = null
      $assertionsDisabled = true
    cacheDirForOverlay = class java.io.File@17a27a96
      fs = class java.io.WinNTFileSystem@378136e1
      path = "D:\devel\tools\wlp\usr\servers\defaultServer\workarea\org.eclipse.osgi\77\data\cacheOverlay\com.ibm.ws.app.manager_53"
      status = class java.io.File$PathStatus@5db57e2e
      prefixLength = 3
      separatorChar = \
      separator = "\"
      pathSeparatorChar = ;
      pathSeparator = ";"
      PATH_OFFSET = 16
      PREFIX_LENGTH_OFFSET = 12
      UNSAFE = class sun.misc.Unsafe@4e247326
      serialVersionUID = 301077366599181567
      filePath = null
      $assertionsDisabled = true
    overlayNotifier = class com.ibm.ws.artifact.overlay.internal.DirectoryBasedOverlayNotifier@72f5a6b5
    enclosingContainer = null
    entryInEnclosingContainer = null
    nestedOverlays = class java.util.concurrent.ConcurrentHashMap@25314b88
      serialVersionUID = 7249069246763182397
      MAXIMUM_CAPACITY = 1073741824
      DEFAULT_CAPACITY = 16
      MAX_ARRAY_SIZE = 2147483639
      DEFAULT_CONCURRENCY_LEVEL = 16
      LOAD_FACTOR = 0.75
      TREEIFY_THRESHOLD = 8
      UNTREEIFY_THRESHOLD = 6
      MIN_TREEIFY_CAPACITY = 64
      MIN_TRANSFER_STRIDE = 16
      RESIZE_STAMP_BITS = 16
      MAX_RESIZERS = 65535
      RESIZE_STAMP_SHIFT = 16
      MOVED = -1
      TREEBIN = -2
      RESERVED = -3
      HASH_BITS = 2147483647
      NCPU = 4
      serialPersistentFields = class java.io.ObjectStreamField[3]
      table = class java.util.concurrent.ConcurrentHashMap$Node[16]
      nextTable = null
      baseCount = 4
      sizeCtl = 12
      transferIndex = 0
      cellsBusy = 0
      counterCells = null
      keySet = null
      values = null
      entrySet = null
      U = class sun.misc.Unsafe@4e247326
      SIZECTL = 20
      TRANSFERINDEX = 32
      BASECOUNT = 24
      CELLSBUSY = 36
      CELLVALUE = 144
      ABASE = 16
      ASHIFT = 2
      keySet = null
      values = null
    cacheStore = class com.ibm.ws.artifact.overlay.internal.OverlayCache@70df4afb
      cache = class java.util.HashMap@32a7e69a
      serialVersionUID = -7877512378170016077
      $$$tc$$$ = class com.ibm.websphere.ras.TraceComponent@7961fbca
    parentOverlay = null
    isPassThroughMode = true
    serialVersionUID = -1690795617118238166
    $$$tc$$$ = class com.ibm.websphere.ras.TraceComponent@16140904
      strings[0] = "TraceComponent[com.ibm.ws.artifact.overlay.internal.DirectoryBasedOverlayContainerImpl,class com.ibm.ws.artifact.overlay.internal.DirectoryBasedOverlayContainerImpl,[archive.overlay],,null]"
  factoryHolder = class com.ibm.ws.adaptable.module.internal.AdaptableModuleFactoryImpl@1036ebbb
    adapterFactoryService = class com.ibm.ws.adaptable.module.internal.AdapterFactoryServiceImpl@7717a6d1
      toType = "toType"
      priv = class com.ibm.ws.kernel.service.util.SecureAction@f7e573
      containerHelperMap = class com.ibm.wsspi.kernel.service.utils.ConcurrentServiceReferenceSetMap@3593cce9
      entryHelperMap = class com.ibm.wsspi.kernel.service.utils.ConcurrentServiceReferenceSetMap@7dab3cb4
      containerToTypes = class java.util.Collections$SynchronizedSet@1526006b
      entryToTypes = class java.util.Collections$SynchronizedSet@2a45b3c1
      baseProperties = class org.apache.felix.scr.impl.helper.ReadOnlyDictionary@11ac6e4
      serialVersionUID = 5945907930609928466
      $$$tc$$$ = class com.ibm.websphere.ras.TraceComponent@6afda177
    containerFactory = class com.ibm.ws.artifact.internal.ArtifactContainerFactoryService@7365046f
      CATEGORY_PROP_NAME = "category"
      ENTRY_KEY = "com.ibm.wsspi.artifact.ArtifactEntry"
      helperMap = class com.ibm.wsspi.kernel.service.utils.ConcurrentServiceReferenceSetMap@5056c6f1
      contributorMap = class com.ibm.wsspi.kernel.service.utils.ConcurrentServiceReferenceSetMap@7524e768
      helperCategoryMap = class com.ibm.wsspi.kernel.service.utils.ConcurrentServiceReferenceSetMap@763c8f43
      contributorCategoryMap = class com.ibm.wsspi.kernel.service.utils.ConcurrentServiceReferenceSetMap@111f682f
      categories = class java.util.Collections$SynchronizedSet@779855b3
      baseProperties = class org.apache.felix.scr.impl.helper.ReadOnlyDictionary@25d5e38f
      serialVersionUID = -3101641399269402013
      $$$tc$$$ = class com.ibm.websphere.ras.TraceComponent@6c9822c9
    overlayContainerFactory = class com.ibm.ws.artifact.overlay.internal.OverlayContainerFactoryImpl@20325278
    serialVersionUID = 4200251809856292987
    $$$tc$$$ = class com.ibm.websphere.ras.TraceComponent@da922d7
      strings[0] = "TraceComponent[com.ibm.ws.adaptable.module.internal.AdaptableModuleFactoryImpl,class com.ibm.ws.adaptable.module.internal.AdaptableModuleFactoryImpl,[archive.adaptable],,null]"
  delegate = class com.ibm.ws.artifact.overlay.internal.DirectoryBasedOverlayContainerImpl@27c95a12
  notifier = class com.ibm.ws.adaptable.module.internal.NotifierImpl@75ea3b62
    root = class com.ibm.ws.adaptable.module.internal.AdaptableContainerImpl@31aefdf5
    delegateNotifier = class com.ibm.ws.artifact.overlay.internal.DirectoryBasedOverlayNotifier@72f5a6b5
      root = class com.ibm.ws.artifact.overlay.internal.DirectoryBasedOverlayContainerImpl@27c95a12
      overlayContainer = class com.ibm.ws.artifact.file.internal.FileContainer@360c66eb
      overlaidContainer = class com.ibm.ws.artifact.loose.internal.LooseArchive@650dd5ab
      listeningToContainers = true
      listeners = class java.util.concurrent.ConcurrentHashMap@56256d7d
      pathsMonitored = class java.util.HashSet@1c4e6846
      parentNotifier = null
      pathOfEntryInParent = null
      id = null
      serialVersionUID = -5716655730663296309
      $$$tc$$$ = class com.ibm.websphere.ras.TraceComponent@50e7366e
    delegateRoot = class com.ibm.ws.artifact.overlay.internal.DirectoryBasedOverlayContainerImpl@27c95a12
    listenerDelegates = class java.util.HashMap@55b9e063
      serialVersionUID = 362498820763181265
      DEFAULT_INITIAL_CAPACITY = 16
      MAXIMUM_CAPACITY = 1073741824
      DEFAULT_LOAD_FACTOR = 0.75
      TREEIFY_THRESHOLD = 8
      UNTREEIFY_THRESHOLD = 6
      MIN_TREEIFY_CAPACITY = 64
      table = class java.util.HashMap$Node[16]
      entrySet = null
      size = 3
      modCount = 3
      threshold = 12
      loadFactor = 0.75
      keySet = null
      values = null
    serialVersionUID = 6839382523957017880
    $$$tc$$$ = class com.ibm.websphere.ras.TraceComponent@24c42801
      strings[0] = "TraceComponent[com.ibm.ws.adaptable.module.internal.NotifierImpl,class com.ibm.ws.adaptable.module.internal.NotifierImpl,[archive.adaptable],,null]"
  serialVersionUID = -5621513278641113667
  $$$tc$$$ = class com.ibm.websphere.ras.TraceComponent@5d9fe469
    strings[0] = "TraceComponent[com.ibm.ws.adaptable.module.internal.AdaptableContainerImpl,class com.ibm.ws.adaptable.module.internal.AdaptableContainerImpl,[archive.adaptable],,null]"

Dump of objectArray[1]
Object type = com.ibm.ws.artifact.overlay.internal.DirectoryBasedOverlayContainerImpl
  base = class com.ibm.ws.artifact.loose.internal.LooseArchive@650dd5ab
    cacheDir = class java.io.File@74fde62b
      fs = class java.io.WinNTFileSystem@378136e1
      path = "D:\devel\tools\wlp\usr\servers\defaultServer\workarea\org.eclipse.osgi\77\data\cache\com.ibm.ws.app.manager_53"
      status = class java.io.File$PathStatus@5db57e2e
      prefixLength = 3
      separatorChar = \
      separator = "\"
      pathSeparatorChar = ;
      pathSeparator = ";"
      PATH_OFFSET = 16
      PREFIX_LENGTH_OFFSET = 12
      UNSAFE = class sun.misc.Unsafe@4e247326
      serialVersionUID = 301077366599181567
      filePath = null
      $assertionsDisabled = true
    xmlFile = class java.io.File@c883cc1
      fs = class java.io.WinNTFileSystem@378136e1
      path = "D:\devel\tools\wlp\usr\servers\defaultServer\apps\testingPrimefaces.war.xml"
      status = class java.io.File$PathStatus@5db57e2e
      prefixLength = 3
      separatorChar = \
      separator = "\"
      pathSeparatorChar = ;
      pathSeparator = ";"
      PATH_OFFSET = 16
      PREFIX_LENGTH_OFFSET = 12
      UNSAFE = class sun.misc.Unsafe@4e247326
      serialVersionUID = 301077366599181567
      filePath = null
      $assertionsDisabled = true
    parent = null
    cfh = class com.ibm.ws.artifact.loose.internal.LooseContainerFactoryHelper@19698fc
      locationService = class com.ibm.ws.kernel.service.location.internal.WsLocationAdminImpl@43a44c0f
      containerFactoryReference = class com.ibm.wsspi.kernel.service.utils.AtomicServiceReference@358d56b3
      ctx = class org.eclipse.osgi.internal.framework.BundleContextImpl@627976e5
      tc = class com.ibm.websphere.ras.TraceComponent@19f78922
      serialVersionUID = -6436244972857197695
    pathInParent = null
    _entries = class java.util.ArrayList@5603ce69
      serialVersionUID = 8683452581122892189
      DEFAULT_CAPACITY = 10
      EMPTY_ELEMENTDATA = class java.lang.Object[0]
      DEFAULTCAPACITY_EMPTY_ELEMENTDATA = class java.lang.Object[0]
      elementData = class java.lang.Object[10]
      size = 1
      MAX_ARRAY_SIZE = 2147483639
      modCount = 1
      MAX_ARRAY_SIZE = 2147483639
    tc = class com.ibm.websphere.ras.TraceComponent@747a12ff
      strings[0] = "TraceComponent[com.ibm.ws.artifact.loose.internal.LooseArchive,class com.ibm.ws.artifact.loose.internal.LooseArchive,[archive.artifact.xml],com.ibm.ws.artifact.loose.internal.resources.LooseApiMessages,null]"
    artifactNotifier = class com.ibm.ws.artifact.loose.internal.LooseArtifactNotifier@4dd4b63c
      root = class com.ibm.ws.artifact.loose.internal.LooseArchive@650dd5ab
      entries = class java.util.ArrayList@5603ce69
      serviceProperties = class java.util.Hashtable@54f573e9
      nonRecurseServiceProperties = class java.util.Hashtable@1f152cff
      interval = 500
      notificationType = "external"
      ctx = class org.eclipse.osgi.internal.framework.BundleContextImpl@627976e5
      service = class org.eclipse.osgi.internal.serviceregistry.ServiceRegistrationImpl@5d8e8fdf
      nonRecurseService = class org.eclipse.osgi.internal.serviceregistry.ServiceRegistrationImpl@52a25436
      filesToMonitor = class java.util.TreeMap@2e86d783
      filesBeingMonitored = class java.util.HashSet@48d79e8b
      dirsToMonitor = class java.util.TreeMap@37c2c643
      dirsBeingMonitored = class java.util.HashSet@1066690
      listeners = class java.util.concurrent.CopyOnWriteArrayList@19a483fc
      pathsBeingMonitored = class java.util.HashSet@6d736585
      parent = null
      children = class java.util.HashMap@4ca256b6
      enabledChildren = class java.util.ArrayList@7e229b54
      pathInParent = null
      serialVersionUID = 2923725971363407990
      $$$tc$$$ = class com.ibm.websphere.ras.TraceComponent@436da94
    serialVersionUID = 345486831272892625
  maskSet = class java.util.HashSet@3a9207b1
    serialVersionUID = -5024744406713321676
    map = class java.util.HashMap@47d351dc
      serialVersionUID = 362498820763181265
      DEFAULT_INITIAL_CAPACITY = 16
      MAXIMUM_CAPACITY = 1073741824
      DEFAULT_LOAD_FACTOR = 0.75
      TREEIFY_THRESHOLD = 8
      UNTREEIFY_THRESHOLD = 6
      MIN_TREEIFY_CAPACITY = 64
      table = null
      entrySet = null
      size = 0
      modCount = 0
      threshold = 0
      loadFactor = 0.75
      keySet = null
      values = null
    PRESENT = class java.lang.Object@20f776da
    MAX_ARRAY_SIZE = 2147483639
  cfHolder = class com.ibm.ws.artifact.overlay.internal.OverlayContainerFactoryImpl@20325278
    containerFactory = class com.ibm.ws.artifact.internal.ArtifactContainerFactoryService@7365046f
      CATEGORY_PROP_NAME = "category"
      ENTRY_KEY = "com.ibm.wsspi.artifact.ArtifactEntry"
      helperMap = class com.ibm.wsspi.kernel.service.utils.ConcurrentServiceReferenceSetMap@5056c6f1
      contributorMap = class com.ibm.wsspi.kernel.service.utils.ConcurrentServiceReferenceSetMap@7524e768
      helperCategoryMap = class com.ibm.wsspi.kernel.service.utils.ConcurrentServiceReferenceSetMap@763c8f43
      contributorCategoryMap = class com.ibm.wsspi.kernel.service.utils.ConcurrentServiceReferenceSetMap@111f682f
      categories = class java.util.Collections$SynchronizedSet@779855b3
      baseProperties = class org.apache.felix.scr.impl.helper.ReadOnlyDictionary@25d5e38f
      serialVersionUID = -3101641399269402013
      $$$tc$$$ = class com.ibm.websphere.ras.TraceComponent@6c9822c9
    serialVersionUID = 6296466117843221178
    $$$tc$$$ = class com.ibm.websphere.ras.TraceComponent@2985b7f0
      strings[0] = "TraceComponent[com.ibm.ws.artifact.overlay.internal.OverlayContainerFactoryImpl,class com.ibm.ws.artifact.overlay.internal.OverlayContainerFactoryImpl,[archive.overlay],,null]"
  fileOverlayContainer = class com.ibm.ws.artifact.file.internal.FileContainer@360c66eb
    containerFactoryHolder = class com.ibm.ws.artifact.file.internal.FileContainerFactory@f06d72
      containerFactory = class com.ibm.ws.artifact.internal.ArtifactContainerFactoryService@7365046f
      ctx = class org.eclipse.osgi.internal.framework.BundleContextImpl@3227d5fe
      serialVersionUID = 8609113308325935405
      $$$tc$$$ = class com.ibm.websphere.ras.TraceComponent@7311eb2
    parent = null
    thisInParent = null
    dir = class java.io.File@3d275d0c
    cacheDir = class java.io.File@17a27a96
    isRoot = true
    root = class com.ibm.ws.artifact.file.internal.FileContainer@360c66eb
    artifactNotifier = class com.ibm.ws.artifact.file.FileArtifactNotifier@72c0d16
      root = class com.ibm.ws.artifact.file.internal.FileContainer@360c66eb
      cfh = class com.ibm.ws.artifact.file.internal.FileContainerFactory@f06d72
      serviceProperties = class java.util.Hashtable@7276f179
      service = class org.eclipse.osgi.internal.serviceregistry.ServiceRegistrationImpl@1be6f978
      nonRecurseService = class org.eclipse.osgi.internal.serviceregistry.ServiceRegistrationImpl@5d5acc1a
      nonRecurseServiceProperties = class java.util.Hashtable@66a87d79
      listeners = class java.util.concurrent.ConcurrentHashMap@23a29896
      nonRecurselisteners = class java.util.concurrent.ConcurrentHashMap@75a6a782
      pathsBeingMonitored = class java.util.HashSet@301e7d76
      nonRecursePathsBeingMonitored = class java.util.HashSet@15f89db9
      rootAbsolutePath = "D:\devel\tools\wlp\usr\servers\defaultServer\workarea\org.eclipse.osgi\77\data\cacheAdapt\com.ibm.ws.app.manager_53\.overlay"
      interval = 500
      notificationType = "external"
      nonRecurseMonitor = class com.ibm.ws.artifact.file.FileArtifactNotifier$FileArtifactMonitor@22a9d1b8
      recurseMonitor = class com.ibm.ws.artifact.file.FileArtifactNotifier$FileArtifactMonitor@62f3f8d8
      serialVersionUID = -423938483708516951
      $$$tc$$$ = class com.ibm.websphere.ras.TraceComponent@3d7678ee
    serialVersionUID = -542248409847968651
    $$$tc$$$ = class com.ibm.websphere.ras.TraceComponent@5dd4a9b0
      strings[0] = "TraceComponent[com.ibm.ws.artifact.file.internal.FileContainer,class com.ibm.ws.artifact.file.internal.FileContainer,[archive.artifact.file],,null]"
  overlayDirectory = class java.io.File@3d275d0c
    fs = class java.io.WinNTFileSystem@378136e1
    path = "D:\devel\tools\wlp\usr\servers\defaultServer\workarea\org.eclipse.osgi\77\data\cacheAdapt\com.ibm.ws.app.manager_53\.overlay"
    status = class java.io.File$PathStatus@5db57e2e
    prefixLength = 3
    separatorChar = \
    separator = "\"
    pathSeparatorChar = ;
    pathSeparator = ";"
    PATH_OFFSET = 16
    PREFIX_LENGTH_OFFSET = 12
    UNSAFE = class sun.misc.Unsafe@4e247326
    serialVersionUID = 301077366599181567
    filePath = null
    $assertionsDisabled = true
  cacheDirForOverlay = class java.io.File@17a27a96
    fs = class java.io.WinNTFileSystem@378136e1
      slash = \
      altSlash = /
      semicolon = ;
      driveDirCache = class java.lang.String[26]
      cache = class java.io.ExpiringCache@163ca0b
      prefixCache = class java.io.ExpiringCache@5a2f2a5b
      BA_EXISTS = 1
      BA_REGULAR = 2
      BA_DIRECTORY = 4
      BA_HIDDEN = 8
      ACCESS_READ = 4
      ACCESS_WRITE = 2
      ACCESS_EXECUTE = 1
      SPACE_TOTAL = 0
      SPACE_FREE = 1
      SPACE_USABLE = 2
      useCanonCaches = true
      useCanonPrefixCache = true
    path = "D:\devel\tools\wlp\usr\servers\defaultServer\workarea\org.eclipse.osgi\77\data\cacheOverlay\com.ibm.ws.app.manager_53"
    status = class java.io.File$PathStatus@5db57e2e
      INVALID = class java.io.File$PathStatus@28ec931
      CHECKED = class java.io.File$PathStatus@5db57e2e
      $VALUES = class java.io.File$PathStatus[2]
      name = "CHECKED"
      ordinal = 1
    prefixLength = 3
    separatorChar = \
    separator = "\"
    pathSeparatorChar = ;
    pathSeparator = ";"
    PATH_OFFSET = 16
    PREFIX_LENGTH_OFFSET = 12
    UNSAFE = class sun.misc.Unsafe@4e247326
      theUnsafe = class sun.misc.Unsafe@4e247326
      INVALID_FIELD_OFFSET = -1
      ARRAY_BOOLEAN_BASE_OFFSET = 16
      ARRAY_BYTE_BASE_OFFSET = 16
      ARRAY_SHORT_BASE_OFFSET = 16
      ARRAY_CHAR_BASE_OFFSET = 16
      ARRAY_INT_BASE_OFFSET = 16
      ARRAY_LONG_BASE_OFFSET = 16
      ARRAY_FLOAT_BASE_OFFSET = 16
      ARRAY_DOUBLE_BASE_OFFSET = 16
      ARRAY_OBJECT_BASE_OFFSET = 16
      ARRAY_BOOLEAN_INDEX_SCALE = 1
      ARRAY_BYTE_INDEX_SCALE = 1
      ARRAY_SHORT_INDEX_SCALE = 2
      ARRAY_CHAR_INDEX_SCALE = 2
      ARRAY_INT_INDEX_SCALE = 4
      ARRAY_LONG_INDEX_SCALE = 8
      ARRAY_FLOAT_INDEX_SCALE = 4
      ARRAY_DOUBLE_INDEX_SCALE = 8
      ARRAY_OBJECT_INDEX_SCALE = 4
      ADDRESS_SIZE = 8
    serialVersionUID = 301077366599181567
    filePath = null
    $assertionsDisabled = true
  overlayNotifier = class com.ibm.ws.artifact.overlay.internal.DirectoryBasedOverlayNotifier@72f5a6b5
    root = class com.ibm.ws.artifact.overlay.internal.DirectoryBasedOverlayContainerImpl@27c95a12
    overlayContainer = class com.ibm.ws.artifact.file.internal.FileContainer@360c66eb
    overlaidContainer = class com.ibm.ws.artifact.loose.internal.LooseArchive@650dd5ab
    listeningToContainers = true
    listeners = class java.util.concurrent.ConcurrentHashMap@56256d7d
      serialVersionUID = 7249069246763182397
      MAXIMUM_CAPACITY = 1073741824
      DEFAULT_CAPACITY = 16
      MAX_ARRAY_SIZE = 2147483639
      DEFAULT_CONCURRENCY_LEVEL = 16
      LOAD_FACTOR = 0.75
      TREEIFY_THRESHOLD = 8
      UNTREEIFY_THRESHOLD = 6
      MIN_TREEIFY_CAPACITY = 64
      MIN_TRANSFER_STRIDE = 16
      RESIZE_STAMP_BITS = 16
      MAX_RESIZERS = 65535
      RESIZE_STAMP_SHIFT = 16
      MOVED = -1
      TREEBIN = -2
      RESERVED = -3
      HASH_BITS = 2147483647
      NCPU = 4
      serialPersistentFields = class java.io.ObjectStreamField[3]
      table = class java.util.concurrent.ConcurrentHashMap$Node[16]
      nextTable = null
      baseCount = 3
      sizeCtl = 12
      transferIndex = 0
      cellsBusy = 0
      counterCells = null
      keySet = class java.util.concurrent.ConcurrentHashMap$KeySetView@11db95ee
      values = null
      entrySet = null
      U = class sun.misc.Unsafe@4e247326
      SIZECTL = 20
      TRANSFERINDEX = 32
      BASECOUNT = 24
      CELLSBUSY = 36
      CELLVALUE = 144
      ABASE = 16
      ASHIFT = 2
      keySet = null
      values = null
    pathsMonitored = class java.util.HashSet@1c4e6846
      serialVersionUID = -5024744406713321676
      map = class java.util.HashMap@438cf218
      PRESENT = class java.lang.Object@20f776da
      MAX_ARRAY_SIZE = 2147483639
    parentNotifier = null
    pathOfEntryInParent = null
    id = null
    serialVersionUID = -5716655730663296309
    $$$tc$$$ = class com.ibm.websphere.ras.TraceComponent@50e7366e
      strings[0] = "TraceComponent[com.ibm.ws.artifact.overlay.internal.DirectoryBasedOverlayNotifier,class com.ibm.ws.artifact.overlay.internal.DirectoryBasedOverlayNotifier,[archive.overlay],,null]"
  enclosingContainer = null
  entryInEnclosingContainer = null
  nestedOverlays = class java.util.concurrent.ConcurrentHashMap@25314b88
    serialVersionUID = 7249069246763182397
    MAXIMUM_CAPACITY = 1073741824
    DEFAULT_CAPACITY = 16
    MAX_ARRAY_SIZE = 2147483639
    DEFAULT_CONCURRENCY_LEVEL = 16
    LOAD_FACTOR = 0.75
    TREEIFY_THRESHOLD = 8
    UNTREEIFY_THRESHOLD = 6
    MIN_TREEIFY_CAPACITY = 64
    MIN_TRANSFER_STRIDE = 16
    RESIZE_STAMP_BITS = 16
    MAX_RESIZERS = 65535
    RESIZE_STAMP_SHIFT = 16
    MOVED = -1
    TREEBIN = -2
    RESERVED = -3
    HASH_BITS = 2147483647
    NCPU = 4
    serialPersistentFields = class java.io.ObjectStreamField[3]
      ObjectStreamField[0] = class java.io.ObjectStreamField@2b81cf54
      ObjectStreamField[1] = class java.io.ObjectStreamField@51f0dbf6
      ObjectStreamField[2] = class java.io.ObjectStreamField@1e31627a
    table = class java.util.concurrent.ConcurrentHashMap$Node[16]
      Node[0] = class java.util.concurrent.ConcurrentHashMap$Node@2acc87ca
      Node[1] = class java.util.concurrent.ConcurrentHashMap$Node@6ed275c8
      Node[2] = null
      Node[3] = null
      Node[4] = null
      Node[5] = null
      Node[6] = null
      Node[7] = null
      Node[8] = null
      Node[9] = null
      Node[10] = null
      Node[11] = null
      Node[12] = null
      Node[13] = null
      Node[14] = class java.util.concurrent.ConcurrentHashMap$Node@3a676b84
      Node[15] = null
    nextTable = null
    baseCount = 4
    sizeCtl = 12
    transferIndex = 0
    cellsBusy = 0
    counterCells = null
    keySet = null
    values = null
    entrySet = null
    U = class sun.misc.Unsafe@4e247326
    SIZECTL = 20
    TRANSFERINDEX = 32
    BASECOUNT = 24
    CELLSBUSY = 36
    CELLVALUE = 144
    ABASE = 16
    ASHIFT = 2
    keySet = null
    values = null
  cacheStore = class com.ibm.ws.artifact.overlay.internal.OverlayCache@70df4afb
    cache = class java.util.HashMap@32a7e69a
      serialVersionUID = 362498820763181265
      DEFAULT_INITIAL_CAPACITY = 16
      MAXIMUM_CAPACITY = 1073741824
      DEFAULT_LOAD_FACTOR = 0.75
      TREEIFY_THRESHOLD = 8
      UNTREEIFY_THRESHOLD = 6
      MIN_TREEIFY_CAPACITY = 64
      table = class java.util.HashMap$Node[16]
      entrySet = null
      size = 2
      modCount = 2
      threshold = 12
      loadFactor = 0.75
      keySet = null
      values = null
    serialVersionUID = -7877512378170016077
    $$$tc$$$ = class com.ibm.websphere.ras.TraceComponent@7961fbca
      strings[0] = "TraceComponent[com.ibm.ws.artifact.overlay.internal.OverlayCache,class com.ibm.ws.artifact.overlay.internal.OverlayCache,[archive.overlay],,null]"
  parentOverlay = null
  isPassThroughMode = true
  serialVersionUID = -1690795617118238166
  $$$tc$$$ = class com.ibm.websphere.ras.TraceComponent@16140904
    strings[0] = "TraceComponent[com.ibm.ws.artifact.overlay.internal.DirectoryBasedOverlayContainerImpl,class com.ibm.ws.artifact.overlay.internal.DirectoryBasedOverlayContainerImpl,[archive.overlay],,null]"

Dump of objectArray[2]
Object type = com.ibm.ws.artifact.overlay.internal.DirectoryBasedOverlayContainerImpl
  base = class com.ibm.ws.artifact.loose.internal.LooseArchive@650dd5ab
    cacheDir = class java.io.File@74fde62b
      fs = class java.io.WinNTFileSystem@378136e1
      path = "D:\devel\tools\wlp\usr\servers\defaultServer\workarea\org.eclipse.osgi\77\data\cache\com.ibm.ws.app.manager_53"
      status = class java.io.File$PathStatus@5db57e2e
      prefixLength = 3
      separatorChar = \
      separator = "\"
      pathSeparatorChar = ;
      pathSeparator = ";"
      PATH_OFFSET = 16
      PREFIX_LENGTH_OFFSET = 12
      UNSAFE = class sun.misc.Unsafe@4e247326
      serialVersionUID = 301077366599181567
      filePath = null
      $assertionsDisabled = true
    xmlFile = class java.io.File@c883cc1
      fs = class java.io.WinNTFileSystem@378136e1
      path = "D:\devel\tools\wlp\usr\servers\defaultServer\apps\testingPrimefaces.war.xml"
      status = class java.io.File$PathStatus@5db57e2e
      prefixLength = 3
      separatorChar = \
      separator = "\"
      pathSeparatorChar = ;
      pathSeparator = ";"
      PATH_OFFSET = 16
      PREFIX_LENGTH_OFFSET = 12
      UNSAFE = class sun.misc.Unsafe@4e247326
      serialVersionUID = 301077366599181567
      filePath = null
      $assertionsDisabled = true
    parent = null
    cfh = class com.ibm.ws.artifact.loose.internal.LooseContainerFactoryHelper@19698fc
      locationService = class com.ibm.ws.kernel.service.location.internal.WsLocationAdminImpl@43a44c0f
      containerFactoryReference = class com.ibm.wsspi.kernel.service.utils.AtomicServiceReference@358d56b3
      ctx = class org.eclipse.osgi.internal.framework.BundleContextImpl@627976e5
      tc = class com.ibm.websphere.ras.TraceComponent@19f78922
      serialVersionUID = -6436244972857197695
    pathInParent = null
    _entries = class java.util.ArrayList@5603ce69
      serialVersionUID = 8683452581122892189
      DEFAULT_CAPACITY = 10
      EMPTY_ELEMENTDATA = class java.lang.Object[0]
      DEFAULTCAPACITY_EMPTY_ELEMENTDATA = class java.lang.Object[0]
      elementData = class java.lang.Object[10]
      size = 1
      MAX_ARRAY_SIZE = 2147483639
      modCount = 1
      MAX_ARRAY_SIZE = 2147483639
    tc = class com.ibm.websphere.ras.TraceComponent@747a12ff
      strings[0] = "TraceComponent[com.ibm.ws.artifact.loose.internal.LooseArchive,class com.ibm.ws.artifact.loose.internal.LooseArchive,[archive.artifact.xml],com.ibm.ws.artifact.loose.internal.resources.LooseApiMessages,null]"
    artifactNotifier = class com.ibm.ws.artifact.loose.internal.LooseArtifactNotifier@4dd4b63c
      root = class com.ibm.ws.artifact.loose.internal.LooseArchive@650dd5ab
      entries = class java.util.ArrayList@5603ce69
      serviceProperties = class java.util.Hashtable@54f573e9
      nonRecurseServiceProperties = class java.util.Hashtable@1f152cff
      interval = 500
      notificationType = "external"
      ctx = class org.eclipse.osgi.internal.framework.BundleContextImpl@627976e5
      service = class org.eclipse.osgi.internal.serviceregistry.ServiceRegistrationImpl@5d8e8fdf
      nonRecurseService = class org.eclipse.osgi.internal.serviceregistry.ServiceRegistrationImpl@52a25436
      filesToMonitor = class java.util.TreeMap@2e86d783
      filesBeingMonitored = class java.util.HashSet@48d79e8b
      dirsToMonitor = class java.util.TreeMap@37c2c643
      dirsBeingMonitored = class java.util.HashSet@1066690
      listeners = class java.util.concurrent.CopyOnWriteArrayList@19a483fc
      pathsBeingMonitored = class java.util.HashSet@6d736585
      parent = null
      children = class java.util.HashMap@4ca256b6
      enabledChildren = class java.util.ArrayList@7e229b54
      pathInParent = null
      serialVersionUID = 2923725971363407990
      $$$tc$$$ = class com.ibm.websphere.ras.TraceComponent@436da94
    serialVersionUID = 345486831272892625
  maskSet = class java.util.HashSet@3a9207b1
    serialVersionUID = -5024744406713321676
    map = class java.util.HashMap@47d351dc
      serialVersionUID = 362498820763181265
      DEFAULT_INITIAL_CAPACITY = 16
      MAXIMUM_CAPACITY = 1073741824
      DEFAULT_LOAD_FACTOR = 0.75
      TREEIFY_THRESHOLD = 8
      UNTREEIFY_THRESHOLD = 6
      MIN_TREEIFY_CAPACITY = 64
      table = null
      entrySet = null
      size = 0
      modCount = 0
      threshold = 0
      loadFactor = 0.75
      keySet = null
      values = null
    PRESENT = class java.lang.Object@20f776da
    MAX_ARRAY_SIZE = 2147483639
  cfHolder = class com.ibm.ws.artifact.overlay.internal.OverlayContainerFactoryImpl@20325278
    containerFactory = class com.ibm.ws.artifact.internal.ArtifactContainerFactoryService@7365046f
      CATEGORY_PROP_NAME = "category"
      ENTRY_KEY = "com.ibm.wsspi.artifact.ArtifactEntry"
      helperMap = class com.ibm.wsspi.kernel.service.utils.ConcurrentServiceReferenceSetMap@5056c6f1
      contributorMap = class com.ibm.wsspi.kernel.service.utils.ConcurrentServiceReferenceSetMap@7524e768
      helperCategoryMap = class com.ibm.wsspi.kernel.service.utils.ConcurrentServiceReferenceSetMap@763c8f43
      contributorCategoryMap = class com.ibm.wsspi.kernel.service.utils.ConcurrentServiceReferenceSetMap@111f682f
      categories = class java.util.Collections$SynchronizedSet@779855b3
      baseProperties = class org.apache.felix.scr.impl.helper.ReadOnlyDictionary@25d5e38f
      serialVersionUID = -3101641399269402013
      $$$tc$$$ = class com.ibm.websphere.ras.TraceComponent@6c9822c9
    serialVersionUID = 6296466117843221178
    $$$tc$$$ = class com.ibm.websphere.ras.TraceComponent@2985b7f0
      strings[0] = "TraceComponent[com.ibm.ws.artifact.overlay.internal.OverlayContainerFactoryImpl,class com.ibm.ws.artifact.overlay.internal.OverlayContainerFactoryImpl,[archive.overlay],,null]"
  fileOverlayContainer = class com.ibm.ws.artifact.file.internal.FileContainer@360c66eb
    containerFactoryHolder = class com.ibm.ws.artifact.file.internal.FileContainerFactory@f06d72
      containerFactory = class com.ibm.ws.artifact.internal.ArtifactContainerFactoryService@7365046f
      ctx = class org.eclipse.osgi.internal.framework.BundleContextImpl@3227d5fe
      serialVersionUID = 8609113308325935405
      $$$tc$$$ = class com.ibm.websphere.ras.TraceComponent@7311eb2
    parent = null
    thisInParent = null
    dir = class java.io.File@3d275d0c
    cacheDir = class java.io.File@17a27a96
    isRoot = true
    root = class com.ibm.ws.artifact.file.internal.FileContainer@360c66eb
    artifactNotifier = class com.ibm.ws.artifact.file.FileArtifactNotifier@72c0d16
      root = class com.ibm.ws.artifact.file.internal.FileContainer@360c66eb
      cfh = class com.ibm.ws.artifact.file.internal.FileContainerFactory@f06d72
      serviceProperties = class java.util.Hashtable@7276f179
      service = class org.eclipse.osgi.internal.serviceregistry.ServiceRegistrationImpl@1be6f978
      nonRecurseService = class org.eclipse.osgi.internal.serviceregistry.ServiceRegistrationImpl@5d5acc1a
      nonRecurseServiceProperties = class java.util.Hashtable@66a87d79
      listeners = class java.util.concurrent.ConcurrentHashMap@23a29896
      nonRecurselisteners = class java.util.concurrent.ConcurrentHashMap@75a6a782
      pathsBeingMonitored = class java.util.HashSet@301e7d76
      nonRecursePathsBeingMonitored = class java.util.HashSet@15f89db9
      rootAbsolutePath = "D:\devel\tools\wlp\usr\servers\defaultServer\workarea\org.eclipse.osgi\77\data\cacheAdapt\com.ibm.ws.app.manager_53\.overlay"
      interval = 500
      notificationType = "external"
      nonRecurseMonitor = class com.ibm.ws.artifact.file.FileArtifactNotifier$FileArtifactMonitor@22a9d1b8
      recurseMonitor = class com.ibm.ws.artifact.file.FileArtifactNotifier$FileArtifactMonitor@62f3f8d8
      serialVersionUID = -423938483708516951
      $$$tc$$$ = class com.ibm.websphere.ras.TraceComponent@3d7678ee
    serialVersionUID = -542248409847968651
    $$$tc$$$ = class com.ibm.websphere.ras.TraceComponent@5dd4a9b0
      strings[0] = "TraceComponent[com.ibm.ws.artifact.file.internal.FileContainer,class com.ibm.ws.artifact.file.internal.FileContainer,[archive.artifact.file],,null]"
  overlayDirectory = class java.io.File@3d275d0c
    fs = class java.io.WinNTFileSystem@378136e1
    path = "D:\devel\tools\wlp\usr\servers\defaultServer\workarea\org.eclipse.osgi\77\data\cacheAdapt\com.ibm.ws.app.manager_53\.overlay"
    status = class java.io.File$PathStatus@5db57e2e
    prefixLength = 3
    separatorChar = \
    separator = "\"
    pathSeparatorChar = ;
    pathSeparator = ";"
    PATH_OFFSET = 16
    PREFIX_LENGTH_OFFSET = 12
    UNSAFE = class sun.misc.Unsafe@4e247326
    serialVersionUID = 301077366599181567
    filePath = null
    $assertionsDisabled = true
  cacheDirForOverlay = class java.io.File@17a27a96
    fs = class java.io.WinNTFileSystem@378136e1
      slash = \
      altSlash = /
      semicolon = ;
      driveDirCache = class java.lang.String[26]
      cache = class java.io.ExpiringCache@163ca0b
      prefixCache = class java.io.ExpiringCache@5a2f2a5b
      BA_EXISTS = 1
      BA_REGULAR = 2
      BA_DIRECTORY = 4
      BA_HIDDEN = 8
      ACCESS_READ = 4
      ACCESS_WRITE = 2
      ACCESS_EXECUTE = 1
      SPACE_TOTAL = 0
      SPACE_FREE = 1
      SPACE_USABLE = 2
      useCanonCaches = true
      useCanonPrefixCache = true
    path = "D:\devel\tools\wlp\usr\servers\defaultServer\workarea\org.eclipse.osgi\77\data\cacheOverlay\com.ibm.ws.app.manager_53"
    status = class java.io.File$PathStatus@5db57e2e
      INVALID = class java.io.File$PathStatus@28ec931
      CHECKED = class java.io.File$PathStatus@5db57e2e
      $VALUES = class java.io.File$PathStatus[2]
      name = "CHECKED"
      ordinal = 1
    prefixLength = 3
    separatorChar = \
    separator = "\"
    pathSeparatorChar = ;
    pathSeparator = ";"
    PATH_OFFSET = 16
    PREFIX_LENGTH_OFFSET = 12
    UNSAFE = class sun.misc.Unsafe@4e247326
      theUnsafe = class sun.misc.Unsafe@4e247326
      INVALID_FIELD_OFFSET = -1
      ARRAY_BOOLEAN_BASE_OFFSET = 16
      ARRAY_BYTE_BASE_OFFSET = 16
      ARRAY_SHORT_BASE_OFFSET = 16
      ARRAY_CHAR_BASE_OFFSET = 16
      ARRAY_INT_BASE_OFFSET = 16
      ARRAY_LONG_BASE_OFFSET = 16
      ARRAY_FLOAT_BASE_OFFSET = 16
      ARRAY_DOUBLE_BASE_OFFSET = 16
      ARRAY_OBJECT_BASE_OFFSET = 16
      ARRAY_BOOLEAN_INDEX_SCALE = 1
      ARRAY_BYTE_INDEX_SCALE = 1
      ARRAY_SHORT_INDEX_SCALE = 2
      ARRAY_CHAR_INDEX_SCALE = 2
      ARRAY_INT_INDEX_SCALE = 4
      ARRAY_LONG_INDEX_SCALE = 8
      ARRAY_FLOAT_INDEX_SCALE = 4
      ARRAY_DOUBLE_INDEX_SCALE = 8
      ARRAY_OBJECT_INDEX_SCALE = 4
      ADDRESS_SIZE = 8
    serialVersionUID = 301077366599181567
    filePath = null
    $assertionsDisabled = true
  overlayNotifier = class com.ibm.ws.artifact.overlay.internal.DirectoryBasedOverlayNotifier@72f5a6b5
    root = class com.ibm.ws.artifact.overlay.internal.DirectoryBasedOverlayContainerImpl@27c95a12
    overlayContainer = class com.ibm.ws.artifact.file.internal.FileContainer@360c66eb
    overlaidContainer = class com.ibm.ws.artifact.loose.internal.LooseArchive@650dd5ab
    listeningToContainers = true
    listeners = class java.util.concurrent.ConcurrentHashMap@56256d7d
      serialVersionUID = 7249069246763182397
      MAXIMUM_CAPACITY = 1073741824
      DEFAULT_CAPACITY = 16
      MAX_ARRAY_SIZE = 2147483639
      DEFAULT_CONCURRENCY_LEVEL = 16
      LOAD_FACTOR = 0.75
      TREEIFY_THRESHOLD = 8
      UNTREEIFY_THRESHOLD = 6
      MIN_TREEIFY_CAPACITY = 64
      MIN_TRANSFER_STRIDE = 16
      RESIZE_STAMP_BITS = 16
      MAX_RESIZERS = 65535
      RESIZE_STAMP_SHIFT = 16
      MOVED = -1
      TREEBIN = -2
      RESERVED = -3
      HASH_BITS = 2147483647
      NCPU = 4
      serialPersistentFields = class java.io.ObjectStreamField[3]
      table = class java.util.concurrent.ConcurrentHashMap$Node[16]
      nextTable = null
      baseCount = 3
      sizeCtl = 12
      transferIndex = 0
      cellsBusy = 0
      counterCells = null
      keySet = class java.util.concurrent.ConcurrentHashMap$KeySetView@11db95ee
      values = null
      entrySet = null
      U = class sun.misc.Unsafe@4e247326
      SIZECTL = 20
      TRANSFERINDEX = 32
      BASECOUNT = 24
      CELLSBUSY = 36
      CELLVALUE = 144
      ABASE = 16
      ASHIFT = 2
      keySet = null
      values = null
    pathsMonitored = class java.util.HashSet@1c4e6846
      serialVersionUID = -5024744406713321676
      map = class java.util.HashMap@438cf218
      PRESENT = class java.lang.Object@20f776da
      MAX_ARRAY_SIZE = 2147483639
    parentNotifier = null
    pathOfEntryInParent = null
    id = null
    serialVersionUID = -5716655730663296309
    $$$tc$$$ = class com.ibm.websphere.ras.TraceComponent@50e7366e
      strings[0] = "TraceComponent[com.ibm.ws.artifact.overlay.internal.DirectoryBasedOverlayNotifier,class com.ibm.ws.artifact.overlay.internal.DirectoryBasedOverlayNotifier,[archive.overlay],,null]"
  enclosingContainer = null
  entryInEnclosingContainer = null
  nestedOverlays = class java.util.concurrent.ConcurrentHashMap@25314b88
    serialVersionUID = 7249069246763182397
    MAXIMUM_CAPACITY = 1073741824
    DEFAULT_CAPACITY = 16
    MAX_ARRAY_SIZE = 2147483639
    DEFAULT_CONCURRENCY_LEVEL = 16
    LOAD_FACTOR = 0.75
    TREEIFY_THRESHOLD = 8
    UNTREEIFY_THRESHOLD = 6
    MIN_TREEIFY_CAPACITY = 64
    MIN_TRANSFER_STRIDE = 16
    RESIZE_STAMP_BITS = 16
    MAX_RESIZERS = 65535
    RESIZE_STAMP_SHIFT = 16
    MOVED = -1
    TREEBIN = -2
    RESERVED = -3
    HASH_BITS = 2147483647
    NCPU = 4
    serialPersistentFields = class java.io.ObjectStreamField[3]
      ObjectStreamField[0] = class java.io.ObjectStreamField@2b81cf54
      ObjectStreamField[1] = class java.io.ObjectStreamField@51f0dbf6
      ObjectStreamField[2] = class java.io.ObjectStreamField@1e31627a
    table = class java.util.concurrent.ConcurrentHashMap$Node[16]
      Node[0] = class java.util.concurrent.ConcurrentHashMap$Node@2acc87ca
      Node[1] = class java.util.concurrent.ConcurrentHashMap$Node@6ed275c8
      Node[2] = null
      Node[3] = null
      Node[4] = null
      Node[5] = null
      Node[6] = null
      Node[7] = null
      Node[8] = null
      Node[9] = null
      Node[10] = null
      Node[11] = null
      Node[12] = null
      Node[13] = null
      Node[14] = class java.util.concurrent.ConcurrentHashMap$Node@3a676b84
      Node[15] = null
    nextTable = null
    baseCount = 4
    sizeCtl = 12
    transferIndex = 0
    cellsBusy = 0
    counterCells = null
    keySet = null
    values = null
    entrySet = null
    U = class sun.misc.Unsafe@4e247326
    SIZECTL = 20
    TRANSFERINDEX = 32
    BASECOUNT = 24
    CELLSBUSY = 36
    CELLVALUE = 144
    ABASE = 16
    ASHIFT = 2
    keySet = null
    values = null
  cacheStore = class com.ibm.ws.artifact.overlay.internal.OverlayCache@70df4afb
    cache = class java.util.HashMap@32a7e69a
      serialVersionUID = 362498820763181265
      DEFAULT_INITIAL_CAPACITY = 16
      MAXIMUM_CAPACITY = 1073741824
      DEFAULT_LOAD_FACTOR = 0.75
      TREEIFY_THRESHOLD = 8
      UNTREEIFY_THRESHOLD = 6
      MIN_TREEIFY_CAPACITY = 64
      table = class java.util.HashMap$Node[16]
      entrySet = null
      size = 2
      modCount = 2
      threshold = 12
      loadFactor = 0.75
      keySet = null
      values = null
    serialVersionUID = -7877512378170016077
    $$$tc$$$ = class com.ibm.websphere.ras.TraceComponent@7961fbca
      strings[0] = "TraceComponent[com.ibm.ws.artifact.overlay.internal.OverlayCache,class com.ibm.ws.artifact.overlay.internal.OverlayCache,[archive.overlay],,null]"
  parentOverlay = null
  isPassThroughMode = true
  serialVersionUID = -1690795617118238166
  $$$tc$$$ = class com.ibm.websphere.ras.TraceComponent@16140904
    strings[0] = "TraceComponent[com.ibm.ws.artifact.overlay.internal.DirectoryBasedOverlayContainerImpl,class com.ibm.ws.artifact.overlay.internal.DirectoryBasedOverlayContainerImpl,[archive.overlay],,null]"

Dump of objectArray[3]
Object type = com.ibm.ws.adaptable.module.internal.AdaptableContainerImpl
  root = class com.ibm.ws.adaptable.module.internal.AdaptableContainerImpl@31aefdf5
  rootOverlay = class com.ibm.ws.artifact.overlay.internal.DirectoryBasedOverlayContainerImpl@27c95a12
    base = class com.ibm.ws.artifact.loose.internal.LooseArchive@650dd5ab
      cacheDir = class java.io.File@74fde62b
      xmlFile = class java.io.File@c883cc1
      parent = null
      cfh = class com.ibm.ws.artifact.loose.internal.LooseContainerFactoryHelper@19698fc
      pathInParent = null
      _entries = class java.util.ArrayList@5603ce69
      tc = class com.ibm.websphere.ras.TraceComponent@747a12ff
      artifactNotifier = class com.ibm.ws.artifact.loose.internal.LooseArtifactNotifier@4dd4b63c
      serialVersionUID = 345486831272892625
    maskSet = class java.util.HashSet@3a9207b1
      serialVersionUID = -5024744406713321676
      map = class java.util.HashMap@47d351dc
      PRESENT = class java.lang.Object@20f776da
      MAX_ARRAY_SIZE = 2147483639
    cfHolder = class com.ibm.ws.artifact.overlay.internal.OverlayContainerFactoryImpl@20325278
      containerFactory = class com.ibm.ws.artifact.internal.ArtifactContainerFactoryService@7365046f
      serialVersionUID = 6296466117843221178
      $$$tc$$$ = class com.ibm.websphere.ras.TraceComponent@2985b7f0
    fileOverlayContainer = class com.ibm.ws.artifact.file.internal.FileContainer@360c66eb
      containerFactoryHolder = class com.ibm.ws.artifact.file.internal.FileContainerFactory@f06d72
      parent = null
      thisInParent = null
      dir = class java.io.File@3d275d0c
      cacheDir = class java.io.File@17a27a96
      isRoot = true
      root = class com.ibm.ws.artifact.file.internal.FileContainer@360c66eb
      artifactNotifier = class com.ibm.ws.artifact.file.FileArtifactNotifier@72c0d16
      serialVersionUID = -542248409847968651
      $$$tc$$$ = class com.ibm.websphere.ras.TraceComponent@5dd4a9b0
    overlayDirectory = class java.io.File@3d275d0c
      fs = class java.io.WinNTFileSystem@378136e1
      path = "D:\devel\tools\wlp\usr\servers\defaultServer\workarea\org.eclipse.osgi\77\data\cacheAdapt\com.ibm.ws.app.manager_53\.overlay"
      status = class java.io.File$PathStatus@5db57e2e
      prefixLength = 3
      separatorChar = \
      separator = "\"
      pathSeparatorChar = ;
      pathSeparator = ";"
      PATH_OFFSET = 16
      PREFIX_LENGTH_OFFSET = 12
      UNSAFE = class sun.misc.Unsafe@4e247326
      serialVersionUID = 301077366599181567
      filePath = null
      $assertionsDisabled = true
    cacheDirForOverlay = class java.io.File@17a27a96
      fs = class java.io.WinNTFileSystem@378136e1
      path = "D:\devel\tools\wlp\usr\servers\defaultServer\workarea\org.eclipse.osgi\77\data\cacheOverlay\com.ibm.ws.app.manager_53"
      status = class java.io.File$PathStatus@5db57e2e
      prefixLength = 3
      separatorChar = \
      separator = "\"
      pathSeparatorChar = ;
      pathSeparator = ";"
      PATH_OFFSET = 16
      PREFIX_LENGTH_OFFSET = 12
      UNSAFE = class sun.misc.Unsafe@4e247326
      serialVersionUID = 301077366599181567
      filePath = null
      $assertionsDisabled = true
    overlayNotifier = class com.ibm.ws.artifact.overlay.internal.DirectoryBasedOverlayNotifier@72f5a6b5
    enclosingContainer = null
    entryInEnclosingContainer = null
    nestedOverlays = class java.util.concurrent.ConcurrentHashMap@25314b88
      serialVersionUID = 7249069246763182397
      MAXIMUM_CAPACITY = 1073741824
      DEFAULT_CAPACITY = 16
      MAX_ARRAY_SIZE = 2147483639
      DEFAULT_CONCURRENCY_LEVEL = 16
      LOAD_FACTOR = 0.75
      TREEIFY_THRESHOLD = 8
      UNTREEIFY_THRESHOLD = 6
      MIN_TREEIFY_CAPACITY = 64
      MIN_TRANSFER_STRIDE = 16
      RESIZE_STAMP_BITS = 16
      MAX_RESIZERS = 65535
      RESIZE_STAMP_SHIFT = 16
      MOVED = -1
      TREEBIN = -2
      RESERVED = -3
      HASH_BITS = 2147483647
      NCPU = 4
      serialPersistentFields = class java.io.ObjectStreamField[3]
      table = class java.util.concurrent.ConcurrentHashMap$Node[16]
      nextTable = null
      baseCount = 4
      sizeCtl = 12
      transferIndex = 0
      cellsBusy = 0
      counterCells = null
      keySet = null
      values = null
      entrySet = null
      U = class sun.misc.Unsafe@4e247326
      SIZECTL = 20
      TRANSFERINDEX = 32
      BASECOUNT = 24
      CELLSBUSY = 36
      CELLVALUE = 144
      ABASE = 16
      ASHIFT = 2
      keySet = null
      values = null
    cacheStore = class com.ibm.ws.artifact.overlay.internal.OverlayCache@70df4afb
      cache = class java.util.HashMap@32a7e69a
      serialVersionUID = -7877512378170016077
      $$$tc$$$ = class com.ibm.websphere.ras.TraceComponent@7961fbca
    parentOverlay = null
    isPassThroughMode = true
    serialVersionUID = -1690795617118238166
    $$$tc$$$ = class com.ibm.websphere.ras.TraceComponent@16140904
      strings[0] = "TraceComponent[com.ibm.ws.artifact.overlay.internal.DirectoryBasedOverlayContainerImpl,class com.ibm.ws.artifact.overlay.internal.DirectoryBasedOverlayContainerImpl,[archive.overlay],,null]"
  factoryHolder = class com.ibm.ws.adaptable.module.internal.AdaptableModuleFactoryImpl@1036ebbb
    adapterFactoryService = class com.ibm.ws.adaptable.module.internal.AdapterFactoryServiceImpl@7717a6d1
      toType = "toType"
      priv = class com.ibm.ws.kernel.service.util.SecureAction@f7e573
      containerHelperMap = class com.ibm.wsspi.kernel.service.utils.ConcurrentServiceReferenceSetMap@3593cce9
      entryHelperMap = class com.ibm.wsspi.kernel.service.utils.ConcurrentServiceReferenceSetMap@7dab3cb4
      containerToTypes = class java.util.Collections$SynchronizedSet@1526006b
      entryToTypes = class java.util.Collections$SynchronizedSet@2a45b3c1
      baseProperties = class org.apache.felix.scr.impl.helper.ReadOnlyDictionary@11ac6e4
      serialVersionUID = 5945907930609928466
      $$$tc$$$ = class com.ibm.websphere.ras.TraceComponent@6afda177
    containerFactory = class com.ibm.ws.artifact.internal.ArtifactContainerFactoryService@7365046f
      CATEGORY_PROP_NAME = "category"
      ENTRY_KEY = "com.ibm.wsspi.artifact.ArtifactEntry"
      helperMap = class com.ibm.wsspi.kernel.service.utils.ConcurrentServiceReferenceSetMap@5056c6f1
      contributorMap = class com.ibm.wsspi.kernel.service.utils.ConcurrentServiceReferenceSetMap@7524e768
      helperCategoryMap = class com.ibm.wsspi.kernel.service.utils.ConcurrentServiceReferenceSetMap@763c8f43
      contributorCategoryMap = class com.ibm.wsspi.kernel.service.utils.ConcurrentServiceReferenceSetMap@111f682f
      categories = class java.util.Collections$SynchronizedSet@779855b3
      baseProperties = class org.apache.felix.scr.impl.helper.ReadOnlyDictionary@25d5e38f
      serialVersionUID = -3101641399269402013
      $$$tc$$$ = class com.ibm.websphere.ras.TraceComponent@6c9822c9
    overlayContainerFactory = class com.ibm.ws.artifact.overlay.internal.OverlayContainerFactoryImpl@20325278
    serialVersionUID = 4200251809856292987
    $$$tc$$$ = class com.ibm.websphere.ras.TraceComponent@da922d7
      strings[0] = "TraceComponent[com.ibm.ws.adaptable.module.internal.AdaptableModuleFactoryImpl,class com.ibm.ws.adaptable.module.internal.AdaptableModuleFactoryImpl,[archive.adaptable],,null]"
  delegate = class com.ibm.ws.artifact.overlay.internal.DirectoryBasedOverlayContainerImpl@27c95a12
  notifier = class com.ibm.ws.adaptable.module.internal.NotifierImpl@75ea3b62
    root = class com.ibm.ws.adaptable.module.internal.AdaptableContainerImpl@31aefdf5
    delegateNotifier = class com.ibm.ws.artifact.overlay.internal.DirectoryBasedOverlayNotifier@72f5a6b5
      root = class com.ibm.ws.artifact.overlay.internal.DirectoryBasedOverlayContainerImpl@27c95a12
      overlayContainer = class com.ibm.ws.artifact.file.internal.FileContainer@360c66eb
      overlaidContainer = class com.ibm.ws.artifact.loose.internal.LooseArchive@650dd5ab
      listeningToContainers = true
      listeners = class java.util.concurrent.ConcurrentHashMap@56256d7d
      pathsMonitored = class java.util.HashSet@1c4e6846
      parentNotifier = null
      pathOfEntryInParent = null
      id = null
      serialVersionUID = -5716655730663296309
      $$$tc$$$ = class com.ibm.websphere.ras.TraceComponent@50e7366e
    delegateRoot = class com.ibm.ws.artifact.overlay.internal.DirectoryBasedOverlayContainerImpl@27c95a12
    listenerDelegates = class java.util.HashMap@55b9e063
      serialVersionUID = 362498820763181265
      DEFAULT_INITIAL_CAPACITY = 16
      MAXIMUM_CAPACITY = 1073741824
      DEFAULT_LOAD_FACTOR = 0.75
      TREEIFY_THRESHOLD = 8
      UNTREEIFY_THRESHOLD = 6
      MIN_TREEIFY_CAPACITY = 64
      table = class java.util.HashMap$Node[16]
      entrySet = null
      size = 3
      modCount = 3
      threshold = 12
      loadFactor = 0.75
      keySet = null
      values = null
    serialVersionUID = 6839382523957017880
    $$$tc$$$ = class com.ibm.websphere.ras.TraceComponent@24c42801
      strings[0] = "TraceComponent[com.ibm.ws.adaptable.module.internal.NotifierImpl,class com.ibm.ws.adaptable.module.internal.NotifierImpl,[archive.adaptable],,null]"
  serialVersionUID = -5621513278641113667
  $$$tc$$$ = class com.ibm.websphere.ras.TraceComponent@5d9fe469
    strings[0] = "TraceComponent[com.ibm.ws.adaptable.module.internal.AdaptableContainerImpl,class com.ibm.ws.adaptable.module.internal.AdaptableContainerImpl,[archive.adaptable],,null]"

