------Start of DE processing------ = [30/05/19 17:55:18:968 PET]
Exception = java.lang.ClassNotFoundException
Source = com.ibm.ws.container.ErrorPage
probeid = 95
Stack Dump = java.lang.ClassNotFoundException: java.lang.Exception.
	at com.ibm.ws.classloading.internal.UnifiedClassLoader.findClass(UnifiedClassLoader.java:134)
	at com.ibm.ws.classloading.internal.ThreadContextClassLoader.findClass(ThreadContextClassLoader.java:138)
	at java.base/java.lang.ClassLoader.loadClass(ClassLoader.java:588)
	at com.ibm.ws.classloading.internal.UnifiedClassLoader.loadClass0(UnifiedClassLoader.java:113)
	at com.ibm.ws.classloading.internal.UnifiedClassLoader$Delegation.loadClass(UnifiedClassLoader.java:82)
	at com.ibm.ws.classloading.internal.UnifiedClassLoader.loadClass(UnifiedClassLoader.java:106)
	at com.ibm.ws.classloading.internal.ThreadContextClassLoader.loadClass(ThreadContextClassLoader.java:154)
	at java.base/java.lang.ClassLoader.loadClass(ClassLoader.java:521)
	at java.base/java.lang.Class.forName0(Native Method)
	at java.base/java.lang.Class.forName(Class.java:415)
	at com.ibm.ws.container.ErrorPage.getException(ErrorPage.java:94)
	at com.ibm.ws.webcontainer.webapp.WebAppConfiguration.getErrorPageByExceptionType(WebAppConfiguration.java:844)
	at com.ibm.ws.webcontainer.webapp.WebAppConfiguration.getErrorPageTraverseRootCause(WebAppConfiguration.java:813)
	at com.ibm.ws.webcontainer.webapp.WebApp.getErrorPageDispatcher(WebApp.java:4571)
	at com.ibm.ws.webcontainer.webapp.WebApp.sendError(WebApp.java:4146)
	at com.ibm.ws.webcontainer.webapp.WebApp.handleException(WebApp.java:5057)
	at com.ibm.ws.webcontainer.webapp.WebApp.handleRequest(WebApp.java:5037)
	at com.ibm.ws.webcontainer.osgi.DynamicVirtualHost$2.handleRequest(DynamicVirtualHost.java:314)
	at com.ibm.ws.webcontainer.WebContainer.handleRequest(WebContainer.java:992)
	at com.ibm.ws.webcontainer.osgi.DynamicVirtualHost$2.run(DynamicVirtualHost.java:279)
	at com.ibm.ws.http.dispatcher.internal.channel.HttpDispatcherLink$TaskWrapper.run(HttpDispatcherLink.java:1047)
	at com.ibm.ws.http.dispatcher.internal.channel.HttpDispatcherLink.wrapHandlerAndExecute(HttpDispatcherLink.java:417)
	at com.ibm.ws.http.dispatcher.internal.channel.HttpDispatcherLink.ready(HttpDispatcherLink.java:376)
	at com.ibm.ws.http.channel.internal.inbound.HttpInboundLink.handleDiscrimination(HttpInboundLink.java:532)
	at com.ibm.ws.http.channel.internal.inbound.HttpInboundLink.handleNewRequest(HttpInboundLink.java:466)
	at com.ibm.ws.http.channel.internal.inbound.HttpInboundLink.processRequest(HttpInboundLink.java:331)
	at com.ibm.ws.http.channel.internal.inbound.HttpICLReadCallback.complete(HttpICLReadCallback.java:70)
	at com.ibm.ws.tcpchannel.internal.WorkQueueManager.requestComplete(WorkQueueManager.java:503)
	at com.ibm.ws.tcpchannel.internal.WorkQueueManager.attemptIO(WorkQueueManager.java:573)
	at com.ibm.ws.tcpchannel.internal.WorkQueueManager.workerRun(WorkQueueManager.java:954)
	at com.ibm.ws.tcpchannel.internal.WorkQueueManager$Worker.run(WorkQueueManager.java:1043)
	at com.ibm.ws.threading.internal.ExecutorServiceImpl$RunnableWrapper.run(ExecutorServiceImpl.java:239)
	at java.base/java.util.concurrent.ThreadPoolExecutor.runWorker(ThreadPoolExecutor.java:1128)
	at java.base/java.util.concurrent.ThreadPoolExecutor$Worker.run(ThreadPoolExecutor.java:628)
	at java.base/java.lang.Thread.run(Thread.java:835)

Dump of callerThis
Object type = com.ibm.ws.container.ErrorPage
  location = "/status/error.xhtml"
  errorParam = "java.lang.Exception."
  serialVersionUID = -3207630075750300656
  $$$tc$$$ = class com.ibm.websphere.ras.TraceComponent@2c95c8ae
    strings[0] = "TraceComponent[com.ibm.ws.container.ErrorPage,class com.ibm.ws.container.ErrorPage,[],null,null]"

Dump of objectArray[0]
Object type = com.ibm.ws.classloading.internal.ThreadContextClassLoader
  tc = class com.ibm.websphere.ras.TraceComponent@79cefe09
    strings[0] = "TraceComponent[com.ibm.ws.classloading.internal.ThreadContextClassLoader,class com.ibm.ws.classloading.internal.ThreadContextClassLoader,[ClassLoadingService],com.ibm.ws.classloading.internal.resources.ClassLoadingServiceMessages,null]"
  bundle = class java.util.concurrent.atomic.AtomicReference@7b4d9c44
    serialVersionUID = -1848883965231344442
    VALUE = class java.lang.invoke.VarHandleReferences$FieldInstanceReadWrite@76562246
      FORM = class java.lang.invoke.VarForm@2459b53
      fieldOffset = 12
      receiverType = class java.lang.Class@1134affc
      fieldType = class java.lang.Class@4e25154f
      FORM = class java.lang.invoke.VarForm@7b04662b
      vform = class java.lang.invoke.VarForm@2459b53
      typesAndInvokers = null
      AIOOBE_SUPPLIER = class jdk.internal.util.Preconditions$1@5b7fd68d
      VFORM_OFFSET = 12
      $assertionsDisabled = true
    value = class org.eclipse.osgi.internal.framework.EquinoxBundle@78d07cd0
      equinoxContainer = class org.eclipse.osgi.internal.framework.EquinoxContainer@3c7de0d3
      module = class org.eclipse.osgi.internal.framework.EquinoxBundle$EquinoxModule@26a43465
      monitor = class java.lang.Object@3f88c9fd
      context = class org.eclipse.osgi.internal.framework.BundleContextImpl@7f0c362a
      signerInfos = null
      $SWITCH_TABLE$org$eclipse$osgi$container$Module$State = {1,2,3,4,5,6,7} /* array length = 7 */
  key = "WebModule:security#security.war"
  refCount = class java.util.concurrent.atomic.AtomicInteger@720e8155
    serialVersionUID = 6214790243416807050
    U = class jdk.internal.misc.Unsafe@1305e68
      Failed to resolve fields for jdk.internal.misc.Unsafe = "java.lang.reflect.InaccessibleObjectException: Unable to make field private static final jdk.internal.misc.Unsafe jdk.internal.misc.Unsafe.theUnsafe accessible: module java.base does not "opens jdk.internal.misc" to unnamed module @4c70fda8
	at java.base/java.lang.reflect.AccessibleObject.checkCanSetAccessible(AccessibleObject.java:341)
	at java.base/java.lang.reflect.AccessibleObject.checkCanSetAccessible(AccessibleObject.java:281)
	at java.base/java.lang.reflect.Field.checkCanSetAccessible(Field.java:176)
	at java.base/java.lang.reflect.AccessibleObject.setAccessible(AccessibleObject.java:124)
	at com.ibm.ws.logging.internal.impl.IntrospectionLevelMember$2.run(IntrospectionLevelMember.java:316)
	at com.ibm.ws.logging.internal.impl.IntrospectionLevelMember$2.run(IntrospectionLevelMember.java:310)
	at java.base/java.security.AccessController.doPrivileged(AccessController.java:310)
	at com.ibm.ws.logging.internal.impl.IntrospectionLevelMember.getFields(IntrospectionLevelMember.java:310)
	at com.ibm.ws.logging.internal.impl.IntrospectionLevelMember.introspectViaReflection(IntrospectionLevelMember.java:199)
	at com.ibm.ws.logging.internal.impl.IntrospectionLevelMember.getChildren(IntrospectionLevelMember.java:163)
	at com.ibm.ws.logging.internal.impl.IntrospectionLevel.getNextLevel(IntrospectionLevel.java:100)
	at com.ibm.ws.logging.internal.impl.IncidentStreamImpl.introspect(IncidentStreamImpl.java:437)
	at com.ibm.ws.logging.internal.impl.IncidentStreamImpl.introspectAndWrite(IncidentStreamImpl.java:129)
	at com.ibm.ws.logging.internal.impl.IncidentStreamImpl.introspectAndWriteLine(IncidentStreamImpl.java:164)
	at com.ibm.ws.logging.internal.impl.IncidentLogger.logIncident(IncidentLogger.java:102)
	at com.ibm.ws.logging.internal.impl.IncidentLogger.logIncident(IncidentLogger.java:35)
	at com.ibm.ws.logging.internal.impl.IncidentImpl.log(IncidentImpl.java:249)
	at com.ibm.ws.logging.internal.impl.BaseFFDCService.log(BaseFFDCService.java:239)
	at com.ibm.ws.logging.internal.impl.BaseFFDCService.processException(BaseFFDCService.java:216)
	at com.ibm.ws.ffdc.FFDCFilter.processException(FFDCFilter.java:94)
	at com.ibm.ws.container.ErrorPage.getException(ErrorPage.java:95)
	at com.ibm.ws.webcontainer.webapp.WebAppConfiguration.getErrorPageByExceptionType(WebAppConfiguration.java:844)
	at com.ibm.ws.webcontainer.webapp.WebAppConfiguration.getErrorPageTraverseRootCause(WebAppConfiguration.java:813)
	at com.ibm.ws.webcontainer.webapp.WebApp.getErrorPageDispatcher(WebApp.java:4571)
	at com.ibm.ws.webcontainer.webapp.WebApp.sendError(WebApp.java:4146)
	at com.ibm.ws.webcontainer.webapp.WebApp.handleException(WebApp.java:5057)
	at com.ibm.ws.webcontainer.webapp.WebApp.handleRequest(WebApp.java:5037)
	at com.ibm.ws.webcontainer.osgi.DynamicVirtualHost$2.handleRequest(DynamicVirtualHost.java:314)
	at com.ibm.ws.webcontainer.WebContainer.handleRequest(WebContainer.java:992)
	at com.ibm.ws.webcontainer.osgi.DynamicVirtualHost$2.run(DynamicVirtualHost.java:279)
	at com.ibm.ws.http.dispatcher.internal.channel.HttpDispatcherLink$TaskWrapper.run(HttpDispatcherLink.java:1047)
	at com.ibm.ws.http.dispatcher.internal.channel.HttpDispatcherLink.wrapHandlerAndExecute(HttpDispatcherLink.java:417)
	at com.ibm.ws.http.dispatcher.internal.channel.HttpDispatcherLink.ready(HttpDispatcherLink.java:376)
	at com.ibm.ws.http.channel.internal.inbound.HttpInboundLink.handleDiscrimination(HttpInboundLink.java:532)
	at com.ibm.ws.http.channel.internal.inbound.HttpInboundLink.handleNewRequest(HttpInboundLink.java:466)
	at com.ibm.ws.http.channel.internal.inbound.HttpInboundLink.processRequest(HttpInboundLink.java:331)
	at com.ibm.ws.http.channel.internal.inbound.HttpICLReadCallback.complete(HttpICLReadCallback.java:70)
	at com.ibm.ws.tcpchannel.internal.WorkQueueManager.requestComplete(WorkQueueManager.java:503)
	at com.ibm.ws.tcpchannel.internal.WorkQueueManager.attemptIO(WorkQueueManager.java:573)
	at com.ibm.ws.tcpchannel.internal.WorkQueueManager.workerRun(WorkQueueManager.java:954)
	at com.ibm.ws.tcpchannel.internal.WorkQueueManager$Worker.run(WorkQueueManager.java:1043)
	at com.ibm.ws.threading.internal.ExecutorServiceImpl$RunnableWrapper.run(ExecutorServiceImpl.java:239)
	at java.base/java.util.concurrent.ThreadPoolExecutor.runWorker(ThreadPoolExecutor.java:1128)
	at java.base/java.util.concurrent.ThreadPoolExecutor$Worker.run(ThreadPoolExecutor.java:628)
	at java.base/java.lang.Thread.run(Thread.java:835)
"
    VALUE = 12
    value = 4
    serialVersionUID = -8742448824652078965
  appLoader = class com.ibm.ws.classloading.internal.AppClassLoader@21220ff2
    tc = class com.ibm.websphere.ras.TraceComponent@20e93a44
      strings[0] = "TraceComponent[com.ibm.ws.classloading.internal.AppClassLoader,class com.ibm.ws.classloading.internal.AppClassLoader,[ClassLoadingService],com.ibm.ws.classloading.internal.resources.ClassLoadingServiceMessages,null]"
    PARENT_FIRST_SEARCH_ORDER = class java.util.Collections$UnmodifiableRandomAccessList@54fbc1e8
      serialVersionUID = -2542308836966382001
      serialVersionUID = -283967356065247728
      list = class java.util.Arrays$ArrayList@43e958bd
      serialVersionUID = 1820017752578914078
      c = class java.util.Arrays$ArrayList@43e958bd
    CLASS_LOADING_TRACE_PREFIX = "com.ibm.ws.class.load."
    DEFAULT_PACKAGE = "default.package"
    perPackageClassLoadingTraceComponents = class java.util.concurrent.ConcurrentHashMap@49ff9b65
      serialVersionUID = 7249069246763182397
      MAXIMUM_CAPACITY = 1073741824
      DEFAULT_CAPACITY = 16
      MAX_ARRAY_SIZE = 2147483639
      DEFAULT_CONCURRENCY_LEVEL = 16
      LOAD_FACTOR = 0.75
      TREEIFY_THRESHOLD = 8
      UNTREEIFY_THRESHOLD = 6
      MIN_TREEIFY_CAPACITY = 64
      MIN_TRANSFER_STRIDE = 16
      RESIZE_STAMP_BITS = 16
      MAX_RESIZERS = 65535
      RESIZE_STAMP_SHIFT = 16
      MOVED = -1
      TREEBIN = -2
      RESERVED = -3
      HASH_BITS = 2147483647
      NCPU = 4
      serialPersistentFields = class java.io.ObjectStreamField[3]
      table = class java.util.concurrent.ConcurrentHashMap$Node[512]
      nextTable = null
      baseCount = 222
      sizeCtl = 384
      transferIndex = 0
      cellsBusy = 0
      counterCells = null
      keySet = null
      values = null
      entrySet = null
      U = class jdk.internal.misc.Unsafe@1305e68
      SIZECTL = 20
      TRANSFERINDEX = 32
      BASECOUNT = 24
      CELLSBUSY = 36
      CELLVALUE = 144
      ABASE = 16
      ASHIFT = 2
      keySet = null
      values = null
    config = class com.ibm.ws.classloading.internal.ClassLoaderConfigurationImpl@65275488
      DEFAULT_PROTECTION_DOMAIN = class java.security.ProtectionDomain@c3f5378
      delegateLast = false
      includeAppExtensions = true
      id = class com.ibm.ws.classloading.serializable.ClassLoaderIdentityImpl@a5409df
      parentId = null
      sharedLibraries = class java.util.ArrayList@39b5b696
      commonLibraries = class java.util.Collections$EmptyList@63a1d3aa
      providers = class java.util.Collections$EmptyList@63a1d3aa
      nativeLibraryContainers = class java.util.Collections$EmptyList@63a1d3aa
      protectionDomain = class java.security.ProtectionDomain@4e6c3990
      serialVersionUID = 9091690180200375339
      $$$tc$$$ = class com.ibm.websphere.ras.TraceComponent@5daad13d
    privateLibraries = null
    delegateLoaders = class com.ibm.ws.classloading.internal.util.CompositeIterable@10afb22d
      iterables = class java.util.Arrays$ArrayList@7bdfa54a
      serialVersionUID = -1227195994638150837
      $$$tc$$$ = class com.ibm.websphere.ras.TraceComponent@5c44d92d
    nativeLibraryFiles = class java.util.ArrayList@328f3dc1
      serialVersionUID = 8683452581122892189
      DEFAULT_CAPACITY = 10
      EMPTY_ELEMENTDATA = class java.lang.Object[0]
      DEFAULTCAPACITY_EMPTY_ELEMENTDATA = class java.lang.Object[0]
      elementData = class java.lang.Object[0]
      size = 0
      MAX_ARRAY_SIZE = 2147483639
      modCount = 0
      MAX_ARRAY_SIZE = 2147483639
    transformers = class java.util.ArrayList@79ebc46
      serialVersionUID = 8683452581122892189
      DEFAULT_CAPACITY = 10
      EMPTY_ELEMENTDATA = class java.lang.Object[0]
      DEFAULTCAPACITY_EMPTY_ELEMENTDATA = class java.lang.Object[0]
      elementData = class java.lang.Object[0]
      size = 0
      MAX_ARRAY_SIZE = 2147483639
      modCount = 0
      MAX_ARRAY_SIZE = 2147483639
    apiAccess = class com.ibm.ws.classloading.internal.GatewayClassLoader@3910dfdf
      config = class com.ibm.ws.classloading.internal.GatewayConfigurationImpl@67b77ed3
      wiringMonitor = class com.ibm.ws.classloading.internal.GatewayClassLoader$1@553e08e6
      bundle = class org.eclipse.osgi.internal.framework.EquinoxBundle@4a997747
      wiring = class org.eclipse.osgi.container.ModuleWiring@70b97356
      bundleLoader = class org.eclipse.osgi.internal.loader.EquinoxClassLoader@7cc7c530
      resourceProviders = class com.ibm.ws.classloading.internal.CompositeResourceProvider@67c3df1c
      serialVersionUID = -4256474098847905153
      $$$tc$$$ = class com.ibm.websphere.ras.TraceComponent@35dbc0
    generator = class com.ibm.ws.classloading.internal.ClassGeneratorManager@2317572
      tc = class com.ibm.websphere.ras.TraceComponent@7cd216fb
      generatorRefs = class com.ibm.wsspi.kernel.service.utils.ConcurrentServiceReferenceSet@2871abd7
      serialVersionUID = 4152663586056483310
    protectionDomains = class java.util.concurrent.ConcurrentHashMap@58423b29
      serialVersionUID = 7249069246763182397
      MAXIMUM_CAPACITY = 1073741824
      DEFAULT_CAPACITY = 16
      MAX_ARRAY_SIZE = 2147483639
      DEFAULT_CONCURRENCY_LEVEL = 16
      LOAD_FACTOR = 0.75
      TREEIFY_THRESHOLD = 8
      UNTREEIFY_THRESHOLD = 6
      MIN_TREEIFY_CAPACITY = 64
      MIN_TRANSFER_STRIDE = 16
      RESIZE_STAMP_BITS = 16
      MAX_RESIZERS = 65535
      RESIZE_STAMP_SHIFT = 16
      MOVED = -1
      TREEBIN = -2
      RESERVED = -3
      HASH_BITS = 2147483647
      NCPU = 4
      serialPersistentFields = class java.io.ObjectStreamField[3]
      table = class java.util.concurrent.ConcurrentHashMap$Node[16]
      nextTable = null
      baseCount = 6
      sizeCtl = 12
      transferIndex = 0
      cellsBusy = 0
      counterCells = null
      keySet = null
      values = null
      entrySet = null
      U = class jdk.internal.misc.Unsafe@1305e68
      SIZECTL = 20
      TRANSFERINDEX = 32
      BASECOUNT = 24
      CELLSBUSY = 36
      CELLVALUE = 144
      ABASE = 16
      ASHIFT = 2
      keySet = null
      values = null
    parent = class com.ibm.ws.classloading.internal.GatewayClassLoader@3910dfdf
    hook = null
    serialVersionUID = 7911131531697267209
    tc = class com.ibm.websphere.ras.TraceComponent@1691d61
      strings[0] = "TraceComponent[com.ibm.ws.classloading.internal.ContainerClassLoader,class com.ibm.ws.classloading.internal.ContainerClassLoader,[ClassLoadingService],com.ibm.ws.classloading.internal.resources.ClassLoadingServiceMessages,null]"
    smartClassPath = class com.ibm.ws.classloading.internal.ContainerClassLoader$SmartClassPathImpl@3511c4d6
      rwLock = class java.util.concurrent.locks.ReentrantReadWriteLock@2877a99a
      outstandingContainers = class java.util.concurrent.atomic.AtomicInteger@2f77a7ed
      usePackageMap = true
      maxLastNotFound = 250
      maxLastFound = 900
      maxLastReallyNotFound = 900
      propsInUse = false
      classPath = class java.util.concurrent.CopyOnWriteArrayList@56c954df
      MAX_LASTNOTFOUND = 250
      lastNotFound = class java.util.concurrent.CopyOnWriteArrayList@50ba4eb9
      MAX_LASTFOUND = 900
      lastFoundURL = class java.util.Collections$SynchronizedMap@4594064d
      MAX_LASTREALLYNOTFOUND = 900
      lastReallyNotFoundURL = class java.util.Collections$SynchronizedMap@57ce89dd
      packageMap = class java.util.HashMap@4b3d4057
      containers = class java.util.Collections$SetFromMap@4970100f
      serialVersionUID = 5999673258880429274
      $$$tc$$$ = class com.ibm.websphere.ras.TraceComponent@ad5663e
    nativeLibraryContainers = class java.util.ArrayList@7ebb8680
      serialVersionUID = 8683452581122892189
      DEFAULT_CAPACITY = 10
      EMPTY_ELEMENTDATA = class java.lang.Object[0]
      DEFAULTCAPACITY_EMPTY_ELEMENTDATA = class java.lang.Object[0]
      elementData = class java.lang.Object[0]
      size = 0
      MAX_ARRAY_SIZE = 2147483639
      modCount = 0
      MAX_ARRAY_SIZE = 2147483639
    redefiner = class com.ibm.ws.classloading.internal.util.ClassRedefiner@49610fe6
      tc = class com.ibm.websphere.ras.TraceComponent@57f599fd
      LS = "
"
      inst = class com.ibm.ws.kernel.launch.internal.TraceInstrumentation@6faa9167
      serialVersionUID = 2420101865139508526
    jarProtocol = "wsjar:"
    mapCreationQueue = class java.util.concurrent.Executors$FinalizableDelegatedExecutorService@56b0ee2c
      e = class java.util.concurrent.ThreadPoolExecutor@4a67da2e
    serialVersionUID = 4390450102868895350
    serialVersionUID = -7411549862368381758
    $$$tc$$$ = class com.ibm.websphere.ras.TraceComponent@704fd87e
      strings[0] = "TraceComponent[com.ibm.ws.classloading.internal.IdentifiedLoader,class com.ibm.ws.classloading.internal.IdentifiedLoader,[ClassLoadingService],com.ibm.ws.classloading.internal.resources.ClassLoadingServiceMessages,null]"
    serialVersionUID = -4868702105808481416
    $$$tc$$$ = class com.ibm.websphere.ras.TraceComponent@23ab014b
    serialVersionUID = 2596921220292114344
    $$$tc$$$ = class com.ibm.websphere.ras.TraceComponent@203af6bc
    pdcache = class java.util.concurrent.ConcurrentHashMap@cb5799d
      serialVersionUID = 7249069246763182397
      MAXIMUM_CAPACITY = 1073741824
      DEFAULT_CAPACITY = 16
      MAX_ARRAY_SIZE = 2147483639
      DEFAULT_CONCURRENCY_LEVEL = 16
      LOAD_FACTOR = 0.75
      TREEIFY_THRESHOLD = 8
      UNTREEIFY_THRESHOLD = 6
      MIN_TREEIFY_CAPACITY = 64
      MIN_TRANSFER_STRIDE = 16
      RESIZE_STAMP_BITS = 16
      MAX_RESIZERS = 65535
      RESIZE_STAMP_SHIFT = 16
      MOVED = -1
      TREEBIN = -2
      RESERVED = -3
      HASH_BITS = 2147483647
      NCPU = 4
      serialPersistentFields = class java.io.ObjectStreamField[3]
      table = null
      nextTable = null
      baseCount = 0
      sizeCtl = 16
      transferIndex = 0
      cellsBusy = 0
      counterCells = null
      keySet = null
      values = null
      entrySet = null
      U = class jdk.internal.misc.Unsafe@1305e68
      SIZECTL = 20
      TRANSFERINDEX = 32
      BASECOUNT = 24
      CELLSBUSY = 36
      CELLVALUE = 144
      ABASE = 16
      ASHIFT = 2
      keySet = null
      values = null
  clSvc = class com.ibm.ws.classloading.internal.ClassLoadingServiceImpl@15672270
    tc = class com.ibm.websphere.ras.TraceComponent@4f695a48
      strings[0] = "TraceComponent[com.ibm.ws.classloading.internal.ClassLoadingServiceImpl,class com.ibm.ws.classloading.internal.ClassLoadingServiceImpl,[ClassLoadingService],com.ibm.ws.classloading.internal.resources.ClassLoadingServiceMessages,null]"
    leakDetectionMap = class java.util.HashMap@7eebcb4f
      serialVersionUID = 362498820763181265
      DEFAULT_INITIAL_CAPACITY = 16
      MAXIMUM_CAPACITY = 1073741824
      DEFAULT_LOAD_FACTOR = 0.75
      TREEIFY_THRESHOLD = 8
      UNTREEIFY_THRESHOLD = 6
      MIN_TREEIFY_CAPACITY = 64
      table = null
      entrySet = null
      size = 0
      modCount = 0
      threshold = 0
      loadFactor = 0.75
      keySet = null
      values = null
    TCCL_LOCK_WAIT = 15000
    REFERENCE_GENERATORS = "generators"
    bundleContext = class org.eclipse.osgi.internal.framework.BundleContextImpl@538fd3c3
      findHookName = "org.osgi.framework.hooks.bundle.FindHook"
      valid = true
      bundle = class org.eclipse.osgi.internal.framework.EquinoxBundle@6be881b8
      container = class org.eclipse.osgi.internal.framework.EquinoxContainer@3c7de0d3
      debug = class org.eclipse.osgi.internal.debug.Debug@2c33d102
      servicesInUse = class java.util.HashMap@f902538
      activator = null
      contextLock = class java.lang.Object@2e8ef365
    aclStore = class com.ibm.ws.classloading.internal.util.CanonicalStore@5cc6dd94
      map = class java.util.concurrent.ConcurrentHashMap@392c6f7
      q = class com.ibm.ws.classloading.internal.util.RefQueue@2c868f1e
      serialVersionUID = 6715157558227169968
      $$$tc$$$ = class com.ibm.websphere.ras.TraceComponent@20bea643
    tcclStore = class com.ibm.ws.classloading.internal.util.CanonicalStore@7b183e00
      map = class java.util.concurrent.ConcurrentHashMap@2713c66
      q = class com.ibm.ws.classloading.internal.util.RefQueue@765a557c
      serialVersionUID = 6715157558227169968
      $$$tc$$$ = class com.ibm.websphere.ras.TraceComponent@20bea643
    tcclStoreLock = class java.util.concurrent.locks.ReentrantLock@2845c2a
      serialVersionUID = 7373984872572414699
      sync = class java.util.concurrent.locks.ReentrantLock$NonfairSync@2b0bff81
    digraph = class org.eclipse.equinox.internal.region.StandardRegionDigraph@22955e86
      EMPTY_EDGE_SET = class java.util.Collections$UnmodifiableSet@21898361
      monitor = class java.lang.Object@467f263
      regions = class java.util.HashMap@11572966
      bundleIdToRegionMapping = class org.eclipse.equinox.internal.region.StandardBundleIdToRegionMapping@931ba2d
      edges = class java.util.HashMap@64cea2e1
      bundleContext = class org.eclipse.osgi.internal.framework.BundleContextImpl@ae13544
      threadLocal = class java.lang.ThreadLocal@5f01b0f1
      subgraphTraverser = class org.eclipse.equinox.internal.region.SubgraphTraverser@7735be6e
      bundleCollisionHook = class org.eclipse.equinox.internal.region.hook.RegionBundleCollisionHook@73518277
      bundleEventHook = class org.eclipse.equinox.internal.region.hook.RegionBundleEventHook@6299ef56
      bundleFindHook = class org.eclipse.equinox.internal.region.hook.RegionBundleFindHook@304d4dcc
      serviceEventHook = class org.eclipse.equinox.internal.region.hook.RegionServiceEventHook@6a515365
      serviceFindHook = class org.eclipse.equinox.internal.region.hook.RegionServiceFindHook@156c2662
      resolverHookFactory = class org.eclipse.equinox.internal.region.hook.RegionResolverHookFactory@38a298c6
      origin = null
      originUpdateCount = -1
      updateCount = class java.util.concurrent.atomic.AtomicLong@625b9133
      defaultRegion = null
    redefiner = class com.ibm.ws.classloading.internal.util.ClassRedefiner@49610fe6
    listener = class com.ibm.ws.classloading.internal.ClassLoadingServiceImpl$1@48d51d3d
      this$0 = class com.ibm.ws.classloading.internal.ClassLoadingServiceImpl@15672270
      serialVersionUID = -9159707349812113172
      $$$tc$$$ = class com.ibm.websphere.ras.TraceComponent@48de804e
    classloaders = class java.util.Collections$SynchronizedMap@7207d219
      serialVersionUID = 1978198479659022715
      m = class java.util.HashMap@6fe7d554
      mutex = class java.util.Collections$SynchronizedMap@7207d219
      keySet = null
      entrySet = null
      values = null
    resourceProviders = class com.ibm.ws.classloading.internal.CompositeResourceProvider@67c3df1c
      lockFactory = class java.util.concurrent.locks.ReentrantReadWriteLock@4bb28c61
      providerMap = class com.ibm.ws.classloading.internal.util.MultiMap@5d07691
      serialVersionUID = -5576435894946156347
      $$$tc$$$ = class com.ibm.websphere.ras.TraceComponent@3d686f0e
    rememberedBundles = class java.util.concurrent.ConcurrentHashMap@5242a57f
      serialVersionUID = 7249069246763182397
      MAXIMUM_CAPACITY = 1073741824
      DEFAULT_CAPACITY = 16
      MAX_ARRAY_SIZE = 2147483639
      DEFAULT_CONCURRENCY_LEVEL = 16
      LOAD_FACTOR = 0.75
      TREEIFY_THRESHOLD = 8
      UNTREEIFY_THRESHOLD = 6
      MIN_TREEIFY_CAPACITY = 64
      MIN_TRANSFER_STRIDE = 16
      RESIZE_STAMP_BITS = 16
      MAX_RESIZERS = 65535
      RESIZE_STAMP_SHIFT = 16
      MOVED = -1
      TREEBIN = -2
      RESERVED = -3
      HASH_BITS = 2147483647
      NCPU = 4
      serialPersistentFields = class java.io.ObjectStreamField[3]
      table = class java.util.concurrent.ConcurrentHashMap$Node[16]
      nextTable = null
      baseCount = 1
      sizeCtl = 12
      transferIndex = 0
      cellsBusy = 0
      counterCells = null
      keySet = null
      values = null
      entrySet = null
      U = class jdk.internal.misc.Unsafe@1305e68
      SIZECTL = 20
      TRANSFERINDEX = 32
      BASECOUNT = 24
      CELLSBUSY = 36
      CELLVALUE = 144
      ABASE = 16
      ASHIFT = 2
      keySet = null
      values = null
    collectedBundles = class java.lang.ref.ReferenceQueue@5a2bb0df
      NULL = class java.lang.ref.ReferenceQueue$Null@509851a1
      ENQUEUED = class java.lang.ref.ReferenceQueue$Null@20ce272a
      lock = class java.lang.ref.ReferenceQueue$Lock@10dfdc58
      head = null
      queueLength = 0
      $assertionsDisabled = true
    generatorRefs = class com.ibm.wsspi.kernel.service.utils.ConcurrentServiceReferenceSet@2871abd7
      referenceName = "generators"
      contextRef = class java.util.concurrent.atomic.AtomicReference@4219d094
      elementMap = class java.util.LinkedHashMap@1d179d32
      elementSet = class java.util.concurrent.ConcurrentSkipListSet@1b7504ff
      elementSetUnsorted = false
      serialVersionUID = 756240983881166148
      $$$tc$$$ = class com.ibm.websphere.ras.TraceComponent@4de39b83
    generatorManager = class com.ibm.ws.classloading.internal.ClassGeneratorManager@2317572
    appExtLibs = class java.util.concurrent.CopyOnWriteArrayList@3a776252
      serialVersionUID = 8673264195747942595
      lock = class java.lang.Object@1385eac5
      array = class java.lang.Object[0]
    globalConfig = class com.ibm.ws.classloading.configuration.GlobalClassloadingConfiguration@762cf81f
      properties = class org.apache.felix.scr.impl.helper.ReadOnlyDictionary@3aef202b
      serialVersionUID = 452562347104713756
      $$$tc$$$ = class com.ibm.websphere.ras.TraceComponent@6b42babc
    metaInfServicesProviders = class java.util.concurrent.ConcurrentHashMap@3182c2f8
      serialVersionUID = 7249069246763182397
      MAXIMUM_CAPACITY = 1073741824
      DEFAULT_CAPACITY = 16
      MAX_ARRAY_SIZE = 2147483639
      DEFAULT_CONCURRENCY_LEVEL = 16
      LOAD_FACTOR = 0.75
      TREEIFY_THRESHOLD = 8
      UNTREEIFY_THRESHOLD = 6
      MIN_TREEIFY_CAPACITY = 64
      MIN_TRANSFER_STRIDE = 16
      RESIZE_STAMP_BITS = 16
      MAX_RESIZERS = 65535
      RESIZE_STAMP_SHIFT = 16
      MOVED = -1
      TREEBIN = -2
      RESERVED = -3
      HASH_BITS = 2147483647
      NCPU = 4
      serialPersistentFields = class java.io.ObjectStreamField[3]
      table = null
      nextTable = null
      baseCount = 0
      sizeCtl = 0
      transferIndex = 0
      cellsBusy = 0
      counterCells = null
      keySet = null
      values = null
      entrySet = null
      U = class jdk.internal.misc.Unsafe@1305e68
      SIZECTL = 20
      TRANSFERINDEX = 32
      BASECOUNT = 24
      CELLSBUSY = 36
      CELLVALUE = 144
      ABASE = 16
      ASHIFT = 2
      keySet = null
      values = null
    metaInfServicesRefs = class com.ibm.wsspi.kernel.service.utils.ConcurrentServiceReferenceMap@36a8315f
      referenceName = "MetaInfServicesProvider"
      context = class org.apache.felix.scr.impl.manager.ComponentContextImpl@44ac9d3
      elementMap = class java.util.concurrent.ConcurrentHashMap@2b45d073
      serialVersionUID = 6980924785166233786
      $$$tc$$$ = class com.ibm.websphere.ras.TraceComponent@72b0bccd
    protectionDomainMap = class java.util.HashMap@37cca02a
      serialVersionUID = 362498820763181265
      DEFAULT_INITIAL_CAPACITY = 16
      MAXIMUM_CAPACITY = 1073741824
      DEFAULT_LOAD_FACTOR = 0.75
      TREEIFY_THRESHOLD = 8
      UNTREEIFY_THRESHOLD = 6
      MIN_TREEIFY_CAPACITY = 64
      table = null
      entrySet = null
      size = 0
      modCount = 0
      threshold = 0
      loadFactor = 0.75
      keySet = null
      values = null
    metadataIdentifierService = class com.ibm.ws.container.service.metadata.internal.MetaDataServiceImpl@26314acc
      applicationMetaDataManager = class com.ibm.ws.container.service.metadata.internal.ApplicationMetaDataManager@453fad17
      moduleMetaDataManager = class com.ibm.ws.container.service.metadata.internal.ModuleMetaDataManager@63b7f01
      componentMetaDataManager = class com.ibm.ws.container.service.metadata.internal.ComponentMetaDataManager@546d2a44
      methodMetaDataManager = class com.ibm.ws.container.service.metadata.internal.MethodMetaDataManager@512eaef2
      appModuleNameToModuleContainer = class java.util.concurrent.ConcurrentHashMap@7bf6558c
      jeeNameToComponentMetaData = class java.util.concurrent.ConcurrentHashMap@26e8fe84
      deferredMetaDataFactories = class com.ibm.wsspi.kernel.service.utils.ConcurrentServiceReferenceSet@1beacf17
      deferredMetaDataInitializers = class com.ibm.wsspi.kernel.service.utils.ConcurrentServiceReferenceMap@3f17aba6
      serialVersionUID = -2494605732980966097
      $$$tc$$$ = class com.ibm.websphere.ras.TraceComponent@44df48d3
    globalSharedLibrary = class java.util.concurrent.atomic.AtomicReference@103d9f0
      serialVersionUID = -1848883965231344442
      VALUE = class java.lang.invoke.VarHandleReferences$FieldInstanceReadWrite@76562246
      value = null
    serialVersionUID = -2277344858934055980
  serialVersionUID = 846416563800781557
  tc = class com.ibm.websphere.ras.TraceComponent@5b90162c
    strings[0] = "TraceComponent[com.ibm.ws.classloading.internal.UnifiedClassLoader,class com.ibm.ws.classloading.internal.UnifiedClassLoader,[ClassLoadingService],com.ibm.ws.classloading.internal.resources.ClassLoadingServiceMessages,null]"
  followOnClassLoaders = class java.util.ArrayList@58c5a716
    serialVersionUID = 8683452581122892189
    DEFAULT_CAPACITY = 10
    EMPTY_ELEMENTDATA = class java.lang.Object[0]
    DEFAULTCAPACITY_EMPTY_ELEMENTDATA = class java.lang.Object[0]
    elementData = class java.lang.Object[10]
      Object[0] = class com.ibm.ws.classloading.internal.AppClassLoader@21220ff2
      Object[1] = null
      Object[2] = null
      Object[3] = null
      Object[4] = null
      Object[5] = null
      Object[6] = null
      Object[7] = null
      Object[8] = null
      Object[9] = null
    size = 1
    MAX_ARRAY_SIZE = 2147483639
    modCount = 1
    MAX_ARRAY_SIZE = 2147483639
  serialVersionUID = 8829649920524275888
  serialVersionUID = -4868702105808481416
  $$$tc$$$ = class com.ibm.websphere.ras.TraceComponent@23ab014b
    strings[0] = "TraceComponent[com.ibm.ws.classloading.internal.LibertyLoader,class com.ibm.ws.classloading.internal.LibertyLoader,[ClassLoadingService],com.ibm.ws.classloading.internal.resources.ClassLoadingServiceMessages,null]"
  serialVersionUID = 2596921220292114344
  $$$tc$$$ = class com.ibm.websphere.ras.TraceComponent@203af6bc
    strings[0] = "TraceComponent[com.ibm.ws.classloading.LibertyClassLoader,class com.ibm.ws.classloading.LibertyClassLoader,[ClassLoadingService],com.ibm.ws.classloading.internal.resources.ClassLoadingServiceMessages,null]"
  pdcache = class java.util.concurrent.ConcurrentHashMap@4f7dbff6
    serialVersionUID = 7249069246763182397
    MAXIMUM_CAPACITY = 1073741824
    DEFAULT_CAPACITY = 16
    MAX_ARRAY_SIZE = 2147483639
    DEFAULT_CONCURRENCY_LEVEL = 16
    LOAD_FACTOR = 0.75
    TREEIFY_THRESHOLD = 8
    UNTREEIFY_THRESHOLD = 6
    MIN_TREEIFY_CAPACITY = 64
    MIN_TRANSFER_STRIDE = 16
    RESIZE_STAMP_BITS = 16
    MAX_RESIZERS = 65535
    RESIZE_STAMP_SHIFT = 16
    MOVED = -1
    TREEBIN = -2
    RESERVED = -3
    HASH_BITS = 2147483647
    NCPU = 4
    serialPersistentFields = class java.io.ObjectStreamField[3]
      ObjectStreamField[0] = class java.io.ObjectStreamField@60fa6c5a
      ObjectStreamField[1] = class java.io.ObjectStreamField@5e50d744
      ObjectStreamField[2] = class java.io.ObjectStreamField@444d8c81
    table = null
    nextTable = null
    baseCount = 0
    sizeCtl = 16
    transferIndex = 0
    cellsBusy = 0
    counterCells = null
    keySet = null
    values = null
    entrySet = null
    U = class jdk.internal.misc.Unsafe@1305e68
    SIZECTL = 20
    TRANSFERINDEX = 32
    BASECOUNT = 24
    CELLSBUSY = 36
    CELLVALUE = 144
    ABASE = 16
    ASHIFT = 2
    keySet = null
    values = null

