------Start of DE processing------ = [9/05/19 00:42:39:908 PET]
Exception = com.ibm.ws.container.service.state.StateChangeException
Source = com.ibm.ws.app.manager.module.internal.DeployedAppInfoBase
probeid = 385
Stack Dump = com.ibm.ws.container.service.state.StateChangeException: org.jboss.weld.exceptions.DeploymentException: WELD-000072: Bean declaring a passivating scope must be passivation capable.  Bean:  Managed Bean [class view.student.StudentDeleteView] with qualifiers [@Any @Default]
	at com.ibm.ws.container.service.state.internal.ApplicationStateManager.fireStarting(ApplicationStateManager.java:32)
	at com.ibm.ws.container.service.state.internal.StateChangeServiceImpl.fireApplicationStarting(StateChangeServiceImpl.java:50)
	at com.ibm.ws.app.manager.module.internal.DeployedAppInfoBase.preDeployApp(DeployedAppInfoBase.java:384)
	at com.ibm.ws.app.manager.module.internal.DeployedAppInfoBase.deployApp(DeployedAppInfoBase.java:413)
	at com.ibm.ws.app.manager.war.internal.WARApplicationHandlerImpl.install(WARApplicationHandlerImpl.java:65)
	at com.ibm.ws.app.manager.internal.statemachine.StartAction.execute(StartAction.java:140)
	at com.ibm.ws.app.manager.internal.statemachine.ApplicationStateMachineImpl.enterState(ApplicationStateMachineImpl.java:1261)
	at com.ibm.ws.app.manager.internal.statemachine.ApplicationStateMachineImpl.performAction(ApplicationStateMachineImpl.java:1129)
	at com.ibm.ws.app.manager.internal.statemachine.ApplicationStateMachineImpl.run(ApplicationStateMachineImpl.java:884)
	at com.ibm.ws.threading.internal.ExecutorServiceImpl$RunnableWrapper.run(ExecutorServiceImpl.java:239)
	at java.base/java.util.concurrent.ThreadPoolExecutor.runWorker(ThreadPoolExecutor.java:1128)
	at java.base/java.util.concurrent.ThreadPoolExecutor$Worker.run(ThreadPoolExecutor.java:628)
	at java.base/java.lang.Thread.run(Thread.java:835)
Caused by: org.jboss.weld.exceptions.DeploymentException: WELD-000072: Bean declaring a passivating scope must be passivation capable.  Bean:  Managed Bean [class view.student.StudentDeleteView] with qualifiers [@Any @Default]
	at org.jboss.weld.bean.ManagedBean.checkType(ManagedBean.java:216)
	at org.jboss.weld.bean.AbstractBean.initializeAfterBeanDiscovery(AbstractBean.java:108)
	at org.jboss.weld.bean.ManagedBean.initializeAfterBeanDiscovery(ManagedBean.java:122)
	at org.jboss.weld.bootstrap.ConcurrentBeanDeployer$AfterBeanDiscoveryInitializerFactory.doWork(ConcurrentBeanDeployer.java:111)
	at org.jboss.weld.bootstrap.ConcurrentBeanDeployer$AfterBeanDiscoveryInitializerFactory.doWork(ConcurrentBeanDeployer.java:102)
	at org.jboss.weld.executor.IterativeWorkerTaskFactory$1.call(IterativeWorkerTaskFactory.java:62)
	at org.jboss.weld.executor.IterativeWorkerTaskFactory$1.call(IterativeWorkerTaskFactory.java:55)
	at com.ibm.ws.threading.internal.PolicyTaskFutureImpl.run(PolicyTaskFutureImpl.java:724)
	at com.ibm.ws.threading.internal.PolicyExecutorImpl.runTask(PolicyExecutorImpl.java:1134)
	at com.ibm.ws.threading.internal.PolicyExecutorImpl$GlobalPoolTask.run(PolicyExecutorImpl.java:188)
	... 3 more

Dump of callerThis
Object type = com.ibm.ws.app.manager.war.internal.WARDeployedAppInfo
  CONTEXT_ROOT = "context-root"
  webModuleHandler = class com.ibm.ws.app.manager.web.internal.WebModuleHandlerImpl@6304c6af
    serialVersionUID = 4795602325763828210
    $$$tc$$$ = class com.ibm.websphere.ras.TraceComponent@638035b7
      strings[0] = "TraceComponent[com.ibm.ws.app.manager.web.internal.WebModuleHandlerImpl,class com.ibm.ws.app.manager.web.internal.WebModuleHandlerImpl,[webcontainer, applications, app.manager],com.ibm.ws.app.manager.war.internal.resources.Messages,null]"
    futureMonitor = class com.ibm.ws.threading.internal.FutureMonitorImpl@35eefa32
    metaDataService = class com.ibm.ws.container.service.metadata.internal.MetaDataServiceImpl@7d40de9
    stateChangeService = class com.ibm.ws.container.service.state.internal.StateChangeServiceImpl@3185279b
    moduleRuntimeContainer = class com.ibm.ws.webcontainer.osgi.WebContainer@425b27a8
      tc = class com.ibm.websphere.ras.TraceComponent@401b7253
      CLASS_NAME = "com.ibm.ws.webcontainer.osgi.WebContainer"
      initialized = true
      eventService = class com.ibm.ws.event.internal.EventEngineImpl@2405d21e
      futureMonitor = class com.ibm.ws.threading.internal.FutureMonitorImpl@35eefa32
      classLoadingSRRef = class com.ibm.wsspi.kernel.service.utils.AtomicServiceReference@1ad50b21
      sessionHelperSRRef = class com.ibm.wsspi.kernel.service.utils.AtomicServiceReference@328609cf
      cacheManagerSRRef = class com.ibm.wsspi.kernel.service.utils.AtomicServiceReference@52c86abc
      injectionEngineSRRef = class com.ibm.wsspi.kernel.service.utils.AtomicServiceReference@9e57e4b
      managedObjectServiceSRRef = class com.ibm.wsspi.kernel.service.utils.AtomicServiceReference@3b5be055
      backgroundWebAppStartFutures = class com.ibm.ws.webcontainer.util.OneTimeUseArrayList@39114e80
      REFERENCE_WEB_MBEAN_RUNTIME = "webMBeanRuntime"
      webMBeanRuntimeServiceRef = class com.ibm.wsspi.kernel.service.utils.AtomicServiceReference@289d5e94
      servletContainerInitializers = class com.ibm.wsspi.kernel.service.utils.ConcurrentServiceReferenceSet@a286aea
      es = class com.ibm.ws.threading.internal.ExecutorServiceImpl@14d31392
      locationServiceRef = class java.util.concurrent.atomic.AtomicReference@6e156ab2
      transferContextServiceRef = class com.ibm.wsspi.kernel.service.utils.ConcurrentServiceReferenceSet@5dc35cbe
      encodingServiceRef = class java.util.concurrent.atomic.AtomicReference@1f68c06c
      instance = class java.util.concurrent.atomic.AtomicReference@56de9651
      vhostManager = class com.ibm.ws.webcontainer.osgi.DynamicVirtualHostManager@13db26c2
      metaDataService = class com.ibm.ws.container.service.metadata.internal.MetaDataServiceImpl@7d40de9
      j2eeNameFactory = class com.ibm.ws.container.service.metadata.internal.J2EENameFactoryImpl@6df28d54
      context = class org.apache.felix.scr.impl.manager.ComponentContextImpl@54baaeab
      contextRoots = class java.util.Collections$SynchronizedSet@d086ff0
      pendingContextRoots = class java.util.HashMap@2fc60c1e
      deployedModuleMap = class java.util.concurrent.ConcurrentHashMap@65e1d212
      connContextPool = class com.ibm.ws.webcontainer40.osgi.srt.factory.SRTConnectionContextPool40Impl@64aff7f3
      DEFAULT_PORT = "*"
      DEFAULT_VHOST_NAME = "default_host"
      cachedServerInfo = "IBM WebSphere Liberty/19.0.0.3"
      lock = class com.ibm.ws.webcontainer.osgi.WebContainer$1@2a166379
      webAppFactory = class com.ibm.ws.webcontainer40.osgi.webapp.factory.WebAppFactory40Impl@35af2cd9
      requestFactory = class com.ibm.ws.webcontainer40.osgi.response.factory.IRequestResponseFactory40Impl@5e35093c
      responseFactory = class com.ibm.ws.webcontainer40.osgi.response.factory.IRequestResponseFactory40Impl@5e35093c
      asyncContextFactory = class com.ibm.ws.webcontainer40.async.factory.AsyncContextFactory40Impl@453e7d66
      DEFAULT_MAX_VERSION = 30
      versionRef = class org.eclipse.osgi.internal.serviceregistry.ServiceReferenceImpl@5c2ad313
      serverStopping = class com.ibm.ws.staticvalue.StaticValue$FinalSingleton@102ff5ab
      modulesStarting = 0
      uriMatcherFactory = class com.ibm.wsspi.webcontainer40.util.factory.URIMatcherFactory40Impl@66a5727b
      SPEC_LEVEL_UNLOADED = -1
      SPEC_LEVEL_30 = 30
      SPEC_LEVEL_31 = 31
      SPEC_LEVEL_40 = 40
      DEFAULT_SPEC_LEVEL = 30
      loadedContainerSpecLevel = 40
      ISO = "ISO-8859-1"
      encoding = "UTF-8"
      decode = true
      wcconfig = class com.ibm.ws.webcontainer.osgi.WebContainerConfiguration@50c6e684
      applicationListeners = class java.util.ArrayList@5a7e05c4
      servletListeners = class java.util.ArrayList@3513318d
      servletErrorListeners = class java.util.ArrayList@7868abfe
      servletInvocationListeners = class java.util.ArrayList@1f7d90b1
      filterInvocationListeners = class java.util.ArrayList@3507f6bf
      filterErrorListeners = class java.util.ArrayList@193426cb
      filterListeners = class java.util.ArrayList@243e4948
      servletRequestListeners = class java.util.ArrayList@57b5ad66
      servletRequestAttributeListeners = class java.util.ArrayList@5d8d1b21
      servletContextListeners = class java.util.ArrayList@65377c25
      servletContextAttributeListeners = class java.util.ArrayList@33950dc2
      sessionListeners = class java.util.ArrayList@49b1584b
      sessionIdListeners = class java.util.ArrayList@7c50164f
      sessionAttributeListeners = class java.util.ArrayList@22588bb4
      DEFAULT_HOST = "default_host"
      _initialized = true
      logger = class com.ibm.ws.logging.internal.WsLogger@2ef4b483
      CLASS_NAME = "com.ibm.ws.webcontainer.internal.WebContainer"
      nls = class com.ibm.ejs.ras.TraceNLS@39b86920
      self = class java.util.concurrent.atomic.AtomicReference@7a081d5c
      _cipherToBit = class java.util.HashMap@6968e3c
      cacheKeyStringBuilder = class com.ibm.ws.util.WSThreadLocal@6075b071
      listenersInitialized = true
      webConProperties = class java.util.Properties@1a7e2436
      sessionRegistry = null
      isStopped = false
      readWriteLockForStopping = class java.util.concurrent.locks.ReentrantReadWriteLock@202628d8
      urlPrefix = ";jsessionid="
      extensionFactories = class java.util.ArrayList@1b332b88
      postInitExtensionFactories = null
      httpResponseListeners = class java.util.ArrayList@12f3a58e
      servletContainerInitializers = class java.util.ServiceLoader@5fc86999
      auditManager = class com.ibm.websphere.security.audit.context.AuditManager@34fcb9c2
      invocationCacheSize = 500
      decodePlusSign = true
      _cacheMap = class java.util.concurrent.ConcurrentHashMap@258d276d
      _cacheSize = class java.util.concurrent.atomic.AtomicInteger@2add3987
      vHostCompatFlag = false
      platformHelper = class com.ibm.ws.webcontainer.PlatformHelper@36c519e4
      isDefaultTempDir = true
      tempDir = null
      servletCachingInitNeeded = true
      appInstallBegun = true
      cacheServletWrapperFactory = class com.ibm.ws.webcontainer40.servlet.factory.CacheServletWrapperFactory40Impl@67a69457
      commands = class java.util.ArrayList@2bdc7181
      requestMapper = class com.ibm.ws.webcontainer.util.VirtualHostContextRootMapper@680e647c
      parent = null
      name = "Was.webcontainer"
      isAlive = true
      subElements = class java.util.HashMap@769a4aa0
      attributes = null
      config = null
      serialVersionUID = -8271459000149267764
      $$$tc$$$ = class com.ibm.websphere.ras.TraceComponent@6d56c93b
    firstFailure = null
    serialVersionUID = -4563697739413190872
    $$$tc$$$ = class com.ibm.websphere.ras.TraceComponent@42189d62
      strings[0] = "TraceComponent[com.ibm.ws.app.manager.module.internal.ModuleHandlerBase,class com.ibm.ws.app.manager.module.internal.ModuleHandlerBase,[applications, app.manager],,null]"
  webContainerModuleInfo = class com.ibm.ws.app.manager.module.internal.SimpleDeployedAppInfoBase$WebModuleContainerInfo@7c002247
    contextRoot = null
    defaultContextRoot = "AsterikProject"
    serialVersionUID = -8158961796913348204
    $$$tc$$$ = class com.ibm.websphere.ras.TraceComponent@651ccd2e
      strings[0] = "TraceComponent[com.ibm.ws.app.manager.module.internal.SimpleDeployedAppInfoBase$WebModuleContainerInfo,class com.ibm.ws.app.manager.module.internal.SimpleDeployedAppInfoBase$WebModuleContainerInfo,[applications, app.manager],,null]"
    moduleHandler = class com.ibm.ws.app.manager.web.internal.WebModuleHandlerImpl@6304c6af
    moduleMetaDataExtenders = class java.util.concurrent.CopyOnWriteArrayList@f858fe9
      serialVersionUID = 8673264195747942595
      lock = class java.lang.Object@2cdb8fd1
      array = class java.lang.Object[3]
    nestedModuleMetaDataFactories = class java.util.concurrent.CopyOnWriteArrayList@489c3c47
      serialVersionUID = 8673264195747942595
      lock = class java.lang.Object@5e881f05
      array = class java.lang.Object[1]
    nestedModules = null
    moduleName = "AsterikProject"
    moduleDD = class com.ibm.ws.javaee.ddmodel.web.common.WebAppType@189155dd
      version = class com.ibm.ws.javaee.ddmodel.TokenType@1ff09082
      metadata_complete = null
      module_name = null
      absolute_ordering = null
      serialVersionUID = 4092807504738198665
      $$$tc$$$ = class com.ibm.websphere.ras.TraceComponent@5eee4a80
      description = null
      display_name = null
      icon = null
      distributable = null
      context_param = class com.ibm.ws.javaee.ddmodel.common.ParamValueType$ListType@4c0bbfeb
      filter = null
      filter_mapping = null
      listener = null
      servlet = class com.ibm.ws.javaee.ddmodel.web.common.ServletType$ListType@1cb7445c
      servlet_mapping = class com.ibm.ws.javaee.ddmodel.web.common.ServletMappingType$ListType@58a655ef
      session_config = class com.ibm.ws.javaee.ddmodel.web.common.SessionConfigType@4349baf9
      mime_mapping = class com.ibm.ws.javaee.ddmodel.web.common.MimeMappingType$ListType@522ca19c
      welcome_file_list = class com.ibm.ws.javaee.ddmodel.web.common.WelcomeFileListType@749f8a21
      error_page = class com.ibm.ws.javaee.ddmodel.web.common.ErrorPageType$ListType@1e7cb070
      jsp_config = null
      security_constraint = null
      deny_uncovered_http_methods = null
      login_config = null
      security_role = null
      message_destination = null
      locale_encoding_mapping_list = null
      default_context_path = null
      request_encoding = null
      response_encoding = null
      servletNameToServletMap = null
      filterNameToFilterMap = null
      ejbRefNameToEJBLocalRefMap = null
      ejbRefNameToEJBRefMap = null
      resourceEnvRefNameToResourceEnvRefMap = null
      messageDestinationRefNameToMessageDestinationRefMap = null
      resRefNameToResourceRefMap = null
      envEntryNameToEnvEntryMap = null
      roleNameToSecurityRoleMap = null
      roleLinkToSecurityRoleRefMap = null
      handlerNameToHandlerMap = null
      path = "WEB-INF/web.xml"
      idMap = class com.ibm.ws.javaee.ddmodel.DDParser$ComponentIDMap@10ec5f34
      serialVersionUID = 5321339975883512588
      $$$tc$$$ = class com.ibm.websphere.ras.TraceComponent@1d63542b
      post_construct = null
      pre_destroy = null
      serialVersionUID = 1102064201943992836
      $$$tc$$$ = class com.ibm.websphere.ras.TraceComponent@60546344
      env_entry = null
      ejb_ref = null
      ejb_local_ref = null
      resource_ref = null
      resource_env_ref = null
      message_destination_ref = null
      persistence_context_ref = null
      persistence_unit_ref = null
      data_source = null
      jms_connection_factory = null
      jms_destination = null
      mail_session = null
      connection_factory = null
      administered_object = null
      serialVersionUID = 8931982405528922228
      $$$tc$$$ = class com.ibm.websphere.ras.TraceComponent@662e7000
      service_ref = null
      serialVersionUID = -6199862059825607270
      $$$tc$$$ = class com.ibm.websphere.ras.TraceComponent@3de76372
      nilled = false
      serialVersionUID = -2826386306561723362
      $$$tc$$$ = class com.ibm.websphere.ras.TraceComponent@751178f6
    moduleInfo = class com.ibm.ws.app.manager.module.internal.WebModuleInfoImpl@7f262dbb
      contextRoot = "/AsterikProject"
      isDefaultContextRootUsed = true
      serialVersionUID = -1540279394520440503
      $$$tc$$$ = class com.ibm.websphere.ras.TraceComponent@302db7de
      tc = class com.ibm.websphere.ras.TraceComponent@2d549827
      appInfo = class com.ibm.ws.container.service.app.deploy.internal.ApplicationInfoImpl@3bdc0aa6
      moduleName = "AsterikProject"
      path = "AsterikProject.war"
      moduleContainer = class com.ibm.ws.adaptable.module.internal.AdaptableContainerImpl@6c98ad26
      altDDEntry = null
      moduleClassesContainers = class java.util.ArrayList@5a3a6c4e
      classLoaderFactory = class com.ibm.ws.app.manager.war.internal.WARDeployedAppInfo@4088b29a
      containerInfoType = class com.ibm.ws.container.service.app.deploy.ContainerInfo$Type@5eff7cdb
      classLoader = class com.ibm.ws.classloading.internal.AppClassLoader@43f7d4bc
      moduleMetaData = class com.ibm.ws.webcontainer.osgi.metadata.WebModuleMetaDataImpl@2fbd64b8
      nestedModuleMetaDataTypes = class java.util.ArrayList@54b9be0f
      nestedModuleMetaDataValues = class java.util.ArrayList@26de5e53
      serialVersionUID = 3986734351620206554
    serialVersionUID = 8693907776607441911
    $$$tc$$$ = class com.ibm.websphere.ras.TraceComponent@139102f0
      strings[0] = "TraceComponent[com.ibm.ws.app.manager.module.internal.SimpleDeployedAppInfoBase$ModuleContainerInfoBase,class com.ibm.ws.app.manager.module.internal.SimpleDeployedAppInfoBase$ModuleContainerInfoBase,[applications, app.manager],,null]"
    type = class com.ibm.ws.container.service.app.deploy.ContainerInfo$Type@5eff7cdb
      MANIFEST_CLASSPATH = class com.ibm.ws.container.service.app.deploy.ContainerInfo$Type@2057b8
      WEB_INF_CLASSES = class com.ibm.ws.container.service.app.deploy.ContainerInfo$Type@66d5c4e7
      WEB_INF_LIB = class com.ibm.ws.container.service.app.deploy.ContainerInfo$Type@47771352
      EAR_LIB = class com.ibm.ws.container.service.app.deploy.ContainerInfo$Type@63b84063
      WEB_MODULE = class com.ibm.ws.container.service.app.deploy.ContainerInfo$Type@5eff7cdb
      EJB_MODULE = class com.ibm.ws.container.service.app.deploy.ContainerInfo$Type@6127463b
      CLIENT_MODULE = class com.ibm.ws.container.service.app.deploy.ContainerInfo$Type@299d4404
      RAR_MODULE = class com.ibm.ws.container.service.app.deploy.ContainerInfo$Type@560f2fe6
      JAR_MODULE = class com.ibm.ws.container.service.app.deploy.ContainerInfo$Type@7715c61c
      SHARED_LIB = class com.ibm.ws.container.service.app.deploy.ContainerInfo$Type@2c58505b
      $VALUES = class com.ibm.ws.container.service.app.deploy.ContainerInfo$Type[10]
      $$$tc$$$ = class com.ibm.websphere.ras.TraceComponent@5478941a
      name = "WEB_MODULE"
      ordinal = 4
    name = "AsterikProject.war"
    container = class com.ibm.ws.adaptable.module.internal.AdaptableContainerImpl@6c98ad26
      root = class com.ibm.ws.adaptable.module.internal.AdaptableContainerImpl@6c98ad26
      rootOverlay = class com.ibm.ws.artifact.overlay.internal.DirectoryBasedOverlayContainerImpl@2341c81f
      factoryHolder = class com.ibm.ws.adaptable.module.internal.AdaptableModuleFactoryImpl@7e09dda1
      delegate = class com.ibm.ws.artifact.overlay.internal.DirectoryBasedOverlayContainerImpl@2341c81f
      notifier = class com.ibm.ws.adaptable.module.internal.NotifierImpl@5cb9bdf0
      serialVersionUID = -5621513278641113667
      $$$tc$$$ = class com.ibm.websphere.ras.TraceComponent@3a66a7fe
    altDDEntry = null
    classesContainerInfo = class java.util.ArrayList@5a3a6c4e
      serialVersionUID = 8683452581122892189
      DEFAULT_CAPACITY = 10
      EMPTY_ELEMENTDATA = class java.lang.Object[0]
      DEFAULTCAPACITY_EMPTY_ELEMENTDATA = class java.lang.Object[0]
      elementData = class java.lang.Object[10]
      size = 5
      MAX_ARRAY_SIZE = 2147483639
      modCount = 6
      MAX_ARRAY_SIZE = 2147483639
    serialVersionUID = 7427332431485745589
    $$$tc$$$ = class com.ibm.websphere.ras.TraceComponent@aa0597e
      strings[0] = "TraceComponent[com.ibm.ws.app.manager.module.internal.SimpleDeployedAppInfoBase$ExtendedContainerInfo,class com.ibm.ws.app.manager.module.internal.SimpleDeployedAppInfoBase$ExtendedContainerInfo,[applications, app.manager],,null]"
  DYNAMIC_IMPORT_PACKAGE_LIST = class java.util.Collections$UnmodifiableRandomAccessList@267b5f96
    serialVersionUID = -2542308836966382001
    serialVersionUID = -283967356065247728
    list = class java.util.Arrays$ArrayList@45e2431a
      serialVersionUID = -2764017481108945198
      a = class java.lang.String[1]
      modCount = 0
      MAX_ARRAY_SIZE = 2147483639
    serialVersionUID = 1820017752578914078
    c = class java.util.Arrays$ArrayList@45e2431a
  serialVersionUID = -6153587016903242961
  $$$tc$$$ = class com.ibm.websphere.ras.TraceComponent@241eb708
    strings[0] = "TraceComponent[com.ibm.ws.app.manager.war.internal.WARDeployedAppInfo,class com.ibm.ws.app.manager.war.internal.WARDeployedAppInfo,[webcontainer, applications, app.manager],com.ibm.ws.app.manager.war.internal.resources.Messages,null]"
  _tc = class com.ibm.websphere.ras.TraceComponent@74fe4ec2
    strings[0] = "TraceComponent[com.ibm.ws.app.manager.module.internal.DeployedAppInfoBase,class com.ibm.ws.app.manager.module.internal.DeployedAppInfoBase,[app.manager],com.ibm.ws.app.manager.module.internal.resources.Messages,null]"
  PERMISSION_XML = "permissions.xml"
  applicationInformation = class com.ibm.ws.app.manager.internal.ApplicationInstallInfo@6bb2b6e3
    _config = class com.ibm.ws.app.manager.internal.ApplicationConfig@7ff0fe4a
      tc = class com.ibm.websphere.ras.TraceComponent@3fe8dad7
      _configPid = "com.ibm.ws.app.manager_33"
      _config = class com.ibm.ws.config.admin.ConfigurationDictionary@35e046f5
      _applicationManager = class com.ibm.ws.app.manager.ApplicationManager@63c9446
      _location = "AsterikProject.war"
      _type = "war"
      _name = "AsterikProject"
      _notificationBroadcasterSupport = class javax.management.NotificationBroadcasterSupport@1f8138b8
      ONE_TIME_JANDEX_MSGS_DISPLAYED = true
    _handlerInfo = class java.util.concurrent.atomic.AtomicReference@6c0dd268
      serialVersionUID = -1848883965231344442
      VALUE = class java.lang.invoke.VarHandleReferences$FieldInstanceReadWrite@61894497
      value = class com.ibm.ws.app.manager.war.internal.WARDeployedAppInfo@4088b29a
    _container = class java.util.concurrent.atomic.AtomicReference@46f3470c
      serialVersionUID = -1848883965231344442
      VALUE = class java.lang.invoke.VarHandleReferences$FieldInstanceReadWrite@61894497
      value = class com.ibm.ws.adaptable.module.internal.AdaptableContainerImpl@6c98ad26
    _resolvedLocation = class java.util.concurrent.atomic.AtomicReference@2093c619
      serialVersionUID = -1848883965231344442
      VALUE = class java.lang.invoke.VarHandleReferences$FieldInstanceReadWrite@61894497
      value = class com.ibm.ws.kernel.service.location.internal.LocalFileResource@3374615f
    _handler = class com.ibm.ws.app.manager.war.internal.WARApplicationHandlerImpl@1d726740
      futureMonitor = class com.ibm.ws.threading.internal.FutureMonitorImpl@35eefa32
      deployedAppFactory = class com.ibm.ws.app.manager.war.internal.WARDeployedAppInfoFactoryImpl@27328ba4
      serialVersionUID = 4622845147410944782
      $$$tc$$$ = class com.ibm.websphere.ras.TraceComponent@7c899c
    _ami = class java.util.concurrent.atomic.AtomicReference@5e687946
      serialVersionUID = -1848883965231344442
      VALUE = class java.lang.invoke.VarHandleReferences$FieldInstanceReadWrite@61894497
      value = class com.ibm.wsspi.application.handler.DefaultApplicationMonitoringInformation@366d19c9
    _updateHandler = class com.ibm.ws.app.manager.internal.statemachine.ApplicationStateMachineImpl@418407ff
      _tc = class com.ibm.websphere.ras.TraceComponent@63f459e5
      EMPTY_FUTURE_ARRAY = interface java.util.concurrent.Future[0]
      asmSequenceNumber = class java.util.concurrent.atomic.AtomicLong@5ef8d51a
      _qscaCounter = class java.util.concurrent.atomic.AtomicInteger@6998e7de
      _failedThrowable = class com.ibm.ws.container.service.state.StateChangeException@241e5013
      _interruptibleLock = class com.ibm.ws.app.manager.internal.statemachine.ApplicationStateMachineImpl$2@be4c00f
      _interruptible = false
      _performingQueuedActions = true
      _queuedActions = class java.util.concurrent.ConcurrentLinkedQueue@1db67d33
      _callbackState = class java.util.concurrent.atomic.AtomicReference@57e2b9a
      blockAppStartingFutures = class java.util.Collections$SetFromMap@2bf68afc
      waitingForAppHandlerFuture = class java.util.concurrent.atomic.AtomicReference@63fc335
      waitingForExplicitStartFuture = class java.util.concurrent.atomic.AtomicReference@28ce6924
      completionListener = class java.util.concurrent.atomic.AtomicReference@5c98b55c
      _notifyAppStopped = class java.util.concurrent.ConcurrentLinkedQueue@43267559
      _notifyAppStarting = class java.util.concurrent.ConcurrentLinkedQueue@3b783063
      _notifyAppInstallCalled = class java.util.concurrent.ConcurrentLinkedQueue@60a4f961
      _notifyAppStarted = class java.util.concurrent.ConcurrentLinkedQueue@790f927c
      _notifyAppRemoved = class java.util.concurrent.ConcurrentLinkedQueue@9f3bcb9
      _stateLock = class com.ibm.ws.app.manager.internal.statemachine.ApplicationStateMachineImpl$3@73f27ecc
      _internalState = class java.util.concurrent.atomic.AtomicReference@34daee22
      _currentAction = class java.util.concurrent.atomic.AtomicReference@31c306b7
      _rfa = class java.util.concurrent.atomic.AtomicReference@25c17242
      _appInstallInfo = class java.util.concurrent.atomic.AtomicReference@45257c28
      _update = class java.util.concurrent.atomic.AtomicBoolean@266d2150
      _appConfig = class java.util.concurrent.atomic.AtomicReference@f327d94
      _nextAppConfig = class java.util.concurrent.atomic.AtomicReference@21cf4d52
      _appContainer = class java.util.concurrent.atomic.AtomicReference@4f65a17f
      _resolvedLocation = class java.util.concurrent.atomic.AtomicReference@cd7e62
      _handler = class java.util.concurrent.atomic.AtomicReference@1c8f7d32
      _asmSeqNo = 0
      _ctx = class org.eclipse.osgi.internal.framework.BundleContextImpl@ed66b82
      _locAdmin = class com.ibm.ws.kernel.service.location.internal.WsLocationAdminImpl@196e57c3
      _futureMonitor = class com.ibm.ws.threading.internal.FutureMonitorImpl@35eefa32
      _artifactFactory = class com.ibm.ws.artifact.internal.ArtifactContainerFactoryService@4690a273
      _moduleFactory = class com.ibm.ws.adaptable.module.internal.AdaptableModuleFactoryImpl@7e09dda1
      _executorService = class com.ibm.ws.threading.internal.ExecutorServiceImpl@14d31392
      _scheduledExecutorService = class com.ibm.ws.threading.internal.ScheduledExecutorImpl@2ef6f2f4
      _asmHelper = class com.ibm.ws.app.manager.internal.ApplicationConfigurator$NamedApplication@77d9fdd5
      _appMonitor = class com.ibm.ws.app.manager.internal.monitor.ApplicationMonitor@47f1162c
      enterStateCalled = class java.util.concurrent.atomic.AtomicBoolean@257d29f4
      serialVersionUID = 6511956370079301927
      serialVersionUID = 5501066335104962649
      $$$tc$$$ = class com.ibm.websphere.ras.TraceComponent@6443def4
    serialVersionUID = 2630639237123415755
    $$$tc$$$ = class com.ibm.websphere.ras.TraceComponent@4273062b
      strings[0] = "TraceComponent[com.ibm.ws.app.manager.internal.ApplicationInstallInfo,class com.ibm.ws.app.manager.internal.ApplicationInstallInfo,[applications, app.manager],com.ibm.ws.app.manager.internal.resources.AppManagerMessages,null]"
  location = "D:\devel\tools\wlp\usr\servers\defaultServer\apps\AsterikProject.war.xml"
  classLoadingService = class com.ibm.ws.classloading.internal.ClassLoadingServiceImpl@7cdd4080
    tc = class com.ibm.websphere.ras.TraceComponent@5951f67
      strings[0] = "TraceComponent[com.ibm.ws.classloading.internal.ClassLoadingServiceImpl,class com.ibm.ws.classloading.internal.ClassLoadingServiceImpl,[ClassLoadingService],com.ibm.ws.classloading.internal.resources.ClassLoadingServiceMessages,null]"
    leakDetectionMap = class java.util.HashMap@3f95fc14
      serialVersionUID = 362498820763181265
      DEFAULT_INITIAL_CAPACITY = 16
      MAXIMUM_CAPACITY = 1073741824
      DEFAULT_LOAD_FACTOR = 0.75
      TREEIFY_THRESHOLD = 8
      UNTREEIFY_THRESHOLD = 6
      MIN_TREEIFY_CAPACITY = 64
      table = null
      entrySet = null
      size = 0
      modCount = 0
      threshold = 0
      loadFactor = 0.75
      keySet = null
      values = null
    TCCL_LOCK_WAIT = 15000
    REFERENCE_GENERATORS = "generators"
    bundleContext = class org.eclipse.osgi.internal.framework.BundleContextImpl@31f6d5f4
    aclStore = class com.ibm.ws.classloading.internal.util.CanonicalStore@349e720e
      map = class java.util.concurrent.ConcurrentHashMap@7ea0f8ff
      q = class com.ibm.ws.classloading.internal.util.RefQueue@55e6db40
      serialVersionUID = 6715157558227169968
      $$$tc$$$ = class com.ibm.websphere.ras.TraceComponent@219bc414
    tcclStore = class com.ibm.ws.classloading.internal.util.CanonicalStore@3de5ea73
      map = class java.util.concurrent.ConcurrentHashMap@49a51696
      q = class com.ibm.ws.classloading.internal.util.RefQueue@37828324
      serialVersionUID = 6715157558227169968
      $$$tc$$$ = class com.ibm.websphere.ras.TraceComponent@219bc414
    tcclStoreLock = class java.util.concurrent.locks.ReentrantLock@325f6d
      serialVersionUID = 7373984872572414699
      sync = class java.util.concurrent.locks.ReentrantLock$NonfairSync@50ebd10e
    digraph = class org.eclipse.equinox.internal.region.StandardRegionDigraph@28461a8f
      EMPTY_EDGE_SET = class java.util.Collections$UnmodifiableSet@7201027
      monitor = class java.lang.Object@546a0306
      regions = class java.util.HashMap@3221fc54
      bundleIdToRegionMapping = class org.eclipse.equinox.internal.region.StandardBundleIdToRegionMapping@627839dc
      edges = class java.util.HashMap@65deac9c
      bundleContext = class org.eclipse.osgi.internal.framework.BundleContextImpl@4fcc529
      threadLocal = class java.lang.ThreadLocal@6128f112
      subgraphTraverser = class org.eclipse.equinox.internal.region.SubgraphTraverser@5cd6623f
      bundleCollisionHook = class org.eclipse.equinox.internal.region.hook.RegionBundleCollisionHook@7f4306a0
      bundleEventHook = class org.eclipse.equinox.internal.region.hook.RegionBundleEventHook@6fe9ff98
      bundleFindHook = class org.eclipse.equinox.internal.region.hook.RegionBundleFindHook@496f3316
      serviceEventHook = class org.eclipse.equinox.internal.region.hook.RegionServiceEventHook@2647679e
      serviceFindHook = class org.eclipse.equinox.internal.region.hook.RegionServiceFindHook@415603f0
      resolverHookFactory = class org.eclipse.equinox.internal.region.hook.RegionResolverHookFactory@6163317d
      origin = null
      originUpdateCount = -1
      updateCount = class java.util.concurrent.atomic.AtomicLong@51a459c4
      defaultRegion = null
    redefiner = class com.ibm.ws.classloading.internal.util.ClassRedefiner@124342a
      tc = class com.ibm.websphere.ras.TraceComponent@32858815
      LS = "
"
      inst = class com.ibm.ws.kernel.launch.internal.TraceInstrumentation@76c2695
      serialVersionUID = 2420101865139508526
    listener = class com.ibm.ws.classloading.internal.ClassLoadingServiceImpl$1@10d77623
      this$0 = class com.ibm.ws.classloading.internal.ClassLoadingServiceImpl@7cdd4080
      serialVersionUID = -9159707349812113172
      $$$tc$$$ = class com.ibm.websphere.ras.TraceComponent@7bdbdfbb
    classloaders = class java.util.Collections$SynchronizedMap@579e6835
      serialVersionUID = 1978198479659022715
      m = class java.util.HashMap@1ddf0b28
      mutex = class java.util.Collections$SynchronizedMap@579e6835
      keySet = null
      entrySet = null
      values = null
    resourceProviders = class com.ibm.ws.classloading.internal.CompositeResourceProvider@4df4b461
      lockFactory = class java.util.concurrent.locks.ReentrantReadWriteLock@22182af4
      providerMap = class com.ibm.ws.classloading.internal.util.MultiMap@6d68cb08
      serialVersionUID = -5576435894946156347
      $$$tc$$$ = class com.ibm.websphere.ras.TraceComponent@7bddc9e2
    rememberedBundles = class java.util.concurrent.ConcurrentHashMap@453ab6c7
      serialVersionUID = 7249069246763182397
      MAXIMUM_CAPACITY = 1073741824
      DEFAULT_CAPACITY = 16
      MAX_ARRAY_SIZE = 2147483639
      DEFAULT_CONCURRENCY_LEVEL = 16
      LOAD_FACTOR = 0.75
      TREEIFY_THRESHOLD = 8
      UNTREEIFY_THRESHOLD = 6
      MIN_TREEIFY_CAPACITY = 64
      MIN_TRANSFER_STRIDE = 16
      RESIZE_STAMP_BITS = 16
      MAX_RESIZERS = 65535
      RESIZE_STAMP_SHIFT = 16
      MOVED = -1
      TREEBIN = -2
      RESERVED = -3
      HASH_BITS = 2147483647
      NCPU = 4
      serialPersistentFields = class java.io.ObjectStreamField[3]
      table = class java.util.concurrent.ConcurrentHashMap$Node[16]
      nextTable = null
      baseCount = 3
      sizeCtl = 12
      transferIndex = 0
      cellsBusy = 0
      counterCells = null
      keySet = null
      values = null
      entrySet = null
      U = class jdk.internal.misc.Unsafe@4d2dfc46
      SIZECTL = 20
      TRANSFERINDEX = 32
      BASECOUNT = 24
      CELLSBUSY = 36
      CELLVALUE = 144
      ABASE = 16
      ASHIFT = 2
      keySet = null
      values = null
    collectedBundles = class java.lang.ref.ReferenceQueue@5761503a
      NULL = class java.lang.ref.ReferenceQueue$Null@16cace41
      ENQUEUED = class java.lang.ref.ReferenceQueue$Null@234b786c
      lock = class java.lang.ref.ReferenceQueue$Lock@5c00cbb5
      head = null
      queueLength = 0
      $assertionsDisabled = true
    generatorRefs = class com.ibm.wsspi.kernel.service.utils.ConcurrentServiceReferenceSet@1853d532
      referenceName = "generators"
      contextRef = class java.util.concurrent.atomic.AtomicReference@346b331
      elementMap = class java.util.LinkedHashMap@7f25d00f
      elementSet = class java.util.concurrent.ConcurrentSkipListSet@185ae0dc
      elementSetUnsorted = false
      serialVersionUID = 756240983881166148
      $$$tc$$$ = class com.ibm.websphere.ras.TraceComponent@5cdf632d
    generatorManager = class com.ibm.ws.classloading.internal.ClassGeneratorManager@548ae48e
      tc = class com.ibm.websphere.ras.TraceComponent@27549bd9
      generatorRefs = class com.ibm.wsspi.kernel.service.utils.ConcurrentServiceReferenceSet@1853d532
      serialVersionUID = 4152663586056483310
    appExtLibs = class java.util.concurrent.CopyOnWriteArrayList@7c2c529b
      serialVersionUID = 8673264195747942595
      lock = class java.lang.Object@1d21cf55
      array = class java.lang.Object[0]
    globalConfig = class com.ibm.ws.classloading.configuration.GlobalClassloadingConfiguration@58d742eb
      properties = class org.apache.felix.scr.impl.helper.ReadOnlyDictionary@776cf3df
      serialVersionUID = 452562347104713756
      $$$tc$$$ = class com.ibm.websphere.ras.TraceComponent@8a664b
    metaInfServicesProviders = class java.util.concurrent.ConcurrentHashMap@484b4bb8
      serialVersionUID = 7249069246763182397
      MAXIMUM_CAPACITY = 1073741824
      DEFAULT_CAPACITY = 16
      MAX_ARRAY_SIZE = 2147483639
      DEFAULT_CONCURRENCY_LEVEL = 16
      LOAD_FACTOR = 0.75
      TREEIFY_THRESHOLD = 8
      UNTREEIFY_THRESHOLD = 6
      MIN_TREEIFY_CAPACITY = 64
      MIN_TRANSFER_STRIDE = 16
      RESIZE_STAMP_BITS = 16
      MAX_RESIZERS = 65535
      RESIZE_STAMP_SHIFT = 16
      MOVED = -1
      TREEBIN = -2
      RESERVED = -3
      HASH_BITS = 2147483647
      NCPU = 4
      serialPersistentFields = class java.io.ObjectStreamField[3]
      table = null
      nextTable = null
      baseCount = 0
      sizeCtl = 0
      transferIndex = 0
      cellsBusy = 0
      counterCells = null
      keySet = null
      values = null
      entrySet = null
      U = class jdk.internal.misc.Unsafe@4d2dfc46
      SIZECTL = 20
      TRANSFERINDEX = 32
      BASECOUNT = 24
      CELLSBUSY = 36
      CELLVALUE = 144
      ABASE = 16
      ASHIFT = 2
      keySet = null
      values = null
    metaInfServicesRefs = class com.ibm.wsspi.kernel.service.utils.ConcurrentServiceReferenceMap@15f6220b
      referenceName = "MetaInfServicesProvider"
      context = class org.apache.felix.scr.impl.manager.ComponentContextImpl@5a6b4db9
      elementMap = class java.util.concurrent.ConcurrentHashMap@7abc4195
      serialVersionUID = 6980924785166233786
      $$$tc$$$ = class com.ibm.websphere.ras.TraceComponent@5fb879d5
    protectionDomainMap = class java.util.HashMap@b5012a4
      serialVersionUID = 362498820763181265
      DEFAULT_INITIAL_CAPACITY = 16
      MAXIMUM_CAPACITY = 1073741824
      DEFAULT_LOAD_FACTOR = 0.75
      TREEIFY_THRESHOLD = 8
      UNTREEIFY_THRESHOLD = 6
      MIN_TREEIFY_CAPACITY = 64
      table = null
      entrySet = null
      size = 0
      modCount = 0
      threshold = 0
      loadFactor = 0.75
      keySet = null
      values = null
    metadataIdentifierService = class com.ibm.ws.container.service.metadata.internal.MetaDataServiceImpl@7d40de9
    globalSharedLibrary = class java.util.concurrent.atomic.AtomicReference@6972c93f
      serialVersionUID = -1848883965231344442
      VALUE = class java.lang.invoke.VarHandleReferences$FieldInstanceReadWrite@61894497
      value = null
    serialVersionUID = -2277344858934055980
  globalSharedLibrary = class com.ibm.ws.library.internal.SharedLibraryImpl@194e059d
    tc = class com.ibm.websphere.ras.TraceComponent@56e8e00
      strings[0] = "TraceComponent[com.ibm.ws.library.internal.SharedLibraryImpl,class com.ibm.ws.library.internal.SharedLibraryImpl,[SharedLibrary],com.ibm.ws.classloading.internal.resources.ClassLoadingServiceMessages,null]"
    EMPTY_LIBRARY_LISTENERS = interface com.ibm.wsspi.library.LibraryChangeListener[0]
    deleted = false
    libraryListenersTracker = class org.osgi.util.tracker.ServiceTracker@4d19007f
      DEBUG = false
      context = class org.eclipse.osgi.internal.framework.BundleContextImpl@31f6d5f4
      filter = class org.eclipse.osgi.internal.framework.FilterImpl@19917fd3
      customizer = class org.osgi.util.tracker.ServiceTracker@4d19007f
      listenerFilter = "(&(objectClass=com.ibm.wsspi.library.LibraryChangeListener)(|(library=global)(libraryRef=*com.ibm.ws.classloading.sharedlibrary_40*)))"
      trackClass = null
      trackReference = null
      tracked = class org.osgi.util.tracker.ServiceTracker$Tracked@3e61f443
      cachedReference = null
      cachedService = null
    libraryReg = class org.eclipse.osgi.internal.serviceregistry.ServiceRegistrationImpl@4e98bbf
      registry = class org.eclipse.osgi.internal.serviceregistry.ServiceRegistry@4a9e743d
      context = class org.eclipse.osgi.internal.framework.BundleContextImpl@31f6d5f4
      bundle = class org.eclipse.osgi.internal.framework.EquinoxBundle@6937e61
      clazzes = class java.lang.String[1]
      service = class com.ibm.ws.library.internal.SharedLibraryImpl@194e059d
      reference = class org.eclipse.osgi.internal.serviceregistry.ServiceReferenceImpl@1e135fca
      contextsUsing = class java.util.ArrayList@42e53d18
      properties = class java.util.Collections$UnmodifiableMap@4f4be7e5
      serviceid = 313
      serviceranking = 2
      registrationLock = class java.lang.Object@2d63b5d0
      state = 0
      REGISTERED = 0
      UNREGISTERING = 1
      UNREGISTERED = 2
      FRAMEWORK_SET_SERVICE_PROPERTIES_COUNT = 4
      $assertionsDisabled = true
    ctx = class org.eclipse.osgi.internal.framework.BundleContextImpl@31f6d5f4
      findHookName = "org.osgi.framework.hooks.bundle.FindHook"
      valid = true
      bundle = class org.eclipse.osgi.internal.framework.EquinoxBundle@6937e61
      container = class org.eclipse.osgi.internal.framework.EquinoxContainer@22215a43
      debug = class org.eclipse.osgi.internal.debug.Debug@3585f667
      servicesInUse = class java.util.HashMap@7355b236
      activator = null
      contextLock = class java.lang.Object@1a53cde4
    classLoadingService = class com.ibm.ws.classloading.internal.ClassLoadingServiceImpl@7cdd4080
    configAdmin = class com.ibm.ws.config.admin.internal.ConfigurationAdminImpl@6825a4a3
      tc = class com.ibm.websphere.ras.TraceComponent@1d75fd5c
      bundle = class org.eclipse.osgi.internal.framework.EquinoxBundle@6937e61
      caFactory = class com.ibm.ws.config.admin.internal.ConfigAdminServiceFactory@1cfbae82
      serialVersionUID = -2875522750804142523
    resolvedBasePath = "D:/devel/tools/wlp/usr/servers/defaultServer/"
    generationLock = class com.ibm.ws.library.internal.SharedLibraryImpl$1@271dc487
      this$0 = class com.ibm.ws.library.internal.SharedLibraryImpl@194e059d
      serialVersionUID = 2483639803450672373
      $$$tc$$$ = class com.ibm.websphere.ras.TraceComponent@23b5d611
    currentGeneration = class com.ibm.ws.library.internal.LibraryGeneration@7a4f987e
      tc = class com.ibm.websphere.ras.TraceComponent@4ff3457f
      nextInt = class java.util.concurrent.atomic.AtomicInteger@77b1a46b
      libraryId = "global"
      genId = 2
      libraryProps = class java.util.Hashtable@2c297531
      filesetRefs = class java.util.Collections$UnmodifiableRandomAccessList@232a6a8f
      apiTypeVisibility = class java.util.RegularEnumSet@15b5e247
      files = class java.util.Collections$EmptyList@25a859dc
      folders = class java.util.ArrayList@6fdd9e66
      fileAndFolderContainers = class java.util.Collections$EmptyList@25a859dc
      filesets = class java.util.concurrent.ArrayBlockingQueue@83aee51
      filesetListenerRegs = class java.util.concurrent.ConcurrentLinkedQueue@78b483cb
      cancelled = false
      library = class com.ibm.ws.library.internal.SharedLibraryImpl@194e059d
      serialVersionUID = 6965220007121905717
    nextGeneration = class com.ibm.ws.library.internal.LibraryGeneration@7a4f987e
    artifactContainerFactory = class com.ibm.ws.library.internal.SharedLibraryFactory$1@7f5075b0
      this$0 = class com.ibm.ws.library.internal.SharedLibraryFactory@319eddb0
      serialVersionUID = 7730244564205089330
      $$$tc$$$ = class com.ibm.websphere.ras.TraceComponent@6bffe98e
    packageExporter = class com.ibm.ws.library.internal.LibraryPackageExporter@3a95c645
      EXPORTER_POSTFIX = "_library_exporter"
      REGION_EXPORT_TO_LIBERTY = "liberty.library.export.to.liberty"
      REGION_EXPORT_TO_OSGI_APPS = "liberty.library.export.to.osgi.app"
      REGION_KERNEL = "org.eclipse.equinox.region.kernel"
      counter = class java.util.concurrent.atomic.AtomicLong@3d775875
      context = class org.eclipse.osgi.internal.framework.BundleContextImpl@31f6d5f4
      digraph = class org.eclipse.equinox.internal.region.StandardRegionDigraph@28461a8f
      bundleToLibrary = class java.util.concurrent.ConcurrentHashMap@1919b0c4
      libraryToVisibility = class java.util.concurrent.ConcurrentHashMap@5cace959
      serialVersionUID = 8074378969667956573
      $$$tc$$$ = class com.ibm.websphere.ras.TraceComponent@55fcba25
    serialVersionUID = 6288237618632180389
  sharedLibDeploymentInfo = class com.ibm.ws.app.manager.module.internal.DeployedAppInfoBase$SharedLibDeploymentInfo@461d32d9
    bundleContext = class org.eclipse.osgi.internal.framework.BundleContextImpl@7c9d0812
      findHookName = "org.osgi.framework.hooks.bundle.FindHook"
      valid = true
      bundle = class org.eclipse.osgi.internal.framework.EquinoxBundle@1c5189db
      container = class org.eclipse.osgi.internal.framework.EquinoxContainer@22215a43
      debug = class org.eclipse.osgi.internal.debug.Debug@3585f667
      servicesInUse = class java.util.HashMap@449c2a98
      activator = null
      contextLock = class java.lang.Object@1a8e242b
    locAdmin = class com.ibm.ws.kernel.service.location.internal.WsLocationAdminImpl@196e57c3
      tc = class com.ibm.websphere.ras.TraceComponent@3003d529
      LOC_INTERNAL_LIB_DIR = "wlp.lib.dir"
      LOC_AREA_NAME_APPS = "shared/apps/"
      LOC_AREA_NAME_CONFIG = "shared/config/"
      LOC_AREA_NAME_RESC = "shared/resources/"
      LOC_AREA_NAME_STATE = "logs/state/"
      LOC_AREA_NAME_SERVERS = "servers/"
      LOC_AREA_NAME_CLIENTS = "clients/"
      LOC_AREA_NAME_WORKING = "workarea/"
      LOC_AREA_NAME_EXTENSION = "extension/"
      instance = class com.ibm.ws.staticvalue.StaticValue$FinalSingleton@5265a776
      installRoot = class com.ibm.ws.kernel.service.location.internal.SymbolicRootResource@6fcbe858
      installParentRoot = class com.ibm.ws.kernel.service.location.internal.SymbolicRootResource@15232be8
      userRoot = class com.ibm.ws.kernel.service.location.internal.SymbolicRootResource@15476469
      usrExtensionRoot = class com.ibm.ws.kernel.service.location.internal.SymbolicRootResource@6a662fa0
      serverConfigDir = class com.ibm.ws.kernel.service.location.internal.SymbolicRootResource@5a5f839c
      serverOutputDir = class com.ibm.ws.kernel.service.location.internal.SymbolicRootResource@5a5f839c
      bootstrapLib = class com.ibm.ws.kernel.service.location.internal.LocalFileResource@56af8f54
      serverWorkarea = class com.ibm.ws.kernel.service.location.internal.LocalFileResource@78e5cdc4
      serverState = class com.ibm.ws.kernel.service.location.internal.LocalFileResource@23a5f657
      sharedAppsRoot = class com.ibm.ws.kernel.service.location.internal.SymbolicRootResource@5c0d2dc
      sharedConfigRoot = class com.ibm.ws.kernel.service.location.internal.SymbolicRootResource@2f3f281f
      sharedResourceRoot = class com.ibm.ws.kernel.service.location.internal.SymbolicRootResource@79e24bd1
      tmpRoot = class com.ibm.ws.kernel.service.location.internal.SymbolicRootResource@75f91df4
      serverName = "defaultServer"
      resourcePaths = class java.util.ArrayList@76ac77a5
      resourceGroups = class java.util.HashMap@2005d6bf
      commonRoot = class com.ibm.ws.kernel.service.location.internal.VirtualRootResource@4bd2bdad
      serialVersionUID = 7766352982799267432
    artifactFactory = class com.ibm.ws.artifact.internal.ArtifactContainerFactoryService@4690a273
      CATEGORY_PROP_NAME = "category"
      ENTRY_KEY = "com.ibm.wsspi.artifact.ArtifactEntry"
      helperMap = class com.ibm.wsspi.kernel.service.utils.ConcurrentServiceReferenceSetMap@4cf5e4d
      contributorMap = class com.ibm.wsspi.kernel.service.utils.ConcurrentServiceReferenceSetMap@cab92a7
      helperCategoryMap = class com.ibm.wsspi.kernel.service.utils.ConcurrentServiceReferenceSetMap@432f7839
      contributorCategoryMap = class com.ibm.wsspi.kernel.service.utils.ConcurrentServiceReferenceSetMap@23bdc1df
      categories = class java.util.Collections$SynchronizedSet@5d7eded3
      baseProperties = class org.apache.felix.scr.impl.helper.ReadOnlyDictionary@d104171
      serialVersionUID = -3101641399269402013
      $$$tc$$$ = class com.ibm.websphere.ras.TraceComponent@15698e69
    moduleFactory = class com.ibm.ws.adaptable.module.internal.AdaptableModuleFactoryImpl@7e09dda1
      adapterFactoryService = class com.ibm.ws.adaptable.module.internal.AdapterFactoryServiceImpl@5c759cb6
      containerFactory = class com.ibm.ws.artifact.internal.ArtifactContainerFactoryService@4690a273
      overlayContainerFactory = class com.ibm.ws.artifact.overlay.internal.OverlayContainerFactoryImpl@4cd789b1
      serialVersionUID = 4200251809856292987
      $$$tc$$$ = class com.ibm.websphere.ras.TraceComponent@3713d275
    classesContainerInfo = class java.util.ArrayList@385f70e
      serialVersionUID = 8683452581122892189
      DEFAULT_CAPACITY = 10
      EMPTY_ELEMENTDATA = class java.lang.Object[0]
      DEFAULTCAPACITY_EMPTY_ELEMENTDATA = class java.lang.Object[0]
      elementData = class java.lang.Object[0]
      size = 0
      MAX_ARRAY_SIZE = 2147483639
      modCount = 0
      MAX_ARRAY_SIZE = 2147483639
    serialVersionUID = -9033256786848720484
    $$$tc$$$ = class com.ibm.websphere.ras.TraceComponent@7afcbabd
      strings[0] = "TraceComponent[com.ibm.ws.app.manager.module.internal.DeployedAppInfoBase$SharedLibDeploymentInfo,class com.ibm.ws.app.manager.module.internal.DeployedAppInfoBase$SharedLibDeploymentInfo,[applications, app.manager],,null]"
  futureMonitor = class com.ibm.ws.threading.internal.FutureMonitorImpl@35eefa32
    _monitor = class java.util.concurrent.ConcurrentLinkedQueue@5914763a
      serialVersionUID = 196745693267521676
      head = class java.util.concurrent.ConcurrentLinkedQueue$Node@1905f598
      tail = class java.util.concurrent.ConcurrentLinkedQueue$Node@1905f598
      MAX_HOPS = 8
      HEAD = class java.lang.invoke.VarHandleReferences$FieldInstanceReadWrite@33eaf49a
      TAIL = class java.lang.invoke.VarHandleReferences$FieldInstanceReadWrite@156020da
      ITEM = class java.lang.invoke.VarHandleReferences$FieldInstanceReadWrite@3bbc867
      NEXT = class java.lang.invoke.VarHandleReferences$FieldInstanceReadWrite@26b2a50e
      MAX_ARRAY_SIZE = 2147483639
    _executor = class com.ibm.ws.threading.internal.ScheduledExecutorImpl@2ef6f2f4
      threadGroupName = "Scheduled Executor Thread Group"
      executor = class com.ibm.ws.threading.internal.ExecutorServiceImpl@14d31392
      serialVersionUID = -9110693807503469597
      $$$tc$$$ = class com.ibm.websphere.ras.TraceComponent@554ab48b
      continueExistingPeriodicTasksAfterShutdown = false
      executeExistingDelayedTasksAfterShutdown = true
      removeOnCancel = false
      sequencer = class java.util.concurrent.atomic.AtomicLong@32086faf
      DEFAULT_KEEPALIVE_MILLIS = 10
      ctl = class java.util.concurrent.atomic.AtomicInteger@28249147
      COUNT_BITS = 29
      COUNT_MASK = 536870911
      RUNNING = -536870912
      SHUTDOWN = 0
      STOP = 536870912
      TIDYING = 1073741824
      TERMINATED = 1610612736
      workQueue = class java.util.concurrent.ScheduledThreadPoolExecutor$DelayedWorkQueue@763e5277
      mainLock = class java.util.concurrent.locks.ReentrantLock@72069db9
      workers = class java.util.HashSet@302e141
      termination = class java.util.concurrent.locks.AbstractQueuedSynchronizer$ConditionObject@fa0f6cf
      largestPoolSize = 1
      completedTaskCount = 0
      threadFactory = class com.ibm.ws.threading.internal.ThreadFactoryImpl@b09a0a6
      handler = class java.util.concurrent.ThreadPoolExecutor$AbortPolicy@4d240f2b
      keepAliveTime = 10000000
      allowCoreThreadTimeOut = false
      corePoolSize = 1
      maximumPoolSize = 2147483647
      defaultHandler = class java.util.concurrent.ThreadPoolExecutor$AbortPolicy@4d240f2b
      shutdownPerm = class java.lang.RuntimePermission@59b8e727
      ONLY_ONE = true
      $assertionsDisabled = true
    _threadRunning = class java.util.concurrent.atomic.AtomicBoolean@5650515f
      serialVersionUID = 4654671469794556979
      VALUE = class java.lang.invoke.VarHandleInts$FieldInstanceReadWrite@7e311ee3
      value = 0
    _thread = class com.ibm.ws.threading.internal.FutureMonitorImpl$1@90721a6
      this$0 = class com.ibm.ws.threading.internal.FutureMonitorImpl@35eefa32
      serialVersionUID = 2422512430832938099
      $$$tc$$$ = class com.ibm.websphere.ras.TraceComponent@3a692204
    serialVersionUID = 2765238413969174390
    $$$tc$$$ = class com.ibm.websphere.ras.TraceComponent@40e23eba
      strings[0] = "TraceComponent[com.ibm.ws.threading.internal.FutureMonitorImpl,class com.ibm.ws.threading.internal.FutureMonitorImpl,[Threading],com.ibm.ws.threading.internal.resources.ThreadingMessages,null]"
  configAdmin = class com.ibm.ws.config.admin.internal.ConfigurationAdminImpl@3d5406b2
    tc = class com.ibm.websphere.ras.TraceComponent@1d75fd5c
      strings[0] = "TraceComponent[com.ibm.ws.config.admin.internal.ConfigurationAdminImpl,class com.ibm.ws.config.admin.internal.ConfigurationAdminImpl,[config],com.ibm.ws.config.internal.resources.ConfigMessages,null]"
    bundle = class org.eclipse.osgi.internal.framework.EquinoxBundle@1c5189db
      equinoxContainer = class org.eclipse.osgi.internal.framework.EquinoxContainer@22215a43
      module = class org.eclipse.osgi.internal.framework.EquinoxBundle$EquinoxModule@221f8a7a
      monitor = class java.lang.Object@169ffd46
      context = class org.eclipse.osgi.internal.framework.BundleContextImpl@7c9d0812
      signerInfos = null
      $SWITCH_TABLE$org$eclipse$osgi$container$Module$State = {1,2,3,4,5,6,7} /* array length = 7 */
    caFactory = class com.ibm.ws.config.admin.internal.ConfigAdminServiceFactory@1cfbae82
      tc = class com.ibm.websphere.ras.TraceComponent@1c54c4d9
      configurationPermission = class org.osgi.service.cm.ConfigurationPermission@42d969a6
      INDEX_DICTIONARY = 0
      INDEX_LOCATION = 1
      INDEX_METATYPE_PROCESSED = 2
      INDEX_IN_OVERRIDES_FILE = 3
      INDEX_REFERENCES = 4
      INDEX_UNIQUES = 5
      bundleContext = class org.eclipse.osgi.internal.framework.BundleContextImpl@268af6c3
      msTracker = class com.ibm.ws.config.admin.internal.ManagedServiceTracker@320cd32b
      msfTracker = class com.ibm.ws.config.admin.internal.ManagedServiceFactoryTracker@656eac44
      pluginManager = class com.ibm.ws.config.admin.internal.PluginManager@4c2f60bd
      configurationStore = class com.ibm.ws.config.admin.internal.ConfigurationStore@45b2a4c7
      updateQueue = class com.ibm.ws.config.admin.internal.UpdateQueue@11f3b2d1
      ced = class com.ibm.ws.config.admin.internal.ConfigEventDispatcher@16f2027
      idMap = class java.util.Collections$SynchronizedMap@3672823f
      referenceMap = class java.util.Collections$SynchronizedMap@66368caa
      variableRegistryTracker = class org.osgi.util.tracker.ServiceTracker@6a5fcf87
      variableRegistry = class com.ibm.ws.kernel.service.location.internal.VariableRegistryHelper@9a231a2
      configurationAdminRef = class org.eclipse.osgi.internal.serviceregistry.ServiceRegistrationImpl@5ee4e71
      serialVersionUID = 6695202270027014725
    serialVersionUID = -2875522750804142523
  libraryConfigHelper = class com.ibm.ws.classloading.ClassLoaderConfigHelper@5d4bc616
    tc = class com.ibm.websphere.ras.TraceComponent@5f629110
      strings[0] = "TraceComponent[com.ibm.ws.classloading.ClassLoaderConfigHelper,class com.ibm.ws.classloading.ClassLoaderConfigHelper,[ClassLoadingService],com.ibm.ws.classloading.internal.resources.ClassLoadingServiceMessages,null]"
    DEFAULT_API_TYPES = class java.util.RegularEnumSet@73e5146c
      serialVersionUID = 3411599620347842686
      elements = 23
      elementType = class java.lang.Class@186fcce1
      universe = class com.ibm.wsspi.classloading.ApiType[5]
      MAX_ARRAY_SIZE = 2147483639
    sharedLibraries = class java.util.Collections$EmptyList@25a859dc
      serialVersionUID = 8842843931221139166
      modCount = 0
      MAX_ARRAY_SIZE = 2147483639
    commonLibraries = class java.util.Collections$EmptyList@25a859dc
    classProviders = class java.util.Collections$EmptyList@25a859dc
    sharedLibrariesPids = null
    commonLibrariesPids = null
    isDelegateLast = false
    apiTypes = class java.util.RegularEnumSet@73e5146c
    classLoaderConfigProps = null
    serialVersionUID = 7643888529935916418
  isDelegateLast = false
  permissionManager = class com.ibm.ws.classloading.java2sec.PermissionManager@49690bcb
    tc = class com.ibm.websphere.ras.TraceComponent@34ef284
      strings[0] = "TraceComponent[com.ibm.ws.classloading.java2sec.PermissionManager,class com.ibm.ws.classloading.java2sec.PermissionManager,[Java2SecurityUtil],com.ibm.ws.classloading.internal.resources.Java2SecurityUtilMessages,null]"
    classLoadingService = class com.ibm.ws.classloading.internal.ClassLoadingServiceImpl@7cdd4080
    DEFAULT_SERVER_RESTRICTABLE_PERMISSIONS = class java.security.Permission[4]
      Permission[0] = class java.lang.RuntimePermission@1249a4f3
      Permission[1] = class java.lang.RuntimePermission@3088afff
      Permission[2] = class java.security.SecurityPermission@62892698
      Permission[3] = class javax.security.auth.AuthPermission@76befeb9
    DEFAULT_CLIENT_RESTRICTABLE_PERMISSIONS = class java.security.Permission[3]
      Permission[0] = class java.lang.RuntimePermission@712ee273
      Permission[1] = class java.security.SecurityPermission@54c3de24
      Permission[2] = class javax.security.auth.AuthPermission@3f8717eb
    isServer = true
    wsjarUrlStreamHandlerAvailable = true
    restrictablePermissions = class java.util.ArrayList@5c38d66f
      serialVersionUID = 8683452581122892189
      DEFAULT_CAPACITY = 10
      EMPTY_ELEMENTDATA = class java.lang.Object[0]
      DEFAULTCAPACITY_EMPTY_ELEMENTDATA = class java.lang.Object[0]
      elementData = class java.lang.Object[10]
      size = 4
      MAX_ARRAY_SIZE = 2147483639
      modCount = 4
      MAX_ARRAY_SIZE = 2147483639
    grantedPermissions = class java.util.ArrayList@4672df3f
      serialVersionUID = 8683452581122892189
      DEFAULT_CAPACITY = 10
      EMPTY_ELEMENTDATA = class java.lang.Object[0]
      DEFAULTCAPACITY_EMPTY_ELEMENTDATA = class java.lang.Object[0]
      elementData = class java.lang.Object[10]
      size = 1
      MAX_ARRAY_SIZE = 2147483639
      modCount = 1
      MAX_ARRAY_SIZE = 2147483639
    KEY_PERMISSION = "permission"
    INCORRECT_PERMISSION_CONFIGURATION = "INCORRECT_PERMISSION_CONFIGURATION"
    PERMISSION_CLASSNOTFOUND = "PERMISSION_CLASSNOTFOUND"
    SERVER_XML = "server.xml"
    CLIENT_XML = "client.xml"
    originationFile = "server.xml"
    permissions = class com.ibm.wsspi.kernel.service.utils.ConcurrentServiceReferenceSet@686d8532
      referenceName = "permission"
      contextRef = class java.util.concurrent.atomic.AtomicReference@426ca76d
      elementMap = class java.util.LinkedHashMap@5208040a
      elementSet = class java.util.concurrent.ConcurrentSkipListSet@62f5e6ae
      elementSetUnsorted = false
      serialVersionUID = 756240983881166148
      $$$tc$$$ = class com.ibm.websphere.ras.TraceComponent@5cdf632d
    codeBasePermissionMap = class java.util.HashMap@52f16629
      serialVersionUID = 362498820763181265
      DEFAULT_INITIAL_CAPACITY = 16
      MAXIMUM_CAPACITY = 1073741824
      DEFAULT_LOAD_FACTOR = 0.75
      TREEIFY_THRESHOLD = 8
      UNTREEIFY_THRESHOLD = 6
      MIN_TREEIFY_CAPACITY = 64
      table = null
      entrySet = null
      size = 0
      modCount = 0
      threshold = 0
      loadFactor = 0.75
      keySet = class java.util.HashMap$KeySet@59bb40b7
      values = null
    permissionXMLPermissionMap = class java.util.HashMap@486049b6
      serialVersionUID = 362498820763181265
      DEFAULT_INITIAL_CAPACITY = 16
      MAXIMUM_CAPACITY = 1073741824
      DEFAULT_LOAD_FACTOR = 0.75
      TREEIFY_THRESHOLD = 8
      UNTREEIFY_THRESHOLD = 6
      MIN_TREEIFY_CAPACITY = 64
      table = null
      entrySet = null
      size = 0
      modCount = 0
      threshold = 0
      loadFactor = 0.75
      keySet = null
      values = null
    serialVersionUID = 3514017629123673923
  permissionsConfig = null
  serialVersionUID = 5168023053972273360
  appInfo = class com.ibm.ws.container.service.app.deploy.internal.ApplicationInfoImpl@3bdc0aa6
    appName = "AsterikProject"
    appMetaData = class com.ibm.ws.container.service.app.deploy.internal.ApplicationMetaDataImpl@2f51439
      j2eeName = class com.ibm.ws.container.service.metadata.internal.J2EENameImpl@5c747e71
      serialVersionUID = -7906531148367236579
      $$$tc$$$ = class com.ibm.websphere.ras.TraceComponent@44d302d5
      tc = class com.ibm.websphere.ras.TraceComponent@526b6d52
      NUM_STATIC_SLOTS = 4
      ID_UNINITIALIZED = -1
      id = 0
      metaDataInterface = class java.lang.Class@449f8aea
      staticSlots = class java.lang.Object[4]
      dynamicSlots = class java.lang.Object[4]
    appContainer = class com.ibm.ws.adaptable.module.internal.AdaptableContainerImpl@6c98ad26
    configHelper = class com.ibm.ws.app.manager.module.ApplicationNestedConfigHelper@27f82fc4
      appInfo = class com.ibm.ws.app.manager.internal.ApplicationInstallInfo@6bb2b6e3
      serialVersionUID = -3174031738676705046
      $$$tc$$$ = class com.ibm.websphere.ras.TraceComponent@7d77ee1d
    applicationInformation = class com.ibm.ws.app.manager.internal.ApplicationInstallInfo@6bb2b6e3
    serialVersionUID = -505303337196743781
    $$$tc$$$ = class com.ibm.websphere.ras.TraceComponent@1b8b6cc9
      strings[0] = "TraceComponent[com.ibm.ws.container.service.app.deploy.internal.ApplicationInfoImpl,class com.ibm.ws.container.service.app.deploy.internal.ApplicationInfoImpl,[container.service],com.ibm.ws.container.service.resources.Messages,null]"
  modulesDeployed = class java.util.ArrayList@51ac86e1
    serialVersionUID = 8683452581122892189
    DEFAULT_CAPACITY = 10
    EMPTY_ELEMENTDATA = class java.lang.Object[0]
    DEFAULTCAPACITY_EMPTY_ELEMENTDATA = class java.lang.Object[0]
    elementData = class java.lang.Object[10]
      Object[0] = class com.ibm.ws.app.manager.module.internal.DeployedModuleInfoImpl@326ec772
      Object[1] = null
      Object[2] = null
      Object[3] = null
      Object[4] = null
      Object[5] = null
      Object[6] = null
      Object[7] = null
      Object[8] = null
      Object[9] = null
    size = 1
    MAX_ARRAY_SIZE = 2147483639
    modCount = 1
    MAX_ARRAY_SIZE = 2147483639
  starting = true
  started = false
  appInfoFactory = class com.ibm.ws.container.service.app.deploy.internal.ApplicationInfoFactoryImpl@5cba811b
    j2eeNameFactory = class com.ibm.wsspi.kernel.service.utils.AtomicServiceReference@3e6baa1f
      referenceName = "j2eeNameFactory"
      tuple = class java.util.concurrent.atomic.AtomicReference@732b586c
      serialVersionUID = 2226592364007985000
      $$$tc$$$ = class com.ibm.websphere.ras.TraceComponent@3a40a3ce
    names = class java.util.HashSet@19806a15
      serialVersionUID = -5024744406713321676
      map = class java.util.HashMap@73128ff1
      PRESENT = class java.lang.Object@5924beb3
      MAX_ARRAY_SIZE = 2147483639
    serialVersionUID = 7443990212682384945
    $$$tc$$$ = class com.ibm.websphere.ras.TraceComponent@508425c5
      strings[0] = "TraceComponent[com.ibm.ws.container.service.app.deploy.internal.ApplicationInfoFactoryImpl,class com.ibm.ws.container.service.app.deploy.internal.ApplicationInfoFactoryImpl,[container.service],com.ibm.ws.container.service.resources.Messages,null]"
  metaDataService = class com.ibm.ws.container.service.metadata.internal.MetaDataServiceImpl@7d40de9
    applicationMetaDataManager = class com.ibm.ws.container.service.metadata.internal.ApplicationMetaDataManager@98c9ab0
      serialVersionUID = 1843747281024490904
      $$$tc$$$ = class com.ibm.websphere.ras.TraceComponent@3b54d393
      listeners = class com.ibm.wsspi.kernel.service.utils.ConcurrentServiceReferenceSet@4d3d37d9
      metaDataIDs = class com.ibm.ws.container.service.metadata.internal.IndexList@32a5f178
      metaDatas = class java.util.ArrayList@1b57ecd6
      slotIDs = class com.ibm.ws.container.service.metadata.internal.IndexList@32254a5f
      serialVersionUID = 5464421863354792977
      $$$tc$$$ = class com.ibm.websphere.ras.TraceComponent@1c2fa6cc
    moduleMetaDataManager = class com.ibm.ws.container.service.metadata.internal.ModuleMetaDataManager@74509794
      serialVersionUID = 2513574389899327209
      $$$tc$$$ = class com.ibm.websphere.ras.TraceComponent@2991cf35
      listeners = class com.ibm.wsspi.kernel.service.utils.ConcurrentServiceReferenceSet@3411cfd9
      metaDataIDs = class com.ibm.ws.container.service.metadata.internal.IndexList@12931e0b
      metaDatas = class java.util.ArrayList@3dc9a0b
      slotIDs = class com.ibm.ws.container.service.metadata.internal.IndexList@79a16fd7
      serialVersionUID = 5464421863354792977
      $$$tc$$$ = class com.ibm.websphere.ras.TraceComponent@1c2fa6cc
    componentMetaDataManager = class com.ibm.ws.container.service.metadata.internal.ComponentMetaDataManager@55322e12
      serialVersionUID = 8629793739641703882
      $$$tc$$$ = class com.ibm.websphere.ras.TraceComponent@18de7020
      listeners = class com.ibm.wsspi.kernel.service.utils.ConcurrentServiceReferenceSet@5dec0f92
      metaDataIDs = class com.ibm.ws.container.service.metadata.internal.IndexList@476ecc34
      metaDatas = class java.util.ArrayList@4ad4e196
      slotIDs = class com.ibm.ws.container.service.metadata.internal.IndexList@2c905cbc
      serialVersionUID = 5464421863354792977
      $$$tc$$$ = class com.ibm.websphere.ras.TraceComponent@1c2fa6cc
    methodMetaDataManager = class com.ibm.ws.container.service.metadata.internal.MethodMetaDataManager@6428893e
      serialVersionUID = -8002489041502300640
      $$$tc$$$ = class com.ibm.websphere.ras.TraceComponent@3ade9081
      listeners = class com.ibm.wsspi.kernel.service.utils.ConcurrentServiceReferenceSet@42917582
      metaDataIDs = class com.ibm.ws.container.service.metadata.internal.IndexList@36d083ed
      metaDatas = class java.util.ArrayList@4e5a985b
      slotIDs = class com.ibm.ws.container.service.metadata.internal.IndexList@26656a4d
      serialVersionUID = 5464421863354792977
      $$$tc$$$ = class com.ibm.websphere.ras.TraceComponent@1c2fa6cc
    appModuleNameToModuleContainer = class java.util.concurrent.ConcurrentHashMap@99cc611
      serialVersionUID = 7249069246763182397
      MAXIMUM_CAPACITY = 1073741824
      DEFAULT_CAPACITY = 16
      MAX_ARRAY_SIZE = 2147483639
      DEFAULT_CONCURRENCY_LEVEL = 16
      LOAD_FACTOR = 0.75
      TREEIFY_THRESHOLD = 8
      UNTREEIFY_THRESHOLD = 6
      MIN_TREEIFY_CAPACITY = 64
      MIN_TRANSFER_STRIDE = 16
      RESIZE_STAMP_BITS = 16
      MAX_RESIZERS = 65535
      RESIZE_STAMP_SHIFT = 16
      MOVED = -1
      TREEBIN = -2
      RESERVED = -3
      HASH_BITS = 2147483647
      NCPU = 4
      serialPersistentFields = class java.io.ObjectStreamField[3]
      table = class java.util.concurrent.ConcurrentHashMap$Node[16]
      nextTable = null
      baseCount = 8
      sizeCtl = 12
      transferIndex = 0
      cellsBusy = 0
      counterCells = null
      keySet = null
      values = null
      entrySet = null
      U = class jdk.internal.misc.Unsafe@4d2dfc46
      SIZECTL = 20
      TRANSFERINDEX = 32
      BASECOUNT = 24
      CELLSBUSY = 36
      CELLVALUE = 144
      ABASE = 16
      ASHIFT = 2
      keySet = null
      values = null
    jeeNameToComponentMetaData = class java.util.concurrent.ConcurrentHashMap@79000c81
      serialVersionUID = 7249069246763182397
      MAXIMUM_CAPACITY = 1073741824
      DEFAULT_CAPACITY = 16
      MAX_ARRAY_SIZE = 2147483639
      DEFAULT_CONCURRENCY_LEVEL = 16
      LOAD_FACTOR = 0.75
      TREEIFY_THRESHOLD = 8
      UNTREEIFY_THRESHOLD = 6
      MIN_TREEIFY_CAPACITY = 64
      MIN_TRANSFER_STRIDE = 16
      RESIZE_STAMP_BITS = 16
      MAX_RESIZERS = 65535
      RESIZE_STAMP_SHIFT = 16
      MOVED = -1
      TREEBIN = -2
      RESERVED = -3
      HASH_BITS = 2147483647
      NCPU = 4
      serialPersistentFields = class java.io.ObjectStreamField[3]
      table = class java.util.concurrent.ConcurrentHashMap$Node[32]
      nextTable = null
      baseCount = 16
      sizeCtl = 24
      transferIndex = 0
      cellsBusy = 0
      counterCells = null
      keySet = null
      values = null
      entrySet = null
      U = class jdk.internal.misc.Unsafe@4d2dfc46
      SIZECTL = 20
      TRANSFERINDEX = 32
      BASECOUNT = 24
      CELLSBUSY = 36
      CELLVALUE = 144
      ABASE = 16
      ASHIFT = 2
      keySet = null
      values = null
    deferredMetaDataFactories = class com.ibm.wsspi.kernel.service.utils.ConcurrentServiceReferenceSet@3d06ef0d
      referenceName = "deferredMetaDataFactory"
      contextRef = class java.util.concurrent.atomic.AtomicReference@60852a18
      elementMap = class java.util.LinkedHashMap@339bb33c
      elementSet = class java.util.concurrent.ConcurrentSkipListSet@3632a42
      elementSetUnsorted = false
      serialVersionUID = 756240983881166148
      $$$tc$$$ = class com.ibm.websphere.ras.TraceComponent@5cdf632d
    deferredMetaDataInitializers = class com.ibm.wsspi.kernel.service.utils.ConcurrentServiceReferenceMap@1d47e0ea
      referenceName = "deferredMetaDataFactory"
      context = class org.apache.felix.scr.impl.manager.ComponentContextImpl@14838d93
      elementMap = class java.util.concurrent.ConcurrentHashMap@7a5df0fc
      serialVersionUID = 6980924785166233786
      $$$tc$$$ = class com.ibm.websphere.ras.TraceComponent@5fb879d5
    serialVersionUID = -2494605732980966097
    $$$tc$$$ = class com.ibm.websphere.ras.TraceComponent@7a0baaf0
      strings[0] = "TraceComponent[com.ibm.ws.container.service.metadata.internal.MetaDataServiceImpl,class com.ibm.ws.container.service.metadata.internal.MetaDataServiceImpl,[Runtime],,null]"
  stateChangeService = class com.ibm.ws.container.service.state.internal.StateChangeServiceImpl@3185279b
    applicationStateManager = class com.ibm.ws.container.service.state.internal.ApplicationStateManager@679de06
      serialVersionUID = -6685368059484454124
      $$$tc$$$ = class com.ibm.websphere.ras.TraceComponent@7511e8e5
      listeners = class com.ibm.wsspi.kernel.service.utils.ConcurrentServiceReferenceSet@39ccc905
      serialVersionUID = 2284273176985484160
      $$$tc$$$ = class com.ibm.websphere.ras.TraceComponent@f7c92c4
    moduleStateManager = class com.ibm.ws.container.service.state.internal.ModuleStateManager@32027027
      serialVersionUID = -5540260902341249963
      $$$tc$$$ = class com.ibm.websphere.ras.TraceComponent@7f6bff6e
      listeners = class com.ibm.wsspi.kernel.service.utils.ConcurrentServiceReferenceSet@4079fead
      serialVersionUID = 2284273176985484160
      $$$tc$$$ = class com.ibm.websphere.ras.TraceComponent@f7c92c4
    serialVersionUID = -537917915330350560
    $$$tc$$$ = class com.ibm.websphere.ras.TraceComponent@7ef19a28
      strings[0] = "TraceComponent[com.ibm.ws.container.service.state.internal.StateChangeServiceImpl,class com.ibm.ws.container.service.state.internal.StateChangeServiceImpl,[Runtime],,null]"
  moduleClassesInfo = class com.ibm.ws.app.manager.module.internal.SimpleDeployedAppInfoBase$ModuleClassesInfoProvider@659dbec5
    entryContainerInfosMap = class java.util.HashMap@3e9dce38
      serialVersionUID = 362498820763181265
      DEFAULT_INITIAL_CAPACITY = 16
      MAXIMUM_CAPACITY = 1073741824
      DEFAULT_LOAD_FACTOR = 0.75
      TREEIFY_THRESHOLD = 8
      UNTREEIFY_THRESHOLD = 6
      MIN_TREEIFY_CAPACITY = 64
      table = null
      entrySet = null
      size = 0
      modCount = 0
      threshold = 0
      loadFactor = 0.75
      keySet = null
      values = null
    serialVersionUID = -70332790531324534
    $$$tc$$$ = class com.ibm.websphere.ras.TraceComponent@3ab247ef
      strings[0] = "TraceComponent[com.ibm.ws.app.manager.module.internal.SimpleDeployedAppInfoBase$ModuleClassesInfoProvider,class com.ibm.ws.app.manager.module.internal.SimpleDeployedAppInfoBase$ModuleClassesInfoProvider,[applications, app.manager],,null]"
  moduleContainerInfos = class java.util.ArrayList@4a39d355
    serialVersionUID = 8683452581122892189
    DEFAULT_CAPACITY = 10
    EMPTY_ELEMENTDATA = class java.lang.Object[0]
    DEFAULTCAPACITY_EMPTY_ELEMENTDATA = class java.lang.Object[0]
    elementData = class java.lang.Object[10]
      Object[0] = class com.ibm.ws.app.manager.module.internal.SimpleDeployedAppInfoBase$WebModuleContainerInfo@7c002247
      Object[1] = null
      Object[2] = null
      Object[3] = null
      Object[4] = null
      Object[5] = null
      Object[6] = null
      Object[7] = null
      Object[8] = null
      Object[9] = null
    size = 1
    MAX_ARRAY_SIZE = 2147483639
    modCount = 1
    MAX_ARRAY_SIZE = 2147483639
  activeModuleHandlers = class java.util.IdentityHashMap@4941c772
    DEFAULT_CAPACITY = 32
    MINIMUM_CAPACITY = 4
    MAXIMUM_CAPACITY = 536870912
    table = class java.lang.Object[16]
      Object[0] = null
      Object[1] = null
      Object[2] = null
      Object[3] = null
      Object[4] = null
      Object[5] = null
      Object[6] = null
      Object[7] = null
      Object[8] = null
      Object[9] = null
      Object[10] = null
      Object[11] = null
      Object[12] = null
      Object[13] = null
      Object[14] = null
      Object[15] = null
    size = 0
    modCount = 2
    NULL_KEY = class java.lang.Object@1dddb068
    entrySet = null
    serialVersionUID = 8188218128353913216
    keySet = null
    values = null
  serialVersionUID = 7078125893012250887
  $$$tc$$$ = class com.ibm.websphere.ras.TraceComponent@61a6a4bb
    strings[0] = "TraceComponent[com.ibm.ws.app.manager.module.internal.SimpleDeployedAppInfoBase,class com.ibm.ws.app.manager.module.internal.SimpleDeployedAppInfoBase,[applications, app.manager],,null]"

Dump of objectArray[0]
Object type = com.ibm.ws.threading.internal.NonCancelableResultFuture
  _done = false
  _result = null
  _failure = null
  _listeners = class java.util.concurrent.ConcurrentLinkedQueue@c885bf6
    serialVersionUID = 196745693267521676
    head = class java.util.concurrent.ConcurrentLinkedQueue$Node@d31aeb4
      item = null
      next = null
    tail = class java.util.concurrent.ConcurrentLinkedQueue$Node@d31aeb4
    MAX_HOPS = 8
    HEAD = class java.lang.invoke.VarHandleReferences$FieldInstanceReadWrite@33eaf49a
      FORM = class java.lang.invoke.VarForm@567b838e
      fieldOffset = 12
      receiverType = class java.lang.Class@de0a01f
      fieldType = class java.lang.Class@4c75cab9
      FORM = class java.lang.invoke.VarForm@52cc0609
      vform = class java.lang.invoke.VarForm@567b838e
      typesAndInvokers = null
      AIOOBE_SUPPLIER = class jdk.internal.util.Preconditions$1@1168eefa
      VFORM_OFFSET = 12
      $assertionsDisabled = true
    TAIL = class java.lang.invoke.VarHandleReferences$FieldInstanceReadWrite@156020da
      FORM = class java.lang.invoke.VarForm@567b838e
      fieldOffset = 16
      receiverType = class java.lang.Class@de0a01f
      fieldType = class java.lang.Class@4c75cab9
      FORM = class java.lang.invoke.VarForm@52cc0609
      vform = class java.lang.invoke.VarForm@567b838e
      typesAndInvokers = null
      AIOOBE_SUPPLIER = class jdk.internal.util.Preconditions$1@1168eefa
      VFORM_OFFSET = 12
      $assertionsDisabled = true
    ITEM = class java.lang.invoke.VarHandleReferences$FieldInstanceReadWrite@3bbc867
      FORM = class java.lang.invoke.VarForm@567b838e
      fieldOffset = 12
      receiverType = class java.lang.Class@4c75cab9
      fieldType = class java.lang.Class@4e25154f
      FORM = class java.lang.invoke.VarForm@52cc0609
      vform = class java.lang.invoke.VarForm@567b838e
      typesAndInvokers = null
      AIOOBE_SUPPLIER = class jdk.internal.util.Preconditions$1@1168eefa
      VFORM_OFFSET = 12
      $assertionsDisabled = true
    NEXT = class java.lang.invoke.VarHandleReferences$FieldInstanceReadWrite@26b2a50e
      FORM = class java.lang.invoke.VarForm@567b838e
      fieldOffset = 16
      receiverType = class java.lang.Class@4c75cab9
      fieldType = class java.lang.Class@4c75cab9
      FORM = class java.lang.invoke.VarForm@52cc0609
      vform = class java.lang.invoke.VarForm@567b838e
      typesAndInvokers = null
      AIOOBE_SUPPLIER = class jdk.internal.util.Preconditions$1@1168eefa
      VFORM_OFFSET = 12
      $assertionsDisabled = true
    MAX_ARRAY_SIZE = 2147483639
  _notifiedListeners = class java.util.concurrent.atomic.AtomicBoolean@10bc87c6
    serialVersionUID = 4654671469794556979
    VALUE = class java.lang.invoke.VarHandleInts$FieldInstanceReadWrite@7e311ee3
      FORM = class java.lang.invoke.VarForm@50b8044
      fieldOffset = 12
      receiverType = class java.lang.Class@52f759d7
      FORM = class java.lang.invoke.VarForm@1f0dc15c
      vform = class java.lang.invoke.VarForm@50b8044
      typesAndInvokers = null
      AIOOBE_SUPPLIER = class jdk.internal.util.Preconditions$1@1168eefa
      VFORM_OFFSET = 12
      $assertionsDisabled = true
    value = 0
  serialVersionUID = -296387658814354272
  $$$tc$$$ = class com.ibm.websphere.ras.TraceComponent@48c0f7d3
    strings[0] = "TraceComponent[com.ibm.ws.threading.internal.NonCancelableResultFuture,class com.ibm.ws.threading.internal.NonCancelableResultFuture,[Threading],com.ibm.ws.threading.internal.resources.ThreadingMessages,null]"

