------Start of DE processing------ = [12/05/19 19:36:39:061 PET]
Exception = com.ibm.ws.container.service.state.StateChangeException
Source = com.ibm.ws.app.manager.module.internal.DeployedAppInfoBase
probeid = 385
Stack Dump = com.ibm.ws.container.service.state.StateChangeException: org.jboss.weld.resources.spi.ResourceLoadingException: Exception while loading class view.teacher.TeacherService
	at com.ibm.ws.container.service.state.internal.ApplicationStateManager.fireStarting(ApplicationStateManager.java:32)
	at com.ibm.ws.container.service.state.internal.StateChangeServiceImpl.fireApplicationStarting(StateChangeServiceImpl.java:50)
	at com.ibm.ws.app.manager.module.internal.DeployedAppInfoBase.preDeployApp(DeployedAppInfoBase.java:384)
	at com.ibm.ws.app.manager.module.internal.DeployedAppInfoBase.deployApp(DeployedAppInfoBase.java:413)
	at com.ibm.ws.app.manager.war.internal.WARApplicationHandlerImpl.install(WARApplicationHandlerImpl.java:65)
	at com.ibm.ws.app.manager.internal.statemachine.StartAction.execute(StartAction.java:140)
	at com.ibm.ws.app.manager.internal.statemachine.ApplicationStateMachineImpl.enterState(ApplicationStateMachineImpl.java:1261)
	at com.ibm.ws.app.manager.internal.statemachine.ApplicationStateMachineImpl.performAction(ApplicationStateMachineImpl.java:1129)
	at com.ibm.ws.app.manager.internal.statemachine.ApplicationStateMachineImpl.run(ApplicationStateMachineImpl.java:884)
	at com.ibm.ws.threading.internal.ExecutorServiceImpl$RunnableWrapper.run(ExecutorServiceImpl.java:239)
	at java.base/java.util.concurrent.ThreadPoolExecutor.runWorker(ThreadPoolExecutor.java:1128)
	at java.base/java.util.concurrent.ThreadPoolExecutor$Worker.run(ThreadPoolExecutor.java:628)
	at java.base/java.lang.Thread.run(Thread.java:835)
Caused by: org.jboss.weld.resources.spi.ResourceLoadingException: Exception while loading class view.teacher.TeacherService
	at org.jboss.weld.resources.ClassTransformer.getBackedAnnotatedType(ClassTransformer.java:181)
	at org.jboss.weld.resources.ClassTransformer.getBackedAnnotatedType(ClassTransformer.java:194)
	at org.jboss.weld.module.ejb.EjbSupportImpl.createSessionBean(EjbSupportImpl.java:139)
	at org.jboss.weld.module.ejb.EjbSupportImpl.createSessionBeans(EjbSupportImpl.java:124)
	at org.jboss.weld.bootstrap.ConcurrentBeanDeployer.createClassBeans(ConcurrentBeanDeployer.java:73)
	at org.jboss.weld.bootstrap.BeanDeployment.createBeans(BeanDeployment.java:256)
	at org.jboss.weld.bootstrap.WeldStartup.deployBeans(WeldStartup.java:438)
	at org.jboss.weld.bootstrap.WeldBootstrap.deployBeans(WeldBootstrap.java:86)
	at com.ibm.ws.cdi.impl.CDIContainerImpl.startInitialization(CDIContainerImpl.java:151)
	at com.ibm.ws.cdi.liberty.CDIRuntimeImpl.applicationStarting(CDIRuntimeImpl.java:438)
	at com.ibm.ws.container.service.state.internal.ApplicationStateManager.fireStarting(ApplicationStateManager.java:28)
	... 12 more
Caused by: java.lang.TypeNotPresentException: Type Persona not present
	at java.base/sun.reflect.generics.factory.CoreReflectionFactory.makeNamedType(CoreReflectionFactory.java:117)
	at java.base/sun.reflect.generics.visitor.Reifier.visitClassTypeSignature(Reifier.java:125)
	at java.base/sun.reflect.generics.tree.ClassTypeSignature.accept(ClassTypeSignature.java:49)
	at java.base/sun.reflect.generics.visitor.Reifier.reifyTypeArguments(Reifier.java:68)
	at java.base/sun.reflect.generics.visitor.Reifier.visitClassTypeSignature(Reifier.java:138)
	at java.base/sun.reflect.generics.tree.ClassTypeSignature.accept(ClassTypeSignature.java:49)
	at java.base/sun.reflect.generics.repository.FieldRepository.computeGenericType(FieldRepository.java:90)
	at java.base/sun.reflect.generics.repository.FieldRepository.getGenericType(FieldRepository.java:82)
	at java.base/java.lang.reflect.Field.getGenericType(Field.java:268)
	at org.jboss.weld.annotated.slim.backed.BackedAnnotatedField.of(BackedAnnotatedField.java:28)
	at org.jboss.weld.annotated.slim.backed.BackedAnnotatedType$BackedAnnotatedFields.computeValue(BackedAnnotatedType.java:183)
	at org.jboss.weld.annotated.slim.backed.BackedAnnotatedType$BackedAnnotatedFields.computeValue(BackedAnnotatedType.java:176)
	at org.jboss.weld.util.LazyValueHolder.get(LazyValueHolder.java:46)
	at org.jboss.weld.annotated.slim.backed.BackedAnnotatedType$EagerlyInitializedLazyValueHolder.<init>(BackedAnnotatedType.java:159)
	at org.jboss.weld.annotated.slim.backed.BackedAnnotatedType$BackedAnnotatedFields.<init>(BackedAnnotatedType.java:176)
	at org.jboss.weld.annotated.slim.backed.BackedAnnotatedType$BackedAnnotatedFields.<init>(BackedAnnotatedType.java:176)
	at org.jboss.weld.annotated.slim.backed.BackedAnnotatedType.<init>(BackedAnnotatedType.java:65)
	at org.jboss.weld.annotated.slim.backed.BackedAnnotatedType.of(BackedAnnotatedType.java:47)
	at org.jboss.weld.resources.ClassTransformer$TransformClassToBackedAnnotatedType.apply(ClassTransformer.java:84)
	at org.jboss.weld.resources.ClassTransformer$TransformClassToBackedAnnotatedType.apply(ClassTransformer.java:79)
	at org.jboss.weld.util.cache.ReentrantMapBackedComputingCache.lambda$null$0(ReentrantMapBackedComputingCache.java:55)
	at org.jboss.weld.util.WeakLazyValueHolder$1.computeValue(WeakLazyValueHolder.java:35)
	at org.jboss.weld.util.WeakLazyValueHolder.get(WeakLazyValueHolder.java:53)
	at org.jboss.weld.util.cache.ReentrantMapBackedComputingCache.getValue(ReentrantMapBackedComputingCache.java:72)
	at org.jboss.weld.util.cache.ReentrantMapBackedComputingCache.getCastValue(ReentrantMapBackedComputingCache.java:78)
	at org.jboss.weld.resources.ClassTransformer.getBackedAnnotatedType(ClassTransformer.java:177)
	... 22 more
Caused by: java.lang.ClassNotFoundException: Persona
	at com.ibm.ws.classloading.internal.AppClassLoader.findClassCommonLibraryClassLoaders(AppClassLoader.java:544)
	at com.ibm.ws.classloading.internal.AppClassLoader.findClass(AppClassLoader.java:286)
	at java.base/java.lang.ClassLoader.loadClass(ClassLoader.java:588)
	at com.ibm.ws.classloading.internal.AppClassLoader.findOrDelegateLoadClass(AppClassLoader.java:522)
	at com.ibm.ws.classloading.internal.AppClassLoader.loadClass(AppClassLoader.java:482)
	at java.base/java.lang.ClassLoader.loadClass(ClassLoader.java:521)
	at java.base/java.lang.Class.forName0(Native Method)
	at java.base/java.lang.Class.forName(Class.java:415)
	at java.base/sun.reflect.generics.factory.CoreReflectionFactory.makeNamedType(CoreReflectionFactory.java:114)
	... 47 more

Dump of callerThis
Object type = com.ibm.ws.app.manager.war.internal.WARDeployedAppInfo
  CONTEXT_ROOT = "context-root"
  webModuleHandler = class com.ibm.ws.app.manager.web.internal.WebModuleHandlerImpl@6fa47d90
    serialVersionUID = 4795602325763828210
    $$$tc$$$ = class com.ibm.websphere.ras.TraceComponent@690aea18
      strings[0] = "TraceComponent[com.ibm.ws.app.manager.web.internal.WebModuleHandlerImpl,class com.ibm.ws.app.manager.web.internal.WebModuleHandlerImpl,[webcontainer, applications, app.manager],com.ibm.ws.app.manager.war.internal.resources.Messages,null]"
    futureMonitor = class com.ibm.ws.threading.internal.FutureMonitorImpl@18b430aa
    metaDataService = class com.ibm.ws.container.service.metadata.internal.MetaDataServiceImpl@6edea33f
    stateChangeService = class com.ibm.ws.container.service.state.internal.StateChangeServiceImpl@1c24fdf9
    moduleRuntimeContainer = class com.ibm.ws.webcontainer.osgi.WebContainer@7f52b9da
      tc = class com.ibm.websphere.ras.TraceComponent@2a8f574
      CLASS_NAME = "com.ibm.ws.webcontainer.osgi.WebContainer"
      initialized = true
      eventService = class com.ibm.ws.event.internal.EventEngineImpl@c67a261
      futureMonitor = class com.ibm.ws.threading.internal.FutureMonitorImpl@18b430aa
      classLoadingSRRef = class com.ibm.wsspi.kernel.service.utils.AtomicServiceReference@2b0ba773
      sessionHelperSRRef = class com.ibm.wsspi.kernel.service.utils.AtomicServiceReference@25aeaaa6
      cacheManagerSRRef = class com.ibm.wsspi.kernel.service.utils.AtomicServiceReference@55ad588
      injectionEngineSRRef = class com.ibm.wsspi.kernel.service.utils.AtomicServiceReference@341f1be8
      managedObjectServiceSRRef = class com.ibm.wsspi.kernel.service.utils.AtomicServiceReference@42d90227
      backgroundWebAppStartFutures = class com.ibm.ws.webcontainer.util.OneTimeUseArrayList@12726b40
      REFERENCE_WEB_MBEAN_RUNTIME = "webMBeanRuntime"
      webMBeanRuntimeServiceRef = class com.ibm.wsspi.kernel.service.utils.AtomicServiceReference@41d70a13
      servletContainerInitializers = class com.ibm.wsspi.kernel.service.utils.ConcurrentServiceReferenceSet@d5b999a
      es = class com.ibm.ws.threading.internal.ExecutorServiceImpl@200c2a48
      locationServiceRef = class java.util.concurrent.atomic.AtomicReference@7196a2c
      transferContextServiceRef = class com.ibm.wsspi.kernel.service.utils.ConcurrentServiceReferenceSet@6b039e4
      encodingServiceRef = class java.util.concurrent.atomic.AtomicReference@7fce2cb3
      instance = class java.util.concurrent.atomic.AtomicReference@2e88ed99
      vhostManager = class com.ibm.ws.webcontainer.osgi.DynamicVirtualHostManager@628caa6e
      metaDataService = class com.ibm.ws.container.service.metadata.internal.MetaDataServiceImpl@6edea33f
      j2eeNameFactory = class com.ibm.ws.container.service.metadata.internal.J2EENameFactoryImpl@6574c0c2
      context = class org.apache.felix.scr.impl.manager.ComponentContextImpl@6b51c36b
      contextRoots = class java.util.Collections$SynchronizedSet@2dc0fbd
      pendingContextRoots = class java.util.HashMap@5040a52
      deployedModuleMap = class java.util.concurrent.ConcurrentHashMap@4635a8e0
      connContextPool = class com.ibm.ws.webcontainer40.osgi.srt.factory.SRTConnectionContextPool40Impl@239a71d6
      DEFAULT_PORT = "*"
      DEFAULT_VHOST_NAME = "default_host"
      cachedServerInfo = "IBM WebSphere Liberty/19.0.0.3"
      lock = class com.ibm.ws.webcontainer.osgi.WebContainer$1@41d923ff
      webAppFactory = class com.ibm.ws.webcontainer40.osgi.webapp.factory.WebAppFactory40Impl@64aae70c
      requestFactory = class com.ibm.ws.webcontainer40.osgi.response.factory.IRequestResponseFactory40Impl@f3331d1
      responseFactory = class com.ibm.ws.webcontainer40.osgi.response.factory.IRequestResponseFactory40Impl@f3331d1
      asyncContextFactory = class com.ibm.ws.webcontainer40.async.factory.AsyncContextFactory40Impl@7f57f520
      DEFAULT_MAX_VERSION = 30
      versionRef = class org.eclipse.osgi.internal.serviceregistry.ServiceReferenceImpl@7719f7ee
      serverStopping = class com.ibm.ws.staticvalue.StaticValue$FinalSingleton@44b8ec86
      modulesStarting = 0
      uriMatcherFactory = class com.ibm.wsspi.webcontainer40.util.factory.URIMatcherFactory40Impl@5213e079
      SPEC_LEVEL_UNLOADED = -1
      SPEC_LEVEL_30 = 30
      SPEC_LEVEL_31 = 31
      SPEC_LEVEL_40 = 40
      DEFAULT_SPEC_LEVEL = 30
      loadedContainerSpecLevel = 40
      ISO = "ISO-8859-1"
      encoding = "UTF-8"
      decode = true
      wcconfig = class com.ibm.ws.webcontainer.osgi.WebContainerConfiguration@2ab3c2d2
      applicationListeners = class java.util.ArrayList@29ecd7de
      servletListeners = class java.util.ArrayList@6431eab2
      servletErrorListeners = class java.util.ArrayList@19eec54b
      servletInvocationListeners = class java.util.ArrayList@2d7f21f6
      filterInvocationListeners = class java.util.ArrayList@626241a0
      filterErrorListeners = class java.util.ArrayList@96d4324
      filterListeners = class java.util.ArrayList@66460bdf
      servletRequestListeners = class java.util.ArrayList@3262e670
      servletRequestAttributeListeners = class java.util.ArrayList@42fdcedd
      servletContextListeners = class java.util.ArrayList@216ac1c5
      servletContextAttributeListeners = class java.util.ArrayList@77242ec4
      sessionListeners = class java.util.ArrayList@52501736
      sessionIdListeners = class java.util.ArrayList@7ef7b087
      sessionAttributeListeners = class java.util.ArrayList@9e43275
      DEFAULT_HOST = "default_host"
      _initialized = true
      logger = class com.ibm.ws.logging.internal.WsLogger@5fe06f83
      CLASS_NAME = "com.ibm.ws.webcontainer.internal.WebContainer"
      nls = class com.ibm.ejs.ras.TraceNLS@ddb2aee
      self = class java.util.concurrent.atomic.AtomicReference@4e6bc05a
      _cipherToBit = class java.util.HashMap@66342478
      cacheKeyStringBuilder = class com.ibm.ws.util.WSThreadLocal@3af4c34a
      listenersInitialized = true
      webConProperties = class java.util.Properties@6e2c12a0
      sessionRegistry = null
      isStopped = false
      readWriteLockForStopping = class java.util.concurrent.locks.ReentrantReadWriteLock@7e55662f
      urlPrefix = ";jsessionid="
      extensionFactories = class java.util.ArrayList@39859a79
      postInitExtensionFactories = null
      httpResponseListeners = class java.util.ArrayList@25f7f090
      servletContainerInitializers = class java.util.ServiceLoader@2b405f9c
      auditManager = class com.ibm.websphere.security.audit.context.AuditManager@7ef120c5
      invocationCacheSize = 500
      decodePlusSign = true
      _cacheMap = class java.util.concurrent.ConcurrentHashMap@6b323b30
      _cacheSize = class java.util.concurrent.atomic.AtomicInteger@71db35b6
      vHostCompatFlag = false
      platformHelper = class com.ibm.ws.webcontainer.PlatformHelper@584e28ae
      isDefaultTempDir = true
      tempDir = null
      servletCachingInitNeeded = true
      appInstallBegun = true
      cacheServletWrapperFactory = class com.ibm.ws.webcontainer40.servlet.factory.CacheServletWrapperFactory40Impl@2fcecc6a
      commands = class java.util.ArrayList@55df8918
      requestMapper = class com.ibm.ws.webcontainer.util.VirtualHostContextRootMapper@7d817090
      parent = null
      name = "Was.webcontainer"
      isAlive = true
      subElements = class java.util.HashMap@54232cd6
      attributes = null
      config = null
      serialVersionUID = -8271459000149267764
      $$$tc$$$ = class com.ibm.websphere.ras.TraceComponent@5ef45943
    firstFailure = null
    serialVersionUID = -4563697739413190872
    $$$tc$$$ = class com.ibm.websphere.ras.TraceComponent@4f5296b4
      strings[0] = "TraceComponent[com.ibm.ws.app.manager.module.internal.ModuleHandlerBase,class com.ibm.ws.app.manager.module.internal.ModuleHandlerBase,[applications, app.manager],,null]"
  webContainerModuleInfo = class com.ibm.ws.app.manager.module.internal.SimpleDeployedAppInfoBase$WebModuleContainerInfo@491b3760
    contextRoot = null
    defaultContextRoot = "AsistenciaTeacher"
    serialVersionUID = -8158961796913348204
    $$$tc$$$ = class com.ibm.websphere.ras.TraceComponent@76944356
      strings[0] = "TraceComponent[com.ibm.ws.app.manager.module.internal.SimpleDeployedAppInfoBase$WebModuleContainerInfo,class com.ibm.ws.app.manager.module.internal.SimpleDeployedAppInfoBase$WebModuleContainerInfo,[applications, app.manager],,null]"
    moduleHandler = class com.ibm.ws.app.manager.web.internal.WebModuleHandlerImpl@6fa47d90
    moduleMetaDataExtenders = class java.util.concurrent.CopyOnWriteArrayList@dfff49e
      serialVersionUID = 8673264195747942595
      lock = class java.lang.Object@2cd4deea
      array = class java.lang.Object[3]
    nestedModuleMetaDataFactories = class java.util.concurrent.CopyOnWriteArrayList@11895d70
      serialVersionUID = 8673264195747942595
      lock = class java.lang.Object@340f648b
      array = class java.lang.Object[1]
    nestedModules = null
    moduleName = "AsistenciaTeacher"
    moduleDD = class com.ibm.ws.javaee.ddmodel.web.common.WebAppType@527fd623
      version = class com.ibm.ws.javaee.ddmodel.TokenType@4bb3b2ea
      metadata_complete = null
      module_name = null
      absolute_ordering = null
      serialVersionUID = 4092807504738198665
      $$$tc$$$ = class com.ibm.websphere.ras.TraceComponent@6b58acf9
      description = null
      display_name = null
      icon = null
      distributable = null
      context_param = class com.ibm.ws.javaee.ddmodel.common.ParamValueType$ListType@16f56afb
      filter = null
      filter_mapping = null
      listener = null
      servlet = class com.ibm.ws.javaee.ddmodel.web.common.ServletType$ListType@60a2b78b
      servlet_mapping = class com.ibm.ws.javaee.ddmodel.web.common.ServletMappingType$ListType@35f567cd
      session_config = class com.ibm.ws.javaee.ddmodel.web.common.SessionConfigType@1d066253
      mime_mapping = class com.ibm.ws.javaee.ddmodel.web.common.MimeMappingType$ListType@201971ba
      welcome_file_list = class com.ibm.ws.javaee.ddmodel.web.common.WelcomeFileListType@557294dd
      error_page = class com.ibm.ws.javaee.ddmodel.web.common.ErrorPageType$ListType@4ba74ab1
      jsp_config = null
      security_constraint = null
      deny_uncovered_http_methods = null
      login_config = null
      security_role = null
      message_destination = null
      locale_encoding_mapping_list = null
      default_context_path = null
      request_encoding = null
      response_encoding = null
      servletNameToServletMap = null
      filterNameToFilterMap = null
      ejbRefNameToEJBLocalRefMap = null
      ejbRefNameToEJBRefMap = null
      resourceEnvRefNameToResourceEnvRefMap = null
      messageDestinationRefNameToMessageDestinationRefMap = null
      resRefNameToResourceRefMap = null
      envEntryNameToEnvEntryMap = null
      roleNameToSecurityRoleMap = null
      roleLinkToSecurityRoleRefMap = null
      handlerNameToHandlerMap = null
      path = "WEB-INF/web.xml"
      idMap = class com.ibm.ws.javaee.ddmodel.DDParser$ComponentIDMap@659dbd6c
      serialVersionUID = 5321339975883512588
      $$$tc$$$ = class com.ibm.websphere.ras.TraceComponent@7b14710a
      post_construct = null
      pre_destroy = null
      serialVersionUID = 1102064201943992836
      $$$tc$$$ = class com.ibm.websphere.ras.TraceComponent@5768f69f
      env_entry = null
      ejb_ref = null
      ejb_local_ref = null
      resource_ref = null
      resource_env_ref = null
      message_destination_ref = null
      persistence_context_ref = null
      persistence_unit_ref = null
      data_source = null
      jms_connection_factory = null
      jms_destination = null
      mail_session = null
      connection_factory = null
      administered_object = null
      serialVersionUID = 8931982405528922228
      $$$tc$$$ = class com.ibm.websphere.ras.TraceComponent@793828dd
      service_ref = null
      serialVersionUID = -6199862059825607270
      $$$tc$$$ = class com.ibm.websphere.ras.TraceComponent@2d006fda
      nilled = false
      serialVersionUID = -2826386306561723362
      $$$tc$$$ = class com.ibm.websphere.ras.TraceComponent@4b8e68ac
    moduleInfo = class com.ibm.ws.app.manager.module.internal.WebModuleInfoImpl@69350f0d
      contextRoot = "/AsistenciaTeacher"
      isDefaultContextRootUsed = true
      serialVersionUID = -1540279394520440503
      $$$tc$$$ = class com.ibm.websphere.ras.TraceComponent@3b8eda6c
      tc = class com.ibm.websphere.ras.TraceComponent@453e0548
      appInfo = class com.ibm.ws.container.service.app.deploy.internal.ApplicationInfoImpl@4fc55e0f
      moduleName = "AsistenciaTeacher"
      path = "AsistenciaTeacher.war"
      moduleContainer = class com.ibm.ws.adaptable.module.internal.AdaptableContainerImpl@49d840a6
      altDDEntry = null
      moduleClassesContainers = class java.util.ArrayList@17114ac6
      classLoaderFactory = class com.ibm.ws.app.manager.war.internal.WARDeployedAppInfo@5b252179
      containerInfoType = class com.ibm.ws.container.service.app.deploy.ContainerInfo$Type@653819fb
      classLoader = class com.ibm.ws.classloading.internal.AppClassLoader@271615a9
      moduleMetaData = class com.ibm.ws.webcontainer.osgi.metadata.WebModuleMetaDataImpl@14317b97
      nestedModuleMetaDataTypes = class java.util.ArrayList@50ebff94
      nestedModuleMetaDataValues = class java.util.ArrayList@5340682e
      serialVersionUID = 3986734351620206554
    serialVersionUID = 8693907776607441911
    $$$tc$$$ = class com.ibm.websphere.ras.TraceComponent@14f51ad5
      strings[0] = "TraceComponent[com.ibm.ws.app.manager.module.internal.SimpleDeployedAppInfoBase$ModuleContainerInfoBase,class com.ibm.ws.app.manager.module.internal.SimpleDeployedAppInfoBase$ModuleContainerInfoBase,[applications, app.manager],,null]"
    type = class com.ibm.ws.container.service.app.deploy.ContainerInfo$Type@653819fb
      MANIFEST_CLASSPATH = class com.ibm.ws.container.service.app.deploy.ContainerInfo$Type@45b17821
      WEB_INF_CLASSES = class com.ibm.ws.container.service.app.deploy.ContainerInfo$Type@4b21c2f4
      WEB_INF_LIB = class com.ibm.ws.container.service.app.deploy.ContainerInfo$Type@601b1b3a
      EAR_LIB = class com.ibm.ws.container.service.app.deploy.ContainerInfo$Type@153b2a25
      WEB_MODULE = class com.ibm.ws.container.service.app.deploy.ContainerInfo$Type@653819fb
      EJB_MODULE = class com.ibm.ws.container.service.app.deploy.ContainerInfo$Type@5b8528d3
      CLIENT_MODULE = class com.ibm.ws.container.service.app.deploy.ContainerInfo$Type@1ef66735
      RAR_MODULE = class com.ibm.ws.container.service.app.deploy.ContainerInfo$Type@268c7d1a
      JAR_MODULE = class com.ibm.ws.container.service.app.deploy.ContainerInfo$Type@6a2a11ec
      SHARED_LIB = class com.ibm.ws.container.service.app.deploy.ContainerInfo$Type@181b7fca
      $VALUES = class com.ibm.ws.container.service.app.deploy.ContainerInfo$Type[10]
      $$$tc$$$ = class com.ibm.websphere.ras.TraceComponent@377829d2
      name = "WEB_MODULE"
      ordinal = 4
    name = "AsistenciaTeacher.war"
    container = class com.ibm.ws.adaptable.module.internal.AdaptableContainerImpl@49d840a6
    altDDEntry = null
    classesContainerInfo = class java.util.ArrayList@17114ac6
      serialVersionUID = 8683452581122892189
      DEFAULT_CAPACITY = 10
      EMPTY_ELEMENTDATA = class java.lang.Object[0]
      DEFAULTCAPACITY_EMPTY_ELEMENTDATA = class java.lang.Object[0]
      elementData = class java.lang.Object[10]
      size = 5
      MAX_ARRAY_SIZE = 2147483639
      modCount = 6
      MAX_ARRAY_SIZE = 2147483639
    serialVersionUID = 7427332431485745589
    $$$tc$$$ = class com.ibm.websphere.ras.TraceComponent@4f5fcc83
      strings[0] = "TraceComponent[com.ibm.ws.app.manager.module.internal.SimpleDeployedAppInfoBase$ExtendedContainerInfo,class com.ibm.ws.app.manager.module.internal.SimpleDeployedAppInfoBase$ExtendedContainerInfo,[applications, app.manager],,null]"
  DYNAMIC_IMPORT_PACKAGE_LIST = class java.util.Collections$UnmodifiableRandomAccessList@5480f578
    serialVersionUID = -2542308836966382001
    serialVersionUID = -283967356065247728
    list = class java.util.Arrays$ArrayList@7dd7cc5e
      serialVersionUID = -2764017481108945198
      a = class java.lang.String[1]
      modCount = 0
      MAX_ARRAY_SIZE = 2147483639
    serialVersionUID = 1820017752578914078
    c = class java.util.Arrays$ArrayList@7dd7cc5e
  serialVersionUID = -6153587016903242961
  $$$tc$$$ = class com.ibm.websphere.ras.TraceComponent@20291b1a
    strings[0] = "TraceComponent[com.ibm.ws.app.manager.war.internal.WARDeployedAppInfo,class com.ibm.ws.app.manager.war.internal.WARDeployedAppInfo,[webcontainer, applications, app.manager],com.ibm.ws.app.manager.war.internal.resources.Messages,null]"
  _tc = class com.ibm.websphere.ras.TraceComponent@4fd0aaec
    strings[0] = "TraceComponent[com.ibm.ws.app.manager.module.internal.DeployedAppInfoBase,class com.ibm.ws.app.manager.module.internal.DeployedAppInfoBase,[app.manager],com.ibm.ws.app.manager.module.internal.resources.Messages,null]"
  PERMISSION_XML = "permissions.xml"
  applicationInformation = class com.ibm.ws.app.manager.internal.ApplicationInstallInfo@4acb9b4
    _config = class com.ibm.ws.app.manager.internal.ApplicationConfig@3ce9846e
      tc = class com.ibm.websphere.ras.TraceComponent@6e66ac0c
      _configPid = "com.ibm.ws.app.manager_91"
      _config = class com.ibm.ws.config.admin.ConfigurationDictionary@4d37a11e
      _applicationManager = class com.ibm.ws.app.manager.ApplicationManager@3f6b7f28
      _location = "AsistenciaTeacher.war"
      _type = "war"
      _name = "AsistenciaTeacher"
      _notificationBroadcasterSupport = class javax.management.NotificationBroadcasterSupport@6e3390f
      ONE_TIME_JANDEX_MSGS_DISPLAYED = true
    _handlerInfo = class java.util.concurrent.atomic.AtomicReference@315024b5
      serialVersionUID = -1848883965231344442
      VALUE = class java.lang.invoke.VarHandleReferences$FieldInstanceReadWrite@5a9a9315
      value = class com.ibm.ws.app.manager.war.internal.WARDeployedAppInfo@5b252179
    _container = class java.util.concurrent.atomic.AtomicReference@ef2714a
      serialVersionUID = -1848883965231344442
      VALUE = class java.lang.invoke.VarHandleReferences$FieldInstanceReadWrite@5a9a9315
      value = class com.ibm.ws.adaptable.module.internal.AdaptableContainerImpl@49d840a6
    _resolvedLocation = class java.util.concurrent.atomic.AtomicReference@6f720839
      serialVersionUID = -1848883965231344442
      VALUE = class java.lang.invoke.VarHandleReferences$FieldInstanceReadWrite@5a9a9315
      value = class com.ibm.ws.kernel.service.location.internal.LocalFileResource@1f7f4da
    _handler = class com.ibm.ws.app.manager.war.internal.WARApplicationHandlerImpl@1f482b4d
      futureMonitor = class com.ibm.ws.threading.internal.FutureMonitorImpl@18b430aa
      deployedAppFactory = class com.ibm.ws.app.manager.war.internal.WARDeployedAppInfoFactoryImpl@5dd01be1
      serialVersionUID = 4622845147410944782
      $$$tc$$$ = class com.ibm.websphere.ras.TraceComponent@30ac6c07
    _ami = class java.util.concurrent.atomic.AtomicReference@2f0dd19d
      serialVersionUID = -1848883965231344442
      VALUE = class java.lang.invoke.VarHandleReferences$FieldInstanceReadWrite@5a9a9315
      value = class com.ibm.wsspi.application.handler.DefaultApplicationMonitoringInformation@7672d9a2
    _updateHandler = class com.ibm.ws.app.manager.internal.statemachine.ApplicationStateMachineImpl@32e88d17
      _tc = class com.ibm.websphere.ras.TraceComponent@44b5feb0
      EMPTY_FUTURE_ARRAY = interface java.util.concurrent.Future[0]
      asmSequenceNumber = class java.util.concurrent.atomic.AtomicLong@5b458fd0
      _qscaCounter = class java.util.concurrent.atomic.AtomicInteger@3b9af2d3
      _failedThrowable = null
      _interruptibleLock = class com.ibm.ws.app.manager.internal.statemachine.ApplicationStateMachineImpl$2@6aac171c
      _interruptible = false
      _performingQueuedActions = true
      _queuedActions = class java.util.concurrent.ConcurrentLinkedQueue@2f6ea7eb
      _callbackState = class java.util.concurrent.atomic.AtomicReference@582286d9
      blockAppStartingFutures = class java.util.Collections$SetFromMap@34c2fb64
      waitingForAppHandlerFuture = class java.util.concurrent.atomic.AtomicReference@3edc1e17
      waitingForExplicitStartFuture = class java.util.concurrent.atomic.AtomicReference@6457b7d8
      completionListener = class java.util.concurrent.atomic.AtomicReference@288ff1c5
      _notifyAppStopped = class java.util.concurrent.ConcurrentLinkedQueue@bb5366b
      _notifyAppStarting = class java.util.concurrent.ConcurrentLinkedQueue@5547bdac
      _notifyAppInstallCalled = class java.util.concurrent.ConcurrentLinkedQueue@cf739ab
      _notifyAppStarted = class java.util.concurrent.ConcurrentLinkedQueue@5ba1f029
      _notifyAppRemoved = class java.util.concurrent.ConcurrentLinkedQueue@79058358
      _stateLock = class com.ibm.ws.app.manager.internal.statemachine.ApplicationStateMachineImpl$3@1147fb09
      _internalState = class java.util.concurrent.atomic.AtomicReference@2448b2eb
      _currentAction = class java.util.concurrent.atomic.AtomicReference@70bc3ef3
      _rfa = class java.util.concurrent.atomic.AtomicReference@25f66cff
      _appInstallInfo = class java.util.concurrent.atomic.AtomicReference@bc744fb
      _update = class java.util.concurrent.atomic.AtomicBoolean@6af96082
      _appConfig = class java.util.concurrent.atomic.AtomicReference@7b238088
      _nextAppConfig = class java.util.concurrent.atomic.AtomicReference@6d249a87
      _appContainer = class java.util.concurrent.atomic.AtomicReference@5c75eb44
      _resolvedLocation = class java.util.concurrent.atomic.AtomicReference@7d297d38
      _handler = class java.util.concurrent.atomic.AtomicReference@1ae995d5
      _asmSeqNo = 3
      _ctx = class org.eclipse.osgi.internal.framework.BundleContextImpl@3aeeb272
      _locAdmin = class com.ibm.ws.kernel.service.location.internal.WsLocationAdminImpl@5350d4ad
      _futureMonitor = class com.ibm.ws.threading.internal.FutureMonitorImpl@18b430aa
      _artifactFactory = class com.ibm.ws.artifact.internal.ArtifactContainerFactoryService@481db55f
      _moduleFactory = class com.ibm.ws.adaptable.module.internal.AdaptableModuleFactoryImpl@4a51307f
      _executorService = class com.ibm.ws.threading.internal.ExecutorServiceImpl@200c2a48
      _scheduledExecutorService = class com.ibm.ws.threading.internal.ScheduledExecutorImpl@16fa43cc
      _asmHelper = class com.ibm.ws.app.manager.internal.ApplicationConfigurator$NamedApplication@406b2bfb
      _appMonitor = class com.ibm.ws.app.manager.internal.monitor.ApplicationMonitor@15cb6ae7
      enterStateCalled = class java.util.concurrent.atomic.AtomicBoolean@54545c7c
      serialVersionUID = 6511956370079301927
      serialVersionUID = 5501066335104962649
      $$$tc$$$ = class com.ibm.websphere.ras.TraceComponent@4cb86e93
    serialVersionUID = 2630639237123415755
    $$$tc$$$ = class com.ibm.websphere.ras.TraceComponent@4197cb3
      strings[0] = "TraceComponent[com.ibm.ws.app.manager.internal.ApplicationInstallInfo,class com.ibm.ws.app.manager.internal.ApplicationInstallInfo,[applications, app.manager],com.ibm.ws.app.manager.internal.resources.AppManagerMessages,null]"
  location = "D:\devel\tools\wlp\usr\servers\defaultServer\apps\AsistenciaTeacher.war.xml"
  classLoadingService = class com.ibm.ws.classloading.internal.ClassLoadingServiceImpl@3fab017e
    tc = class com.ibm.websphere.ras.TraceComponent@412fa485
      strings[0] = "TraceComponent[com.ibm.ws.classloading.internal.ClassLoadingServiceImpl,class com.ibm.ws.classloading.internal.ClassLoadingServiceImpl,[ClassLoadingService],com.ibm.ws.classloading.internal.resources.ClassLoadingServiceMessages,null]"
    leakDetectionMap = class java.util.HashMap@2194cdde
      serialVersionUID = 362498820763181265
      DEFAULT_INITIAL_CAPACITY = 16
      MAXIMUM_CAPACITY = 1073741824
      DEFAULT_LOAD_FACTOR = 0.75
      TREEIFY_THRESHOLD = 8
      UNTREEIFY_THRESHOLD = 6
      MIN_TREEIFY_CAPACITY = 64
      table = null
      entrySet = null
      size = 0
      modCount = 0
      threshold = 0
      loadFactor = 0.75
      keySet = null
      values = null
    TCCL_LOCK_WAIT = 15000
    REFERENCE_GENERATORS = "generators"
    bundleContext = class org.eclipse.osgi.internal.framework.BundleContextImpl@5039463b
    aclStore = class com.ibm.ws.classloading.internal.util.CanonicalStore@2ae31e4d
      map = class java.util.concurrent.ConcurrentHashMap@457e31e0
      q = class com.ibm.ws.classloading.internal.util.RefQueue@70508ff8
      serialVersionUID = 6715157558227169968
      $$$tc$$$ = class com.ibm.websphere.ras.TraceComponent@56542999
    tcclStore = class com.ibm.ws.classloading.internal.util.CanonicalStore@7e7d6dbb
      map = class java.util.concurrent.ConcurrentHashMap@70d8b33b
      q = class com.ibm.ws.classloading.internal.util.RefQueue@4ac769bd
      serialVersionUID = 6715157558227169968
      $$$tc$$$ = class com.ibm.websphere.ras.TraceComponent@56542999
    tcclStoreLock = class java.util.concurrent.locks.ReentrantLock@140b87c7
      serialVersionUID = 7373984872572414699
      sync = class java.util.concurrent.locks.ReentrantLock$NonfairSync@7a48dcf1
    digraph = class org.eclipse.equinox.internal.region.StandardRegionDigraph@13f642a5
      EMPTY_EDGE_SET = class java.util.Collections$UnmodifiableSet@66ef47a3
      monitor = class java.lang.Object@4db852d
      regions = class java.util.HashMap@240996bb
      bundleIdToRegionMapping = class org.eclipse.equinox.internal.region.StandardBundleIdToRegionMapping@7800de96
      edges = class java.util.HashMap@644e5c6a
      bundleContext = class org.eclipse.osgi.internal.framework.BundleContextImpl@618b19ad
      threadLocal = class java.lang.ThreadLocal@3c645f23
      subgraphTraverser = class org.eclipse.equinox.internal.region.SubgraphTraverser@5430aa5a
      bundleCollisionHook = class org.eclipse.equinox.internal.region.hook.RegionBundleCollisionHook@2aba2a24
      bundleEventHook = class org.eclipse.equinox.internal.region.hook.RegionBundleEventHook@3c819e15
      bundleFindHook = class org.eclipse.equinox.internal.region.hook.RegionBundleFindHook@220243e1
      serviceEventHook = class org.eclipse.equinox.internal.region.hook.RegionServiceEventHook@73315f81
      serviceFindHook = class org.eclipse.equinox.internal.region.hook.RegionServiceFindHook@8a1b0c9
      resolverHookFactory = class org.eclipse.equinox.internal.region.hook.RegionResolverHookFactory@38e0f6fe
      origin = null
      originUpdateCount = -1
      updateCount = class java.util.concurrent.atomic.AtomicLong@8cda748
      defaultRegion = null
    redefiner = class com.ibm.ws.classloading.internal.util.ClassRedefiner@215527e0
      tc = class com.ibm.websphere.ras.TraceComponent@228ef3a8
      LS = "
"
      inst = class com.ibm.ws.kernel.launch.internal.TraceInstrumentation@5b591586
      serialVersionUID = 2420101865139508526
    listener = class com.ibm.ws.classloading.internal.ClassLoadingServiceImpl$1@345096c4
      this$0 = class com.ibm.ws.classloading.internal.ClassLoadingServiceImpl@3fab017e
      serialVersionUID = -9159707349812113172
      $$$tc$$$ = class com.ibm.websphere.ras.TraceComponent@29545e69
    classloaders = class java.util.Collections$SynchronizedMap@7c2d0a36
      serialVersionUID = 1978198479659022715
      m = class java.util.HashMap@8b8d98a
      mutex = class java.util.Collections$SynchronizedMap@7c2d0a36
      keySet = null
      entrySet = null
      values = null
    resourceProviders = class com.ibm.ws.classloading.internal.CompositeResourceProvider@5d6f9c7c
      lockFactory = class java.util.concurrent.locks.ReentrantReadWriteLock@312e2793
      providerMap = class com.ibm.ws.classloading.internal.util.MultiMap@29510fa
      serialVersionUID = -5576435894946156347
      $$$tc$$$ = class com.ibm.websphere.ras.TraceComponent@126aa188
    rememberedBundles = class java.util.concurrent.ConcurrentHashMap@550dda16
      serialVersionUID = 7249069246763182397
      MAXIMUM_CAPACITY = 1073741824
      DEFAULT_CAPACITY = 16
      MAX_ARRAY_SIZE = 2147483639
      DEFAULT_CONCURRENCY_LEVEL = 16
      LOAD_FACTOR = 0.75
      TREEIFY_THRESHOLD = 8
      UNTREEIFY_THRESHOLD = 6
      MIN_TREEIFY_CAPACITY = 64
      MIN_TRANSFER_STRIDE = 16
      RESIZE_STAMP_BITS = 16
      MAX_RESIZERS = 65535
      RESIZE_STAMP_SHIFT = 16
      MOVED = -1
      TREEBIN = -2
      RESERVED = -3
      HASH_BITS = 2147483647
      NCPU = 4
      serialPersistentFields = class java.io.ObjectStreamField[3]
      table = class java.util.concurrent.ConcurrentHashMap$Node[16]
      nextTable = null
      baseCount = 4
      sizeCtl = 12
      transferIndex = 0
      cellsBusy = 0
      counterCells = null
      keySet = null
      values = null
      entrySet = null
      U = class jdk.internal.misc.Unsafe@22e5f390
      SIZECTL = 20
      TRANSFERINDEX = 32
      BASECOUNT = 24
      CELLSBUSY = 36
      CELLVALUE = 144
      ABASE = 16
      ASHIFT = 2
      keySet = null
      values = null
    collectedBundles = class java.lang.ref.ReferenceQueue@65db80c5
      NULL = class java.lang.ref.ReferenceQueue$Null@75111d
      ENQUEUED = class java.lang.ref.ReferenceQueue$Null@4ecfec10
      lock = class java.lang.ref.ReferenceQueue$Lock@5ff1a426
      head = null
      queueLength = 0
      $assertionsDisabled = true
    generatorRefs = class com.ibm.wsspi.kernel.service.utils.ConcurrentServiceReferenceSet@71334af2
      referenceName = "generators"
      contextRef = class java.util.concurrent.atomic.AtomicReference@65ec79be
      elementMap = class java.util.LinkedHashMap@6c3c544f
      elementSet = class java.util.concurrent.ConcurrentSkipListSet@7fda996b
      elementSetUnsorted = false
      serialVersionUID = 756240983881166148
      $$$tc$$$ = class com.ibm.websphere.ras.TraceComponent@2e2de99c
    generatorManager = class com.ibm.ws.classloading.internal.ClassGeneratorManager@509ea4d4
      tc = class com.ibm.websphere.ras.TraceComponent@5b4ae622
      generatorRefs = class com.ibm.wsspi.kernel.service.utils.ConcurrentServiceReferenceSet@71334af2
      serialVersionUID = 4152663586056483310
    appExtLibs = class java.util.concurrent.CopyOnWriteArrayList@6b7809bb
      serialVersionUID = 8673264195747942595
      lock = class java.lang.Object@4316c874
      array = class java.lang.Object[0]
    globalConfig = class com.ibm.ws.classloading.configuration.GlobalClassloadingConfiguration@521c61b9
      properties = class org.apache.felix.scr.impl.helper.ReadOnlyDictionary@613ad981
      serialVersionUID = 452562347104713756
      $$$tc$$$ = class com.ibm.websphere.ras.TraceComponent@17bc42da
    metaInfServicesProviders = class java.util.concurrent.ConcurrentHashMap@3913d5d2
      serialVersionUID = 7249069246763182397
      MAXIMUM_CAPACITY = 1073741824
      DEFAULT_CAPACITY = 16
      MAX_ARRAY_SIZE = 2147483639
      DEFAULT_CONCURRENCY_LEVEL = 16
      LOAD_FACTOR = 0.75
      TREEIFY_THRESHOLD = 8
      UNTREEIFY_THRESHOLD = 6
      MIN_TREEIFY_CAPACITY = 64
      MIN_TRANSFER_STRIDE = 16
      RESIZE_STAMP_BITS = 16
      MAX_RESIZERS = 65535
      RESIZE_STAMP_SHIFT = 16
      MOVED = -1
      TREEBIN = -2
      RESERVED = -3
      HASH_BITS = 2147483647
      NCPU = 4
      serialPersistentFields = class java.io.ObjectStreamField[3]
      table = null
      nextTable = null
      baseCount = 0
      sizeCtl = 0
      transferIndex = 0
      cellsBusy = 0
      counterCells = null
      keySet = null
      values = null
      entrySet = null
      U = class jdk.internal.misc.Unsafe@22e5f390
      SIZECTL = 20
      TRANSFERINDEX = 32
      BASECOUNT = 24
      CELLSBUSY = 36
      CELLVALUE = 144
      ABASE = 16
      ASHIFT = 2
      keySet = null
      values = null
    metaInfServicesRefs = class com.ibm.wsspi.kernel.service.utils.ConcurrentServiceReferenceMap@1c8e6e20
      referenceName = "MetaInfServicesProvider"
      context = class org.apache.felix.scr.impl.manager.ComponentContextImpl@4791a6a2
      elementMap = class java.util.concurrent.ConcurrentHashMap@6f9cc8a4
      serialVersionUID = 6980924785166233786
      $$$tc$$$ = class com.ibm.websphere.ras.TraceComponent@6f78db4d
    protectionDomainMap = class java.util.HashMap@379089db
      serialVersionUID = 362498820763181265
      DEFAULT_INITIAL_CAPACITY = 16
      MAXIMUM_CAPACITY = 1073741824
      DEFAULT_LOAD_FACTOR = 0.75
      TREEIFY_THRESHOLD = 8
      UNTREEIFY_THRESHOLD = 6
      MIN_TREEIFY_CAPACITY = 64
      table = null
      entrySet = null
      size = 0
      modCount = 0
      threshold = 0
      loadFactor = 0.75
      keySet = null
      values = null
    metadataIdentifierService = class com.ibm.ws.container.service.metadata.internal.MetaDataServiceImpl@6edea33f
    globalSharedLibrary = class java.util.concurrent.atomic.AtomicReference@6303739
      serialVersionUID = -1848883965231344442
      VALUE = class java.lang.invoke.VarHandleReferences$FieldInstanceReadWrite@5a9a9315
      value = null
    serialVersionUID = -2277344858934055980
  globalSharedLibrary = class com.ibm.ws.library.internal.SharedLibraryImpl@71522934
    tc = class com.ibm.websphere.ras.TraceComponent@361fc03b
      strings[0] = "TraceComponent[com.ibm.ws.library.internal.SharedLibraryImpl,class com.ibm.ws.library.internal.SharedLibraryImpl,[SharedLibrary],com.ibm.ws.classloading.internal.resources.ClassLoadingServiceMessages,null]"
    EMPTY_LIBRARY_LISTENERS = interface com.ibm.wsspi.library.LibraryChangeListener[0]
    deleted = false
    libraryListenersTracker = class org.osgi.util.tracker.ServiceTracker@67554557
      DEBUG = false
      context = class org.eclipse.osgi.internal.framework.BundleContextImpl@5039463b
      filter = class org.eclipse.osgi.internal.framework.FilterImpl@676a7683
      customizer = class org.osgi.util.tracker.ServiceTracker@67554557
      listenerFilter = "(&(objectClass=com.ibm.wsspi.library.LibraryChangeListener)(|(library=global)(libraryRef=*com.ibm.ws.classloading.sharedlibrary_11*)))"
      trackClass = null
      trackReference = null
      tracked = class org.osgi.util.tracker.ServiceTracker$Tracked@28692f2a
      cachedReference = null
      cachedService = null
    libraryReg = class org.eclipse.osgi.internal.serviceregistry.ServiceRegistrationImpl@25ed9422
      registry = class org.eclipse.osgi.internal.serviceregistry.ServiceRegistry@23f81148
      context = class org.eclipse.osgi.internal.framework.BundleContextImpl@5039463b
      bundle = class org.eclipse.osgi.internal.framework.EquinoxBundle@b06dde3
      clazzes = class java.lang.String[1]
      service = class com.ibm.ws.library.internal.SharedLibraryImpl@71522934
      reference = class org.eclipse.osgi.internal.serviceregistry.ServiceReferenceImpl@b8b1159
      contextsUsing = class java.util.ArrayList@3718eb8d
      properties = class java.util.Collections$UnmodifiableMap@5409ce77
      serviceid = 313
      serviceranking = 2
      registrationLock = class java.lang.Object@af36444
      state = 0
      REGISTERED = 0
      UNREGISTERING = 1
      UNREGISTERED = 2
      FRAMEWORK_SET_SERVICE_PROPERTIES_COUNT = 4
      $assertionsDisabled = true
    ctx = class org.eclipse.osgi.internal.framework.BundleContextImpl@5039463b
      findHookName = "org.osgi.framework.hooks.bundle.FindHook"
      valid = true
      bundle = class org.eclipse.osgi.internal.framework.EquinoxBundle@b06dde3
      container = class org.eclipse.osgi.internal.framework.EquinoxContainer@7406a6fd
      debug = class org.eclipse.osgi.internal.debug.Debug@6c924427
      servicesInUse = class java.util.HashMap@1586310d
      activator = null
      contextLock = class java.lang.Object@4d0d185a
    classLoadingService = class com.ibm.ws.classloading.internal.ClassLoadingServiceImpl@3fab017e
    configAdmin = class com.ibm.ws.config.admin.internal.ConfigurationAdminImpl@7c7d68c1
      tc = class com.ibm.websphere.ras.TraceComponent@5f498867
      bundle = class org.eclipse.osgi.internal.framework.EquinoxBundle@b06dde3
      caFactory = class com.ibm.ws.config.admin.internal.ConfigAdminServiceFactory@42ad4fea
      serialVersionUID = -2875522750804142523
    resolvedBasePath = "D:/devel/tools/wlp/usr/servers/defaultServer/"
    generationLock = class com.ibm.ws.library.internal.SharedLibraryImpl$1@668b1510
      this$0 = class com.ibm.ws.library.internal.SharedLibraryImpl@71522934
      serialVersionUID = 2483639803450672373
      $$$tc$$$ = class com.ibm.websphere.ras.TraceComponent@61e87bd3
    currentGeneration = class com.ibm.ws.library.internal.LibraryGeneration@7faf10ab
      tc = class com.ibm.websphere.ras.TraceComponent@7e4e2b2d
      nextInt = class java.util.concurrent.atomic.AtomicInteger@7967b116
      libraryId = "global"
      genId = 2
      libraryProps = class java.util.Hashtable@1816d16f
      filesetRefs = class java.util.Collections$UnmodifiableRandomAccessList@3c3c8539
      apiTypeVisibility = class java.util.RegularEnumSet@1956852c
      files = class java.util.Collections$EmptyList@58c2e1cd
      folders = class java.util.ArrayList@5dfd7811
      fileAndFolderContainers = class java.util.Collections$EmptyList@58c2e1cd
      filesets = class java.util.concurrent.ArrayBlockingQueue@73ce5768
      filesetListenerRegs = class java.util.concurrent.ConcurrentLinkedQueue@2b030165
      cancelled = false
      library = class com.ibm.ws.library.internal.SharedLibraryImpl@71522934
      serialVersionUID = 6965220007121905717
    nextGeneration = class com.ibm.ws.library.internal.LibraryGeneration@7faf10ab
    artifactContainerFactory = class com.ibm.ws.library.internal.SharedLibraryFactory$1@329d9df4
      this$0 = class com.ibm.ws.library.internal.SharedLibraryFactory@6c298fb4
      serialVersionUID = 7730244564205089330
      $$$tc$$$ = class com.ibm.websphere.ras.TraceComponent@4e40e3bc
    packageExporter = class com.ibm.ws.library.internal.LibraryPackageExporter@2531c006
      EXPORTER_POSTFIX = "_library_exporter"
      REGION_EXPORT_TO_LIBERTY = "liberty.library.export.to.liberty"
      REGION_EXPORT_TO_OSGI_APPS = "liberty.library.export.to.osgi.app"
      REGION_KERNEL = "org.eclipse.equinox.region.kernel"
      counter = class java.util.concurrent.atomic.AtomicLong@331ee00d
      context = class org.eclipse.osgi.internal.framework.BundleContextImpl@5039463b
      digraph = class org.eclipse.equinox.internal.region.StandardRegionDigraph@13f642a5
      bundleToLibrary = class java.util.concurrent.ConcurrentHashMap@2002512
      libraryToVisibility = class java.util.concurrent.ConcurrentHashMap@500271e0
      serialVersionUID = 8074378969667956573
      $$$tc$$$ = class com.ibm.websphere.ras.TraceComponent@13fab45f
    serialVersionUID = 6288237618632180389
  sharedLibDeploymentInfo = class com.ibm.ws.app.manager.module.internal.DeployedAppInfoBase$SharedLibDeploymentInfo@5b33522c
    bundleContext = class org.eclipse.osgi.internal.framework.BundleContextImpl@35cd352b
      findHookName = "org.osgi.framework.hooks.bundle.FindHook"
      valid = true
      bundle = class org.eclipse.osgi.internal.framework.EquinoxBundle@3f5070c3
      container = class org.eclipse.osgi.internal.framework.EquinoxContainer@7406a6fd
      debug = class org.eclipse.osgi.internal.debug.Debug@6c924427
      servicesInUse = class java.util.HashMap@291571a0
      activator = null
      contextLock = class java.lang.Object@33756883
    locAdmin = class com.ibm.ws.kernel.service.location.internal.WsLocationAdminImpl@5350d4ad
      tc = class com.ibm.websphere.ras.TraceComponent@79d0ddfc
      LOC_INTERNAL_LIB_DIR = "wlp.lib.dir"
      LOC_AREA_NAME_APPS = "shared/apps/"
      LOC_AREA_NAME_CONFIG = "shared/config/"
      LOC_AREA_NAME_RESC = "shared/resources/"
      LOC_AREA_NAME_STATE = "logs/state/"
      LOC_AREA_NAME_SERVERS = "servers/"
      LOC_AREA_NAME_CLIENTS = "clients/"
      LOC_AREA_NAME_WORKING = "workarea/"
      LOC_AREA_NAME_EXTENSION = "extension/"
      instance = class com.ibm.ws.staticvalue.StaticValue$FinalSingleton@4430ffb1
      installRoot = class com.ibm.ws.kernel.service.location.internal.SymbolicRootResource@444a7c4f
      installParentRoot = class com.ibm.ws.kernel.service.location.internal.SymbolicRootResource@5e4fb384
      userRoot = class com.ibm.ws.kernel.service.location.internal.SymbolicRootResource@70cd7bd
      usrExtensionRoot = class com.ibm.ws.kernel.service.location.internal.SymbolicRootResource@44826d9a
      serverConfigDir = class com.ibm.ws.kernel.service.location.internal.SymbolicRootResource@53bdc941
      serverOutputDir = class com.ibm.ws.kernel.service.location.internal.SymbolicRootResource@53bdc941
      bootstrapLib = class com.ibm.ws.kernel.service.location.internal.LocalFileResource@704d9321
      serverWorkarea = class com.ibm.ws.kernel.service.location.internal.LocalFileResource@119d03aa
      serverState = class com.ibm.ws.kernel.service.location.internal.LocalFileResource@462442be
      sharedAppsRoot = class com.ibm.ws.kernel.service.location.internal.SymbolicRootResource@7bee6cfa
      sharedConfigRoot = class com.ibm.ws.kernel.service.location.internal.SymbolicRootResource@67a63c3d
      sharedResourceRoot = class com.ibm.ws.kernel.service.location.internal.SymbolicRootResource@1e5fe330
      tmpRoot = class com.ibm.ws.kernel.service.location.internal.SymbolicRootResource@7a8a63f7
      serverName = "defaultServer"
      resourcePaths = class java.util.ArrayList@728b49e0
      resourceGroups = class java.util.HashMap@249ad458
      commonRoot = class com.ibm.ws.kernel.service.location.internal.VirtualRootResource@453df598
      serialVersionUID = 7766352982799267432
    artifactFactory = class com.ibm.ws.artifact.internal.ArtifactContainerFactoryService@481db55f
      CATEGORY_PROP_NAME = "category"
      ENTRY_KEY = "com.ibm.wsspi.artifact.ArtifactEntry"
      helperMap = class com.ibm.wsspi.kernel.service.utils.ConcurrentServiceReferenceSetMap@3e2a4367
      contributorMap = class com.ibm.wsspi.kernel.service.utils.ConcurrentServiceReferenceSetMap@2db8c484
      helperCategoryMap = class com.ibm.wsspi.kernel.service.utils.ConcurrentServiceReferenceSetMap@35a754d3
      contributorCategoryMap = class com.ibm.wsspi.kernel.service.utils.ConcurrentServiceReferenceSetMap@7c5ebeba
      categories = class java.util.Collections$SynchronizedSet@1083fb2d
      baseProperties = class org.apache.felix.scr.impl.helper.ReadOnlyDictionary@7bf4915d
      serialVersionUID = -3101641399269402013
      $$$tc$$$ = class com.ibm.websphere.ras.TraceComponent@1848f598
    moduleFactory = class com.ibm.ws.adaptable.module.internal.AdaptableModuleFactoryImpl@4a51307f
      adapterFactoryService = class com.ibm.ws.adaptable.module.internal.AdapterFactoryServiceImpl@5fb0ff7
      containerFactory = class com.ibm.ws.artifact.internal.ArtifactContainerFactoryService@481db55f
      overlayContainerFactory = class com.ibm.ws.artifact.overlay.internal.OverlayContainerFactoryImpl@4f08e870
      serialVersionUID = 4200251809856292987
      $$$tc$$$ = class com.ibm.websphere.ras.TraceComponent@5dfd7c36
    classesContainerInfo = class java.util.ArrayList@6457809f
      serialVersionUID = 8683452581122892189
      DEFAULT_CAPACITY = 10
      EMPTY_ELEMENTDATA = class java.lang.Object[0]
      DEFAULTCAPACITY_EMPTY_ELEMENTDATA = class java.lang.Object[0]
      elementData = class java.lang.Object[0]
      size = 0
      MAX_ARRAY_SIZE = 2147483639
      modCount = 0
      MAX_ARRAY_SIZE = 2147483639
    serialVersionUID = -9033256786848720484
    $$$tc$$$ = class com.ibm.websphere.ras.TraceComponent@77ef4841
      strings[0] = "TraceComponent[com.ibm.ws.app.manager.module.internal.DeployedAppInfoBase$SharedLibDeploymentInfo,class com.ibm.ws.app.manager.module.internal.DeployedAppInfoBase$SharedLibDeploymentInfo,[applications, app.manager],,null]"
  futureMonitor = class com.ibm.ws.threading.internal.FutureMonitorImpl@18b430aa
    _monitor = class java.util.concurrent.ConcurrentLinkedQueue@5e0d8f94
      serialVersionUID = 196745693267521676
      head = class java.util.concurrent.ConcurrentLinkedQueue$Node@78ba4ac3
      tail = class java.util.concurrent.ConcurrentLinkedQueue$Node@78ba4ac3
      MAX_HOPS = 8
      HEAD = class java.lang.invoke.VarHandleReferences$FieldInstanceReadWrite@46387e4a
      TAIL = class java.lang.invoke.VarHandleReferences$FieldInstanceReadWrite@5df4b28f
      ITEM = class java.lang.invoke.VarHandleReferences$FieldInstanceReadWrite@381e2e09
      NEXT = class java.lang.invoke.VarHandleReferences$FieldInstanceReadWrite@2c5696b0
      MAX_ARRAY_SIZE = 2147483639
    _executor = class com.ibm.ws.threading.internal.ScheduledExecutorImpl@16fa43cc
      threadGroupName = "Scheduled Executor Thread Group"
      executor = class com.ibm.ws.threading.internal.ExecutorServiceImpl@200c2a48
      serialVersionUID = -9110693807503469597
      $$$tc$$$ = class com.ibm.websphere.ras.TraceComponent@327e7332
      continueExistingPeriodicTasksAfterShutdown = false
      executeExistingDelayedTasksAfterShutdown = true
      removeOnCancel = false
      sequencer = class java.util.concurrent.atomic.AtomicLong@33ae8d6b
      DEFAULT_KEEPALIVE_MILLIS = 10
      ctl = class java.util.concurrent.atomic.AtomicInteger@50b26c23
      COUNT_BITS = 29
      COUNT_MASK = 536870911
      RUNNING = -536870912
      SHUTDOWN = 0
      STOP = 536870912
      TIDYING = 1073741824
      TERMINATED = 1610612736
      workQueue = class java.util.concurrent.ScheduledThreadPoolExecutor$DelayedWorkQueue@336e66c1
      mainLock = class java.util.concurrent.locks.ReentrantLock@603eae16
      workers = class java.util.HashSet@27bca2af
      termination = class java.util.concurrent.locks.AbstractQueuedSynchronizer$ConditionObject@64ac110f
      largestPoolSize = 1
      completedTaskCount = 0
      threadFactory = class com.ibm.ws.threading.internal.ThreadFactoryImpl@31ef7fab
      handler = class java.util.concurrent.ThreadPoolExecutor$AbortPolicy@73040ae3
      keepAliveTime = 10000000
      allowCoreThreadTimeOut = false
      corePoolSize = 1
      maximumPoolSize = 2147483647
      defaultHandler = class java.util.concurrent.ThreadPoolExecutor$AbortPolicy@73040ae3
      shutdownPerm = class java.lang.RuntimePermission@772449e5
      ONLY_ONE = true
      $assertionsDisabled = true
    _threadRunning = class java.util.concurrent.atomic.AtomicBoolean@20404b0e
      serialVersionUID = 4654671469794556979
      VALUE = class java.lang.invoke.VarHandleInts$FieldInstanceReadWrite@5a7ecbef
      value = 0
    _thread = class com.ibm.ws.threading.internal.FutureMonitorImpl$1@7dcf26c7
      this$0 = class com.ibm.ws.threading.internal.FutureMonitorImpl@18b430aa
      serialVersionUID = 2422512430832938099
      $$$tc$$$ = class com.ibm.websphere.ras.TraceComponent@1daf9bee
    serialVersionUID = 2765238413969174390
    $$$tc$$$ = class com.ibm.websphere.ras.TraceComponent@1226bed5
      strings[0] = "TraceComponent[com.ibm.ws.threading.internal.FutureMonitorImpl,class com.ibm.ws.threading.internal.FutureMonitorImpl,[Threading],com.ibm.ws.threading.internal.resources.ThreadingMessages,null]"
  configAdmin = class com.ibm.ws.config.admin.internal.ConfigurationAdminImpl@60ac59c6
    tc = class com.ibm.websphere.ras.TraceComponent@5f498867
      strings[0] = "TraceComponent[com.ibm.ws.config.admin.internal.ConfigurationAdminImpl,class com.ibm.ws.config.admin.internal.ConfigurationAdminImpl,[config],com.ibm.ws.config.internal.resources.ConfigMessages,null]"
    bundle = class org.eclipse.osgi.internal.framework.EquinoxBundle@3f5070c3
      equinoxContainer = class org.eclipse.osgi.internal.framework.EquinoxContainer@7406a6fd
      module = class org.eclipse.osgi.internal.framework.EquinoxBundle$EquinoxModule@bc607bc
      monitor = class java.lang.Object@2b188742
      context = class org.eclipse.osgi.internal.framework.BundleContextImpl@35cd352b
      signerInfos = null
      $SWITCH_TABLE$org$eclipse$osgi$container$Module$State = {1,2,3,4,5,6,7} /* array length = 7 */
    caFactory = class com.ibm.ws.config.admin.internal.ConfigAdminServiceFactory@42ad4fea
      tc = class com.ibm.websphere.ras.TraceComponent@71a6735e
      configurationPermission = class org.osgi.service.cm.ConfigurationPermission@f7cb292
      INDEX_DICTIONARY = 0
      INDEX_LOCATION = 1
      INDEX_METATYPE_PROCESSED = 2
      INDEX_IN_OVERRIDES_FILE = 3
      INDEX_REFERENCES = 4
      INDEX_UNIQUES = 5
      bundleContext = class org.eclipse.osgi.internal.framework.BundleContextImpl@79e3fd8e
      msTracker = class com.ibm.ws.config.admin.internal.ManagedServiceTracker@64ebb6
      msfTracker = class com.ibm.ws.config.admin.internal.ManagedServiceFactoryTracker@50b5e28c
      pluginManager = class com.ibm.ws.config.admin.internal.PluginManager@34a9267b
      configurationStore = class com.ibm.ws.config.admin.internal.ConfigurationStore@5e2bfa5e
      updateQueue = class com.ibm.ws.config.admin.internal.UpdateQueue@79b58376
      ced = class com.ibm.ws.config.admin.internal.ConfigEventDispatcher@6ebaf4e
      idMap = class java.util.Collections$SynchronizedMap@7b8cdb16
      referenceMap = class java.util.Collections$SynchronizedMap@7af42733
      variableRegistryTracker = class org.osgi.util.tracker.ServiceTracker@2f8fa528
      variableRegistry = class com.ibm.ws.kernel.service.location.internal.VariableRegistryHelper@74c5ee48
      configurationAdminRef = class org.eclipse.osgi.internal.serviceregistry.ServiceRegistrationImpl@6bc90405
      serialVersionUID = 6695202270027014725
    serialVersionUID = -2875522750804142523
  libraryConfigHelper = class com.ibm.ws.classloading.ClassLoaderConfigHelper@78d81405
    tc = class com.ibm.websphere.ras.TraceComponent@44ebc13
      strings[0] = "TraceComponent[com.ibm.ws.classloading.ClassLoaderConfigHelper,class com.ibm.ws.classloading.ClassLoaderConfigHelper,[ClassLoadingService],com.ibm.ws.classloading.internal.resources.ClassLoadingServiceMessages,null]"
    DEFAULT_API_TYPES = class java.util.RegularEnumSet@4518d4d2
      serialVersionUID = 3411599620347842686
      elements = 23
      elementType = class java.lang.Class@5a6a94f4
      universe = class com.ibm.wsspi.classloading.ApiType[5]
      MAX_ARRAY_SIZE = 2147483639
    sharedLibraries = class java.util.Collections$EmptyList@58c2e1cd
      serialVersionUID = 8842843931221139166
      modCount = 0
      MAX_ARRAY_SIZE = 2147483639
    commonLibraries = class java.util.Collections$EmptyList@58c2e1cd
    classProviders = class java.util.Collections$EmptyList@58c2e1cd
    sharedLibrariesPids = null
    commonLibrariesPids = null
    isDelegateLast = false
    apiTypes = class java.util.RegularEnumSet@4518d4d2
    classLoaderConfigProps = null
    serialVersionUID = 7643888529935916418
  isDelegateLast = false
  permissionManager = class com.ibm.ws.classloading.java2sec.PermissionManager@70defb72
    tc = class com.ibm.websphere.ras.TraceComponent@5434e144
      strings[0] = "TraceComponent[com.ibm.ws.classloading.java2sec.PermissionManager,class com.ibm.ws.classloading.java2sec.PermissionManager,[Java2SecurityUtil],com.ibm.ws.classloading.internal.resources.Java2SecurityUtilMessages,null]"
    classLoadingService = class com.ibm.ws.classloading.internal.ClassLoadingServiceImpl@3fab017e
    DEFAULT_SERVER_RESTRICTABLE_PERMISSIONS = class java.security.Permission[4]
      Permission[0] = class java.lang.RuntimePermission@4473defb
      Permission[1] = class java.lang.RuntimePermission@27d8eece
      Permission[2] = class java.security.SecurityPermission@2df14751
      Permission[3] = class javax.security.auth.AuthPermission@36770b87
    DEFAULT_CLIENT_RESTRICTABLE_PERMISSIONS = class java.security.Permission[3]
      Permission[0] = class java.lang.RuntimePermission@6c9f672d
      Permission[1] = class java.security.SecurityPermission@617883d0
      Permission[2] = class javax.security.auth.AuthPermission@713ee68c
    isServer = true
    wsjarUrlStreamHandlerAvailable = true
    restrictablePermissions = class java.util.ArrayList@2d80b4cc
      serialVersionUID = 8683452581122892189
      DEFAULT_CAPACITY = 10
      EMPTY_ELEMENTDATA = class java.lang.Object[0]
      DEFAULTCAPACITY_EMPTY_ELEMENTDATA = class java.lang.Object[0]
      elementData = class java.lang.Object[10]
      size = 4
      MAX_ARRAY_SIZE = 2147483639
      modCount = 4
      MAX_ARRAY_SIZE = 2147483639
    grantedPermissions = class java.util.ArrayList@78d0fafb
      serialVersionUID = 8683452581122892189
      DEFAULT_CAPACITY = 10
      EMPTY_ELEMENTDATA = class java.lang.Object[0]
      DEFAULTCAPACITY_EMPTY_ELEMENTDATA = class java.lang.Object[0]
      elementData = class java.lang.Object[10]
      size = 1
      MAX_ARRAY_SIZE = 2147483639
      modCount = 1
      MAX_ARRAY_SIZE = 2147483639
    KEY_PERMISSION = "permission"
    INCORRECT_PERMISSION_CONFIGURATION = "INCORRECT_PERMISSION_CONFIGURATION"
    PERMISSION_CLASSNOTFOUND = "PERMISSION_CLASSNOTFOUND"
    SERVER_XML = "server.xml"
    CLIENT_XML = "client.xml"
    originationFile = "server.xml"
    permissions = class com.ibm.wsspi.kernel.service.utils.ConcurrentServiceReferenceSet@7e440b8d
      referenceName = "permission"
      contextRef = class java.util.concurrent.atomic.AtomicReference@9e1ba00
      elementMap = class java.util.LinkedHashMap@770747eb
      elementSet = class java.util.concurrent.ConcurrentSkipListSet@42f3735b
      elementSetUnsorted = false
      serialVersionUID = 756240983881166148
      $$$tc$$$ = class com.ibm.websphere.ras.TraceComponent@2e2de99c
    codeBasePermissionMap = class java.util.HashMap@28246b1a
      serialVersionUID = 362498820763181265
      DEFAULT_INITIAL_CAPACITY = 16
      MAXIMUM_CAPACITY = 1073741824
      DEFAULT_LOAD_FACTOR = 0.75
      TREEIFY_THRESHOLD = 8
      UNTREEIFY_THRESHOLD = 6
      MIN_TREEIFY_CAPACITY = 64
      table = null
      entrySet = null
      size = 0
      modCount = 0
      threshold = 0
      loadFactor = 0.75
      keySet = class java.util.HashMap$KeySet@108e8ed7
      values = null
    permissionXMLPermissionMap = class java.util.HashMap@2a9c06
      serialVersionUID = 362498820763181265
      DEFAULT_INITIAL_CAPACITY = 16
      MAXIMUM_CAPACITY = 1073741824
      DEFAULT_LOAD_FACTOR = 0.75
      TREEIFY_THRESHOLD = 8
      UNTREEIFY_THRESHOLD = 6
      MIN_TREEIFY_CAPACITY = 64
      table = null
      entrySet = null
      size = 0
      modCount = 0
      threshold = 0
      loadFactor = 0.75
      keySet = null
      values = null
    serialVersionUID = 3514017629123673923
  permissionsConfig = null
  serialVersionUID = 5168023053972273360
  appInfo = class com.ibm.ws.container.service.app.deploy.internal.ApplicationInfoImpl@4fc55e0f
    appName = "AsistenciaTeacher"
    appMetaData = class com.ibm.ws.container.service.app.deploy.internal.ApplicationMetaDataImpl@7cee2b45
      j2eeName = class com.ibm.ws.container.service.metadata.internal.J2EENameImpl@4da468b3
      serialVersionUID = -7906531148367236579
      $$$tc$$$ = class com.ibm.websphere.ras.TraceComponent@470a7ee8
      tc = class com.ibm.websphere.ras.TraceComponent@63efd463
      NUM_STATIC_SLOTS = 4
      ID_UNINITIALIZED = -1
      id = 3
      metaDataInterface = class java.lang.Class@2ea5c9ae
      staticSlots = class java.lang.Object[4]
      dynamicSlots = class java.lang.Object[4]
    appContainer = class com.ibm.ws.adaptable.module.internal.AdaptableContainerImpl@49d840a6
      root = class com.ibm.ws.adaptable.module.internal.AdaptableContainerImpl@49d840a6
      rootOverlay = class com.ibm.ws.artifact.overlay.internal.DirectoryBasedOverlayContainerImpl@245e25b7
      factoryHolder = class com.ibm.ws.adaptable.module.internal.AdaptableModuleFactoryImpl@4a51307f
      delegate = class com.ibm.ws.artifact.overlay.internal.DirectoryBasedOverlayContainerImpl@245e25b7
      notifier = class com.ibm.ws.adaptable.module.internal.NotifierImpl@186ba954
      serialVersionUID = -5621513278641113667
      $$$tc$$$ = class com.ibm.websphere.ras.TraceComponent@c24e55c
    configHelper = class com.ibm.ws.app.manager.module.ApplicationNestedConfigHelper@7729068b
      appInfo = class com.ibm.ws.app.manager.internal.ApplicationInstallInfo@4acb9b4
      serialVersionUID = -3174031738676705046
      $$$tc$$$ = class com.ibm.websphere.ras.TraceComponent@58650285
    applicationInformation = class com.ibm.ws.app.manager.internal.ApplicationInstallInfo@4acb9b4
    serialVersionUID = -505303337196743781
    $$$tc$$$ = class com.ibm.websphere.ras.TraceComponent@20ccb2ba
      strings[0] = "TraceComponent[com.ibm.ws.container.service.app.deploy.internal.ApplicationInfoImpl,class com.ibm.ws.container.service.app.deploy.internal.ApplicationInfoImpl,[container.service],com.ibm.ws.container.service.resources.Messages,null]"
  modulesDeployed = class java.util.ArrayList@422a5711
    serialVersionUID = 8683452581122892189
    DEFAULT_CAPACITY = 10
    EMPTY_ELEMENTDATA = class java.lang.Object[0]
    DEFAULTCAPACITY_EMPTY_ELEMENTDATA = class java.lang.Object[0]
    elementData = class java.lang.Object[10]
      Object[0] = class com.ibm.ws.app.manager.module.internal.DeployedModuleInfoImpl@35377777
      Object[1] = null
      Object[2] = null
      Object[3] = null
      Object[4] = null
      Object[5] = null
      Object[6] = null
      Object[7] = null
      Object[8] = null
      Object[9] = null
    size = 1
    MAX_ARRAY_SIZE = 2147483639
    modCount = 1
    MAX_ARRAY_SIZE = 2147483639
  starting = true
  started = false
  appInfoFactory = class com.ibm.ws.container.service.app.deploy.internal.ApplicationInfoFactoryImpl@73afba66
    j2eeNameFactory = class com.ibm.wsspi.kernel.service.utils.AtomicServiceReference@1b2c6225
      referenceName = "j2eeNameFactory"
      tuple = class java.util.concurrent.atomic.AtomicReference@6518ecc
      serialVersionUID = 2226592364007985000
      $$$tc$$$ = class com.ibm.websphere.ras.TraceComponent@41d58f8a
    names = class java.util.HashSet@1c0113a3
      serialVersionUID = -5024744406713321676
      map = class java.util.HashMap@ef76d8a
      PRESENT = class java.lang.Object@6259b61c
      MAX_ARRAY_SIZE = 2147483639
    serialVersionUID = 7443990212682384945
    $$$tc$$$ = class com.ibm.websphere.ras.TraceComponent@43b874a
      strings[0] = "TraceComponent[com.ibm.ws.container.service.app.deploy.internal.ApplicationInfoFactoryImpl,class com.ibm.ws.container.service.app.deploy.internal.ApplicationInfoFactoryImpl,[container.service],com.ibm.ws.container.service.resources.Messages,null]"
  metaDataService = class com.ibm.ws.container.service.metadata.internal.MetaDataServiceImpl@6edea33f
    applicationMetaDataManager = class com.ibm.ws.container.service.metadata.internal.ApplicationMetaDataManager@5b58f807
      serialVersionUID = 1843747281024490904
      $$$tc$$$ = class com.ibm.websphere.ras.TraceComponent@733ae8bc
      listeners = class com.ibm.wsspi.kernel.service.utils.ConcurrentServiceReferenceSet@e6294c4
      metaDataIDs = class com.ibm.ws.container.service.metadata.internal.IndexList@4ff72da9
      metaDatas = class java.util.ArrayList@3ef40424
      slotIDs = class com.ibm.ws.container.service.metadata.internal.IndexList@368aa84b
      serialVersionUID = 5464421863354792977
      $$$tc$$$ = class com.ibm.websphere.ras.TraceComponent@304b0aea
    moduleMetaDataManager = class com.ibm.ws.container.service.metadata.internal.ModuleMetaDataManager@1e7bc329
      serialVersionUID = 2513574389899327209
      $$$tc$$$ = class com.ibm.websphere.ras.TraceComponent@70e44551
      listeners = class com.ibm.wsspi.kernel.service.utils.ConcurrentServiceReferenceSet@53818db0
      metaDataIDs = class com.ibm.ws.container.service.metadata.internal.IndexList@4454d05b
      metaDatas = class java.util.ArrayList@6879016c
      slotIDs = class com.ibm.ws.container.service.metadata.internal.IndexList@39dca125
      serialVersionUID = 5464421863354792977
      $$$tc$$$ = class com.ibm.websphere.ras.TraceComponent@304b0aea
    componentMetaDataManager = class com.ibm.ws.container.service.metadata.internal.ComponentMetaDataManager@47120081
      serialVersionUID = 8629793739641703882
      $$$tc$$$ = class com.ibm.websphere.ras.TraceComponent@fe42949
      listeners = class com.ibm.wsspi.kernel.service.utils.ConcurrentServiceReferenceSet@2a4db4ca
      metaDataIDs = class com.ibm.ws.container.service.metadata.internal.IndexList@400c2afc
      metaDatas = class java.util.ArrayList@43d85ce6
      slotIDs = class com.ibm.ws.container.service.metadata.internal.IndexList@4b173104
      serialVersionUID = 5464421863354792977
      $$$tc$$$ = class com.ibm.websphere.ras.TraceComponent@304b0aea
    methodMetaDataManager = class com.ibm.ws.container.service.metadata.internal.MethodMetaDataManager@d32497c
      serialVersionUID = -8002489041502300640
      $$$tc$$$ = class com.ibm.websphere.ras.TraceComponent@3a02fbd4
      listeners = class com.ibm.wsspi.kernel.service.utils.ConcurrentServiceReferenceSet@321aa010
      metaDataIDs = class com.ibm.ws.container.service.metadata.internal.IndexList@60eef59e
      metaDatas = class java.util.ArrayList@3b82f065
      slotIDs = class com.ibm.ws.container.service.metadata.internal.IndexList@34fca11f
      serialVersionUID = 5464421863354792977
      $$$tc$$$ = class com.ibm.websphere.ras.TraceComponent@304b0aea
    appModuleNameToModuleContainer = class java.util.concurrent.ConcurrentHashMap@11b6001d
      serialVersionUID = 7249069246763182397
      MAXIMUM_CAPACITY = 1073741824
      DEFAULT_CAPACITY = 16
      MAX_ARRAY_SIZE = 2147483639
      DEFAULT_CONCURRENCY_LEVEL = 16
      LOAD_FACTOR = 0.75
      TREEIFY_THRESHOLD = 8
      UNTREEIFY_THRESHOLD = 6
      MIN_TREEIFY_CAPACITY = 64
      MIN_TRANSFER_STRIDE = 16
      RESIZE_STAMP_BITS = 16
      MAX_RESIZERS = 65535
      RESIZE_STAMP_SHIFT = 16
      MOVED = -1
      TREEBIN = -2
      RESERVED = -3
      HASH_BITS = 2147483647
      NCPU = 4
      serialPersistentFields = class java.io.ObjectStreamField[3]
      table = class java.util.concurrent.ConcurrentHashMap$Node[16]
      nextTable = null
      baseCount = 9
      sizeCtl = 12
      transferIndex = 0
      cellsBusy = 0
      counterCells = null
      keySet = null
      values = null
      entrySet = null
      U = class jdk.internal.misc.Unsafe@22e5f390
      SIZECTL = 20
      TRANSFERINDEX = 32
      BASECOUNT = 24
      CELLSBUSY = 36
      CELLVALUE = 144
      ABASE = 16
      ASHIFT = 2
      keySet = null
      values = null
    jeeNameToComponentMetaData = class java.util.concurrent.ConcurrentHashMap@5194fb89
      serialVersionUID = 7249069246763182397
      MAXIMUM_CAPACITY = 1073741824
      DEFAULT_CAPACITY = 16
      MAX_ARRAY_SIZE = 2147483639
      DEFAULT_CONCURRENCY_LEVEL = 16
      LOAD_FACTOR = 0.75
      TREEIFY_THRESHOLD = 8
      UNTREEIFY_THRESHOLD = 6
      MIN_TREEIFY_CAPACITY = 64
      MIN_TRANSFER_STRIDE = 16
      RESIZE_STAMP_BITS = 16
      MAX_RESIZERS = 65535
      RESIZE_STAMP_SHIFT = 16
      MOVED = -1
      TREEBIN = -2
      RESERVED = -3
      HASH_BITS = 2147483647
      NCPU = 4
      serialPersistentFields = class java.io.ObjectStreamField[3]
      table = class java.util.concurrent.ConcurrentHashMap$Node[32]
      nextTable = null
      baseCount = 17
      sizeCtl = 24
      transferIndex = 0
      cellsBusy = 0
      counterCells = null
      keySet = null
      values = null
      entrySet = null
      U = class jdk.internal.misc.Unsafe@22e5f390
      SIZECTL = 20
      TRANSFERINDEX = 32
      BASECOUNT = 24
      CELLSBUSY = 36
      CELLVALUE = 144
      ABASE = 16
      ASHIFT = 2
      keySet = null
      values = null
    deferredMetaDataFactories = class com.ibm.wsspi.kernel.service.utils.ConcurrentServiceReferenceSet@6d5ff32
      referenceName = "deferredMetaDataFactory"
      contextRef = class java.util.concurrent.atomic.AtomicReference@2235ebed
      elementMap = class java.util.LinkedHashMap@762ccf5c
      elementSet = class java.util.concurrent.ConcurrentSkipListSet@74b62848
      elementSetUnsorted = false
      serialVersionUID = 756240983881166148
      $$$tc$$$ = class com.ibm.websphere.ras.TraceComponent@2e2de99c
    deferredMetaDataInitializers = class com.ibm.wsspi.kernel.service.utils.ConcurrentServiceReferenceMap@19b33f3d
      referenceName = "deferredMetaDataFactory"
      context = class org.apache.felix.scr.impl.manager.ComponentContextImpl@521a39b2
      elementMap = class java.util.concurrent.ConcurrentHashMap@1f92fabb
      serialVersionUID = 6980924785166233786
      $$$tc$$$ = class com.ibm.websphere.ras.TraceComponent@6f78db4d
    serialVersionUID = -2494605732980966097
    $$$tc$$$ = class com.ibm.websphere.ras.TraceComponent@53421e09
      strings[0] = "TraceComponent[com.ibm.ws.container.service.metadata.internal.MetaDataServiceImpl,class com.ibm.ws.container.service.metadata.internal.MetaDataServiceImpl,[Runtime],,null]"
  stateChangeService = class com.ibm.ws.container.service.state.internal.StateChangeServiceImpl@1c24fdf9
    applicationStateManager = class com.ibm.ws.container.service.state.internal.ApplicationStateManager@76eb7edb
      serialVersionUID = -6685368059484454124
      $$$tc$$$ = class com.ibm.websphere.ras.TraceComponent@5df98186
      listeners = class com.ibm.wsspi.kernel.service.utils.ConcurrentServiceReferenceSet@5b9d53e5
      serialVersionUID = 2284273176985484160
      $$$tc$$$ = class com.ibm.websphere.ras.TraceComponent@50177b91
    moduleStateManager = class com.ibm.ws.container.service.state.internal.ModuleStateManager@535dd1e3
      serialVersionUID = -5540260902341249963
      $$$tc$$$ = class com.ibm.websphere.ras.TraceComponent@691e44ed
      listeners = class com.ibm.wsspi.kernel.service.utils.ConcurrentServiceReferenceSet@2f826e5a
      serialVersionUID = 2284273176985484160
      $$$tc$$$ = class com.ibm.websphere.ras.TraceComponent@50177b91
    serialVersionUID = -537917915330350560
    $$$tc$$$ = class com.ibm.websphere.ras.TraceComponent@7aa1a720
      strings[0] = "TraceComponent[com.ibm.ws.container.service.state.internal.StateChangeServiceImpl,class com.ibm.ws.container.service.state.internal.StateChangeServiceImpl,[Runtime],,null]"
  moduleClassesInfo = class com.ibm.ws.app.manager.module.internal.SimpleDeployedAppInfoBase$ModuleClassesInfoProvider@11524119
    entryContainerInfosMap = class java.util.HashMap@69b78649
      serialVersionUID = 362498820763181265
      DEFAULT_INITIAL_CAPACITY = 16
      MAXIMUM_CAPACITY = 1073741824
      DEFAULT_LOAD_FACTOR = 0.75
      TREEIFY_THRESHOLD = 8
      UNTREEIFY_THRESHOLD = 6
      MIN_TREEIFY_CAPACITY = 64
      table = null
      entrySet = null
      size = 0
      modCount = 0
      threshold = 0
      loadFactor = 0.75
      keySet = null
      values = null
    serialVersionUID = -70332790531324534
    $$$tc$$$ = class com.ibm.websphere.ras.TraceComponent@6075a827
      strings[0] = "TraceComponent[com.ibm.ws.app.manager.module.internal.SimpleDeployedAppInfoBase$ModuleClassesInfoProvider,class com.ibm.ws.app.manager.module.internal.SimpleDeployedAppInfoBase$ModuleClassesInfoProvider,[applications, app.manager],,null]"
  moduleContainerInfos = class java.util.ArrayList@5031d32d
    serialVersionUID = 8683452581122892189
    DEFAULT_CAPACITY = 10
    EMPTY_ELEMENTDATA = class java.lang.Object[0]
    DEFAULTCAPACITY_EMPTY_ELEMENTDATA = class java.lang.Object[0]
    elementData = class java.lang.Object[10]
      Object[0] = class com.ibm.ws.app.manager.module.internal.SimpleDeployedAppInfoBase$WebModuleContainerInfo@491b3760
      Object[1] = null
      Object[2] = null
      Object[3] = null
      Object[4] = null
      Object[5] = null
      Object[6] = null
      Object[7] = null
      Object[8] = null
      Object[9] = null
    size = 1
    MAX_ARRAY_SIZE = 2147483639
    modCount = 1
    MAX_ARRAY_SIZE = 2147483639
  activeModuleHandlers = class java.util.IdentityHashMap@68718d12
    DEFAULT_CAPACITY = 32
    MINIMUM_CAPACITY = 4
    MAXIMUM_CAPACITY = 536870912
    table = class java.lang.Object[16]
      Object[0] = null
      Object[1] = null
      Object[2] = null
      Object[3] = null
      Object[4] = null
      Object[5] = null
      Object[6] = null
      Object[7] = null
      Object[8] = null
      Object[9] = null
      Object[10] = null
      Object[11] = null
      Object[12] = null
      Object[13] = null
      Object[14] = null
      Object[15] = null
    size = 0
    modCount = 2
    NULL_KEY = class java.lang.Object@671fc45e
    entrySet = null
    serialVersionUID = 8188218128353913216
    keySet = null
    values = null
  serialVersionUID = 7078125893012250887
  $$$tc$$$ = class com.ibm.websphere.ras.TraceComponent@72a43593
    strings[0] = "TraceComponent[com.ibm.ws.app.manager.module.internal.SimpleDeployedAppInfoBase,class com.ibm.ws.app.manager.module.internal.SimpleDeployedAppInfoBase,[applications, app.manager],,null]"

Dump of objectArray[0]
Object type = com.ibm.ws.threading.internal.NonCancelableResultFuture
  _done = false
  _result = null
  _failure = null
  _listeners = class java.util.concurrent.ConcurrentLinkedQueue@2e9bad12
    serialVersionUID = 196745693267521676
    head = class java.util.concurrent.ConcurrentLinkedQueue$Node@78477877
      item = null
      next = null
    tail = class java.util.concurrent.ConcurrentLinkedQueue$Node@78477877
    MAX_HOPS = 8
    HEAD = class java.lang.invoke.VarHandleReferences$FieldInstanceReadWrite@46387e4a
      FORM = class java.lang.invoke.VarForm@275f23dc
      fieldOffset = 12
      receiverType = class java.lang.Class@22a71081
      fieldType = class java.lang.Class@3930015a
      FORM = class java.lang.invoke.VarForm@39e2131e
      vform = class java.lang.invoke.VarForm@275f23dc
      typesAndInvokers = null
      AIOOBE_SUPPLIER = class jdk.internal.util.Preconditions$1@553da81f
      VFORM_OFFSET = 12
      $assertionsDisabled = true
    TAIL = class java.lang.invoke.VarHandleReferences$FieldInstanceReadWrite@5df4b28f
      FORM = class java.lang.invoke.VarForm@275f23dc
      fieldOffset = 16
      receiverType = class java.lang.Class@22a71081
      fieldType = class java.lang.Class@3930015a
      FORM = class java.lang.invoke.VarForm@39e2131e
      vform = class java.lang.invoke.VarForm@275f23dc
      typesAndInvokers = null
      AIOOBE_SUPPLIER = class jdk.internal.util.Preconditions$1@553da81f
      VFORM_OFFSET = 12
      $assertionsDisabled = true
    ITEM = class java.lang.invoke.VarHandleReferences$FieldInstanceReadWrite@381e2e09
      FORM = class java.lang.invoke.VarForm@275f23dc
      fieldOffset = 12
      receiverType = class java.lang.Class@3930015a
      fieldType = class java.lang.Class@4e25154f
      FORM = class java.lang.invoke.VarForm@39e2131e
      vform = class java.lang.invoke.VarForm@275f23dc
      typesAndInvokers = null
      AIOOBE_SUPPLIER = class jdk.internal.util.Preconditions$1@553da81f
      VFORM_OFFSET = 12
      $assertionsDisabled = true
    NEXT = class java.lang.invoke.VarHandleReferences$FieldInstanceReadWrite@2c5696b0
      FORM = class java.lang.invoke.VarForm@275f23dc
      fieldOffset = 16
      receiverType = class java.lang.Class@3930015a
      fieldType = class java.lang.Class@3930015a
      FORM = class java.lang.invoke.VarForm@39e2131e
      vform = class java.lang.invoke.VarForm@275f23dc
      typesAndInvokers = null
      AIOOBE_SUPPLIER = class jdk.internal.util.Preconditions$1@553da81f
      VFORM_OFFSET = 12
      $assertionsDisabled = true
    MAX_ARRAY_SIZE = 2147483639
  _notifiedListeners = class java.util.concurrent.atomic.AtomicBoolean@774303ea
    serialVersionUID = 4654671469794556979
    VALUE = class java.lang.invoke.VarHandleInts$FieldInstanceReadWrite@5a7ecbef
      FORM = class java.lang.invoke.VarForm@496cf2dc
      fieldOffset = 12
      receiverType = class java.lang.Class@543c6f6d
      FORM = class java.lang.invoke.VarForm@216d9da7
      vform = class java.lang.invoke.VarForm@496cf2dc
      typesAndInvokers = null
      AIOOBE_SUPPLIER = class jdk.internal.util.Preconditions$1@553da81f
      VFORM_OFFSET = 12
      $assertionsDisabled = true
    value = 0
  serialVersionUID = -296387658814354272
  $$$tc$$$ = class com.ibm.websphere.ras.TraceComponent@1d966ec2
    strings[0] = "TraceComponent[com.ibm.ws.threading.internal.NonCancelableResultFuture,class com.ibm.ws.threading.internal.NonCancelableResultFuture,[Threading],com.ibm.ws.threading.internal.resources.ThreadingMessages,null]"

