------Start of DE processing------ = [27/06/19 19:30:57:427 COT]
Exception = com.ibm.ws.container.service.state.StateChangeException
Source = com.ibm.ws.container.service.state.internal.ModuleStateManager
probeid = 29
Stack Dump = com.ibm.ws.container.service.state.StateChangeException: com.ibm.ws.exception.RuntimeWarning: CNTR0201E: The JsonConfig startup singleton session bean in the primeTest.war module failed initialization.
	at com.ibm.ws.ejbcontainer.osgi.internal.EJBContainerImpl.startEJBInWARModule(EJBContainerImpl.java:196)
	at com.ibm.ws.ejbcontainer.war.internal.EJBWARRuntimeImpl.moduleStarting(EJBWARRuntimeImpl.java:60)
	at com.ibm.ws.container.service.state.internal.ModuleStateManager.fireStarting(ModuleStateManager.java:28)
	at com.ibm.ws.container.service.state.internal.StateChangeServiceImpl.fireModuleStarting(StateChangeServiceImpl.java:80)
	at com.ibm.ws.app.manager.module.internal.ModuleHandlerBase.deployModule(ModuleHandlerBase.java:90)
	at com.ibm.ws.app.manager.module.internal.DeployedModuleInfoImpl.installModule(DeployedModuleInfoImpl.java:49)
	at com.ibm.ws.app.manager.module.internal.DeployedAppInfoBase.deployModules(DeployedAppInfoBase.java:430)
	at com.ibm.ws.app.manager.module.internal.DeployedAppInfoBase.deployApp(DeployedAppInfoBase.java:416)
	at com.ibm.ws.app.manager.war.internal.WARApplicationHandlerImpl.install(WARApplicationHandlerImpl.java:65)
	at com.ibm.ws.app.manager.internal.statemachine.StartAction.execute(StartAction.java:140)
	at com.ibm.ws.app.manager.internal.statemachine.ApplicationStateMachineImpl.enterState(ApplicationStateMachineImpl.java:1261)
	at com.ibm.ws.app.manager.internal.statemachine.ApplicationStateMachineImpl.performAction(ApplicationStateMachineImpl.java:1141)
	at com.ibm.ws.app.manager.internal.statemachine.ApplicationStateMachineImpl.run(ApplicationStateMachineImpl.java:884)
	at com.ibm.ws.threading.internal.ExecutorServiceImpl$RunnableWrapper.run(ExecutorServiceImpl.java:239)
	at java.util.concurrent.ThreadPoolExecutor.runWorker(Unknown Source)
	at java.util.concurrent.ThreadPoolExecutor$Worker.run(Unknown Source)
	at java.lang.Thread.run(Unknown Source)
Caused by: com.ibm.ws.exception.RuntimeWarning: CNTR0201E: The JsonConfig startup singleton session bean in the primeTest.war module failed initialization.
	at com.ibm.ejs.csi.EJBApplicationMetaData.createStartupBeans(EJBApplicationMetaData.java:969)
	at com.ibm.ejs.csi.EJBApplicationMetaData.startedModule(EJBApplicationMetaData.java:679)
	at com.ibm.ws.ejbcontainer.osgi.internal.EJBRuntimeImpl.start(EJBRuntimeImpl.java:1009)
	at com.ibm.ws.ejbcontainer.osgi.internal.EJBContainerImpl.startEJBInWARModule(EJBContainerImpl.java:194)
	... 16 more
Caused by: javax.ejb.NoSuchEJBException: An error occurred during initialization of singleton session bean primeTest#primeTest.war#JsonConfig, resulting in the discarding of the singleton instance.; nested exception is: java.lang.IllegalStateException: Managed Class {util.web.JsonConfig} does not match Bean Class {util.web.JsonConfig}
	at com.ibm.ejs.container.util.ExceptionUtil.NoSuchEJBException(ExceptionUtil.java:431)
	at com.ibm.ejs.container.EJSHome.createSingletonBeanO(EJSHome.java:3754)
	at com.ibm.ejs.csi.EJBApplicationMetaData.createStartupBeans(EJBApplicationMetaData.java:958)
	... 19 more
Caused by: java.lang.IllegalStateException: Managed Class {util.web.JsonConfig} does not match Bean Class {util.web.JsonConfig}
	at com.ibm.ws.cdi.impl.managedobject.CDIEJBManagedObjectFactoryImpl.getBean(CDIEJBManagedObjectFactoryImpl.java:122)
	at com.ibm.ws.cdi.impl.managedobject.CDIEJBManagedObjectFactoryImpl.createContext(CDIEJBManagedObjectFactoryImpl.java:81)
	at com.ibm.ejs.container.ManagedBeanOBase.createInterceptorsAndInstance(ManagedBeanOBase.java:198)
	at com.ibm.ejs.container.SingletonBeanO.initialize(SingletonBeanO.java:276)
	at com.ibm.ejs.container.BeanOFactory.create(BeanOFactory.java:103)
	at com.ibm.ejs.container.EJSHome.createSingletonBeanO(EJSHome.java:3740)
	... 20 more

Dump of callerThis
Object type = com.ibm.ws.container.service.state.internal.ModuleStateManager
  serialVersionUID = -5540260902341249963
  $$$tc$$$ = class com.ibm.websphere.ras.TraceComponent@331ba84e
    strings[0] = "TraceComponent[com.ibm.ws.container.service.state.internal.ModuleStateManager,class com.ibm.ws.container.service.state.internal.ModuleStateManager,[Runtime],,null]"
  listeners = class com.ibm.wsspi.kernel.service.utils.ConcurrentServiceReferenceSet@307c5890
    referenceName = "moduleStateListeners"
    contextRef = class java.util.concurrent.atomic.AtomicReference@47ff19ad
      serialVersionUID = -1848883965231344442
      unsafe = class sun.misc.Unsafe@4e247326
      valueOffset = 12
      value = class org.apache.felix.scr.impl.manager.ComponentContextImpl@54f045de
    elementMap = class java.util.LinkedHashMap@5c1b48ee
      serialVersionUID = 3801124242820219131
      head = class java.util.LinkedHashMap$Entry@52d6c0f6
      tail = class java.util.LinkedHashMap$Entry@769510c1
      accessOrder = false
      serialVersionUID = 362498820763181265
      DEFAULT_INITIAL_CAPACITY = 16
      MAXIMUM_CAPACITY = 1073741824
      DEFAULT_LOAD_FACTOR = 0.75
      TREEIFY_THRESHOLD = 8
      UNTREEIFY_THRESHOLD = 6
      MIN_TREEIFY_CAPACITY = 64
      table = class java.util.HashMap$Node[16]
      entrySet = null
      size = 3
      modCount = 3
      threshold = 12
      loadFactor = 0.75
      keySet = null
      values = null
    elementSet = class java.util.concurrent.ConcurrentSkipListSet@3225820e
      serialVersionUID = -2479143111061671589
      m = class java.util.concurrent.ConcurrentSkipListMap@228e06fc
      UNSAFE = class sun.misc.Unsafe@4e247326
      mapOffset = 12
      MAX_ARRAY_SIZE = 2147483639
    elementSetUnsorted = false
    serialVersionUID = 756240983881166148
    $$$tc$$$ = class com.ibm.websphere.ras.TraceComponent@387b8a39
      strings[0] = "TraceComponent[com.ibm.wsspi.kernel.service.utils.ConcurrentServiceReferenceSet,class com.ibm.wsspi.kernel.service.utils.ConcurrentServiceReferenceSet,[kernelUtils],com.ibm.ws.kernel.service.utils.resources.ServiceMessages,null]"
  serialVersionUID = 2284273176985484160
  $$$tc$$$ = class com.ibm.websphere.ras.TraceComponent@43fd251a
    strings[0] = "TraceComponent[com.ibm.ws.container.service.state.internal.StateChangeManager,class com.ibm.ws.container.service.state.internal.StateChangeManager,[Runtime],,null]"

Dump of objectArray[0]
Object type = com.ibm.ws.app.manager.module.internal.WebModuleInfoImpl
  contextRoot = "/primeTest"
  isDefaultContextRootUsed = true
  serialVersionUID = -1540279394520440503
  $$$tc$$$ = class com.ibm.websphere.ras.TraceComponent@2f4edc73
    strings[0] = "TraceComponent[com.ibm.ws.app.manager.module.internal.WebModuleInfoImpl,class com.ibm.ws.app.manager.module.internal.WebModuleInfoImpl,[applications, app.manager],,null]"
  tc = class com.ibm.websphere.ras.TraceComponent@6a139bce
    strings[0] = "TraceComponent[com.ibm.ws.app.manager.module.internal.ExtendedModuleInfoImpl,class com.ibm.ws.app.manager.module.internal.ExtendedModuleInfoImpl,[app.manager],com.ibm.ws.app.manager.module.internal.resources.Messages,null]"
  appInfo = class com.ibm.ws.container.service.app.deploy.internal.ApplicationInfoImpl@3fd9e701
    appName = "primeTest"
    appMetaData = class com.ibm.ws.container.service.app.deploy.internal.ApplicationMetaDataImpl@591a0e6c
    appContainer = class com.ibm.ws.adaptable.module.internal.AdaptableContainerImpl@6b71530b
    configHelper = class com.ibm.ws.app.manager.module.ApplicationNestedConfigHelper@f3418a4
      appInfo = class com.ibm.ws.app.manager.internal.ApplicationInstallInfo@77e302dc
      serialVersionUID = -3174031738676705046
      $$$tc$$$ = class com.ibm.websphere.ras.TraceComponent@5e85c074
    applicationInformation = class com.ibm.ws.app.manager.internal.ApplicationInstallInfo@77e302dc
    serialVersionUID = -505303337196743781
    $$$tc$$$ = class com.ibm.websphere.ras.TraceComponent@5e8baafa
      strings[0] = "TraceComponent[com.ibm.ws.container.service.app.deploy.internal.ApplicationInfoImpl,class com.ibm.ws.container.service.app.deploy.internal.ApplicationInfoImpl,[container.service],com.ibm.ws.container.service.resources.Messages,null]"
  moduleName = "primeTest"
  path = "primeTest.war"
  moduleContainer = class com.ibm.ws.adaptable.module.internal.AdaptableContainerImpl@6b71530b
    root = class com.ibm.ws.adaptable.module.internal.AdaptableContainerImpl@6b71530b
    rootOverlay = class com.ibm.ws.artifact.overlay.internal.DirectoryBasedOverlayContainerImpl@185ceae7
      base = class com.ibm.ws.artifact.loose.internal.LooseArchive@5c8c10bb
      maskSet = class java.util.HashSet@59db390a
      cfHolder = class com.ibm.ws.artifact.overlay.internal.OverlayContainerFactoryImpl@20325278
      fileOverlayContainer = class com.ibm.ws.artifact.file.internal.FileContainer@63b60fb3
      overlayDirectory = class java.io.File@5f48394a
      cacheDirForOverlay = class java.io.File@637df3d0
      overlayNotifier = class com.ibm.ws.artifact.overlay.internal.DirectoryBasedOverlayNotifier@265470d0
      enclosingContainer = null
      entryInEnclosingContainer = null
      nestedOverlays = class java.util.concurrent.ConcurrentHashMap@636e85dc
      cacheStore = class com.ibm.ws.artifact.overlay.internal.OverlayCache@3076d595
      parentOverlay = null
      isPassThroughMode = true
      serialVersionUID = -1690795617118238166
      $$$tc$$$ = class com.ibm.websphere.ras.TraceComponent@16140904
    factoryHolder = class com.ibm.ws.adaptable.module.internal.AdaptableModuleFactoryImpl@1036ebbb
      adapterFactoryService = class com.ibm.ws.adaptable.module.internal.AdapterFactoryServiceImpl@7717a6d1
      containerFactory = class com.ibm.ws.artifact.internal.ArtifactContainerFactoryService@7365046f
      overlayContainerFactory = class com.ibm.ws.artifact.overlay.internal.OverlayContainerFactoryImpl@20325278
      serialVersionUID = 4200251809856292987
      $$$tc$$$ = class com.ibm.websphere.ras.TraceComponent@da922d7
    delegate = class com.ibm.ws.artifact.overlay.internal.DirectoryBasedOverlayContainerImpl@185ceae7
    notifier = class com.ibm.ws.adaptable.module.internal.NotifierImpl@3040216d
      root = class com.ibm.ws.adaptable.module.internal.AdaptableContainerImpl@6b71530b
      delegateNotifier = class com.ibm.ws.artifact.overlay.internal.DirectoryBasedOverlayNotifier@265470d0
      delegateRoot = class com.ibm.ws.artifact.overlay.internal.DirectoryBasedOverlayContainerImpl@185ceae7
      listenerDelegates = class java.util.HashMap@1b043a78
      serialVersionUID = 6839382523957017880
      $$$tc$$$ = class com.ibm.websphere.ras.TraceComponent@24c42801
    serialVersionUID = -5621513278641113667
    $$$tc$$$ = class com.ibm.websphere.ras.TraceComponent@5d9fe469
      strings[0] = "TraceComponent[com.ibm.ws.adaptable.module.internal.AdaptableContainerImpl,class com.ibm.ws.adaptable.module.internal.AdaptableContainerImpl,[archive.adaptable],,null]"
  altDDEntry = null
  moduleClassesContainers = class java.util.ArrayList@61cd0806
    serialVersionUID = 8683452581122892189
    DEFAULT_CAPACITY = 10
    EMPTY_ELEMENTDATA = class java.lang.Object[0]
    DEFAULTCAPACITY_EMPTY_ELEMENTDATA = class java.lang.Object[0]
    elementData = class java.lang.Object[10]
      Object[0] = class com.ibm.ws.app.manager.module.internal.SimpleDeployedAppInfoBase$WebModuleContainerInfo@2c960561
      Object[1] = class com.ibm.ws.app.manager.module.internal.SimpleDeployedAppInfoBase$WebModuleContainerInfo$1@45ea32ef
      Object[2] = class com.ibm.ws.app.manager.module.internal.SimpleDeployedAppInfoBase$WebModuleContainerInfo$2@6a77cef1
      Object[3] = class com.ibm.ws.app.manager.module.internal.SimpleDeployedAppInfoBase$WebModuleContainerInfo$2@67a932f9
      Object[4] = class com.ibm.ws.app.manager.module.internal.SimpleDeployedAppInfoBase$WebModuleContainerInfo$2@5e03cd2f
      Object[5] = class com.ibm.ws.app.manager.module.internal.SimpleDeployedAppInfoBase$WebModuleContainerInfo$2@2e12c801
      Object[6] = class com.ibm.ws.app.manager.module.internal.SimpleDeployedAppInfoBase$WebModuleContainerInfo$2@7a469b74
      Object[7] = class com.ibm.ws.app.manager.module.internal.SimpleDeployedAppInfoBase$WebModuleContainerInfo$2@54d6403f
      Object[8] = class com.ibm.ws.app.manager.module.internal.SimpleDeployedAppInfoBase$WebModuleContainerInfo$2@14fc953f
      Object[9] = null
    size = 9
    MAX_ARRAY_SIZE = 2147483639
    modCount = 10
    MAX_ARRAY_SIZE = 2147483639
  classLoaderFactory = class com.ibm.ws.app.manager.war.internal.WARDeployedAppInfo@2c6b22ae
    CONTEXT_ROOT = "context-root"
    webModuleHandler = class com.ibm.ws.app.manager.web.internal.WebModuleHandlerImpl@dade6e5
      serialVersionUID = 4795602325763828210
      $$$tc$$$ = class com.ibm.websphere.ras.TraceComponent@3abfa2c
      futureMonitor = class com.ibm.ws.threading.internal.FutureMonitorImpl@6bf3d3c1
      metaDataService = class com.ibm.ws.container.service.metadata.internal.MetaDataServiceImpl@2577dd49
      stateChangeService = class com.ibm.ws.container.service.state.internal.StateChangeServiceImpl@3cb349c2
      moduleRuntimeContainer = class com.ibm.ws.webcontainer.osgi.WebContainer@173bd378
      firstFailure = null
      serialVersionUID = -4563697739413190872
      $$$tc$$$ = class com.ibm.websphere.ras.TraceComponent@38986f9
    webContainerModuleInfo = class com.ibm.ws.app.manager.module.internal.SimpleDeployedAppInfoBase$WebModuleContainerInfo@2c960561
      contextRoot = null
      defaultContextRoot = "primeTest"
      serialVersionUID = -8158961796913348204
      $$$tc$$$ = class com.ibm.websphere.ras.TraceComponent@4a96a8b5
      moduleHandler = class com.ibm.ws.app.manager.web.internal.WebModuleHandlerImpl@dade6e5
      moduleMetaDataExtenders = class java.util.concurrent.CopyOnWriteArrayList@3b7af1eb
      nestedModuleMetaDataFactories = class java.util.concurrent.CopyOnWriteArrayList@4e9a4ac
      nestedModules = null
      moduleName = "primeTest"
      moduleDD = class com.ibm.ws.javaee.ddmodel.web.common.WebAppType@1f8cc48c
      moduleInfo = class com.ibm.ws.app.manager.module.internal.WebModuleInfoImpl@4b5505f4
      serialVersionUID = 8693907776607441911
      $$$tc$$$ = class com.ibm.websphere.ras.TraceComponent@6ec291e8
      type = class com.ibm.ws.container.service.app.deploy.ContainerInfo$Type@504ca599
      name = "primeTest.war"
      container = class com.ibm.ws.adaptable.module.internal.AdaptableContainerImpl@6b71530b
      altDDEntry = null
      classesContainerInfo = class java.util.ArrayList@61cd0806
      serialVersionUID = 7427332431485745589
      $$$tc$$$ = class com.ibm.websphere.ras.TraceComponent@73e3d48
    DYNAMIC_IMPORT_PACKAGE_LIST = class java.util.Collections$UnmodifiableRandomAccessList@2a560435
      serialVersionUID = -2542308836966382001
      serialVersionUID = -283967356065247728
      list = class java.util.Arrays$ArrayList@7482514a
      serialVersionUID = 1820017752578914078
      c = class java.util.Arrays$ArrayList@7482514a
    serialVersionUID = -6153587016903242961
    $$$tc$$$ = class com.ibm.websphere.ras.TraceComponent@319df607
      strings[0] = "TraceComponent[com.ibm.ws.app.manager.war.internal.WARDeployedAppInfo,class com.ibm.ws.app.manager.war.internal.WARDeployedAppInfo,[webcontainer, applications, app.manager],com.ibm.ws.app.manager.war.internal.resources.Messages,null]"
    _tc = class com.ibm.websphere.ras.TraceComponent@46546317
      strings[0] = "TraceComponent[com.ibm.ws.app.manager.module.internal.DeployedAppInfoBase,class com.ibm.ws.app.manager.module.internal.DeployedAppInfoBase,[app.manager],com.ibm.ws.app.manager.module.internal.resources.Messages,null]"
    PERMISSION_XML = "permissions.xml"
    applicationInformation = class com.ibm.ws.app.manager.internal.ApplicationInstallInfo@77e302dc
      _config = class com.ibm.ws.app.manager.internal.ApplicationConfig@5de0e36c
      _handlerInfo = class java.util.concurrent.atomic.AtomicReference@2eea28b8
      _container = class java.util.concurrent.atomic.AtomicReference@2285adc6
      _resolvedLocation = class java.util.concurrent.atomic.AtomicReference@35d28c2f
      _handler = class com.ibm.ws.app.manager.war.internal.WARApplicationHandlerImpl@71a89154
      _ami = class java.util.concurrent.atomic.AtomicReference@330e2d7d
      _updateHandler = class com.ibm.ws.app.manager.internal.statemachine.ApplicationStateMachineImpl@591b5ed2
      serialVersionUID = 2630639237123415755
      $$$tc$$$ = class com.ibm.websphere.ras.TraceComponent@19b9986d
    location = "D:\devel\tools\wlp\usr\servers\defaultServer\apps\primeTest.war.xml"
    classLoadingService = class com.ibm.ws.classloading.internal.ClassLoadingServiceImpl@7923ddd7
      tc = class com.ibm.websphere.ras.TraceComponent@794206d0
      leakDetectionMap = class java.util.HashMap@f4d833c
      TCCL_LOCK_WAIT = 15000
      REFERENCE_GENERATORS = "generators"
      bundleContext = class org.eclipse.osgi.internal.framework.BundleContextImpl@51729c27
      aclStore = class com.ibm.ws.classloading.internal.util.CanonicalStore@5c8e666a
      tcclStore = class com.ibm.ws.classloading.internal.util.CanonicalStore@410574c5
      tcclStoreLock = class java.util.concurrent.locks.ReentrantLock@25fe0ec8
      digraph = class org.eclipse.equinox.internal.region.StandardRegionDigraph@46493d28
      redefiner = class com.ibm.ws.classloading.internal.util.ClassRedefiner@4b67d8c8
      listener = class com.ibm.ws.classloading.internal.ClassLoadingServiceImpl$1@695baebd
      classloaders = class java.util.Collections$SynchronizedMap@3925c0f
      resourceProviders = class com.ibm.ws.classloading.internal.CompositeResourceProvider@a922d41
      rememberedBundles = class java.util.concurrent.ConcurrentHashMap@56cf9afb
      collectedBundles = class java.lang.ref.ReferenceQueue@59e05d77
      generatorRefs = class com.ibm.wsspi.kernel.service.utils.ConcurrentServiceReferenceSet@3367a6e2
      generatorManager = class com.ibm.ws.classloading.internal.ClassGeneratorManager@1d2008d1
      appExtLibs = class java.util.concurrent.CopyOnWriteArrayList@6d7a3eb0
      globalConfig = class com.ibm.ws.classloading.configuration.GlobalClassloadingConfiguration@7c997534
      metaInfServicesProviders = class java.util.concurrent.ConcurrentHashMap@562b201e
      metaInfServicesRefs = class com.ibm.wsspi.kernel.service.utils.ConcurrentServiceReferenceMap@d7bd449
      protectionDomainMap = class java.util.HashMap@31c8f4e8
      metadataIdentifierService = class com.ibm.ws.container.service.metadata.internal.MetaDataServiceImpl@2577dd49
      globalSharedLibrary = class java.util.concurrent.atomic.AtomicReference@64f0730
      serialVersionUID = -2277344858934055980
    globalSharedLibrary = class com.ibm.ws.library.internal.SharedLibraryImpl@36562630
      tc = class com.ibm.websphere.ras.TraceComponent@582c6e53
      EMPTY_LIBRARY_LISTENERS = interface com.ibm.wsspi.library.LibraryChangeListener[0]
      deleted = false
      libraryListenersTracker = class org.osgi.util.tracker.ServiceTracker@1a99518a
      libraryReg = class org.eclipse.osgi.internal.serviceregistry.ServiceRegistrationImpl@663fc4e8
      ctx = class org.eclipse.osgi.internal.framework.BundleContextImpl@51729c27
      classLoadingService = class com.ibm.ws.classloading.internal.ClassLoadingServiceImpl@7923ddd7
      configAdmin = class com.ibm.ws.config.admin.internal.ConfigurationAdminImpl@62ef32b8
      resolvedBasePath = "D:/devel/tools/wlp/usr/servers/defaultServer/"
      generationLock = class com.ibm.ws.library.internal.SharedLibraryImpl$1@3e827d57
      currentGeneration = class com.ibm.ws.library.internal.LibraryGeneration@2e40b277
      nextGeneration = class com.ibm.ws.library.internal.LibraryGeneration@2e40b277
      artifactContainerFactory = class com.ibm.ws.library.internal.SharedLibraryFactory$1@7e85b334
      packageExporter = class com.ibm.ws.library.internal.LibraryPackageExporter@65e434ae
      serialVersionUID = 6288237618632180389
    sharedLibDeploymentInfo = class com.ibm.ws.app.manager.module.internal.DeployedAppInfoBase$SharedLibDeploymentInfo@ec3ff2f
      bundleContext = class org.eclipse.osgi.internal.framework.BundleContextImpl@108c6767
      locAdmin = class com.ibm.ws.kernel.service.location.internal.WsLocationAdminImpl@43a44c0f
      artifactFactory = class com.ibm.ws.artifact.internal.ArtifactContainerFactoryService@7365046f
      moduleFactory = class com.ibm.ws.adaptable.module.internal.AdaptableModuleFactoryImpl@1036ebbb
      classesContainerInfo = class java.util.ArrayList@62a85c30
      serialVersionUID = -9033256786848720484
      $$$tc$$$ = class com.ibm.websphere.ras.TraceComponent@53f65445
    futureMonitor = class com.ibm.ws.threading.internal.FutureMonitorImpl@6bf3d3c1
      _monitor = class java.util.concurrent.ConcurrentLinkedQueue@77482d0c
      _executor = class com.ibm.ws.threading.internal.ScheduledExecutorImpl@42c9308f
      _threadRunning = class java.util.concurrent.atomic.AtomicBoolean@57cf2677
      _thread = class com.ibm.ws.threading.internal.FutureMonitorImpl$1@33da37e3
      serialVersionUID = 2765238413969174390
      $$$tc$$$ = class com.ibm.websphere.ras.TraceComponent@4c40f7d8
    configAdmin = class com.ibm.ws.config.admin.internal.ConfigurationAdminImpl@c59760d
      tc = class com.ibm.websphere.ras.TraceComponent@399b9e55
      bundle = class org.eclipse.osgi.internal.framework.EquinoxBundle@6a5b05e6
      caFactory = class com.ibm.ws.config.admin.internal.ConfigAdminServiceFactory@3254ee1f
      serialVersionUID = -2875522750804142523
    libraryConfigHelper = class com.ibm.ws.classloading.ClassLoaderConfigHelper@34582c8b
      tc = class com.ibm.websphere.ras.TraceComponent@4fd692f
      DEFAULT_API_TYPES = class java.util.RegularEnumSet@65288737
      sharedLibraries = class java.util.Collections$EmptyList@af14792
      commonLibraries = class java.util.Collections$EmptyList@af14792
      classProviders = class java.util.Collections$EmptyList@af14792
      sharedLibrariesPids = null
      commonLibrariesPids = null
      isDelegateLast = false
      apiTypes = class java.util.RegularEnumSet@65288737
      classLoaderConfigProps = null
      serialVersionUID = 7643888529935916418
    isDelegateLast = false
    permissionManager = class com.ibm.ws.classloading.java2sec.PermissionManager@78aa24e7
      tc = class com.ibm.websphere.ras.TraceComponent@6612c750
      classLoadingService = class com.ibm.ws.classloading.internal.ClassLoadingServiceImpl@7923ddd7
      DEFAULT_SERVER_RESTRICTABLE_PERMISSIONS = class java.security.Permission[4]
      DEFAULT_CLIENT_RESTRICTABLE_PERMISSIONS = class java.security.Permission[3]
      isServer = true
      wsjarUrlStreamHandlerAvailable = true
      restrictablePermissions = class java.util.ArrayList@2607b13d
      grantedPermissions = class java.util.ArrayList@3a9c9e00
      KEY_PERMISSION = "permission"
      INCORRECT_PERMISSION_CONFIGURATION = "INCORRECT_PERMISSION_CONFIGURATION"
      PERMISSION_CLASSNOTFOUND = "PERMISSION_CLASSNOTFOUND"
      SERVER_XML = "server.xml"
      CLIENT_XML = "client.xml"
      originationFile = "server.xml"
      permissions = class com.ibm.wsspi.kernel.service.utils.ConcurrentServiceReferenceSet@209ca834
      codeBasePermissionMap = class java.util.HashMap@32eb1342
      permissionXMLPermissionMap = class java.util.HashMap@297ec27b
      serialVersionUID = 3514017629123673923
    permissionsConfig = null
    serialVersionUID = 5168023053972273360
    appInfo = class com.ibm.ws.container.service.app.deploy.internal.ApplicationInfoImpl@3fd9e701
    modulesDeployed = class java.util.ArrayList@3b6bf3dc
      serialVersionUID = 8683452581122892189
      DEFAULT_CAPACITY = 10
      EMPTY_ELEMENTDATA = class java.lang.Object[0]
      DEFAULTCAPACITY_EMPTY_ELEMENTDATA = class java.lang.Object[0]
      elementData = class java.lang.Object[10]
      size = 1
      MAX_ARRAY_SIZE = 2147483639
      modCount = 1
      MAX_ARRAY_SIZE = 2147483639
    starting = true
    started = false
    appInfoFactory = class com.ibm.ws.container.service.app.deploy.internal.ApplicationInfoFactoryImpl@c535d38
      j2eeNameFactory = class com.ibm.wsspi.kernel.service.utils.AtomicServiceReference@7493454d
      names = class java.util.HashSet@30dac3ca
      serialVersionUID = 7443990212682384945
      $$$tc$$$ = class com.ibm.websphere.ras.TraceComponent@545ea0b6
    metaDataService = class com.ibm.ws.container.service.metadata.internal.MetaDataServiceImpl@2577dd49
      applicationMetaDataManager = class com.ibm.ws.container.service.metadata.internal.ApplicationMetaDataManager@790970aa
      moduleMetaDataManager = class com.ibm.ws.container.service.metadata.internal.ModuleMetaDataManager@18e42156
      componentMetaDataManager = class com.ibm.ws.container.service.metadata.internal.ComponentMetaDataManager@2120eb26
      methodMetaDataManager = class com.ibm.ws.container.service.metadata.internal.MethodMetaDataManager@1617cdee
      appModuleNameToModuleContainer = class java.util.concurrent.ConcurrentHashMap@24a963a6
      jeeNameToComponentMetaData = class java.util.concurrent.ConcurrentHashMap@1dfe18f4
      deferredMetaDataFactories = class com.ibm.wsspi.kernel.service.utils.ConcurrentServiceReferenceSet@3b21a9b6
      deferredMetaDataInitializers = class com.ibm.wsspi.kernel.service.utils.ConcurrentServiceReferenceMap@13f16b81
      serialVersionUID = -2494605732980966097
      $$$tc$$$ = class com.ibm.websphere.ras.TraceComponent@2bc60d64
    stateChangeService = class com.ibm.ws.container.service.state.internal.StateChangeServiceImpl@3cb349c2
      applicationStateManager = class com.ibm.ws.container.service.state.internal.ApplicationStateManager@6676bcdb
      moduleStateManager = class com.ibm.ws.container.service.state.internal.ModuleStateManager@65af1721
      serialVersionUID = -537917915330350560
      $$$tc$$$ = class com.ibm.websphere.ras.TraceComponent@627418e0
    moduleClassesInfo = class com.ibm.ws.app.manager.module.internal.SimpleDeployedAppInfoBase$ModuleClassesInfoProvider@5471e38f
      entryContainerInfosMap = class java.util.HashMap@c398202
      serialVersionUID = -70332790531324534
      $$$tc$$$ = class com.ibm.websphere.ras.TraceComponent@4c7e4e7f
    moduleContainerInfos = class java.util.ArrayList@45da44a9
      serialVersionUID = 8683452581122892189
      DEFAULT_CAPACITY = 10
      EMPTY_ELEMENTDATA = class java.lang.Object[0]
      DEFAULTCAPACITY_EMPTY_ELEMENTDATA = class java.lang.Object[0]
      elementData = class java.lang.Object[10]
      size = 1
      MAX_ARRAY_SIZE = 2147483639
      modCount = 1
      MAX_ARRAY_SIZE = 2147483639
    activeModuleHandlers = class java.util.IdentityHashMap@309304ed
      DEFAULT_CAPACITY = 32
      MINIMUM_CAPACITY = 4
      MAXIMUM_CAPACITY = 536870912
      table = class java.lang.Object[16]
      size = 0
      modCount = 2
      NULL_KEY = class java.lang.Object@4029432b
      entrySet = null
      serialVersionUID = 8188218128353913216
      keySet = null
      values = null
    serialVersionUID = 7078125893012250887
    $$$tc$$$ = class com.ibm.websphere.ras.TraceComponent@778efb6
      strings[0] = "TraceComponent[com.ibm.ws.app.manager.module.internal.SimpleDeployedAppInfoBase,class com.ibm.ws.app.manager.module.internal.SimpleDeployedAppInfoBase,[applications, app.manager],,null]"
  containerInfoType = class com.ibm.ws.container.service.app.deploy.ContainerInfo$Type@504ca599
    MANIFEST_CLASSPATH = class com.ibm.ws.container.service.app.deploy.ContainerInfo$Type@18541781
      MANIFEST_CLASSPATH = class com.ibm.ws.container.service.app.deploy.ContainerInfo$Type@18541781
      WEB_INF_CLASSES = class com.ibm.ws.container.service.app.deploy.ContainerInfo$Type@2d81197f
      WEB_INF_LIB = class com.ibm.ws.container.service.app.deploy.ContainerInfo$Type@18f72760
      EAR_LIB = class com.ibm.ws.container.service.app.deploy.ContainerInfo$Type@1f095097
      WEB_MODULE = class com.ibm.ws.container.service.app.deploy.ContainerInfo$Type@504ca599
      EJB_MODULE = class com.ibm.ws.container.service.app.deploy.ContainerInfo$Type@2759a4e8
      CLIENT_MODULE = class com.ibm.ws.container.service.app.deploy.ContainerInfo$Type@2b61b9d
      RAR_MODULE = class com.ibm.ws.container.service.app.deploy.ContainerInfo$Type@23dbf08c
      JAR_MODULE = class com.ibm.ws.container.service.app.deploy.ContainerInfo$Type@76038188
      SHARED_LIB = class com.ibm.ws.container.service.app.deploy.ContainerInfo$Type@1c170544
      $VALUES = class com.ibm.ws.container.service.app.deploy.ContainerInfo$Type[10]
      $$$tc$$$ = class com.ibm.websphere.ras.TraceComponent@7131559a
      name = "MANIFEST_CLASSPATH"
      ordinal = 0
    WEB_INF_CLASSES = class com.ibm.ws.container.service.app.deploy.ContainerInfo$Type@2d81197f
      MANIFEST_CLASSPATH = class com.ibm.ws.container.service.app.deploy.ContainerInfo$Type@18541781
      WEB_INF_CLASSES = class com.ibm.ws.container.service.app.deploy.ContainerInfo$Type@2d81197f
      WEB_INF_LIB = class com.ibm.ws.container.service.app.deploy.ContainerInfo$Type@18f72760
      EAR_LIB = class com.ibm.ws.container.service.app.deploy.ContainerInfo$Type@1f095097
      WEB_MODULE = class com.ibm.ws.container.service.app.deploy.ContainerInfo$Type@504ca599
      EJB_MODULE = class com.ibm.ws.container.service.app.deploy.ContainerInfo$Type@2759a4e8
      CLIENT_MODULE = class com.ibm.ws.container.service.app.deploy.ContainerInfo$Type@2b61b9d
      RAR_MODULE = class com.ibm.ws.container.service.app.deploy.ContainerInfo$Type@23dbf08c
      JAR_MODULE = class com.ibm.ws.container.service.app.deploy.ContainerInfo$Type@76038188
      SHARED_LIB = class com.ibm.ws.container.service.app.deploy.ContainerInfo$Type@1c170544
      $VALUES = class com.ibm.ws.container.service.app.deploy.ContainerInfo$Type[10]
      $$$tc$$$ = class com.ibm.websphere.ras.TraceComponent@7131559a
      name = "WEB_INF_CLASSES"
      ordinal = 1
    WEB_INF_LIB = class com.ibm.ws.container.service.app.deploy.ContainerInfo$Type@18f72760
      MANIFEST_CLASSPATH = class com.ibm.ws.container.service.app.deploy.ContainerInfo$Type@18541781
      WEB_INF_CLASSES = class com.ibm.ws.container.service.app.deploy.ContainerInfo$Type@2d81197f
      WEB_INF_LIB = class com.ibm.ws.container.service.app.deploy.ContainerInfo$Type@18f72760
      EAR_LIB = class com.ibm.ws.container.service.app.deploy.ContainerInfo$Type@1f095097
      WEB_MODULE = class com.ibm.ws.container.service.app.deploy.ContainerInfo$Type@504ca599
      EJB_MODULE = class com.ibm.ws.container.service.app.deploy.ContainerInfo$Type@2759a4e8
      CLIENT_MODULE = class com.ibm.ws.container.service.app.deploy.ContainerInfo$Type@2b61b9d
      RAR_MODULE = class com.ibm.ws.container.service.app.deploy.ContainerInfo$Type@23dbf08c
      JAR_MODULE = class com.ibm.ws.container.service.app.deploy.ContainerInfo$Type@76038188
      SHARED_LIB = class com.ibm.ws.container.service.app.deploy.ContainerInfo$Type@1c170544
      $VALUES = class com.ibm.ws.container.service.app.deploy.ContainerInfo$Type[10]
      $$$tc$$$ = class com.ibm.websphere.ras.TraceComponent@7131559a
      name = "WEB_INF_LIB"
      ordinal = 2
    EAR_LIB = class com.ibm.ws.container.service.app.deploy.ContainerInfo$Type@1f095097
      MANIFEST_CLASSPATH = class com.ibm.ws.container.service.app.deploy.ContainerInfo$Type@18541781
      WEB_INF_CLASSES = class com.ibm.ws.container.service.app.deploy.ContainerInfo$Type@2d81197f
      WEB_INF_LIB = class com.ibm.ws.container.service.app.deploy.ContainerInfo$Type@18f72760
      EAR_LIB = class com.ibm.ws.container.service.app.deploy.ContainerInfo$Type@1f095097
      WEB_MODULE = class com.ibm.ws.container.service.app.deploy.ContainerInfo$Type@504ca599
      EJB_MODULE = class com.ibm.ws.container.service.app.deploy.ContainerInfo$Type@2759a4e8
      CLIENT_MODULE = class com.ibm.ws.container.service.app.deploy.ContainerInfo$Type@2b61b9d
      RAR_MODULE = class com.ibm.ws.container.service.app.deploy.ContainerInfo$Type@23dbf08c
      JAR_MODULE = class com.ibm.ws.container.service.app.deploy.ContainerInfo$Type@76038188
      SHARED_LIB = class com.ibm.ws.container.service.app.deploy.ContainerInfo$Type@1c170544
      $VALUES = class com.ibm.ws.container.service.app.deploy.ContainerInfo$Type[10]
      $$$tc$$$ = class com.ibm.websphere.ras.TraceComponent@7131559a
      name = "EAR_LIB"
      ordinal = 3
    WEB_MODULE = class com.ibm.ws.container.service.app.deploy.ContainerInfo$Type@504ca599
    EJB_MODULE = class com.ibm.ws.container.service.app.deploy.ContainerInfo$Type@2759a4e8
      MANIFEST_CLASSPATH = class com.ibm.ws.container.service.app.deploy.ContainerInfo$Type@18541781
      WEB_INF_CLASSES = class com.ibm.ws.container.service.app.deploy.ContainerInfo$Type@2d81197f
      WEB_INF_LIB = class com.ibm.ws.container.service.app.deploy.ContainerInfo$Type@18f72760
      EAR_LIB = class com.ibm.ws.container.service.app.deploy.ContainerInfo$Type@1f095097
      WEB_MODULE = class com.ibm.ws.container.service.app.deploy.ContainerInfo$Type@504ca599
      EJB_MODULE = class com.ibm.ws.container.service.app.deploy.ContainerInfo$Type@2759a4e8
      CLIENT_MODULE = class com.ibm.ws.container.service.app.deploy.ContainerInfo$Type@2b61b9d
      RAR_MODULE = class com.ibm.ws.container.service.app.deploy.ContainerInfo$Type@23dbf08c
      JAR_MODULE = class com.ibm.ws.container.service.app.deploy.ContainerInfo$Type@76038188
      SHARED_LIB = class com.ibm.ws.container.service.app.deploy.ContainerInfo$Type@1c170544
      $VALUES = class com.ibm.ws.container.service.app.deploy.ContainerInfo$Type[10]
      $$$tc$$$ = class com.ibm.websphere.ras.TraceComponent@7131559a
      name = "EJB_MODULE"
      ordinal = 5
    CLIENT_MODULE = class com.ibm.ws.container.service.app.deploy.ContainerInfo$Type@2b61b9d
      MANIFEST_CLASSPATH = class com.ibm.ws.container.service.app.deploy.ContainerInfo$Type@18541781
      WEB_INF_CLASSES = class com.ibm.ws.container.service.app.deploy.ContainerInfo$Type@2d81197f
      WEB_INF_LIB = class com.ibm.ws.container.service.app.deploy.ContainerInfo$Type@18f72760
      EAR_LIB = class com.ibm.ws.container.service.app.deploy.ContainerInfo$Type@1f095097
      WEB_MODULE = class com.ibm.ws.container.service.app.deploy.ContainerInfo$Type@504ca599
      EJB_MODULE = class com.ibm.ws.container.service.app.deploy.ContainerInfo$Type@2759a4e8
      CLIENT_MODULE = class com.ibm.ws.container.service.app.deploy.ContainerInfo$Type@2b61b9d
      RAR_MODULE = class com.ibm.ws.container.service.app.deploy.ContainerInfo$Type@23dbf08c
      JAR_MODULE = class com.ibm.ws.container.service.app.deploy.ContainerInfo$Type@76038188
      SHARED_LIB = class com.ibm.ws.container.service.app.deploy.ContainerInfo$Type@1c170544
      $VALUES = class com.ibm.ws.container.service.app.deploy.ContainerInfo$Type[10]
      $$$tc$$$ = class com.ibm.websphere.ras.TraceComponent@7131559a
      name = "CLIENT_MODULE"
      ordinal = 6
    RAR_MODULE = class com.ibm.ws.container.service.app.deploy.ContainerInfo$Type@23dbf08c
      MANIFEST_CLASSPATH = class com.ibm.ws.container.service.app.deploy.ContainerInfo$Type@18541781
      WEB_INF_CLASSES = class com.ibm.ws.container.service.app.deploy.ContainerInfo$Type@2d81197f
      WEB_INF_LIB = class com.ibm.ws.container.service.app.deploy.ContainerInfo$Type@18f72760
      EAR_LIB = class com.ibm.ws.container.service.app.deploy.ContainerInfo$Type@1f095097
      WEB_MODULE = class com.ibm.ws.container.service.app.deploy.ContainerInfo$Type@504ca599
      EJB_MODULE = class com.ibm.ws.container.service.app.deploy.ContainerInfo$Type@2759a4e8
      CLIENT_MODULE = class com.ibm.ws.container.service.app.deploy.ContainerInfo$Type@2b61b9d
      RAR_MODULE = class com.ibm.ws.container.service.app.deploy.ContainerInfo$Type@23dbf08c
      JAR_MODULE = class com.ibm.ws.container.service.app.deploy.ContainerInfo$Type@76038188
      SHARED_LIB = class com.ibm.ws.container.service.app.deploy.ContainerInfo$Type@1c170544
      $VALUES = class com.ibm.ws.container.service.app.deploy.ContainerInfo$Type[10]
      $$$tc$$$ = class com.ibm.websphere.ras.TraceComponent@7131559a
      name = "RAR_MODULE"
      ordinal = 7
    JAR_MODULE = class com.ibm.ws.container.service.app.deploy.ContainerInfo$Type@76038188
      MANIFEST_CLASSPATH = class com.ibm.ws.container.service.app.deploy.ContainerInfo$Type@18541781
      WEB_INF_CLASSES = class com.ibm.ws.container.service.app.deploy.ContainerInfo$Type@2d81197f
      WEB_INF_LIB = class com.ibm.ws.container.service.app.deploy.ContainerInfo$Type@18f72760
      EAR_LIB = class com.ibm.ws.container.service.app.deploy.ContainerInfo$Type@1f095097
      WEB_MODULE = class com.ibm.ws.container.service.app.deploy.ContainerInfo$Type@504ca599
      EJB_MODULE = class com.ibm.ws.container.service.app.deploy.ContainerInfo$Type@2759a4e8
      CLIENT_MODULE = class com.ibm.ws.container.service.app.deploy.ContainerInfo$Type@2b61b9d
      RAR_MODULE = class com.ibm.ws.container.service.app.deploy.ContainerInfo$Type@23dbf08c
      JAR_MODULE = class com.ibm.ws.container.service.app.deploy.ContainerInfo$Type@76038188
      SHARED_LIB = class com.ibm.ws.container.service.app.deploy.ContainerInfo$Type@1c170544
      $VALUES = class com.ibm.ws.container.service.app.deploy.ContainerInfo$Type[10]
      $$$tc$$$ = class com.ibm.websphere.ras.TraceComponent@7131559a
      name = "JAR_MODULE"
      ordinal = 8
    SHARED_LIB = class com.ibm.ws.container.service.app.deploy.ContainerInfo$Type@1c170544
      MANIFEST_CLASSPATH = class com.ibm.ws.container.service.app.deploy.ContainerInfo$Type@18541781
      WEB_INF_CLASSES = class com.ibm.ws.container.service.app.deploy.ContainerInfo$Type@2d81197f
      WEB_INF_LIB = class com.ibm.ws.container.service.app.deploy.ContainerInfo$Type@18f72760
      EAR_LIB = class com.ibm.ws.container.service.app.deploy.ContainerInfo$Type@1f095097
      WEB_MODULE = class com.ibm.ws.container.service.app.deploy.ContainerInfo$Type@504ca599
      EJB_MODULE = class com.ibm.ws.container.service.app.deploy.ContainerInfo$Type@2759a4e8
      CLIENT_MODULE = class com.ibm.ws.container.service.app.deploy.ContainerInfo$Type@2b61b9d
      RAR_MODULE = class com.ibm.ws.container.service.app.deploy.ContainerInfo$Type@23dbf08c
      JAR_MODULE = class com.ibm.ws.container.service.app.deploy.ContainerInfo$Type@76038188
      SHARED_LIB = class com.ibm.ws.container.service.app.deploy.ContainerInfo$Type@1c170544
      $VALUES = class com.ibm.ws.container.service.app.deploy.ContainerInfo$Type[10]
      $$$tc$$$ = class com.ibm.websphere.ras.TraceComponent@7131559a
      name = "SHARED_LIB"
      ordinal = 9
    $VALUES = class com.ibm.ws.container.service.app.deploy.ContainerInfo$Type[10]
      Type[0] = class com.ibm.ws.container.service.app.deploy.ContainerInfo$Type@18541781
      Type[1] = class com.ibm.ws.container.service.app.deploy.ContainerInfo$Type@2d81197f
      Type[2] = class com.ibm.ws.container.service.app.deploy.ContainerInfo$Type@18f72760
      Type[3] = class com.ibm.ws.container.service.app.deploy.ContainerInfo$Type@1f095097
      Type[4] = class com.ibm.ws.container.service.app.deploy.ContainerInfo$Type@504ca599
      Type[5] = class com.ibm.ws.container.service.app.deploy.ContainerInfo$Type@2759a4e8
      Type[6] = class com.ibm.ws.container.service.app.deploy.ContainerInfo$Type@2b61b9d
      Type[7] = class com.ibm.ws.container.service.app.deploy.ContainerInfo$Type@23dbf08c
      Type[8] = class com.ibm.ws.container.service.app.deploy.ContainerInfo$Type@76038188
      Type[9] = class com.ibm.ws.container.service.app.deploy.ContainerInfo$Type@1c170544
    $$$tc$$$ = class com.ibm.websphere.ras.TraceComponent@7131559a
      strings[0] = "TraceComponent[com.ibm.ws.container.service.app.deploy.ContainerInfo$Type,class com.ibm.ws.container.service.app.deploy.ContainerInfo$Type,[container.service],com.ibm.ws.container.service.resources.Messages,null]"
    name = "WEB_MODULE"
    ordinal = 4
  classLoader = class com.ibm.ws.classloading.internal.AppClassLoader@2104fd75
    tc = class com.ibm.websphere.ras.TraceComponent@2024a89c
      strings[0] = "TraceComponent[com.ibm.ws.classloading.internal.AppClassLoader,class com.ibm.ws.classloading.internal.AppClassLoader,[ClassLoadingService],com.ibm.ws.classloading.internal.resources.ClassLoadingServiceMessages,null]"
    PARENT_FIRST_SEARCH_ORDER = class java.util.Collections$UnmodifiableRandomAccessList@1c108e19
      serialVersionUID = -2542308836966382001
      serialVersionUID = -283967356065247728
      list = class java.util.Arrays$ArrayList@58bc4473
      serialVersionUID = 1820017752578914078
      c = class java.util.Arrays$ArrayList@58bc4473
    CLASS_LOADING_TRACE_PREFIX = "com.ibm.ws.class.load."
    DEFAULT_PACKAGE = "default.package"
    perPackageClassLoadingTraceComponents = class java.util.concurrent.ConcurrentHashMap@eb3cf4c
      serialVersionUID = 7249069246763182397
      MAXIMUM_CAPACITY = 1073741824
      DEFAULT_CAPACITY = 16
      MAX_ARRAY_SIZE = 2147483639
      DEFAULT_CONCURRENCY_LEVEL = 16
      LOAD_FACTOR = 0.75
      TREEIFY_THRESHOLD = 8
      UNTREEIFY_THRESHOLD = 6
      MIN_TREEIFY_CAPACITY = 64
      MIN_TRANSFER_STRIDE = 16
      RESIZE_STAMP_BITS = 16
      MAX_RESIZERS = 65535
      RESIZE_STAMP_SHIFT = 16
      MOVED = -1
      TREEBIN = -2
      RESERVED = -3
      HASH_BITS = 2147483647
      NCPU = 4
      serialPersistentFields = class java.io.ObjectStreamField[3]
      table = class java.util.concurrent.ConcurrentHashMap$Node[64]
      nextTable = null
      baseCount = 28
      sizeCtl = 48
      transferIndex = 0
      cellsBusy = 0
      counterCells = null
      keySet = null
      values = null
      entrySet = null
      U = class sun.misc.Unsafe@4e247326
      SIZECTL = 20
      TRANSFERINDEX = 32
      BASECOUNT = 24
      CELLSBUSY = 36
      CELLVALUE = 144
      ABASE = 16
      ASHIFT = 2
      keySet = null
      values = null
    config = class com.ibm.ws.classloading.internal.ClassLoaderConfigurationImpl@36801aa1
      DEFAULT_PROTECTION_DOMAIN = class java.security.ProtectionDomain@6b4243b5
      delegateLast = false
      includeAppExtensions = true
      id = class com.ibm.ws.classloading.serializable.ClassLoaderIdentityImpl@5579512e
      parentId = null
      sharedLibraries = class java.util.ArrayList@36dba582
      commonLibraries = class java.util.Collections$EmptyList@af14792
      providers = class java.util.Collections$EmptyList@af14792
      nativeLibraryContainers = class java.util.Collections$EmptyList@af14792
      protectionDomain = class java.security.ProtectionDomain@c097fc3
      serialVersionUID = 9091690180200375339
      $$$tc$$$ = class com.ibm.websphere.ras.TraceComponent@5f16a0c4
    privateLibraries = null
    delegateLoaders = class com.ibm.ws.classloading.internal.util.CompositeIterable@4130fca7
      iterables = class java.util.Arrays$ArrayList@34b206f5
      serialVersionUID = -1227195994638150837
      $$$tc$$$ = class com.ibm.websphere.ras.TraceComponent@66f1e71e
    nativeLibraryFiles = class java.util.ArrayList@6925ec8f
      serialVersionUID = 8683452581122892189
      DEFAULT_CAPACITY = 10
      EMPTY_ELEMENTDATA = class java.lang.Object[0]
      DEFAULTCAPACITY_EMPTY_ELEMENTDATA = class java.lang.Object[0]
      elementData = class java.lang.Object[0]
      size = 0
      MAX_ARRAY_SIZE = 2147483639
      modCount = 0
      MAX_ARRAY_SIZE = 2147483639
    transformers = class java.util.ArrayList@79fc9748
      serialVersionUID = 8683452581122892189
      DEFAULT_CAPACITY = 10
      EMPTY_ELEMENTDATA = class java.lang.Object[0]
      DEFAULTCAPACITY_EMPTY_ELEMENTDATA = class java.lang.Object[0]
      elementData = class java.lang.Object[0]
      size = 0
      MAX_ARRAY_SIZE = 2147483639
      modCount = 0
      MAX_ARRAY_SIZE = 2147483639
    apiAccess = class com.ibm.ws.classloading.internal.GatewayClassLoader@7f07c469
      config = class com.ibm.ws.classloading.internal.GatewayConfigurationImpl@6a05d702
      wiringMonitor = class com.ibm.ws.classloading.internal.GatewayClassLoader$1@3300a8df
      bundle = class org.eclipse.osgi.internal.framework.EquinoxBundle@ce93107
      wiring = class org.eclipse.osgi.container.ModuleWiring@44071cd3
      bundleLoader = class org.eclipse.osgi.internal.loader.EquinoxClassLoader@c561064
      resourceProviders = class com.ibm.ws.classloading.internal.CompositeResourceProvider@a922d41
      serialVersionUID = -4256474098847905153
      $$$tc$$$ = class com.ibm.websphere.ras.TraceComponent@696f6dd8
      parent = class sun.misc.Launcher$AppClassLoader@18b4aac2
      parallelLockMap = null
      package2certs = class java.util.Hashtable@48af6b2b
      nocerts = class java.security.cert.Certificate[0]
      classes = class java.util.Vector@7e5f74b1
      defaultDomain = class java.security.ProtectionDomain@2c20e2d
      domains = class java.util.HashSet@3eabfb21
      packages = class java.util.HashMap@d6e39ec
      scl = class sun.misc.Launcher$AppClassLoader@18b4aac2
      sclSet = true
      loadedLibraryNames = class java.util.Vector@63975866
      systemNativeLibraries = class java.util.Vector@155e62c9
      nativeLibraries = class java.util.Vector@8913e0c
      nativeLibraryContext = class java.util.Stack@53551953
      usr_paths = class java.lang.String[23]
      sys_paths = class java.lang.String[1]
      assertionLock = class com.ibm.ws.classloading.internal.GatewayClassLoader@7f07c469
      defaultAssertionStatus = false
      packageAssertionStatus = null
      classAssertionStatus = null
    generator = class com.ibm.ws.classloading.internal.ClassGeneratorManager@1d2008d1
      tc = class com.ibm.websphere.ras.TraceComponent@3ba8f359
      generatorRefs = class com.ibm.wsspi.kernel.service.utils.ConcurrentServiceReferenceSet@3367a6e2
      serialVersionUID = 4152663586056483310
    protectionDomains = class java.util.concurrent.ConcurrentHashMap@4f1fcfc4
      serialVersionUID = 7249069246763182397
      MAXIMUM_CAPACITY = 1073741824
      DEFAULT_CAPACITY = 16
      MAX_ARRAY_SIZE = 2147483639
      DEFAULT_CONCURRENCY_LEVEL = 16
      LOAD_FACTOR = 0.75
      TREEIFY_THRESHOLD = 8
      UNTREEIFY_THRESHOLD = 6
      MIN_TREEIFY_CAPACITY = 64
      MIN_TRANSFER_STRIDE = 16
      RESIZE_STAMP_BITS = 16
      MAX_RESIZERS = 65535
      RESIZE_STAMP_SHIFT = 16
      MOVED = -1
      TREEBIN = -2
      RESERVED = -3
      HASH_BITS = 2147483647
      NCPU = 4
      serialPersistentFields = class java.io.ObjectStreamField[3]
      table = class java.util.concurrent.ConcurrentHashMap$Node[16]
      nextTable = null
      baseCount = 4
      sizeCtl = 12
      transferIndex = 0
      cellsBusy = 0
      counterCells = null
      keySet = null
      values = null
      entrySet = null
      U = class sun.misc.Unsafe@4e247326
      SIZECTL = 20
      TRANSFERINDEX = 32
      BASECOUNT = 24
      CELLSBUSY = 36
      CELLVALUE = 144
      ABASE = 16
      ASHIFT = 2
      keySet = null
      values = null
    parent = class com.ibm.ws.classloading.internal.GatewayClassLoader@7f07c469
    hook = null
    serialVersionUID = 7911131531697267209
    tc = class com.ibm.websphere.ras.TraceComponent@62dceb96
      strings[0] = "TraceComponent[com.ibm.ws.classloading.internal.ContainerClassLoader,class com.ibm.ws.classloading.internal.ContainerClassLoader,[ClassLoadingService],com.ibm.ws.classloading.internal.resources.ClassLoadingServiceMessages,null]"
    smartClassPath = class com.ibm.ws.classloading.internal.ContainerClassLoader$SmartClassPathImpl@90cd744
      rwLock = class java.util.concurrent.locks.ReentrantReadWriteLock@65574c12
      outstandingContainers = class java.util.concurrent.atomic.AtomicInteger@17ce0b80
      usePackageMap = true
      maxLastNotFound = 250
      maxLastFound = 900
      maxLastReallyNotFound = 900
      propsInUse = false
      classPath = class java.util.concurrent.CopyOnWriteArrayList@32ccc4c5
      MAX_LASTNOTFOUND = 250
      lastNotFound = class java.util.concurrent.CopyOnWriteArrayList@3d1d557f
      MAX_LASTFOUND = 900
      lastFoundURL = class java.util.Collections$SynchronizedMap@62f5a912
      MAX_LASTREALLYNOTFOUND = 900
      lastReallyNotFoundURL = class java.util.Collections$SynchronizedMap@5003cc7
      packageMap = class java.util.HashMap@51be3a4e
      containers = class java.util.Collections$SetFromMap@65f2bab
      serialVersionUID = 5999673258880429274
      $$$tc$$$ = class com.ibm.websphere.ras.TraceComponent@1ff0cc6b
    nativeLibraryContainers = class java.util.ArrayList@4f8b137e
      serialVersionUID = 8683452581122892189
      DEFAULT_CAPACITY = 10
      EMPTY_ELEMENTDATA = class java.lang.Object[0]
      DEFAULTCAPACITY_EMPTY_ELEMENTDATA = class java.lang.Object[0]
      elementData = class java.lang.Object[0]
      size = 0
      MAX_ARRAY_SIZE = 2147483639
      modCount = 0
      MAX_ARRAY_SIZE = 2147483639
    redefiner = class com.ibm.ws.classloading.internal.util.ClassRedefiner@4b67d8c8
      tc = class com.ibm.websphere.ras.TraceComponent@1b29f33b
      LS = "
"
      inst = class com.ibm.ws.kernel.launch.internal.TraceInstrumentation@3e64ea95
      serialVersionUID = 2420101865139508526
    jarProtocol = "wsjar:"
    mapCreationQueue = class java.util.concurrent.Executors$FinalizableDelegatedExecutorService@2c845b34
      e = class java.util.concurrent.ThreadPoolExecutor@6ee15207
      $assertionsDisabled = true
    serialVersionUID = 4390450102868895350
    serialVersionUID = -7411549862368381758
    $$$tc$$$ = class com.ibm.websphere.ras.TraceComponent@4886b82d
      strings[0] = "TraceComponent[com.ibm.ws.classloading.internal.IdentifiedLoader,class com.ibm.ws.classloading.internal.IdentifiedLoader,[ClassLoadingService],com.ibm.ws.classloading.internal.resources.ClassLoadingServiceMessages,null]"
    serialVersionUID = -4868702105808481416
    $$$tc$$$ = class com.ibm.websphere.ras.TraceComponent@7b30a241
      strings[0] = "TraceComponent[com.ibm.ws.classloading.internal.LibertyLoader,class com.ibm.ws.classloading.internal.LibertyLoader,[ClassLoadingService],com.ibm.ws.classloading.internal.resources.ClassLoadingServiceMessages,null]"
    serialVersionUID = 2596921220292114344
    $$$tc$$$ = class com.ibm.websphere.ras.TraceComponent@7c7c8f26
      strings[0] = "TraceComponent[com.ibm.ws.classloading.LibertyClassLoader,class com.ibm.ws.classloading.LibertyClassLoader,[ClassLoadingService],com.ibm.ws.classloading.internal.resources.ClassLoadingServiceMessages,null]"
    initialized = true
    pdcache = class java.util.HashMap@52d08b10
      serialVersionUID = 362498820763181265
      DEFAULT_INITIAL_CAPACITY = 16
      MAXIMUM_CAPACITY = 1073741824
      DEFAULT_LOAD_FACTOR = 0.75
      TREEIFY_THRESHOLD = 8
      UNTREEIFY_THRESHOLD = 6
      MIN_TREEIFY_CAPACITY = 64
      table = null
      entrySet = null
      size = 0
      modCount = 0
      threshold = 16
      loadFactor = 0.75
      keySet = null
      values = null
    debug = null
    parent = class com.ibm.ws.classloading.internal.GatewayClassLoader@7f07c469
    parallelLockMap = null
    package2certs = class java.util.Hashtable@63000f61
      table = class java.util.Hashtable$Entry[47]
      count = 28
      threshold = 35
      loadFactor = 0.75
      modCount = 30
      serialVersionUID = 1421746759512286392
      MAX_ARRAY_SIZE = 2147483639
      keySet = null
      entrySet = null
      values = null
      KEYS = 0
      VALUES = 1
      ENTRIES = 2
    nocerts = class java.security.cert.Certificate[0]
    classes = class java.util.Vector@c5952b2
      elementData = class java.lang.Object[80]
      elementCount = 69
      capacityIncrement = 0
      serialVersionUID = -2767605614048989439
      MAX_ARRAY_SIZE = 2147483639
      modCount = 69
      MAX_ARRAY_SIZE = 2147483639
    defaultDomain = class java.security.ProtectionDomain@1b5ea0a4
      codesource = class java.security.CodeSource@a632176
      classloader = class com.ibm.ws.classloading.internal.AppClassLoader@2104fd75
      principals = interface java.security.Principal[0]
      permissions = null
      hasAllPerm = false
      staticPermissions = false
      key = class java.security.ProtectionDomain$Key@1bee8ec7
      debug = null
    domains = class java.util.HashSet@4d0020d4
      serialVersionUID = -5024744406713321676
      map = class java.util.HashMap@254df8c1
      PRESENT = class java.lang.Object@20f776da
      MAX_ARRAY_SIZE = 2147483639
    packages = class java.util.HashMap@2e984512
      serialVersionUID = 362498820763181265
      DEFAULT_INITIAL_CAPACITY = 16
      MAXIMUM_CAPACITY = 1073741824
      DEFAULT_LOAD_FACTOR = 0.75
      TREEIFY_THRESHOLD = 8
      UNTREEIFY_THRESHOLD = 6
      MIN_TREEIFY_CAPACITY = 64
      table = class java.util.HashMap$Node[64]
      entrySet = null
      size = 28
      modCount = 28
      threshold = 48
      loadFactor = 0.75
      keySet = null
      values = null
    scl = class sun.misc.Launcher$AppClassLoader@18b4aac2
      ucp = class sun.misc.URLClassPath@9ebfc37
      $assertionsDisabled = true
      ucp = class sun.misc.URLClassPath@9ebfc37
      acc = class java.security.AccessControlContext@5a61a8df
      closeables = class java.util.WeakHashMap@2cf868cf
      initialized = true
      pdcache = class java.util.HashMap@52f09ce7
      debug = null
      parent = class sun.misc.Launcher$ExtClassLoader@621be5d1
      parallelLockMap = class java.util.concurrent.ConcurrentHashMap@42cd8ca
      package2certs = class java.util.concurrent.ConcurrentHashMap@53dcbfc0
      nocerts = class java.security.cert.Certificate[0]
      classes = class java.util.Vector@3c8d1b64
      defaultDomain = class java.security.ProtectionDomain@6a4cbfb6
      domains = class java.util.Collections$SynchronizedSet@844d0bd
      packages = class java.util.HashMap@3ed05cca
      scl = class sun.misc.Launcher$AppClassLoader@18b4aac2
      sclSet = true
      loadedLibraryNames = class java.util.Vector@63975866
      systemNativeLibraries = class java.util.Vector@155e62c9
      nativeLibraries = class java.util.Vector@6a52364f
      nativeLibraryContext = class java.util.Stack@53551953
      usr_paths = class java.lang.String[23]
      sys_paths = class java.lang.String[1]
      assertionLock = class java.lang.Object@65ec95bc
      defaultAssertionStatus = false
      packageAssertionStatus = null
      classAssertionStatus = null
    sclSet = true
    loadedLibraryNames = class java.util.Vector@63975866
      elementData = class java.lang.Object[10]
      elementCount = 8
      capacityIncrement = 0
      serialVersionUID = -2767605614048989439
      MAX_ARRAY_SIZE = 2147483639
      modCount = 8
      MAX_ARRAY_SIZE = 2147483639
    systemNativeLibraries = class java.util.Vector@155e62c9
      elementData = class java.lang.Object[10]
      elementCount = 6
      capacityIncrement = 0
      serialVersionUID = -2767605614048989439
      MAX_ARRAY_SIZE = 2147483639
      modCount = 6
      MAX_ARRAY_SIZE = 2147483639
    nativeLibraries = class java.util.Vector@68924eb1
      elementData = class java.lang.Object[10]
      elementCount = 0
      capacityIncrement = 0
      serialVersionUID = -2767605614048989439
      MAX_ARRAY_SIZE = 2147483639
      modCount = 0
      MAX_ARRAY_SIZE = 2147483639
    nativeLibraryContext = class java.util.Stack@53551953
      serialVersionUID = 1224463164541339165
      elementData = class java.lang.Object[10]
      elementCount = 0
      capacityIncrement = 0
      serialVersionUID = -2767605614048989439
      MAX_ARRAY_SIZE = 2147483639
      modCount = 16
      MAX_ARRAY_SIZE = 2147483639
    usr_paths = class java.lang.String[23]
      String[0] = "C:\Program Files\Java\jre1.8.0_211\bin"
      String[1] = "C:\Windows\Sun\Java\bin"
      String[2] = "C:\Windows\system32"
      String[3] = "C:\Windows"
      String[4] = "C:/Program Files/Java/jre1.8.0_211/bin/server"
      String[5] = "C:/Program Files/Java/jre1.8.0_211/bin"
      String[6] = "C:/Program Files/Java/jre1.8.0_211/lib/amd64"
      String[7] = "C:\Program Files\Haskell\bin"
      String[8] = "C:\Program Files\Haskell Platform\8.6.5\lib\extralibs\bin"
      String[9] = "C:\Program Files\Haskell Platform\8.6.5\bin"
      String[10] = "C:\Program Files (x86)\Common Files\Oracle\Java\javapath"
      String[11] = "C:\Windows\system32"
      String[12] = "C:\Windows"
      String[13] = "C:\Windows\System32\Wbem"
      String[14] = "C:\Windows\System32\WindowsPowerShell\v1.0\"
      String[15] = "C:\Windows\System32\OpenSSH\"
      String[16] = "C:\Program Files\Haskell Platform\8.6.5\mingw\bin"
      String[17] = "C:\Users\xcode_this\AppData\Roaming\cabal\bin"
      String[18] = "C:\Users\xcode_this\AppData\Roaming\local\bin"
      String[19] = "C:\Users\xcode_this\AppData\Local\Microsoft\WindowsApps"
      String[20] = "D:\devel\tools\eclipse"
      String[21] = "."
      String[22] = "."
    sys_paths = class java.lang.String[1]
      String[0] = "C:\Program Files\Java\jre1.8.0_211\bin"
    assertionLock = class com.ibm.ws.classloading.internal.AppClassLoader@2104fd75
    defaultAssertionStatus = false
    packageAssertionStatus = null
    classAssertionStatus = null
  moduleMetaData = class com.ibm.ws.webcontainer.osgi.metadata.WebModuleMetaDataImpl@1b50f980
    applicationMetaData = class com.ibm.ws.container.service.app.deploy.internal.ApplicationMetaDataImpl@591a0e6c
      j2eeName = class com.ibm.ws.container.service.metadata.internal.J2EENameImpl@79a695ad
      serialVersionUID = -7906531148367236579
      $$$tc$$$ = class com.ibm.websphere.ras.TraceComponent@6457566d
      tc = class com.ibm.websphere.ras.TraceComponent@6708fc0c
      NUM_STATIC_SLOTS = 4
      ID_UNINITIALIZED = -1
      id = 1
      metaDataInterface = class java.lang.Class@27246743
      staticSlots = class java.lang.Object[4]
      dynamicSlots = class java.lang.Object[4]
    j2eeName = class com.ibm.ws.container.service.metadata.internal.J2EENameImpl@4b38f5ae
      serialVersionUID = 7488184044073147667
      application = "primeTest"
      module = "primeTest.war"
      component = null
      string = "primeTest#primeTest.war"
      j2eeNameBytes = null
      $$$tc$$$ = class com.ibm.websphere.ras.TraceComponent@7329e6ab
    wccmd = class com.ibm.ws.webcontainer.osgi.metadata.WebCollaboratorComponentMetaDataImpl@2918c843
      j2eeName = null
      webModuleMetaData = class com.ibm.ws.webcontainer.osgi.metadata.WebModuleMetaDataImpl@1b50f980
      tc = class com.ibm.websphere.ras.TraceComponent@6708fc0c
      NUM_STATIC_SLOTS = 4
      ID_UNINITIALIZED = -1
      id = -1
      metaDataInterface = class java.lang.Class@53b90765
      staticSlots = class java.lang.Object[4]
      dynamicSlots = null
    securityMetaData = class com.ibm.ws.webcontainer.security.metadata.SecurityServletConfiguratorHelper@3598a819
      AUTH_METHOD_KEY = "auth-method"
      FORM_LOGIN_CONFIG_KEY = "form-login-config"
      REALM_NAME_KEY = "realm-name"
      LOGIN_CONFIG_KEY = "login-config"
      RUN_AS_KEY = "run-as"
      SERVLET_NAME_KEY = "servlet-name"
      SERVLET_KEY = "servlet"
      SECURITY_CONSTRAINT_KEY = "security-constraint"
      AUTH_CONSTRAINT_KEY = "auth-constraint"
      USER_DATA_CONSTRAINT_KEY = "user-data-constraint"
      DENY_UNCOVERED_HTTP_METHODS_KEY = "deny-uncovered-http-methods"
      SYNC_TO_OS_THREAD_ENV_ENTRY_KEY = "com.ibm.websphere.security.SyncToOSThread"
      ROLES_ALLOWED = "javax.annotation.security.RolesAllowed"
      tc = class com.ibm.websphere.ras.TraceComponent@2b3b3fca
      configurator = null
      ALL_ROLES_MARKER = "*"
      securityConstraintCollection = class com.ibm.ws.webcontainer.security.metadata.SecurityConstraintCollectionImpl@230a6573
      loginConfiguration = class com.ibm.ws.webcontainer.security.metadata.LoginConfigurationImpl@12707336
      allRoles = class java.util.ArrayList@6221a8a1
      securityRoleRefsByServlet = class java.util.HashMap@4b481bc3
      urlPatternToServletName = class java.util.HashMap@3b99de24
      servletNameToRunAsRole = class java.util.HashMap@2a61f3a2
      syncToOSThread = false
      denyUncoveredHttpMethods = false
      serialVersionUID = 3937804347548930695
    annotatedSecurityMetaData = null
    webAppConfig = class com.ibm.ws.webcontainer.osgi.webapp.WebAppConfiguration@5a6564c3
      webModuleMetaData = class com.ibm.ws.webcontainer.osgi.metadata.WebModuleMetaDataImpl@1b50f980
      webComponentMetaData = class com.ibm.ws.webcontainer.osgi.metadata.WebComponentMetaDataImpl@4ef7bf92
      dVirtualHost = null
      orderedLibPaths = class java.util.Collections$UnmodifiableRandomAccessList@3b6a2096
      bundleHeaders = null
      cdiEnabled = false
      CLASS_NAME = "com.ibm.ws.webcontainer.webapp.WebAppConfiguration"
      logger = class com.ibm.ws.logging.internal.WsLogger@7829b2cb
      tc = class com.ibm.websphere.ras.TraceComponent@656d8a2e
      nls = class com.ibm.ejs.ras.TraceNLS@5033c8a3
      version = 30
      contextRoot = "/primeTest"
      isDefaultContextRootUsed = true
      sessionTimeout = -1
      moduleSessionTimeoutSet = true
      moduleSessionTrackingModeSet = false
      sessionCookieConfig = null
      hasProgrammaticCookieConfig = false
      sessionDefaultTrackingModeSet = null
      sessionManagerConfig = null
      displayName = "primeTest"
      description = null
      reloadInterval = 0
      distributable = false
      denyUncoveredHttpMethods = false
      reloadingEnabled = false
      serveServletsByClassnameEnabled = null
      defaultErrorPage = null
      additionalClassPath = null
      fileServingEnabled = null
      directoryBrowsingEnabled = null
      autoRequestEncoding = false
      autoResponseEncoding = false
      autoLoadFilters = false
      requestListeners = null
      requestAttributeListeners = null
      sessionListeners = null
      localeMap = null
      moduleName = "primeTest"
      j2eeModuleName = "primeTest.war"
      moduleId = null
      isSyncToThreadEnabled = false
      encodeDispatchedRequestURI = false
      isSystemApp = false
      ardEnabled = false
      ardDispatchType = null
      listeners = class java.util.ArrayList@1eb328ba
      welcomeFileList = class java.util.ArrayList@a5a0cc9
      servletMappings = class java.util.HashMap@79a2293f
      lastIndexBeforeDeclaredFilters = 0
      filterMappings = class java.util.ArrayList@1326c80d
      servletInfo = class java.util.concurrent.ConcurrentHashMap@14d7c42b
      filterInfo = class java.util.HashMap@4e31be3c
      mimeMappings = class java.util.HashMap@26329d14
      mimeFilters = null
      isMimeFilteringEnabled = false
      theWebGroup = null
      jspAttributes = null
      fileServingAttributes = class java.util.HashMap@3715f7f
      invokerAttributes = class java.util.HashMap@292d35a6
      contextParams = class java.util.HashMap@6aaebee1
      virtualHost = null
      exceptionErrorPages = class java.util.HashMap@58c6449d
      codeErrorPages = class java.util.HashMap@51c5625d
      tagLibList = null
      precompileJsps = false
      webApp = class com.ibm.ws.webcontainer40.osgi.webapp.WebApp40@1185fdc6
      virtualHostList = class java.util.Collections$EmptyList@af14792
      appStartupWeight = 0
      moduleStartupWeight = 0
      metaDataComplete = false
      classesToScan = class java.util.ArrayList@e4310a1
      uriFilterMappingInfos = null
      servletFilterMappingInfos = null
      dynamicServletRegistrationMap = null
      applicationName = "primeTest"
      libBinPathList = null
      webXmlDefinedListeners = class java.util.HashSet@64cb4f58
      allRefs = class java.util.EnumMap@1ee60e16
      allRefBindings = class java.util.EnumMap@20b3abc1
      envEntryValues = class java.util.HashMap@36e3716e
      resourceRefConfigList = null
      disallowAllFileServingProp = "false"
      disallowServeServletsByClassnameProp = "true"
      disableStaticMappingCache = false
      jspCachedLocations = class java.util.HashMap@8ec5965
      primedSTSHeader = "NoValue"
      enablemultireadofpostdata = false
      requestEncoding = null
      responseEncoding = null
      NULLSERVLETNAME = "com.ibm.ws.webcontainer.NullServletName"
      _id = "WebAppGeneratedId60"
      _attributes = null
      serialVersionUID = 7511545662945734886
      $$$tc$$$ = class com.ibm.websphere.ras.TraceComponent@4d48dd57
    _isServlet23OrHigher = false
    jspComponentMetaData = class com.ibm.ws.jsp.runtime.metadata.JspComponentMetaData@19cc12b5
      looseLibs = null
      servletEngineReloadEnabled = true
      servlet2_2 = false
      servletEngineReloadInterval = 5000
      applicationDisplayName = "primeTest"
      syncToThread = false
      serialVersionUID = -1725832635735780667
      $$$tc$$$ = class com.ibm.websphere.ras.TraceComponent@47ec5490
      jspPropertyGroups = class java.util.Collections$EmptyList@af14792
      jspTaglibs = class java.util.Collections$EmptyMap@309656b5
    sessionCookieNameInUse = null
    mBeanServiceReg = null
    tc = class com.ibm.websphere.ras.TraceComponent@6708fc0c
      strings[0] = "TraceComponent[com.ibm.ws.runtime.metadata.MetaDataImpl,class com.ibm.ws.runtime.metadata.MetaDataImpl,[Runtime],null,null]"
    NUM_STATIC_SLOTS = 4
    ID_UNINITIALIZED = -1
    id = 8
    metaDataInterface = class java.lang.Class@ea41cbe
      ANNOTATION = 8192
      ENUM = 16384
      SYNTHETIC = 4096
      cachedConstructor = null
      newInstanceCallerCache = null
      name = null
      allPermDomain = class java.security.ProtectionDomain@486f5f55
      useCaches = true
      reflectionData = null
      classRedefinedCount = 0
      genericInfo = null
      serialVersionUID = 3206093459760846163
      serialPersistentFields = class java.io.ObjectStreamField[0]
      reflectionFactory = class sun.reflect.ReflectionFactory@79661d44
      initted = true
      enumConstants = null
      enumConstantDirectory = null
      annotationData = null
      annotationType = null
      classValueMap = null
    staticSlots = class java.lang.Object[4]
      Object[0] = class com.ibm.ws.jaxrs20.metadata.JaxRsModuleMetaData@481d3295
      Object[1] = class com.ibm.ws.injectionengine.osgi.internal.OSGiInjectionScopeData@46e40df4
      Object[2] = class com.ibm.ws.jaxws.metadata.JaxWsModuleMetaData@3642c5d4
      Object[3] = class com.ibm.ws.beanvalidation.BeanValidationMetaData@43ba039c
    dynamicSlots = class java.lang.Object[4]
      Object[0] = class com.ibm.ws.ejbcontainer.osgi.internal.metadata.OSGiEJBModuleMetaDataImpl@54a29970
      Object[1] = class com.ibm.ws.container.service.naming.JavaColonNamespaceBindings@7d8a303b
      Object[2] = null
      Object[3] = "primeTest"
  nestedModuleMetaDataTypes = class java.util.ArrayList@559750b1
    serialVersionUID = 8683452581122892189
    DEFAULT_CAPACITY = 10
    EMPTY_ELEMENTDATA = class java.lang.Object[0]
    DEFAULTCAPACITY_EMPTY_ELEMENTDATA = class java.lang.Object[0]
    elementData = class java.lang.Object[2]
      Object[0] = "ejb"
      Object[1] = null
    size = 1
    MAX_ARRAY_SIZE = 2147483639
    modCount = 1
    MAX_ARRAY_SIZE = 2147483639
  nestedModuleMetaDataValues = class java.util.ArrayList@5c13ef3d
    serialVersionUID = 8683452581122892189
    DEFAULT_CAPACITY = 10
    EMPTY_ELEMENTDATA = class java.lang.Object[0]
    DEFAULTCAPACITY_EMPTY_ELEMENTDATA = class java.lang.Object[0]
    elementData = class java.lang.Object[2]
      Object[0] = class com.ibm.ws.ejbcontainer.osgi.internal.metadata.OSGiEJBModuleMetaDataImpl@54a29970
      Object[1] = null
    size = 1
    MAX_ARRAY_SIZE = 2147483639
    modCount = 1
    MAX_ARRAY_SIZE = 2147483639
  serialVersionUID = 3986734351620206554

