------Start of DE processing------ = [25/06/19 23:36:57:941 COT]
Exception = java.lang.IllegalStateException
Source = com.ibm.ejs.container.EJSHome.createBeanO
probeid = 1047
Stack Dump = java.lang.IllegalStateException: Managed Class {util.web.JsonConfig} does not match Bean Class {util.web.JsonConfig}
	at com.ibm.ws.cdi.impl.managedobject.CDIEJBManagedObjectFactoryImpl.getBean(CDIEJBManagedObjectFactoryImpl.java:122)
	at com.ibm.ws.cdi.impl.managedobject.CDIEJBManagedObjectFactoryImpl.createContext(CDIEJBManagedObjectFactoryImpl.java:81)
	at com.ibm.ejs.container.ManagedBeanOBase.createInterceptorsAndInstance(ManagedBeanOBase.java:198)
	at com.ibm.ejs.container.SingletonBeanO.initialize(SingletonBeanO.java:276)
	at com.ibm.ejs.container.BeanOFactory.create(BeanOFactory.java:103)
	at com.ibm.ejs.container.EJSHome.createSingletonBeanO(EJSHome.java:3740)
	at com.ibm.ejs.csi.EJBApplicationMetaData.createStartupBeans(EJBApplicationMetaData.java:958)
	at com.ibm.ejs.csi.EJBApplicationMetaData.startedModule(EJBApplicationMetaData.java:679)
	at com.ibm.ws.ejbcontainer.osgi.internal.EJBRuntimeImpl.start(EJBRuntimeImpl.java:1009)
	at com.ibm.ws.ejbcontainer.osgi.internal.EJBContainerImpl.startEJBInWARModule(EJBContainerImpl.java:194)
	at com.ibm.ws.ejbcontainer.war.internal.EJBWARRuntimeImpl.moduleStarting(EJBWARRuntimeImpl.java:60)
	at com.ibm.ws.container.service.state.internal.ModuleStateManager.fireStarting(ModuleStateManager.java:28)
	at com.ibm.ws.container.service.state.internal.StateChangeServiceImpl.fireModuleStarting(StateChangeServiceImpl.java:80)
	at com.ibm.ws.app.manager.module.internal.ModuleHandlerBase.deployModule(ModuleHandlerBase.java:90)
	at com.ibm.ws.app.manager.module.internal.DeployedModuleInfoImpl.installModule(DeployedModuleInfoImpl.java:49)
	at com.ibm.ws.app.manager.module.internal.DeployedAppInfoBase.deployModules(DeployedAppInfoBase.java:430)
	at com.ibm.ws.app.manager.module.internal.DeployedAppInfoBase.deployApp(DeployedAppInfoBase.java:416)
	at com.ibm.ws.app.manager.war.internal.WARApplicationHandlerImpl.install(WARApplicationHandlerImpl.java:65)
	at com.ibm.ws.app.manager.internal.statemachine.StartAction.execute(StartAction.java:140)
	at com.ibm.ws.app.manager.internal.statemachine.ApplicationStateMachineImpl.enterState(ApplicationStateMachineImpl.java:1261)
	at com.ibm.ws.app.manager.internal.statemachine.ApplicationStateMachineImpl.performAction(ApplicationStateMachineImpl.java:1141)
	at com.ibm.ws.app.manager.internal.statemachine.ApplicationStateMachineImpl.run(ApplicationStateMachineImpl.java:884)
	at com.ibm.ws.threading.internal.ExecutorServiceImpl$RunnableWrapper.run(ExecutorServiceImpl.java:239)
	at java.util.concurrent.ThreadPoolExecutor.runWorker(Unknown Source)
	at java.util.concurrent.ThreadPoolExecutor$Worker.run(Unknown Source)
	at java.lang.Thread.run(Unknown Source)

Dump of callerThis
Object type = com.ibm.ejs.container.SessionHome
  serialVersionUID = -5599958674558718699
  tc = class com.ibm.websphere.ras.TraceComponent@4ac4be26
    strings[0] = "TraceComponent[com.ibm.ejs.container.EJSHome,class com.ibm.ejs.container.EJSHome,[EJBContainer],com.ibm.ejs.container.container,null]"
  CLASS_NAME = "com.ibm.ejs.container.EJSHome"
  ivCMDAccessor = class com.ibm.ws.threadContext.ComponentMetaDataAccessorImpl@6c781180
    tc = class com.ibm.websphere.ras.TraceComponent@4654a526
      strings[0] = "TraceComponent[com.ibm.ws.threadContext.ComponentMetaDataAccessorImpl,class com.ibm.ws.threadContext.ComponentMetaDataAccessorImpl,[Runtime],com.ibm.ws.runtime.runtime,null]"
    cmdai = class com.ibm.ws.threadContext.ComponentMetaDataAccessorImpl@6c781180
    threadContext = class com.ibm.ws.threadContext.ThreadContextImpl@6513dfb2
      ivInitialStackEntry = null
      tc = class com.ibm.ejs.ras.TraceComponent@123ed589
      count = 10
      index = 0
      SUSPECTED_MISUSAGE_THRESHOLD = 200
      threadLocalHashCode = -864031056
      nextHashCode = class java.util.concurrent.atomic.AtomicInteger@60402139
      HASH_INCREMENT = 1640531527
    defaultCMD = null
  beanOFactory = class com.ibm.ejs.container.SingletonBeanOFactory@4b737806
    tc = class com.ibm.websphere.ras.TraceComponent@216aa396
      strings[0] = "TraceComponent[com.ibm.ejs.container.BeanOFactory,class com.ibm.ejs.container.BeanOFactory,[EJBContainer],com.ibm.ejs.container.container,null]"
  container = class com.ibm.ejs.container.EJSContainer@21144f69
  ivEntityHelper = null
  noLocalCopies = false
  allowPrimaryKeyMutation = false
  noPrimaryKeyMutation = false
  jndiName = null
  j2eeName = class com.ibm.ws.container.service.metadata.internal.J2EENameImpl@6918ec4a
    serialVersionUID = 7488184044073147667
    application = "softswitch"
    module = "softswitch.war"
    component = "JsonConfig"
    string = "softswitch#softswitch.war#JsonConfig"
    j2eeNameBytes = null
    $$$tc$$$ = class com.ibm.websphere.ras.TraceComponent@329f046c
      strings[0] = "TraceComponent[com.ibm.ws.container.service.metadata.internal.J2EENameImpl,class com.ibm.ws.container.service.metadata.internal.J2EENameImpl,[Runtime],,null]"
  statelessSessionHome = false
  statefulSessionHome = false
  messageDrivenHome = false
  ivSingletonSessionHome = true
  hashValue = 1132556944
  ivHomeId = class com.ibm.ejs.container.BeanId@5808f709
    tc = class com.ibm.websphere.ras.TraceComponent@729b40fb
      strings[0] = "TraceComponent[com.ibm.ejs.container.BeanId,class com.ibm.ejs.container.BeanId,[EJBContainer],com.ibm.ejs.container.container,null]"
    CLASS_NAME = "com.ibm.ejs.container.BeanId"
    _isHome = true
    pkey = class com.ibm.ws.container.service.metadata.internal.J2EENameImpl@6918ec4a
    j2eeName = class com.ibm.ws.container.service.metadata.internal.J2EENameImpl@54b92e90
      serialVersionUID = 7488184044073147667
      application = "__homeOfHomes"
      module = "__homeOfHomes"
      component = "__homeOfHomes"
      string = "__homeOfHomes#__homeOfHomes#__homeOfHomes"
      j2eeNameBytes = {95,95,104,111,109,101,79,102,72,111,109,101,115,35,95,95,104,111,109,101,79,102,72,111,109,101,115,35,95,95,104,111,109,101,79,102,72,111,109,101,115} /* array length = 41 */
      $$$tc$$$ = class com.ibm.websphere.ras.TraceComponent@329f046c
    byteArray = null
    home = class com.ibm.ejs.container.HomeOfHomes@462b11cb
      CLASS_NAME = "com.ibm.ejs.container.HomeOfHomes"
      HOME_OF_HOMES = "__homeOfHomes"
      EJB_FACTORY = "__EJBFactory"
      j2eeNameFactory = class com.ibm.ws.container.service.metadata.internal.J2EENameFactoryImpl@f9a5b09
      container = class com.ibm.ejs.container.EJSContainer@21144f69
      activator = class com.ibm.ejs.container.activator.Activator@2f535d4b
      homeOfHomesJ2EEName = class com.ibm.ws.container.service.metadata.internal.J2EENameImpl@54b92e90
      ivEJBFactoryHome = class com.ibm.ejs.container.EJBFactoryHome@3bd95ae6
      fastHashTableSize = 2053
      homesByName = class com.ibm.ejs.util.FastHashtable@359aa381
      ivAppLinkData = class java.util.HashMap@7a7825ba
      beanOFactory = class com.ibm.ejs.container.CMStatelessBeanOFactory@5bb7b360
      tc = class com.ibm.websphere.ras.TraceComponent@77a23d68
      activationStrategy = class com.ibm.ejs.container.activator.UncachedActivationStrategy@15c830d7
      ivVersionedModuleNames = class java.util.concurrent.ConcurrentHashMap@2a48cc9a
    activationStrategy = null
    hashValue = 1670770213
    ivFailoverKey = null
    HOME_BEAN = 0
    STATELESS_BEAN = 1
    STATEFUL_BEAN = 2
    ENTITY_BEAN = 3
    MESSAGEDRIVEN_BEAN = 4
    SINGLETON_BEAN = 5
    USES_BEAN_MANAGED_TX = 16
    MODULE_VERSION_CAPABLE = 32
    TYPE_TO_TYPE_ID_MAP = {0,0,5,1,2,3,3,4} /* array length = 8 */
    SERIALIZED_PKEY = 0
    INTEGER_PKEY = 1
    STRING_PKEY = 3
    LONG_PKEY = 4
    BYTE_ARRAY_PKEY = 8
    BEAN_TYPE_LEN = 1
    J2EE_NAME_LEN = 4
    PKEY_TYPE_LEN = 1
    header = {-84,-84,0,2,0,1} /* array length = 6 */
    HEADER_LEN = 6
    svBAOSs = class java.io.ByteArrayOutputStream[50]
      ByteArrayOutputStream[0] = class java.io.ByteArrayOutputStream@4fb3f7b1
      ByteArrayOutputStream[1] = null
      ByteArrayOutputStream[2] = null
      ByteArrayOutputStream[3] = null
      ByteArrayOutputStream[4] = null
      ByteArrayOutputStream[5] = null
      ByteArrayOutputStream[6] = null
      ByteArrayOutputStream[7] = null
      ByteArrayOutputStream[8] = null
      ByteArrayOutputStream[9] = null
      ByteArrayOutputStream[10] = null
      ByteArrayOutputStream[11] = null
      ByteArrayOutputStream[12] = null
      ByteArrayOutputStream[13] = null
      ByteArrayOutputStream[14] = null
      ByteArrayOutputStream[15] = null
      ByteArrayOutputStream[16] = null
      ByteArrayOutputStream[17] = null
      ByteArrayOutputStream[18] = null
      ByteArrayOutputStream[19] = null
      ByteArrayOutputStream[20] = null
      ByteArrayOutputStream[21] = null
      ByteArrayOutputStream[22] = null
      ByteArrayOutputStream[23] = null
      ByteArrayOutputStream[24] = null
      ByteArrayOutputStream[25] = null
      ByteArrayOutputStream[26] = null
      ByteArrayOutputStream[27] = null
      ByteArrayOutputStream[28] = null
      ByteArrayOutputStream[29] = null
      ByteArrayOutputStream[30] = null
      ByteArrayOutputStream[31] = null
      ByteArrayOutputStream[32] = null
      ByteArrayOutputStream[33] = null
      ByteArrayOutputStream[34] = null
      ByteArrayOutputStream[35] = null
      ByteArrayOutputStream[36] = null
      ByteArrayOutputStream[37] = null
      ByteArrayOutputStream[38] = null
      ByteArrayOutputStream[39] = null
      ByteArrayOutputStream[40] = null
      ByteArrayOutputStream[41] = null
      ByteArrayOutputStream[42] = null
      ByteArrayOutputStream[43] = null
      ByteArrayOutputStream[44] = null
      ByteArrayOutputStream[45] = null
      ByteArrayOutputStream[46] = null
      ByteArrayOutputStream[47] = null
      ByteArrayOutputStream[48] = null
      ByteArrayOutputStream[49] = null
    svBAOSsSize = 1
  ivHomeWrappers = null
  ivStatelessId = class com.ibm.ejs.container.BeanId@74d01999
    tc = class com.ibm.websphere.ras.TraceComponent@729b40fb
    CLASS_NAME = "com.ibm.ejs.container.BeanId"
    _isHome = false
    pkey = null
    j2eeName = class com.ibm.ws.container.service.metadata.internal.J2EENameImpl@6918ec4a
    byteArray = null
    home = class com.ibm.ejs.container.SessionHome@53b5a6fc
    activationStrategy = null
    hashValue = 1132556944
    ivFailoverKey = null
    HOME_BEAN = 0
    STATELESS_BEAN = 1
    STATEFUL_BEAN = 2
    ENTITY_BEAN = 3
    MESSAGEDRIVEN_BEAN = 4
    SINGLETON_BEAN = 5
    USES_BEAN_MANAGED_TX = 16
    MODULE_VERSION_CAPABLE = 32
    TYPE_TO_TYPE_ID_MAP = {0,0,5,1,2,3,3,4} /* array length = 8 */
    SERIALIZED_PKEY = 0
    INTEGER_PKEY = 1
    STRING_PKEY = 3
    LONG_PKEY = 4
    BYTE_ARRAY_PKEY = 8
    BEAN_TYPE_LEN = 1
    J2EE_NAME_LEN = 4
    PKEY_TYPE_LEN = 1
    header = {-84,-84,0,2,0,1} /* array length = 6 */
    HEADER_LEN = 6
    svBAOSs = class java.io.ByteArrayOutputStream[50]
    svBAOSsSize = 1
  ivStatelessWrappers = null
  ivStatefulBusinessHomeWrapper = null
  enterpriseBeanClass = class java.lang.Class@53a43e46
    ANNOTATION = 8192
    ENUM = 16384
    SYNTHETIC = 4096
    cachedConstructor = null
    newInstanceCallerCache = null
    name = "util.web.JsonConfig"
    allPermDomain = class java.security.ProtectionDomain@54dd3dfd
      codesource = null
      classloader = null
      principals = interface java.security.Principal[0]
      permissions = class java.security.Permissions@321ff482
      hasAllPerm = true
      staticPermissions = true
      key = class java.security.ProtectionDomain$Key@341f3956
      debug = null
    useCaches = true
    reflectionData = class java.lang.ref.SoftReference@58a5bb51
      clock = 36122152
      timestamp = 36122152
      referent = class java.lang.Class$ReflectionData@35139499
      queue = class java.lang.ref.ReferenceQueue$Null@1cf01a3f
      next = null
      discovered = null
      lock = class java.lang.ref.Reference$Lock@8e3e53
      pending = null
    classRedefinedCount = 0
    genericInfo = null
    serialVersionUID = 3206093459760846163
    serialPersistentFields = class java.io.ObjectStreamField[0]
    reflectionFactory = class sun.reflect.ReflectionFactory@2426e87a
      initted = true
      reflectionFactoryAccessPerm = class java.lang.RuntimePermission@1165efd6
      soleInstance = class sun.reflect.ReflectionFactory@2426e87a
      langReflectAccess = class java.lang.reflect.ReflectAccess@48b016fc
      hasStaticInitializerMethod = null
      noInflation = false
      inflationThreshold = 15
    initted = true
    enumConstants = null
    enumConstantDirectory = null
    annotationData = class java.lang.Class$AnnotationData@3a8d
      annotations = class java.util.LinkedHashMap@74e6239b
      declaredAnnotations = class java.util.LinkedHashMap@74e6239b
      redefinedCount = 0
    annotationType = null
    classValueMap = null
  remoteEJBObjectClass = null
  localEJBObjectClass = null
  beanMetaData = class com.ibm.ws.ejbcontainer.osgi.internal.metadata.OSGiBeanMetaData@24b3ec4d
    tc = class com.ibm.websphere.ras.TraceComponent@7ceb1993
      strings[0] = "TraceComponent[com.ibm.ws.ejbcontainer.osgi.internal.metadata.OSGiBeanMetaData,class com.ibm.ws.ejbcontainer.osgi.internal.metadata.OSGiBeanMetaData,[EJBContainer],com.ibm.ws.ejbcontainer.osgi.internal.resources.EJBContainerMessages,null]"
    beanRuntime = class com.ibm.ws.ejbcontainer.session.internal.SessionBeanRuntimeImpl@1426387e
      serialVersionUID = -47239889424563615
      $$$tc$$$ = class com.ibm.websphere.ras.TraceComponent@2027e4b6
    systemHomeBindingName = null
    mbeanServiceReg = class org.eclipse.osgi.internal.serviceregistry.ServiceRegistrationImpl@7e50bdc0
      registry = class org.eclipse.osgi.internal.serviceregistry.ServiceRegistry@44d7a589
      context = class org.eclipse.osgi.internal.framework.BundleContextImpl@183ef806
      bundle = class org.eclipse.osgi.internal.framework.EquinoxBundle@3ada13c3
      clazzes = class java.lang.String[1]
      service = class com.ibm.ws.ejbcontainer.management.j2ee.internal.SingletonSessionBean@527a1feb
      reference = class org.eclipse.osgi.internal.serviceregistry.ServiceReferenceImpl@17c514c4
      contextsUsing = class java.util.ArrayList@3d018364
      properties = class java.util.Collections$UnmodifiableMap@7ab175a9
      serviceid = 1156
      serviceranking = 0
      registrationLock = class java.lang.Object@78b6a853
      state = 0
      REGISTERED = 0
      UNREGISTERING = 1
      UNREGISTERED = 2
      FRAMEWORK_SET_SERVICE_PROPERTIES_COUNT = 4
      $assertionsDisabled = true
    serialVersionUID = 4571786972187397809
    tc = class com.ibm.websphere.ras.TraceComponent@70ee9af8
      strings[0] = "TraceComponent[com.ibm.ejs.container.BeanMetaData,class com.ibm.ejs.container.BeanMetaData,[EJBContainer],com.ibm.ejs.container.container,null]"
    svTimedObjectClass = class java.lang.Class@3e443ca1
      ANNOTATION = 8192
      ENUM = 16384
      SYNTHETIC = 4096
      cachedConstructor = null
      newInstanceCallerCache = null
      name = "javax.ejb.TimedObject"
      allPermDomain = class java.security.ProtectionDomain@54dd3dfd
      useCaches = true
      reflectionData = class java.lang.ref.SoftReference@4a2ee4f9
      classRedefinedCount = 0
      genericInfo = null
      serialVersionUID = 3206093459760846163
      serialPersistentFields = class java.io.ObjectStreamField[0]
      reflectionFactory = class sun.reflect.ReflectionFactory@2426e87a
      initted = true
      enumConstants = null
      enumConstantDirectory = null
      annotationData = null
      annotationType = null
      classValueMap = null
    svTimedObjectMethod = class java.lang.reflect.Method@3d97f2f1
      clazz = class java.lang.Class@3e443ca1
      slot = 0
      name = "ejbTimeout"
      returnType = class java.lang.Class@3deaf824
      parameterTypes = class java.lang.Class[1]
      exceptionTypes = class java.lang.Class[0]
      modifiers = 1025
      signature = null
      genericInfo = null
      annotations = null
      parameterAnnotations = null
      annotationDefault = null
      methodAccessor = null
      root = class java.lang.reflect.Method@178acc18
      hasRealParameterData = false
      parameters = null
      declaredAnnotations = null
      ACCESS_PERMISSION = class java.lang.reflect.ReflectPermission@4b2239f4
      override = false
      reflectionFactory = class sun.reflect.ReflectionFactory@2426e87a
      securityCheckCache = null
    ACCESS_INTENT_READ = 0
    ACCESS_INTENT_UPDATE = 1
    ACTIVATION_POLICY_ONCE = 0
    ACTIVATION_POLICY_ACTIVITY_SESSION = 1
    ACTIVATION_POLICY_TRANSACTION = 2
    CONCURRENCY_CONTROL_PESSIMISTIC = 0
    CONCURRENCY_CONTROL_OPTIMISTIC = 1
    J2EE_EJB_VERSION_UNKNOWN = 0
    J2EE_EJB_VERSION_1_0 = 10
    J2EE_EJB_VERSION_1_1 = 11
    J2EE_EJB_VERSION_2_0 = 20
    J2EE_EJB_VERSION_2_1 = 21
    J2EE_EJB_VERSION_3_0 = 30
    J2EE_EJB_VERSION_3_1 = 31
    J2EE_EJB_VERSION_3_2 = 32
    JAVAEE_VERSION_5 = 50
    LOAD_POLICY_ACTIVATION = 0
    LOAD_POLICY_TRANSACTION = 1
    LOAD_POLICY_INTERVAL = 2
    LOAD_POLICY_DAILY = 3
    LOAD_POLICY_WEEKLY = 4
    LOCAL_TX_UNRESOLVED_ACTION_ROLLBACK = 0
    LOCAL_TX_UNRESOLVED_ACTION_COMMIT = 1
    METHOD_TYPE_UNSPECIFIED = 0
    METHOD_TYPE_REMOTE = 1
    METHOD_TYPE_REMOTE_HOME = 2
    METHOD_TYPE_LOCAL = 3
    METHOD_TYPE_LOCAL_HOME = 4
    METHOD_TYPE_SERVICE_ENDPOINT = 5
    PERSISTENCE_BEAN_MANAGED = 0
    PERSISTENCE_CONTAINER_MANAGED = 1
    PIN_POLICY_ACTIVATION_PERIOD = 0
    PIN_POLICY_ACTIVITY_SESSION = 1
    PIN_POLICY_TRANSACTION = 2
    PIN_POLICY_BUSINESS_METHOD = 3
    TX_ATTRIBUTE_TYPE_NOT_SUPPORTED = 0
    TX_ATTRIBUTE_TYPE_SUPPORTS = 1
    TX_ATTRIBUTE_TYPE_REQUIRED = 2
    TX_ATTRIBUTE_TYPE_REQUIRES_NEW = 3
    TX_ATTRIBUTE_TYPE_MANDATORY = 4
    TX_ATTRIBUTE_TYPE_NEVER = 5
    TX_ATTRIBUTE_TYPE_BEAN_MANAGED = 6
    TX_BEAN_MANAGED = 0
    TX_CONTAINER_MANAGED = 1
    TX_ISOLATION_LEVEL_REPEATABLE_READ = 0
    TX_ISOLATION_LEVEL_READ_COMMITTED = 1
    TX_ISOLATION_LEVEL_READ_UNCOMMITTED = 2
    TX_ISOLATION_LEVEL_SERIALIZABLE = 3
    ivInitData = null
    _javaNameSpaceContext = null
    _moduleMetaData = class com.ibm.ws.ejbcontainer.osgi.internal.metadata.OSGiEJBModuleMetaDataImpl@5971aa39
    _resourceRefList = class com.ibm.ws.resource.internal.ResourceRefConfigListImpl@b167c0c
      ivList = class java.util.ArrayList@26dbeb01
      ivMap = class java.util.HashMap@42e5c3ef
      serialVersionUID = 5502773099641523293
      $$$tc$$$ = class com.ibm.websphere.ras.TraceComponent@2ce3b223
    _localTran = class com.ibm.ws.ejbcontainer.osgi.internal.metadata.LocalTranConfigDataImpl@6bc8b6f7
      tc = class com.ibm.websphere.ras.TraceComponent@268f93d1
      serialVersionUID = 23556146111571409
      tc = class com.ibm.websphere.ras.TraceComponent@4c14ca51
      boundary = 0
      resolver = 0
      unresolvedAction = 0
      isShareable = false
    _globalTran = class com.ibm.ws.ejbcontainer.osgi.internal.metadata.GlobalTranConfigDataImpl@4ddbba77
      tc = class com.ibm.websphere.ras.TraceComponent@2d55cc9c
      serialVersionUID = -269778837180775034
      tc = class com.ibm.websphere.ras.TraceComponent@2ecc3199
      timeout = 0
      isSendWSAT = false
    j2eeName = class com.ibm.ws.container.service.metadata.internal.J2EENameImpl@6918ec4a
    ivUnversionedJ2eeName = null
    type = 2
    ivDependsOn = null
    entityRemoteNoTxAttrMethods = class java.lang.String[4]
      String[0] = "getEJBHome"
      String[1] = "getHandle"
      String[2] = "getPrimaryKey"
      String[3] = "isIdentical"
    entityRemoteNoTxAttrMethodSignatures = class java.lang.String[4]
      String[0] = ""
      String[1] = ""
      String[2] = ""
      String[3] = "javax.ejb.EJBObject"
    entityLocalNoTxAttrMethods = class java.lang.String[3]
      String[0] = "getEJBHome"
      String[1] = "getPrimaryKey"
      String[2] = "isIdentical"
    entityLocalNoTxAttrMethodSignatures = class java.lang.String[3]
      String[0] = ""
      String[1] = ""
      String[2] = "javax.ejb.EJBObject"
    entityRemoteHomeNoTxAttrMethods = class java.lang.String[2]
      String[0] = "getEJBMetaData"
      String[1] = "getHomeHandle"
    entityRemoteHomeNoTxAttrMethodSignatures = class java.lang.String[2]
      String[0] = ""
      String[1] = ""
    entityLocalHomeNoTxAttrMethods = class java.lang.String[1]
      String[0] = ""
    entityLocalHomeNoTxAttrMethodSignatures = class java.lang.String[1]
      String[0] = ""
    sessionLocalHomeNoTxAttrMethods = class java.lang.String[1]
      String[0] = "*"
    sessionLocalHomeNoTxAttrMethodSignatures = class java.lang.String[1]
      String[0] = ""
    sessionRemoteHomeNoTxAttrMethods = class java.lang.String[1]
      String[0] = "*"
    sessionRemoteHomeNoTxAttrMethodSignatures = class java.lang.String[1]
      String[0] = ""
    ivModuleVersion = 30
    enterpriseBeanClassName = "util.web.JsonConfig"
    enterpriseBeanClass = class java.lang.Class@53a43e46
    enterpriseBeanAbstractClass = class java.lang.Class@53a43e46
    homeBeanClass = class java.lang.Class@2870aff7
      ANNOTATION = 8192
      ENUM = 16384
      SYNTHETIC = 4096
      cachedConstructor = class java.lang.reflect.Constructor@6fb0eeb8
      newInstanceCallerCache = null
      name = "com.ibm.ejs.container.SessionHome"
      allPermDomain = class java.security.ProtectionDomain@54dd3dfd
      useCaches = true
      reflectionData = class java.lang.ref.SoftReference@284d2b46
      classRedefinedCount = 0
      genericInfo = null
      serialVersionUID = 3206093459760846163
      serialPersistentFields = class java.io.ObjectStreamField[0]
      reflectionFactory = class sun.reflect.ReflectionFactory@2426e87a
      initted = true
      enumConstants = null
      enumConstantDirectory = null
      annotationData = class java.lang.Class$AnnotationData@74004fd7
      annotationType = null
      classValueMap = null
    ivEnterpriseBeanFactory = class com.ibm.ws.cdi.impl.managedobject.CDIEJBManagedObjectFactoryImpl@4c503984
      tc = class com.ibm.websphere.ras.TraceComponent@49c30400
      ejbName = "JsonConfig"
      defaultEJBManagedObjectFactory = class com.ibm.ws.managedobject.internal.ManagedObjectFactoryImpl@7d331090
      ejbDescriptor = class org.jboss.weld.module.ejb.InternalEjbDescriptor@3e8ff833
      ejbBean = class org.jboss.weld.module.ejb.SessionBeanImpl@3e449bb
      ejbBDA = class com.ibm.ws.cdi.impl.weld.BeanDeploymentArchiveImpl@5e46aa00
      ejbBeanManager = class org.jboss.weld.manager.BeanManagerImpl@3b9486c8
      ejbBeanLookupComplete = true
      serialVersionUID = 2696588813055436384
      tc = class com.ibm.websphere.ras.TraceComponent@4385af84
      cdiRuntime = class com.ibm.ws.cdi.liberty.CDIRuntimeImpl@67a28b9f
      managedClass = class java.lang.Class@53a43e46
      bean = null
      beanLookupComplete = false
      beanManager = null
      bda = class com.ibm.ws.cdi.impl.weld.BeanDeploymentArchiveImpl@5b138880
      requestManagingInjectionAndInterceptors = false
      referenceContext = null
      injectionServices = null
      serialVersionUID = 2624058130118513066
    ivEnterpriseBeanClassConstructor = null
    managedObjectManagesInjectionAndInterceptors = false
    fullyInitialized = true
    pKeyClass = null
    m_syncToOSThreadValue = false
    ivPersistenceRefNames = null
    ivJpaPuIdSTUnsyncSet = null
    ivExPcPuIds = class com.ibm.ws.jpa.JPAPuId[0]
    homeInterfaceClassName = null
    homeInterfaceClass = null
    remoteInterfaceClass = null
    remoteImplClass = null
    remoteTieClass = null
    homeRemoteImplClass = null
    homeRemoteTieClass = null
    localHomeInterfaceClassName = null
    localHomeInterfaceClass = null
    localInterfaceClass = null
    localImplClass = null
    localImplProxyConstructor = null
    homeLocalImplClass = null
    homeLocalImplProxyConstructor = null
    ivHasWebServiceEndpoint = false
    webserviceEndpointInterfaceClass = null
    ivWebServiceEndpointProxyName = null
    ivWebServiceEndpointProxyClass = null
    ivWebServiceEndpointCreated = false
    ivBusinessLocalInterfaceClassNames = null
    ivBusinessLocalInterfaceClasses = class java.lang.Class[1]
      Class[0] = class java.lang.Class@53a43e46
    ivBusinessRemoteInterfaceClassNames = null
    ivBusinessRemoteInterfaceClasses = null
    ivBusinessLocalImplClasses = class java.lang.Class[1]
      Class[0] = class java.lang.Class@46c2e3ce
    ivBusinessLocalImplProxyConstructors = null
    ivBusinessRemoteImplClasses = null
    ivBusinessRemoteTieClasses = null
    ivAggregateLocalImplClass = null
    ivLocalBean = true
    ivLocalBeanWrapperField = class java.lang.reflect.Field@2af18333
      clazz = class java.lang.Class@46c2e3ce
      slot = 0
      name = "ivWrapperBase"
      type = class java.lang.Class@3f7536
      modifiers = 2
      signature = null
      genericInfo = null
      annotations = null
      fieldAccessor = null
      overrideFieldAccessor = null
      root = class java.lang.reflect.Field@2e729f7c
      declaredAnnotations = null
      ACCESS_PERMISSION = class java.lang.reflect.ReflectPermission@4b2239f4
      override = true
      reflectionFactory = class sun.reflect.ReflectionFactory@2426e87a
      securityCheckCache = null
    ivMessageEndpointBaseField = null
    ivManagedBeanBeanOField = null
    ivIndirectLocalProxies = false
    cmpResetFields = null
    connFactoryName = null
    envProps = class java.util.Properties@a673e2d
    simpleJndiBindingName = null
    localHomeJndiBindingName = null
    remoteHomeJndiBindingName = null
    ivRemoteHomeJndiName = null
    ivLocalHomeJndiName = null
    businessInterfaceJndiBindingNames = null
    enterpriseBeanName = "JsonConfig"
    reentrant = false
    passivationCapable = true
    sessionTimeout = 0
    ivSFSBFailover = false
    ivSfFailoverClient = null
    sessionActivateTran = false
    sessionActivateSession = false
    optionACommitOption = false
    optionBCommitOption = false
    optionCCommitOption = false
    ivReadOnlyCommitOption = false
    entitySessionalTranOption = false
    optimisticConcurrencyControl = false
    CACHE_RELOAD_NONE = 0
    CACHE_RELOAD_INTERVAL = 1
    CACHE_RELOAD_DAILY = 2
    CACHE_RELOAD_WEEKLY = 3
    ivCacheReloadType = 0
    ivCacheReloadInterval = -1
    activationPolicy = 0
    methodNames = null
    localMethodNames = class java.lang.String[1]
      String[0] = "init"
    timedMethodNames = null
    wsEndpointMethodNames = null
    lifecycleInterceptorMethodNames = class java.lang.String[4]
      String[0] = "init"
      String[1] = "PreDestroy lifecycle interceptor"
      String[2] = "PrePassivate lifecycle interceptor"
      String[3] = "PostActivate lifecycle interceptor"
    methodInfos = null
    localMethodInfos = class com.ibm.ejs.container.EJBMethodInfoImpl[1]
      EJBMethodInfoImpl[0] = class com.ibm.ws.ejbcontainer.osgi.internal.metadata.OSGiEJBMethodMetaDataImpl@3573e3a3
    timedMethodInfos = null
    wsEndpointMethodInfos = null
    lifecycleInterceptorMethodInfos = class com.ibm.ejs.container.EJBMethodInfoImpl[4]
      EJBMethodInfoImpl[0] = class com.ibm.ws.ejbcontainer.osgi.internal.metadata.OSGiEJBMethodMetaDataImpl@47eaf0b5
      EJBMethodInfoImpl[1] = class com.ibm.ws.ejbcontainer.osgi.internal.metadata.OSGiEJBMethodMetaDataImpl@7641418f
      EJBMethodInfoImpl[2] = class com.ibm.ws.ejbcontainer.osgi.internal.metadata.OSGiEJBMethodMetaDataImpl@72c7ed3
      EJBMethodInfoImpl[3] = class com.ibm.ws.ejbcontainer.osgi.internal.metadata.OSGiEJBMethodMetaDataImpl@4a15aa55
    isolationAttrs = null
    readOnlyAttrs = null
    homeMethodNames = null
    localHomeMethodNames = null
    homeMethodInfos = null
    localHomeMethodInfos = null
    homeIsolationAttrs = null
    homeReadOnlyAttrs = null
    commitDanglingWork = false
    ivHasInheritance = false
    ivHasAppManagedPersistenceContext = false
    ivHasCMExtendedPersistenceContext = false
    usesBeanManagedTx = false
    usesBeanManagedAS = false
    cmpVersion = 0
    persister = null
    classLoader = class com.ibm.ws.classloading.internal.AppClassLoader@670a6562
    ivContextClassLoader = class com.ibm.ws.classloading.internal.ThreadContextClassLoader@95fd21d
      tc = class com.ibm.websphere.ras.TraceComponent@66b8108f
      bundle = class java.util.concurrent.atomic.AtomicReference@3521d9ed
      key = "WebModule:softswitch#softswitch.war"
      refCount = class java.util.concurrent.atomic.AtomicInteger@4e4c9cba
      appLoader = class com.ibm.ws.classloading.internal.AppClassLoader@670a6562
      clSvc = class com.ibm.ws.classloading.internal.ClassLoadingServiceImpl@80728b0
      serialVersionUID = 846416563800781557
      tc = class com.ibm.websphere.ras.TraceComponent@18e48b78
      followOnClassLoaders = class java.util.ArrayList@74ff6370
      serialVersionUID = 8829649920524275888
      serialVersionUID = -4868702105808481416
      $$$tc$$$ = class com.ibm.websphere.ras.TraceComponent@7931ee
      serialVersionUID = 2596921220292114344
      $$$tc$$$ = class com.ibm.websphere.ras.TraceComponent@812649f
      initialized = true
      pdcache = class java.util.HashMap@2e481982
      debug = null
      parent = class com.ibm.ws.classloading.internal.GatewayClassLoader@5b15869
      parallelLockMap = null
      package2certs = class java.util.Hashtable@151d4317
      nocerts = class java.security.cert.Certificate[0]
      classes = class java.util.Vector@3f9eb442
      defaultDomain = class java.security.ProtectionDomain@30f5a422
      domains = class java.util.HashSet@5e1f2fb7
      packages = class java.util.HashMap@2165da98
      scl = class sun.misc.Launcher$AppClassLoader@18b4aac2
      sclSet = true
      loadedLibraryNames = class java.util.Vector@23e0de6b
      systemNativeLibraries = class java.util.Vector@7f69e279
      nativeLibraries = class java.util.Vector@6b134652
      nativeLibraryContext = class java.util.Stack@7f63770a
      usr_paths = class java.lang.String[23]
      sys_paths = class java.lang.String[1]
      assertionLock = class com.ibm.ws.classloading.internal.ThreadContextClassLoader@95fd21d
      defaultAssertionStatus = false
      packageAssertionStatus = null
      classAssertionStatus = null
    minPoolSize = 50
    maxPoolSize = 500
    allowCachedTimerDataForMethods = 0
    ivInitialPoolSize = 0
    ivMaxCreation = 0
    ivMaxCreationTimeout = 300000
    isPreFindFlushEnabled = true
    isCleanEJBStoreEnabled = true
    fbpkReadOnlyOverrideAllBeans = false
    allowCustomFinderSQLForUpdateALLBeans = false
    allowCustomFinderSQLForUpdateThisBean = false
    allowCustomFinderSQLForUpdateMethodLevel = false
    allowWAS390CustomFinderAtBeanLevel = false
    CF_METHOD_NAME_OFFSET = 0
    CF_METHOD_SIG_OFFSET = 1
    isTimedObject = false
    ivTimeoutMethod = null
    isLightweight = false
    ivActivationSpecJndiName = null
    ivActivationSpecAuthAlias = null
    ivMessageDestinationJndiName = null
    ivMessageListenerPortName = null
    ivMessagingTypeClassName = null
    ivApplicationVersionId = 50
    ivActivationConfig = null
    ivDeferEJBInitialization = true
    ivCluster = null
    ivBeanInjectionTargets = class com.ibm.wsspi.injectionengine.InjectionTarget[0]
    ivJavaColonCompEnvMap = class java.util.LinkedHashMap@426f27e5
      serialVersionUID = 3801124242820219131
      head = class java.util.LinkedHashMap$Entry@245e2099
      tail = class java.util.LinkedHashMap$Entry@4c73df84
      accessOrder = false
      serialVersionUID = 362498820763181265
      DEFAULT_INITIAL_CAPACITY = 16
      MAXIMUM_CAPACITY = 1073741824
      DEFAULT_LOAD_FACTOR = 0.75
      TREEIFY_THRESHOLD = 8
      UNTREEIFY_THRESHOLD = 6
      MIN_TREEIFY_CAPACITY = 64
      table = class java.util.HashMap$Node[16]
      entrySet = class java.util.LinkedHashMap$LinkedEntrySet@7b2d42c3
      size = 5
      modCount = 5
      threshold = 12
      loadFactor = 0.75
      keySet = null
      values = class java.util.LinkedHashMap$LinkedValues@2e22ffd7
    wccm = null
    ivComponent_Id = null
    removeTxAttr = 0
    container = class com.ibm.ejs.container.EJSContainer@21144f69
    homeRecord = class com.ibm.ws.ejbcontainer.osgi.internal.HomeRecordImpl@3d75b69b
    accessIntentList = null
    isoLevelList = null
    ivCallbackKind = class com.ibm.ws.ejbcontainer.CallbackKind@3aa00daa
      None = class com.ibm.ws.ejbcontainer.CallbackKind@5fab80d2
      SessionBean = class com.ibm.ws.ejbcontainer.CallbackKind@4e81eabe
      MessageDrivenBean = class com.ibm.ws.ejbcontainer.CallbackKind@776478fe
      InvocationContext = class com.ibm.ws.ejbcontainer.CallbackKind@3aa00daa
      $VALUES = class com.ibm.ws.ejbcontainer.CallbackKind[4]
      name = "InvocationContext"
      ordinal = 3
    ivInterceptorMetaData = class com.ibm.ejs.container.interceptors.InterceptorMetaData@76f654cd
      CLASS_NAME = "com.ibm.ejs.container.interceptors.InterceptorMetaData"
      tc = class com.ibm.websphere.ras.TraceComponent@245bc08b
      ivInterceptorClasses = class java.lang.Class[2]
      ivInterceptorFactories = interface com.ibm.ws.managedobject.ManagedObjectFactory[2]
      ivAroundConstructInterceptors = class com.ibm.ejs.container.interceptors.InterceptorProxy[1]
      ivPrePassivateInterceptors = class com.ibm.ejs.container.interceptors.InterceptorProxy[1]
      ivPreDestroyInterceptors = class com.ibm.ejs.container.interceptors.InterceptorProxy[1]
      ivPostConstructInterceptors = class com.ibm.ejs.container.interceptors.InterceptorProxy[3]
      ivPostActivateInterceptors = class com.ibm.ejs.container.interceptors.InterceptorProxy[1]
      ivBeanLifecycleMethods = class java.lang.reflect.Method[4]
      ivInterceptorInjectionTargets = class [Lcom.ibm.wsspi.injectionengine.InjectionTarget;[2]
    ivInitMethodMap = null
    ivRoleLinkMap = null
    metadataComplete = false
    ivUseCallerIdentity = false
    ivRunAs = null
    ivEjbCreateMethod = null
    ivMetaDataDestroyRequired = true
    supportsFluffOnFind = false
    ivSingletonUsesBeanManagedConcurrency = false
    ivHasAsynchMethod = false
    ivAfterBegin = null
    ivBeforeCompletion = null
    ivAfterCompletion = null
    methodsExposedOnLocalInterface = null
    methodsExposedOnRemoteInterface = null
    methodsExposedOnLocalHomeInterface = null
    methodsExposedOnRemoteHomeInterface = null
    allPublicMethodsOnBean = null
    methodsToMethodInfos = null
    ivReferenceContext = class com.ibm.ws.injectionengine.osgi.internal.OSGiReferenceContextImpl@4d98f102
      scopeData = class com.ibm.ws.injectionengine.osgi.internal.OSGiInjectionScopeData@62a6b773
      serialVersionUID = 521511923892134915
      $$$tc$$$ = class com.ibm.websphere.ras.TraceComponent@66596d4c
      CLASS_NAME = "com.ibm.ws.injectionengine.ReferenceContextImpl"
      tc = class com.ibm.websphere.ras.TraceComponent@660e3224
      ivInjectionEngine = class com.ibm.ws.injectionengine.osgi.internal.OSGiInjectionEngineImpl@19fb4476
      ivProviders = class java.util.ArrayList@527c6660
      ivComponentJavaContext = null
      ivComponentNameSpace = null
      ivJavaColonCompEnvMap = class java.util.LinkedHashMap@426f27e5
      ivEjbContext10 = class java.util.Properties@a673e2d
      ivResourceRefConfigList = class com.ibm.ws.resource.internal.ResourceRefConfigListImpl@b167c0c
      isAlreadyProcessed = true
      ivProcessFailure = null
      ivInjectionTargetMap = class java.util.concurrent.ConcurrentHashMap@3eea3d7b
      svInjTarMapCacheSize = 256
      ivDeclaredInjectionTargets = class java.util.HashMap@3751b6ec
      ivProcessedInjectionClasses = class java.util.HashSet@2cd32a77
      svInjClassMapCacheSize = 512
      ivProcessedInjectionBindings = class java.util.ArrayList@1dad16eb
      ivAnyProcessDynamic = false
      ivCheckAppConfig = false
    ivPassivatorFields = null
    ivIsNoMethodInterfaceMDB = false
    tc = class com.ibm.websphere.ras.TraceComponent@29a4450c
    NUM_STATIC_SLOTS = 4
    ID_UNINITIALIZED = -1
    id = 20
    metaDataInterface = class java.lang.Class@5f1466a9
      ANNOTATION = 8192
      ENUM = 16384
      SYNTHETIC = 4096
      cachedConstructor = null
      newInstanceCallerCache = null
      name = null
      allPermDomain = class java.security.ProtectionDomain@54dd3dfd
      useCaches = true
      reflectionData = null
      classRedefinedCount = 0
      genericInfo = null
      serialVersionUID = 3206093459760846163
      serialPersistentFields = class java.io.ObjectStreamField[0]
      reflectionFactory = class sun.reflect.ReflectionFactory@2426e87a
      initted = true
      enumConstants = null
      enumConstantDirectory = null
      annotationData = null
      annotationType = null
      classValueMap = null
    staticSlots = class java.lang.Object[4]
      Object[0] = null
      Object[1] = null
      Object[2] = null
      Object[3] = null
    dynamicSlots = null
  ejbMetaData = null
  environment = class java.util.Properties@a673e2d
    serialVersionUID = 4112578634029874840
    defaults = null
    hexDigit = {0123456789ABCDEF} /* array length = 16 */
    table = class java.util.Hashtable$Entry[11]
      Entry[0] = null
      Entry[1] = null
      Entry[2] = null
      Entry[3] = null
      Entry[4] = null
      Entry[5] = null
      Entry[6] = null
      Entry[7] = null
      Entry[8] = null
      Entry[9] = null
      Entry[10] = null
    count = 0
    threshold = 8
    loadFactor = 0.75
    modCount = 0
    serialVersionUID = 1421746759512286392
    MAX_ARRAY_SIZE = 2147483639
    keySet = null
    entrySet = null
    values = null
    KEYS = 0
    VALUES = 1
    ENTRIES = 2
  activationStrategy = class com.ibm.ejs.container.activator.UncachedActivationStrategy@15c830d7
    tc = class com.ibm.websphere.ras.TraceComponent@7529acb8
      strings[0] = "TraceComponent[com.ibm.ejs.container.activator.UncachedActivationStrategy,class com.ibm.ejs.container.activator.UncachedActivationStrategy,[EJBContainer],com.ibm.ejs.container.container,null]"
    CLASS_NAME = "com.ibm.ejs.container.activator.UncachedActivationStrategy"
    cache = class com.ibm.ejs.util.cache.Cache@2e2d22fa
      faultStrategy = null
      evictionStrategy = class com.ibm.ejs.util.cache.BackgroundLruEvictionStrategy@306e3f48
      discardStrategy = class com.ibm.ejs.container.activator.Activator@2f535d4b
      ivEvictionLocks = class com.ibm.ejs.container.util.locking.LockTable@6916a0f8
      ivName = "EJB Cache"
      wrappers = false
      buckets = interface com.ibm.ejs.util.cache.Bucket[2053]
      bucketLock = class com.ibm.ejs.util.cache.Cache$BucketLock@4f8005a5
      numBuckets = 2053
      numObjects = 0
      numEvictionAttempts = 0
      numEvictions = 0
      numSweeps = 1207
      dumped = false
      tc = class com.ibm.websphere.ras.TraceComponent@630eb551
      CLASS_NAME = "com.ibm.ejs.util.cache.Cache"
    locks = class com.ibm.ejs.container.util.locking.LockTable@6916a0f8
      locks = class java.lang.Object[2053]
    tc = class com.ibm.websphere.ras.TraceComponent@5fc63533
      strings[0] = "TraceComponent[com.ibm.ejs.container.activator.ActivationStrategy,class com.ibm.ejs.container.activator.ActivationStrategy,[EJBContainer],com.ibm.ejs.container.container,null]"
    CLASS_NAME = "com.ibm.ejs.container.activator.ActivationStrategy"
  pmiBean = null
  persister = null
  lockStrategy = class com.ibm.ejs.container.lock.LockStrategy@6120ff26
    EXCLUSIVE_LOCK_STRATEGY = class com.ibm.ejs.container.lock.ExclusiveLockStrategy@415b9c44
      tc = class com.ibm.websphere.ras.TraceComponent@40c04a9
      CLASS_NAME = "com.ibm.ejs.container.lock.ExclusiveLockStrategy"
      EXCLUSIVE_LOCK_STRATEGY = class com.ibm.ejs.container.lock.ExclusiveLockStrategy@415b9c44
      NULL_LOCK_STRATEGY = class com.ibm.ejs.container.lock.LockStrategy@6120ff26
    NULL_LOCK_STRATEGY = class com.ibm.ejs.container.lock.LockStrategy@6120ff26
  wrapperManager = class com.ibm.ejs.container.WrapperManager@5acab6cb
    tc = class com.ibm.websphere.ras.TraceComponent@38ba243e
      strings[0] = "TraceComponent[com.ibm.ejs.container.WrapperManager,class com.ibm.ejs.container.WrapperManager,[EJBContainer],com.ibm.ejs.container.container,null]"
    CLASS_NAME = "com.ibm.ejs.container.WrapperManager"
    wrapperCache = class com.ibm.ejs.util.cache.Cache@45d07791
      faultStrategy = class com.ibm.ejs.container.WrapperManager@5acab6cb
      evictionStrategy = class com.ibm.ejs.util.cache.SweepLruEvictionStrategy@6eaa97d6
      discardStrategy = class com.ibm.ejs.container.WrapperManager@5acab6cb
      ivEvictionLocks = null
      ivName = "Wrapper Cache"
      wrappers = true
      buckets = interface com.ibm.ejs.util.cache.Bucket[4111]
      bucketLock = class com.ibm.ejs.util.cache.Cache$BucketLock@1243cdd9
      numBuckets = 4111
      numObjects = 0
      numEvictionAttempts = 0
      numEvictions = 0
      numSweeps = 1206
      dumped = false
      tc = class com.ibm.websphere.ras.TraceComponent@630eb551
      CLASS_NAME = "com.ibm.ejs.util.cache.Cache"
    container = class com.ibm.ejs.container.EJSContainer@21144f69
    beanIdCache = class com.ibm.ejs.container.BeanIdCache@5b6b93a9
      ivBuckets = class com.ibm.ejs.container.BeanId[8231]
      ivCacheFinds = 0
      ivCacheHits = 0
      tc = class com.ibm.websphere.ras.TraceComponent@7fda9227
  enabled = true
  beanPool = null
  ivNumberBeansCreated = 0
  BEAN_POOL_WAIT_INTERVAL = 10000
  ivAIServiceEnabled = false
  defaultAIMethodInfo = class com.ibm.ws.ejbcontainer.osgi.internal.metadata.OSGiEJBMethodMetaDataImpl@696f6de9
    runAs = null
    useCallerPrincipal = false
    useSystemPrincipal = false
    serialVersionUID = 6211349835382155010
    $$$tc$$$ = class com.ibm.websphere.ras.TraceComponent@304b9f99
      strings[0] = "TraceComponent[com.ibm.ws.ejbcontainer.osgi.internal.metadata.OSGiEJBMethodMetaDataImpl,class com.ibm.ws.ejbcontainer.osgi.internal.metadata.OSGiEJBMethodMetaDataImpl,[EJBContainer],com.ibm.ws.ejbcontainer.osgi.internal.resources.EJBContainerMessages,null]"
    tc = class com.ibm.websphere.ras.TraceComponent@1db05faa
      strings[0] = "TraceComponent[com.ibm.ejs.container.EJBMethodInfoImpl,class com.ibm.ejs.container.EJBMethodInfoImpl,[EJBContainer],com.ibm.ejs.container.container,null]"
    methodSignature = "__defaultAIMethodInfo__"
    jdiMethodSignature = "- NO JDI SIGNATURE AVAILABLE - "
    txAttr = class com.ibm.websphere.csi.TransactionAttribute@26f28aba
      TX_NOT_SUPPORTED = class com.ibm.websphere.csi.TransactionAttribute@519fc04d
      TX_BEAN_MANAGED = class com.ibm.websphere.csi.TransactionAttribute@5e2161fc
      TX_REQUIRED = class com.ibm.websphere.csi.TransactionAttribute@2ff19dbc
      TX_SUPPORTS = class com.ibm.websphere.csi.TransactionAttribute@26f28aba
      TX_REQUIRES_NEW = class com.ibm.websphere.csi.TransactionAttribute@8d194ff
      TX_MANDATORY = class com.ibm.websphere.csi.TransactionAttribute@27e3b000
      TX_NEVER = class com.ibm.websphere.csi.TransactionAttribute@72981b81
      value = 3
      name = "TX_SUPPORTS"
      numAttrs = 7
    asAttr = class com.ibm.websphere.csi.ActivitySessionAttribute@3bd68b9c
      NOT_SUPPORTED = 0
      BEAN_MANAGED = 1
      REQUIRED = 2
      SUPPORTS = 3
      REQUIRES_NEW = 4
      MANDATORY = 5
      NEVER = 6
      UNKNOWN = 7
      AS_NOT_SUPPORTED = class com.ibm.websphere.csi.ActivitySessionAttribute@3518edec
      AS_BEAN_MANAGED = class com.ibm.websphere.csi.ActivitySessionAttribute@5306554c
      AS_REQUIRED = class com.ibm.websphere.csi.ActivitySessionAttribute@7dacbb00
      AS_SUPPORTS = class com.ibm.websphere.csi.ActivitySessionAttribute@2bb70d55
      AS_REQUIRES_NEW = class com.ibm.websphere.csi.ActivitySessionAttribute@59b2f242
      AS_MANDATORY = class com.ibm.websphere.csi.ActivitySessionAttribute@38ff600d
      AS_NEVER = class com.ibm.websphere.csi.ActivitySessionAttribute@2093b8a9
      AS_UNKNOWN = class com.ibm.websphere.csi.ActivitySessionAttribute@3bd68b9c
      value = 7
      name = "AS_UNKNOWN"
      numAttrs = 8
    ivInterface = class com.ibm.websphere.csi.MethodInterface@1fd3d5b
      REMOTE = class com.ibm.websphere.csi.MethodInterface@1fd3d5b
      HOME = class com.ibm.websphere.csi.MethodInterface@8459f44
      LOCAL = class com.ibm.websphere.csi.MethodInterface@6565326d
      LOCAL_HOME = class com.ibm.websphere.csi.MethodInterface@53b1933c
      SERVICE_ENDPOINT = class com.ibm.websphere.csi.MethodInterface@7812e56a
      TIMED_OBJECT = class com.ibm.websphere.csi.MethodInterface@5c89fa93
      MESSAGE_LISTENER = class com.ibm.websphere.csi.MethodInterface@10334d35
      LIFECYCLE_INTERCEPTOR = class com.ibm.websphere.csi.MethodInterface@4fc4047c
      ivValue = 1
      ivName = "Remote"
      svNumValues = 8
    methodName = "__defaultAIMethodInfo__NameOnly"
    isHome = false
    isStatefulSessionBean = false
    bmd = class com.ibm.ws.ejbcontainer.osgi.internal.metadata.OSGiBeanMetaData@24b3ec4d
    isStatelessSessionBean = false
    isSingletonSessionBean = true
    isHomeCreate = false
    isComponentRemove = false
    isolationAttr = 0
    readOnlyAttr = false
    isaCMP11CustomFinderWithForUpdateAI = false
    isaCMP11FBPK = false
    isLocal = false
    setClassLoader = false
    isCMRSetMethod = false
    isLightweight = false
    isLightweightTxCapable = false
    ivJPATaskName = null
    ivAroundInterceptors = null
    ivMethod = null
    ivNumberOfMethodParms = 0
    ivBridgeMethod = null
    ivSFSBRemove = false
    ivRetainIfException = false
    ivAccessTimeout = -1
    ivLockType = null
    ivAsynchMethod = false
    ivDeclaredExceptions = null
    ivDeclaredExceptionsComp = null
    ivDenyAll = false
    ivPermitAll = false
    ivRolesAllowed = null
    tc = class com.ibm.websphere.ras.TraceComponent@29a4450c
      strings[0] = "TraceComponent[com.ibm.ws.runtime.metadata.MetaDataImpl,class com.ibm.ws.runtime.metadata.MetaDataImpl,[Runtime],null,null]"
    NUM_STATIC_SLOTS = 4
    ID_UNINITIALIZED = -1
    id = -1
    metaDataInterface = class java.lang.Class@162ce324
      ANNOTATION = 8192
      ENUM = 16384
      SYNTHETIC = 4096
      cachedConstructor = null
      newInstanceCallerCache = null
      name = null
      allPermDomain = class java.security.ProtectionDomain@54dd3dfd
      useCaches = true
      reflectionData = null
      classRedefinedCount = 0
      genericInfo = null
      serialVersionUID = 3206093459760846163
      serialPersistentFields = class java.io.ObjectStreamField[0]
      reflectionFactory = class sun.reflect.ReflectionFactory@2426e87a
      initted = true
      enumConstants = null
      enumConstantDirectory = null
      annotationData = null
      annotationType = null
      classValueMap = null
    staticSlots = class java.lang.Object[4]
      Object[0] = null
      Object[1] = null
      Object[2] = null
      Object[3] = null
    dynamicSlots = null
  CachedAI_NotInitialize = 0
  CachedAI_HasMethodLevelAI = 1
  CachedAI_HasNoMethodLevelAI = -1
  cachedHasMethodLevelAI = 0
  ivCachedBeanLevelAccessIntent = null
  cvUsePortableClass = true
  ivAllowEarlyInsert = false
  homeRecord = class com.ibm.ws.ejbcontainer.osgi.internal.HomeRecordImpl@3d75b69b
    systemHomeBindingName = null
    remoteBindingData = null
    serialVersionUID = -7648623497327828699
    $$$tc$$$ = class com.ibm.websphere.ras.TraceComponent@6c16699e
      strings[0] = "TraceComponent[com.ibm.ws.ejbcontainer.osgi.internal.HomeRecordImpl,class com.ibm.ws.ejbcontainer.osgi.internal.HomeRecordImpl,[EJBContainer],com.ibm.ws.ejbcontainer.osgi.internal.resources.EJBContainerMessages,null]"
    beanO = class com.ibm.ejs.container.CMStatelessBeanO@49e4cc93
      serialVersionUID = 6553421454354990950
      tc = class com.ibm.websphere.ras.TraceComponent@769f33a
      CLASS_NAME = "com.ibm.ejs.container.StatelessBeanO"
      tc = class com.ibm.websphere.ras.TraceComponent@3447ba9c
      reentrant = true
      allowRollbackOnly = true
      discarded = false
      ivNumberOfBeansLimited = false
      POOLED = 3
      IN_METHOD = 4
      StateStrs = class java.lang.String[5]
      tc = class com.ibm.websphere.ras.TraceComponent@7286f6b7
      CLASS_NAME = "com.ibm.ejs.container.SessionBeanO"
      DESTROYED = 0
      PRE_CREATE = 1
      CREATING = 2
      messageContextMethod = null
      sessionBean = class com.ibm.ejs.container.SessionHome@53b5a6fc
      currentIsolationLevel = 0
      ivCallbackKind = class com.ibm.ws.ejbcontainer.CallbackKind@5fab80d2
      CLASS_NAME = "com.ibm.ejs.container.ManagedBeanOBase"
      tc = class com.ibm.websphere.ras.TraceComponent@2df80182
      ivEjbInstance = class com.ibm.ejs.container.SessionHome@53b5a6fc
      ivEjbManagedObjectContext = null
      ivManagedObject = null
      ivInterceptors = null
      CLASS_NAME = "com.ibm.ejs.container.BeanO"
      tc = class com.ibm.websphere.ras.TraceComponent@468eb27c
      isZOS = false
      state = 3
      container = class com.ibm.ejs.container.EJSContainer@21144f69
      home = null
      pmiBean = null
      beanId = null
      beanPool = null
      connectionHandleList = null
      ivContainerTx = null
      ivActivationStrategy = null
      ivCacheKey = null
    homeInternal = class com.ibm.ejs.container.SessionHome@53b5a6fc
    bmd = class com.ibm.ws.ejbcontainer.osgi.internal.metadata.OSGiBeanMetaData@24b3ec4d
    ejbMmd = class com.ibm.ws.ejbcontainer.osgi.internal.metadata.OSGiEJBModuleMetaDataImpl@5971aa39
      systemModule = false
      ivContextClassLoader = class com.ibm.ws.classloading.internal.ThreadContextClassLoader@95fd21d
      mbeanServiceReg = class org.eclipse.osgi.internal.serviceregistry.ServiceRegistrationImpl@51253cfb
      systemModuleNameSpaceBinder = null
      serialVersionUID = -2264868099501073120
      $$$tc$$$ = class com.ibm.websphere.ras.TraceComponent@7be47aa4
      tc = class com.ibm.websphere.ras.TraceComponent@769f35ac
      ivInitData = null
      ivName = "softswitch.war"
      ivLogicalName = "softswitch"
      ivAppName = "softswitch"
      ivJ2EEName = class com.ibm.ws.container.service.metadata.internal.J2EENameImpl@3717178d
      ivModuleVersion = 30
      ivEJBApplicationMetaData = class com.ibm.ws.ejbcontainer.osgi.internal.metadata.OSGiEJBApplicationMetaData@4919351f
      ivSfsbFailover = false
      ivFailoverInstanceId = null
      ivPMModuleCookie = null
      ivMetadataComplete = false
      ivReadWCCMInterceptors = false
      ivApplicationExceptionMap = null
      ivInterceptorsMap = null
      ivInterceptorBindingMap = null
      ivCurrentBackendId = null
      ivDefaultCmpConnectionFactory = null
      ivDefaultDataSource = null
      ivDefaultDataSourceUser = null
      ivDefaultDataSourcePassword = null
      ivInterceptorMap = null
      ivMBeanRegistered = false
      ivMessageDestinationBindingMap = class java.util.HashMap@437210cf
      ivMetaDataDestroyRequired = true
      ivUseExtendedSetRollbackOnlyBehavior = true
      ivAutomaticTimerBeans = null
      ivHasNonPersistentAutomaticTimers = false
      ivHasPersistentAutomaticTimers = false
      ivBeanMetaDatas = class java.util.LinkedHashMap@493c5373
      ivNumFullyInitializedBeans = 1
      ivApplicationEventListeners = null
      ivStopping = false
      ivEJBInWAR = true
      ivManagedBeansInClient = false
      ivManagedBeansOnly = false
      ivJCDIHelper = class com.ibm.ws.ejbcontainer.osgi.internal.EJBRuntimeImpl$1@46988ea6
      ivVersionedAppBaseName = null
      ivVersionedModuleBaseName = null
      ivAllowsCachedTimerData = false
      tc = class com.ibm.websphere.ras.TraceComponent@29a4450c
      NUM_STATIC_SLOTS = 4
      ID_UNINITIALIZED = -1
      id = 11
      metaDataInterface = class java.lang.Class@60853afe
      staticSlots = class java.lang.Object[4]
      dynamicSlots = class java.lang.Object[4]
    homeOfHomes = class com.ibm.ejs.container.HomeOfHomes@462b11cb
    j2eeName = class com.ibm.ws.container.service.metadata.internal.J2EENameImpl@6918ec4a
    cmpVersion = 0
    connFactoryName = null
    ejbName = "JsonConfig"
    classLoader = class com.ibm.ws.classloading.internal.AppClassLoader@670a6562
      tc = class com.ibm.websphere.ras.TraceComponent@37607d35
      PARENT_FIRST_SEARCH_ORDER = class java.util.Collections$UnmodifiableRandomAccessList@2a604f1b
      CLASS_LOADING_TRACE_PREFIX = "com.ibm.ws.class.load."
      DEFAULT_PACKAGE = "default.package"
      perPackageClassLoadingTraceComponents = class java.util.concurrent.ConcurrentHashMap@7bcafe6f
      config = class com.ibm.ws.classloading.internal.ClassLoaderConfigurationImpl@467ed4c3
      privateLibraries = null
      delegateLoaders = class com.ibm.ws.classloading.internal.util.CompositeIterable@3522263a
      nativeLibraryFiles = class java.util.ArrayList@7489d68a
      transformers = class java.util.ArrayList@589c77f2
      apiAccess = class com.ibm.ws.classloading.internal.GatewayClassLoader@773b1a04
      generator = class com.ibm.ws.classloading.internal.ClassGeneratorManager@1a77c21c
      protectionDomains = class java.util.concurrent.ConcurrentHashMap@687478ee
      parent = class com.ibm.ws.classloading.internal.GatewayClassLoader@773b1a04
      hook = null
      serialVersionUID = 7911131531697267209
      tc = class com.ibm.websphere.ras.TraceComponent@2716c2e2
      smartClassPath = class com.ibm.ws.classloading.internal.ContainerClassLoader$SmartClassPathImpl@4cc3802c
      nativeLibraryContainers = class java.util.ArrayList@764432b8
      redefiner = class com.ibm.ws.classloading.internal.util.ClassRedefiner@3cc81bef
      jarProtocol = "wsjar:"
      mapCreationQueue = class java.util.concurrent.Executors$FinalizableDelegatedExecutorService@4cfe4488
      serialVersionUID = 4390450102868895350
      serialVersionUID = -7411549862368381758
      $$$tc$$$ = class com.ibm.websphere.ras.TraceComponent@1f61bae1
      serialVersionUID = -4868702105808481416
      $$$tc$$$ = class com.ibm.websphere.ras.TraceComponent@7931ee
      serialVersionUID = 2596921220292114344
      $$$tc$$$ = class com.ibm.websphere.ras.TraceComponent@812649f
      initialized = true
      pdcache = class java.util.HashMap@4d5ce865
      debug = null
      parent = class com.ibm.ws.classloading.internal.GatewayClassLoader@773b1a04
      parallelLockMap = null
      package2certs = class java.util.Hashtable@6a44a28
      nocerts = class java.security.cert.Certificate[0]
      classes = class java.util.Vector@56367830
      defaultDomain = class java.security.ProtectionDomain@13041bc
      domains = class java.util.HashSet@2b059e3f
      packages = class java.util.HashMap@f54647d
      scl = class sun.misc.Launcher$AppClassLoader@18b4aac2
      sclSet = true
      loadedLibraryNames = class java.util.Vector@23e0de6b
      systemNativeLibraries = class java.util.Vector@7f69e279
      nativeLibraries = class java.util.Vector@6ac67a5f
      nativeLibraryContext = class java.util.Stack@7f63770a
      usr_paths = class java.lang.String[23]
      sys_paths = class java.lang.String[1]
      assertionLock = class com.ibm.ws.classloading.internal.AppClassLoader@670a6562
      defaultAssertionStatus = false
      packageAssertionStatus = null
      classAssertionStatus = null
    beanType = 2
    ivRemoteBindingsHelper = null
    ivLocalBindingsHelper = null
    ivJavaGlobalBindings = class java.util.ArrayList@446f0b50
      serialVersionUID = 8683452581122892189
      DEFAULT_CAPACITY = 10
      EMPTY_ELEMENTDATA = class java.lang.Object[0]
      DEFAULTCAPACITY_EMPTY_ELEMENTDATA = class java.lang.Object[0]
      elementData = class java.lang.Object[10]
      size = 2
      MAX_ARRAY_SIZE = 2147483639
      modCount = 2
      MAX_ARRAY_SIZE = 2147483639
    ivJavaAppBindings = class java.util.ArrayList@f4d5104
      serialVersionUID = 8683452581122892189
      DEFAULT_CAPACITY = 10
      EMPTY_ELEMENTDATA = class java.lang.Object[0]
      DEFAULTCAPACITY_EMPTY_ELEMENTDATA = class java.lang.Object[0]
      elementData = class java.lang.Object[10]
      size = 2
      MAX_ARRAY_SIZE = 2147483639
      modCount = 2
      MAX_ARRAY_SIZE = 2147483639
    childBeans = class java.util.Hashtable@54aa6a5f
      table = class java.util.Hashtable$Entry[11]
      count = 0
      threshold = 8
      loadFactor = 0.75
      modCount = 0
      serialVersionUID = 1421746759512286392
      MAX_ARRAY_SIZE = 2147483639
      keySet = null
      entrySet = null
      values = null
      KEYS = 0
      VALUES = 1
      ENTRIES = 2
    ivHasInheritance = false
    ivIsChild = false
    ivShortDefaultBindingsEnabled = null
  ivSingletonBeanO = null
  ivCreatingSingletonBeanO = true
  ivSingletonBeanOCreateFailed = true
  ivApplicationStarted = false

