------Start of DE processing------ = [8/05/19 00:36:56:285 PET]
Exception = com.ibm.ws.container.service.state.StateChangeException
Source = com.ibm.ws.app.manager.module.internal.DeployedAppInfoBase
probeid = 385
Stack Dump = com.ibm.ws.container.service.state.StateChangeException: org.jboss.weld.exceptions.DeploymentException: WELD-000072: Bean declaring a passivating scope must be passivation capable.  Bean:  Managed Bean [class view.radio.RadioView] with qualifiers [@Default @Any @Named]
	at com.ibm.ws.container.service.state.internal.ApplicationStateManager.fireStarting(ApplicationStateManager.java:32)
	at com.ibm.ws.container.service.state.internal.StateChangeServiceImpl.fireApplicationStarting(StateChangeServiceImpl.java:50)
	at com.ibm.ws.app.manager.module.internal.DeployedAppInfoBase.preDeployApp(DeployedAppInfoBase.java:384)
	at com.ibm.ws.app.manager.module.internal.DeployedAppInfoBase.deployApp(DeployedAppInfoBase.java:413)
	at com.ibm.ws.app.manager.war.internal.WARApplicationHandlerImpl.install(WARApplicationHandlerImpl.java:65)
	at com.ibm.ws.app.manager.internal.statemachine.StartAction.execute(StartAction.java:140)
	at com.ibm.ws.app.manager.internal.statemachine.ApplicationStateMachineImpl.enterState(ApplicationStateMachineImpl.java:1261)
	at com.ibm.ws.app.manager.internal.statemachine.ApplicationStateMachineImpl.run(ApplicationStateMachineImpl.java:876)
	at com.ibm.ws.threading.internal.ExecutorServiceImpl$RunnableWrapper.run(ExecutorServiceImpl.java:239)
	at java.base/java.util.concurrent.ThreadPoolExecutor.runWorker(ThreadPoolExecutor.java:1128)
	at java.base/java.util.concurrent.ThreadPoolExecutor$Worker.run(ThreadPoolExecutor.java:628)
	at java.base/java.lang.Thread.run(Thread.java:835)
Caused by: org.jboss.weld.exceptions.DeploymentException: WELD-000072: Bean declaring a passivating scope must be passivation capable.  Bean:  Managed Bean [class view.radio.RadioView] with qualifiers [@Default @Any @Named]
	at org.jboss.weld.bean.ManagedBean.checkType(ManagedBean.java:216)
	at org.jboss.weld.bean.AbstractBean.initializeAfterBeanDiscovery(AbstractBean.java:108)
	at org.jboss.weld.bean.ManagedBean.initializeAfterBeanDiscovery(ManagedBean.java:122)
	at org.jboss.weld.bootstrap.ConcurrentBeanDeployer$AfterBeanDiscoveryInitializerFactory.doWork(ConcurrentBeanDeployer.java:111)
	at org.jboss.weld.bootstrap.ConcurrentBeanDeployer$AfterBeanDiscoveryInitializerFactory.doWork(ConcurrentBeanDeployer.java:102)
	at org.jboss.weld.executor.IterativeWorkerTaskFactory$1.call(IterativeWorkerTaskFactory.java:62)
	at org.jboss.weld.executor.IterativeWorkerTaskFactory$1.call(IterativeWorkerTaskFactory.java:55)
	at com.ibm.ws.threading.internal.PolicyTaskFutureImpl.run(PolicyTaskFutureImpl.java:724)
	at com.ibm.ws.threading.internal.PolicyExecutorImpl.runTask(PolicyExecutorImpl.java:1134)
	at com.ibm.ws.threading.internal.PolicyExecutorImpl.invokeAll(PolicyExecutorImpl.java:683)
	at com.ibm.ws.concurrent.internal.ManagedExecutorServiceImpl.invokeAll(ManagedExecutorServiceImpl.java:413)
	at org.jboss.weld.executor.AbstractExecutorServices.invokeAllAndCheckForExceptions(AbstractExecutorServices.java:59)
	at org.jboss.weld.executor.AbstractExecutorServices.invokeAllAndCheckForExceptions(AbstractExecutorServices.java:67)
	at org.jboss.weld.bootstrap.ConcurrentBeanDeployer.doAfterBeanDiscovery(ConcurrentBeanDeployer.java:88)
	at org.jboss.weld.bootstrap.BeanDeployment.afterBeanDiscovery(BeanDeployment.java:268)
	at org.jboss.weld.bootstrap.WeldStartup.deployBeans(WeldStartup.java:482)
	at org.jboss.weld.bootstrap.WeldBootstrap.deployBeans(WeldBootstrap.java:86)
	at com.ibm.ws.cdi.impl.CDIContainerImpl.startInitialization(CDIContainerImpl.java:151)
	at com.ibm.ws.cdi.liberty.CDIRuntimeImpl.applicationStarting(CDIRuntimeImpl.java:438)
	at com.ibm.ws.container.service.state.internal.ApplicationStateManager.fireStarting(ApplicationStateManager.java:28)
	... 11 more

Dump of callerThis
Object type = com.ibm.ws.app.manager.war.internal.WARDeployedAppInfo
  CONTEXT_ROOT = "context-root"
  webModuleHandler = class com.ibm.ws.app.manager.web.internal.WebModuleHandlerImpl@519b4bb
    serialVersionUID = 4795602325763828210
    $$$tc$$$ = class com.ibm.websphere.ras.TraceComponent@5e6ce83d
      strings[0] = "TraceComponent[com.ibm.ws.app.manager.web.internal.WebModuleHandlerImpl,class com.ibm.ws.app.manager.web.internal.WebModuleHandlerImpl,[webcontainer, applications, app.manager],com.ibm.ws.app.manager.war.internal.resources.Messages,null]"
    futureMonitor = class com.ibm.ws.threading.internal.FutureMonitorImpl@31cae098
    metaDataService = class com.ibm.ws.container.service.metadata.internal.MetaDataServiceImpl@767a7816
    stateChangeService = class com.ibm.ws.container.service.state.internal.StateChangeServiceImpl@4b50dd50
    moduleRuntimeContainer = class com.ibm.ws.webcontainer.osgi.WebContainer@35b4833b
      tc = class com.ibm.websphere.ras.TraceComponent@634c17b6
      CLASS_NAME = "com.ibm.ws.webcontainer.osgi.WebContainer"
      initialized = true
      eventService = class com.ibm.ws.event.internal.EventEngineImpl@73af3bf2
      futureMonitor = class com.ibm.ws.threading.internal.FutureMonitorImpl@31cae098
      classLoadingSRRef = class com.ibm.wsspi.kernel.service.utils.AtomicServiceReference@45cae4b5
      sessionHelperSRRef = class com.ibm.wsspi.kernel.service.utils.AtomicServiceReference@3a582180
      cacheManagerSRRef = class com.ibm.wsspi.kernel.service.utils.AtomicServiceReference@26318b7c
      injectionEngineSRRef = class com.ibm.wsspi.kernel.service.utils.AtomicServiceReference@2c4b44e3
      managedObjectServiceSRRef = class com.ibm.wsspi.kernel.service.utils.AtomicServiceReference@3eb6f293
      backgroundWebAppStartFutures = class com.ibm.ws.webcontainer.util.OneTimeUseArrayList@459990e4
      REFERENCE_WEB_MBEAN_RUNTIME = "webMBeanRuntime"
      webMBeanRuntimeServiceRef = class com.ibm.wsspi.kernel.service.utils.AtomicServiceReference@6fd98940
      servletContainerInitializers = class com.ibm.wsspi.kernel.service.utils.ConcurrentServiceReferenceSet@1943a404
      es = class com.ibm.ws.threading.internal.ExecutorServiceImpl@7429baa7
      locationServiceRef = class java.util.concurrent.atomic.AtomicReference@1068efd5
      transferContextServiceRef = class com.ibm.wsspi.kernel.service.utils.ConcurrentServiceReferenceSet@197f438c
      encodingServiceRef = class java.util.concurrent.atomic.AtomicReference@3acf5a6a
      instance = class java.util.concurrent.atomic.AtomicReference@3ea8bab3
      vhostManager = class com.ibm.ws.webcontainer.osgi.DynamicVirtualHostManager@69e9ecf4
      metaDataService = class com.ibm.ws.container.service.metadata.internal.MetaDataServiceImpl@767a7816
      j2eeNameFactory = class com.ibm.ws.container.service.metadata.internal.J2EENameFactoryImpl@a69a166
      context = class org.apache.felix.scr.impl.manager.ComponentContextImpl@4a35a64b
      contextRoots = class java.util.Collections$SynchronizedSet@3133e09c
      pendingContextRoots = class java.util.HashMap@179b3402
      deployedModuleMap = class java.util.concurrent.ConcurrentHashMap@503ed506
      connContextPool = class com.ibm.ws.webcontainer40.osgi.srt.factory.SRTConnectionContextPool40Impl@375e26b4
      DEFAULT_PORT = "*"
      DEFAULT_VHOST_NAME = "default_host"
      cachedServerInfo = "IBM WebSphere Liberty/19.0.0.3"
      lock = class com.ibm.ws.webcontainer.osgi.WebContainer$1@194717c3
      webAppFactory = class com.ibm.ws.webcontainer40.osgi.webapp.factory.WebAppFactory40Impl@57320bcd
      requestFactory = class com.ibm.ws.webcontainer40.osgi.response.factory.IRequestResponseFactory40Impl@710272c8
      responseFactory = class com.ibm.ws.webcontainer40.osgi.response.factory.IRequestResponseFactory40Impl@710272c8
      asyncContextFactory = class com.ibm.ws.webcontainer40.async.factory.AsyncContextFactory40Impl@37af81da
      DEFAULT_MAX_VERSION = 30
      versionRef = class org.eclipse.osgi.internal.serviceregistry.ServiceReferenceImpl@167771e3
      serverStopping = class com.ibm.ws.staticvalue.StaticValue$FinalSingleton@51dc7c83
      modulesStarting = 0
      uriMatcherFactory = class com.ibm.wsspi.webcontainer40.util.factory.URIMatcherFactory40Impl@33aac042
      SPEC_LEVEL_UNLOADED = -1
      SPEC_LEVEL_30 = 30
      SPEC_LEVEL_31 = 31
      SPEC_LEVEL_40 = 40
      DEFAULT_SPEC_LEVEL = 30
      loadedContainerSpecLevel = 40
      ISO = "ISO-8859-1"
      encoding = "UTF-8"
      decode = true
      wcconfig = class com.ibm.ws.webcontainer.osgi.WebContainerConfiguration@5515a83e
      applicationListeners = class java.util.ArrayList@671fee7b
      servletListeners = class java.util.ArrayList@2d28a0a
      servletErrorListeners = class java.util.ArrayList@7b5eb93a
      servletInvocationListeners = class java.util.ArrayList@372aa37
      filterInvocationListeners = class java.util.ArrayList@1b06e014
      filterErrorListeners = class java.util.ArrayList@d92aba4
      filterListeners = class java.util.ArrayList@30b4445
      servletRequestListeners = class java.util.ArrayList@153e6501
      servletRequestAttributeListeners = class java.util.ArrayList@399431f2
      servletContextListeners = class java.util.ArrayList@214372ef
      servletContextAttributeListeners = class java.util.ArrayList@78b333ee
      sessionListeners = class java.util.ArrayList@1ec35794
      sessionIdListeners = class java.util.ArrayList@640fe1f
      sessionAttributeListeners = class java.util.ArrayList@3cae2032
      DEFAULT_HOST = "default_host"
      _initialized = true
      logger = class com.ibm.ws.logging.internal.WsLogger@5de3480a
      CLASS_NAME = "com.ibm.ws.webcontainer.internal.WebContainer"
      nls = class com.ibm.ejs.ras.TraceNLS@5918cbd5
      self = class java.util.concurrent.atomic.AtomicReference@58a966ef
      _cipherToBit = class java.util.HashMap@154b6278
      cacheKeyStringBuilder = class com.ibm.ws.util.WSThreadLocal@52afcbc3
      listenersInitialized = true
      webConProperties = class java.util.Properties@4df6f420
      sessionRegistry = null
      isStopped = false
      readWriteLockForStopping = class java.util.concurrent.locks.ReentrantReadWriteLock@5efb6d6f
      urlPrefix = ";jsessionid="
      extensionFactories = class java.util.ArrayList@106d9c6a
      postInitExtensionFactories = null
      httpResponseListeners = class java.util.ArrayList@3c30ac77
      servletContainerInitializers = class java.util.ServiceLoader@461d0825
      auditManager = class com.ibm.websphere.security.audit.context.AuditManager@4308859c
      invocationCacheSize = 500
      decodePlusSign = true
      _cacheMap = class java.util.concurrent.ConcurrentHashMap@3f7adf5b
      _cacheSize = class java.util.concurrent.atomic.AtomicInteger@6909fd7
      vHostCompatFlag = false
      platformHelper = class com.ibm.ws.webcontainer.PlatformHelper@2862f300
      isDefaultTempDir = true
      tempDir = null
      servletCachingInitNeeded = true
      appInstallBegun = true
      cacheServletWrapperFactory = class com.ibm.ws.webcontainer40.servlet.factory.CacheServletWrapperFactory40Impl@2fc1b7f5
      commands = class java.util.ArrayList@46a82551
      requestMapper = class com.ibm.ws.webcontainer.util.VirtualHostContextRootMapper@44c46474
      parent = null
      name = "Was.webcontainer"
      isAlive = true
      subElements = class java.util.HashMap@7b01651f
      attributes = null
      config = null
      serialVersionUID = -8271459000149267764
      $$$tc$$$ = class com.ibm.websphere.ras.TraceComponent@59f23388
    firstFailure = null
    serialVersionUID = -4563697739413190872
    $$$tc$$$ = class com.ibm.websphere.ras.TraceComponent@42a264ce
      strings[0] = "TraceComponent[com.ibm.ws.app.manager.module.internal.ModuleHandlerBase,class com.ibm.ws.app.manager.module.internal.ModuleHandlerBase,[applications, app.manager],,null]"
  webContainerModuleInfo = class com.ibm.ws.app.manager.module.internal.SimpleDeployedAppInfoBase$WebModuleContainerInfo@1fc128ee
    contextRoot = null
    defaultContextRoot = "Pruebas"
    serialVersionUID = -8158961796913348204
    $$$tc$$$ = class com.ibm.websphere.ras.TraceComponent@49ef4568
      strings[0] = "TraceComponent[com.ibm.ws.app.manager.module.internal.SimpleDeployedAppInfoBase$WebModuleContainerInfo,class com.ibm.ws.app.manager.module.internal.SimpleDeployedAppInfoBase$WebModuleContainerInfo,[applications, app.manager],,null]"
    moduleHandler = class com.ibm.ws.app.manager.web.internal.WebModuleHandlerImpl@519b4bb
    moduleMetaDataExtenders = class java.util.concurrent.CopyOnWriteArrayList@78d1540e
      serialVersionUID = 8673264195747942595
      lock = class java.lang.Object@19d0f24
      array = class java.lang.Object[3]
    nestedModuleMetaDataFactories = class java.util.concurrent.CopyOnWriteArrayList@52966fb0
      serialVersionUID = 8673264195747942595
      lock = class java.lang.Object@5fb1cd09
      array = class java.lang.Object[1]
    nestedModules = null
    moduleName = "Pruebas"
    moduleDD = class com.ibm.ws.javaee.ddmodel.web.common.WebAppType@12c4881e
      version = class com.ibm.ws.javaee.ddmodel.TokenType@4cb82987
      metadata_complete = null
      module_name = null
      absolute_ordering = null
      serialVersionUID = 4092807504738198665
      $$$tc$$$ = class com.ibm.websphere.ras.TraceComponent@42310729
      description = null
      display_name = null
      icon = null
      distributable = null
      context_param = class com.ibm.ws.javaee.ddmodel.common.ParamValueType$ListType@76ceae51
      filter = null
      filter_mapping = null
      listener = null
      servlet = class com.ibm.ws.javaee.ddmodel.web.common.ServletType$ListType@5f900113
      servlet_mapping = class com.ibm.ws.javaee.ddmodel.web.common.ServletMappingType$ListType@7cae3442
      session_config = class com.ibm.ws.javaee.ddmodel.web.common.SessionConfigType@2fd8133a
      mime_mapping = class com.ibm.ws.javaee.ddmodel.web.common.MimeMappingType$ListType@2c678cb6
      welcome_file_list = class com.ibm.ws.javaee.ddmodel.web.common.WelcomeFileListType@73a088b0
      error_page = class com.ibm.ws.javaee.ddmodel.web.common.ErrorPageType$ListType@7e21aea2
      jsp_config = null
      security_constraint = null
      deny_uncovered_http_methods = null
      login_config = null
      security_role = null
      message_destination = null
      locale_encoding_mapping_list = null
      default_context_path = null
      request_encoding = null
      response_encoding = null
      servletNameToServletMap = null
      filterNameToFilterMap = null
      ejbRefNameToEJBLocalRefMap = null
      ejbRefNameToEJBRefMap = null
      resourceEnvRefNameToResourceEnvRefMap = null
      messageDestinationRefNameToMessageDestinationRefMap = null
      resRefNameToResourceRefMap = null
      envEntryNameToEnvEntryMap = null
      roleNameToSecurityRoleMap = null
      roleLinkToSecurityRoleRefMap = null
      handlerNameToHandlerMap = null
      path = "WEB-INF/web.xml"
      idMap = class com.ibm.ws.javaee.ddmodel.DDParser$ComponentIDMap@118f339f
      serialVersionUID = 5321339975883512588
      $$$tc$$$ = class com.ibm.websphere.ras.TraceComponent@34c9dc15
      post_construct = null
      pre_destroy = null
      serialVersionUID = 1102064201943992836
      $$$tc$$$ = class com.ibm.websphere.ras.TraceComponent@7d1173e6
      env_entry = null
      ejb_ref = null
      ejb_local_ref = null
      resource_ref = null
      resource_env_ref = null
      message_destination_ref = null
      persistence_context_ref = null
      persistence_unit_ref = null
      data_source = null
      jms_connection_factory = null
      jms_destination = null
      mail_session = null
      connection_factory = null
      administered_object = null
      serialVersionUID = 8931982405528922228
      $$$tc$$$ = class com.ibm.websphere.ras.TraceComponent@6824663f
      service_ref = null
      serialVersionUID = -6199862059825607270
      $$$tc$$$ = class com.ibm.websphere.ras.TraceComponent@292780f5
      nilled = false
      serialVersionUID = -2826386306561723362
      $$$tc$$$ = class com.ibm.websphere.ras.TraceComponent@3fc968d9
    moduleInfo = class com.ibm.ws.app.manager.module.internal.WebModuleInfoImpl@184568d3
      contextRoot = "/Pruebas"
      isDefaultContextRootUsed = true
      serialVersionUID = -1540279394520440503
      $$$tc$$$ = class com.ibm.websphere.ras.TraceComponent@14c0bd04
      tc = class com.ibm.websphere.ras.TraceComponent@55ce90ee
      appInfo = class com.ibm.ws.container.service.app.deploy.internal.ApplicationInfoImpl@200eab8d
      moduleName = "Pruebas"
      path = "Pruebas.war"
      moduleContainer = class com.ibm.ws.adaptable.module.internal.AdaptableContainerImpl@119872a9
      altDDEntry = null
      moduleClassesContainers = class java.util.ArrayList@18cdf433
      classLoaderFactory = class com.ibm.ws.app.manager.war.internal.WARDeployedAppInfo@2393e460
      containerInfoType = class com.ibm.ws.container.service.app.deploy.ContainerInfo$Type@6a4eac50
      classLoader = class com.ibm.ws.classloading.internal.AppClassLoader@32b18879
      moduleMetaData = class com.ibm.ws.webcontainer.osgi.metadata.WebModuleMetaDataImpl@2ecc447b
      nestedModuleMetaDataTypes = null
      nestedModuleMetaDataValues = null
      serialVersionUID = 3986734351620206554
    serialVersionUID = 8693907776607441911
    $$$tc$$$ = class com.ibm.websphere.ras.TraceComponent@7b09b8ef
      strings[0] = "TraceComponent[com.ibm.ws.app.manager.module.internal.SimpleDeployedAppInfoBase$ModuleContainerInfoBase,class com.ibm.ws.app.manager.module.internal.SimpleDeployedAppInfoBase$ModuleContainerInfoBase,[applications, app.manager],,null]"
    type = class com.ibm.ws.container.service.app.deploy.ContainerInfo$Type@6a4eac50
      MANIFEST_CLASSPATH = class com.ibm.ws.container.service.app.deploy.ContainerInfo$Type@3441aa21
      WEB_INF_CLASSES = class com.ibm.ws.container.service.app.deploy.ContainerInfo$Type@8d2163d
      WEB_INF_LIB = class com.ibm.ws.container.service.app.deploy.ContainerInfo$Type@198519e7
      EAR_LIB = class com.ibm.ws.container.service.app.deploy.ContainerInfo$Type@1ce83e4c
      WEB_MODULE = class com.ibm.ws.container.service.app.deploy.ContainerInfo$Type@6a4eac50
      EJB_MODULE = class com.ibm.ws.container.service.app.deploy.ContainerInfo$Type@25418f52
      CLIENT_MODULE = class com.ibm.ws.container.service.app.deploy.ContainerInfo$Type@3dba0639
      RAR_MODULE = class com.ibm.ws.container.service.app.deploy.ContainerInfo$Type@cc16a48
      JAR_MODULE = class com.ibm.ws.container.service.app.deploy.ContainerInfo$Type@51862fc2
      SHARED_LIB = class com.ibm.ws.container.service.app.deploy.ContainerInfo$Type@781401bf
      $VALUES = class com.ibm.ws.container.service.app.deploy.ContainerInfo$Type[10]
      $$$tc$$$ = class com.ibm.websphere.ras.TraceComponent@617055ec
      name = "WEB_MODULE"
      ordinal = 4
    name = "Pruebas.war"
    container = class com.ibm.ws.adaptable.module.internal.AdaptableContainerImpl@119872a9
    altDDEntry = null
    classesContainerInfo = class java.util.ArrayList@18cdf433
      serialVersionUID = 8683452581122892189
      DEFAULT_CAPACITY = 10
      EMPTY_ELEMENTDATA = class java.lang.Object[0]
      DEFAULTCAPACITY_EMPTY_ELEMENTDATA = class java.lang.Object[0]
      elementData = class java.lang.Object[10]
      size = 5
      MAX_ARRAY_SIZE = 2147483639
      modCount = 6
      MAX_ARRAY_SIZE = 2147483639
    serialVersionUID = 7427332431485745589
    $$$tc$$$ = class com.ibm.websphere.ras.TraceComponent@20a4d84a
      strings[0] = "TraceComponent[com.ibm.ws.app.manager.module.internal.SimpleDeployedAppInfoBase$ExtendedContainerInfo,class com.ibm.ws.app.manager.module.internal.SimpleDeployedAppInfoBase$ExtendedContainerInfo,[applications, app.manager],,null]"
  DYNAMIC_IMPORT_PACKAGE_LIST = class java.util.Collections$UnmodifiableRandomAccessList@362080ee
    serialVersionUID = -2542308836966382001
    serialVersionUID = -283967356065247728
    list = class java.util.Arrays$ArrayList@172ae703
      serialVersionUID = -2764017481108945198
      a = class java.lang.String[1]
      modCount = 0
      MAX_ARRAY_SIZE = 2147483639
    serialVersionUID = 1820017752578914078
    c = class java.util.Arrays$ArrayList@172ae703
  serialVersionUID = -6153587016903242961
  $$$tc$$$ = class com.ibm.websphere.ras.TraceComponent@673f377b
    strings[0] = "TraceComponent[com.ibm.ws.app.manager.war.internal.WARDeployedAppInfo,class com.ibm.ws.app.manager.war.internal.WARDeployedAppInfo,[webcontainer, applications, app.manager],com.ibm.ws.app.manager.war.internal.resources.Messages,null]"
  _tc = class com.ibm.websphere.ras.TraceComponent@197fb27
    strings[0] = "TraceComponent[com.ibm.ws.app.manager.module.internal.DeployedAppInfoBase,class com.ibm.ws.app.manager.module.internal.DeployedAppInfoBase,[app.manager],com.ibm.ws.app.manager.module.internal.resources.Messages,null]"
  PERMISSION_XML = "permissions.xml"
  applicationInformation = class com.ibm.ws.app.manager.internal.ApplicationInstallInfo@2ae755c4
    _config = class com.ibm.ws.app.manager.internal.ApplicationConfig@4304c6b3
      tc = class com.ibm.websphere.ras.TraceComponent@67a9384c
      _configPid = "com.ibm.ws.app.manager_37"
      _config = class com.ibm.ws.config.admin.ConfigurationDictionary@632a2c86
      _applicationManager = class com.ibm.ws.app.manager.ApplicationManager@1b33495f
      _location = "Pruebas.war"
      _type = "war"
      _name = "Pruebas"
      _notificationBroadcasterSupport = class javax.management.NotificationBroadcasterSupport@605f48d4
      ONE_TIME_JANDEX_MSGS_DISPLAYED = true
    _handlerInfo = class java.util.concurrent.atomic.AtomicReference@7b113bdd
      serialVersionUID = -1848883965231344442
      VALUE = class java.lang.invoke.VarHandleReferences$FieldInstanceReadWrite@3d4a7552
      value = class com.ibm.ws.app.manager.war.internal.WARDeployedAppInfo@2393e460
    _container = class java.util.concurrent.atomic.AtomicReference@9e8a3f6
      serialVersionUID = -1848883965231344442
      VALUE = class java.lang.invoke.VarHandleReferences$FieldInstanceReadWrite@3d4a7552
      value = class com.ibm.ws.adaptable.module.internal.AdaptableContainerImpl@119872a9
    _resolvedLocation = class java.util.concurrent.atomic.AtomicReference@358ac41a
      serialVersionUID = -1848883965231344442
      VALUE = class java.lang.invoke.VarHandleReferences$FieldInstanceReadWrite@3d4a7552
      value = class com.ibm.ws.kernel.service.location.internal.LocalFileResource@310e3ad2
    _handler = class com.ibm.ws.app.manager.war.internal.WARApplicationHandlerImpl@50debd46
      futureMonitor = class com.ibm.ws.threading.internal.FutureMonitorImpl@31cae098
      deployedAppFactory = class com.ibm.ws.app.manager.war.internal.WARDeployedAppInfoFactoryImpl@5f868891
      serialVersionUID = 4622845147410944782
      $$$tc$$$ = class com.ibm.websphere.ras.TraceComponent@5126c7e9
    _ami = class java.util.concurrent.atomic.AtomicReference@2263bb53
      serialVersionUID = -1848883965231344442
      VALUE = class java.lang.invoke.VarHandleReferences$FieldInstanceReadWrite@3d4a7552
      value = class com.ibm.wsspi.application.handler.DefaultApplicationMonitoringInformation@6459cfc4
    _updateHandler = class com.ibm.ws.app.manager.internal.statemachine.ApplicationStateMachineImpl@6ed84bfa
      _tc = class com.ibm.websphere.ras.TraceComponent@7551f46a
      EMPTY_FUTURE_ARRAY = interface java.util.concurrent.Future[0]
      asmSequenceNumber = class java.util.concurrent.atomic.AtomicLong@3b2dc1a7
      _qscaCounter = class java.util.concurrent.atomic.AtomicInteger@397f967d
      _failedThrowable = null
      _interruptibleLock = class com.ibm.ws.app.manager.internal.statemachine.ApplicationStateMachineImpl$2@135773e4
      _interruptible = false
      _performingQueuedActions = true
      _queuedActions = class java.util.concurrent.ConcurrentLinkedQueue@3209f1c7
      _callbackState = class java.util.concurrent.atomic.AtomicReference@67fc3ed8
      blockAppStartingFutures = class java.util.Collections$SetFromMap@22f58024
      waitingForAppHandlerFuture = class java.util.concurrent.atomic.AtomicReference@a950fcd
      waitingForExplicitStartFuture = class java.util.concurrent.atomic.AtomicReference@77ef4091
      completionListener = class java.util.concurrent.atomic.AtomicReference@7163aa4a
      _notifyAppStopped = class java.util.concurrent.ConcurrentLinkedQueue@7f99f0e2
      _notifyAppStarting = class java.util.concurrent.ConcurrentLinkedQueue@5dd073bb
      _notifyAppInstallCalled = class java.util.concurrent.ConcurrentLinkedQueue@50b64b58
      _notifyAppStarted = class java.util.concurrent.ConcurrentLinkedQueue@3ceb8afe
      _notifyAppRemoved = class java.util.concurrent.ConcurrentLinkedQueue@c457361
      _stateLock = class com.ibm.ws.app.manager.internal.statemachine.ApplicationStateMachineImpl$3@525684f9
      _internalState = class java.util.concurrent.atomic.AtomicReference@3058f960
      _currentAction = class java.util.concurrent.atomic.AtomicReference@508439ef
      _rfa = class java.util.concurrent.atomic.AtomicReference@77fd96e5
      _appInstallInfo = class java.util.concurrent.atomic.AtomicReference@11eab5af
      _update = class java.util.concurrent.atomic.AtomicBoolean@668ecd0b
      _appConfig = class java.util.concurrent.atomic.AtomicReference@17b4cb74
      _nextAppConfig = class java.util.concurrent.atomic.AtomicReference@ce53dd9
      _appContainer = class java.util.concurrent.atomic.AtomicReference@4866b627
      _resolvedLocation = class java.util.concurrent.atomic.AtomicReference@5890dcb5
      _handler = class java.util.concurrent.atomic.AtomicReference@69ce43b8
      _asmSeqNo = 1
      _ctx = class org.eclipse.osgi.internal.framework.BundleContextImpl@3780875a
      _locAdmin = class com.ibm.ws.kernel.service.location.internal.WsLocationAdminImpl@4ce0b0ad
      _futureMonitor = class com.ibm.ws.threading.internal.FutureMonitorImpl@31cae098
      _artifactFactory = class com.ibm.ws.artifact.internal.ArtifactContainerFactoryService@6fe1f760
      _moduleFactory = class com.ibm.ws.adaptable.module.internal.AdaptableModuleFactoryImpl@1f2da4c5
      _executorService = class com.ibm.ws.threading.internal.ExecutorServiceImpl@7429baa7
      _scheduledExecutorService = class com.ibm.ws.threading.internal.ScheduledExecutorImpl@3d051957
      _asmHelper = class com.ibm.ws.app.manager.internal.ApplicationConfigurator$NamedApplication@fcb9ccf
      _appMonitor = class com.ibm.ws.app.manager.internal.monitor.ApplicationMonitor@5b2de04f
      enterStateCalled = class java.util.concurrent.atomic.AtomicBoolean@3b9746bd
      serialVersionUID = 6511956370079301927
      serialVersionUID = 5501066335104962649
      $$$tc$$$ = class com.ibm.websphere.ras.TraceComponent@33decf1a
    serialVersionUID = 2630639237123415755
    $$$tc$$$ = class com.ibm.websphere.ras.TraceComponent@5f6b4e61
      strings[0] = "TraceComponent[com.ibm.ws.app.manager.internal.ApplicationInstallInfo,class com.ibm.ws.app.manager.internal.ApplicationInstallInfo,[applications, app.manager],com.ibm.ws.app.manager.internal.resources.AppManagerMessages,null]"
  location = "D:\devel\tools\wlp\usr\servers\defaultServer\apps\Pruebas.war.xml"
  classLoadingService = class com.ibm.ws.classloading.internal.ClassLoadingServiceImpl@2fc8aa6b
    tc = class com.ibm.websphere.ras.TraceComponent@53de8e62
      strings[0] = "TraceComponent[com.ibm.ws.classloading.internal.ClassLoadingServiceImpl,class com.ibm.ws.classloading.internal.ClassLoadingServiceImpl,[ClassLoadingService],com.ibm.ws.classloading.internal.resources.ClassLoadingServiceMessages,null]"
    leakDetectionMap = class java.util.HashMap@13a80238
      serialVersionUID = 362498820763181265
      DEFAULT_INITIAL_CAPACITY = 16
      MAXIMUM_CAPACITY = 1073741824
      DEFAULT_LOAD_FACTOR = 0.75
      TREEIFY_THRESHOLD = 8
      UNTREEIFY_THRESHOLD = 6
      MIN_TREEIFY_CAPACITY = 64
      table = null
      entrySet = null
      size = 0
      modCount = 0
      threshold = 0
      loadFactor = 0.75
      keySet = null
      values = null
    TCCL_LOCK_WAIT = 15000
    REFERENCE_GENERATORS = "generators"
    bundleContext = class org.eclipse.osgi.internal.framework.BundleContextImpl@422f6d06
      findHookName = "org.osgi.framework.hooks.bundle.FindHook"
      valid = true
      bundle = class org.eclipse.osgi.internal.framework.EquinoxBundle@5e124410
      container = class org.eclipse.osgi.internal.framework.EquinoxContainer@74615538
      debug = class org.eclipse.osgi.internal.debug.Debug@6bf68835
      servicesInUse = class java.util.HashMap@4355b7b0
      activator = null
      contextLock = class java.lang.Object@50cad2d7
    aclStore = class com.ibm.ws.classloading.internal.util.CanonicalStore@4f2b4b6d
      map = class java.util.concurrent.ConcurrentHashMap@5955a11
      q = class com.ibm.ws.classloading.internal.util.RefQueue@2c6f44b4
      serialVersionUID = 6715157558227169968
      $$$tc$$$ = class com.ibm.websphere.ras.TraceComponent@343472bf
    tcclStore = class com.ibm.ws.classloading.internal.util.CanonicalStore@5e17b4e8
      map = class java.util.concurrent.ConcurrentHashMap@7baf267b
      q = class com.ibm.ws.classloading.internal.util.RefQueue@5a44ae7f
      serialVersionUID = 6715157558227169968
      $$$tc$$$ = class com.ibm.websphere.ras.TraceComponent@343472bf
    tcclStoreLock = class java.util.concurrent.locks.ReentrantLock@3e0df221
      serialVersionUID = 7373984872572414699
      sync = class java.util.concurrent.locks.ReentrantLock$NonfairSync@2af0f0cb
    digraph = class org.eclipse.equinox.internal.region.StandardRegionDigraph@6d678e1a
      EMPTY_EDGE_SET = class java.util.Collections$UnmodifiableSet@6f40658
      monitor = class java.lang.Object@4cdc2a10
      regions = class java.util.HashMap@3ebf4bb6
      bundleIdToRegionMapping = class org.eclipse.equinox.internal.region.StandardBundleIdToRegionMapping@15fc22f9
      edges = class java.util.HashMap@339c20d8
      bundleContext = class org.eclipse.osgi.internal.framework.BundleContextImpl@4fcc529
      threadLocal = class java.lang.ThreadLocal@1ebd1011
      subgraphTraverser = class org.eclipse.equinox.internal.region.SubgraphTraverser@5a1b0a8b
      bundleCollisionHook = class org.eclipse.equinox.internal.region.hook.RegionBundleCollisionHook@2e0400db
      bundleEventHook = class org.eclipse.equinox.internal.region.hook.RegionBundleEventHook@7ccc6f23
      bundleFindHook = class org.eclipse.equinox.internal.region.hook.RegionBundleFindHook@a07d533
      serviceEventHook = class org.eclipse.equinox.internal.region.hook.RegionServiceEventHook@8cac9aa
      serviceFindHook = class org.eclipse.equinox.internal.region.hook.RegionServiceFindHook@64602b0
      resolverHookFactory = class org.eclipse.equinox.internal.region.hook.RegionResolverHookFactory@196cc02c
      origin = null
      originUpdateCount = -1
      updateCount = class java.util.concurrent.atomic.AtomicLong@2df6307f
      defaultRegion = null
    redefiner = class com.ibm.ws.classloading.internal.util.ClassRedefiner@7802c0f8
      tc = class com.ibm.websphere.ras.TraceComponent@1e72ccff
      LS = "
"
      inst = class com.ibm.ws.kernel.launch.internal.TraceInstrumentation@415e1a0d
      serialVersionUID = 2420101865139508526
    listener = class com.ibm.ws.classloading.internal.ClassLoadingServiceImpl$1@1bd19be4
      this$0 = class com.ibm.ws.classloading.internal.ClassLoadingServiceImpl@2fc8aa6b
      serialVersionUID = -9159707349812113172
      $$$tc$$$ = class com.ibm.websphere.ras.TraceComponent@15b7cad1
    classloaders = class java.util.Collections$SynchronizedMap@4a1cee45
      serialVersionUID = 1978198479659022715
      m = class java.util.HashMap@648e0e27
      mutex = class java.util.Collections$SynchronizedMap@4a1cee45
      keySet = null
      entrySet = null
      values = null
    resourceProviders = class com.ibm.ws.classloading.internal.CompositeResourceProvider@1bdabe42
      lockFactory = class java.util.concurrent.locks.ReentrantReadWriteLock@2da8432a
      providerMap = class com.ibm.ws.classloading.internal.util.MultiMap@127c528a
      serialVersionUID = -5576435894946156347
      $$$tc$$$ = class com.ibm.websphere.ras.TraceComponent@18e96ec7
    rememberedBundles = class java.util.concurrent.ConcurrentHashMap@7531b8c1
      serialVersionUID = 7249069246763182397
      MAXIMUM_CAPACITY = 1073741824
      DEFAULT_CAPACITY = 16
      MAX_ARRAY_SIZE = 2147483639
      DEFAULT_CONCURRENCY_LEVEL = 16
      LOAD_FACTOR = 0.75
      TREEIFY_THRESHOLD = 8
      UNTREEIFY_THRESHOLD = 6
      MIN_TREEIFY_CAPACITY = 64
      MIN_TRANSFER_STRIDE = 16
      RESIZE_STAMP_BITS = 16
      MAX_RESIZERS = 65535
      RESIZE_STAMP_SHIFT = 16
      MOVED = -1
      TREEBIN = -2
      RESERVED = -3
      HASH_BITS = 2147483647
      NCPU = 4
      serialPersistentFields = class java.io.ObjectStreamField[3]
      table = class java.util.concurrent.ConcurrentHashMap$Node[16]
      nextTable = null
      baseCount = 3
      sizeCtl = 12
      transferIndex = 0
      cellsBusy = 0
      counterCells = null
      keySet = null
      values = null
      entrySet = null
      U = class jdk.internal.misc.Unsafe@68562077
      SIZECTL = 20
      TRANSFERINDEX = 32
      BASECOUNT = 24
      CELLSBUSY = 36
      CELLVALUE = 144
      ABASE = 16
      ASHIFT = 2
      keySet = null
      values = null
    collectedBundles = class java.lang.ref.ReferenceQueue@62281338
      NULL = class java.lang.ref.ReferenceQueue$Null@46a6a33c
      ENQUEUED = class java.lang.ref.ReferenceQueue$Null@6304a9b6
      lock = class java.lang.ref.ReferenceQueue$Lock@4470d11
      head = null
      queueLength = 0
      $assertionsDisabled = true
    generatorRefs = class com.ibm.wsspi.kernel.service.utils.ConcurrentServiceReferenceSet@4f6ba7fe
      referenceName = "generators"
      contextRef = class java.util.concurrent.atomic.AtomicReference@678c8d6d
      elementMap = class java.util.LinkedHashMap@1e143ffa
      elementSet = class java.util.concurrent.ConcurrentSkipListSet@5a75ad8c
      elementSetUnsorted = false
      serialVersionUID = 756240983881166148
      $$$tc$$$ = class com.ibm.websphere.ras.TraceComponent@d42bdc5
    generatorManager = class com.ibm.ws.classloading.internal.ClassGeneratorManager@18d38ff
      tc = class com.ibm.websphere.ras.TraceComponent@15393370
      generatorRefs = class com.ibm.wsspi.kernel.service.utils.ConcurrentServiceReferenceSet@4f6ba7fe
      serialVersionUID = 4152663586056483310
    appExtLibs = class java.util.concurrent.CopyOnWriteArrayList@79027fbf
      serialVersionUID = 8673264195747942595
      lock = class java.lang.Object@52c287d0
      array = class java.lang.Object[0]
    globalConfig = class com.ibm.ws.classloading.configuration.GlobalClassloadingConfiguration@5b111274
      properties = class org.apache.felix.scr.impl.helper.ReadOnlyDictionary@4585ac89
      serialVersionUID = 452562347104713756
      $$$tc$$$ = class com.ibm.websphere.ras.TraceComponent@199ef372
    metaInfServicesProviders = class java.util.concurrent.ConcurrentHashMap@49d70abf
      serialVersionUID = 7249069246763182397
      MAXIMUM_CAPACITY = 1073741824
      DEFAULT_CAPACITY = 16
      MAX_ARRAY_SIZE = 2147483639
      DEFAULT_CONCURRENCY_LEVEL = 16
      LOAD_FACTOR = 0.75
      TREEIFY_THRESHOLD = 8
      UNTREEIFY_THRESHOLD = 6
      MIN_TREEIFY_CAPACITY = 64
      MIN_TRANSFER_STRIDE = 16
      RESIZE_STAMP_BITS = 16
      MAX_RESIZERS = 65535
      RESIZE_STAMP_SHIFT = 16
      MOVED = -1
      TREEBIN = -2
      RESERVED = -3
      HASH_BITS = 2147483647
      NCPU = 4
      serialPersistentFields = class java.io.ObjectStreamField[3]
      table = null
      nextTable = null
      baseCount = 0
      sizeCtl = 0
      transferIndex = 0
      cellsBusy = 0
      counterCells = null
      keySet = null
      values = null
      entrySet = null
      U = class jdk.internal.misc.Unsafe@68562077
      SIZECTL = 20
      TRANSFERINDEX = 32
      BASECOUNT = 24
      CELLSBUSY = 36
      CELLVALUE = 144
      ABASE = 16
      ASHIFT = 2
      keySet = null
      values = null
    metaInfServicesRefs = class com.ibm.wsspi.kernel.service.utils.ConcurrentServiceReferenceMap@21f589ba
      referenceName = "MetaInfServicesProvider"
      context = class org.apache.felix.scr.impl.manager.ComponentContextImpl@320fbe7e
      elementMap = class java.util.concurrent.ConcurrentHashMap@294d2d4a
      serialVersionUID = 6980924785166233786
      $$$tc$$$ = class com.ibm.websphere.ras.TraceComponent@6e001304
    protectionDomainMap = class java.util.HashMap@4b60f5bc
      serialVersionUID = 362498820763181265
      DEFAULT_INITIAL_CAPACITY = 16
      MAXIMUM_CAPACITY = 1073741824
      DEFAULT_LOAD_FACTOR = 0.75
      TREEIFY_THRESHOLD = 8
      UNTREEIFY_THRESHOLD = 6
      MIN_TREEIFY_CAPACITY = 64
      table = null
      entrySet = null
      size = 0
      modCount = 0
      threshold = 0
      loadFactor = 0.75
      keySet = null
      values = null
    metadataIdentifierService = class com.ibm.ws.container.service.metadata.internal.MetaDataServiceImpl@767a7816
    globalSharedLibrary = class java.util.concurrent.atomic.AtomicReference@18b1cc16
      serialVersionUID = -1848883965231344442
      VALUE = class java.lang.invoke.VarHandleReferences$FieldInstanceReadWrite@3d4a7552
      value = null
    serialVersionUID = -2277344858934055980
  globalSharedLibrary = class com.ibm.ws.library.internal.SharedLibraryImpl@1ac094df
    tc = class com.ibm.websphere.ras.TraceComponent@56e8e00
      strings[0] = "TraceComponent[com.ibm.ws.library.internal.SharedLibraryImpl,class com.ibm.ws.library.internal.SharedLibraryImpl,[SharedLibrary],com.ibm.ws.classloading.internal.resources.ClassLoadingServiceMessages,null]"
    EMPTY_LIBRARY_LISTENERS = interface com.ibm.wsspi.library.LibraryChangeListener[0]
    deleted = false
    libraryListenersTracker = class org.osgi.util.tracker.ServiceTracker@53d9b588
      DEBUG = false
      context = class org.eclipse.osgi.internal.framework.BundleContextImpl@422f6d06
      filter = class org.eclipse.osgi.internal.framework.FilterImpl@627afa0
      customizer = class org.osgi.util.tracker.ServiceTracker@53d9b588
      listenerFilter = "(&(objectClass=com.ibm.wsspi.library.LibraryChangeListener)(|(library=global)(libraryRef=*com.ibm.ws.classloading.sharedlibrary_40*)))"
      trackClass = null
      trackReference = null
      tracked = class org.osgi.util.tracker.ServiceTracker$Tracked@503b1134
      cachedReference = null
      cachedService = null
    libraryReg = class org.eclipse.osgi.internal.serviceregistry.ServiceRegistrationImpl@12720d50
      registry = class org.eclipse.osgi.internal.serviceregistry.ServiceRegistry@12e6e086
      context = class org.eclipse.osgi.internal.framework.BundleContextImpl@422f6d06
      bundle = class org.eclipse.osgi.internal.framework.EquinoxBundle@5e124410
      clazzes = class java.lang.String[1]
      service = class com.ibm.ws.library.internal.SharedLibraryImpl@1ac094df
      reference = class org.eclipse.osgi.internal.serviceregistry.ServiceReferenceImpl@2a3fcb2e
      contextsUsing = class java.util.ArrayList@2d106d28
      properties = class java.util.Collections$UnmodifiableMap@8d74adc
      serviceid = 313
      serviceranking = 2
      registrationLock = class java.lang.Object@b0311fc
      state = 0
      REGISTERED = 0
      UNREGISTERING = 1
      UNREGISTERED = 2
      FRAMEWORK_SET_SERVICE_PROPERTIES_COUNT = 4
      $assertionsDisabled = true
    ctx = class org.eclipse.osgi.internal.framework.BundleContextImpl@422f6d06
    classLoadingService = class com.ibm.ws.classloading.internal.ClassLoadingServiceImpl@2fc8aa6b
    configAdmin = class com.ibm.ws.config.admin.internal.ConfigurationAdminImpl@4ead2c4b
      tc = class com.ibm.websphere.ras.TraceComponent@31ef3987
      bundle = class org.eclipse.osgi.internal.framework.EquinoxBundle@5e124410
      caFactory = class com.ibm.ws.config.admin.internal.ConfigAdminServiceFactory@74a94c4d
      serialVersionUID = -2875522750804142523
    resolvedBasePath = "D:/devel/tools/wlp/usr/servers/defaultServer/"
    generationLock = class com.ibm.ws.library.internal.SharedLibraryImpl$1@75983c81
      this$0 = class com.ibm.ws.library.internal.SharedLibraryImpl@1ac094df
      serialVersionUID = 2483639803450672373
      $$$tc$$$ = class com.ibm.websphere.ras.TraceComponent@23b5d611
    currentGeneration = class com.ibm.ws.library.internal.LibraryGeneration@4beddd5b
      tc = class com.ibm.websphere.ras.TraceComponent@4ff3457f
      nextInt = class java.util.concurrent.atomic.AtomicInteger@5d4c07fc
      libraryId = "global"
      genId = 2
      libraryProps = class java.util.Hashtable@5644e938
      filesetRefs = class java.util.Collections$UnmodifiableRandomAccessList@10e18297
      apiTypeVisibility = class java.util.RegularEnumSet@3841be1c
      files = class java.util.Collections$EmptyList@6147902b
      folders = class java.util.ArrayList@50f3d0f
      fileAndFolderContainers = class java.util.Collections$EmptyList@6147902b
      filesets = class java.util.concurrent.ArrayBlockingQueue@747309bf
      filesetListenerRegs = class java.util.concurrent.ConcurrentLinkedQueue@681ad89c
      cancelled = false
      library = class com.ibm.ws.library.internal.SharedLibraryImpl@1ac094df
      serialVersionUID = 6965220007121905717
    nextGeneration = class com.ibm.ws.library.internal.LibraryGeneration@4beddd5b
    artifactContainerFactory = class com.ibm.ws.library.internal.SharedLibraryFactory$1@5506445b
      this$0 = class com.ibm.ws.library.internal.SharedLibraryFactory@36aeed17
      serialVersionUID = 7730244564205089330
      $$$tc$$$ = class com.ibm.websphere.ras.TraceComponent@6bffe98e
    packageExporter = class com.ibm.ws.library.internal.LibraryPackageExporter@726ef5c4
      EXPORTER_POSTFIX = "_library_exporter"
      REGION_EXPORT_TO_LIBERTY = "liberty.library.export.to.liberty"
      REGION_EXPORT_TO_OSGI_APPS = "liberty.library.export.to.osgi.app"
      REGION_KERNEL = "org.eclipse.equinox.region.kernel"
      counter = class java.util.concurrent.atomic.AtomicLong@466f4cce
      context = class org.eclipse.osgi.internal.framework.BundleContextImpl@422f6d06
      digraph = class org.eclipse.equinox.internal.region.StandardRegionDigraph@6d678e1a
      bundleToLibrary = class java.util.concurrent.ConcurrentHashMap@36f7be8b
      libraryToVisibility = class java.util.concurrent.ConcurrentHashMap@47302a65
      serialVersionUID = 8074378969667956573
      $$$tc$$$ = class com.ibm.websphere.ras.TraceComponent@6882f132
    serialVersionUID = 6288237618632180389
  sharedLibDeploymentInfo = class com.ibm.ws.app.manager.module.internal.DeployedAppInfoBase$SharedLibDeploymentInfo@4fc0f342
    bundleContext = class org.eclipse.osgi.internal.framework.BundleContextImpl@515e2f0a
      findHookName = "org.osgi.framework.hooks.bundle.FindHook"
      valid = true
      bundle = class org.eclipse.osgi.internal.framework.EquinoxBundle@ca32c52
      container = class org.eclipse.osgi.internal.framework.EquinoxContainer@74615538
      debug = class org.eclipse.osgi.internal.debug.Debug@6bf68835
      servicesInUse = class java.util.HashMap@1f88b903
      activator = null
      contextLock = class java.lang.Object@5f6ff0c5
    locAdmin = class com.ibm.ws.kernel.service.location.internal.WsLocationAdminImpl@4ce0b0ad
      tc = class com.ibm.websphere.ras.TraceComponent@22ee4312
      LOC_INTERNAL_LIB_DIR = "wlp.lib.dir"
      LOC_AREA_NAME_APPS = "shared/apps/"
      LOC_AREA_NAME_CONFIG = "shared/config/"
      LOC_AREA_NAME_RESC = "shared/resources/"
      LOC_AREA_NAME_STATE = "logs/state/"
      LOC_AREA_NAME_SERVERS = "servers/"
      LOC_AREA_NAME_CLIENTS = "clients/"
      LOC_AREA_NAME_WORKING = "workarea/"
      LOC_AREA_NAME_EXTENSION = "extension/"
      instance = class com.ibm.ws.staticvalue.StaticValue$FinalSingleton@6e71db3a
      installRoot = class com.ibm.ws.kernel.service.location.internal.SymbolicRootResource@1f4b1d5
      installParentRoot = class com.ibm.ws.kernel.service.location.internal.SymbolicRootResource@5203cc6b
      userRoot = class com.ibm.ws.kernel.service.location.internal.SymbolicRootResource@7a77d354
      usrExtensionRoot = class com.ibm.ws.kernel.service.location.internal.SymbolicRootResource@1abf6f2b
      serverConfigDir = class com.ibm.ws.kernel.service.location.internal.SymbolicRootResource@3e611fb0
      serverOutputDir = class com.ibm.ws.kernel.service.location.internal.SymbolicRootResource@3e611fb0
      bootstrapLib = class com.ibm.ws.kernel.service.location.internal.LocalFileResource@72cdec83
      serverWorkarea = class com.ibm.ws.kernel.service.location.internal.LocalFileResource@36646cfd
      serverState = class com.ibm.ws.kernel.service.location.internal.LocalFileResource@57c38b2d
      sharedAppsRoot = class com.ibm.ws.kernel.service.location.internal.SymbolicRootResource@616992fa
      sharedConfigRoot = class com.ibm.ws.kernel.service.location.internal.SymbolicRootResource@7c5dd3a0
      sharedResourceRoot = class com.ibm.ws.kernel.service.location.internal.SymbolicRootResource@69cb5b52
      tmpRoot = class com.ibm.ws.kernel.service.location.internal.SymbolicRootResource@229a3fa5
      serverName = "defaultServer"
      resourcePaths = class java.util.ArrayList@fc9874e
      resourceGroups = class java.util.HashMap@1d9b85c4
      commonRoot = class com.ibm.ws.kernel.service.location.internal.VirtualRootResource@2e395cee
      serialVersionUID = 7766352982799267432
    artifactFactory = class com.ibm.ws.artifact.internal.ArtifactContainerFactoryService@6fe1f760
      CATEGORY_PROP_NAME = "category"
      ENTRY_KEY = "com.ibm.wsspi.artifact.ArtifactEntry"
      helperMap = class com.ibm.wsspi.kernel.service.utils.ConcurrentServiceReferenceSetMap@7fd3ac80
      contributorMap = class com.ibm.wsspi.kernel.service.utils.ConcurrentServiceReferenceSetMap@6f7d46b1
      helperCategoryMap = class com.ibm.wsspi.kernel.service.utils.ConcurrentServiceReferenceSetMap@58922f40
      contributorCategoryMap = class com.ibm.wsspi.kernel.service.utils.ConcurrentServiceReferenceSetMap@52e8329f
      categories = class java.util.Collections$SynchronizedSet@303d23ee
      baseProperties = class org.apache.felix.scr.impl.helper.ReadOnlyDictionary@35f0a396
      serialVersionUID = -3101641399269402013
      $$$tc$$$ = class com.ibm.websphere.ras.TraceComponent@21addaf7
    moduleFactory = class com.ibm.ws.adaptable.module.internal.AdaptableModuleFactoryImpl@1f2da4c5
      adapterFactoryService = class com.ibm.ws.adaptable.module.internal.AdapterFactoryServiceImpl@2d22fea
      containerFactory = class com.ibm.ws.artifact.internal.ArtifactContainerFactoryService@6fe1f760
      overlayContainerFactory = class com.ibm.ws.artifact.overlay.internal.OverlayContainerFactoryImpl@17884146
      serialVersionUID = 4200251809856292987
      $$$tc$$$ = class com.ibm.websphere.ras.TraceComponent@dae5aac
    classesContainerInfo = class java.util.ArrayList@5ec7c7ac
      serialVersionUID = 8683452581122892189
      DEFAULT_CAPACITY = 10
      EMPTY_ELEMENTDATA = class java.lang.Object[0]
      DEFAULTCAPACITY_EMPTY_ELEMENTDATA = class java.lang.Object[0]
      elementData = class java.lang.Object[0]
      size = 0
      MAX_ARRAY_SIZE = 2147483639
      modCount = 0
      MAX_ARRAY_SIZE = 2147483639
    serialVersionUID = -9033256786848720484
    $$$tc$$$ = class com.ibm.websphere.ras.TraceComponent@4733f281
      strings[0] = "TraceComponent[com.ibm.ws.app.manager.module.internal.DeployedAppInfoBase$SharedLibDeploymentInfo,class com.ibm.ws.app.manager.module.internal.DeployedAppInfoBase$SharedLibDeploymentInfo,[applications, app.manager],,null]"
  futureMonitor = class com.ibm.ws.threading.internal.FutureMonitorImpl@31cae098
    _monitor = class java.util.concurrent.ConcurrentLinkedQueue@76fbc165
      serialVersionUID = 196745693267521676
      head = class java.util.concurrent.ConcurrentLinkedQueue$Node@2931ebd1
      tail = class java.util.concurrent.ConcurrentLinkedQueue$Node@2931ebd1
      MAX_HOPS = 8
      HEAD = class java.lang.invoke.VarHandleReferences$FieldInstanceReadWrite@758a62aa
      TAIL = class java.lang.invoke.VarHandleReferences$FieldInstanceReadWrite@694eb5
      ITEM = class java.lang.invoke.VarHandleReferences$FieldInstanceReadWrite@742fe7c6
      NEXT = class java.lang.invoke.VarHandleReferences$FieldInstanceReadWrite@23201d47
      MAX_ARRAY_SIZE = 2147483639
    _executor = class com.ibm.ws.threading.internal.ScheduledExecutorImpl@3d051957
      threadGroupName = "Scheduled Executor Thread Group"
      executor = class com.ibm.ws.threading.internal.ExecutorServiceImpl@7429baa7
      serialVersionUID = -9110693807503469597
      $$$tc$$$ = class com.ibm.websphere.ras.TraceComponent@24b71ff1
      continueExistingPeriodicTasksAfterShutdown = false
      executeExistingDelayedTasksAfterShutdown = true
      removeOnCancel = false
      sequencer = class java.util.concurrent.atomic.AtomicLong@5de7049c
      DEFAULT_KEEPALIVE_MILLIS = 10
      ctl = class java.util.concurrent.atomic.AtomicInteger@753f16ac
      COUNT_BITS = 29
      COUNT_MASK = 536870911
      RUNNING = -536870912
      SHUTDOWN = 0
      STOP = 536870912
      TIDYING = 1073741824
      TERMINATED = 1610612736
      workQueue = class java.util.concurrent.ScheduledThreadPoolExecutor$DelayedWorkQueue@2070ff4a
      mainLock = class java.util.concurrent.locks.ReentrantLock@34a71b9a
      workers = class java.util.HashSet@51013a76
      termination = class java.util.concurrent.locks.AbstractQueuedSynchronizer$ConditionObject@5c06cc8c
      largestPoolSize = 1
      completedTaskCount = 0
      threadFactory = class com.ibm.ws.threading.internal.ThreadFactoryImpl@77dc5dcd
      handler = class java.util.concurrent.ThreadPoolExecutor$AbortPolicy@2f561bca
      keepAliveTime = 10000000
      allowCoreThreadTimeOut = false
      corePoolSize = 1
      maximumPoolSize = 2147483647
      defaultHandler = class java.util.concurrent.ThreadPoolExecutor$AbortPolicy@2f561bca
      shutdownPerm = class java.lang.RuntimePermission@45dec000
      ONLY_ONE = true
      $assertionsDisabled = true
    _threadRunning = class java.util.concurrent.atomic.AtomicBoolean@49739d3c
      serialVersionUID = 4654671469794556979
      VALUE = class java.lang.invoke.VarHandleInts$FieldInstanceReadWrite@74295492
      value = 0
    _thread = class com.ibm.ws.threading.internal.FutureMonitorImpl$1@5298db6d
      this$0 = class com.ibm.ws.threading.internal.FutureMonitorImpl@31cae098
      serialVersionUID = 2422512430832938099
      $$$tc$$$ = class com.ibm.websphere.ras.TraceComponent@60049a40
    serialVersionUID = 2765238413969174390
    $$$tc$$$ = class com.ibm.websphere.ras.TraceComponent@b143553
      strings[0] = "TraceComponent[com.ibm.ws.threading.internal.FutureMonitorImpl,class com.ibm.ws.threading.internal.FutureMonitorImpl,[Threading],com.ibm.ws.threading.internal.resources.ThreadingMessages,null]"
  configAdmin = class com.ibm.ws.config.admin.internal.ConfigurationAdminImpl@727046ad
    tc = class com.ibm.websphere.ras.TraceComponent@31ef3987
      strings[0] = "TraceComponent[com.ibm.ws.config.admin.internal.ConfigurationAdminImpl,class com.ibm.ws.config.admin.internal.ConfigurationAdminImpl,[config],com.ibm.ws.config.internal.resources.ConfigMessages,null]"
    bundle = class org.eclipse.osgi.internal.framework.EquinoxBundle@ca32c52
      equinoxContainer = class org.eclipse.osgi.internal.framework.EquinoxContainer@74615538
      module = class org.eclipse.osgi.internal.framework.EquinoxBundle$EquinoxModule@37889d4e
      monitor = class java.lang.Object@2bb5a701
      context = class org.eclipse.osgi.internal.framework.BundleContextImpl@515e2f0a
      signerInfos = null
      $SWITCH_TABLE$org$eclipse$osgi$container$Module$State = {1,2,3,4,5,6,7} /* array length = 7 */
    caFactory = class com.ibm.ws.config.admin.internal.ConfigAdminServiceFactory@74a94c4d
      tc = class com.ibm.websphere.ras.TraceComponent@47cfed1b
      configurationPermission = class org.osgi.service.cm.ConfigurationPermission@5a80672
      INDEX_DICTIONARY = 0
      INDEX_LOCATION = 1
      INDEX_METATYPE_PROCESSED = 2
      INDEX_IN_OVERRIDES_FILE = 3
      INDEX_REFERENCES = 4
      INDEX_UNIQUES = 5
      bundleContext = class org.eclipse.osgi.internal.framework.BundleContextImpl@b3105ad
      msTracker = class com.ibm.ws.config.admin.internal.ManagedServiceTracker@6dd3ce93
      msfTracker = class com.ibm.ws.config.admin.internal.ManagedServiceFactoryTracker@4de1822
      pluginManager = class com.ibm.ws.config.admin.internal.PluginManager@dcd988c
      configurationStore = class com.ibm.ws.config.admin.internal.ConfigurationStore@489394d1
      updateQueue = class com.ibm.ws.config.admin.internal.UpdateQueue@3b477c06
      ced = class com.ibm.ws.config.admin.internal.ConfigEventDispatcher@4fac7c44
      idMap = class java.util.Collections$SynchronizedMap@2ec484c5
      referenceMap = class java.util.Collections$SynchronizedMap@7aa5a8d0
      variableRegistryTracker = class org.osgi.util.tracker.ServiceTracker@7a824cce
      variableRegistry = class com.ibm.ws.kernel.service.location.internal.VariableRegistryHelper@56e04186
      configurationAdminRef = class org.eclipse.osgi.internal.serviceregistry.ServiceRegistrationImpl@7314ce34
      serialVersionUID = 6695202270027014725
    serialVersionUID = -2875522750804142523
  libraryConfigHelper = class com.ibm.ws.classloading.ClassLoaderConfigHelper@ec33bb7
    tc = class com.ibm.websphere.ras.TraceComponent@a1c2a7e
      strings[0] = "TraceComponent[com.ibm.ws.classloading.ClassLoaderConfigHelper,class com.ibm.ws.classloading.ClassLoaderConfigHelper,[ClassLoadingService],com.ibm.ws.classloading.internal.resources.ClassLoadingServiceMessages,null]"
    DEFAULT_API_TYPES = class java.util.RegularEnumSet@27dd13ee
      serialVersionUID = 3411599620347842686
      elements = 23
      elementType = class java.lang.Class@186fcce1
      universe = class com.ibm.wsspi.classloading.ApiType[5]
      MAX_ARRAY_SIZE = 2147483639
    sharedLibraries = class java.util.Collections$EmptyList@6147902b
      serialVersionUID = 8842843931221139166
      modCount = 0
      MAX_ARRAY_SIZE = 2147483639
    commonLibraries = class java.util.Collections$EmptyList@6147902b
    classProviders = class java.util.Collections$EmptyList@6147902b
    sharedLibrariesPids = null
    commonLibrariesPids = null
    isDelegateLast = false
    apiTypes = class java.util.RegularEnumSet@27dd13ee
    classLoaderConfigProps = null
    serialVersionUID = 7643888529935916418
  isDelegateLast = false
  permissionManager = class com.ibm.ws.classloading.java2sec.PermissionManager@57d90139
    tc = class com.ibm.websphere.ras.TraceComponent@240c7bcd
      strings[0] = "TraceComponent[com.ibm.ws.classloading.java2sec.PermissionManager,class com.ibm.ws.classloading.java2sec.PermissionManager,[Java2SecurityUtil],com.ibm.ws.classloading.internal.resources.Java2SecurityUtilMessages,null]"
    classLoadingService = class com.ibm.ws.classloading.internal.ClassLoadingServiceImpl@2fc8aa6b
    DEFAULT_SERVER_RESTRICTABLE_PERMISSIONS = class java.security.Permission[4]
      Permission[0] = class java.lang.RuntimePermission@5d1e3add
      Permission[1] = class java.lang.RuntimePermission@21058334
      Permission[2] = class java.security.SecurityPermission@4d57485a
      Permission[3] = class javax.security.auth.AuthPermission@7337a754
    DEFAULT_CLIENT_RESTRICTABLE_PERMISSIONS = class java.security.Permission[3]
      Permission[0] = class java.lang.RuntimePermission@61390d4a
      Permission[1] = class java.security.SecurityPermission@1bf0b1c6
      Permission[2] = class javax.security.auth.AuthPermission@5ff88439
    isServer = true
    wsjarUrlStreamHandlerAvailable = true
    restrictablePermissions = class java.util.ArrayList@756219fb
      serialVersionUID = 8683452581122892189
      DEFAULT_CAPACITY = 10
      EMPTY_ELEMENTDATA = class java.lang.Object[0]
      DEFAULTCAPACITY_EMPTY_ELEMENTDATA = class java.lang.Object[0]
      elementData = class java.lang.Object[10]
      size = 4
      MAX_ARRAY_SIZE = 2147483639
      modCount = 4
      MAX_ARRAY_SIZE = 2147483639
    grantedPermissions = class java.util.ArrayList@704574f8
      serialVersionUID = 8683452581122892189
      DEFAULT_CAPACITY = 10
      EMPTY_ELEMENTDATA = class java.lang.Object[0]
      DEFAULTCAPACITY_EMPTY_ELEMENTDATA = class java.lang.Object[0]
      elementData = class java.lang.Object[10]
      size = 1
      MAX_ARRAY_SIZE = 2147483639
      modCount = 1
      MAX_ARRAY_SIZE = 2147483639
    KEY_PERMISSION = "permission"
    INCORRECT_PERMISSION_CONFIGURATION = "INCORRECT_PERMISSION_CONFIGURATION"
    PERMISSION_CLASSNOTFOUND = "PERMISSION_CLASSNOTFOUND"
    SERVER_XML = "server.xml"
    CLIENT_XML = "client.xml"
    originationFile = "server.xml"
    permissions = class com.ibm.wsspi.kernel.service.utils.ConcurrentServiceReferenceSet@3b5470c0
      referenceName = "permission"
      contextRef = class java.util.concurrent.atomic.AtomicReference@39d80729
      elementMap = class java.util.LinkedHashMap@4981a490
      elementSet = class java.util.concurrent.ConcurrentSkipListSet@78319f96
      elementSetUnsorted = false
      serialVersionUID = 756240983881166148
      $$$tc$$$ = class com.ibm.websphere.ras.TraceComponent@d42bdc5
    codeBasePermissionMap = class java.util.HashMap@138f02fb
      serialVersionUID = 362498820763181265
      DEFAULT_INITIAL_CAPACITY = 16
      MAXIMUM_CAPACITY = 1073741824
      DEFAULT_LOAD_FACTOR = 0.75
      TREEIFY_THRESHOLD = 8
      UNTREEIFY_THRESHOLD = 6
      MIN_TREEIFY_CAPACITY = 64
      table = null
      entrySet = null
      size = 0
      modCount = 0
      threshold = 0
      loadFactor = 0.75
      keySet = class java.util.HashMap$KeySet@6cd8e60e
      values = null
    permissionXMLPermissionMap = class java.util.HashMap@76c77cb0
      serialVersionUID = 362498820763181265
      DEFAULT_INITIAL_CAPACITY = 16
      MAXIMUM_CAPACITY = 1073741824
      DEFAULT_LOAD_FACTOR = 0.75
      TREEIFY_THRESHOLD = 8
      UNTREEIFY_THRESHOLD = 6
      MIN_TREEIFY_CAPACITY = 64
      table = null
      entrySet = null
      size = 0
      modCount = 0
      threshold = 0
      loadFactor = 0.75
      keySet = null
      values = null
    serialVersionUID = 3514017629123673923
  permissionsConfig = null
  serialVersionUID = 5168023053972273360
  appInfo = class com.ibm.ws.container.service.app.deploy.internal.ApplicationInfoImpl@200eab8d
    appName = "Pruebas"
    appMetaData = class com.ibm.ws.container.service.app.deploy.internal.ApplicationMetaDataImpl@26efcea0
      j2eeName = class com.ibm.ws.container.service.metadata.internal.J2EENameImpl@d91e82f
      serialVersionUID = -7906531148367236579
      $$$tc$$$ = class com.ibm.websphere.ras.TraceComponent@41976920
      tc = class com.ibm.websphere.ras.TraceComponent@5ffa3ab3
      NUM_STATIC_SLOTS = 4
      ID_UNINITIALIZED = -1
      id = 1
      metaDataInterface = class java.lang.Class@21a9915
      staticSlots = class java.lang.Object[4]
      dynamicSlots = class java.lang.Object[4]
    appContainer = class com.ibm.ws.adaptable.module.internal.AdaptableContainerImpl@119872a9
      root = class com.ibm.ws.adaptable.module.internal.AdaptableContainerImpl@119872a9
      rootOverlay = class com.ibm.ws.artifact.overlay.internal.DirectoryBasedOverlayContainerImpl@47efe856
      factoryHolder = class com.ibm.ws.adaptable.module.internal.AdaptableModuleFactoryImpl@1f2da4c5
      delegate = class com.ibm.ws.artifact.overlay.internal.DirectoryBasedOverlayContainerImpl@47efe856
      notifier = class com.ibm.ws.adaptable.module.internal.NotifierImpl@535df069
      serialVersionUID = -5621513278641113667
      $$$tc$$$ = class com.ibm.websphere.ras.TraceComponent@1f6ba988
    configHelper = class com.ibm.ws.app.manager.module.ApplicationNestedConfigHelper@47e16bb2
      appInfo = class com.ibm.ws.app.manager.internal.ApplicationInstallInfo@2ae755c4
      serialVersionUID = -3174031738676705046
      $$$tc$$$ = class com.ibm.websphere.ras.TraceComponent@4b4ba8e3
    applicationInformation = class com.ibm.ws.app.manager.internal.ApplicationInstallInfo@2ae755c4
    serialVersionUID = -505303337196743781
    $$$tc$$$ = class com.ibm.websphere.ras.TraceComponent@2b9b738c
      strings[0] = "TraceComponent[com.ibm.ws.container.service.app.deploy.internal.ApplicationInfoImpl,class com.ibm.ws.container.service.app.deploy.internal.ApplicationInfoImpl,[container.service],com.ibm.ws.container.service.resources.Messages,null]"
  modulesDeployed = class java.util.ArrayList@48b963d
    serialVersionUID = 8683452581122892189
    DEFAULT_CAPACITY = 10
    EMPTY_ELEMENTDATA = class java.lang.Object[0]
    DEFAULTCAPACITY_EMPTY_ELEMENTDATA = class java.lang.Object[0]
    elementData = class java.lang.Object[10]
      Object[0] = class com.ibm.ws.app.manager.module.internal.DeployedModuleInfoImpl@4ce2cab5
      Object[1] = null
      Object[2] = null
      Object[3] = null
      Object[4] = null
      Object[5] = null
      Object[6] = null
      Object[7] = null
      Object[8] = null
      Object[9] = null
    size = 1
    MAX_ARRAY_SIZE = 2147483639
    modCount = 1
    MAX_ARRAY_SIZE = 2147483639
  starting = true
  started = false
  appInfoFactory = class com.ibm.ws.container.service.app.deploy.internal.ApplicationInfoFactoryImpl@673c765b
    j2eeNameFactory = class com.ibm.wsspi.kernel.service.utils.AtomicServiceReference@69c2bf4d
      referenceName = "j2eeNameFactory"
      tuple = class java.util.concurrent.atomic.AtomicReference@59dd0b95
      serialVersionUID = 2226592364007985000
      $$$tc$$$ = class com.ibm.websphere.ras.TraceComponent@1b907e18
    names = class java.util.HashSet@64f74396
      serialVersionUID = -5024744406713321676
      map = class java.util.HashMap@1667dadf
      PRESENT = class java.lang.Object@551703d5
      MAX_ARRAY_SIZE = 2147483639
    serialVersionUID = 7443990212682384945
    $$$tc$$$ = class com.ibm.websphere.ras.TraceComponent@208186df
      strings[0] = "TraceComponent[com.ibm.ws.container.service.app.deploy.internal.ApplicationInfoFactoryImpl,class com.ibm.ws.container.service.app.deploy.internal.ApplicationInfoFactoryImpl,[container.service],com.ibm.ws.container.service.resources.Messages,null]"
  metaDataService = class com.ibm.ws.container.service.metadata.internal.MetaDataServiceImpl@767a7816
    applicationMetaDataManager = class com.ibm.ws.container.service.metadata.internal.ApplicationMetaDataManager@287697a1
      serialVersionUID = 1843747281024490904
      $$$tc$$$ = class com.ibm.websphere.ras.TraceComponent@77f7bb2
      listeners = class com.ibm.wsspi.kernel.service.utils.ConcurrentServiceReferenceSet@2520104a
      metaDataIDs = class com.ibm.ws.container.service.metadata.internal.IndexList@6b631ebd
      metaDatas = class java.util.ArrayList@29eb92a7
      slotIDs = class com.ibm.ws.container.service.metadata.internal.IndexList@6fd16c4d
      serialVersionUID = 5464421863354792977
      $$$tc$$$ = class com.ibm.websphere.ras.TraceComponent@1ba6c2d0
    moduleMetaDataManager = class com.ibm.ws.container.service.metadata.internal.ModuleMetaDataManager@3e313fc5
      serialVersionUID = 2513574389899327209
      $$$tc$$$ = class com.ibm.websphere.ras.TraceComponent@191438be
      listeners = class com.ibm.wsspi.kernel.service.utils.ConcurrentServiceReferenceSet@464ea1a8
      metaDataIDs = class com.ibm.ws.container.service.metadata.internal.IndexList@257b0bda
      metaDatas = class java.util.ArrayList@56ea90d6
      slotIDs = class com.ibm.ws.container.service.metadata.internal.IndexList@50e1b8a5
      serialVersionUID = 5464421863354792977
      $$$tc$$$ = class com.ibm.websphere.ras.TraceComponent@1ba6c2d0
    componentMetaDataManager = class com.ibm.ws.container.service.metadata.internal.ComponentMetaDataManager@42f5c799
      serialVersionUID = 8629793739641703882
      $$$tc$$$ = class com.ibm.websphere.ras.TraceComponent@17efaa81
      listeners = class com.ibm.wsspi.kernel.service.utils.ConcurrentServiceReferenceSet@62f00b3d
      metaDataIDs = class com.ibm.ws.container.service.metadata.internal.IndexList@382b1998
      metaDatas = class java.util.ArrayList@69d9b66
      slotIDs = class com.ibm.ws.container.service.metadata.internal.IndexList@6e148ed8
      serialVersionUID = 5464421863354792977
      $$$tc$$$ = class com.ibm.websphere.ras.TraceComponent@1ba6c2d0
    methodMetaDataManager = class com.ibm.ws.container.service.metadata.internal.MethodMetaDataManager@1cc0d7a2
      serialVersionUID = -8002489041502300640
      $$$tc$$$ = class com.ibm.websphere.ras.TraceComponent@574fb7aa
      listeners = class com.ibm.wsspi.kernel.service.utils.ConcurrentServiceReferenceSet@20c1102
      metaDataIDs = class com.ibm.ws.container.service.metadata.internal.IndexList@4efd35f9
      metaDatas = class java.util.ArrayList@f7abf64
      slotIDs = class com.ibm.ws.container.service.metadata.internal.IndexList@27e33d76
      serialVersionUID = 5464421863354792977
      $$$tc$$$ = class com.ibm.websphere.ras.TraceComponent@1ba6c2d0
    appModuleNameToModuleContainer = class java.util.concurrent.ConcurrentHashMap@979004
      serialVersionUID = 7249069246763182397
      MAXIMUM_CAPACITY = 1073741824
      DEFAULT_CAPACITY = 16
      MAX_ARRAY_SIZE = 2147483639
      DEFAULT_CONCURRENCY_LEVEL = 16
      LOAD_FACTOR = 0.75
      TREEIFY_THRESHOLD = 8
      UNTREEIFY_THRESHOLD = 6
      MIN_TREEIFY_CAPACITY = 64
      MIN_TRANSFER_STRIDE = 16
      RESIZE_STAMP_BITS = 16
      MAX_RESIZERS = 65535
      RESIZE_STAMP_SHIFT = 16
      MOVED = -1
      TREEBIN = -2
      RESERVED = -3
      HASH_BITS = 2147483647
      NCPU = 4
      serialPersistentFields = class java.io.ObjectStreamField[3]
      table = class java.util.concurrent.ConcurrentHashMap$Node[16]
      nextTable = null
      baseCount = 6
      sizeCtl = 12
      transferIndex = 0
      cellsBusy = 0
      counterCells = null
      keySet = null
      values = null
      entrySet = null
      U = class jdk.internal.misc.Unsafe@68562077
      SIZECTL = 20
      TRANSFERINDEX = 32
      BASECOUNT = 24
      CELLSBUSY = 36
      CELLVALUE = 144
      ABASE = 16
      ASHIFT = 2
      keySet = null
      values = null
    jeeNameToComponentMetaData = class java.util.concurrent.ConcurrentHashMap@376f48c4
      serialVersionUID = 7249069246763182397
      MAXIMUM_CAPACITY = 1073741824
      DEFAULT_CAPACITY = 16
      MAX_ARRAY_SIZE = 2147483639
      DEFAULT_CONCURRENCY_LEVEL = 16
      LOAD_FACTOR = 0.75
      TREEIFY_THRESHOLD = 8
      UNTREEIFY_THRESHOLD = 6
      MIN_TREEIFY_CAPACITY = 64
      MIN_TRANSFER_STRIDE = 16
      RESIZE_STAMP_BITS = 16
      MAX_RESIZERS = 65535
      RESIZE_STAMP_SHIFT = 16
      MOVED = -1
      TREEBIN = -2
      RESERVED = -3
      HASH_BITS = 2147483647
      NCPU = 4
      serialPersistentFields = class java.io.ObjectStreamField[3]
      table = class java.util.concurrent.ConcurrentHashMap$Node[16]
      nextTable = null
      baseCount = 11
      sizeCtl = 12
      transferIndex = 0
      cellsBusy = 0
      counterCells = null
      keySet = null
      values = null
      entrySet = null
      U = class jdk.internal.misc.Unsafe@68562077
      SIZECTL = 20
      TRANSFERINDEX = 32
      BASECOUNT = 24
      CELLSBUSY = 36
      CELLVALUE = 144
      ABASE = 16
      ASHIFT = 2
      keySet = null
      values = null
    deferredMetaDataFactories = class com.ibm.wsspi.kernel.service.utils.ConcurrentServiceReferenceSet@5b4a88bf
      referenceName = "deferredMetaDataFactory"
      contextRef = class java.util.concurrent.atomic.AtomicReference@639100f0
      elementMap = class java.util.LinkedHashMap@1ec9e283
      elementSet = class java.util.concurrent.ConcurrentSkipListSet@1ca7bdac
      elementSetUnsorted = false
      serialVersionUID = 756240983881166148
      $$$tc$$$ = class com.ibm.websphere.ras.TraceComponent@d42bdc5
    deferredMetaDataInitializers = class com.ibm.wsspi.kernel.service.utils.ConcurrentServiceReferenceMap@41ad29b3
      referenceName = "deferredMetaDataFactory"
      context = class org.apache.felix.scr.impl.manager.ComponentContextImpl@1020888
      elementMap = class java.util.concurrent.ConcurrentHashMap@72cef4d7
      serialVersionUID = 6980924785166233786
      $$$tc$$$ = class com.ibm.websphere.ras.TraceComponent@6e001304
    serialVersionUID = -2494605732980966097
    $$$tc$$$ = class com.ibm.websphere.ras.TraceComponent@6d7e3769
      strings[0] = "TraceComponent[com.ibm.ws.container.service.metadata.internal.MetaDataServiceImpl,class com.ibm.ws.container.service.metadata.internal.MetaDataServiceImpl,[Runtime],,null]"
  stateChangeService = class com.ibm.ws.container.service.state.internal.StateChangeServiceImpl@4b50dd50
    applicationStateManager = class com.ibm.ws.container.service.state.internal.ApplicationStateManager@5707c07
      serialVersionUID = -6685368059484454124
      $$$tc$$$ = class com.ibm.websphere.ras.TraceComponent@23138335
      listeners = class com.ibm.wsspi.kernel.service.utils.ConcurrentServiceReferenceSet@7b9aab54
      serialVersionUID = 2284273176985484160
      $$$tc$$$ = class com.ibm.websphere.ras.TraceComponent@46885ac3
    moduleStateManager = class com.ibm.ws.container.service.state.internal.ModuleStateManager@2d7e2424
      serialVersionUID = -5540260902341249963
      $$$tc$$$ = class com.ibm.websphere.ras.TraceComponent@3c45a6bf
      listeners = class com.ibm.wsspi.kernel.service.utils.ConcurrentServiceReferenceSet@6c341133
      serialVersionUID = 2284273176985484160
      $$$tc$$$ = class com.ibm.websphere.ras.TraceComponent@46885ac3
    serialVersionUID = -537917915330350560
    $$$tc$$$ = class com.ibm.websphere.ras.TraceComponent@4c8fe5da
      strings[0] = "TraceComponent[com.ibm.ws.container.service.state.internal.StateChangeServiceImpl,class com.ibm.ws.container.service.state.internal.StateChangeServiceImpl,[Runtime],,null]"
  moduleClassesInfo = class com.ibm.ws.app.manager.module.internal.SimpleDeployedAppInfoBase$ModuleClassesInfoProvider@361e51b2
    entryContainerInfosMap = class java.util.HashMap@7d068632
      serialVersionUID = 362498820763181265
      DEFAULT_INITIAL_CAPACITY = 16
      MAXIMUM_CAPACITY = 1073741824
      DEFAULT_LOAD_FACTOR = 0.75
      TREEIFY_THRESHOLD = 8
      UNTREEIFY_THRESHOLD = 6
      MIN_TREEIFY_CAPACITY = 64
      table = null
      entrySet = null
      size = 0
      modCount = 0
      threshold = 0
      loadFactor = 0.75
      keySet = null
      values = null
    serialVersionUID = -70332790531324534
    $$$tc$$$ = class com.ibm.websphere.ras.TraceComponent@1219d4f7
      strings[0] = "TraceComponent[com.ibm.ws.app.manager.module.internal.SimpleDeployedAppInfoBase$ModuleClassesInfoProvider,class com.ibm.ws.app.manager.module.internal.SimpleDeployedAppInfoBase$ModuleClassesInfoProvider,[applications, app.manager],,null]"
  moduleContainerInfos = class java.util.ArrayList@7e8ceed0
    serialVersionUID = 8683452581122892189
    DEFAULT_CAPACITY = 10
    EMPTY_ELEMENTDATA = class java.lang.Object[0]
    DEFAULTCAPACITY_EMPTY_ELEMENTDATA = class java.lang.Object[0]
    elementData = class java.lang.Object[10]
      Object[0] = class com.ibm.ws.app.manager.module.internal.SimpleDeployedAppInfoBase$WebModuleContainerInfo@1fc128ee
      Object[1] = null
      Object[2] = null
      Object[3] = null
      Object[4] = null
      Object[5] = null
      Object[6] = null
      Object[7] = null
      Object[8] = null
      Object[9] = null
    size = 1
    MAX_ARRAY_SIZE = 2147483639
    modCount = 1
    MAX_ARRAY_SIZE = 2147483639
  activeModuleHandlers = class java.util.IdentityHashMap@69056c35
    DEFAULT_CAPACITY = 32
    MINIMUM_CAPACITY = 4
    MAXIMUM_CAPACITY = 536870912
    table = class java.lang.Object[16]
      Object[0] = null
      Object[1] = null
      Object[2] = null
      Object[3] = null
      Object[4] = null
      Object[5] = null
      Object[6] = null
      Object[7] = null
      Object[8] = null
      Object[9] = null
      Object[10] = null
      Object[11] = null
      Object[12] = null
      Object[13] = null
      Object[14] = null
      Object[15] = null
    size = 0
    modCount = 2
    NULL_KEY = class java.lang.Object@504619b9
    entrySet = null
    serialVersionUID = 8188218128353913216
    keySet = null
    values = null
  serialVersionUID = 7078125893012250887
  $$$tc$$$ = class com.ibm.websphere.ras.TraceComponent@2d0e6c5c
    strings[0] = "TraceComponent[com.ibm.ws.app.manager.module.internal.SimpleDeployedAppInfoBase,class com.ibm.ws.app.manager.module.internal.SimpleDeployedAppInfoBase,[applications, app.manager],,null]"

Dump of objectArray[0]
Object type = com.ibm.ws.threading.internal.NonCancelableResultFuture
  _done = false
  _result = null
  _failure = null
  _listeners = class java.util.concurrent.ConcurrentLinkedQueue@7308cc9e
    serialVersionUID = 196745693267521676
    head = class java.util.concurrent.ConcurrentLinkedQueue$Node@6f595f5f
      item = null
      next = null
    tail = class java.util.concurrent.ConcurrentLinkedQueue$Node@6f595f5f
    MAX_HOPS = 8
    HEAD = class java.lang.invoke.VarHandleReferences$FieldInstanceReadWrite@758a62aa
      FORM = class java.lang.invoke.VarForm@655fb4a
      fieldOffset = 12
      receiverType = class java.lang.Class@de0a01f
      fieldType = class java.lang.Class@4c75cab9
      FORM = class java.lang.invoke.VarForm@4b2c99c
      vform = class java.lang.invoke.VarForm@655fb4a
      typesAndInvokers = null
      AIOOBE_SUPPLIER = class jdk.internal.util.Preconditions$1@4eff440d
      VFORM_OFFSET = 12
      $assertionsDisabled = true
    TAIL = class java.lang.invoke.VarHandleReferences$FieldInstanceReadWrite@694eb5
      FORM = class java.lang.invoke.VarForm@655fb4a
      fieldOffset = 16
      receiverType = class java.lang.Class@de0a01f
      fieldType = class java.lang.Class@4c75cab9
      FORM = class java.lang.invoke.VarForm@4b2c99c
      vform = class java.lang.invoke.VarForm@655fb4a
      typesAndInvokers = null
      AIOOBE_SUPPLIER = class jdk.internal.util.Preconditions$1@4eff440d
      VFORM_OFFSET = 12
      $assertionsDisabled = true
    ITEM = class java.lang.invoke.VarHandleReferences$FieldInstanceReadWrite@742fe7c6
      FORM = class java.lang.invoke.VarForm@655fb4a
      fieldOffset = 12
      receiverType = class java.lang.Class@4c75cab9
      fieldType = class java.lang.Class@4e25154f
      FORM = class java.lang.invoke.VarForm@4b2c99c
      vform = class java.lang.invoke.VarForm@655fb4a
      typesAndInvokers = null
      AIOOBE_SUPPLIER = class jdk.internal.util.Preconditions$1@4eff440d
      VFORM_OFFSET = 12
      $assertionsDisabled = true
    NEXT = class java.lang.invoke.VarHandleReferences$FieldInstanceReadWrite@23201d47
      FORM = class java.lang.invoke.VarForm@655fb4a
      fieldOffset = 16
      receiverType = class java.lang.Class@4c75cab9
      fieldType = class java.lang.Class@4c75cab9
      FORM = class java.lang.invoke.VarForm@4b2c99c
      vform = class java.lang.invoke.VarForm@655fb4a
      typesAndInvokers = null
      AIOOBE_SUPPLIER = class jdk.internal.util.Preconditions$1@4eff440d
      VFORM_OFFSET = 12
      $assertionsDisabled = true
    MAX_ARRAY_SIZE = 2147483639
  _notifiedListeners = class java.util.concurrent.atomic.AtomicBoolean@4a2a5f75
    serialVersionUID = 4654671469794556979
    VALUE = class java.lang.invoke.VarHandleInts$FieldInstanceReadWrite@74295492
      FORM = class java.lang.invoke.VarForm@4fe65e91
      fieldOffset = 12
      receiverType = class java.lang.Class@52f759d7
      FORM = class java.lang.invoke.VarForm@d96d74f
      vform = class java.lang.invoke.VarForm@4fe65e91
      typesAndInvokers = null
      AIOOBE_SUPPLIER = class jdk.internal.util.Preconditions$1@4eff440d
      VFORM_OFFSET = 12
      $assertionsDisabled = true
    value = 0
  serialVersionUID = -296387658814354272
  $$$tc$$$ = class com.ibm.websphere.ras.TraceComponent@58723e54
    strings[0] = "TraceComponent[com.ibm.ws.threading.internal.NonCancelableResultFuture,class com.ibm.ws.threading.internal.NonCancelableResultFuture,[Threading],com.ibm.ws.threading.internal.resources.ThreadingMessages,null]"

