------Start of DE processing------ = [9/06/19 19:12:50:952 PET]
Exception = com.ibm.ws.container.service.state.StateChangeException
Source = com.ibm.ws.app.manager.module.internal.DeployedAppInfoBase
probeid = 385
Stack Dump = com.ibm.ws.container.service.state.StateChangeException: java.util.concurrent.RejectedExecutionException: CWWKE1202E: No se puede enviar una tarea porque el ejecutor managedExecutorService[DefaultManagedExecutorService] (concurrencyPolicy[defaultConcurrencyPolicy]) ha concluido.
	at com.ibm.ws.container.service.state.internal.ApplicationStateManager.fireStarting(ApplicationStateManager.java:32)
	at com.ibm.ws.container.service.state.internal.StateChangeServiceImpl.fireApplicationStarting(StateChangeServiceImpl.java:50)
	at com.ibm.ws.app.manager.module.internal.DeployedAppInfoBase.preDeployApp(DeployedAppInfoBase.java:384)
	at com.ibm.ws.app.manager.module.internal.DeployedAppInfoBase.deployApp(DeployedAppInfoBase.java:413)
	at com.ibm.ws.app.manager.war.internal.WARApplicationHandlerImpl.install(WARApplicationHandlerImpl.java:65)
	at com.ibm.ws.app.manager.internal.statemachine.StartAction.execute(StartAction.java:140)
	at com.ibm.ws.app.manager.internal.statemachine.ApplicationStateMachineImpl.enterState(ApplicationStateMachineImpl.java:1261)
	at com.ibm.ws.app.manager.internal.statemachine.ApplicationStateMachineImpl.run(ApplicationStateMachineImpl.java:876)
	at com.ibm.ws.threading.internal.ExecutorServiceImpl$RunnableWrapper.run(ExecutorServiceImpl.java:239)
	at java.base/java.util.concurrent.ThreadPoolExecutor.runWorker(ThreadPoolExecutor.java:1128)
	at java.base/java.util.concurrent.ThreadPoolExecutor$Worker.run(ThreadPoolExecutor.java:628)
	at java.base/java.lang.Thread.run(Thread.java:835)
Caused by: java.util.concurrent.RejectedExecutionException: CWWKE1202E: No se puede enviar una tarea porque el ejecutor managedExecutorService[DefaultManagedExecutorService] (concurrencyPolicy[defaultConcurrencyPolicy]) ha concluido.
	at com.ibm.ws.threading.internal.PolicyExecutorImpl.enqueue(PolicyExecutorImpl.java:520)
	at com.ibm.ws.threading.internal.PolicyExecutorImpl.invokeAll(PolicyExecutorImpl.java:654)
	at com.ibm.ws.concurrent.internal.ManagedExecutorServiceImpl.invokeAll(ManagedExecutorServiceImpl.java:413)
	at org.jboss.weld.executor.AbstractExecutorServices.invokeAllAndCheckForExceptions(AbstractExecutorServices.java:59)
	at org.jboss.weld.executor.AbstractExecutorServices.invokeAllAndCheckForExceptions(AbstractExecutorServices.java:67)
	at org.jboss.weld.bootstrap.ConcurrentBeanDeployer.addClasses(ConcurrentBeanDeployer.java:52)
	at org.jboss.weld.bootstrap.BeanDeployment.createClasses(BeanDeployment.java:198)
	at org.jboss.weld.bootstrap.WeldStartup.startInitialization(WeldStartup.java:412)
	at org.jboss.weld.bootstrap.WeldBootstrap.startInitialization(WeldBootstrap.java:79)
	at com.ibm.ws.cdi.impl.CDIContainerImpl$2.run(CDIContainerImpl.java:144)
	at com.ibm.ws.cdi.impl.CDIContainerImpl$2.run(CDIContainerImpl.java:141)
	at java.base/java.security.AccessController.doPrivileged(AccessController.java:310)
	at com.ibm.ws.cdi.impl.CDIContainerImpl.startInitialization(CDIContainerImpl.java:141)
	at com.ibm.ws.cdi.liberty.CDIRuntimeImpl.applicationStarting(CDIRuntimeImpl.java:438)
	at com.ibm.ws.container.service.state.internal.ApplicationStateManager.fireStarting(ApplicationStateManager.java:28)
	... 11 more

Dump of callerThis
Object type = com.ibm.ws.app.manager.war.internal.WARDeployedAppInfo
  CONTEXT_ROOT = "context-root"
  webModuleHandler = class com.ibm.ws.app.manager.web.internal.WebModuleHandlerImpl@6bd67c5b
    serialVersionUID = 4795602325763828210
    $$$tc$$$ = class com.ibm.websphere.ras.TraceComponent@10dfa36e
      strings[0] = "TraceComponent[com.ibm.ws.app.manager.web.internal.WebModuleHandlerImpl,class com.ibm.ws.app.manager.web.internal.WebModuleHandlerImpl,[webcontainer, applications, app.manager],com.ibm.ws.app.manager.war.internal.resources.Messages,null]"
    futureMonitor = class com.ibm.ws.threading.internal.FutureMonitorImpl@14081af1
    metaDataService = class com.ibm.ws.container.service.metadata.internal.MetaDataServiceImpl@1d7d15ff
    stateChangeService = class com.ibm.ws.container.service.state.internal.StateChangeServiceImpl@4d51b011
    moduleRuntimeContainer = class com.ibm.ws.webcontainer.osgi.WebContainer@3794f027
      tc = class com.ibm.websphere.ras.TraceComponent@14b1a7f2
      CLASS_NAME = "com.ibm.ws.webcontainer.osgi.WebContainer"
      initialized = true
      eventService = class com.ibm.ws.event.internal.EventEngineImpl@3cdfb802
      futureMonitor = class com.ibm.ws.threading.internal.FutureMonitorImpl@14081af1
      classLoadingSRRef = class com.ibm.wsspi.kernel.service.utils.AtomicServiceReference@2d2589eb
      sessionHelperSRRef = class com.ibm.wsspi.kernel.service.utils.AtomicServiceReference@7afe1f62
      cacheManagerSRRef = class com.ibm.wsspi.kernel.service.utils.AtomicServiceReference@414042c0
      injectionEngineSRRef = class com.ibm.wsspi.kernel.service.utils.AtomicServiceReference@1efd42
      managedObjectServiceSRRef = class com.ibm.wsspi.kernel.service.utils.AtomicServiceReference@1f5467b
      backgroundWebAppStartFutures = class com.ibm.ws.webcontainer.util.OneTimeUseArrayList@b7a5c28
      REFERENCE_WEB_MBEAN_RUNTIME = "webMBeanRuntime"
      webMBeanRuntimeServiceRef = class com.ibm.wsspi.kernel.service.utils.AtomicServiceReference@486f49c5
      servletContainerInitializers = class com.ibm.wsspi.kernel.service.utils.ConcurrentServiceReferenceSet@3f6c5967
      es = class com.ibm.ws.threading.internal.ExecutorServiceImpl@259bbe58
      locationServiceRef = class java.util.concurrent.atomic.AtomicReference@1481166f
      transferContextServiceRef = class com.ibm.wsspi.kernel.service.utils.ConcurrentServiceReferenceSet@4dc383cb
      encodingServiceRef = class java.util.concurrent.atomic.AtomicReference@7fd0cad7
      instance = class java.util.concurrent.atomic.AtomicReference@22aa032b
      vhostManager = class com.ibm.ws.webcontainer.osgi.DynamicVirtualHostManager@3e044b7f
      metaDataService = class com.ibm.ws.container.service.metadata.internal.MetaDataServiceImpl@1d7d15ff
      j2eeNameFactory = class com.ibm.ws.container.service.metadata.internal.J2EENameFactoryImpl@6f884aaf
      context = class org.apache.felix.scr.impl.manager.ComponentContextImpl@16f7b3fb
      contextRoots = class java.util.Collections$SynchronizedSet@64b64955
      pendingContextRoots = class java.util.HashMap@78f5a90f
      deployedModuleMap = class java.util.concurrent.ConcurrentHashMap@5505498c
      connContextPool = class com.ibm.ws.webcontainer40.osgi.srt.factory.SRTConnectionContextPool40Impl@7e4640bc
      DEFAULT_PORT = "*"
      DEFAULT_VHOST_NAME = "default_host"
      cachedServerInfo = "IBM WebSphere Liberty/19.0.0.3"
      lock = class com.ibm.ws.webcontainer.osgi.WebContainer$1@286c52c0
      webAppFactory = class com.ibm.ws.webcontainer40.osgi.webapp.factory.WebAppFactory40Impl@7d042b13
      requestFactory = class com.ibm.ws.webcontainer40.osgi.response.factory.IRequestResponseFactory40Impl@2324416
      responseFactory = class com.ibm.ws.webcontainer40.osgi.response.factory.IRequestResponseFactory40Impl@2324416
      asyncContextFactory = class com.ibm.ws.webcontainer40.async.factory.AsyncContextFactory40Impl@4e3da74c
      DEFAULT_MAX_VERSION = 30
      versionRef = class org.eclipse.osgi.internal.serviceregistry.ServiceReferenceImpl@40d0619
      serverStopping = class com.ibm.ws.staticvalue.StaticValue$FinalSingleton@580df938
      modulesStarting = 0
      uriMatcherFactory = class com.ibm.wsspi.webcontainer40.util.factory.URIMatcherFactory40Impl@488f04db
      SPEC_LEVEL_UNLOADED = -1
      SPEC_LEVEL_30 = 30
      SPEC_LEVEL_31 = 31
      SPEC_LEVEL_40 = 40
      DEFAULT_SPEC_LEVEL = 30
      loadedContainerSpecLevel = 40
      ISO = "ISO-8859-1"
      encoding = "UTF-8"
      decode = true
      wcconfig = class com.ibm.ws.webcontainer.osgi.WebContainerConfiguration@7fa23f3
      applicationListeners = class java.util.ArrayList@3089de0d
      servletListeners = class java.util.ArrayList@10bd1b
      servletErrorListeners = class java.util.ArrayList@35e4299d
      servletInvocationListeners = class java.util.ArrayList@63d77169
      filterInvocationListeners = class java.util.ArrayList@1d50a2a8
      filterErrorListeners = class java.util.ArrayList@18ad3c7c
      filterListeners = class java.util.ArrayList@c115635
      servletRequestListeners = class java.util.ArrayList@541532e7
      servletRequestAttributeListeners = class java.util.ArrayList@4cc89f2f
      servletContextListeners = class java.util.ArrayList@3df71416
      servletContextAttributeListeners = class java.util.ArrayList@3bd15d63
      sessionListeners = class java.util.ArrayList@46aed2f4
      sessionIdListeners = class java.util.ArrayList@4e171ce9
      sessionAttributeListeners = class java.util.ArrayList@4b45e699
      DEFAULT_HOST = "default_host"
      _initialized = true
      logger = class com.ibm.ws.logging.internal.WsLogger@7ace90d7
      CLASS_NAME = "com.ibm.ws.webcontainer.internal.WebContainer"
      nls = class com.ibm.ejs.ras.TraceNLS@4a47c408
      self = class java.util.concurrent.atomic.AtomicReference@3c4169fd
      _cipherToBit = class java.util.HashMap@585421c2
      cacheKeyStringBuilder = class com.ibm.ws.util.WSThreadLocal@56925a37
      listenersInitialized = true
      webConProperties = class java.util.Properties@2281b369
      sessionRegistry = null
      isStopped = false
      readWriteLockForStopping = class java.util.concurrent.locks.ReentrantReadWriteLock@15383845
      urlPrefix = ";jsessionid="
      extensionFactories = class java.util.ArrayList@6c1b4111
      postInitExtensionFactories = null
      httpResponseListeners = class java.util.ArrayList@289cfd47
      servletContainerInitializers = class java.util.ServiceLoader@7a919c6
      auditManager = class com.ibm.websphere.security.audit.context.AuditManager@5307f366
      invocationCacheSize = 500
      decodePlusSign = true
      _cacheMap = class java.util.concurrent.ConcurrentHashMap@652223de
      _cacheSize = class java.util.concurrent.atomic.AtomicInteger@2a9b9cf8
      vHostCompatFlag = false
      platformHelper = class com.ibm.ws.webcontainer.PlatformHelper@65b3c744
      isDefaultTempDir = true
      tempDir = null
      servletCachingInitNeeded = true
      appInstallBegun = true
      cacheServletWrapperFactory = class com.ibm.ws.webcontainer40.servlet.factory.CacheServletWrapperFactory40Impl@9438457
      commands = class java.util.ArrayList@7d0b7a72
      requestMapper = class com.ibm.ws.webcontainer.util.VirtualHostContextRootMapper@b014577
      parent = null
      name = "Was.webcontainer"
      isAlive = true
      subElements = class java.util.HashMap@70f33ab4
      attributes = null
      config = null
      serialVersionUID = -8271459000149267764
      $$$tc$$$ = class com.ibm.websphere.ras.TraceComponent@29e12211
    firstFailure = null
    serialVersionUID = -4563697739413190872
    $$$tc$$$ = class com.ibm.websphere.ras.TraceComponent@42e8d7d
      strings[0] = "TraceComponent[com.ibm.ws.app.manager.module.internal.ModuleHandlerBase,class com.ibm.ws.app.manager.module.internal.ModuleHandlerBase,[applications, app.manager],,null]"
  webContainerModuleInfo = class com.ibm.ws.app.manager.module.internal.SimpleDeployedAppInfoBase$WebModuleContainerInfo@6fae71c4
    contextRoot = "/softswitch-"
    defaultContextRoot = "softswitch-"
    serialVersionUID = -8158961796913348204
    $$$tc$$$ = class com.ibm.websphere.ras.TraceComponent@fa7b393
      strings[0] = "TraceComponent[com.ibm.ws.app.manager.module.internal.SimpleDeployedAppInfoBase$WebModuleContainerInfo,class com.ibm.ws.app.manager.module.internal.SimpleDeployedAppInfoBase$WebModuleContainerInfo,[applications, app.manager],,null]"
    moduleHandler = class com.ibm.ws.app.manager.web.internal.WebModuleHandlerImpl@6bd67c5b
    moduleMetaDataExtenders = class java.util.concurrent.CopyOnWriteArrayList@7d7b0c5b
      serialVersionUID = 8673264195747942595
      lock = class java.lang.Object@4005c08c
      array = class java.lang.Object[3]
    nestedModuleMetaDataFactories = class java.util.concurrent.CopyOnWriteArrayList@536600c1
      serialVersionUID = 8673264195747942595
      lock = class java.lang.Object@51fda77
      array = class java.lang.Object[1]
    nestedModules = null
    moduleName = "softswitch-"
    moduleDD = class com.ibm.ws.javaee.ddmodel.web.common.WebAppType@374629fb
      version = class com.ibm.ws.javaee.ddmodel.TokenType@2f2bd5a1
      metadata_complete = null
      module_name = null
      absolute_ordering = null
      serialVersionUID = 4092807504738198665
      $$$tc$$$ = class com.ibm.websphere.ras.TraceComponent@5d5a91f3
      description = null
      display_name = null
      icon = null
      distributable = null
      context_param = class com.ibm.ws.javaee.ddmodel.common.ParamValueType$ListType@3e858040
      filter = null
      filter_mapping = null
      listener = null
      servlet = class com.ibm.ws.javaee.ddmodel.web.common.ServletType$ListType@485c4041
      servlet_mapping = class com.ibm.ws.javaee.ddmodel.web.common.ServletMappingType$ListType@7932841b
      session_config = class com.ibm.ws.javaee.ddmodel.web.common.SessionConfigType@49ba580
      mime_mapping = class com.ibm.ws.javaee.ddmodel.web.common.MimeMappingType$ListType@160ea2d3
      welcome_file_list = class com.ibm.ws.javaee.ddmodel.web.common.WelcomeFileListType@3cfab61b
      error_page = class com.ibm.ws.javaee.ddmodel.web.common.ErrorPageType$ListType@5105efc3
      jsp_config = null
      security_constraint = null
      deny_uncovered_http_methods = null
      login_config = null
      security_role = null
      message_destination = null
      locale_encoding_mapping_list = null
      default_context_path = null
      request_encoding = null
      response_encoding = null
      servletNameToServletMap = null
      filterNameToFilterMap = null
      ejbRefNameToEJBLocalRefMap = null
      ejbRefNameToEJBRefMap = null
      resourceEnvRefNameToResourceEnvRefMap = null
      messageDestinationRefNameToMessageDestinationRefMap = null
      resRefNameToResourceRefMap = null
      envEntryNameToEnvEntryMap = null
      roleNameToSecurityRoleMap = null
      roleLinkToSecurityRoleRefMap = null
      handlerNameToHandlerMap = null
      path = "WEB-INF/web.xml"
      idMap = class com.ibm.ws.javaee.ddmodel.DDParser$ComponentIDMap@86bf7c6
      serialVersionUID = 5321339975883512588
      $$$tc$$$ = class com.ibm.websphere.ras.TraceComponent@4591d47a
      post_construct = null
      pre_destroy = null
      serialVersionUID = 1102064201943992836
      $$$tc$$$ = class com.ibm.websphere.ras.TraceComponent@2d66b6a5
      env_entry = null
      ejb_ref = null
      ejb_local_ref = null
      resource_ref = null
      resource_env_ref = null
      message_destination_ref = null
      persistence_context_ref = null
      persistence_unit_ref = null
      data_source = null
      jms_connection_factory = null
      jms_destination = null
      mail_session = null
      connection_factory = null
      administered_object = null
      serialVersionUID = 8931982405528922228
      $$$tc$$$ = class com.ibm.websphere.ras.TraceComponent@17ebf72c
      service_ref = null
      serialVersionUID = -6199862059825607270
      $$$tc$$$ = class com.ibm.websphere.ras.TraceComponent@2513f480
      nilled = false
      serialVersionUID = -2826386306561723362
      $$$tc$$$ = class com.ibm.websphere.ras.TraceComponent@474ba2a5
    moduleInfo = class com.ibm.ws.app.manager.module.internal.WebModuleInfoImpl@af7aee2
      contextRoot = "/softswitch-"
      isDefaultContextRootUsed = false
      serialVersionUID = -1540279394520440503
      $$$tc$$$ = class com.ibm.websphere.ras.TraceComponent@76b04ac1
      tc = class com.ibm.websphere.ras.TraceComponent@6dba18c2
      appInfo = class com.ibm.ws.container.service.app.deploy.internal.ApplicationInfoImpl@d133555
      moduleName = "softswitch-"
      path = "softswitch-.war"
      moduleContainer = class com.ibm.ws.adaptable.module.internal.AdaptableContainerImpl@1b563924
      altDDEntry = null
      moduleClassesContainers = class java.util.ArrayList@595237ff
      classLoaderFactory = class com.ibm.ws.app.manager.war.internal.WARDeployedAppInfo@7ea0d24c
      containerInfoType = class com.ibm.ws.container.service.app.deploy.ContainerInfo$Type@7c6ee5fd
      classLoader = class com.ibm.ws.classloading.internal.AppClassLoader@7b971e9b
      moduleMetaData = class com.ibm.ws.webcontainer.osgi.metadata.WebModuleMetaDataImpl@773f560
      nestedModuleMetaDataTypes = class java.util.ArrayList@2f0148f6
      nestedModuleMetaDataValues = class java.util.ArrayList@67e5339
      serialVersionUID = 3986734351620206554
    serialVersionUID = 8693907776607441911
    $$$tc$$$ = class com.ibm.websphere.ras.TraceComponent@1a90e9f0
      strings[0] = "TraceComponent[com.ibm.ws.app.manager.module.internal.SimpleDeployedAppInfoBase$ModuleContainerInfoBase,class com.ibm.ws.app.manager.module.internal.SimpleDeployedAppInfoBase$ModuleContainerInfoBase,[applications, app.manager],,null]"
    type = class com.ibm.ws.container.service.app.deploy.ContainerInfo$Type@7c6ee5fd
      MANIFEST_CLASSPATH = class com.ibm.ws.container.service.app.deploy.ContainerInfo$Type@ff94537
      WEB_INF_CLASSES = class com.ibm.ws.container.service.app.deploy.ContainerInfo$Type@3f1bf38f
      WEB_INF_LIB = class com.ibm.ws.container.service.app.deploy.ContainerInfo$Type@6c79dd30
      EAR_LIB = class com.ibm.ws.container.service.app.deploy.ContainerInfo$Type@20ac3c7f
      WEB_MODULE = class com.ibm.ws.container.service.app.deploy.ContainerInfo$Type@7c6ee5fd
      EJB_MODULE = class com.ibm.ws.container.service.app.deploy.ContainerInfo$Type@65b905a0
      CLIENT_MODULE = class com.ibm.ws.container.service.app.deploy.ContainerInfo$Type@5de0513
      RAR_MODULE = class com.ibm.ws.container.service.app.deploy.ContainerInfo$Type@276cd8c5
      JAR_MODULE = class com.ibm.ws.container.service.app.deploy.ContainerInfo$Type@66e24793
      SHARED_LIB = class com.ibm.ws.container.service.app.deploy.ContainerInfo$Type@4bdbdaea
      $VALUES = class com.ibm.ws.container.service.app.deploy.ContainerInfo$Type[10]
      $$$tc$$$ = class com.ibm.websphere.ras.TraceComponent@4bf6513a
      name = "WEB_MODULE"
      ordinal = 4
    name = "softswitch-.war"
    container = class com.ibm.ws.adaptable.module.internal.AdaptableContainerImpl@1b563924
    altDDEntry = null
    classesContainerInfo = class java.util.ArrayList@595237ff
      serialVersionUID = 8683452581122892189
      DEFAULT_CAPACITY = 10
      EMPTY_ELEMENTDATA = class java.lang.Object[0]
      DEFAULTCAPACITY_EMPTY_ELEMENTDATA = class java.lang.Object[0]
      elementData = class java.lang.Object[10]
      size = 9
      MAX_ARRAY_SIZE = 2147483639
      modCount = 10
      MAX_ARRAY_SIZE = 2147483639
    serialVersionUID = 7427332431485745589
    $$$tc$$$ = class com.ibm.websphere.ras.TraceComponent@65d60240
      strings[0] = "TraceComponent[com.ibm.ws.app.manager.module.internal.SimpleDeployedAppInfoBase$ExtendedContainerInfo,class com.ibm.ws.app.manager.module.internal.SimpleDeployedAppInfoBase$ExtendedContainerInfo,[applications, app.manager],,null]"
  DYNAMIC_IMPORT_PACKAGE_LIST = class java.util.Collections$UnmodifiableRandomAccessList@77b0a348
    serialVersionUID = -2542308836966382001
    serialVersionUID = -283967356065247728
    list = class java.util.Arrays$ArrayList@30976539
      serialVersionUID = -2764017481108945198
      a = class java.lang.String[1]
      modCount = 0
      MAX_ARRAY_SIZE = 2147483639
    serialVersionUID = 1820017752578914078
    c = class java.util.Arrays$ArrayList@30976539
  serialVersionUID = -6153587016903242961
  $$$tc$$$ = class com.ibm.websphere.ras.TraceComponent@74aec4ff
    strings[0] = "TraceComponent[com.ibm.ws.app.manager.war.internal.WARDeployedAppInfo,class com.ibm.ws.app.manager.war.internal.WARDeployedAppInfo,[webcontainer, applications, app.manager],com.ibm.ws.app.manager.war.internal.resources.Messages,null]"
  _tc = class com.ibm.websphere.ras.TraceComponent@69049a83
    strings[0] = "TraceComponent[com.ibm.ws.app.manager.module.internal.DeployedAppInfoBase,class com.ibm.ws.app.manager.module.internal.DeployedAppInfoBase,[app.manager],com.ibm.ws.app.manager.module.internal.resources.Messages,null]"
  PERMISSION_XML = "permissions.xml"
  applicationInformation = class com.ibm.ws.app.manager.internal.ApplicationInstallInfo@667d6a8d
    _config = class com.ibm.ws.app.manager.internal.ApplicationConfig@5ce8767a
      tc = class com.ibm.websphere.ras.TraceComponent@3bb46012
      _configPid = "com.ibm.ws.app.manager_57"
      _config = class com.ibm.ws.config.admin.ConfigurationDictionary@184836eb
      _applicationManager = class com.ibm.ws.app.manager.ApplicationManager@6082b51c
      _location = "softswitch-.war"
      _type = "war"
      _name = "softswitch-"
      _notificationBroadcasterSupport = class javax.management.NotificationBroadcasterSupport@38f6b90
      ONE_TIME_JANDEX_MSGS_DISPLAYED = true
    _handlerInfo = class java.util.concurrent.atomic.AtomicReference@2f2adfee
      serialVersionUID = -1848883965231344442
      VALUE = class java.lang.invoke.VarHandleReferences$FieldInstanceReadWrite@53fee91b
      value = class com.ibm.ws.app.manager.war.internal.WARDeployedAppInfo@7ea0d24c
    _container = class java.util.concurrent.atomic.AtomicReference@1362b784
      serialVersionUID = -1848883965231344442
      VALUE = class java.lang.invoke.VarHandleReferences$FieldInstanceReadWrite@53fee91b
      value = class com.ibm.ws.adaptable.module.internal.AdaptableContainerImpl@1b563924
    _resolvedLocation = class java.util.concurrent.atomic.AtomicReference@1ec68e67
      serialVersionUID = -1848883965231344442
      VALUE = class java.lang.invoke.VarHandleReferences$FieldInstanceReadWrite@53fee91b
      value = class com.ibm.ws.kernel.service.location.internal.LocalFileResource@270a9b47
    _handler = class com.ibm.ws.app.manager.war.internal.WARApplicationHandlerImpl@1027063
      futureMonitor = class com.ibm.ws.threading.internal.FutureMonitorImpl@14081af1
      deployedAppFactory = class com.ibm.ws.app.manager.war.internal.WARDeployedAppInfoFactoryImpl@2d2c947
      serialVersionUID = 4622845147410944782
      $$$tc$$$ = class com.ibm.websphere.ras.TraceComponent@2cfe70f9
    _ami = class java.util.concurrent.atomic.AtomicReference@78ae1a02
      serialVersionUID = -1848883965231344442
      VALUE = class java.lang.invoke.VarHandleReferences$FieldInstanceReadWrite@53fee91b
      value = class com.ibm.wsspi.application.handler.DefaultApplicationMonitoringInformation@1c92ddc4
    _updateHandler = class com.ibm.ws.app.manager.internal.statemachine.ApplicationStateMachineImpl@7ef64c04
      _tc = class com.ibm.websphere.ras.TraceComponent@7e0a7f74
      EMPTY_FUTURE_ARRAY = interface java.util.concurrent.Future[0]
      asmSequenceNumber = class java.util.concurrent.atomic.AtomicLong@9f9ead8
      _qscaCounter = class java.util.concurrent.atomic.AtomicInteger@505f7a62
      _failedThrowable = null
      _interruptibleLock = class com.ibm.ws.app.manager.internal.statemachine.ApplicationStateMachineImpl$2@25800f20
      _interruptible = false
      _performingQueuedActions = true
      _queuedActions = class java.util.concurrent.ConcurrentLinkedQueue@5d2b23eb
      _callbackState = class java.util.concurrent.atomic.AtomicReference@1b42bdbc
      blockAppStartingFutures = class java.util.Collections$SetFromMap@306558dc
      waitingForAppHandlerFuture = class java.util.concurrent.atomic.AtomicReference@1539b8ff
      waitingForExplicitStartFuture = class java.util.concurrent.atomic.AtomicReference@1189f5c8
      completionListener = class java.util.concurrent.atomic.AtomicReference@1f281518
      _notifyAppStopped = class java.util.concurrent.ConcurrentLinkedQueue@5111d99
      _notifyAppStarting = class java.util.concurrent.ConcurrentLinkedQueue@5d37a384
      _notifyAppInstallCalled = class java.util.concurrent.ConcurrentLinkedQueue@3ce2a5f
      _notifyAppStarted = class java.util.concurrent.ConcurrentLinkedQueue@5c917feb
      _notifyAppRemoved = class java.util.concurrent.ConcurrentLinkedQueue@51e14c35
      _stateLock = class com.ibm.ws.app.manager.internal.statemachine.ApplicationStateMachineImpl$3@31aaee0e
      _internalState = class java.util.concurrent.atomic.AtomicReference@4344a6b6
      _currentAction = class java.util.concurrent.atomic.AtomicReference@147de712
      _rfa = class java.util.concurrent.atomic.AtomicReference@4fa6814c
      _appInstallInfo = class java.util.concurrent.atomic.AtomicReference@291acc28
      _update = class java.util.concurrent.atomic.AtomicBoolean@4f0daeab
      _appConfig = class java.util.concurrent.atomic.AtomicReference@34b3952f
      _nextAppConfig = class java.util.concurrent.atomic.AtomicReference@4f64ce14
      _appContainer = class java.util.concurrent.atomic.AtomicReference@30e0205c
      _resolvedLocation = class java.util.concurrent.atomic.AtomicReference@12baa81d
      _handler = class java.util.concurrent.atomic.AtomicReference@3a885d88
      _asmSeqNo = 2
      _ctx = class org.eclipse.osgi.internal.framework.BundleContextImpl@51818e5d
      _locAdmin = class com.ibm.ws.kernel.service.location.internal.WsLocationAdminImpl@537520a3
      _futureMonitor = class com.ibm.ws.threading.internal.FutureMonitorImpl@14081af1
      _artifactFactory = class com.ibm.ws.artifact.internal.ArtifactContainerFactoryService@62a61851
      _moduleFactory = class com.ibm.ws.adaptable.module.internal.AdaptableModuleFactoryImpl@467aa38d
      _executorService = class com.ibm.ws.threading.internal.ExecutorServiceImpl@259bbe58
      _scheduledExecutorService = class com.ibm.ws.threading.internal.ScheduledExecutorImpl@5d87c37e
      _asmHelper = class com.ibm.ws.app.manager.internal.ApplicationConfigurator$NamedApplication@54dea474
      _appMonitor = class com.ibm.ws.app.manager.internal.monitor.ApplicationMonitor@278d8055
      enterStateCalled = class java.util.concurrent.atomic.AtomicBoolean@753b7065
      serialVersionUID = 6511956370079301927
      serialVersionUID = 5501066335104962649
      $$$tc$$$ = class com.ibm.websphere.ras.TraceComponent@51d65229
    serialVersionUID = 2630639237123415755
    $$$tc$$$ = class com.ibm.websphere.ras.TraceComponent@22e61dd
      strings[0] = "TraceComponent[com.ibm.ws.app.manager.internal.ApplicationInstallInfo,class com.ibm.ws.app.manager.internal.ApplicationInstallInfo,[applications, app.manager],com.ibm.ws.app.manager.internal.resources.AppManagerMessages,null]"
  location = "D:\devel\tools\wlp\usr\servers\defaultServer\apps\softswitch-.war.xml"
  classLoadingService = class com.ibm.ws.classloading.internal.ClassLoadingServiceImpl@6a033921
    tc = class com.ibm.websphere.ras.TraceComponent@1beb6867
      strings[0] = "TraceComponent[com.ibm.ws.classloading.internal.ClassLoadingServiceImpl,class com.ibm.ws.classloading.internal.ClassLoadingServiceImpl,[ClassLoadingService],com.ibm.ws.classloading.internal.resources.ClassLoadingServiceMessages,null]"
    leakDetectionMap = class java.util.HashMap@1a4cf1c9
      serialVersionUID = 362498820763181265
      DEFAULT_INITIAL_CAPACITY = 16
      MAXIMUM_CAPACITY = 1073741824
      DEFAULT_LOAD_FACTOR = 0.75
      TREEIFY_THRESHOLD = 8
      UNTREEIFY_THRESHOLD = 6
      MIN_TREEIFY_CAPACITY = 64
      table = null
      entrySet = null
      size = 0
      modCount = 0
      threshold = 0
      loadFactor = 0.75
      keySet = null
      values = null
    TCCL_LOCK_WAIT = 15000
    REFERENCE_GENERATORS = "generators"
    bundleContext = class org.eclipse.osgi.internal.framework.BundleContextImpl@2d999e5b
      findHookName = "org.osgi.framework.hooks.bundle.FindHook"
      valid = true
      bundle = class org.eclipse.osgi.internal.framework.EquinoxBundle@537e438f
      container = class org.eclipse.osgi.internal.framework.EquinoxContainer@2ab207aa
      debug = class org.eclipse.osgi.internal.debug.Debug@1d0c64a7
      servicesInUse = class java.util.HashMap@6b10c422
      activator = null
      contextLock = class java.lang.Object@233fd35
    aclStore = class com.ibm.ws.classloading.internal.util.CanonicalStore@6a46a86b
      map = class java.util.concurrent.ConcurrentHashMap@5fa9c373
      q = class com.ibm.ws.classloading.internal.util.RefQueue@7fa49ef4
      serialVersionUID = 6715157558227169968
      $$$tc$$$ = class com.ibm.websphere.ras.TraceComponent@4aaa4abf
    tcclStore = class com.ibm.ws.classloading.internal.util.CanonicalStore@16bb0834
      map = class java.util.concurrent.ConcurrentHashMap@6e77b8c4
      q = class com.ibm.ws.classloading.internal.util.RefQueue@6ef44da5
      serialVersionUID = 6715157558227169968
      $$$tc$$$ = class com.ibm.websphere.ras.TraceComponent@4aaa4abf
    tcclStoreLock = class java.util.concurrent.locks.ReentrantLock@4ec61e24
      serialVersionUID = 7373984872572414699
      sync = class java.util.concurrent.locks.ReentrantLock$NonfairSync@46605048
    digraph = class org.eclipse.equinox.internal.region.StandardRegionDigraph@33f97c8c
      EMPTY_EDGE_SET = class java.util.Collections$UnmodifiableSet@69c3bb31
      monitor = class java.lang.Object@4b4c9645
      regions = class java.util.HashMap@69e1e7f9
      bundleIdToRegionMapping = class org.eclipse.equinox.internal.region.StandardBundleIdToRegionMapping@68fe3c7a
      edges = class java.util.HashMap@1c100867
      bundleContext = class org.eclipse.osgi.internal.framework.BundleContextImpl@618b19ad
      threadLocal = class java.lang.ThreadLocal@33414b1e
      subgraphTraverser = class org.eclipse.equinox.internal.region.SubgraphTraverser@55f9aca0
      bundleCollisionHook = class org.eclipse.equinox.internal.region.hook.RegionBundleCollisionHook@4cfd4789
      bundleEventHook = class org.eclipse.equinox.internal.region.hook.RegionBundleEventHook@50323d41
      bundleFindHook = class org.eclipse.equinox.internal.region.hook.RegionBundleFindHook@699295e2
      serviceEventHook = class org.eclipse.equinox.internal.region.hook.RegionServiceEventHook@7116b8dc
      serviceFindHook = class org.eclipse.equinox.internal.region.hook.RegionServiceFindHook@57f16878
      resolverHookFactory = class org.eclipse.equinox.internal.region.hook.RegionResolverHookFactory@16e89ff2
      origin = null
      originUpdateCount = -1
      updateCount = class java.util.concurrent.atomic.AtomicLong@6ba82548
      defaultRegion = null
    redefiner = class com.ibm.ws.classloading.internal.util.ClassRedefiner@6ca38f68
      tc = class com.ibm.websphere.ras.TraceComponent@6d18f1d4
      LS = "
"
      inst = class com.ibm.ws.kernel.launch.internal.TraceInstrumentation@7c366147
      serialVersionUID = 2420101865139508526
    listener = class com.ibm.ws.classloading.internal.ClassLoadingServiceImpl$1@2297d060
      this$0 = class com.ibm.ws.classloading.internal.ClassLoadingServiceImpl@6a033921
      serialVersionUID = -9159707349812113172
      $$$tc$$$ = class com.ibm.websphere.ras.TraceComponent@17311ebc
    classloaders = class java.util.Collections$SynchronizedMap@5c5ecd28
      serialVersionUID = 1978198479659022715
      m = class java.util.HashMap@2f3ca0b9
      mutex = class java.util.Collections$SynchronizedMap@5c5ecd28
      keySet = null
      entrySet = null
      values = null
    resourceProviders = class com.ibm.ws.classloading.internal.CompositeResourceProvider@24bbc733
      lockFactory = class java.util.concurrent.locks.ReentrantReadWriteLock@3b47d9d0
      providerMap = class com.ibm.ws.classloading.internal.util.MultiMap@4ad95b54
      serialVersionUID = -5576435894946156347
      $$$tc$$$ = class com.ibm.websphere.ras.TraceComponent@34359334
    rememberedBundles = class java.util.concurrent.ConcurrentHashMap@5413c403
      serialVersionUID = 7249069246763182397
      MAXIMUM_CAPACITY = 1073741824
      DEFAULT_CAPACITY = 16
      MAX_ARRAY_SIZE = 2147483639
      DEFAULT_CONCURRENCY_LEVEL = 16
      LOAD_FACTOR = 0.75
      TREEIFY_THRESHOLD = 8
      UNTREEIFY_THRESHOLD = 6
      MIN_TREEIFY_CAPACITY = 64
      MIN_TRANSFER_STRIDE = 16
      RESIZE_STAMP_BITS = 16
      MAX_RESIZERS = 65535
      RESIZE_STAMP_SHIFT = 16
      MOVED = -1
      TREEBIN = -2
      RESERVED = -3
      HASH_BITS = 2147483647
      NCPU = 4
      serialPersistentFields = class java.io.ObjectStreamField[3]
      table = class java.util.concurrent.ConcurrentHashMap$Node[16]
      nextTable = null
      baseCount = 4
      sizeCtl = 12
      transferIndex = 0
      cellsBusy = 0
      counterCells = null
      keySet = null
      values = null
      entrySet = null
      U = class jdk.internal.misc.Unsafe@362e90af
      SIZECTL = 20
      TRANSFERINDEX = 32
      BASECOUNT = 24
      CELLSBUSY = 36
      CELLVALUE = 144
      ABASE = 16
      ASHIFT = 2
      keySet = null
      values = null
    collectedBundles = class java.lang.ref.ReferenceQueue@481b1a31
      NULL = class java.lang.ref.ReferenceQueue$Null@9b53309
      ENQUEUED = class java.lang.ref.ReferenceQueue$Null@67da8313
      lock = class java.lang.ref.ReferenceQueue$Lock@1040dfdc
      head = null
      queueLength = 0
      $assertionsDisabled = true
    generatorRefs = class com.ibm.wsspi.kernel.service.utils.ConcurrentServiceReferenceSet@6286b997
      referenceName = "generators"
      contextRef = class java.util.concurrent.atomic.AtomicReference@3c229f1f
      elementMap = class java.util.LinkedHashMap@22d160f7
      elementSet = class java.util.concurrent.ConcurrentSkipListSet@1e4b0ed4
      elementSetUnsorted = false
      serialVersionUID = 756240983881166148
      $$$tc$$$ = class com.ibm.websphere.ras.TraceComponent@524d2ded
    generatorManager = class com.ibm.ws.classloading.internal.ClassGeneratorManager@187e68ab
      tc = class com.ibm.websphere.ras.TraceComponent@44ad9052
      generatorRefs = class com.ibm.wsspi.kernel.service.utils.ConcurrentServiceReferenceSet@6286b997
      serialVersionUID = 4152663586056483310
    appExtLibs = class java.util.concurrent.CopyOnWriteArrayList@5207847b
      serialVersionUID = 8673264195747942595
      lock = class java.lang.Object@41cc1aa0
      array = class java.lang.Object[0]
    globalConfig = class com.ibm.ws.classloading.configuration.GlobalClassloadingConfiguration@42ddd698
      properties = class org.apache.felix.scr.impl.helper.ReadOnlyDictionary@4c554808
      serialVersionUID = 452562347104713756
      $$$tc$$$ = class com.ibm.websphere.ras.TraceComponent@509b7d10
    metaInfServicesProviders = class java.util.concurrent.ConcurrentHashMap@15c09555
      serialVersionUID = 7249069246763182397
      MAXIMUM_CAPACITY = 1073741824
      DEFAULT_CAPACITY = 16
      MAX_ARRAY_SIZE = 2147483639
      DEFAULT_CONCURRENCY_LEVEL = 16
      LOAD_FACTOR = 0.75
      TREEIFY_THRESHOLD = 8
      UNTREEIFY_THRESHOLD = 6
      MIN_TREEIFY_CAPACITY = 64
      MIN_TRANSFER_STRIDE = 16
      RESIZE_STAMP_BITS = 16
      MAX_RESIZERS = 65535
      RESIZE_STAMP_SHIFT = 16
      MOVED = -1
      TREEBIN = -2
      RESERVED = -3
      HASH_BITS = 2147483647
      NCPU = 4
      serialPersistentFields = class java.io.ObjectStreamField[3]
      table = null
      nextTable = null
      baseCount = 0
      sizeCtl = 0
      transferIndex = 0
      cellsBusy = 0
      counterCells = null
      keySet = null
      values = null
      entrySet = null
      U = class jdk.internal.misc.Unsafe@362e90af
      SIZECTL = 20
      TRANSFERINDEX = 32
      BASECOUNT = 24
      CELLSBUSY = 36
      CELLVALUE = 144
      ABASE = 16
      ASHIFT = 2
      keySet = null
      values = null
    metaInfServicesRefs = class com.ibm.wsspi.kernel.service.utils.ConcurrentServiceReferenceMap@7e109c76
      referenceName = "MetaInfServicesProvider"
      context = class org.apache.felix.scr.impl.manager.ComponentContextImpl@60f611b3
      elementMap = class java.util.concurrent.ConcurrentHashMap@6b6ef2e6
      serialVersionUID = 6980924785166233786
      $$$tc$$$ = class com.ibm.websphere.ras.TraceComponent@48b9aaac
    protectionDomainMap = class java.util.HashMap@105afb93
      serialVersionUID = 362498820763181265
      DEFAULT_INITIAL_CAPACITY = 16
      MAXIMUM_CAPACITY = 1073741824
      DEFAULT_LOAD_FACTOR = 0.75
      TREEIFY_THRESHOLD = 8
      UNTREEIFY_THRESHOLD = 6
      MIN_TREEIFY_CAPACITY = 64
      table = null
      entrySet = null
      size = 0
      modCount = 0
      threshold = 0
      loadFactor = 0.75
      keySet = null
      values = null
    metadataIdentifierService = class com.ibm.ws.container.service.metadata.internal.MetaDataServiceImpl@1d7d15ff
    globalSharedLibrary = class java.util.concurrent.atomic.AtomicReference@3c9f9616
      serialVersionUID = -1848883965231344442
      VALUE = class java.lang.invoke.VarHandleReferences$FieldInstanceReadWrite@53fee91b
      value = null
    serialVersionUID = -2277344858934055980
  globalSharedLibrary = class com.ibm.ws.library.internal.SharedLibraryImpl@74b8c17d
    tc = class com.ibm.websphere.ras.TraceComponent@4e496f56
      strings[0] = "TraceComponent[com.ibm.ws.library.internal.SharedLibraryImpl,class com.ibm.ws.library.internal.SharedLibraryImpl,[SharedLibrary],com.ibm.ws.classloading.internal.resources.ClassLoadingServiceMessages,null]"
    EMPTY_LIBRARY_LISTENERS = interface com.ibm.wsspi.library.LibraryChangeListener[0]
    deleted = false
    libraryListenersTracker = class org.osgi.util.tracker.ServiceTracker@5b40e209
      DEBUG = false
      context = class org.eclipse.osgi.internal.framework.BundleContextImpl@2d999e5b
      filter = class org.eclipse.osgi.internal.framework.FilterImpl@5afdc061
      customizer = class org.osgi.util.tracker.ServiceTracker@5b40e209
      listenerFilter = "(&(objectClass=com.ibm.wsspi.library.LibraryChangeListener)(|(library=global)(libraryRef=*com.ibm.ws.classloading.sharedlibrary_24*)))"
      trackClass = null
      trackReference = null
      tracked = class org.osgi.util.tracker.ServiceTracker$Tracked@4b5e2216
      cachedReference = null
      cachedService = null
    libraryReg = class org.eclipse.osgi.internal.serviceregistry.ServiceRegistrationImpl@24cdfc77
      registry = class org.eclipse.osgi.internal.serviceregistry.ServiceRegistry@750a81ab
      context = class org.eclipse.osgi.internal.framework.BundleContextImpl@2d999e5b
      bundle = class org.eclipse.osgi.internal.framework.EquinoxBundle@537e438f
      clazzes = class java.lang.String[1]
      service = class com.ibm.ws.library.internal.SharedLibraryImpl@74b8c17d
      reference = class org.eclipse.osgi.internal.serviceregistry.ServiceReferenceImpl@2a01b380
      contextsUsing = class java.util.ArrayList@68bda4d4
      properties = class java.util.Collections$UnmodifiableMap@499b77b1
      serviceid = 306
      serviceranking = 0
      registrationLock = class java.lang.Object@1fbbae58
      state = 0
      REGISTERED = 0
      UNREGISTERING = 1
      UNREGISTERED = 2
      FRAMEWORK_SET_SERVICE_PROPERTIES_COUNT = 4
      $assertionsDisabled = true
    ctx = class org.eclipse.osgi.internal.framework.BundleContextImpl@2d999e5b
    classLoadingService = class com.ibm.ws.classloading.internal.ClassLoadingServiceImpl@6a033921
    configAdmin = class com.ibm.ws.config.admin.internal.ConfigurationAdminImpl@75adc748
      tc = class com.ibm.websphere.ras.TraceComponent@489a0fd
      bundle = class org.eclipse.osgi.internal.framework.EquinoxBundle@537e438f
      caFactory = class com.ibm.ws.config.admin.internal.ConfigAdminServiceFactory@29ae45f5
      serialVersionUID = -2875522750804142523
    resolvedBasePath = "D:/devel/tools/wlp/usr/servers/defaultServer/"
    generationLock = class com.ibm.ws.library.internal.SharedLibraryImpl$1@373101ef
      this$0 = class com.ibm.ws.library.internal.SharedLibraryImpl@74b8c17d
      serialVersionUID = 2483639803450672373
      $$$tc$$$ = class com.ibm.websphere.ras.TraceComponent@6f68d21f
    currentGeneration = class com.ibm.ws.library.internal.LibraryGeneration@55c11325
      tc = class com.ibm.websphere.ras.TraceComponent@240b8244
      nextInt = class java.util.concurrent.atomic.AtomicInteger@24a9ddda
      libraryId = "global"
      genId = 0
      libraryProps = class java.util.Hashtable@75430fe4
      filesetRefs = class java.util.Collections$UnmodifiableRandomAccessList@3165e314
      apiTypeVisibility = class java.util.RegularEnumSet@33a4db55
      files = class java.util.Collections$EmptyList@63d4842
      folders = class java.util.ArrayList@598987f6
      fileAndFolderContainers = class java.util.Collections$EmptyList@63d4842
      filesets = class java.util.concurrent.ArrayBlockingQueue@34588f0c
      filesetListenerRegs = class java.util.concurrent.ConcurrentLinkedQueue@2a3bb7d0
      cancelled = false
      library = class com.ibm.ws.library.internal.SharedLibraryImpl@74b8c17d
      serialVersionUID = 6965220007121905717
    nextGeneration = class com.ibm.ws.library.internal.LibraryGeneration@55c11325
    artifactContainerFactory = class com.ibm.ws.library.internal.SharedLibraryFactory$1@9cde33e
      this$0 = class com.ibm.ws.library.internal.SharedLibraryFactory@3fd0bfb1
      serialVersionUID = 7730244564205089330
      $$$tc$$$ = class com.ibm.websphere.ras.TraceComponent@6e50cf31
    packageExporter = class com.ibm.ws.library.internal.LibraryPackageExporter@12c1f2c8
      EXPORTER_POSTFIX = "_library_exporter"
      REGION_EXPORT_TO_LIBERTY = "liberty.library.export.to.liberty"
      REGION_EXPORT_TO_OSGI_APPS = "liberty.library.export.to.osgi.app"
      REGION_KERNEL = "org.eclipse.equinox.region.kernel"
      counter = class java.util.concurrent.atomic.AtomicLong@3fccdf4e
      context = class org.eclipse.osgi.internal.framework.BundleContextImpl@2d999e5b
      digraph = class org.eclipse.equinox.internal.region.StandardRegionDigraph@33f97c8c
      bundleToLibrary = class java.util.concurrent.ConcurrentHashMap@61e47d03
      libraryToVisibility = class java.util.concurrent.ConcurrentHashMap@802cde9
      serialVersionUID = 8074378969667956573
      $$$tc$$$ = class com.ibm.websphere.ras.TraceComponent@507b66e2
    serialVersionUID = 6288237618632180389
  sharedLibDeploymentInfo = class com.ibm.ws.app.manager.module.internal.DeployedAppInfoBase$SharedLibDeploymentInfo@23bfd920
    bundleContext = class org.eclipse.osgi.internal.framework.BundleContextImpl@74eb6db4
      findHookName = "org.osgi.framework.hooks.bundle.FindHook"
      valid = true
      bundle = class org.eclipse.osgi.internal.framework.EquinoxBundle@760fce9a
      container = class org.eclipse.osgi.internal.framework.EquinoxContainer@2ab207aa
      debug = class org.eclipse.osgi.internal.debug.Debug@1d0c64a7
      servicesInUse = class java.util.HashMap@3e40031a
      activator = null
      contextLock = class java.lang.Object@1ca4d7bf
    locAdmin = class com.ibm.ws.kernel.service.location.internal.WsLocationAdminImpl@537520a3
      tc = class com.ibm.websphere.ras.TraceComponent@111838fb
      LOC_INTERNAL_LIB_DIR = "wlp.lib.dir"
      LOC_AREA_NAME_APPS = "shared/apps/"
      LOC_AREA_NAME_CONFIG = "shared/config/"
      LOC_AREA_NAME_RESC = "shared/resources/"
      LOC_AREA_NAME_STATE = "logs/state/"
      LOC_AREA_NAME_SERVERS = "servers/"
      LOC_AREA_NAME_CLIENTS = "clients/"
      LOC_AREA_NAME_WORKING = "workarea/"
      LOC_AREA_NAME_EXTENSION = "extension/"
      instance = class com.ibm.ws.staticvalue.StaticValue$FinalSingleton@2f5f6c66
      installRoot = class com.ibm.ws.kernel.service.location.internal.SymbolicRootResource@485444de
      installParentRoot = class com.ibm.ws.kernel.service.location.internal.SymbolicRootResource@15c7b3e8
      userRoot = class com.ibm.ws.kernel.service.location.internal.SymbolicRootResource@54a9fe57
      usrExtensionRoot = class com.ibm.ws.kernel.service.location.internal.SymbolicRootResource@c184f8
      serverConfigDir = class com.ibm.ws.kernel.service.location.internal.SymbolicRootResource@6ad9528a
      serverOutputDir = class com.ibm.ws.kernel.service.location.internal.SymbolicRootResource@6ad9528a
      bootstrapLib = class com.ibm.ws.kernel.service.location.internal.LocalFileResource@42a9e4ca
      serverWorkarea = class com.ibm.ws.kernel.service.location.internal.LocalFileResource@5969e18e
      serverState = class com.ibm.ws.kernel.service.location.internal.LocalFileResource@5503481f
      sharedAppsRoot = class com.ibm.ws.kernel.service.location.internal.SymbolicRootResource@756e1d37
      sharedConfigRoot = class com.ibm.ws.kernel.service.location.internal.SymbolicRootResource@786c38e4
      sharedResourceRoot = class com.ibm.ws.kernel.service.location.internal.SymbolicRootResource@6e1fc3f6
      tmpRoot = class com.ibm.ws.kernel.service.location.internal.SymbolicRootResource@21933d9a
      serverName = "defaultServer"
      resourcePaths = class java.util.ArrayList@24910b3a
      resourceGroups = class java.util.HashMap@3d23bc54
      commonRoot = class com.ibm.ws.kernel.service.location.internal.VirtualRootResource@2db3c875
      serialVersionUID = 7766352982799267432
    artifactFactory = class com.ibm.ws.artifact.internal.ArtifactContainerFactoryService@62a61851
      CATEGORY_PROP_NAME = "category"
      ENTRY_KEY = "com.ibm.wsspi.artifact.ArtifactEntry"
      helperMap = class com.ibm.wsspi.kernel.service.utils.ConcurrentServiceReferenceSetMap@5953b708
      contributorMap = class com.ibm.wsspi.kernel.service.utils.ConcurrentServiceReferenceSetMap@7d9f80a0
      helperCategoryMap = class com.ibm.wsspi.kernel.service.utils.ConcurrentServiceReferenceSetMap@10a13ccd
      contributorCategoryMap = class com.ibm.wsspi.kernel.service.utils.ConcurrentServiceReferenceSetMap@31fe4e1e
      categories = class java.util.Collections$SynchronizedSet@755144de
      baseProperties = class org.apache.felix.scr.impl.helper.ReadOnlyDictionary@744a4054
      serialVersionUID = -3101641399269402013
      $$$tc$$$ = class com.ibm.websphere.ras.TraceComponent@15ff94ec
    moduleFactory = class com.ibm.ws.adaptable.module.internal.AdaptableModuleFactoryImpl@467aa38d
      adapterFactoryService = class com.ibm.ws.adaptable.module.internal.AdapterFactoryServiceImpl@daa79e4
      containerFactory = class com.ibm.ws.artifact.internal.ArtifactContainerFactoryService@62a61851
      overlayContainerFactory = class com.ibm.ws.artifact.overlay.internal.OverlayContainerFactoryImpl@d1d8535
      serialVersionUID = 4200251809856292987
      $$$tc$$$ = class com.ibm.websphere.ras.TraceComponent@25fd6224
    classesContainerInfo = class java.util.ArrayList@229b5354
      serialVersionUID = 8683452581122892189
      DEFAULT_CAPACITY = 10
      EMPTY_ELEMENTDATA = class java.lang.Object[0]
      DEFAULTCAPACITY_EMPTY_ELEMENTDATA = class java.lang.Object[0]
      elementData = class java.lang.Object[0]
      size = 0
      MAX_ARRAY_SIZE = 2147483639
      modCount = 0
      MAX_ARRAY_SIZE = 2147483639
    serialVersionUID = -9033256786848720484
    $$$tc$$$ = class com.ibm.websphere.ras.TraceComponent@2ec9ebd8
      strings[0] = "TraceComponent[com.ibm.ws.app.manager.module.internal.DeployedAppInfoBase$SharedLibDeploymentInfo,class com.ibm.ws.app.manager.module.internal.DeployedAppInfoBase$SharedLibDeploymentInfo,[applications, app.manager],,null]"
  futureMonitor = class com.ibm.ws.threading.internal.FutureMonitorImpl@14081af1
    _monitor = class java.util.concurrent.ConcurrentLinkedQueue@6d945d44
      serialVersionUID = 196745693267521676
      head = class java.util.concurrent.ConcurrentLinkedQueue$Node@5baf0bfd
      tail = class java.util.concurrent.ConcurrentLinkedQueue$Node@5baf0bfd
      MAX_HOPS = 8
      HEAD = class java.lang.invoke.VarHandleReferences$FieldInstanceReadWrite@c3a4fbc
      TAIL = class java.lang.invoke.VarHandleReferences$FieldInstanceReadWrite@3c9139ae
      ITEM = class java.lang.invoke.VarHandleReferences$FieldInstanceReadWrite@223d4095
      NEXT = class java.lang.invoke.VarHandleReferences$FieldInstanceReadWrite@269a7c
      MAX_ARRAY_SIZE = 2147483639
    _executor = class com.ibm.ws.threading.internal.ScheduledExecutorImpl@5d87c37e
      threadGroupName = "Scheduled Executor Thread Group"
      executor = class com.ibm.ws.threading.internal.ExecutorServiceImpl@259bbe58
      serialVersionUID = -9110693807503469597
      $$$tc$$$ = class com.ibm.websphere.ras.TraceComponent@226affb1
      continueExistingPeriodicTasksAfterShutdown = false
      executeExistingDelayedTasksAfterShutdown = true
      removeOnCancel = false
      sequencer = class java.util.concurrent.atomic.AtomicLong@773f1469
      DEFAULT_KEEPALIVE_MILLIS = 10
      ctl = class java.util.concurrent.atomic.AtomicInteger@380e09b7
      COUNT_BITS = 29
      COUNT_MASK = 536870911
      RUNNING = -536870912
      SHUTDOWN = 0
      STOP = 536870912
      TIDYING = 1073741824
      TERMINATED = 1610612736
      workQueue = class java.util.concurrent.ScheduledThreadPoolExecutor$DelayedWorkQueue@5db00520
      mainLock = class java.util.concurrent.locks.ReentrantLock@18a667f
      workers = class java.util.HashSet@e19b67b
      termination = class java.util.concurrent.locks.AbstractQueuedSynchronizer$ConditionObject@469255be
      largestPoolSize = 1
      completedTaskCount = 0
      threadFactory = class com.ibm.ws.threading.internal.ThreadFactoryImpl@1b56c149
      handler = class java.util.concurrent.ThreadPoolExecutor$AbortPolicy@493de5c2
      keepAliveTime = 10000000
      allowCoreThreadTimeOut = false
      corePoolSize = 1
      maximumPoolSize = 2147483647
      defaultHandler = class java.util.concurrent.ThreadPoolExecutor$AbortPolicy@493de5c2
      shutdownPerm = class java.lang.RuntimePermission@ad438f0
      ONLY_ONE = true
      $assertionsDisabled = true
    _threadRunning = class java.util.concurrent.atomic.AtomicBoolean@2e597056
      serialVersionUID = 4654671469794556979
      VALUE = class java.lang.invoke.VarHandleInts$FieldInstanceReadWrite@70221ea5
      value = 0
    _thread = class com.ibm.ws.threading.internal.FutureMonitorImpl$1@5151a6f7
      this$0 = class com.ibm.ws.threading.internal.FutureMonitorImpl@14081af1
      serialVersionUID = 2422512430832938099
      $$$tc$$$ = class com.ibm.websphere.ras.TraceComponent@6094bac9
    serialVersionUID = 2765238413969174390
    $$$tc$$$ = class com.ibm.websphere.ras.TraceComponent@5ef5d65
      strings[0] = "TraceComponent[com.ibm.ws.threading.internal.FutureMonitorImpl,class com.ibm.ws.threading.internal.FutureMonitorImpl,[Threading],com.ibm.ws.threading.internal.resources.ThreadingMessages,null]"
  configAdmin = class com.ibm.ws.config.admin.internal.ConfigurationAdminImpl@52a13b9f
    tc = class com.ibm.websphere.ras.TraceComponent@489a0fd
      strings[0] = "TraceComponent[com.ibm.ws.config.admin.internal.ConfigurationAdminImpl,class com.ibm.ws.config.admin.internal.ConfigurationAdminImpl,[config],com.ibm.ws.config.internal.resources.ConfigMessages,null]"
    bundle = class org.eclipse.osgi.internal.framework.EquinoxBundle@760fce9a
      equinoxContainer = class org.eclipse.osgi.internal.framework.EquinoxContainer@2ab207aa
      module = class org.eclipse.osgi.internal.framework.EquinoxBundle$EquinoxModule@1e806c58
      monitor = class java.lang.Object@65e327c7
      context = class org.eclipse.osgi.internal.framework.BundleContextImpl@74eb6db4
      signerInfos = null
      $SWITCH_TABLE$org$eclipse$osgi$container$Module$State = {1,2,3,4,5,6,7} /* array length = 7 */
    caFactory = class com.ibm.ws.config.admin.internal.ConfigAdminServiceFactory@29ae45f5
      tc = class com.ibm.websphere.ras.TraceComponent@fdc5
      configurationPermission = class org.osgi.service.cm.ConfigurationPermission@42ef71c0
      INDEX_DICTIONARY = 0
      INDEX_LOCATION = 1
      INDEX_METATYPE_PROCESSED = 2
      INDEX_IN_OVERRIDES_FILE = 3
      INDEX_REFERENCES = 4
      INDEX_UNIQUES = 5
      bundleContext = class org.eclipse.osgi.internal.framework.BundleContextImpl@5625d1e8
      msTracker = class com.ibm.ws.config.admin.internal.ManagedServiceTracker@781ba519
      msfTracker = class com.ibm.ws.config.admin.internal.ManagedServiceFactoryTracker@5ada2753
      pluginManager = class com.ibm.ws.config.admin.internal.PluginManager@66ef504
      configurationStore = class com.ibm.ws.config.admin.internal.ConfigurationStore@3f36f578
      updateQueue = class com.ibm.ws.config.admin.internal.UpdateQueue@1a20bcea
      ced = class com.ibm.ws.config.admin.internal.ConfigEventDispatcher@114bf042
      idMap = class java.util.Collections$SynchronizedMap@607ce1ba
      referenceMap = class java.util.Collections$SynchronizedMap@68e955f8
      variableRegistryTracker = class org.osgi.util.tracker.ServiceTracker@77b163e3
      variableRegistry = class com.ibm.ws.kernel.service.location.internal.VariableRegistryHelper@393644b7
      configurationAdminRef = class org.eclipse.osgi.internal.serviceregistry.ServiceRegistrationImpl@3e06152c
      serialVersionUID = 6695202270027014725
    serialVersionUID = -2875522750804142523
  libraryConfigHelper = class com.ibm.ws.classloading.ClassLoaderConfigHelper@78047ef4
    tc = class com.ibm.websphere.ras.TraceComponent@95a002b
      strings[0] = "TraceComponent[com.ibm.ws.classloading.ClassLoaderConfigHelper,class com.ibm.ws.classloading.ClassLoaderConfigHelper,[ClassLoadingService],com.ibm.ws.classloading.internal.resources.ClassLoadingServiceMessages,null]"
    DEFAULT_API_TYPES = class java.util.RegularEnumSet@4f700ebb
      serialVersionUID = 3411599620347842686
      elements = 23
      elementType = class java.lang.Class@b630c19
      universe = class com.ibm.wsspi.classloading.ApiType[5]
      MAX_ARRAY_SIZE = 2147483639
    sharedLibraries = class java.util.Collections$EmptyList@63d4842
      serialVersionUID = 8842843931221139166
      modCount = 0
      MAX_ARRAY_SIZE = 2147483639
    commonLibraries = class java.util.Collections$EmptyList@63d4842
    classProviders = class java.util.Collections$EmptyList@63d4842
    sharedLibrariesPids = null
    commonLibrariesPids = null
    isDelegateLast = false
    apiTypes = class java.util.RegularEnumSet@4f700ebb
    classLoaderConfigProps = null
    serialVersionUID = 7643888529935916418
  isDelegateLast = false
  permissionManager = class com.ibm.ws.classloading.java2sec.PermissionManager@72c4e0f6
    tc = class com.ibm.websphere.ras.TraceComponent@beba97
      strings[0] = "TraceComponent[com.ibm.ws.classloading.java2sec.PermissionManager,class com.ibm.ws.classloading.java2sec.PermissionManager,[Java2SecurityUtil],com.ibm.ws.classloading.internal.resources.Java2SecurityUtilMessages,null]"
    classLoadingService = class com.ibm.ws.classloading.internal.ClassLoadingServiceImpl@6a033921
    DEFAULT_SERVER_RESTRICTABLE_PERMISSIONS = class java.security.Permission[4]
      Permission[0] = class java.lang.RuntimePermission@14dc6596
      Permission[1] = class java.lang.RuntimePermission@1c0659a1
      Permission[2] = class java.security.SecurityPermission@1e0e4c7d
      Permission[3] = class javax.security.auth.AuthPermission@3ddd4ca2
    DEFAULT_CLIENT_RESTRICTABLE_PERMISSIONS = class java.security.Permission[3]
      Permission[0] = class java.lang.RuntimePermission@73d2bf8e
      Permission[1] = class java.security.SecurityPermission@2197a909
      Permission[2] = class javax.security.auth.AuthPermission@b3f4a16
    isServer = true
    wsjarUrlStreamHandlerAvailable = true
    restrictablePermissions = class java.util.ArrayList@28153232
      serialVersionUID = 8683452581122892189
      DEFAULT_CAPACITY = 10
      EMPTY_ELEMENTDATA = class java.lang.Object[0]
      DEFAULTCAPACITY_EMPTY_ELEMENTDATA = class java.lang.Object[0]
      elementData = class java.lang.Object[10]
      size = 4
      MAX_ARRAY_SIZE = 2147483639
      modCount = 4
      MAX_ARRAY_SIZE = 2147483639
    grantedPermissions = class java.util.ArrayList@4486002a
      serialVersionUID = 8683452581122892189
      DEFAULT_CAPACITY = 10
      EMPTY_ELEMENTDATA = class java.lang.Object[0]
      DEFAULTCAPACITY_EMPTY_ELEMENTDATA = class java.lang.Object[0]
      elementData = class java.lang.Object[10]
      size = 1
      MAX_ARRAY_SIZE = 2147483639
      modCount = 1
      MAX_ARRAY_SIZE = 2147483639
    KEY_PERMISSION = "permission"
    INCORRECT_PERMISSION_CONFIGURATION = "INCORRECT_PERMISSION_CONFIGURATION"
    PERMISSION_CLASSNOTFOUND = "PERMISSION_CLASSNOTFOUND"
    SERVER_XML = "server.xml"
    CLIENT_XML = "client.xml"
    originationFile = "server.xml"
    permissions = class com.ibm.wsspi.kernel.service.utils.ConcurrentServiceReferenceSet@16c7de15
      referenceName = "permission"
      contextRef = class java.util.concurrent.atomic.AtomicReference@4ada7e5a
      elementMap = class java.util.LinkedHashMap@64bfedf1
      elementSet = class java.util.concurrent.ConcurrentSkipListSet@83e38bf
      elementSetUnsorted = false
      serialVersionUID = 756240983881166148
      $$$tc$$$ = class com.ibm.websphere.ras.TraceComponent@524d2ded
    codeBasePermissionMap = class java.util.HashMap@eeda3a4
      serialVersionUID = 362498820763181265
      DEFAULT_INITIAL_CAPACITY = 16
      MAXIMUM_CAPACITY = 1073741824
      DEFAULT_LOAD_FACTOR = 0.75
      TREEIFY_THRESHOLD = 8
      UNTREEIFY_THRESHOLD = 6
      MIN_TREEIFY_CAPACITY = 64
      table = null
      entrySet = null
      size = 0
      modCount = 0
      threshold = 0
      loadFactor = 0.75
      keySet = class java.util.HashMap$KeySet@105646b7
      values = null
    permissionXMLPermissionMap = class java.util.HashMap@f6894e9
      serialVersionUID = 362498820763181265
      DEFAULT_INITIAL_CAPACITY = 16
      MAXIMUM_CAPACITY = 1073741824
      DEFAULT_LOAD_FACTOR = 0.75
      TREEIFY_THRESHOLD = 8
      UNTREEIFY_THRESHOLD = 6
      MIN_TREEIFY_CAPACITY = 64
      table = null
      entrySet = null
      size = 0
      modCount = 0
      threshold = 0
      loadFactor = 0.75
      keySet = null
      values = null
    serialVersionUID = 3514017629123673923
  permissionsConfig = null
  serialVersionUID = 5168023053972273360
  appInfo = class com.ibm.ws.container.service.app.deploy.internal.ApplicationInfoImpl@d133555
    appName = "softswitch-"
    appMetaData = class com.ibm.ws.container.service.app.deploy.internal.ApplicationMetaDataImpl@1dadd38a
      j2eeName = class com.ibm.ws.container.service.metadata.internal.J2EENameImpl@2d63cf3
      serialVersionUID = -7906531148367236579
      $$$tc$$$ = class com.ibm.websphere.ras.TraceComponent@3e2f73d0
      tc = class com.ibm.websphere.ras.TraceComponent@51b3851b
      NUM_STATIC_SLOTS = 4
      ID_UNINITIALIZED = -1
      id = 3
      metaDataInterface = class java.lang.Class@7461db99
      staticSlots = class java.lang.Object[4]
      dynamicSlots = class java.lang.Object[4]
    appContainer = class com.ibm.ws.adaptable.module.internal.AdaptableContainerImpl@1b563924
      root = class com.ibm.ws.adaptable.module.internal.AdaptableContainerImpl@1b563924
      rootOverlay = class com.ibm.ws.artifact.overlay.internal.DirectoryBasedOverlayContainerImpl@5469400b
      factoryHolder = class com.ibm.ws.adaptable.module.internal.AdaptableModuleFactoryImpl@467aa38d
      delegate = class com.ibm.ws.artifact.overlay.internal.DirectoryBasedOverlayContainerImpl@5469400b
      notifier = class com.ibm.ws.adaptable.module.internal.NotifierImpl@4e8ccf4a
      serialVersionUID = -5621513278641113667
      $$$tc$$$ = class com.ibm.websphere.ras.TraceComponent@2fb86b6d
    configHelper = class com.ibm.ws.app.manager.module.ApplicationNestedConfigHelper@5dbc2916
      appInfo = class com.ibm.ws.app.manager.internal.ApplicationInstallInfo@667d6a8d
      serialVersionUID = -3174031738676705046
      $$$tc$$$ = class com.ibm.websphere.ras.TraceComponent@5196741c
    applicationInformation = class com.ibm.ws.app.manager.internal.ApplicationInstallInfo@667d6a8d
    serialVersionUID = -505303337196743781
    $$$tc$$$ = class com.ibm.websphere.ras.TraceComponent@151ded2
      strings[0] = "TraceComponent[com.ibm.ws.container.service.app.deploy.internal.ApplicationInfoImpl,class com.ibm.ws.container.service.app.deploy.internal.ApplicationInfoImpl,[container.service],com.ibm.ws.container.service.resources.Messages,null]"
  modulesDeployed = class java.util.ArrayList@2315a069
    serialVersionUID = 8683452581122892189
    DEFAULT_CAPACITY = 10
    EMPTY_ELEMENTDATA = class java.lang.Object[0]
    DEFAULTCAPACITY_EMPTY_ELEMENTDATA = class java.lang.Object[0]
    elementData = class java.lang.Object[10]
      Object[0] = class com.ibm.ws.app.manager.module.internal.DeployedModuleInfoImpl@278364b5
      Object[1] = null
      Object[2] = null
      Object[3] = null
      Object[4] = null
      Object[5] = null
      Object[6] = null
      Object[7] = null
      Object[8] = null
      Object[9] = null
    size = 1
    MAX_ARRAY_SIZE = 2147483639
    modCount = 1
    MAX_ARRAY_SIZE = 2147483639
  starting = true
  started = false
  appInfoFactory = class com.ibm.ws.container.service.app.deploy.internal.ApplicationInfoFactoryImpl@32efaf83
    j2eeNameFactory = class com.ibm.wsspi.kernel.service.utils.AtomicServiceReference@3a51441c
      referenceName = "j2eeNameFactory"
      tuple = class java.util.concurrent.atomic.AtomicReference@76a559bd
      serialVersionUID = 2226592364007985000
      $$$tc$$$ = class com.ibm.websphere.ras.TraceComponent@4143f987
    names = class java.util.HashSet@3c5eab5c
      serialVersionUID = -5024744406713321676
      map = class java.util.HashMap@42e8d499
      PRESENT = class java.lang.Object@7772f1fc
      MAX_ARRAY_SIZE = 2147483639
    serialVersionUID = 7443990212682384945
    $$$tc$$$ = class com.ibm.websphere.ras.TraceComponent@7a721bb4
      strings[0] = "TraceComponent[com.ibm.ws.container.service.app.deploy.internal.ApplicationInfoFactoryImpl,class com.ibm.ws.container.service.app.deploy.internal.ApplicationInfoFactoryImpl,[container.service],com.ibm.ws.container.service.resources.Messages,null]"
  metaDataService = class com.ibm.ws.container.service.metadata.internal.MetaDataServiceImpl@1d7d15ff
    applicationMetaDataManager = class com.ibm.ws.container.service.metadata.internal.ApplicationMetaDataManager@2de4c6ed
      serialVersionUID = 1843747281024490904
      $$$tc$$$ = class com.ibm.websphere.ras.TraceComponent@18f6fb63
      listeners = class com.ibm.wsspi.kernel.service.utils.ConcurrentServiceReferenceSet@4e731e31
      metaDataIDs = class com.ibm.ws.container.service.metadata.internal.IndexList@15a96be7
      metaDatas = class java.util.ArrayList@6dd08bf5
      slotIDs = class com.ibm.ws.container.service.metadata.internal.IndexList@6918c6ca
      serialVersionUID = 5464421863354792977
      $$$tc$$$ = class com.ibm.websphere.ras.TraceComponent@61a522f0
    moduleMetaDataManager = class com.ibm.ws.container.service.metadata.internal.ModuleMetaDataManager@576d1c0b
      serialVersionUID = 2513574389899327209
      $$$tc$$$ = class com.ibm.websphere.ras.TraceComponent@40b4e076
      listeners = class com.ibm.wsspi.kernel.service.utils.ConcurrentServiceReferenceSet@55086442
      metaDataIDs = class com.ibm.ws.container.service.metadata.internal.IndexList@6fab4873
      metaDatas = class java.util.ArrayList@3f00b7bc
      slotIDs = class com.ibm.ws.container.service.metadata.internal.IndexList@23659b78
      serialVersionUID = 5464421863354792977
      $$$tc$$$ = class com.ibm.websphere.ras.TraceComponent@61a522f0
    componentMetaDataManager = class com.ibm.ws.container.service.metadata.internal.ComponentMetaDataManager@10acf316
      serialVersionUID = 8629793739641703882
      $$$tc$$$ = class com.ibm.websphere.ras.TraceComponent@7990373b
      listeners = class com.ibm.wsspi.kernel.service.utils.ConcurrentServiceReferenceSet@650779c1
      metaDataIDs = class com.ibm.ws.container.service.metadata.internal.IndexList@437947f9
      metaDatas = class java.util.ArrayList@42d2881c
      slotIDs = class com.ibm.ws.container.service.metadata.internal.IndexList@2b9d3c68
      serialVersionUID = 5464421863354792977
      $$$tc$$$ = class com.ibm.websphere.ras.TraceComponent@61a522f0
    methodMetaDataManager = class com.ibm.ws.container.service.metadata.internal.MethodMetaDataManager@5043f833
      serialVersionUID = -8002489041502300640
      $$$tc$$$ = class com.ibm.websphere.ras.TraceComponent@3a267e7b
      listeners = class com.ibm.wsspi.kernel.service.utils.ConcurrentServiceReferenceSet@4ef3a
      metaDataIDs = class com.ibm.ws.container.service.metadata.internal.IndexList@3a0315d1
      metaDatas = class java.util.ArrayList@35b2f7b2
      slotIDs = class com.ibm.ws.container.service.metadata.internal.IndexList@4e19f0f7
      serialVersionUID = 5464421863354792977
      $$$tc$$$ = class com.ibm.websphere.ras.TraceComponent@61a522f0
    appModuleNameToModuleContainer = class java.util.concurrent.ConcurrentHashMap@5b9b9f78
      serialVersionUID = 7249069246763182397
      MAXIMUM_CAPACITY = 1073741824
      DEFAULT_CAPACITY = 16
      MAX_ARRAY_SIZE = 2147483639
      DEFAULT_CONCURRENCY_LEVEL = 16
      LOAD_FACTOR = 0.75
      TREEIFY_THRESHOLD = 8
      UNTREEIFY_THRESHOLD = 6
      MIN_TREEIFY_CAPACITY = 64
      MIN_TRANSFER_STRIDE = 16
      RESIZE_STAMP_BITS = 16
      MAX_RESIZERS = 65535
      RESIZE_STAMP_SHIFT = 16
      MOVED = -1
      TREEBIN = -2
      RESERVED = -3
      HASH_BITS = 2147483647
      NCPU = 4
      serialPersistentFields = class java.io.ObjectStreamField[3]
      table = class java.util.concurrent.ConcurrentHashMap$Node[16]
      nextTable = null
      baseCount = 9
      sizeCtl = 12
      transferIndex = 0
      cellsBusy = 0
      counterCells = null
      keySet = null
      values = null
      entrySet = null
      U = class jdk.internal.misc.Unsafe@362e90af
      SIZECTL = 20
      TRANSFERINDEX = 32
      BASECOUNT = 24
      CELLSBUSY = 36
      CELLVALUE = 144
      ABASE = 16
      ASHIFT = 2
      keySet = null
      values = null
    jeeNameToComponentMetaData = class java.util.concurrent.ConcurrentHashMap@64294d44
      serialVersionUID = 7249069246763182397
      MAXIMUM_CAPACITY = 1073741824
      DEFAULT_CAPACITY = 16
      MAX_ARRAY_SIZE = 2147483639
      DEFAULT_CONCURRENCY_LEVEL = 16
      LOAD_FACTOR = 0.75
      TREEIFY_THRESHOLD = 8
      UNTREEIFY_THRESHOLD = 6
      MIN_TREEIFY_CAPACITY = 64
      MIN_TRANSFER_STRIDE = 16
      RESIZE_STAMP_BITS = 16
      MAX_RESIZERS = 65535
      RESIZE_STAMP_SHIFT = 16
      MOVED = -1
      TREEBIN = -2
      RESERVED = -3
      HASH_BITS = 2147483647
      NCPU = 4
      serialPersistentFields = class java.io.ObjectStreamField[3]
      table = class java.util.concurrent.ConcurrentHashMap$Node[32]
      nextTable = null
      baseCount = 19
      sizeCtl = 24
      transferIndex = 0
      cellsBusy = 0
      counterCells = null
      keySet = null
      values = null
      entrySet = null
      U = class jdk.internal.misc.Unsafe@362e90af
      SIZECTL = 20
      TRANSFERINDEX = 32
      BASECOUNT = 24
      CELLSBUSY = 36
      CELLVALUE = 144
      ABASE = 16
      ASHIFT = 2
      keySet = null
      values = null
    deferredMetaDataFactories = class com.ibm.wsspi.kernel.service.utils.ConcurrentServiceReferenceSet@136a2694
      referenceName = "deferredMetaDataFactory"
      contextRef = class java.util.concurrent.atomic.AtomicReference@2af3298a
      elementMap = class java.util.LinkedHashMap@5a23e337
      elementSet = class java.util.concurrent.ConcurrentSkipListSet@2d514a94
      elementSetUnsorted = false
      serialVersionUID = 756240983881166148
      $$$tc$$$ = class com.ibm.websphere.ras.TraceComponent@524d2ded
    deferredMetaDataInitializers = class com.ibm.wsspi.kernel.service.utils.ConcurrentServiceReferenceMap@5c27d6aa
      referenceName = "deferredMetaDataFactory"
      context = class org.apache.felix.scr.impl.manager.ComponentContextImpl@6b6151b5
      elementMap = class java.util.concurrent.ConcurrentHashMap@6b7b7522
      serialVersionUID = 6980924785166233786
      $$$tc$$$ = class com.ibm.websphere.ras.TraceComponent@48b9aaac
    serialVersionUID = -2494605732980966097
    $$$tc$$$ = class com.ibm.websphere.ras.TraceComponent@7c50af48
      strings[0] = "TraceComponent[com.ibm.ws.container.service.metadata.internal.MetaDataServiceImpl,class com.ibm.ws.container.service.metadata.internal.MetaDataServiceImpl,[Runtime],,null]"
  stateChangeService = class com.ibm.ws.container.service.state.internal.StateChangeServiceImpl@4d51b011
    applicationStateManager = class com.ibm.ws.container.service.state.internal.ApplicationStateManager@7b1b4f35
      serialVersionUID = -6685368059484454124
      $$$tc$$$ = class com.ibm.websphere.ras.TraceComponent@7718d428
      listeners = class com.ibm.wsspi.kernel.service.utils.ConcurrentServiceReferenceSet@63bdd815
      serialVersionUID = 2284273176985484160
      $$$tc$$$ = class com.ibm.websphere.ras.TraceComponent@42a8b205
    moduleStateManager = class com.ibm.ws.container.service.state.internal.ModuleStateManager@28ae0176
      serialVersionUID = -5540260902341249963
      $$$tc$$$ = class com.ibm.websphere.ras.TraceComponent@14483dce
      listeners = class com.ibm.wsspi.kernel.service.utils.ConcurrentServiceReferenceSet@5fd1dd46
      serialVersionUID = 2284273176985484160
      $$$tc$$$ = class com.ibm.websphere.ras.TraceComponent@42a8b205
    serialVersionUID = -537917915330350560
    $$$tc$$$ = class com.ibm.websphere.ras.TraceComponent@5e9a69f0
      strings[0] = "TraceComponent[com.ibm.ws.container.service.state.internal.StateChangeServiceImpl,class com.ibm.ws.container.service.state.internal.StateChangeServiceImpl,[Runtime],,null]"
  moduleClassesInfo = class com.ibm.ws.app.manager.module.internal.SimpleDeployedAppInfoBase$ModuleClassesInfoProvider@51cdeda0
    entryContainerInfosMap = class java.util.HashMap@7f31d4e5
      serialVersionUID = 362498820763181265
      DEFAULT_INITIAL_CAPACITY = 16
      MAXIMUM_CAPACITY = 1073741824
      DEFAULT_LOAD_FACTOR = 0.75
      TREEIFY_THRESHOLD = 8
      UNTREEIFY_THRESHOLD = 6
      MIN_TREEIFY_CAPACITY = 64
      table = null
      entrySet = null
      size = 0
      modCount = 0
      threshold = 0
      loadFactor = 0.75
      keySet = null
      values = null
    serialVersionUID = -70332790531324534
    $$$tc$$$ = class com.ibm.websphere.ras.TraceComponent@72518c69
      strings[0] = "TraceComponent[com.ibm.ws.app.manager.module.internal.SimpleDeployedAppInfoBase$ModuleClassesInfoProvider,class com.ibm.ws.app.manager.module.internal.SimpleDeployedAppInfoBase$ModuleClassesInfoProvider,[applications, app.manager],,null]"
  moduleContainerInfos = class java.util.ArrayList@c664860
    serialVersionUID = 8683452581122892189
    DEFAULT_CAPACITY = 10
    EMPTY_ELEMENTDATA = class java.lang.Object[0]
    DEFAULTCAPACITY_EMPTY_ELEMENTDATA = class java.lang.Object[0]
    elementData = class java.lang.Object[10]
      Object[0] = class com.ibm.ws.app.manager.module.internal.SimpleDeployedAppInfoBase$WebModuleContainerInfo@6fae71c4
      Object[1] = null
      Object[2] = null
      Object[3] = null
      Object[4] = null
      Object[5] = null
      Object[6] = null
      Object[7] = null
      Object[8] = null
      Object[9] = null
    size = 1
    MAX_ARRAY_SIZE = 2147483639
    modCount = 1
    MAX_ARRAY_SIZE = 2147483639
  activeModuleHandlers = class java.util.IdentityHashMap@57ce74c6
    DEFAULT_CAPACITY = 32
    MINIMUM_CAPACITY = 4
    MAXIMUM_CAPACITY = 536870912
    table = class java.lang.Object[16]
      Object[0] = null
      Object[1] = null
      Object[2] = null
      Object[3] = null
      Object[4] = null
      Object[5] = null
      Object[6] = null
      Object[7] = null
      Object[8] = null
      Object[9] = null
      Object[10] = null
      Object[11] = null
      Object[12] = null
      Object[13] = null
      Object[14] = null
      Object[15] = null
    size = 0
    modCount = 2
    NULL_KEY = class java.lang.Object@236d11c7
    entrySet = null
    serialVersionUID = 8188218128353913216
    keySet = null
    values = null
  serialVersionUID = 7078125893012250887
  $$$tc$$$ = class com.ibm.websphere.ras.TraceComponent@48e4889b
    strings[0] = "TraceComponent[com.ibm.ws.app.manager.module.internal.SimpleDeployedAppInfoBase,class com.ibm.ws.app.manager.module.internal.SimpleDeployedAppInfoBase,[applications, app.manager],,null]"

Dump of objectArray[0]
Object type = com.ibm.ws.threading.internal.NonCancelableResultFuture
  _done = false
  _result = null
  _failure = null
  _listeners = class java.util.concurrent.ConcurrentLinkedQueue@278670b3
    serialVersionUID = 196745693267521676
    head = class java.util.concurrent.ConcurrentLinkedQueue$Node@795046c
      item = null
      next = null
    tail = class java.util.concurrent.ConcurrentLinkedQueue$Node@795046c
    MAX_HOPS = 8
    HEAD = class java.lang.invoke.VarHandleReferences$FieldInstanceReadWrite@c3a4fbc
      FORM = class java.lang.invoke.VarForm@4098c75f
      fieldOffset = 12
      receiverType = class java.lang.Class@22a71081
      fieldType = class java.lang.Class@3930015a
      FORM = class java.lang.invoke.VarForm@4d6cfb70
      vform = class java.lang.invoke.VarForm@4098c75f
      typesAndInvokers = null
      AIOOBE_SUPPLIER = class jdk.internal.util.Preconditions$1@1ec53cf
      VFORM_OFFSET = 12
      $assertionsDisabled = true
    TAIL = class java.lang.invoke.VarHandleReferences$FieldInstanceReadWrite@3c9139ae
      FORM = class java.lang.invoke.VarForm@4098c75f
      fieldOffset = 16
      receiverType = class java.lang.Class@22a71081
      fieldType = class java.lang.Class@3930015a
      FORM = class java.lang.invoke.VarForm@4d6cfb70
      vform = class java.lang.invoke.VarForm@4098c75f
      typesAndInvokers = null
      AIOOBE_SUPPLIER = class jdk.internal.util.Preconditions$1@1ec53cf
      VFORM_OFFSET = 12
      $assertionsDisabled = true
    ITEM = class java.lang.invoke.VarHandleReferences$FieldInstanceReadWrite@223d4095
      FORM = class java.lang.invoke.VarForm@4098c75f
      fieldOffset = 12
      receiverType = class java.lang.Class@3930015a
      fieldType = class java.lang.Class@4e25154f
      FORM = class java.lang.invoke.VarForm@4d6cfb70
      vform = class java.lang.invoke.VarForm@4098c75f
      typesAndInvokers = null
      AIOOBE_SUPPLIER = class jdk.internal.util.Preconditions$1@1ec53cf
      VFORM_OFFSET = 12
      $assertionsDisabled = true
    NEXT = class java.lang.invoke.VarHandleReferences$FieldInstanceReadWrite@269a7c
      FORM = class java.lang.invoke.VarForm@4098c75f
      fieldOffset = 16
      receiverType = class java.lang.Class@3930015a
      fieldType = class java.lang.Class@3930015a
      FORM = class java.lang.invoke.VarForm@4d6cfb70
      vform = class java.lang.invoke.VarForm@4098c75f
      typesAndInvokers = null
      AIOOBE_SUPPLIER = class jdk.internal.util.Preconditions$1@1ec53cf
      VFORM_OFFSET = 12
      $assertionsDisabled = true
    MAX_ARRAY_SIZE = 2147483639
  _notifiedListeners = class java.util.concurrent.atomic.AtomicBoolean@205e70b
    serialVersionUID = 4654671469794556979
    VALUE = class java.lang.invoke.VarHandleInts$FieldInstanceReadWrite@70221ea5
      FORM = class java.lang.invoke.VarForm@686cac3d
      fieldOffset = 12
      receiverType = class java.lang.Class@543c6f6d
      FORM = class java.lang.invoke.VarForm@703631a0
      vform = class java.lang.invoke.VarForm@686cac3d
      typesAndInvokers = null
      AIOOBE_SUPPLIER = class jdk.internal.util.Preconditions$1@1ec53cf
      VFORM_OFFSET = 12
      $assertionsDisabled = true
    value = 0
  serialVersionUID = -296387658814354272
  $$$tc$$$ = class com.ibm.websphere.ras.TraceComponent@8975d93
    strings[0] = "TraceComponent[com.ibm.ws.threading.internal.NonCancelableResultFuture,class com.ibm.ws.threading.internal.NonCancelableResultFuture,[Threading],com.ibm.ws.threading.internal.resources.ThreadingMessages,null]"

