------Start of DE processing------ = [18/05/19 18:19:55:317 PET]
Exception = org.jboss.weld.exceptions.DeploymentException
Source = com.ibm.ws.container.service.state.internal.ApplicationStateManager
probeid = 31
Stack Dump = org.jboss.weld.exceptions.DeploymentException: Exception List with 3 exceptions:
Exception 0 :
org.jboss.weld.exceptions.DeploymentException: WELD-001408: Unsatisfied dependencies for type StudentService with qualifiers @Default
  at injection point [BackedAnnotatedField] @Inject private view.student.StudentListView.service
  at view.student.StudentListView.service(StudentListView.java:0)
WELD-001474: Class view.student.StudentService is on the classpath, but was ignored because a class it references was not found: Persona.

	at org.jboss.weld.bootstrap.Validator.validateInjectionPointForDeploymentProblems(Validator.java:378)
	at org.jboss.weld.bootstrap.Validator.validateInjectionPoint(Validator.java:290)
	at org.jboss.weld.bootstrap.Validator.validateGeneralBean(Validator.java:143)
	at org.jboss.weld.bootstrap.Validator.validateRIBean(Validator.java:164)
	at org.jboss.weld.bootstrap.Validator.validateBean(Validator.java:526)
	at org.jboss.weld.bootstrap.ConcurrentValidator$1.doWork(ConcurrentValidator.java:64)
	at org.jboss.weld.bootstrap.ConcurrentValidator$1.doWork(ConcurrentValidator.java:62)
	at org.jboss.weld.executor.IterativeWorkerTaskFactory$1.call(IterativeWorkerTaskFactory.java:62)
	at org.jboss.weld.executor.IterativeWorkerTaskFactory$1.call(IterativeWorkerTaskFactory.java:55)
	at com.ibm.ws.threading.internal.PolicyTaskFutureImpl.run(PolicyTaskFutureImpl.java:724)
	at com.ibm.ws.threading.internal.PolicyExecutorImpl.runTask(PolicyExecutorImpl.java:1134)
	at com.ibm.ws.threading.internal.PolicyExecutorImpl$GlobalPoolTask.run(PolicyExecutorImpl.java:188)
	at java.base/java.util.concurrent.ThreadPoolExecutor.runWorker(ThreadPoolExecutor.java:1128)
	at java.base/java.util.concurrent.ThreadPoolExecutor$Worker.run(ThreadPoolExecutor.java:628)
	at java.base/java.lang.Thread.run(Thread.java:835)
Exception 1 :
org.jboss.weld.exceptions.DeploymentException: WELD-001408: Unsatisfied dependencies for type StudentService with qualifiers @Default
  at injection point [BackedAnnotatedField] @Inject private view.student.StudentCreateView.service
  at view.student.StudentCreateView.service(StudentCreateView.java:0)
WELD-001474: Class view.student.StudentService is on the classpath, but was ignored because a class it references was not found: Persona.

	at org.jboss.weld.bootstrap.Validator.validateInjectionPointForDeploymentProblems(Validator.java:378)
	at org.jboss.weld.bootstrap.Validator.validateInjectionPoint(Validator.java:290)
	at org.jboss.weld.bootstrap.Validator.validateGeneralBean(Validator.java:143)
	at org.jboss.weld.bootstrap.Validator.validateRIBean(Validator.java:164)
	at org.jboss.weld.bootstrap.Validator.validateBean(Validator.java:526)
	at org.jboss.weld.bootstrap.ConcurrentValidator$1.doWork(ConcurrentValidator.java:64)
	at org.jboss.weld.bootstrap.ConcurrentValidator$1.doWork(ConcurrentValidator.java:62)
	at org.jboss.weld.executor.IterativeWorkerTaskFactory$1.call(IterativeWorkerTaskFactory.java:62)
	at org.jboss.weld.executor.IterativeWorkerTaskFactory$1.call(IterativeWorkerTaskFactory.java:55)
	at com.ibm.ws.threading.internal.PolicyTaskFutureImpl.run(PolicyTaskFutureImpl.java:724)
	at com.ibm.ws.threading.internal.PolicyExecutorImpl.runTask(PolicyExecutorImpl.java:1134)
	at com.ibm.ws.threading.internal.PolicyExecutorImpl$GlobalPoolTask.run(PolicyExecutorImpl.java:188)
	at java.base/java.util.concurrent.ThreadPoolExecutor.runWorker(ThreadPoolExecutor.java:1128)
	at java.base/java.util.concurrent.ThreadPoolExecutor$Worker.run(ThreadPoolExecutor.java:628)
	at java.base/java.lang.Thread.run(Thread.java:835)
Exception 2 :
org.jboss.weld.exceptions.DeploymentException: WELD-001408: Unsatisfied dependencies for type StudentService with qualifiers @Default
  at injection point [BackedAnnotatedField] @Inject private view.student.StudentDeleteView.service
  at view.student.StudentDeleteView.service(StudentDeleteView.java:0)
WELD-001474: Class view.student.StudentService is on the classpath, but was ignored because a class it references was not found: Persona.

	at org.jboss.weld.bootstrap.Validator.validateInjectionPointForDeploymentProblems(Validator.java:378)
	at org.jboss.weld.bootstrap.Validator.validateInjectionPoint(Validator.java:290)
	at org.jboss.weld.bootstrap.Validator.validateGeneralBean(Validator.java:143)
	at org.jboss.weld.bootstrap.Validator.validateRIBean(Validator.java:164)
	at org.jboss.weld.bootstrap.Validator.validateBean(Validator.java:526)
	at org.jboss.weld.bootstrap.ConcurrentValidator$1.doWork(ConcurrentValidator.java:64)
	at org.jboss.weld.bootstrap.ConcurrentValidator$1.doWork(ConcurrentValidator.java:62)
	at org.jboss.weld.executor.IterativeWorkerTaskFactory$1.call(IterativeWorkerTaskFactory.java:62)
	at org.jboss.weld.executor.IterativeWorkerTaskFactory$1.call(IterativeWorkerTaskFactory.java:55)
	at com.ibm.ws.threading.internal.PolicyTaskFutureImpl.run(PolicyTaskFutureImpl.java:724)
	at com.ibm.ws.threading.internal.PolicyExecutorImpl.runTask(PolicyExecutorImpl.java:1134)
	at com.ibm.ws.threading.internal.PolicyExecutorImpl.invokeAll(PolicyExecutorImpl.java:683)
	at com.ibm.ws.concurrent.internal.ManagedExecutorServiceImpl.invokeAll(ManagedExecutorServiceImpl.java:413)
	at org.jboss.weld.executor.AbstractExecutorServices.invokeAllAndCheckForExceptions(AbstractExecutorServices.java:59)
	at org.jboss.weld.executor.AbstractExecutorServices.invokeAllAndCheckForExceptions(AbstractExecutorServices.java:67)
	at org.jboss.weld.bootstrap.ConcurrentValidator.validateBeans(ConcurrentValidator.java:62)
	at org.jboss.weld.bootstrap.Validator.validateDeployment(Validator.java:487)
	at org.jboss.weld.bootstrap.WeldStartup.validateBeans(WeldStartup.java:496)
	at org.jboss.weld.bootstrap.WeldBootstrap.validateBeans(WeldBootstrap.java:93)
	at com.ibm.ws.cdi.impl.CDIContainerImpl.startInitialization(CDIContainerImpl.java:152)
	at com.ibm.ws.cdi.liberty.CDIRuntimeImpl.applicationStarting(CDIRuntimeImpl.java:438)
	at com.ibm.ws.container.service.state.internal.ApplicationStateManager.fireStarting(ApplicationStateManager.java:28)
	at com.ibm.ws.container.service.state.internal.StateChangeServiceImpl.fireApplicationStarting(StateChangeServiceImpl.java:50)
	at com.ibm.ws.app.manager.module.internal.DeployedAppInfoBase.preDeployApp(DeployedAppInfoBase.java:384)
	at com.ibm.ws.app.manager.module.internal.DeployedAppInfoBase.deployApp(DeployedAppInfoBase.java:413)
	at com.ibm.ws.app.manager.war.internal.WARApplicationHandlerImpl.install(WARApplicationHandlerImpl.java:65)
	at com.ibm.ws.app.manager.internal.statemachine.StartAction.execute(StartAction.java:140)
	at com.ibm.ws.app.manager.internal.statemachine.ApplicationStateMachineImpl.enterState(ApplicationStateMachineImpl.java:1261)
	at com.ibm.ws.app.manager.internal.statemachine.ApplicationStateMachineImpl.performAction(ApplicationStateMachineImpl.java:1129)
	at com.ibm.ws.app.manager.internal.statemachine.ApplicationStateMachineImpl.run(ApplicationStateMachineImpl.java:884)
	at com.ibm.ws.threading.internal.ExecutorServiceImpl$RunnableWrapper.run(ExecutorServiceImpl.java:239)
	at java.base/java.util.concurrent.ThreadPoolExecutor.runWorker(ThreadPoolExecutor.java:1128)
	at java.base/java.util.concurrent.ThreadPoolExecutor$Worker.run(ThreadPoolExecutor.java:628)
	at java.base/java.lang.Thread.run(Thread.java:835)

	at org.jboss.weld.bootstrap.ConcurrentValidator.validateBeans(ConcurrentValidator.java:72)
	at org.jboss.weld.bootstrap.Validator.validateDeployment(Validator.java:487)
	at org.jboss.weld.bootstrap.WeldStartup.validateBeans(WeldStartup.java:496)
	at org.jboss.weld.bootstrap.WeldBootstrap.validateBeans(WeldBootstrap.java:93)
	at com.ibm.ws.cdi.impl.CDIContainerImpl.startInitialization(CDIContainerImpl.java:152)
	at com.ibm.ws.cdi.liberty.CDIRuntimeImpl.applicationStarting(CDIRuntimeImpl.java:438)
	at com.ibm.ws.container.service.state.internal.ApplicationStateManager.fireStarting(ApplicationStateManager.java:28)
	at com.ibm.ws.container.service.state.internal.StateChangeServiceImpl.fireApplicationStarting(StateChangeServiceImpl.java:50)
	at com.ibm.ws.app.manager.module.internal.DeployedAppInfoBase.preDeployApp(DeployedAppInfoBase.java:384)
	at com.ibm.ws.app.manager.module.internal.DeployedAppInfoBase.deployApp(DeployedAppInfoBase.java:413)
	at com.ibm.ws.app.manager.war.internal.WARApplicationHandlerImpl.install(WARApplicationHandlerImpl.java:65)
	at com.ibm.ws.app.manager.internal.statemachine.StartAction.execute(StartAction.java:140)
	at com.ibm.ws.app.manager.internal.statemachine.ApplicationStateMachineImpl.enterState(ApplicationStateMachineImpl.java:1261)
	at com.ibm.ws.app.manager.internal.statemachine.ApplicationStateMachineImpl.performAction(ApplicationStateMachineImpl.java:1129)
	at com.ibm.ws.app.manager.internal.statemachine.ApplicationStateMachineImpl.run(ApplicationStateMachineImpl.java:884)
	at com.ibm.ws.threading.internal.ExecutorServiceImpl$RunnableWrapper.run(ExecutorServiceImpl.java:239)
	at java.base/java.util.concurrent.ThreadPoolExecutor.runWorker(ThreadPoolExecutor.java:1128)
	at java.base/java.util.concurrent.ThreadPoolExecutor$Worker.run(ThreadPoolExecutor.java:628)
	at java.base/java.lang.Thread.run(Thread.java:835)
	Suppressed: org.jboss.weld.exceptions.DeploymentException: WELD-001408: Unsatisfied dependencies for type StudentService with qualifiers @Default
  at injection point [BackedAnnotatedField] @Inject private view.student.StudentListView.service
  at view.student.StudentListView.service(StudentListView.java:0)
WELD-001474: Class view.student.StudentService is on the classpath, but was ignored because a class it references was not found: Persona.

		at org.jboss.weld.bootstrap.Validator.validateInjectionPointForDeploymentProblems(Validator.java:378)
		at org.jboss.weld.bootstrap.Validator.validateInjectionPoint(Validator.java:290)
		at org.jboss.weld.bootstrap.Validator.validateGeneralBean(Validator.java:143)
		at org.jboss.weld.bootstrap.Validator.validateRIBean(Validator.java:164)
		at org.jboss.weld.bootstrap.Validator.validateBean(Validator.java:526)
		at org.jboss.weld.bootstrap.ConcurrentValidator$1.doWork(ConcurrentValidator.java:64)
		at org.jboss.weld.bootstrap.ConcurrentValidator$1.doWork(ConcurrentValidator.java:62)
		at org.jboss.weld.executor.IterativeWorkerTaskFactory$1.call(IterativeWorkerTaskFactory.java:62)
		at org.jboss.weld.executor.IterativeWorkerTaskFactory$1.call(IterativeWorkerTaskFactory.java:55)
		at com.ibm.ws.threading.internal.PolicyTaskFutureImpl.run(PolicyTaskFutureImpl.java:724)
		at com.ibm.ws.threading.internal.PolicyExecutorImpl.runTask(PolicyExecutorImpl.java:1134)
		at com.ibm.ws.threading.internal.PolicyExecutorImpl$GlobalPoolTask.run(PolicyExecutorImpl.java:188)
		... 3 more
	Suppressed: org.jboss.weld.exceptions.DeploymentException: WELD-001408: Unsatisfied dependencies for type StudentService with qualifiers @Default
  at injection point [BackedAnnotatedField] @Inject private view.student.StudentCreateView.service
  at view.student.StudentCreateView.service(StudentCreateView.java:0)
WELD-001474: Class view.student.StudentService is on the classpath, but was ignored because a class it references was not found: Persona.

		at org.jboss.weld.bootstrap.Validator.validateInjectionPointForDeploymentProblems(Validator.java:378)
		at org.jboss.weld.bootstrap.Validator.validateInjectionPoint(Validator.java:290)
		at org.jboss.weld.bootstrap.Validator.validateGeneralBean(Validator.java:143)
		at org.jboss.weld.bootstrap.Validator.validateRIBean(Validator.java:164)
		at org.jboss.weld.bootstrap.Validator.validateBean(Validator.java:526)
		at org.jboss.weld.bootstrap.ConcurrentValidator$1.doWork(ConcurrentValidator.java:64)
		at org.jboss.weld.bootstrap.ConcurrentValidator$1.doWork(ConcurrentValidator.java:62)
		at org.jboss.weld.executor.IterativeWorkerTaskFactory$1.call(IterativeWorkerTaskFactory.java:62)
		at org.jboss.weld.executor.IterativeWorkerTaskFactory$1.call(IterativeWorkerTaskFactory.java:55)
		at com.ibm.ws.threading.internal.PolicyTaskFutureImpl.run(PolicyTaskFutureImpl.java:724)
		at com.ibm.ws.threading.internal.PolicyExecutorImpl.runTask(PolicyExecutorImpl.java:1134)
		at com.ibm.ws.threading.internal.PolicyExecutorImpl$GlobalPoolTask.run(PolicyExecutorImpl.java:188)
		... 3 more
	Suppressed: org.jboss.weld.exceptions.DeploymentException: WELD-001408: Unsatisfied dependencies for type StudentService with qualifiers @Default
  at injection point [BackedAnnotatedField] @Inject private view.student.StudentDeleteView.service
  at view.student.StudentDeleteView.service(StudentDeleteView.java:0)
WELD-001474: Class view.student.StudentService is on the classpath, but was ignored because a class it references was not found: Persona.

		at org.jboss.weld.bootstrap.Validator.validateInjectionPointForDeploymentProblems(Validator.java:378)
		at org.jboss.weld.bootstrap.Validator.validateInjectionPoint(Validator.java:290)
		at org.jboss.weld.bootstrap.Validator.validateGeneralBean(Validator.java:143)
		at org.jboss.weld.bootstrap.Validator.validateRIBean(Validator.java:164)
		at org.jboss.weld.bootstrap.Validator.validateBean(Validator.java:526)
		at org.jboss.weld.bootstrap.ConcurrentValidator$1.doWork(ConcurrentValidator.java:64)
		at org.jboss.weld.bootstrap.ConcurrentValidator$1.doWork(ConcurrentValidator.java:62)
		at org.jboss.weld.executor.IterativeWorkerTaskFactory$1.call(IterativeWorkerTaskFactory.java:62)
		at org.jboss.weld.executor.IterativeWorkerTaskFactory$1.call(IterativeWorkerTaskFactory.java:55)
		at com.ibm.ws.threading.internal.PolicyTaskFutureImpl.run(PolicyTaskFutureImpl.java:724)
		at com.ibm.ws.threading.internal.PolicyExecutorImpl.runTask(PolicyExecutorImpl.java:1134)
		at com.ibm.ws.threading.internal.PolicyExecutorImpl.invokeAll(PolicyExecutorImpl.java:683)
		at com.ibm.ws.concurrent.internal.ManagedExecutorServiceImpl.invokeAll(ManagedExecutorServiceImpl.java:413)
		at org.jboss.weld.executor.AbstractExecutorServices.invokeAllAndCheckForExceptions(AbstractExecutorServices.java:59)
		at org.jboss.weld.executor.AbstractExecutorServices.invokeAllAndCheckForExceptions(AbstractExecutorServices.java:67)
		at org.jboss.weld.bootstrap.ConcurrentValidator.validateBeans(ConcurrentValidator.java:62)
		... 18 more

Dump of callerThis
Object type = com.ibm.ws.container.service.state.internal.ApplicationStateManager
  serialVersionUID = -6685368059484454124
  $$$tc$$$ = class com.ibm.websphere.ras.TraceComponent@5566936c
    strings[0] = "TraceComponent[com.ibm.ws.container.service.state.internal.ApplicationStateManager,class com.ibm.ws.container.service.state.internal.ApplicationStateManager,[Runtime],,null]"
  listeners = class com.ibm.wsspi.kernel.service.utils.ConcurrentServiceReferenceSet@5560958c
    referenceName = "applicationStateListeners"
    contextRef = class java.util.concurrent.atomic.AtomicReference@3a6145dd
      serialVersionUID = -1848883965231344442
      VALUE = class java.lang.invoke.VarHandleReferences$FieldInstanceReadWrite@9a48ab
      value = class org.apache.felix.scr.impl.manager.ComponentContextImpl@133db2a
    elementMap = class java.util.LinkedHashMap@56028ae7
      serialVersionUID = 3801124242820219131
      head = class java.util.LinkedHashMap$Entry@5e892a9a
      tail = class java.util.LinkedHashMap$Entry@1c1ec61e
      accessOrder = false
      serialVersionUID = 362498820763181265
      DEFAULT_INITIAL_CAPACITY = 16
      MAXIMUM_CAPACITY = 1073741824
      DEFAULT_LOAD_FACTOR = 0.75
      TREEIFY_THRESHOLD = 8
      UNTREEIFY_THRESHOLD = 6
      MIN_TREEIFY_CAPACITY = 64
      table = class java.util.HashMap$Node[32]
      entrySet = null
      size = 13
      modCount = 13
      threshold = 24
      loadFactor = 0.75
      keySet = null
      values = null
    elementSet = class java.util.concurrent.ConcurrentSkipListSet@3f6bebb0
      serialVersionUID = -2479143111061671589
      m = class java.util.concurrent.ConcurrentSkipListMap@727124ef
      MAX_ARRAY_SIZE = 2147483639
    elementSetUnsorted = false
    serialVersionUID = 756240983881166148
    $$$tc$$$ = class com.ibm.websphere.ras.TraceComponent@2000da2a
      strings[0] = "TraceComponent[com.ibm.wsspi.kernel.service.utils.ConcurrentServiceReferenceSet,class com.ibm.wsspi.kernel.service.utils.ConcurrentServiceReferenceSet,[kernelUtils],com.ibm.ws.kernel.service.utils.resources.ServiceMessages,null]"
  serialVersionUID = 2284273176985484160
  $$$tc$$$ = class com.ibm.websphere.ras.TraceComponent@21d97983
    strings[0] = "TraceComponent[com.ibm.ws.container.service.state.internal.StateChangeManager,class com.ibm.ws.container.service.state.internal.StateChangeManager,[Runtime],,null]"

Dump of objectArray[0]
Object type = com.ibm.ws.container.service.app.deploy.internal.ApplicationInfoImpl
  appName = "AsterikProject"
  appMetaData = class com.ibm.ws.container.service.app.deploy.internal.ApplicationMetaDataImpl@cac5601
    j2eeName = class com.ibm.ws.container.service.metadata.internal.J2EENameImpl@34b9637d
      serialVersionUID = 7488184044073147667
      application = "AsterikProject"
      module = null
      component = null
      string = "AsterikProject"
      j2eeNameBytes = null
      $$$tc$$$ = class com.ibm.websphere.ras.TraceComponent@57b4bc1c
    serialVersionUID = -7906531148367236579
    $$$tc$$$ = class com.ibm.websphere.ras.TraceComponent@d5d1e01
      strings[0] = "TraceComponent[com.ibm.ws.container.service.app.deploy.internal.ApplicationMetaDataImpl,class com.ibm.ws.container.service.app.deploy.internal.ApplicationMetaDataImpl,[container.service],com.ibm.ws.container.service.resources.Messages,null]"
    tc = class com.ibm.websphere.ras.TraceComponent@56fcfa88
      strings[0] = "TraceComponent[com.ibm.ws.runtime.metadata.MetaDataImpl,class com.ibm.ws.runtime.metadata.MetaDataImpl,[Runtime],null,null]"
    NUM_STATIC_SLOTS = 4
    ID_UNINITIALIZED = -1
    id = 3
    metaDataInterface = class java.lang.Class@2049617
      ANNOTATION = 8192
      ENUM = 16384
      SYNTHETIC = 4096
      cachedConstructor = null
      name = "com.ibm.ws.runtime.metadata.ApplicationMetaData"
      module = class java.lang.Module@1d7a60b5
      packageName = "com.ibm.ws.runtime.metadata"
      componentType = {} /* array length = 0 */
      allPermDomain = class java.security.ProtectionDomain@79a3a433
      reflectionData = null
      classRedefinedCount = 0
      genericInfo = null
      EMPTY_CLASS_ARRAY = class java.lang.Class[0]
      serialVersionUID = 3206093459760846163
      serialPersistentFields = class java.io.ObjectStreamField[0]
      reflectionFactory = class jdk.internal.reflect.ReflectionFactory@3d84ff94
      enumConstants = null
      enumConstantDirectory = null
      annotationData = null
      annotationType = null
      classValueMap = null
    staticSlots = class java.lang.Object[4]
      Object[0] = null
      Object[1] = class com.ibm.ws.injectionengine.osgi.internal.OSGiInjectionScopeData@34960965
      Object[2] = null
      Object[3] = class com.ibm.ws.cdi.impl.weld.WebSphereCDIDeploymentImpl@1646fba7
    dynamicSlots = class java.lang.Object[4]
      Object[0] = null
      Object[1] = null
      Object[2] = "AsterikProject"
      Object[3] = null
  appContainer = class com.ibm.ws.adaptable.module.internal.AdaptableContainerImpl@34dc191c
    root = class com.ibm.ws.adaptable.module.internal.AdaptableContainerImpl@34dc191c
    rootOverlay = class com.ibm.ws.artifact.overlay.internal.DirectoryBasedOverlayContainerImpl@39c4729
      base = class com.ibm.ws.artifact.loose.internal.LooseArchive@37aaceed
      maskSet = class java.util.HashSet@6b9a5e4d
      cfHolder = class com.ibm.ws.artifact.overlay.internal.OverlayContainerFactoryImpl@74b6caf3
      fileOverlayContainer = class com.ibm.ws.artifact.file.internal.FileContainer@4829582d
      overlayDirectory = class java.io.File@584f60c6
      cacheDirForOverlay = class java.io.File@39731084
      overlayNotifier = class com.ibm.ws.artifact.overlay.internal.DirectoryBasedOverlayNotifier@a259d1
      enclosingContainer = null
      entryInEnclosingContainer = null
      nestedOverlays = class java.util.concurrent.ConcurrentHashMap@2c881d8
      cacheStore = class com.ibm.ws.artifact.overlay.internal.OverlayCache@21a28817
      parentOverlay = null
      isPassThroughMode = true
      serialVersionUID = -1690795617118238166
      $$$tc$$$ = class com.ibm.websphere.ras.TraceComponent@9857b52
    factoryHolder = class com.ibm.ws.adaptable.module.internal.AdaptableModuleFactoryImpl@6dee0505
      adapterFactoryService = class com.ibm.ws.adaptable.module.internal.AdapterFactoryServiceImpl@23c02646
      containerFactory = class com.ibm.ws.artifact.internal.ArtifactContainerFactoryService@2511df04
      overlayContainerFactory = class com.ibm.ws.artifact.overlay.internal.OverlayContainerFactoryImpl@74b6caf3
      serialVersionUID = 4200251809856292987
      $$$tc$$$ = class com.ibm.websphere.ras.TraceComponent@64bf07af
    delegate = class com.ibm.ws.artifact.overlay.internal.DirectoryBasedOverlayContainerImpl@39c4729
    notifier = class com.ibm.ws.adaptable.module.internal.NotifierImpl@64c32e76
      root = class com.ibm.ws.adaptable.module.internal.AdaptableContainerImpl@34dc191c
      delegateNotifier = class com.ibm.ws.artifact.overlay.internal.DirectoryBasedOverlayNotifier@a259d1
      delegateRoot = class com.ibm.ws.artifact.overlay.internal.DirectoryBasedOverlayContainerImpl@39c4729
      listenerDelegates = class java.util.HashMap@745b97
      serialVersionUID = 6839382523957017880
      $$$tc$$$ = class com.ibm.websphere.ras.TraceComponent@4c3db240
    serialVersionUID = -5621513278641113667
    $$$tc$$$ = class com.ibm.websphere.ras.TraceComponent@6788c17e
      strings[0] = "TraceComponent[com.ibm.ws.adaptable.module.internal.AdaptableContainerImpl,class com.ibm.ws.adaptable.module.internal.AdaptableContainerImpl,[archive.adaptable],,null]"
  configHelper = class com.ibm.ws.app.manager.module.ApplicationNestedConfigHelper@1a3262cc
    appInfo = class com.ibm.ws.app.manager.internal.ApplicationInstallInfo@7d75abf8
    serialVersionUID = -3174031738676705046
    $$$tc$$$ = class com.ibm.websphere.ras.TraceComponent@14e78099
      strings[0] = "TraceComponent[com.ibm.ws.app.manager.module.ApplicationNestedConfigHelper,class com.ibm.ws.app.manager.module.ApplicationNestedConfigHelper,[applications, app.manager],,null]"
  applicationInformation = class com.ibm.ws.app.manager.internal.ApplicationInstallInfo@7d75abf8
    _config = class com.ibm.ws.app.manager.internal.ApplicationConfig@35eb09b7
      tc = class com.ibm.websphere.ras.TraceComponent@2813e5e1
      _configPid = "com.ibm.ws.app.manager_52"
      _config = class com.ibm.ws.config.admin.ConfigurationDictionary@540a6341
      _applicationManager = class com.ibm.ws.app.manager.ApplicationManager@615dbbe7
      _location = "AsterikProject.war"
      _type = "war"
      _name = "AsterikProject"
      _notificationBroadcasterSupport = class javax.management.NotificationBroadcasterSupport@43d7ecb8
      ONE_TIME_JANDEX_MSGS_DISPLAYED = true
    _handlerInfo = class java.util.concurrent.atomic.AtomicReference@4ab636fc
      serialVersionUID = -1848883965231344442
      VALUE = class java.lang.invoke.VarHandleReferences$FieldInstanceReadWrite@9a48ab
      value = class com.ibm.ws.app.manager.war.internal.WARDeployedAppInfo@2acd55bd
    _container = class java.util.concurrent.atomic.AtomicReference@710e13c9
      serialVersionUID = -1848883965231344442
      VALUE = class java.lang.invoke.VarHandleReferences$FieldInstanceReadWrite@9a48ab
      value = class com.ibm.ws.adaptable.module.internal.AdaptableContainerImpl@34dc191c
    _resolvedLocation = class java.util.concurrent.atomic.AtomicReference@8232f55
      serialVersionUID = -1848883965231344442
      VALUE = class java.lang.invoke.VarHandleReferences$FieldInstanceReadWrite@9a48ab
      value = class com.ibm.ws.kernel.service.location.internal.LocalFileResource@120af699
    _handler = class com.ibm.ws.app.manager.war.internal.WARApplicationHandlerImpl@65682957
      futureMonitor = class com.ibm.ws.threading.internal.FutureMonitorImpl@5afa669e
      deployedAppFactory = class com.ibm.ws.app.manager.war.internal.WARDeployedAppInfoFactoryImpl@6ac7465
      serialVersionUID = 4622845147410944782
      $$$tc$$$ = class com.ibm.websphere.ras.TraceComponent@38166911
    _ami = class java.util.concurrent.atomic.AtomicReference@1e92f2d0
      serialVersionUID = -1848883965231344442
      VALUE = class java.lang.invoke.VarHandleReferences$FieldInstanceReadWrite@9a48ab
      value = class com.ibm.wsspi.application.handler.DefaultApplicationMonitoringInformation@ecbe7a2
    _updateHandler = class com.ibm.ws.app.manager.internal.statemachine.ApplicationStateMachineImpl@1f032a90
      _tc = class com.ibm.websphere.ras.TraceComponent@1c607c39
      EMPTY_FUTURE_ARRAY = interface java.util.concurrent.Future[0]
      asmSequenceNumber = class java.util.concurrent.atomic.AtomicLong@7f275b85
      _qscaCounter = class java.util.concurrent.atomic.AtomicInteger@7bfeb825
      _failedThrowable = null
      _interruptibleLock = class com.ibm.ws.app.manager.internal.statemachine.ApplicationStateMachineImpl$2@5ac4ff3e
      _interruptible = false
      _performingQueuedActions = true
      _queuedActions = class java.util.concurrent.ConcurrentLinkedQueue@4026d3ad
      _callbackState = class java.util.concurrent.atomic.AtomicReference@518435f
      blockAppStartingFutures = class java.util.Collections$SetFromMap@b29ec49
      waitingForAppHandlerFuture = class java.util.concurrent.atomic.AtomicReference@7669df1d
      waitingForExplicitStartFuture = class java.util.concurrent.atomic.AtomicReference@24d1c6
      completionListener = class java.util.concurrent.atomic.AtomicReference@47e17826
      _notifyAppStopped = class java.util.concurrent.ConcurrentLinkedQueue@3ee9f37
      _notifyAppStarting = class java.util.concurrent.ConcurrentLinkedQueue@3b473960
      _notifyAppInstallCalled = class java.util.concurrent.ConcurrentLinkedQueue@1d4b752f
      _notifyAppStarted = class java.util.concurrent.ConcurrentLinkedQueue@51270ee8
      _notifyAppRemoved = class java.util.concurrent.ConcurrentLinkedQueue@264724dc
      _stateLock = class com.ibm.ws.app.manager.internal.statemachine.ApplicationStateMachineImpl$3@24c9854d
      _internalState = class java.util.concurrent.atomic.AtomicReference@62ed7ef6
      _currentAction = class java.util.concurrent.atomic.AtomicReference@b546c0d
      _rfa = class java.util.concurrent.atomic.AtomicReference@14aad87f
      _appInstallInfo = class java.util.concurrent.atomic.AtomicReference@7ca1d44a
      _update = class java.util.concurrent.atomic.AtomicBoolean@75b21fe6
      _appConfig = class java.util.concurrent.atomic.AtomicReference@5dae3159
      _nextAppConfig = class java.util.concurrent.atomic.AtomicReference@1f8563b3
      _appContainer = class java.util.concurrent.atomic.AtomicReference@6d74f78d
      _resolvedLocation = class java.util.concurrent.atomic.AtomicReference@85c98ea
      _handler = class java.util.concurrent.atomic.AtomicReference@24d44441
      _asmSeqNo = 0
      _ctx = class org.eclipse.osgi.internal.framework.BundleContextImpl@660c5574
      _locAdmin = class com.ibm.ws.kernel.service.location.internal.WsLocationAdminImpl@10f83393
      _futureMonitor = class com.ibm.ws.threading.internal.FutureMonitorImpl@5afa669e
      _artifactFactory = class com.ibm.ws.artifact.internal.ArtifactContainerFactoryService@2511df04
      _moduleFactory = class com.ibm.ws.adaptable.module.internal.AdaptableModuleFactoryImpl@6dee0505
      _executorService = class com.ibm.ws.threading.internal.ExecutorServiceImpl@368d2ee3
      _scheduledExecutorService = class com.ibm.ws.threading.internal.ScheduledExecutorImpl@307d923f
      _asmHelper = class com.ibm.ws.app.manager.internal.ApplicationConfigurator$NamedApplication@3afeae03
      _appMonitor = class com.ibm.ws.app.manager.internal.monitor.ApplicationMonitor@61c85b08
      enterStateCalled = class java.util.concurrent.atomic.AtomicBoolean@680f1f39
      serialVersionUID = 6511956370079301927
      serialVersionUID = 5501066335104962649
      $$$tc$$$ = class com.ibm.websphere.ras.TraceComponent@4dd47984
    serialVersionUID = 2630639237123415755
    $$$tc$$$ = class com.ibm.websphere.ras.TraceComponent@eefdd01
      strings[0] = "TraceComponent[com.ibm.ws.app.manager.internal.ApplicationInstallInfo,class com.ibm.ws.app.manager.internal.ApplicationInstallInfo,[applications, app.manager],com.ibm.ws.app.manager.internal.resources.AppManagerMessages,null]"
  serialVersionUID = -505303337196743781
  $$$tc$$$ = class com.ibm.websphere.ras.TraceComponent@447b4da
    strings[0] = "TraceComponent[com.ibm.ws.container.service.app.deploy.internal.ApplicationInfoImpl,class com.ibm.ws.container.service.app.deploy.internal.ApplicationInfoImpl,[container.service],com.ibm.ws.container.service.resources.Messages,null]"

