------Start of DE processing------ = [28/05/19 12:56:49:426 PET]
Exception = com.ibm.ws.container.service.state.StateChangeException
Source = com.ibm.ws.app.manager.module.internal.DeployedAppInfoBase
probeid = 385
Stack Dump = com.ibm.ws.container.service.state.StateChangeException: org.jboss.weld.exceptions.DeploymentException: WELD-000072: Bean declaring a passivating scope must be passivation capable.  Bean:  Managed Bean [class view.registered.RegisteredList] with qualifiers [@Default @Any @Named]
	at com.ibm.ws.container.service.state.internal.ApplicationStateManager.fireStarting(ApplicationStateManager.java:32)
	at com.ibm.ws.container.service.state.internal.StateChangeServiceImpl.fireApplicationStarting(StateChangeServiceImpl.java:50)
	at com.ibm.ws.app.manager.module.internal.DeployedAppInfoBase.preDeployApp(DeployedAppInfoBase.java:384)
	at com.ibm.ws.app.manager.module.internal.DeployedAppInfoBase.deployApp(DeployedAppInfoBase.java:413)
	at com.ibm.ws.app.manager.war.internal.WARApplicationHandlerImpl.install(WARApplicationHandlerImpl.java:65)
	at com.ibm.ws.app.manager.internal.statemachine.StartAction.execute(StartAction.java:140)
	at com.ibm.ws.app.manager.internal.statemachine.ApplicationStateMachineImpl.enterState(ApplicationStateMachineImpl.java:1261)
	at com.ibm.ws.app.manager.internal.statemachine.ApplicationStateMachineImpl.performAction(ApplicationStateMachineImpl.java:1129)
	at com.ibm.ws.app.manager.internal.statemachine.ApplicationStateMachineImpl.run(ApplicationStateMachineImpl.java:884)
	at com.ibm.ws.threading.internal.ExecutorServiceImpl$RunnableWrapper.run(ExecutorServiceImpl.java:239)
	at java.base/java.util.concurrent.ThreadPoolExecutor.runWorker(ThreadPoolExecutor.java:1128)
	at java.base/java.util.concurrent.ThreadPoolExecutor$Worker.run(ThreadPoolExecutor.java:628)
	at java.base/java.lang.Thread.run(Thread.java:835)
Caused by: org.jboss.weld.exceptions.DeploymentException: WELD-000072: Bean declaring a passivating scope must be passivation capable.  Bean:  Managed Bean [class view.registered.RegisteredList] with qualifiers [@Default @Any @Named]
	at org.jboss.weld.bean.ManagedBean.checkType(ManagedBean.java:216)
	at org.jboss.weld.bean.AbstractBean.initializeAfterBeanDiscovery(AbstractBean.java:108)
	at org.jboss.weld.bean.ManagedBean.initializeAfterBeanDiscovery(ManagedBean.java:122)
	at org.jboss.weld.bootstrap.ConcurrentBeanDeployer$AfterBeanDiscoveryInitializerFactory.doWork(ConcurrentBeanDeployer.java:111)
	at org.jboss.weld.bootstrap.ConcurrentBeanDeployer$AfterBeanDiscoveryInitializerFactory.doWork(ConcurrentBeanDeployer.java:102)
	at org.jboss.weld.executor.IterativeWorkerTaskFactory$1.call(IterativeWorkerTaskFactory.java:62)
	at org.jboss.weld.executor.IterativeWorkerTaskFactory$1.call(IterativeWorkerTaskFactory.java:55)
	at com.ibm.ws.threading.internal.PolicyTaskFutureImpl.run(PolicyTaskFutureImpl.java:724)
	at com.ibm.ws.threading.internal.PolicyExecutorImpl.runTask(PolicyExecutorImpl.java:1134)
	at com.ibm.ws.threading.internal.PolicyExecutorImpl.invokeAll(PolicyExecutorImpl.java:683)
	at com.ibm.ws.concurrent.internal.ManagedExecutorServiceImpl.invokeAll(ManagedExecutorServiceImpl.java:413)
	at org.jboss.weld.executor.AbstractExecutorServices.invokeAllAndCheckForExceptions(AbstractExecutorServices.java:59)
	at org.jboss.weld.executor.AbstractExecutorServices.invokeAllAndCheckForExceptions(AbstractExecutorServices.java:67)
	at org.jboss.weld.bootstrap.ConcurrentBeanDeployer.doAfterBeanDiscovery(ConcurrentBeanDeployer.java:88)
	at org.jboss.weld.bootstrap.BeanDeployment.afterBeanDiscovery(BeanDeployment.java:268)
	at org.jboss.weld.bootstrap.WeldStartup.deployBeans(WeldStartup.java:482)
	at org.jboss.weld.bootstrap.WeldBootstrap.deployBeans(WeldBootstrap.java:86)
	at com.ibm.ws.cdi.impl.CDIContainerImpl.startInitialization(CDIContainerImpl.java:151)
	at com.ibm.ws.cdi.liberty.CDIRuntimeImpl.applicationStarting(CDIRuntimeImpl.java:438)
	at com.ibm.ws.container.service.state.internal.ApplicationStateManager.fireStarting(ApplicationStateManager.java:28)
	... 12 more

Dump of callerThis
Object type = com.ibm.ws.app.manager.war.internal.WARDeployedAppInfo
  CONTEXT_ROOT = "context-root"
  webModuleHandler = class com.ibm.ws.app.manager.web.internal.WebModuleHandlerImpl@30f16540
    serialVersionUID = 4795602325763828210
    $$$tc$$$ = class com.ibm.websphere.ras.TraceComponent@1684254c
      strings[0] = "TraceComponent[com.ibm.ws.app.manager.web.internal.WebModuleHandlerImpl,class com.ibm.ws.app.manager.web.internal.WebModuleHandlerImpl,[webcontainer, applications, app.manager],com.ibm.ws.app.manager.war.internal.resources.Messages,null]"
    futureMonitor = class com.ibm.ws.threading.internal.FutureMonitorImpl@45a27676
    metaDataService = class com.ibm.ws.container.service.metadata.internal.MetaDataServiceImpl@675a770e
    stateChangeService = class com.ibm.ws.container.service.state.internal.StateChangeServiceImpl@5007877f
    moduleRuntimeContainer = class com.ibm.ws.webcontainer.osgi.WebContainer@2f210212
      tc = class com.ibm.websphere.ras.TraceComponent@1e655829
      CLASS_NAME = "com.ibm.ws.webcontainer.osgi.WebContainer"
      initialized = true
      eventService = class com.ibm.ws.event.internal.EventEngineImpl@442b08ad
      futureMonitor = class com.ibm.ws.threading.internal.FutureMonitorImpl@45a27676
      classLoadingSRRef = class com.ibm.wsspi.kernel.service.utils.AtomicServiceReference@9677c7c
      sessionHelperSRRef = class com.ibm.wsspi.kernel.service.utils.AtomicServiceReference@68a3b96b
      cacheManagerSRRef = class com.ibm.wsspi.kernel.service.utils.AtomicServiceReference@4ee618ae
      injectionEngineSRRef = class com.ibm.wsspi.kernel.service.utils.AtomicServiceReference@52141fbf
      managedObjectServiceSRRef = class com.ibm.wsspi.kernel.service.utils.AtomicServiceReference@60221d1d
      backgroundWebAppStartFutures = class com.ibm.ws.webcontainer.util.OneTimeUseArrayList@15bf9893
      REFERENCE_WEB_MBEAN_RUNTIME = "webMBeanRuntime"
      webMBeanRuntimeServiceRef = class com.ibm.wsspi.kernel.service.utils.AtomicServiceReference@6be2c1e2
      servletContainerInitializers = class com.ibm.wsspi.kernel.service.utils.ConcurrentServiceReferenceSet@1979d2c6
      es = class com.ibm.ws.threading.internal.ExecutorServiceImpl@4e4bdb92
      locationServiceRef = class java.util.concurrent.atomic.AtomicReference@69c3fe01
      transferContextServiceRef = class com.ibm.wsspi.kernel.service.utils.ConcurrentServiceReferenceSet@d198aa
      encodingServiceRef = class java.util.concurrent.atomic.AtomicReference@7dc1b483
      instance = class java.util.concurrent.atomic.AtomicReference@2a79b61f
      vhostManager = class com.ibm.ws.webcontainer.osgi.DynamicVirtualHostManager@5cbc76a7
      metaDataService = class com.ibm.ws.container.service.metadata.internal.MetaDataServiceImpl@675a770e
      j2eeNameFactory = class com.ibm.ws.container.service.metadata.internal.J2EENameFactoryImpl@50a4b152
      context = class org.apache.felix.scr.impl.manager.ComponentContextImpl@20b16269
      contextRoots = class java.util.Collections$SynchronizedSet@479ff12e
      pendingContextRoots = class java.util.HashMap@78a9be34
      deployedModuleMap = class java.util.concurrent.ConcurrentHashMap@d72be52
      connContextPool = class com.ibm.ws.webcontainer40.osgi.srt.factory.SRTConnectionContextPool40Impl@26fb27bf
      DEFAULT_PORT = "*"
      DEFAULT_VHOST_NAME = "default_host"
      cachedServerInfo = "IBM WebSphere Liberty/19.0.0.3"
      lock = class com.ibm.ws.webcontainer.osgi.WebContainer$1@1e55a4cf
      webAppFactory = class com.ibm.ws.webcontainer40.osgi.webapp.factory.WebAppFactory40Impl@2b38e12f
      requestFactory = class com.ibm.ws.webcontainer40.osgi.response.factory.IRequestResponseFactory40Impl@33a04a34
      responseFactory = class com.ibm.ws.webcontainer40.osgi.response.factory.IRequestResponseFactory40Impl@33a04a34
      asyncContextFactory = class com.ibm.ws.webcontainer40.async.factory.AsyncContextFactory40Impl@4c195520
      DEFAULT_MAX_VERSION = 30
      versionRef = class org.eclipse.osgi.internal.serviceregistry.ServiceReferenceImpl@7fd9f3b0
      serverStopping = class com.ibm.ws.staticvalue.StaticValue$FinalSingleton@130444fd
      modulesStarting = 0
      uriMatcherFactory = class com.ibm.wsspi.webcontainer40.util.factory.URIMatcherFactory40Impl@22c45d43
      SPEC_LEVEL_UNLOADED = -1
      SPEC_LEVEL_30 = 30
      SPEC_LEVEL_31 = 31
      SPEC_LEVEL_40 = 40
      DEFAULT_SPEC_LEVEL = 30
      loadedContainerSpecLevel = 40
      ISO = "ISO-8859-1"
      encoding = "UTF-8"
      decode = true
      wcconfig = class com.ibm.ws.webcontainer.osgi.WebContainerConfiguration@14869f33
      applicationListeners = class java.util.ArrayList@259402f2
      servletListeners = class java.util.ArrayList@25ba7d46
      servletErrorListeners = class java.util.ArrayList@149ab453
      servletInvocationListeners = class java.util.ArrayList@3445def4
      filterInvocationListeners = class java.util.ArrayList@31c3c91c
      filterErrorListeners = class java.util.ArrayList@47e5d22f
      filterListeners = class java.util.ArrayList@69cceac
      servletRequestListeners = class java.util.ArrayList@1c3402f5
      servletRequestAttributeListeners = class java.util.ArrayList@3390a346
      servletContextListeners = class java.util.ArrayList@5a8d7bb1
      servletContextAttributeListeners = class java.util.ArrayList@3a8437e2
      sessionListeners = class java.util.ArrayList@61ba9ed
      sessionIdListeners = class java.util.ArrayList@3027b0fb
      sessionAttributeListeners = class java.util.ArrayList@14605bd
      DEFAULT_HOST = "default_host"
      _initialized = true
      logger = class com.ibm.ws.logging.internal.WsLogger@1ae60950
      CLASS_NAME = "com.ibm.ws.webcontainer.internal.WebContainer"
      nls = class com.ibm.ejs.ras.TraceNLS@41699f20
      self = class java.util.concurrent.atomic.AtomicReference@4c444f9e
      _cipherToBit = class java.util.HashMap@7d9ec046
      cacheKeyStringBuilder = class com.ibm.ws.util.WSThreadLocal@5718fa2c
      listenersInitialized = true
      webConProperties = class java.util.Properties@5a05ef70
      sessionRegistry = null
      isStopped = false
      readWriteLockForStopping = class java.util.concurrent.locks.ReentrantReadWriteLock@34536311
      urlPrefix = ";jsessionid="
      extensionFactories = class java.util.ArrayList@3fc4092d
      postInitExtensionFactories = null
      httpResponseListeners = class java.util.ArrayList@2f1d5d63
      servletContainerInitializers = class java.util.ServiceLoader@5a16499f
      auditManager = class com.ibm.websphere.security.audit.context.AuditManager@75f2e227
      invocationCacheSize = 500
      decodePlusSign = true
      _cacheMap = class java.util.concurrent.ConcurrentHashMap@6a6010d5
      _cacheSize = class java.util.concurrent.atomic.AtomicInteger@2f53bebf
      vHostCompatFlag = false
      platformHelper = class com.ibm.ws.webcontainer.PlatformHelper@47e1507b
      isDefaultTempDir = true
      tempDir = null
      servletCachingInitNeeded = true
      appInstallBegun = true
      cacheServletWrapperFactory = class com.ibm.ws.webcontainer40.servlet.factory.CacheServletWrapperFactory40Impl@2560717a
      commands = class java.util.ArrayList@4f6c3bbb
      requestMapper = class com.ibm.ws.webcontainer.util.VirtualHostContextRootMapper@7d78d2af
      parent = null
      name = "Was.webcontainer"
      isAlive = true
      subElements = class java.util.HashMap@30d727f3
      attributes = null
      config = null
      serialVersionUID = -8271459000149267764
      $$$tc$$$ = class com.ibm.websphere.ras.TraceComponent@29b61847
    firstFailure = null
    serialVersionUID = -4563697739413190872
    $$$tc$$$ = class com.ibm.websphere.ras.TraceComponent@46d0003e
      strings[0] = "TraceComponent[com.ibm.ws.app.manager.module.internal.ModuleHandlerBase,class com.ibm.ws.app.manager.module.internal.ModuleHandlerBase,[applications, app.manager],,null]"
  webContainerModuleInfo = class com.ibm.ws.app.manager.module.internal.SimpleDeployedAppInfoBase$WebModuleContainerInfo@7d8c1a8f
    contextRoot = null
    defaultContextRoot = "Project"
    serialVersionUID = -8158961796913348204
    $$$tc$$$ = class com.ibm.websphere.ras.TraceComponent@32e76f7b
      strings[0] = "TraceComponent[com.ibm.ws.app.manager.module.internal.SimpleDeployedAppInfoBase$WebModuleContainerInfo,class com.ibm.ws.app.manager.module.internal.SimpleDeployedAppInfoBase$WebModuleContainerInfo,[applications, app.manager],,null]"
    moduleHandler = class com.ibm.ws.app.manager.web.internal.WebModuleHandlerImpl@30f16540
    moduleMetaDataExtenders = class java.util.concurrent.CopyOnWriteArrayList@17951cc
      serialVersionUID = 8673264195747942595
      lock = class java.lang.Object@3b44739f
      array = class java.lang.Object[3]
    nestedModuleMetaDataFactories = class java.util.concurrent.CopyOnWriteArrayList@ab8d5fc
      serialVersionUID = 8673264195747942595
      lock = class java.lang.Object@1a6087a
      array = class java.lang.Object[1]
    nestedModules = null
    moduleName = "Project"
    moduleDD = class com.ibm.ws.javaee.ddmodel.web.common.WebAppType@6b528bd1
      version = class com.ibm.ws.javaee.ddmodel.TokenType@5d923f74
      metadata_complete = null
      module_name = null
      absolute_ordering = null
      serialVersionUID = 4092807504738198665
      $$$tc$$$ = class com.ibm.websphere.ras.TraceComponent@1682acc7
      description = null
      display_name = null
      icon = null
      distributable = null
      context_param = class com.ibm.ws.javaee.ddmodel.common.ParamValueType$ListType@470e34b8
      filter = null
      filter_mapping = null
      listener = null
      servlet = class com.ibm.ws.javaee.ddmodel.web.common.ServletType$ListType@2bdea2b5
      servlet_mapping = class com.ibm.ws.javaee.ddmodel.web.common.ServletMappingType$ListType@17a10970
      session_config = class com.ibm.ws.javaee.ddmodel.web.common.SessionConfigType@575c66b3
      mime_mapping = class com.ibm.ws.javaee.ddmodel.web.common.MimeMappingType$ListType@61413314
      welcome_file_list = class com.ibm.ws.javaee.ddmodel.web.common.WelcomeFileListType@3fd4ee83
      error_page = class com.ibm.ws.javaee.ddmodel.web.common.ErrorPageType$ListType@20219a80
      jsp_config = null
      security_constraint = null
      deny_uncovered_http_methods = null
      login_config = null
      security_role = null
      message_destination = null
      locale_encoding_mapping_list = null
      default_context_path = null
      request_encoding = null
      response_encoding = null
      servletNameToServletMap = null
      filterNameToFilterMap = null
      ejbRefNameToEJBLocalRefMap = null
      ejbRefNameToEJBRefMap = null
      resourceEnvRefNameToResourceEnvRefMap = null
      messageDestinationRefNameToMessageDestinationRefMap = null
      resRefNameToResourceRefMap = null
      envEntryNameToEnvEntryMap = null
      roleNameToSecurityRoleMap = null
      roleLinkToSecurityRoleRefMap = null
      handlerNameToHandlerMap = null
      path = "WEB-INF/web.xml"
      idMap = class com.ibm.ws.javaee.ddmodel.DDParser$ComponentIDMap@14fc19c9
      serialVersionUID = 5321339975883512588
      $$$tc$$$ = class com.ibm.websphere.ras.TraceComponent@4a6d08db
      post_construct = null
      pre_destroy = null
      serialVersionUID = 1102064201943992836
      $$$tc$$$ = class com.ibm.websphere.ras.TraceComponent@778576df
      env_entry = null
      ejb_ref = null
      ejb_local_ref = null
      resource_ref = null
      resource_env_ref = null
      message_destination_ref = null
      persistence_context_ref = null
      persistence_unit_ref = null
      data_source = null
      jms_connection_factory = null
      jms_destination = null
      mail_session = null
      connection_factory = null
      administered_object = null
      serialVersionUID = 8931982405528922228
      $$$tc$$$ = class com.ibm.websphere.ras.TraceComponent@6f9dc705
      service_ref = null
      serialVersionUID = -6199862059825607270
      $$$tc$$$ = class com.ibm.websphere.ras.TraceComponent@3c248485
      nilled = false
      serialVersionUID = -2826386306561723362
      $$$tc$$$ = class com.ibm.websphere.ras.TraceComponent@4d5606a2
    moduleInfo = class com.ibm.ws.app.manager.module.internal.WebModuleInfoImpl@438070ec
      contextRoot = "/Project"
      isDefaultContextRootUsed = true
      serialVersionUID = -1540279394520440503
      $$$tc$$$ = class com.ibm.websphere.ras.TraceComponent@58f581b9
      tc = class com.ibm.websphere.ras.TraceComponent@bada497
      appInfo = class com.ibm.ws.container.service.app.deploy.internal.ApplicationInfoImpl@5c8beea1
      moduleName = "Project"
      path = "Project.war"
      moduleContainer = class com.ibm.ws.adaptable.module.internal.AdaptableContainerImpl@3be5a8ef
      altDDEntry = null
      moduleClassesContainers = class java.util.ArrayList@56c2e186
      classLoaderFactory = class com.ibm.ws.app.manager.war.internal.WARDeployedAppInfo@3a3c4923
      containerInfoType = class com.ibm.ws.container.service.app.deploy.ContainerInfo$Type@1d7e24d4
      classLoader = class com.ibm.ws.classloading.internal.AppClassLoader@12a3c555
      moduleMetaData = class com.ibm.ws.webcontainer.osgi.metadata.WebModuleMetaDataImpl@3a74789e
      nestedModuleMetaDataTypes = null
      nestedModuleMetaDataValues = null
      serialVersionUID = 3986734351620206554
    serialVersionUID = 8693907776607441911
    $$$tc$$$ = class com.ibm.websphere.ras.TraceComponent@56093f18
      strings[0] = "TraceComponent[com.ibm.ws.app.manager.module.internal.SimpleDeployedAppInfoBase$ModuleContainerInfoBase,class com.ibm.ws.app.manager.module.internal.SimpleDeployedAppInfoBase$ModuleContainerInfoBase,[applications, app.manager],,null]"
    type = class com.ibm.ws.container.service.app.deploy.ContainerInfo$Type@1d7e24d4
      MANIFEST_CLASSPATH = class com.ibm.ws.container.service.app.deploy.ContainerInfo$Type@5cfb2ad2
      WEB_INF_CLASSES = class com.ibm.ws.container.service.app.deploy.ContainerInfo$Type@7c4277c1
      WEB_INF_LIB = class com.ibm.ws.container.service.app.deploy.ContainerInfo$Type@401bfa33
      EAR_LIB = class com.ibm.ws.container.service.app.deploy.ContainerInfo$Type@2d70a798
      WEB_MODULE = class com.ibm.ws.container.service.app.deploy.ContainerInfo$Type@1d7e24d4
      EJB_MODULE = class com.ibm.ws.container.service.app.deploy.ContainerInfo$Type@2858a55e
      CLIENT_MODULE = class com.ibm.ws.container.service.app.deploy.ContainerInfo$Type@47cb23eb
      RAR_MODULE = class com.ibm.ws.container.service.app.deploy.ContainerInfo$Type@581e8343
      JAR_MODULE = class com.ibm.ws.container.service.app.deploy.ContainerInfo$Type@707aa3bf
      SHARED_LIB = class com.ibm.ws.container.service.app.deploy.ContainerInfo$Type@1de58abb
      $VALUES = class com.ibm.ws.container.service.app.deploy.ContainerInfo$Type[10]
      $$$tc$$$ = class com.ibm.websphere.ras.TraceComponent@5042df29
      name = "WEB_MODULE"
      ordinal = 4
    name = "Project.war"
    container = class com.ibm.ws.adaptable.module.internal.AdaptableContainerImpl@3be5a8ef
      root = class com.ibm.ws.adaptable.module.internal.AdaptableContainerImpl@3be5a8ef
      rootOverlay = class com.ibm.ws.artifact.overlay.internal.DirectoryBasedOverlayContainerImpl@6b6fbe63
      factoryHolder = class com.ibm.ws.adaptable.module.internal.AdaptableModuleFactoryImpl@5aa7ddba
      delegate = class com.ibm.ws.artifact.overlay.internal.DirectoryBasedOverlayContainerImpl@6b6fbe63
      notifier = class com.ibm.ws.adaptable.module.internal.NotifierImpl@5e084257
      serialVersionUID = -5621513278641113667
      $$$tc$$$ = class com.ibm.websphere.ras.TraceComponent@114c22db
    altDDEntry = null
    classesContainerInfo = class java.util.ArrayList@56c2e186
      serialVersionUID = 8683452581122892189
      DEFAULT_CAPACITY = 10
      EMPTY_ELEMENTDATA = class java.lang.Object[0]
      DEFAULTCAPACITY_EMPTY_ELEMENTDATA = class java.lang.Object[0]
      elementData = class java.lang.Object[10]
      size = 5
      MAX_ARRAY_SIZE = 2147483639
      modCount = 6
      MAX_ARRAY_SIZE = 2147483639
    serialVersionUID = 7427332431485745589
    $$$tc$$$ = class com.ibm.websphere.ras.TraceComponent@48b0e530
      strings[0] = "TraceComponent[com.ibm.ws.app.manager.module.internal.SimpleDeployedAppInfoBase$ExtendedContainerInfo,class com.ibm.ws.app.manager.module.internal.SimpleDeployedAppInfoBase$ExtendedContainerInfo,[applications, app.manager],,null]"
  DYNAMIC_IMPORT_PACKAGE_LIST = class java.util.Collections$UnmodifiableRandomAccessList@54fd2f43
    serialVersionUID = -2542308836966382001
    serialVersionUID = -283967356065247728
    list = class java.util.Arrays$ArrayList@5c4ad1ab
      serialVersionUID = -2764017481108945198
      a = class java.lang.String[1]
      modCount = 0
      MAX_ARRAY_SIZE = 2147483639
    serialVersionUID = 1820017752578914078
    c = class java.util.Arrays$ArrayList@5c4ad1ab
  serialVersionUID = -6153587016903242961
  $$$tc$$$ = class com.ibm.websphere.ras.TraceComponent@6e40713e
    strings[0] = "TraceComponent[com.ibm.ws.app.manager.war.internal.WARDeployedAppInfo,class com.ibm.ws.app.manager.war.internal.WARDeployedAppInfo,[webcontainer, applications, app.manager],com.ibm.ws.app.manager.war.internal.resources.Messages,null]"
  _tc = class com.ibm.websphere.ras.TraceComponent@233e064f
    strings[0] = "TraceComponent[com.ibm.ws.app.manager.module.internal.DeployedAppInfoBase,class com.ibm.ws.app.manager.module.internal.DeployedAppInfoBase,[app.manager],com.ibm.ws.app.manager.module.internal.resources.Messages,null]"
  PERMISSION_XML = "permissions.xml"
  applicationInformation = class com.ibm.ws.app.manager.internal.ApplicationInstallInfo@34ea2225
    _config = class com.ibm.ws.app.manager.internal.ApplicationConfig@5a89925a
      tc = class com.ibm.websphere.ras.TraceComponent@5a88f578
      _configPid = "com.ibm.ws.app.manager_97"
      _config = class com.ibm.ws.config.admin.ConfigurationDictionary@423ab4c4
      _applicationManager = class com.ibm.ws.app.manager.ApplicationManager@31bdd818
      _location = "Project.war"
      _type = "war"
      _name = "Project"
      _notificationBroadcasterSupport = class javax.management.NotificationBroadcasterSupport@6910ea5d
      ONE_TIME_JANDEX_MSGS_DISPLAYED = true
    _handlerInfo = class java.util.concurrent.atomic.AtomicReference@4c03b3ce
      serialVersionUID = -1848883965231344442
      VALUE = class java.lang.invoke.VarHandleReferences$FieldInstanceReadWrite@2849cde5
      value = class com.ibm.ws.app.manager.war.internal.WARDeployedAppInfo@3a3c4923
    _container = class java.util.concurrent.atomic.AtomicReference@282dedf9
      serialVersionUID = -1848883965231344442
      VALUE = class java.lang.invoke.VarHandleReferences$FieldInstanceReadWrite@2849cde5
      value = class com.ibm.ws.adaptable.module.internal.AdaptableContainerImpl@3be5a8ef
    _resolvedLocation = class java.util.concurrent.atomic.AtomicReference@34ab1851
      serialVersionUID = -1848883965231344442
      VALUE = class java.lang.invoke.VarHandleReferences$FieldInstanceReadWrite@2849cde5
      value = class com.ibm.ws.kernel.service.location.internal.LocalFileResource@2a49ae60
    _handler = class com.ibm.ws.app.manager.war.internal.WARApplicationHandlerImpl@222647dc
      futureMonitor = class com.ibm.ws.threading.internal.FutureMonitorImpl@45a27676
      deployedAppFactory = class com.ibm.ws.app.manager.war.internal.WARDeployedAppInfoFactoryImpl@756bce29
      serialVersionUID = 4622845147410944782
      $$$tc$$$ = class com.ibm.websphere.ras.TraceComponent@554c3aa
    _ami = class java.util.concurrent.atomic.AtomicReference@736a0d95
      serialVersionUID = -1848883965231344442
      VALUE = class java.lang.invoke.VarHandleReferences$FieldInstanceReadWrite@2849cde5
      value = class com.ibm.wsspi.application.handler.DefaultApplicationMonitoringInformation@547c3e60
    _updateHandler = class com.ibm.ws.app.manager.internal.statemachine.ApplicationStateMachineImpl@34ef6424
      _tc = class com.ibm.websphere.ras.TraceComponent@4f26e659
      EMPTY_FUTURE_ARRAY = interface java.util.concurrent.Future[0]
      asmSequenceNumber = class java.util.concurrent.atomic.AtomicLong@48622f1e
      _qscaCounter = class java.util.concurrent.atomic.AtomicInteger@6b478522
      _failedThrowable = null
      _interruptibleLock = class com.ibm.ws.app.manager.internal.statemachine.ApplicationStateMachineImpl$2@2446022a
      _interruptible = false
      _performingQueuedActions = true
      _queuedActions = class java.util.concurrent.ConcurrentLinkedQueue@287bec91
      _callbackState = class java.util.concurrent.atomic.AtomicReference@71382c5f
      blockAppStartingFutures = class java.util.Collections$SetFromMap@2601d9cf
      waitingForAppHandlerFuture = class java.util.concurrent.atomic.AtomicReference@32c2d877
      waitingForExplicitStartFuture = class java.util.concurrent.atomic.AtomicReference@452ab5da
      completionListener = class java.util.concurrent.atomic.AtomicReference@75c033f4
      _notifyAppStopped = class java.util.concurrent.ConcurrentLinkedQueue@5d274322
      _notifyAppStarting = class java.util.concurrent.ConcurrentLinkedQueue@79823991
      _notifyAppInstallCalled = class java.util.concurrent.ConcurrentLinkedQueue@6916d71e
      _notifyAppStarted = class java.util.concurrent.ConcurrentLinkedQueue@1dbd165b
      _notifyAppRemoved = class java.util.concurrent.ConcurrentLinkedQueue@7a64689d
      _stateLock = class com.ibm.ws.app.manager.internal.statemachine.ApplicationStateMachineImpl$3@124298f1
      _internalState = class java.util.concurrent.atomic.AtomicReference@4d331380
      _currentAction = class java.util.concurrent.atomic.AtomicReference@3849cbb3
      _rfa = class java.util.concurrent.atomic.AtomicReference@61307ca7
      _appInstallInfo = class java.util.concurrent.atomic.AtomicReference@67b3f560
      _update = class java.util.concurrent.atomic.AtomicBoolean@32495505
      _appConfig = class java.util.concurrent.atomic.AtomicReference@44ab04ac
      _nextAppConfig = class java.util.concurrent.atomic.AtomicReference@261c9dda
      _appContainer = class java.util.concurrent.atomic.AtomicReference@5e7c748c
      _resolvedLocation = class java.util.concurrent.atomic.AtomicReference@2665e33b
      _handler = class java.util.concurrent.atomic.AtomicReference@3af71d3f
      _asmSeqNo = 5
      _ctx = class org.eclipse.osgi.internal.framework.BundleContextImpl@42fc13a6
      _locAdmin = class com.ibm.ws.kernel.service.location.internal.WsLocationAdminImpl@78c7b5f6
      _futureMonitor = class com.ibm.ws.threading.internal.FutureMonitorImpl@45a27676
      _artifactFactory = class com.ibm.ws.artifact.internal.ArtifactContainerFactoryService@4c5729c2
      _moduleFactory = class com.ibm.ws.adaptable.module.internal.AdaptableModuleFactoryImpl@5aa7ddba
      _executorService = class com.ibm.ws.threading.internal.ExecutorServiceImpl@4e4bdb92
      _scheduledExecutorService = class com.ibm.ws.threading.internal.ScheduledExecutorImpl@b66bfa8
      _asmHelper = class com.ibm.ws.app.manager.internal.ApplicationConfigurator$NamedApplication@5da16974
      _appMonitor = class com.ibm.ws.app.manager.internal.monitor.ApplicationMonitor@284d523b
      enterStateCalled = class java.util.concurrent.atomic.AtomicBoolean@38ca8beb
      serialVersionUID = 6511956370079301927
      serialVersionUID = 5501066335104962649
      $$$tc$$$ = class com.ibm.websphere.ras.TraceComponent@6707e5a5
    serialVersionUID = 2630639237123415755
    $$$tc$$$ = class com.ibm.websphere.ras.TraceComponent@7de2ee84
      strings[0] = "TraceComponent[com.ibm.ws.app.manager.internal.ApplicationInstallInfo,class com.ibm.ws.app.manager.internal.ApplicationInstallInfo,[applications, app.manager],com.ibm.ws.app.manager.internal.resources.AppManagerMessages,null]"
  location = "D:\devel\tools\wlp\usr\servers\defaultServer\apps\Project.war.xml"
  classLoadingService = class com.ibm.ws.classloading.internal.ClassLoadingServiceImpl@1b4449e4
    tc = class com.ibm.websphere.ras.TraceComponent@6bff8f87
      strings[0] = "TraceComponent[com.ibm.ws.classloading.internal.ClassLoadingServiceImpl,class com.ibm.ws.classloading.internal.ClassLoadingServiceImpl,[ClassLoadingService],com.ibm.ws.classloading.internal.resources.ClassLoadingServiceMessages,null]"
    leakDetectionMap = class java.util.HashMap@353b5c65
      serialVersionUID = 362498820763181265
      DEFAULT_INITIAL_CAPACITY = 16
      MAXIMUM_CAPACITY = 1073741824
      DEFAULT_LOAD_FACTOR = 0.75
      TREEIFY_THRESHOLD = 8
      UNTREEIFY_THRESHOLD = 6
      MIN_TREEIFY_CAPACITY = 64
      table = null
      entrySet = null
      size = 0
      modCount = 0
      threshold = 0
      loadFactor = 0.75
      keySet = null
      values = null
    TCCL_LOCK_WAIT = 15000
    REFERENCE_GENERATORS = "generators"
    bundleContext = class org.eclipse.osgi.internal.framework.BundleContextImpl@7ea2bff0
      findHookName = "org.osgi.framework.hooks.bundle.FindHook"
      valid = true
      bundle = class org.eclipse.osgi.internal.framework.EquinoxBundle@3aea5029
      container = class org.eclipse.osgi.internal.framework.EquinoxContainer@78b5844e
      debug = class org.eclipse.osgi.internal.debug.Debug@ba94b5f
      servicesInUse = class java.util.HashMap@35ca4d66
      activator = null
      contextLock = class java.lang.Object@1642cca9
    aclStore = class com.ibm.ws.classloading.internal.util.CanonicalStore@7c46c505
      map = class java.util.concurrent.ConcurrentHashMap@5d261b6a
      q = class com.ibm.ws.classloading.internal.util.RefQueue@32d5a176
      serialVersionUID = 6715157558227169968
      $$$tc$$$ = class com.ibm.websphere.ras.TraceComponent@27161713
    tcclStore = class com.ibm.ws.classloading.internal.util.CanonicalStore@430e568
      map = class java.util.concurrent.ConcurrentHashMap@31821677
      q = class com.ibm.ws.classloading.internal.util.RefQueue@5619dd0
      serialVersionUID = 6715157558227169968
      $$$tc$$$ = class com.ibm.websphere.ras.TraceComponent@27161713
    tcclStoreLock = class java.util.concurrent.locks.ReentrantLock@39842bed
      serialVersionUID = 7373984872572414699
      sync = class java.util.concurrent.locks.ReentrantLock$NonfairSync@5aed7be6
    digraph = class org.eclipse.equinox.internal.region.StandardRegionDigraph@56b380cc
      EMPTY_EDGE_SET = class java.util.Collections$UnmodifiableSet@228a56a9
      monitor = class java.lang.Object@20e5402d
      regions = class java.util.HashMap@6c70c896
      bundleIdToRegionMapping = class org.eclipse.equinox.internal.region.StandardBundleIdToRegionMapping@70223980
      edges = class java.util.HashMap@ed0633
      bundleContext = class org.eclipse.osgi.internal.framework.BundleContextImpl@618b19ad
      threadLocal = class java.lang.ThreadLocal@a83ca2b
      subgraphTraverser = class org.eclipse.equinox.internal.region.SubgraphTraverser@60dd9795
      bundleCollisionHook = class org.eclipse.equinox.internal.region.hook.RegionBundleCollisionHook@1d25c37
      bundleEventHook = class org.eclipse.equinox.internal.region.hook.RegionBundleEventHook@69661ea0
      bundleFindHook = class org.eclipse.equinox.internal.region.hook.RegionBundleFindHook@7d205335
      serviceEventHook = class org.eclipse.equinox.internal.region.hook.RegionServiceEventHook@714d123b
      serviceFindHook = class org.eclipse.equinox.internal.region.hook.RegionServiceFindHook@62eddbc1
      resolverHookFactory = class org.eclipse.equinox.internal.region.hook.RegionResolverHookFactory@3b275a22
      origin = null
      originUpdateCount = -1
      updateCount = class java.util.concurrent.atomic.AtomicLong@44611f88
      defaultRegion = null
    redefiner = class com.ibm.ws.classloading.internal.util.ClassRedefiner@1c1719f2
      tc = class com.ibm.websphere.ras.TraceComponent@71523213
      LS = "
"
      inst = class com.ibm.ws.kernel.launch.internal.TraceInstrumentation@2df1955a
      serialVersionUID = 2420101865139508526
    listener = class com.ibm.ws.classloading.internal.ClassLoadingServiceImpl$1@1f0fa4bd
      this$0 = class com.ibm.ws.classloading.internal.ClassLoadingServiceImpl@1b4449e4
      serialVersionUID = -9159707349812113172
      $$$tc$$$ = class com.ibm.websphere.ras.TraceComponent@15e7bab2
    classloaders = class java.util.Collections$SynchronizedMap@7cc3ff2
      serialVersionUID = 1978198479659022715
      m = class java.util.HashMap@ab23c8a
      mutex = class java.util.Collections$SynchronizedMap@7cc3ff2
      keySet = null
      entrySet = null
      values = null
    resourceProviders = class com.ibm.ws.classloading.internal.CompositeResourceProvider@4d336a27
      lockFactory = class java.util.concurrent.locks.ReentrantReadWriteLock@1c3b8c72
      providerMap = class com.ibm.ws.classloading.internal.util.MultiMap@32c470ba
      serialVersionUID = -5576435894946156347
      $$$tc$$$ = class com.ibm.websphere.ras.TraceComponent@5ec4cd56
    rememberedBundles = class java.util.concurrent.ConcurrentHashMap@694f32fa
      serialVersionUID = 7249069246763182397
      MAXIMUM_CAPACITY = 1073741824
      DEFAULT_CAPACITY = 16
      MAX_ARRAY_SIZE = 2147483639
      DEFAULT_CONCURRENCY_LEVEL = 16
      LOAD_FACTOR = 0.75
      TREEIFY_THRESHOLD = 8
      UNTREEIFY_THRESHOLD = 6
      MIN_TREEIFY_CAPACITY = 64
      MIN_TRANSFER_STRIDE = 16
      RESIZE_STAMP_BITS = 16
      MAX_RESIZERS = 65535
      RESIZE_STAMP_SHIFT = 16
      MOVED = -1
      TREEBIN = -2
      RESERVED = -3
      HASH_BITS = 2147483647
      NCPU = 4
      serialPersistentFields = class java.io.ObjectStreamField[3]
      table = class java.util.concurrent.ConcurrentHashMap$Node[16]
      nextTable = null
      baseCount = 6
      sizeCtl = 12
      transferIndex = 0
      cellsBusy = 0
      counterCells = null
      keySet = null
      values = null
      entrySet = null
      U = class jdk.internal.misc.Unsafe@f57db1d
      SIZECTL = 20
      TRANSFERINDEX = 32
      BASECOUNT = 24
      CELLSBUSY = 36
      CELLVALUE = 144
      ABASE = 16
      ASHIFT = 2
      keySet = null
      values = null
    collectedBundles = class java.lang.ref.ReferenceQueue@b074922
      NULL = class java.lang.ref.ReferenceQueue$Null@16540802
      ENQUEUED = class java.lang.ref.ReferenceQueue$Null@56cc5ea6
      lock = class java.lang.ref.ReferenceQueue$Lock@479cb565
      head = null
      queueLength = 0
      $assertionsDisabled = true
    generatorRefs = class com.ibm.wsspi.kernel.service.utils.ConcurrentServiceReferenceSet@6d52c41f
      referenceName = "generators"
      contextRef = class java.util.concurrent.atomic.AtomicReference@6c49fc5a
      elementMap = class java.util.LinkedHashMap@5d1dcc71
      elementSet = class java.util.concurrent.ConcurrentSkipListSet@79a7284
      elementSetUnsorted = false
      serialVersionUID = 756240983881166148
      $$$tc$$$ = class com.ibm.websphere.ras.TraceComponent@220b6603
    generatorManager = class com.ibm.ws.classloading.internal.ClassGeneratorManager@3be6e9c0
      tc = class com.ibm.websphere.ras.TraceComponent@5706fa10
      generatorRefs = class com.ibm.wsspi.kernel.service.utils.ConcurrentServiceReferenceSet@6d52c41f
      serialVersionUID = 4152663586056483310
    appExtLibs = class java.util.concurrent.CopyOnWriteArrayList@2baed4a4
      serialVersionUID = 8673264195747942595
      lock = class java.lang.Object@2c8e9032
      array = class java.lang.Object[0]
    globalConfig = class com.ibm.ws.classloading.configuration.GlobalClassloadingConfiguration@1a51d6aa
      properties = class org.apache.felix.scr.impl.helper.ReadOnlyDictionary@2267cf32
      serialVersionUID = 452562347104713756
      $$$tc$$$ = class com.ibm.websphere.ras.TraceComponent@646c3b7f
    metaInfServicesProviders = class java.util.concurrent.ConcurrentHashMap@61589bc3
      serialVersionUID = 7249069246763182397
      MAXIMUM_CAPACITY = 1073741824
      DEFAULT_CAPACITY = 16
      MAX_ARRAY_SIZE = 2147483639
      DEFAULT_CONCURRENCY_LEVEL = 16
      LOAD_FACTOR = 0.75
      TREEIFY_THRESHOLD = 8
      UNTREEIFY_THRESHOLD = 6
      MIN_TREEIFY_CAPACITY = 64
      MIN_TRANSFER_STRIDE = 16
      RESIZE_STAMP_BITS = 16
      MAX_RESIZERS = 65535
      RESIZE_STAMP_SHIFT = 16
      MOVED = -1
      TREEBIN = -2
      RESERVED = -3
      HASH_BITS = 2147483647
      NCPU = 4
      serialPersistentFields = class java.io.ObjectStreamField[3]
      table = null
      nextTable = null
      baseCount = 0
      sizeCtl = 0
      transferIndex = 0
      cellsBusy = 0
      counterCells = null
      keySet = null
      values = null
      entrySet = null
      U = class jdk.internal.misc.Unsafe@f57db1d
      SIZECTL = 20
      TRANSFERINDEX = 32
      BASECOUNT = 24
      CELLSBUSY = 36
      CELLVALUE = 144
      ABASE = 16
      ASHIFT = 2
      keySet = null
      values = null
    metaInfServicesRefs = class com.ibm.wsspi.kernel.service.utils.ConcurrentServiceReferenceMap@6dfcd6c1
      referenceName = "MetaInfServicesProvider"
      context = class org.apache.felix.scr.impl.manager.ComponentContextImpl@38052bb9
      elementMap = class java.util.concurrent.ConcurrentHashMap@3d37bbc
      serialVersionUID = 6980924785166233786
      $$$tc$$$ = class com.ibm.websphere.ras.TraceComponent@56d123a1
    protectionDomainMap = class java.util.HashMap@302a242e
      serialVersionUID = 362498820763181265
      DEFAULT_INITIAL_CAPACITY = 16
      MAXIMUM_CAPACITY = 1073741824
      DEFAULT_LOAD_FACTOR = 0.75
      TREEIFY_THRESHOLD = 8
      UNTREEIFY_THRESHOLD = 6
      MIN_TREEIFY_CAPACITY = 64
      table = null
      entrySet = null
      size = 0
      modCount = 0
      threshold = 0
      loadFactor = 0.75
      keySet = null
      values = null
    metadataIdentifierService = class com.ibm.ws.container.service.metadata.internal.MetaDataServiceImpl@675a770e
    globalSharedLibrary = class java.util.concurrent.atomic.AtomicReference@245a5007
      serialVersionUID = -1848883965231344442
      VALUE = class java.lang.invoke.VarHandleReferences$FieldInstanceReadWrite@2849cde5
      value = null
    serialVersionUID = -2277344858934055980
  globalSharedLibrary = class com.ibm.ws.library.internal.SharedLibraryImpl@4c17fa08
    tc = class com.ibm.websphere.ras.TraceComponent@2d65c95e
      strings[0] = "TraceComponent[com.ibm.ws.library.internal.SharedLibraryImpl,class com.ibm.ws.library.internal.SharedLibraryImpl,[SharedLibrary],com.ibm.ws.classloading.internal.resources.ClassLoadingServiceMessages,null]"
    EMPTY_LIBRARY_LISTENERS = interface com.ibm.wsspi.library.LibraryChangeListener[0]
    deleted = false
    libraryListenersTracker = class org.osgi.util.tracker.ServiceTracker@67844f6d
      DEBUG = false
      context = class org.eclipse.osgi.internal.framework.BundleContextImpl@7ea2bff0
      filter = class org.eclipse.osgi.internal.framework.FilterImpl@24de75d4
      customizer = class org.osgi.util.tracker.ServiceTracker@67844f6d
      listenerFilter = "(&(objectClass=com.ibm.wsspi.library.LibraryChangeListener)(|(library=global)(libraryRef=*com.ibm.ws.classloading.sharedlibrary_51*)))"
      trackClass = null
      trackReference = null
      tracked = class org.osgi.util.tracker.ServiceTracker$Tracked@5a14521e
      cachedReference = null
      cachedService = null
    libraryReg = class org.eclipse.osgi.internal.serviceregistry.ServiceRegistrationImpl@3784f023
      registry = class org.eclipse.osgi.internal.serviceregistry.ServiceRegistry@2fe82715
      context = class org.eclipse.osgi.internal.framework.BundleContextImpl@7ea2bff0
      bundle = class org.eclipse.osgi.internal.framework.EquinoxBundle@3aea5029
      clazzes = class java.lang.String[1]
      service = class com.ibm.ws.library.internal.SharedLibraryImpl@4c17fa08
      reference = class org.eclipse.osgi.internal.serviceregistry.ServiceReferenceImpl@39281e7c
      contextsUsing = class java.util.ArrayList@3e23d743
      properties = class java.util.Collections$UnmodifiableMap@509d8f1d
      serviceid = 313
      serviceranking = 2
      registrationLock = class java.lang.Object@25d91beb
      state = 0
      REGISTERED = 0
      UNREGISTERING = 1
      UNREGISTERED = 2
      FRAMEWORK_SET_SERVICE_PROPERTIES_COUNT = 4
      $assertionsDisabled = true
    ctx = class org.eclipse.osgi.internal.framework.BundleContextImpl@7ea2bff0
    classLoadingService = class com.ibm.ws.classloading.internal.ClassLoadingServiceImpl@1b4449e4
    configAdmin = class com.ibm.ws.config.admin.internal.ConfigurationAdminImpl@4eb07531
      tc = class com.ibm.websphere.ras.TraceComponent@1b091e1a
      bundle = class org.eclipse.osgi.internal.framework.EquinoxBundle@3aea5029
      caFactory = class com.ibm.ws.config.admin.internal.ConfigAdminServiceFactory@1de60e00
      serialVersionUID = -2875522750804142523
    resolvedBasePath = "D:/devel/tools/wlp/usr/servers/defaultServer/"
    generationLock = class com.ibm.ws.library.internal.SharedLibraryImpl$1@224256ee
      this$0 = class com.ibm.ws.library.internal.SharedLibraryImpl@4c17fa08
      serialVersionUID = 2483639803450672373
      $$$tc$$$ = class com.ibm.websphere.ras.TraceComponent@646c9e62
    currentGeneration = class com.ibm.ws.library.internal.LibraryGeneration@749d06c
      tc = class com.ibm.websphere.ras.TraceComponent@704e1cd0
      nextInt = class java.util.concurrent.atomic.AtomicInteger@11bed7f8
      libraryId = "global"
      genId = 2
      libraryProps = class java.util.Hashtable@279cc9d5
      filesetRefs = class java.util.Collections$UnmodifiableRandomAccessList@13918aee
      apiTypeVisibility = class java.util.RegularEnumSet@31043264
      files = class java.util.Collections$EmptyList@6d491ce6
      folders = class java.util.ArrayList@566222ab
      fileAndFolderContainers = class java.util.Collections$EmptyList@6d491ce6
      filesets = class java.util.concurrent.ArrayBlockingQueue@17f19bd3
      filesetListenerRegs = class java.util.concurrent.ConcurrentLinkedQueue@828a539
      cancelled = false
      library = class com.ibm.ws.library.internal.SharedLibraryImpl@4c17fa08
      serialVersionUID = 6965220007121905717
    nextGeneration = class com.ibm.ws.library.internal.LibraryGeneration@749d06c
    artifactContainerFactory = class com.ibm.ws.library.internal.SharedLibraryFactory$1@427318cf
      this$0 = class com.ibm.ws.library.internal.SharedLibraryFactory@38c923
      serialVersionUID = 7730244564205089330
      $$$tc$$$ = class com.ibm.websphere.ras.TraceComponent@22a02b8c
    packageExporter = class com.ibm.ws.library.internal.LibraryPackageExporter@f27f44d
      EXPORTER_POSTFIX = "_library_exporter"
      REGION_EXPORT_TO_LIBERTY = "liberty.library.export.to.liberty"
      REGION_EXPORT_TO_OSGI_APPS = "liberty.library.export.to.osgi.app"
      REGION_KERNEL = "org.eclipse.equinox.region.kernel"
      counter = class java.util.concurrent.atomic.AtomicLong@49f4f79f
      context = class org.eclipse.osgi.internal.framework.BundleContextImpl@7ea2bff0
      digraph = class org.eclipse.equinox.internal.region.StandardRegionDigraph@56b380cc
      bundleToLibrary = class java.util.concurrent.ConcurrentHashMap@40727c6c
      libraryToVisibility = class java.util.concurrent.ConcurrentHashMap@71711dcf
      serialVersionUID = 8074378969667956573
      $$$tc$$$ = class com.ibm.websphere.ras.TraceComponent@6f119596
    serialVersionUID = 6288237618632180389
  sharedLibDeploymentInfo = class com.ibm.ws.app.manager.module.internal.DeployedAppInfoBase$SharedLibDeploymentInfo@77774daf
    bundleContext = class org.eclipse.osgi.internal.framework.BundleContextImpl@3699bad
      findHookName = "org.osgi.framework.hooks.bundle.FindHook"
      valid = true
      bundle = class org.eclipse.osgi.internal.framework.EquinoxBundle@1ed67c60
      container = class org.eclipse.osgi.internal.framework.EquinoxContainer@78b5844e
      debug = class org.eclipse.osgi.internal.debug.Debug@ba94b5f
      servicesInUse = class java.util.HashMap@5b26dfbc
      activator = null
      contextLock = class java.lang.Object@3d6a4243
    locAdmin = class com.ibm.ws.kernel.service.location.internal.WsLocationAdminImpl@78c7b5f6
      tc = class com.ibm.websphere.ras.TraceComponent@21a2c6a
      LOC_INTERNAL_LIB_DIR = "wlp.lib.dir"
      LOC_AREA_NAME_APPS = "shared/apps/"
      LOC_AREA_NAME_CONFIG = "shared/config/"
      LOC_AREA_NAME_RESC = "shared/resources/"
      LOC_AREA_NAME_STATE = "logs/state/"
      LOC_AREA_NAME_SERVERS = "servers/"
      LOC_AREA_NAME_CLIENTS = "clients/"
      LOC_AREA_NAME_WORKING = "workarea/"
      LOC_AREA_NAME_EXTENSION = "extension/"
      instance = class com.ibm.ws.staticvalue.StaticValue$FinalSingleton@4544edd9
      installRoot = class com.ibm.ws.kernel.service.location.internal.SymbolicRootResource@1dfa92c5
      installParentRoot = class com.ibm.ws.kernel.service.location.internal.SymbolicRootResource@516e1714
      userRoot = class com.ibm.ws.kernel.service.location.internal.SymbolicRootResource@7e59d426
      usrExtensionRoot = class com.ibm.ws.kernel.service.location.internal.SymbolicRootResource@1c11c411
      serverConfigDir = class com.ibm.ws.kernel.service.location.internal.SymbolicRootResource@55b401ec
      serverOutputDir = class com.ibm.ws.kernel.service.location.internal.SymbolicRootResource@55b401ec
      bootstrapLib = class com.ibm.ws.kernel.service.location.internal.LocalFileResource@74c36af9
      serverWorkarea = class com.ibm.ws.kernel.service.location.internal.LocalFileResource@440b68a3
      serverState = class com.ibm.ws.kernel.service.location.internal.LocalFileResource@56280d7f
      sharedAppsRoot = class com.ibm.ws.kernel.service.location.internal.SymbolicRootResource@2366cd37
      sharedConfigRoot = class com.ibm.ws.kernel.service.location.internal.SymbolicRootResource@4c1dff00
      sharedResourceRoot = class com.ibm.ws.kernel.service.location.internal.SymbolicRootResource@53ccd850
      tmpRoot = class com.ibm.ws.kernel.service.location.internal.SymbolicRootResource@451964a3
      serverName = "defaultServer"
      resourcePaths = class java.util.ArrayList@50030642
      resourceGroups = class java.util.HashMap@73c506bd
      commonRoot = class com.ibm.ws.kernel.service.location.internal.VirtualRootResource@46fe4ecd
      serialVersionUID = 7766352982799267432
    artifactFactory = class com.ibm.ws.artifact.internal.ArtifactContainerFactoryService@4c5729c2
      CATEGORY_PROP_NAME = "category"
      ENTRY_KEY = "com.ibm.wsspi.artifact.ArtifactEntry"
      helperMap = class com.ibm.wsspi.kernel.service.utils.ConcurrentServiceReferenceSetMap@7f42b83b
      contributorMap = class com.ibm.wsspi.kernel.service.utils.ConcurrentServiceReferenceSetMap@1ee6772f
      helperCategoryMap = class com.ibm.wsspi.kernel.service.utils.ConcurrentServiceReferenceSetMap@69c5cde6
      contributorCategoryMap = class com.ibm.wsspi.kernel.service.utils.ConcurrentServiceReferenceSetMap@7924b4c
      categories = class java.util.Collections$SynchronizedSet@6dfba8e5
      baseProperties = class org.apache.felix.scr.impl.helper.ReadOnlyDictionary@4009e57a
      serialVersionUID = -3101641399269402013
      $$$tc$$$ = class com.ibm.websphere.ras.TraceComponent@a294799
    moduleFactory = class com.ibm.ws.adaptable.module.internal.AdaptableModuleFactoryImpl@5aa7ddba
      adapterFactoryService = class com.ibm.ws.adaptable.module.internal.AdapterFactoryServiceImpl@1bc780db
      containerFactory = class com.ibm.ws.artifact.internal.ArtifactContainerFactoryService@4c5729c2
      overlayContainerFactory = class com.ibm.ws.artifact.overlay.internal.OverlayContainerFactoryImpl@12cd876e
      serialVersionUID = 4200251809856292987
      $$$tc$$$ = class com.ibm.websphere.ras.TraceComponent@4baa5f07
    classesContainerInfo = class java.util.ArrayList@4d388737
      serialVersionUID = 8683452581122892189
      DEFAULT_CAPACITY = 10
      EMPTY_ELEMENTDATA = class java.lang.Object[0]
      DEFAULTCAPACITY_EMPTY_ELEMENTDATA = class java.lang.Object[0]
      elementData = class java.lang.Object[0]
      size = 0
      MAX_ARRAY_SIZE = 2147483639
      modCount = 0
      MAX_ARRAY_SIZE = 2147483639
    serialVersionUID = -9033256786848720484
    $$$tc$$$ = class com.ibm.websphere.ras.TraceComponent@7703bbf3
      strings[0] = "TraceComponent[com.ibm.ws.app.manager.module.internal.DeployedAppInfoBase$SharedLibDeploymentInfo,class com.ibm.ws.app.manager.module.internal.DeployedAppInfoBase$SharedLibDeploymentInfo,[applications, app.manager],,null]"
  futureMonitor = class com.ibm.ws.threading.internal.FutureMonitorImpl@45a27676
    _monitor = class java.util.concurrent.ConcurrentLinkedQueue@5ade0602
      serialVersionUID = 196745693267521676
      head = class java.util.concurrent.ConcurrentLinkedQueue$Node@7477ccdd
      tail = class java.util.concurrent.ConcurrentLinkedQueue$Node@7477ccdd
      MAX_HOPS = 8
      HEAD = class java.lang.invoke.VarHandleReferences$FieldInstanceReadWrite@66521e09
      TAIL = class java.lang.invoke.VarHandleReferences$FieldInstanceReadWrite@53e8b39d
      ITEM = class java.lang.invoke.VarHandleReferences$FieldInstanceReadWrite@41f59e18
      NEXT = class java.lang.invoke.VarHandleReferences$FieldInstanceReadWrite@402e2262
      MAX_ARRAY_SIZE = 2147483639
    _executor = class com.ibm.ws.threading.internal.ScheduledExecutorImpl@b66bfa8
      threadGroupName = "Scheduled Executor Thread Group"
      executor = class com.ibm.ws.threading.internal.ExecutorServiceImpl@4e4bdb92
      serialVersionUID = -9110693807503469597
      $$$tc$$$ = class com.ibm.websphere.ras.TraceComponent@54e91017
      continueExistingPeriodicTasksAfterShutdown = false
      executeExistingDelayedTasksAfterShutdown = true
      removeOnCancel = false
      sequencer = class java.util.concurrent.atomic.AtomicLong@3b1df43e
      DEFAULT_KEEPALIVE_MILLIS = 10
      ctl = class java.util.concurrent.atomic.AtomicInteger@782229d5
      COUNT_BITS = 29
      COUNT_MASK = 536870911
      RUNNING = -536870912
      SHUTDOWN = 0
      STOP = 536870912
      TIDYING = 1073741824
      TERMINATED = 1610612736
      workQueue = class java.util.concurrent.ScheduledThreadPoolExecutor$DelayedWorkQueue@b6f7347
      mainLock = class java.util.concurrent.locks.ReentrantLock@226c2e29
      workers = class java.util.HashSet@7684825e
      termination = class java.util.concurrent.locks.AbstractQueuedSynchronizer$ConditionObject@1f8171da
      largestPoolSize = 1
      completedTaskCount = 0
      threadFactory = class com.ibm.ws.threading.internal.ThreadFactoryImpl@6f04dc26
      handler = class java.util.concurrent.ThreadPoolExecutor$AbortPolicy@2cdaba89
      keepAliveTime = 10000000
      allowCoreThreadTimeOut = false
      corePoolSize = 1
      maximumPoolSize = 2147483647
      defaultHandler = class java.util.concurrent.ThreadPoolExecutor$AbortPolicy@2cdaba89
      shutdownPerm = class java.lang.RuntimePermission@7e9e5b3e
      ONLY_ONE = true
      $assertionsDisabled = true
    _threadRunning = class java.util.concurrent.atomic.AtomicBoolean@5695e1cc
      serialVersionUID = 4654671469794556979
      VALUE = class java.lang.invoke.VarHandleInts$FieldInstanceReadWrite@252fb925
      value = 0
    _thread = class com.ibm.ws.threading.internal.FutureMonitorImpl$1@1381e0d2
      this$0 = class com.ibm.ws.threading.internal.FutureMonitorImpl@45a27676
      serialVersionUID = 2422512430832938099
      $$$tc$$$ = class com.ibm.websphere.ras.TraceComponent@68f0cc66
    serialVersionUID = 2765238413969174390
    $$$tc$$$ = class com.ibm.websphere.ras.TraceComponent@405e41f4
      strings[0] = "TraceComponent[com.ibm.ws.threading.internal.FutureMonitorImpl,class com.ibm.ws.threading.internal.FutureMonitorImpl,[Threading],com.ibm.ws.threading.internal.resources.ThreadingMessages,null]"
  configAdmin = class com.ibm.ws.config.admin.internal.ConfigurationAdminImpl@4acde335
    tc = class com.ibm.websphere.ras.TraceComponent@1b091e1a
      strings[0] = "TraceComponent[com.ibm.ws.config.admin.internal.ConfigurationAdminImpl,class com.ibm.ws.config.admin.internal.ConfigurationAdminImpl,[config],com.ibm.ws.config.internal.resources.ConfigMessages,null]"
    bundle = class org.eclipse.osgi.internal.framework.EquinoxBundle@1ed67c60
      equinoxContainer = class org.eclipse.osgi.internal.framework.EquinoxContainer@78b5844e
      module = class org.eclipse.osgi.internal.framework.EquinoxBundle$EquinoxModule@1a0f94b7
      monitor = class java.lang.Object@30bf2d6e
      context = class org.eclipse.osgi.internal.framework.BundleContextImpl@3699bad
      signerInfos = null
      $SWITCH_TABLE$org$eclipse$osgi$container$Module$State = {1,2,3,4,5,6,7} /* array length = 7 */
    caFactory = class com.ibm.ws.config.admin.internal.ConfigAdminServiceFactory@1de60e00
      tc = class com.ibm.websphere.ras.TraceComponent@354e2923
      configurationPermission = class org.osgi.service.cm.ConfigurationPermission@37ccc1e3
      INDEX_DICTIONARY = 0
      INDEX_LOCATION = 1
      INDEX_METATYPE_PROCESSED = 2
      INDEX_IN_OVERRIDES_FILE = 3
      INDEX_REFERENCES = 4
      INDEX_UNIQUES = 5
      bundleContext = class org.eclipse.osgi.internal.framework.BundleContextImpl@8a0d989
      msTracker = class com.ibm.ws.config.admin.internal.ManagedServiceTracker@3aa13165
      msfTracker = class com.ibm.ws.config.admin.internal.ManagedServiceFactoryTracker@15f5beb7
      pluginManager = class com.ibm.ws.config.admin.internal.PluginManager@348fb216
      configurationStore = class com.ibm.ws.config.admin.internal.ConfigurationStore@651dbebd
      updateQueue = class com.ibm.ws.config.admin.internal.UpdateQueue@56049162
      ced = class com.ibm.ws.config.admin.internal.ConfigEventDispatcher@6e3c8d13
      idMap = class java.util.Collections$SynchronizedMap@27ea8dc0
      referenceMap = class java.util.Collections$SynchronizedMap@2f0a37d6
      variableRegistryTracker = class org.osgi.util.tracker.ServiceTracker@5d773cd4
      variableRegistry = class com.ibm.ws.kernel.service.location.internal.VariableRegistryHelper@5729667c
      configurationAdminRef = class org.eclipse.osgi.internal.serviceregistry.ServiceRegistrationImpl@3581111c
      serialVersionUID = 6695202270027014725
    serialVersionUID = -2875522750804142523
  libraryConfigHelper = class com.ibm.ws.classloading.ClassLoaderConfigHelper@737f98e1
    tc = class com.ibm.websphere.ras.TraceComponent@4b7a4141
      strings[0] = "TraceComponent[com.ibm.ws.classloading.ClassLoaderConfigHelper,class com.ibm.ws.classloading.ClassLoaderConfigHelper,[ClassLoadingService],com.ibm.ws.classloading.internal.resources.ClassLoadingServiceMessages,null]"
    DEFAULT_API_TYPES = class java.util.RegularEnumSet@167f4c2d
      serialVersionUID = 3411599620347842686
      elements = 23
      elementType = class java.lang.Class@38561865
      universe = class com.ibm.wsspi.classloading.ApiType[5]
      MAX_ARRAY_SIZE = 2147483639
    sharedLibraries = class java.util.Collections$EmptyList@6d491ce6
      serialVersionUID = 8842843931221139166
      modCount = 0
      MAX_ARRAY_SIZE = 2147483639
    commonLibraries = class java.util.Collections$EmptyList@6d491ce6
    classProviders = class java.util.Collections$EmptyList@6d491ce6
    sharedLibrariesPids = null
    commonLibrariesPids = null
    isDelegateLast = false
    apiTypes = class java.util.RegularEnumSet@167f4c2d
    classLoaderConfigProps = null
    serialVersionUID = 7643888529935916418
  isDelegateLast = false
  permissionManager = class com.ibm.ws.classloading.java2sec.PermissionManager@4beb3c
    tc = class com.ibm.websphere.ras.TraceComponent@269e48c0
      strings[0] = "TraceComponent[com.ibm.ws.classloading.java2sec.PermissionManager,class com.ibm.ws.classloading.java2sec.PermissionManager,[Java2SecurityUtil],com.ibm.ws.classloading.internal.resources.Java2SecurityUtilMessages,null]"
    classLoadingService = class com.ibm.ws.classloading.internal.ClassLoadingServiceImpl@1b4449e4
    DEFAULT_SERVER_RESTRICTABLE_PERMISSIONS = class java.security.Permission[4]
      Permission[0] = class java.lang.RuntimePermission@54522840
      Permission[1] = class java.lang.RuntimePermission@790bfba
      Permission[2] = class java.security.SecurityPermission@7e7655e2
      Permission[3] = class javax.security.auth.AuthPermission@67df723a
    DEFAULT_CLIENT_RESTRICTABLE_PERMISSIONS = class java.security.Permission[3]
      Permission[0] = class java.lang.RuntimePermission@4f340515
      Permission[1] = class java.security.SecurityPermission@5efdb7a9
      Permission[2] = class javax.security.auth.AuthPermission@46eb3951
    isServer = true
    wsjarUrlStreamHandlerAvailable = true
    restrictablePermissions = class java.util.ArrayList@1f01373d
      serialVersionUID = 8683452581122892189
      DEFAULT_CAPACITY = 10
      EMPTY_ELEMENTDATA = class java.lang.Object[0]
      DEFAULTCAPACITY_EMPTY_ELEMENTDATA = class java.lang.Object[0]
      elementData = class java.lang.Object[10]
      size = 4
      MAX_ARRAY_SIZE = 2147483639
      modCount = 4
      MAX_ARRAY_SIZE = 2147483639
    grantedPermissions = class java.util.ArrayList@4a68dbb
      serialVersionUID = 8683452581122892189
      DEFAULT_CAPACITY = 10
      EMPTY_ELEMENTDATA = class java.lang.Object[0]
      DEFAULTCAPACITY_EMPTY_ELEMENTDATA = class java.lang.Object[0]
      elementData = class java.lang.Object[10]
      size = 1
      MAX_ARRAY_SIZE = 2147483639
      modCount = 1
      MAX_ARRAY_SIZE = 2147483639
    KEY_PERMISSION = "permission"
    INCORRECT_PERMISSION_CONFIGURATION = "INCORRECT_PERMISSION_CONFIGURATION"
    PERMISSION_CLASSNOTFOUND = "PERMISSION_CLASSNOTFOUND"
    SERVER_XML = "server.xml"
    CLIENT_XML = "client.xml"
    originationFile = "server.xml"
    permissions = class com.ibm.wsspi.kernel.service.utils.ConcurrentServiceReferenceSet@77afe9e
      referenceName = "permission"
      contextRef = class java.util.concurrent.atomic.AtomicReference@1dd0eee1
      elementMap = class java.util.LinkedHashMap@3397dee9
      elementSet = class java.util.concurrent.ConcurrentSkipListSet@924dbf5
      elementSetUnsorted = false
      serialVersionUID = 756240983881166148
      $$$tc$$$ = class com.ibm.websphere.ras.TraceComponent@220b6603
    codeBasePermissionMap = class java.util.HashMap@6b6d6cfe
      serialVersionUID = 362498820763181265
      DEFAULT_INITIAL_CAPACITY = 16
      MAXIMUM_CAPACITY = 1073741824
      DEFAULT_LOAD_FACTOR = 0.75
      TREEIFY_THRESHOLD = 8
      UNTREEIFY_THRESHOLD = 6
      MIN_TREEIFY_CAPACITY = 64
      table = null
      entrySet = null
      size = 0
      modCount = 0
      threshold = 0
      loadFactor = 0.75
      keySet = class java.util.HashMap$KeySet@66c7cd2b
      values = null
    permissionXMLPermissionMap = class java.util.HashMap@7d430671
      serialVersionUID = 362498820763181265
      DEFAULT_INITIAL_CAPACITY = 16
      MAXIMUM_CAPACITY = 1073741824
      DEFAULT_LOAD_FACTOR = 0.75
      TREEIFY_THRESHOLD = 8
      UNTREEIFY_THRESHOLD = 6
      MIN_TREEIFY_CAPACITY = 64
      table = null
      entrySet = null
      size = 0
      modCount = 0
      threshold = 0
      loadFactor = 0.75
      keySet = null
      values = null
    serialVersionUID = 3514017629123673923
  permissionsConfig = null
  serialVersionUID = 5168023053972273360
  appInfo = class com.ibm.ws.container.service.app.deploy.internal.ApplicationInfoImpl@5c8beea1
    appName = "Project"
    appMetaData = class com.ibm.ws.container.service.app.deploy.internal.ApplicationMetaDataImpl@417d906d
      j2eeName = class com.ibm.ws.container.service.metadata.internal.J2EENameImpl@35808f23
      serialVersionUID = -7906531148367236579
      $$$tc$$$ = class com.ibm.websphere.ras.TraceComponent@22880ad0
      tc = class com.ibm.websphere.ras.TraceComponent@4ea4d631
      NUM_STATIC_SLOTS = 4
      ID_UNINITIALIZED = -1
      id = 5
      metaDataInterface = class java.lang.Class@487e10db
      staticSlots = class java.lang.Object[4]
      dynamicSlots = class java.lang.Object[4]
    appContainer = class com.ibm.ws.adaptable.module.internal.AdaptableContainerImpl@3be5a8ef
    configHelper = class com.ibm.ws.app.manager.module.ApplicationNestedConfigHelper@f8326e8
      appInfo = class com.ibm.ws.app.manager.internal.ApplicationInstallInfo@34ea2225
      serialVersionUID = -3174031738676705046
      $$$tc$$$ = class com.ibm.websphere.ras.TraceComponent@6aa0c258
    applicationInformation = class com.ibm.ws.app.manager.internal.ApplicationInstallInfo@34ea2225
    serialVersionUID = -505303337196743781
    $$$tc$$$ = class com.ibm.websphere.ras.TraceComponent@158fbe08
      strings[0] = "TraceComponent[com.ibm.ws.container.service.app.deploy.internal.ApplicationInfoImpl,class com.ibm.ws.container.service.app.deploy.internal.ApplicationInfoImpl,[container.service],com.ibm.ws.container.service.resources.Messages,null]"
  modulesDeployed = class java.util.ArrayList@4d1cd4af
    serialVersionUID = 8683452581122892189
    DEFAULT_CAPACITY = 10
    EMPTY_ELEMENTDATA = class java.lang.Object[0]
    DEFAULTCAPACITY_EMPTY_ELEMENTDATA = class java.lang.Object[0]
    elementData = class java.lang.Object[10]
      Object[0] = class com.ibm.ws.app.manager.module.internal.DeployedModuleInfoImpl@6864654a
      Object[1] = null
      Object[2] = null
      Object[3] = null
      Object[4] = null
      Object[5] = null
      Object[6] = null
      Object[7] = null
      Object[8] = null
      Object[9] = null
    size = 1
    MAX_ARRAY_SIZE = 2147483639
    modCount = 1
    MAX_ARRAY_SIZE = 2147483639
  starting = true
  started = false
  appInfoFactory = class com.ibm.ws.container.service.app.deploy.internal.ApplicationInfoFactoryImpl@686d5272
    j2eeNameFactory = class com.ibm.wsspi.kernel.service.utils.AtomicServiceReference@3fe22661
      referenceName = "j2eeNameFactory"
      tuple = class java.util.concurrent.atomic.AtomicReference@7ccd51d1
      serialVersionUID = 2226592364007985000
      $$$tc$$$ = class com.ibm.websphere.ras.TraceComponent@515c023a
    names = class java.util.HashSet@76e15b41
      serialVersionUID = -5024744406713321676
      map = class java.util.HashMap@4d9d9379
      PRESENT = class java.lang.Object@2018f721
      MAX_ARRAY_SIZE = 2147483639
    serialVersionUID = 7443990212682384945
    $$$tc$$$ = class com.ibm.websphere.ras.TraceComponent@3c57f1a1
      strings[0] = "TraceComponent[com.ibm.ws.container.service.app.deploy.internal.ApplicationInfoFactoryImpl,class com.ibm.ws.container.service.app.deploy.internal.ApplicationInfoFactoryImpl,[container.service],com.ibm.ws.container.service.resources.Messages,null]"
  metaDataService = class com.ibm.ws.container.service.metadata.internal.MetaDataServiceImpl@675a770e
    applicationMetaDataManager = class com.ibm.ws.container.service.metadata.internal.ApplicationMetaDataManager@16641f31
      serialVersionUID = 1843747281024490904
      $$$tc$$$ = class com.ibm.websphere.ras.TraceComponent@221365c1
      listeners = class com.ibm.wsspi.kernel.service.utils.ConcurrentServiceReferenceSet@102b2d24
      metaDataIDs = class com.ibm.ws.container.service.metadata.internal.IndexList@1d45225d
      metaDatas = class java.util.ArrayList@2dbe4daf
      slotIDs = class com.ibm.ws.container.service.metadata.internal.IndexList@7809565f
      serialVersionUID = 5464421863354792977
      $$$tc$$$ = class com.ibm.websphere.ras.TraceComponent@751099a3
    moduleMetaDataManager = class com.ibm.ws.container.service.metadata.internal.ModuleMetaDataManager@b9a9078
      serialVersionUID = 2513574389899327209
      $$$tc$$$ = class com.ibm.websphere.ras.TraceComponent@5afd42c2
      listeners = class com.ibm.wsspi.kernel.service.utils.ConcurrentServiceReferenceSet@3061a99d
      metaDataIDs = class com.ibm.ws.container.service.metadata.internal.IndexList@7a3a9a68
      metaDatas = class java.util.ArrayList@4b5e3af4
      slotIDs = class com.ibm.ws.container.service.metadata.internal.IndexList@20c08625
      serialVersionUID = 5464421863354792977
      $$$tc$$$ = class com.ibm.websphere.ras.TraceComponent@751099a3
    componentMetaDataManager = class com.ibm.ws.container.service.metadata.internal.ComponentMetaDataManager@2c0c328b
      serialVersionUID = 8629793739641703882
      $$$tc$$$ = class com.ibm.websphere.ras.TraceComponent@4179899c
      listeners = class com.ibm.wsspi.kernel.service.utils.ConcurrentServiceReferenceSet@6475183d
      metaDataIDs = class com.ibm.ws.container.service.metadata.internal.IndexList@482c6ba9
      metaDatas = class java.util.ArrayList@3cea0134
      slotIDs = class com.ibm.ws.container.service.metadata.internal.IndexList@2a3f8ca1
      serialVersionUID = 5464421863354792977
      $$$tc$$$ = class com.ibm.websphere.ras.TraceComponent@751099a3
    methodMetaDataManager = class com.ibm.ws.container.service.metadata.internal.MethodMetaDataManager@37e07b61
      serialVersionUID = -8002489041502300640
      $$$tc$$$ = class com.ibm.websphere.ras.TraceComponent@38c0832d
      listeners = class com.ibm.wsspi.kernel.service.utils.ConcurrentServiceReferenceSet@5d2411f5
      metaDataIDs = class com.ibm.ws.container.service.metadata.internal.IndexList@511bfa43
      metaDatas = class java.util.ArrayList@50ec4c08
      slotIDs = class com.ibm.ws.container.service.metadata.internal.IndexList@1cbd84c2
      serialVersionUID = 5464421863354792977
      $$$tc$$$ = class com.ibm.websphere.ras.TraceComponent@751099a3
    appModuleNameToModuleContainer = class java.util.concurrent.ConcurrentHashMap@1cb673b
      serialVersionUID = 7249069246763182397
      MAXIMUM_CAPACITY = 1073741824
      DEFAULT_CAPACITY = 16
      MAX_ARRAY_SIZE = 2147483639
      DEFAULT_CONCURRENCY_LEVEL = 16
      LOAD_FACTOR = 0.75
      TREEIFY_THRESHOLD = 8
      UNTREEIFY_THRESHOLD = 6
      MIN_TREEIFY_CAPACITY = 64
      MIN_TRANSFER_STRIDE = 16
      RESIZE_STAMP_BITS = 16
      MAX_RESIZERS = 65535
      RESIZE_STAMP_SHIFT = 16
      MOVED = -1
      TREEBIN = -2
      RESERVED = -3
      HASH_BITS = 2147483647
      NCPU = 4
      serialPersistentFields = class java.io.ObjectStreamField[3]
      table = class java.util.concurrent.ConcurrentHashMap$Node[32]
      nextTable = null
      baseCount = 11
      sizeCtl = 24
      transferIndex = 0
      cellsBusy = 0
      counterCells = null
      keySet = null
      values = null
      entrySet = null
      U = class jdk.internal.misc.Unsafe@f57db1d
      SIZECTL = 20
      TRANSFERINDEX = 32
      BASECOUNT = 24
      CELLSBUSY = 36
      CELLVALUE = 144
      ABASE = 16
      ASHIFT = 2
      keySet = null
      values = null
    jeeNameToComponentMetaData = class java.util.concurrent.ConcurrentHashMap@5e0d2e2a
      serialVersionUID = 7249069246763182397
      MAXIMUM_CAPACITY = 1073741824
      DEFAULT_CAPACITY = 16
      MAX_ARRAY_SIZE = 2147483639
      DEFAULT_CONCURRENCY_LEVEL = 16
      LOAD_FACTOR = 0.75
      TREEIFY_THRESHOLD = 8
      UNTREEIFY_THRESHOLD = 6
      MIN_TREEIFY_CAPACITY = 64
      MIN_TRANSFER_STRIDE = 16
      RESIZE_STAMP_BITS = 16
      MAX_RESIZERS = 65535
      RESIZE_STAMP_SHIFT = 16
      MOVED = -1
      TREEBIN = -2
      RESERVED = -3
      HASH_BITS = 2147483647
      NCPU = 4
      serialPersistentFields = class java.io.ObjectStreamField[3]
      table = class java.util.concurrent.ConcurrentHashMap$Node[32]
      nextTable = null
      baseCount = 20
      sizeCtl = 24
      transferIndex = 0
      cellsBusy = 0
      counterCells = null
      keySet = null
      values = null
      entrySet = null
      U = class jdk.internal.misc.Unsafe@f57db1d
      SIZECTL = 20
      TRANSFERINDEX = 32
      BASECOUNT = 24
      CELLSBUSY = 36
      CELLVALUE = 144
      ABASE = 16
      ASHIFT = 2
      keySet = null
      values = null
    deferredMetaDataFactories = class com.ibm.wsspi.kernel.service.utils.ConcurrentServiceReferenceSet@1358c70a
      referenceName = "deferredMetaDataFactory"
      contextRef = class java.util.concurrent.atomic.AtomicReference@250ff454
      elementMap = class java.util.LinkedHashMap@71d5ac23
      elementSet = class java.util.concurrent.ConcurrentSkipListSet@16136e02
      elementSetUnsorted = false
      serialVersionUID = 756240983881166148
      $$$tc$$$ = class com.ibm.websphere.ras.TraceComponent@220b6603
    deferredMetaDataInitializers = class com.ibm.wsspi.kernel.service.utils.ConcurrentServiceReferenceMap@27d78d73
      referenceName = "deferredMetaDataFactory"
      context = class org.apache.felix.scr.impl.manager.ComponentContextImpl@2192d85f
      elementMap = class java.util.concurrent.ConcurrentHashMap@771e1248
      serialVersionUID = 6980924785166233786
      $$$tc$$$ = class com.ibm.websphere.ras.TraceComponent@56d123a1
    serialVersionUID = -2494605732980966097
    $$$tc$$$ = class com.ibm.websphere.ras.TraceComponent@4f6316e6
      strings[0] = "TraceComponent[com.ibm.ws.container.service.metadata.internal.MetaDataServiceImpl,class com.ibm.ws.container.service.metadata.internal.MetaDataServiceImpl,[Runtime],,null]"
  stateChangeService = class com.ibm.ws.container.service.state.internal.StateChangeServiceImpl@5007877f
    applicationStateManager = class com.ibm.ws.container.service.state.internal.ApplicationStateManager@20965282
      serialVersionUID = -6685368059484454124
      $$$tc$$$ = class com.ibm.websphere.ras.TraceComponent@674f254
      listeners = class com.ibm.wsspi.kernel.service.utils.ConcurrentServiceReferenceSet@422d7a65
      serialVersionUID = 2284273176985484160
      $$$tc$$$ = class com.ibm.websphere.ras.TraceComponent@3901b2da
    moduleStateManager = class com.ibm.ws.container.service.state.internal.ModuleStateManager@1dec9bde
      serialVersionUID = -5540260902341249963
      $$$tc$$$ = class com.ibm.websphere.ras.TraceComponent@732d171a
      listeners = class com.ibm.wsspi.kernel.service.utils.ConcurrentServiceReferenceSet@5f9f2f8e
      serialVersionUID = 2284273176985484160
      $$$tc$$$ = class com.ibm.websphere.ras.TraceComponent@3901b2da
    serialVersionUID = -537917915330350560
    $$$tc$$$ = class com.ibm.websphere.ras.TraceComponent@47f152b9
      strings[0] = "TraceComponent[com.ibm.ws.container.service.state.internal.StateChangeServiceImpl,class com.ibm.ws.container.service.state.internal.StateChangeServiceImpl,[Runtime],,null]"
  moduleClassesInfo = class com.ibm.ws.app.manager.module.internal.SimpleDeployedAppInfoBase$ModuleClassesInfoProvider@389772d2
    entryContainerInfosMap = class java.util.HashMap@1a19c997
      serialVersionUID = 362498820763181265
      DEFAULT_INITIAL_CAPACITY = 16
      MAXIMUM_CAPACITY = 1073741824
      DEFAULT_LOAD_FACTOR = 0.75
      TREEIFY_THRESHOLD = 8
      UNTREEIFY_THRESHOLD = 6
      MIN_TREEIFY_CAPACITY = 64
      table = null
      entrySet = null
      size = 0
      modCount = 0
      threshold = 0
      loadFactor = 0.75
      keySet = null
      values = null
    serialVersionUID = -70332790531324534
    $$$tc$$$ = class com.ibm.websphere.ras.TraceComponent@26de3422
      strings[0] = "TraceComponent[com.ibm.ws.app.manager.module.internal.SimpleDeployedAppInfoBase$ModuleClassesInfoProvider,class com.ibm.ws.app.manager.module.internal.SimpleDeployedAppInfoBase$ModuleClassesInfoProvider,[applications, app.manager],,null]"
  moduleContainerInfos = class java.util.ArrayList@130560c3
    serialVersionUID = 8683452581122892189
    DEFAULT_CAPACITY = 10
    EMPTY_ELEMENTDATA = class java.lang.Object[0]
    DEFAULTCAPACITY_EMPTY_ELEMENTDATA = class java.lang.Object[0]
    elementData = class java.lang.Object[10]
      Object[0] = class com.ibm.ws.app.manager.module.internal.SimpleDeployedAppInfoBase$WebModuleContainerInfo@7d8c1a8f
      Object[1] = null
      Object[2] = null
      Object[3] = null
      Object[4] = null
      Object[5] = null
      Object[6] = null
      Object[7] = null
      Object[8] = null
      Object[9] = null
    size = 1
    MAX_ARRAY_SIZE = 2147483639
    modCount = 1
    MAX_ARRAY_SIZE = 2147483639
  activeModuleHandlers = class java.util.IdentityHashMap@11f95e13
    DEFAULT_CAPACITY = 32
    MINIMUM_CAPACITY = 4
    MAXIMUM_CAPACITY = 536870912
    table = class java.lang.Object[16]
      Object[0] = null
      Object[1] = null
      Object[2] = null
      Object[3] = null
      Object[4] = null
      Object[5] = null
      Object[6] = null
      Object[7] = null
      Object[8] = null
      Object[9] = null
      Object[10] = null
      Object[11] = null
      Object[12] = null
      Object[13] = null
      Object[14] = null
      Object[15] = null
    size = 0
    modCount = 2
    NULL_KEY = class java.lang.Object@1c50267b
    entrySet = null
    serialVersionUID = 8188218128353913216
    keySet = null
    values = null
  serialVersionUID = 7078125893012250887
  $$$tc$$$ = class com.ibm.websphere.ras.TraceComponent@7277609c
    strings[0] = "TraceComponent[com.ibm.ws.app.manager.module.internal.SimpleDeployedAppInfoBase,class com.ibm.ws.app.manager.module.internal.SimpleDeployedAppInfoBase,[applications, app.manager],,null]"

Dump of objectArray[0]
Object type = com.ibm.ws.threading.internal.NonCancelableResultFuture
  _done = false
  _result = null
  _failure = null
  _listeners = class java.util.concurrent.ConcurrentLinkedQueue@5ccdfb8e
    serialVersionUID = 196745693267521676
    head = class java.util.concurrent.ConcurrentLinkedQueue$Node@771a6d1f
      item = null
      next = null
    tail = class java.util.concurrent.ConcurrentLinkedQueue$Node@771a6d1f
    MAX_HOPS = 8
    HEAD = class java.lang.invoke.VarHandleReferences$FieldInstanceReadWrite@66521e09
      FORM = class java.lang.invoke.VarForm@49504463
      fieldOffset = 12
      receiverType = class java.lang.Class@22a71081
      fieldType = class java.lang.Class@3930015a
      FORM = class java.lang.invoke.VarForm@7fff9330
      vform = class java.lang.invoke.VarForm@49504463
      typesAndInvokers = null
      AIOOBE_SUPPLIER = class jdk.internal.util.Preconditions$1@250dc59f
      VFORM_OFFSET = 12
      $assertionsDisabled = true
    TAIL = class java.lang.invoke.VarHandleReferences$FieldInstanceReadWrite@53e8b39d
      FORM = class java.lang.invoke.VarForm@49504463
      fieldOffset = 16
      receiverType = class java.lang.Class@22a71081
      fieldType = class java.lang.Class@3930015a
      FORM = class java.lang.invoke.VarForm@7fff9330
      vform = class java.lang.invoke.VarForm@49504463
      typesAndInvokers = null
      AIOOBE_SUPPLIER = class jdk.internal.util.Preconditions$1@250dc59f
      VFORM_OFFSET = 12
      $assertionsDisabled = true
    ITEM = class java.lang.invoke.VarHandleReferences$FieldInstanceReadWrite@41f59e18
      FORM = class java.lang.invoke.VarForm@49504463
      fieldOffset = 12
      receiverType = class java.lang.Class@3930015a
      fieldType = class java.lang.Class@4e25154f
      FORM = class java.lang.invoke.VarForm@7fff9330
      vform = class java.lang.invoke.VarForm@49504463
      typesAndInvokers = null
      AIOOBE_SUPPLIER = class jdk.internal.util.Preconditions$1@250dc59f
      VFORM_OFFSET = 12
      $assertionsDisabled = true
    NEXT = class java.lang.invoke.VarHandleReferences$FieldInstanceReadWrite@402e2262
      FORM = class java.lang.invoke.VarForm@49504463
      fieldOffset = 16
      receiverType = class java.lang.Class@3930015a
      fieldType = class java.lang.Class@3930015a
      FORM = class java.lang.invoke.VarForm@7fff9330
      vform = class java.lang.invoke.VarForm@49504463
      typesAndInvokers = null
      AIOOBE_SUPPLIER = class jdk.internal.util.Preconditions$1@250dc59f
      VFORM_OFFSET = 12
      $assertionsDisabled = true
    MAX_ARRAY_SIZE = 2147483639
  _notifiedListeners = class java.util.concurrent.atomic.AtomicBoolean@32087041
    serialVersionUID = 4654671469794556979
    VALUE = class java.lang.invoke.VarHandleInts$FieldInstanceReadWrite@252fb925
      FORM = class java.lang.invoke.VarForm@39c9622c
      fieldOffset = 12
      receiverType = class java.lang.Class@543c6f6d
      FORM = class java.lang.invoke.VarForm@538e8528
      vform = class java.lang.invoke.VarForm@39c9622c
      typesAndInvokers = null
      AIOOBE_SUPPLIER = class jdk.internal.util.Preconditions$1@250dc59f
      VFORM_OFFSET = 12
      $assertionsDisabled = true
    value = 0
  serialVersionUID = -296387658814354272
  $$$tc$$$ = class com.ibm.websphere.ras.TraceComponent@7ff18ba4
    strings[0] = "TraceComponent[com.ibm.ws.threading.internal.NonCancelableResultFuture,class com.ibm.ws.threading.internal.NonCancelableResultFuture,[Threading],com.ibm.ws.threading.internal.resources.ThreadingMessages,null]"

