------Start of DE processing------ = [28/05/19 13:11:14:166 PET]
Exception = org.jboss.weld.exceptions.DeploymentException
Source = com.ibm.ws.container.service.state.internal.ApplicationStateManager
probeid = 31
Stack Dump = org.jboss.weld.exceptions.DeploymentException: WELD-001408: Unsatisfied dependencies for type RegisteredService with qualifiers @Default
  at injection point [BackedAnnotatedField] @Inject private view.registered.RegisteredList.service
  at view.registered.RegisteredList.service(RegisteredList.java:0)

	at org.jboss.weld.bootstrap.Validator.validateInjectionPointForDeploymentProblems(Validator.java:378)
	at org.jboss.weld.bootstrap.Validator.validateInjectionPoint(Validator.java:290)
	at org.jboss.weld.bootstrap.Validator.validateGeneralBean(Validator.java:143)
	at org.jboss.weld.bootstrap.Validator.validateRIBean(Validator.java:164)
	at org.jboss.weld.bootstrap.Validator.validateBean(Validator.java:526)
	at org.jboss.weld.bootstrap.ConcurrentValidator$1.doWork(ConcurrentValidator.java:64)
	at org.jboss.weld.bootstrap.ConcurrentValidator$1.doWork(ConcurrentValidator.java:62)
	at org.jboss.weld.executor.IterativeWorkerTaskFactory$1.call(IterativeWorkerTaskFactory.java:62)
	at org.jboss.weld.executor.IterativeWorkerTaskFactory$1.call(IterativeWorkerTaskFactory.java:55)
	at com.ibm.ws.threading.internal.PolicyTaskFutureImpl.run(PolicyTaskFutureImpl.java:724)
	at com.ibm.ws.threading.internal.PolicyExecutorImpl.runTask(PolicyExecutorImpl.java:1134)
	at com.ibm.ws.threading.internal.PolicyExecutorImpl$GlobalPoolTask.run(PolicyExecutorImpl.java:188)
	at java.base/java.util.concurrent.ThreadPoolExecutor.runWorker(ThreadPoolExecutor.java:1128)
	at java.base/java.util.concurrent.ThreadPoolExecutor$Worker.run(ThreadPoolExecutor.java:628)
	at java.base/java.lang.Thread.run(Thread.java:835)

Dump of callerThis
Object type = com.ibm.ws.container.service.state.internal.ApplicationStateManager
  serialVersionUID = -6685368059484454124
  $$$tc$$$ = class com.ibm.websphere.ras.TraceComponent@674f254
    strings[0] = "TraceComponent[com.ibm.ws.container.service.state.internal.ApplicationStateManager,class com.ibm.ws.container.service.state.internal.ApplicationStateManager,[Runtime],,null]"
  listeners = class com.ibm.wsspi.kernel.service.utils.ConcurrentServiceReferenceSet@422d7a65
    referenceName = "applicationStateListeners"
    contextRef = class java.util.concurrent.atomic.AtomicReference@628c9937
      serialVersionUID = -1848883965231344442
      VALUE = class java.lang.invoke.VarHandleReferences$FieldInstanceReadWrite@2849cde5
      value = class org.apache.felix.scr.impl.manager.ComponentContextImpl@4ad40c09
    elementMap = class java.util.LinkedHashMap@d925623
      serialVersionUID = 3801124242820219131
      head = class java.util.LinkedHashMap$Entry@3265be2e
      tail = class java.util.LinkedHashMap$Entry@2d59c50f
      accessOrder = false
      serialVersionUID = 362498820763181265
      DEFAULT_INITIAL_CAPACITY = 16
      MAXIMUM_CAPACITY = 1073741824
      DEFAULT_LOAD_FACTOR = 0.75
      TREEIFY_THRESHOLD = 8
      UNTREEIFY_THRESHOLD = 6
      MIN_TREEIFY_CAPACITY = 64
      table = class java.util.HashMap$Node[32]
      entrySet = null
      size = 13
      modCount = 15
      threshold = 24
      loadFactor = 0.75
      keySet = null
      values = null
    elementSet = class java.util.concurrent.ConcurrentSkipListSet@1d716325
      serialVersionUID = -2479143111061671589
      m = class java.util.concurrent.ConcurrentSkipListMap@39d4b8eb
      MAX_ARRAY_SIZE = 2147483639
    elementSetUnsorted = false
    serialVersionUID = 756240983881166148
    $$$tc$$$ = class com.ibm.websphere.ras.TraceComponent@220b6603
      strings[0] = "TraceComponent[com.ibm.wsspi.kernel.service.utils.ConcurrentServiceReferenceSet,class com.ibm.wsspi.kernel.service.utils.ConcurrentServiceReferenceSet,[kernelUtils],com.ibm.ws.kernel.service.utils.resources.ServiceMessages,null]"
  serialVersionUID = 2284273176985484160
  $$$tc$$$ = class com.ibm.websphere.ras.TraceComponent@3901b2da
    strings[0] = "TraceComponent[com.ibm.ws.container.service.state.internal.StateChangeManager,class com.ibm.ws.container.service.state.internal.StateChangeManager,[Runtime],,null]"

Dump of objectArray[0]
Object type = com.ibm.ws.container.service.app.deploy.internal.ApplicationInfoImpl
  appName = "Project"
  appMetaData = class com.ibm.ws.container.service.app.deploy.internal.ApplicationMetaDataImpl@1dcffd1b
    j2eeName = class com.ibm.ws.container.service.metadata.internal.J2EENameImpl@7df3d08f
      serialVersionUID = 7488184044073147667
      application = "Project"
      module = null
      component = null
      string = "Project"
      j2eeNameBytes = null
      $$$tc$$$ = class com.ibm.websphere.ras.TraceComponent@38cf89ef
    serialVersionUID = -7906531148367236579
    $$$tc$$$ = class com.ibm.websphere.ras.TraceComponent@22880ad0
      strings[0] = "TraceComponent[com.ibm.ws.container.service.app.deploy.internal.ApplicationMetaDataImpl,class com.ibm.ws.container.service.app.deploy.internal.ApplicationMetaDataImpl,[container.service],com.ibm.ws.container.service.resources.Messages,null]"
    tc = class com.ibm.websphere.ras.TraceComponent@4ea4d631
      strings[0] = "TraceComponent[com.ibm.ws.runtime.metadata.MetaDataImpl,class com.ibm.ws.runtime.metadata.MetaDataImpl,[Runtime],null,null]"
    NUM_STATIC_SLOTS = 4
    ID_UNINITIALIZED = -1
    id = 5
    metaDataInterface = class java.lang.Class@487e10db
      ANNOTATION = 8192
      ENUM = 16384
      SYNTHETIC = 4096
      cachedConstructor = null
      name = "com.ibm.ws.runtime.metadata.ApplicationMetaData"
      module = class java.lang.Module@7f3071d8
      packageName = "com.ibm.ws.runtime.metadata"
      componentType = {} /* array length = 0 */
      allPermDomain = class java.security.ProtectionDomain@d98fce5
      reflectionData = null
      classRedefinedCount = 0
      genericInfo = null
      EMPTY_CLASS_ARRAY = class java.lang.Class[0]
      serialVersionUID = 3206093459760846163
      serialPersistentFields = class java.io.ObjectStreamField[0]
      reflectionFactory = class jdk.internal.reflect.ReflectionFactory@58ea8b78
      enumConstants = null
      enumConstantDirectory = null
      annotationData = null
      annotationType = null
      classValueMap = null
    staticSlots = class java.lang.Object[4]
      Object[0] = null
      Object[1] = class com.ibm.ws.injectionengine.osgi.internal.OSGiInjectionScopeData@2727a42b
      Object[2] = null
      Object[3] = null
    dynamicSlots = class java.lang.Object[4]
      Object[0] = null
      Object[1] = class com.ibm.ws.cdi.impl.weld.WebSphereCDIDeploymentImpl@3936e83c
      Object[2] = "Project"
      Object[3] = null
  appContainer = class com.ibm.ws.adaptable.module.internal.AdaptableContainerImpl@654aef42
    root = class com.ibm.ws.adaptable.module.internal.AdaptableContainerImpl@654aef42
    rootOverlay = class com.ibm.ws.artifact.overlay.internal.DirectoryBasedOverlayContainerImpl@20d32fbd
      base = class com.ibm.ws.artifact.loose.internal.LooseArchive@3b76ab68
      maskSet = class java.util.HashSet@1c423e34
      cfHolder = class com.ibm.ws.artifact.overlay.internal.OverlayContainerFactoryImpl@12cd876e
      fileOverlayContainer = class com.ibm.ws.artifact.file.internal.FileContainer@55419147
      overlayDirectory = class java.io.File@2763f0e9
      cacheDirForOverlay = class java.io.File@29402286
      overlayNotifier = class com.ibm.ws.artifact.overlay.internal.DirectoryBasedOverlayNotifier@393e1e8d
      enclosingContainer = null
      entryInEnclosingContainer = null
      nestedOverlays = class java.util.concurrent.ConcurrentHashMap@247e1a04
      cacheStore = class com.ibm.ws.artifact.overlay.internal.OverlayCache@7dec7c65
      parentOverlay = null
      isPassThroughMode = true
      serialVersionUID = -1690795617118238166
      $$$tc$$$ = class com.ibm.websphere.ras.TraceComponent@4756153
    factoryHolder = class com.ibm.ws.adaptable.module.internal.AdaptableModuleFactoryImpl@5aa7ddba
      adapterFactoryService = class com.ibm.ws.adaptable.module.internal.AdapterFactoryServiceImpl@1bc780db
      containerFactory = class com.ibm.ws.artifact.internal.ArtifactContainerFactoryService@4c5729c2
      overlayContainerFactory = class com.ibm.ws.artifact.overlay.internal.OverlayContainerFactoryImpl@12cd876e
      serialVersionUID = 4200251809856292987
      $$$tc$$$ = class com.ibm.websphere.ras.TraceComponent@4baa5f07
    delegate = class com.ibm.ws.artifact.overlay.internal.DirectoryBasedOverlayContainerImpl@20d32fbd
    notifier = class com.ibm.ws.adaptable.module.internal.NotifierImpl@43c7e480
      root = class com.ibm.ws.adaptable.module.internal.AdaptableContainerImpl@654aef42
      delegateNotifier = class com.ibm.ws.artifact.overlay.internal.DirectoryBasedOverlayNotifier@393e1e8d
      delegateRoot = class com.ibm.ws.artifact.overlay.internal.DirectoryBasedOverlayContainerImpl@20d32fbd
      listenerDelegates = class java.util.HashMap@184d53bd
      serialVersionUID = 6839382523957017880
      $$$tc$$$ = class com.ibm.websphere.ras.TraceComponent@70c36394
    serialVersionUID = -5621513278641113667
    $$$tc$$$ = class com.ibm.websphere.ras.TraceComponent@114c22db
      strings[0] = "TraceComponent[com.ibm.ws.adaptable.module.internal.AdaptableContainerImpl,class com.ibm.ws.adaptable.module.internal.AdaptableContainerImpl,[archive.adaptable],,null]"
  configHelper = class com.ibm.ws.app.manager.module.ApplicationNestedConfigHelper@4719bf15
    appInfo = class com.ibm.ws.app.manager.internal.ApplicationInstallInfo@7889a643
    serialVersionUID = -3174031738676705046
    $$$tc$$$ = class com.ibm.websphere.ras.TraceComponent@6aa0c258
      strings[0] = "TraceComponent[com.ibm.ws.app.manager.module.ApplicationNestedConfigHelper,class com.ibm.ws.app.manager.module.ApplicationNestedConfigHelper,[applications, app.manager],,null]"
  applicationInformation = class com.ibm.ws.app.manager.internal.ApplicationInstallInfo@7889a643
    _config = class com.ibm.ws.app.manager.internal.ApplicationConfig@5a89925a
      tc = class com.ibm.websphere.ras.TraceComponent@5a88f578
      _configPid = "com.ibm.ws.app.manager_97"
      _config = class com.ibm.ws.config.admin.ConfigurationDictionary@423ab4c4
      _applicationManager = class com.ibm.ws.app.manager.ApplicationManager@31bdd818
      _location = "Project.war"
      _type = "war"
      _name = "Project"
      _notificationBroadcasterSupport = class javax.management.NotificationBroadcasterSupport@6910ea5d
      ONE_TIME_JANDEX_MSGS_DISPLAYED = true
    _handlerInfo = class java.util.concurrent.atomic.AtomicReference@6a301742
      serialVersionUID = -1848883965231344442
      VALUE = class java.lang.invoke.VarHandleReferences$FieldInstanceReadWrite@2849cde5
      value = class com.ibm.ws.app.manager.war.internal.WARDeployedAppInfo@6d4c71ab
    _container = class java.util.concurrent.atomic.AtomicReference@16d6e08f
      serialVersionUID = -1848883965231344442
      VALUE = class java.lang.invoke.VarHandleReferences$FieldInstanceReadWrite@2849cde5
      value = class com.ibm.ws.adaptable.module.internal.AdaptableContainerImpl@654aef42
    _resolvedLocation = class java.util.concurrent.atomic.AtomicReference@2f418b2f
      serialVersionUID = -1848883965231344442
      VALUE = class java.lang.invoke.VarHandleReferences$FieldInstanceReadWrite@2849cde5
      value = class com.ibm.ws.kernel.service.location.internal.LocalFileResource@45b02f89
    _handler = class com.ibm.ws.app.manager.war.internal.WARApplicationHandlerImpl@222647dc
      futureMonitor = class com.ibm.ws.threading.internal.FutureMonitorImpl@45a27676
      deployedAppFactory = class com.ibm.ws.app.manager.war.internal.WARDeployedAppInfoFactoryImpl@756bce29
      serialVersionUID = 4622845147410944782
      $$$tc$$$ = class com.ibm.websphere.ras.TraceComponent@554c3aa
    _ami = class java.util.concurrent.atomic.AtomicReference@535e89a3
      serialVersionUID = -1848883965231344442
      VALUE = class java.lang.invoke.VarHandleReferences$FieldInstanceReadWrite@2849cde5
      value = class com.ibm.wsspi.application.handler.DefaultApplicationMonitoringInformation@63af1b21
    _updateHandler = class com.ibm.ws.app.manager.internal.statemachine.ApplicationStateMachineImpl@34ef6424
      _tc = class com.ibm.websphere.ras.TraceComponent@4f26e659
      EMPTY_FUTURE_ARRAY = interface java.util.concurrent.Future[0]
      asmSequenceNumber = class java.util.concurrent.atomic.AtomicLong@48622f1e
      _qscaCounter = class java.util.concurrent.atomic.AtomicInteger@6b478522
      _failedThrowable = class com.ibm.ws.container.service.state.StateChangeException@51f5d4b2
      _interruptibleLock = class com.ibm.ws.app.manager.internal.statemachine.ApplicationStateMachineImpl$2@2446022a
      _interruptible = false
      _performingQueuedActions = true
      _queuedActions = class java.util.concurrent.ConcurrentLinkedQueue@287bec91
      _callbackState = class java.util.concurrent.atomic.AtomicReference@71382c5f
      blockAppStartingFutures = class java.util.Collections$SetFromMap@2601d9cf
      waitingForAppHandlerFuture = class java.util.concurrent.atomic.AtomicReference@32c2d877
      waitingForExplicitStartFuture = class java.util.concurrent.atomic.AtomicReference@452ab5da
      completionListener = class java.util.concurrent.atomic.AtomicReference@75c033f4
      _notifyAppStopped = class java.util.concurrent.ConcurrentLinkedQueue@5d274322
      _notifyAppStarting = class java.util.concurrent.ConcurrentLinkedQueue@79823991
      _notifyAppInstallCalled = class java.util.concurrent.ConcurrentLinkedQueue@6916d71e
      _notifyAppStarted = class java.util.concurrent.ConcurrentLinkedQueue@1dbd165b
      _notifyAppRemoved = class java.util.concurrent.ConcurrentLinkedQueue@7a64689d
      _stateLock = class com.ibm.ws.app.manager.internal.statemachine.ApplicationStateMachineImpl$3@124298f1
      _internalState = class java.util.concurrent.atomic.AtomicReference@4d331380
      _currentAction = class java.util.concurrent.atomic.AtomicReference@3849cbb3
      _rfa = class java.util.concurrent.atomic.AtomicReference@61307ca7
      _appInstallInfo = class java.util.concurrent.atomic.AtomicReference@67b3f560
      _update = class java.util.concurrent.atomic.AtomicBoolean@32495505
      _appConfig = class java.util.concurrent.atomic.AtomicReference@44ab04ac
      _nextAppConfig = class java.util.concurrent.atomic.AtomicReference@261c9dda
      _appContainer = class java.util.concurrent.atomic.AtomicReference@5e7c748c
      _resolvedLocation = class java.util.concurrent.atomic.AtomicReference@2665e33b
      _handler = class java.util.concurrent.atomic.AtomicReference@3af71d3f
      _asmSeqNo = 5
      _ctx = class org.eclipse.osgi.internal.framework.BundleContextImpl@42fc13a6
      _locAdmin = class com.ibm.ws.kernel.service.location.internal.WsLocationAdminImpl@78c7b5f6
      _futureMonitor = class com.ibm.ws.threading.internal.FutureMonitorImpl@45a27676
      _artifactFactory = class com.ibm.ws.artifact.internal.ArtifactContainerFactoryService@4c5729c2
      _moduleFactory = class com.ibm.ws.adaptable.module.internal.AdaptableModuleFactoryImpl@5aa7ddba
      _executorService = class com.ibm.ws.threading.internal.ExecutorServiceImpl@4e4bdb92
      _scheduledExecutorService = class com.ibm.ws.threading.internal.ScheduledExecutorImpl@b66bfa8
      _asmHelper = class com.ibm.ws.app.manager.internal.ApplicationConfigurator$NamedApplication@5da16974
      _appMonitor = class com.ibm.ws.app.manager.internal.monitor.ApplicationMonitor@284d523b
      enterStateCalled = class java.util.concurrent.atomic.AtomicBoolean@38ca8beb
      serialVersionUID = 6511956370079301927
      serialVersionUID = 5501066335104962649
      $$$tc$$$ = class com.ibm.websphere.ras.TraceComponent@6707e5a5
    serialVersionUID = 2630639237123415755
    $$$tc$$$ = class com.ibm.websphere.ras.TraceComponent@7de2ee84
      strings[0] = "TraceComponent[com.ibm.ws.app.manager.internal.ApplicationInstallInfo,class com.ibm.ws.app.manager.internal.ApplicationInstallInfo,[applications, app.manager],com.ibm.ws.app.manager.internal.resources.AppManagerMessages,null]"
  serialVersionUID = -505303337196743781
  $$$tc$$$ = class com.ibm.websphere.ras.TraceComponent@158fbe08
    strings[0] = "TraceComponent[com.ibm.ws.container.service.app.deploy.internal.ApplicationInfoImpl,class com.ibm.ws.container.service.app.deploy.internal.ApplicationInfoImpl,[container.service],com.ibm.ws.container.service.resources.Messages,null]"

