------Start of DE processing------ = [29/06/19 19:59:13:451 COT]
Exception = com.ibm.ejs.container.EJBConfigurationException
Source = com.ibm.ws.ejbcontainer.osgi.internal.ModuleInitDataAdapter
probeid = 123
Stack Dump = com.ibm.ejs.container.EJBConfigurationException: Errors occurred processing EJB metadata
	at com.ibm.ws.ejbcontainer.osgi.internal.ModuleInitDataFactory.createModuleInitData(ModuleInitDataFactory.java:536)
	at com.ibm.ws.ejbcontainer.osgi.internal.ModuleInitDataAdapter.createModuleInitData(ModuleInitDataAdapter.java:145)
	at com.ibm.ws.ejbcontainer.osgi.internal.ModuleInitDataAdapter.adapt(ModuleInitDataAdapter.java:108)
	at com.ibm.ws.ejbcontainer.osgi.internal.ModuleInitDataAdapter.adapt(ModuleInitDataAdapter.java:40)
	at com.ibm.ws.adaptable.module.internal.AdapterFactoryServiceImpl.adapt(AdapterFactoryServiceImpl.java:196)
	at com.ibm.ws.adaptable.module.internal.AdaptableContainerImpl.adapt(AdaptableContainerImpl.java:170)
	at com.ibm.ws.ejbcontainer.osgi.internal.EJBContainerImpl.createEJBInWARModuleMetaData(EJBContainerImpl.java:143)
	at com.ibm.ws.ejbcontainer.war.internal.EJBWARMetaDataRuntime.createdNestedModuleMetaData(EJBWARMetaDataRuntime.java:63)
	at com.ibm.ws.app.manager.module.internal.SimpleDeployedAppInfoBase$ModuleContainerInfoBase.createModuleMetaData(SimpleDeployedAppInfoBase.java:173)
	at com.ibm.ws.app.manager.module.internal.DeployedAppInfoBase.preDeployApp(DeployedAppInfoBase.java:369)
	at com.ibm.ws.app.manager.module.internal.DeployedAppInfoBase.deployApp(DeployedAppInfoBase.java:413)
	at com.ibm.ws.app.manager.war.internal.WARApplicationHandlerImpl.install(WARApplicationHandlerImpl.java:65)
	at com.ibm.ws.app.manager.internal.statemachine.StartAction.execute(StartAction.java:140)
	at com.ibm.ws.app.manager.internal.statemachine.ApplicationStateMachineImpl.enterState(ApplicationStateMachineImpl.java:1261)
	at com.ibm.ws.app.manager.internal.statemachine.ApplicationStateMachineImpl.run(ApplicationStateMachineImpl.java:876)
	at com.ibm.ws.threading.internal.ExecutorServiceImpl$RunnableWrapper.run(ExecutorServiceImpl.java:239)
	at java.util.concurrent.ThreadPoolExecutor.runWorker(Unknown Source)
	at java.util.concurrent.ThreadPoolExecutor$Worker.run(Unknown Source)
	at java.lang.Thread.run(Unknown Source)

Dump of callerThis
Object type = com.ibm.ws.ejbcontainer.osgi.internal.ModuleInitDataAdapter
  NON_PERSISTENT_CACHE_KEY = class java.lang.Class@62bd5618
    ANNOTATION = 8192
    ENUM = 16384
    SYNTHETIC = 4096
    cachedConstructor = null
    newInstanceCallerCache = null
    name = "com.ibm.ws.ejbcontainer.osgi.internal.ModuleInitDataImpl"
    allPermDomain = class java.security.ProtectionDomain@490095c3
      codesource = null
      classloader = null
      principals = interface java.security.Principal[0]
      permissions = class java.security.Permissions@7a36052
      hasAllPerm = true
      staticPermissions = true
      key = class java.security.ProtectionDomain$Key@25521b27
      debug = null
    useCaches = true
    reflectionData = null
    classRedefinedCount = 0
    genericInfo = null
    serialVersionUID = 3206093459760846163
    serialPersistentFields = class java.io.ObjectStreamField[0]
    reflectionFactory = class sun.reflect.ReflectionFactory@3fcfb9f
      initted = true
      reflectionFactoryAccessPerm = class java.lang.RuntimePermission@77830f60
      soleInstance = class sun.reflect.ReflectionFactory@3fcfb9f
      langReflectAccess = class java.lang.reflect.ReflectAccess@6b3e4032
      hasStaticInitializerMethod = null
      noInflation = false
      inflationThreshold = 15
    initted = true
    enumConstants = null
    enumConstantDirectory = null
    annotationData = class java.lang.Class$AnnotationData@2b4ba159
      annotations = class java.util.LinkedHashMap@7a6937ae
      declaredAnnotations = class java.util.LinkedHashMap@7a6937ae
      redefinedCount = 0
    annotationType = null
    classValueMap = null
  REFERENCE_CLASS_LOADING_SERVICE = "classLoadingService"
  REFERENCE_MODULE_INIT_DATA_FACTORY = "moduleInitDataFactory"
  classLoadingServiceSR = class com.ibm.wsspi.kernel.service.utils.AtomicServiceReference@1d175059
    referenceName = "classLoadingService"
    tuple = class java.util.concurrent.atomic.AtomicReference@8d8f588
      serialVersionUID = -1848883965231344442
      unsafe = class sun.misc.Unsafe@7e6fdca3
      valueOffset = 12
      value = class com.ibm.wsspi.kernel.service.utils.AtomicServiceReference$ReferenceTuple@3f1844ae
    serialVersionUID = 2226592364007985000
    $$$tc$$$ = class com.ibm.websphere.ras.TraceComponent@2609ab0f
  moduleInitDataFactorySR = class com.ibm.wsspi.kernel.service.utils.AtomicServiceReference@48751e1f
    referenceName = "moduleInitDataFactory"
    tuple = class java.util.concurrent.atomic.AtomicReference@6c9cdb87
      serialVersionUID = -1848883965231344442
      unsafe = class sun.misc.Unsafe@7e6fdca3
      valueOffset = 12
      value = class com.ibm.wsspi.kernel.service.utils.AtomicServiceReference$ReferenceTuple@5e00f551
    serialVersionUID = 2226592364007985000
    $$$tc$$$ = class com.ibm.websphere.ras.TraceComponent@2609ab0f
      strings[0] = "TraceComponent[com.ibm.wsspi.kernel.service.utils.AtomicServiceReference,class com.ibm.wsspi.kernel.service.utils.AtomicServiceReference,[kernelUtils],com.ibm.ws.kernel.service.utils.resources.ServiceMessages,null]"
  serialVersionUID = 4116129011515003371
  $$$tc$$$ = class com.ibm.websphere.ras.TraceComponent@16b5f5a2
    strings[0] = "TraceComponent[com.ibm.ws.ejbcontainer.osgi.internal.ModuleInitDataAdapter,class com.ibm.ws.ejbcontainer.osgi.internal.ModuleInitDataAdapter,[EJBContainer],com.ibm.ws.ejbcontainer.osgi.internal.resources.EJBContainerMessages,null]"

Dump of objectArray[0]
Object type = com.ibm.ws.adaptable.module.internal.AdaptableContainerImpl
  root = class com.ibm.ws.adaptable.module.internal.AdaptableContainerImpl@4a50ee4c
  rootOverlay = class com.ibm.ws.artifact.overlay.internal.DirectoryBasedOverlayContainerImpl@c7eea6d
    base = class com.ibm.ws.artifact.loose.internal.LooseArchive@10999b25
      cacheDir = class java.io.File@49c76c2b
      xmlFile = class java.io.File@384affb3
      parent = null
      cfh = class com.ibm.ws.artifact.loose.internal.LooseContainerFactoryHelper@2aa02289
      pathInParent = null
      _entries = class java.util.ArrayList@2a500fa7
      tc = class com.ibm.websphere.ras.TraceComponent@7be0506c
      artifactNotifier = class com.ibm.ws.artifact.loose.internal.LooseArtifactNotifier@588488f2
      serialVersionUID = 345486831272892625
    maskSet = class java.util.HashSet@6842066
      serialVersionUID = -5024744406713321676
      map = class java.util.HashMap@73ea0b9d
      PRESENT = class java.lang.Object@6c8e450a
      MAX_ARRAY_SIZE = 2147483639
    cfHolder = class com.ibm.ws.artifact.overlay.internal.OverlayContainerFactoryImpl@aa5700b
      containerFactory = class com.ibm.ws.artifact.internal.ArtifactContainerFactoryService@46555b37
      serialVersionUID = 6296466117843221178
      $$$tc$$$ = class com.ibm.websphere.ras.TraceComponent@7280b8d3
    fileOverlayContainer = class com.ibm.ws.artifact.file.internal.FileContainer@1835c2dd
      containerFactoryHolder = class com.ibm.ws.artifact.file.internal.FileContainerFactory@464fcf9b
      parent = null
      thisInParent = null
      dir = class java.io.File@4429224d
      cacheDir = class java.io.File@6389adbe
      isRoot = true
      root = class com.ibm.ws.artifact.file.internal.FileContainer@1835c2dd
      artifactNotifier = class com.ibm.ws.artifact.file.FileArtifactNotifier@31ce96e0
      serialVersionUID = -542248409847968651
      $$$tc$$$ = class com.ibm.websphere.ras.TraceComponent@676c5260
    overlayDirectory = class java.io.File@4429224d
      fs = class java.io.WinNTFileSystem@38682d97
      path = "D:\devel\tools\wlp\usr\servers\defaultServer\workarea\org.eclipse.osgi\77\data\cacheAdapt\com.ibm.ws.app.manager_62\.overlay"
      status = class java.io.File$PathStatus@78e0f15
      prefixLength = 3
      separatorChar = \
      separator = "\"
      pathSeparatorChar = ;
      pathSeparator = ";"
      PATH_OFFSET = 16
      PREFIX_LENGTH_OFFSET = 12
      UNSAFE = class sun.misc.Unsafe@7e6fdca3
      serialVersionUID = 301077366599181567
      filePath = null
      $assertionsDisabled = true
    cacheDirForOverlay = class java.io.File@6389adbe
      fs = class java.io.WinNTFileSystem@38682d97
      path = "D:\devel\tools\wlp\usr\servers\defaultServer\workarea\org.eclipse.osgi\77\data\cacheOverlay\com.ibm.ws.app.manager_62"
      status = class java.io.File$PathStatus@78e0f15
      prefixLength = 3
      separatorChar = \
      separator = "\"
      pathSeparatorChar = ;
      pathSeparator = ";"
      PATH_OFFSET = 16
      PREFIX_LENGTH_OFFSET = 12
      UNSAFE = class sun.misc.Unsafe@7e6fdca3
      serialVersionUID = 301077366599181567
      filePath = null
      $assertionsDisabled = true
    overlayNotifier = class com.ibm.ws.artifact.overlay.internal.DirectoryBasedOverlayNotifier@420dbcec
      root = class com.ibm.ws.artifact.overlay.internal.DirectoryBasedOverlayContainerImpl@c7eea6d
      overlayContainer = class com.ibm.ws.artifact.file.internal.FileContainer@1835c2dd
      overlaidContainer = class com.ibm.ws.artifact.loose.internal.LooseArchive@10999b25
      listeningToContainers = true
      listeners = class java.util.concurrent.ConcurrentHashMap@40702a31
      pathsMonitored = class java.util.HashSet@1f8a77b8
      parentNotifier = null
      pathOfEntryInParent = null
      id = null
      serialVersionUID = -5716655730663296309
      $$$tc$$$ = class com.ibm.websphere.ras.TraceComponent@398cc400
    enclosingContainer = null
    entryInEnclosingContainer = null
    nestedOverlays = class java.util.concurrent.ConcurrentHashMap@7418bd5a
      serialVersionUID = 7249069246763182397
      MAXIMUM_CAPACITY = 1073741824
      DEFAULT_CAPACITY = 16
      MAX_ARRAY_SIZE = 2147483639
      DEFAULT_CONCURRENCY_LEVEL = 16
      LOAD_FACTOR = 0.75
      TREEIFY_THRESHOLD = 8
      UNTREEIFY_THRESHOLD = 6
      MIN_TREEIFY_CAPACITY = 64
      MIN_TRANSFER_STRIDE = 16
      RESIZE_STAMP_BITS = 16
      MAX_RESIZERS = 65535
      RESIZE_STAMP_SHIFT = 16
      MOVED = -1
      TREEBIN = -2
      RESERVED = -3
      HASH_BITS = 2147483647
      NCPU = 4
      serialPersistentFields = class java.io.ObjectStreamField[3]
      table = class java.util.concurrent.ConcurrentHashMap$Node[16]
      nextTable = null
      baseCount = 4
      sizeCtl = 12
      transferIndex = 0
      cellsBusy = 0
      counterCells = null
      keySet = null
      values = null
      entrySet = null
      U = class sun.misc.Unsafe@7e6fdca3
      SIZECTL = 20
      TRANSFERINDEX = 32
      BASECOUNT = 24
      CELLSBUSY = 36
      CELLVALUE = 144
      ABASE = 16
      ASHIFT = 2
      keySet = null
      values = null
    cacheStore = class com.ibm.ws.artifact.overlay.internal.OverlayCache@79aec2de
      cache = class java.util.HashMap@27f6820b
      serialVersionUID = -7877512378170016077
      $$$tc$$$ = class com.ibm.websphere.ras.TraceComponent@6b06ccab
    parentOverlay = null
    isPassThroughMode = true
    serialVersionUID = -1690795617118238166
    $$$tc$$$ = class com.ibm.websphere.ras.TraceComponent@284d9834
      strings[0] = "TraceComponent[com.ibm.ws.artifact.overlay.internal.DirectoryBasedOverlayContainerImpl,class com.ibm.ws.artifact.overlay.internal.DirectoryBasedOverlayContainerImpl,[archive.overlay],,null]"
  factoryHolder = class com.ibm.ws.adaptable.module.internal.AdaptableModuleFactoryImpl@5318b272
    adapterFactoryService = class com.ibm.ws.adaptable.module.internal.AdapterFactoryServiceImpl@4962c8f7
      toType = "toType"
      priv = class com.ibm.ws.kernel.service.util.SecureAction@1ffdb279
      containerHelperMap = class com.ibm.wsspi.kernel.service.utils.ConcurrentServiceReferenceSetMap@5ac14ef0
      entryHelperMap = class com.ibm.wsspi.kernel.service.utils.ConcurrentServiceReferenceSetMap@42a37c6a
      containerToTypes = class java.util.Collections$SynchronizedSet@515648ef
      entryToTypes = class java.util.Collections$SynchronizedSet@234a56c6
      baseProperties = class org.apache.felix.scr.impl.helper.ReadOnlyDictionary@732c2a91
      serialVersionUID = 5945907930609928466
      $$$tc$$$ = class com.ibm.websphere.ras.TraceComponent@24b0f187
    containerFactory = class com.ibm.ws.artifact.internal.ArtifactContainerFactoryService@46555b37
      CATEGORY_PROP_NAME = "category"
      ENTRY_KEY = "com.ibm.wsspi.artifact.ArtifactEntry"
      helperMap = class com.ibm.wsspi.kernel.service.utils.ConcurrentServiceReferenceSetMap@420007e6
      contributorMap = class com.ibm.wsspi.kernel.service.utils.ConcurrentServiceReferenceSetMap@5cb8bcb9
      helperCategoryMap = class com.ibm.wsspi.kernel.service.utils.ConcurrentServiceReferenceSetMap@7550aad
      contributorCategoryMap = class com.ibm.wsspi.kernel.service.utils.ConcurrentServiceReferenceSetMap@4cfe74e3
      categories = class java.util.Collections$SynchronizedSet@e8375ad
      baseProperties = class org.apache.felix.scr.impl.helper.ReadOnlyDictionary@17475db0
      serialVersionUID = -3101641399269402013
      $$$tc$$$ = class com.ibm.websphere.ras.TraceComponent@309304e7
    overlayContainerFactory = class com.ibm.ws.artifact.overlay.internal.OverlayContainerFactoryImpl@aa5700b
    serialVersionUID = 4200251809856292987
    $$$tc$$$ = class com.ibm.websphere.ras.TraceComponent@34afa44
      strings[0] = "TraceComponent[com.ibm.ws.adaptable.module.internal.AdaptableModuleFactoryImpl,class com.ibm.ws.adaptable.module.internal.AdaptableModuleFactoryImpl,[archive.adaptable],,null]"
  delegate = class com.ibm.ws.artifact.overlay.internal.DirectoryBasedOverlayContainerImpl@c7eea6d
  notifier = class com.ibm.ws.adaptable.module.internal.NotifierImpl@3347fd40
    root = class com.ibm.ws.adaptable.module.internal.AdaptableContainerImpl@4a50ee4c
    delegateNotifier = class com.ibm.ws.artifact.overlay.internal.DirectoryBasedOverlayNotifier@420dbcec
    delegateRoot = class com.ibm.ws.artifact.overlay.internal.DirectoryBasedOverlayContainerImpl@c7eea6d
    listenerDelegates = class java.util.HashMap@782158c4
      serialVersionUID = 362498820763181265
      DEFAULT_INITIAL_CAPACITY = 16
      MAXIMUM_CAPACITY = 1073741824
      DEFAULT_LOAD_FACTOR = 0.75
      TREEIFY_THRESHOLD = 8
      UNTREEIFY_THRESHOLD = 6
      MIN_TREEIFY_CAPACITY = 64
      table = class java.util.HashMap$Node[16]
      entrySet = null
      size = 3
      modCount = 3
      threshold = 12
      loadFactor = 0.75
      keySet = null
      values = null
    serialVersionUID = 6839382523957017880
    $$$tc$$$ = class com.ibm.websphere.ras.TraceComponent@5b8fe784
      strings[0] = "TraceComponent[com.ibm.ws.adaptable.module.internal.NotifierImpl,class com.ibm.ws.adaptable.module.internal.NotifierImpl,[archive.adaptable],,null]"
  serialVersionUID = -5621513278641113667
  $$$tc$$$ = class com.ibm.websphere.ras.TraceComponent@61fbf294
    strings[0] = "TraceComponent[com.ibm.ws.adaptable.module.internal.AdaptableContainerImpl,class com.ibm.ws.adaptable.module.internal.AdaptableContainerImpl,[archive.adaptable],,null]"

Dump of objectArray[1]
Object type = com.ibm.ws.artifact.overlay.internal.DirectoryBasedOverlayContainerImpl
  base = class com.ibm.ws.artifact.loose.internal.LooseArchive@10999b25
    cacheDir = class java.io.File@49c76c2b
      fs = class java.io.WinNTFileSystem@38682d97
      path = "D:\devel\tools\wlp\usr\servers\defaultServer\workarea\org.eclipse.osgi\77\data\cache\com.ibm.ws.app.manager_62"
      status = class java.io.File$PathStatus@78e0f15
      prefixLength = 3
      separatorChar = \
      separator = "\"
      pathSeparatorChar = ;
      pathSeparator = ";"
      PATH_OFFSET = 16
      PREFIX_LENGTH_OFFSET = 12
      UNSAFE = class sun.misc.Unsafe@7e6fdca3
      serialVersionUID = 301077366599181567
      filePath = null
      $assertionsDisabled = true
    xmlFile = class java.io.File@384affb3
      fs = class java.io.WinNTFileSystem@38682d97
      path = "D:\devel\tools\wlp\usr\servers\defaultServer\apps\testingPrimefaces.war.xml"
      status = class java.io.File$PathStatus@78e0f15
      prefixLength = 3
      separatorChar = \
      separator = "\"
      pathSeparatorChar = ;
      pathSeparator = ";"
      PATH_OFFSET = 16
      PREFIX_LENGTH_OFFSET = 12
      UNSAFE = class sun.misc.Unsafe@7e6fdca3
      serialVersionUID = 301077366599181567
      filePath = null
      $assertionsDisabled = true
    parent = null
    cfh = class com.ibm.ws.artifact.loose.internal.LooseContainerFactoryHelper@2aa02289
      locationService = class com.ibm.ws.kernel.service.location.internal.WsLocationAdminImpl@3161633b
      containerFactoryReference = class com.ibm.wsspi.kernel.service.utils.AtomicServiceReference@530346a7
      ctx = class org.eclipse.osgi.internal.framework.BundleContextImpl@543a8392
      tc = class com.ibm.websphere.ras.TraceComponent@33ac064c
      serialVersionUID = -6436244972857197695
    pathInParent = null
    _entries = class java.util.ArrayList@2a500fa7
      serialVersionUID = 8683452581122892189
      DEFAULT_CAPACITY = 10
      EMPTY_ELEMENTDATA = class java.lang.Object[0]
      DEFAULTCAPACITY_EMPTY_ELEMENTDATA = class java.lang.Object[0]
      elementData = class java.lang.Object[10]
      size = 1
      MAX_ARRAY_SIZE = 2147483639
      modCount = 1
      MAX_ARRAY_SIZE = 2147483639
    tc = class com.ibm.websphere.ras.TraceComponent@7be0506c
      strings[0] = "TraceComponent[com.ibm.ws.artifact.loose.internal.LooseArchive,class com.ibm.ws.artifact.loose.internal.LooseArchive,[archive.artifact.xml],com.ibm.ws.artifact.loose.internal.resources.LooseApiMessages,null]"
    artifactNotifier = class com.ibm.ws.artifact.loose.internal.LooseArtifactNotifier@588488f2
      root = class com.ibm.ws.artifact.loose.internal.LooseArchive@10999b25
      entries = class java.util.ArrayList@2a500fa7
      serviceProperties = class java.util.Hashtable@23e911e9
      nonRecurseServiceProperties = class java.util.Hashtable@41ea59a2
      interval = 500
      notificationType = "external"
      ctx = class org.eclipse.osgi.internal.framework.BundleContextImpl@543a8392
      service = class org.eclipse.osgi.internal.serviceregistry.ServiceRegistrationImpl@6ba5085a
      nonRecurseService = class org.eclipse.osgi.internal.serviceregistry.ServiceRegistrationImpl@1015d4d9
      filesToMonitor = class java.util.TreeMap@2e0e0874
      filesBeingMonitored = class java.util.HashSet@259ee594
      dirsToMonitor = class java.util.TreeMap@4e13de97
      dirsBeingMonitored = class java.util.HashSet@5da7a9be
      listeners = class java.util.concurrent.CopyOnWriteArrayList@3b447d6
      pathsBeingMonitored = class java.util.HashSet@51d4b071
      parent = null
      children = class java.util.HashMap@1632bba
      enabledChildren = class java.util.ArrayList@61e98871
      pathInParent = null
      serialVersionUID = 2923725971363407990
      $$$tc$$$ = class com.ibm.websphere.ras.TraceComponent@74e3ed6c
    serialVersionUID = 345486831272892625
  maskSet = class java.util.HashSet@6842066
    serialVersionUID = -5024744406713321676
    map = class java.util.HashMap@73ea0b9d
      serialVersionUID = 362498820763181265
      DEFAULT_INITIAL_CAPACITY = 16
      MAXIMUM_CAPACITY = 1073741824
      DEFAULT_LOAD_FACTOR = 0.75
      TREEIFY_THRESHOLD = 8
      UNTREEIFY_THRESHOLD = 6
      MIN_TREEIFY_CAPACITY = 64
      table = null
      entrySet = null
      size = 0
      modCount = 0
      threshold = 0
      loadFactor = 0.75
      keySet = null
      values = null
    PRESENT = class java.lang.Object@6c8e450a
    MAX_ARRAY_SIZE = 2147483639
  cfHolder = class com.ibm.ws.artifact.overlay.internal.OverlayContainerFactoryImpl@aa5700b
    containerFactory = class com.ibm.ws.artifact.internal.ArtifactContainerFactoryService@46555b37
      CATEGORY_PROP_NAME = "category"
      ENTRY_KEY = "com.ibm.wsspi.artifact.ArtifactEntry"
      helperMap = class com.ibm.wsspi.kernel.service.utils.ConcurrentServiceReferenceSetMap@420007e6
      contributorMap = class com.ibm.wsspi.kernel.service.utils.ConcurrentServiceReferenceSetMap@5cb8bcb9
      helperCategoryMap = class com.ibm.wsspi.kernel.service.utils.ConcurrentServiceReferenceSetMap@7550aad
      contributorCategoryMap = class com.ibm.wsspi.kernel.service.utils.ConcurrentServiceReferenceSetMap@4cfe74e3
      categories = class java.util.Collections$SynchronizedSet@e8375ad
      baseProperties = class org.apache.felix.scr.impl.helper.ReadOnlyDictionary@17475db0
      serialVersionUID = -3101641399269402013
      $$$tc$$$ = class com.ibm.websphere.ras.TraceComponent@309304e7
    serialVersionUID = 6296466117843221178
    $$$tc$$$ = class com.ibm.websphere.ras.TraceComponent@7280b8d3
      strings[0] = "TraceComponent[com.ibm.ws.artifact.overlay.internal.OverlayContainerFactoryImpl,class com.ibm.ws.artifact.overlay.internal.OverlayContainerFactoryImpl,[archive.overlay],,null]"
  fileOverlayContainer = class com.ibm.ws.artifact.file.internal.FileContainer@1835c2dd
    containerFactoryHolder = class com.ibm.ws.artifact.file.internal.FileContainerFactory@464fcf9b
      containerFactory = class com.ibm.ws.artifact.internal.ArtifactContainerFactoryService@46555b37
      ctx = class org.eclipse.osgi.internal.framework.BundleContextImpl@290991c3
      serialVersionUID = 8609113308325935405
      $$$tc$$$ = class com.ibm.websphere.ras.TraceComponent@500ac700
    parent = null
    thisInParent = null
    dir = class java.io.File@4429224d
    cacheDir = class java.io.File@6389adbe
    isRoot = true
    root = class com.ibm.ws.artifact.file.internal.FileContainer@1835c2dd
    artifactNotifier = class com.ibm.ws.artifact.file.FileArtifactNotifier@31ce96e0
      root = class com.ibm.ws.artifact.file.internal.FileContainer@1835c2dd
      cfh = class com.ibm.ws.artifact.file.internal.FileContainerFactory@464fcf9b
      serviceProperties = class java.util.Hashtable@2594dda5
      service = class org.eclipse.osgi.internal.serviceregistry.ServiceRegistrationImpl@5a46fc59
      nonRecurseService = class org.eclipse.osgi.internal.serviceregistry.ServiceRegistrationImpl@778029a5
      nonRecurseServiceProperties = class java.util.Hashtable@6ceb91ce
      listeners = class java.util.concurrent.ConcurrentHashMap@38da05ef
      nonRecurselisteners = class java.util.concurrent.ConcurrentHashMap@174dcfce
      pathsBeingMonitored = class java.util.HashSet@14b74177
      nonRecursePathsBeingMonitored = class java.util.HashSet@24e2d7ce
      rootAbsolutePath = "D:\devel\tools\wlp\usr\servers\defaultServer\workarea\org.eclipse.osgi\77\data\cacheAdapt\com.ibm.ws.app.manager_62\.overlay"
      interval = 500
      notificationType = "external"
      nonRecurseMonitor = class com.ibm.ws.artifact.file.FileArtifactNotifier$FileArtifactMonitor@4c7f4bc0
      recurseMonitor = class com.ibm.ws.artifact.file.FileArtifactNotifier$FileArtifactMonitor@3535de3e
      serialVersionUID = -423938483708516951
      $$$tc$$$ = class com.ibm.websphere.ras.TraceComponent@64f4d12d
    serialVersionUID = -542248409847968651
    $$$tc$$$ = class com.ibm.websphere.ras.TraceComponent@676c5260
      strings[0] = "TraceComponent[com.ibm.ws.artifact.file.internal.FileContainer,class com.ibm.ws.artifact.file.internal.FileContainer,[archive.artifact.file],,null]"
  overlayDirectory = class java.io.File@4429224d
    fs = class java.io.WinNTFileSystem@38682d97
      slash = \
      altSlash = /
      semicolon = ;
      driveDirCache = class java.lang.String[26]
      cache = class java.io.ExpiringCache@79131165
      prefixCache = class java.io.ExpiringCache@524a869f
      BA_EXISTS = 1
      BA_REGULAR = 2
      BA_DIRECTORY = 4
      BA_HIDDEN = 8
      ACCESS_READ = 4
      ACCESS_WRITE = 2
      ACCESS_EXECUTE = 1
      SPACE_TOTAL = 0
      SPACE_FREE = 1
      SPACE_USABLE = 2
      useCanonCaches = true
      useCanonPrefixCache = true
    path = "D:\devel\tools\wlp\usr\servers\defaultServer\workarea\org.eclipse.osgi\77\data\cacheAdapt\com.ibm.ws.app.manager_62\.overlay"
    status = class java.io.File$PathStatus@78e0f15
      INVALID = class java.io.File$PathStatus@59a9073
      CHECKED = class java.io.File$PathStatus@78e0f15
      $VALUES = class java.io.File$PathStatus[2]
      name = "CHECKED"
      ordinal = 1
    prefixLength = 3
    separatorChar = \
    separator = "\"
    pathSeparatorChar = ;
    pathSeparator = ";"
    PATH_OFFSET = 16
    PREFIX_LENGTH_OFFSET = 12
    UNSAFE = class sun.misc.Unsafe@7e6fdca3
    serialVersionUID = 301077366599181567
    filePath = null
    $assertionsDisabled = true
  cacheDirForOverlay = class java.io.File@6389adbe
    fs = class java.io.WinNTFileSystem@38682d97
    path = "D:\devel\tools\wlp\usr\servers\defaultServer\workarea\org.eclipse.osgi\77\data\cacheOverlay\com.ibm.ws.app.manager_62"
    status = class java.io.File$PathStatus@78e0f15
    prefixLength = 3
    separatorChar = \
    separator = "\"
    pathSeparatorChar = ;
    pathSeparator = ";"
    PATH_OFFSET = 16
    PREFIX_LENGTH_OFFSET = 12
    UNSAFE = class sun.misc.Unsafe@7e6fdca3
    serialVersionUID = 301077366599181567
    filePath = null
    $assertionsDisabled = true
  overlayNotifier = class com.ibm.ws.artifact.overlay.internal.DirectoryBasedOverlayNotifier@420dbcec
    root = class com.ibm.ws.artifact.overlay.internal.DirectoryBasedOverlayContainerImpl@c7eea6d
    overlayContainer = class com.ibm.ws.artifact.file.internal.FileContainer@1835c2dd
    overlaidContainer = class com.ibm.ws.artifact.loose.internal.LooseArchive@10999b25
    listeningToContainers = true
    listeners = class java.util.concurrent.ConcurrentHashMap@40702a31
      serialVersionUID = 7249069246763182397
      MAXIMUM_CAPACITY = 1073741824
      DEFAULT_CAPACITY = 16
      MAX_ARRAY_SIZE = 2147483639
      DEFAULT_CONCURRENCY_LEVEL = 16
      LOAD_FACTOR = 0.75
      TREEIFY_THRESHOLD = 8
      UNTREEIFY_THRESHOLD = 6
      MIN_TREEIFY_CAPACITY = 64
      MIN_TRANSFER_STRIDE = 16
      RESIZE_STAMP_BITS = 16
      MAX_RESIZERS = 65535
      RESIZE_STAMP_SHIFT = 16
      MOVED = -1
      TREEBIN = -2
      RESERVED = -3
      HASH_BITS = 2147483647
      NCPU = 4
      serialPersistentFields = class java.io.ObjectStreamField[3]
      table = class java.util.concurrent.ConcurrentHashMap$Node[16]
      nextTable = null
      baseCount = 3
      sizeCtl = 12
      transferIndex = 0
      cellsBusy = 0
      counterCells = null
      keySet = class java.util.concurrent.ConcurrentHashMap$KeySetView@1c438b3e
      values = null
      entrySet = null
      U = class sun.misc.Unsafe@7e6fdca3
      SIZECTL = 20
      TRANSFERINDEX = 32
      BASECOUNT = 24
      CELLSBUSY = 36
      CELLVALUE = 144
      ABASE = 16
      ASHIFT = 2
      keySet = null
      values = null
    pathsMonitored = class java.util.HashSet@1f8a77b8
      serialVersionUID = -5024744406713321676
      map = class java.util.HashMap@1f5e0aa9
      PRESENT = class java.lang.Object@6c8e450a
      MAX_ARRAY_SIZE = 2147483639
    parentNotifier = null
    pathOfEntryInParent = null
    id = null
    serialVersionUID = -5716655730663296309
    $$$tc$$$ = class com.ibm.websphere.ras.TraceComponent@398cc400
      strings[0] = "TraceComponent[com.ibm.ws.artifact.overlay.internal.DirectoryBasedOverlayNotifier,class com.ibm.ws.artifact.overlay.internal.DirectoryBasedOverlayNotifier,[archive.overlay],,null]"
  enclosingContainer = null
  entryInEnclosingContainer = null
  nestedOverlays = class java.util.concurrent.ConcurrentHashMap@7418bd5a
    serialVersionUID = 7249069246763182397
    MAXIMUM_CAPACITY = 1073741824
    DEFAULT_CAPACITY = 16
    MAX_ARRAY_SIZE = 2147483639
    DEFAULT_CONCURRENCY_LEVEL = 16
    LOAD_FACTOR = 0.75
    TREEIFY_THRESHOLD = 8
    UNTREEIFY_THRESHOLD = 6
    MIN_TREEIFY_CAPACITY = 64
    MIN_TRANSFER_STRIDE = 16
    RESIZE_STAMP_BITS = 16
    MAX_RESIZERS = 65535
    RESIZE_STAMP_SHIFT = 16
    MOVED = -1
    TREEBIN = -2
    RESERVED = -3
    HASH_BITS = 2147483647
    NCPU = 4
    serialPersistentFields = class java.io.ObjectStreamField[3]
      ObjectStreamField[0] = class java.io.ObjectStreamField@59822345
      ObjectStreamField[1] = class java.io.ObjectStreamField@6599e76b
      ObjectStreamField[2] = class java.io.ObjectStreamField@7dcbb93
    table = class java.util.concurrent.ConcurrentHashMap$Node[16]
      Node[0] = class java.util.concurrent.ConcurrentHashMap$Node@12d7744
      Node[1] = class java.util.concurrent.ConcurrentHashMap$Node@3a6f08c8
      Node[2] = null
      Node[3] = null
      Node[4] = null
      Node[5] = null
      Node[6] = null
      Node[7] = null
      Node[8] = null
      Node[9] = null
      Node[10] = null
      Node[11] = null
      Node[12] = null
      Node[13] = null
      Node[14] = class java.util.concurrent.ConcurrentHashMap$Node@30a37a32
      Node[15] = null
    nextTable = null
    baseCount = 4
    sizeCtl = 12
    transferIndex = 0
    cellsBusy = 0
    counterCells = null
    keySet = null
    values = null
    entrySet = null
    U = class sun.misc.Unsafe@7e6fdca3
      theUnsafe = class sun.misc.Unsafe@7e6fdca3
      INVALID_FIELD_OFFSET = -1
      ARRAY_BOOLEAN_BASE_OFFSET = 16
      ARRAY_BYTE_BASE_OFFSET = 16
      ARRAY_SHORT_BASE_OFFSET = 16
      ARRAY_CHAR_BASE_OFFSET = 16
      ARRAY_INT_BASE_OFFSET = 16
      ARRAY_LONG_BASE_OFFSET = 16
      ARRAY_FLOAT_BASE_OFFSET = 16
      ARRAY_DOUBLE_BASE_OFFSET = 16
      ARRAY_OBJECT_BASE_OFFSET = 16
      ARRAY_BOOLEAN_INDEX_SCALE = 1
      ARRAY_BYTE_INDEX_SCALE = 1
      ARRAY_SHORT_INDEX_SCALE = 2
      ARRAY_CHAR_INDEX_SCALE = 2
      ARRAY_INT_INDEX_SCALE = 4
      ARRAY_LONG_INDEX_SCALE = 8
      ARRAY_FLOAT_INDEX_SCALE = 4
      ARRAY_DOUBLE_INDEX_SCALE = 8
      ARRAY_OBJECT_INDEX_SCALE = 4
      ADDRESS_SIZE = 8
    SIZECTL = 20
    TRANSFERINDEX = 32
    BASECOUNT = 24
    CELLSBUSY = 36
    CELLVALUE = 144
    ABASE = 16
    ASHIFT = 2
    keySet = null
    values = null
  cacheStore = class com.ibm.ws.artifact.overlay.internal.OverlayCache@79aec2de
    cache = class java.util.HashMap@27f6820b
      serialVersionUID = 362498820763181265
      DEFAULT_INITIAL_CAPACITY = 16
      MAXIMUM_CAPACITY = 1073741824
      DEFAULT_LOAD_FACTOR = 0.75
      TREEIFY_THRESHOLD = 8
      UNTREEIFY_THRESHOLD = 6
      MIN_TREEIFY_CAPACITY = 64
      table = class java.util.HashMap$Node[16]
      entrySet = null
      size = 2
      modCount = 2
      threshold = 12
      loadFactor = 0.75
      keySet = null
      values = null
    serialVersionUID = -7877512378170016077
    $$$tc$$$ = class com.ibm.websphere.ras.TraceComponent@6b06ccab
      strings[0] = "TraceComponent[com.ibm.ws.artifact.overlay.internal.OverlayCache,class com.ibm.ws.artifact.overlay.internal.OverlayCache,[archive.overlay],,null]"
  parentOverlay = null
  isPassThroughMode = true
  serialVersionUID = -1690795617118238166
  $$$tc$$$ = class com.ibm.websphere.ras.TraceComponent@284d9834
    strings[0] = "TraceComponent[com.ibm.ws.artifact.overlay.internal.DirectoryBasedOverlayContainerImpl,class com.ibm.ws.artifact.overlay.internal.DirectoryBasedOverlayContainerImpl,[archive.overlay],,null]"

Dump of objectArray[2]
Object type = com.ibm.ws.artifact.overlay.internal.DirectoryBasedOverlayContainerImpl
  base = class com.ibm.ws.artifact.loose.internal.LooseArchive@10999b25
    cacheDir = class java.io.File@49c76c2b
      fs = class java.io.WinNTFileSystem@38682d97
      path = "D:\devel\tools\wlp\usr\servers\defaultServer\workarea\org.eclipse.osgi\77\data\cache\com.ibm.ws.app.manager_62"
      status = class java.io.File$PathStatus@78e0f15
      prefixLength = 3
      separatorChar = \
      separator = "\"
      pathSeparatorChar = ;
      pathSeparator = ";"
      PATH_OFFSET = 16
      PREFIX_LENGTH_OFFSET = 12
      UNSAFE = class sun.misc.Unsafe@7e6fdca3
      serialVersionUID = 301077366599181567
      filePath = null
      $assertionsDisabled = true
    xmlFile = class java.io.File@384affb3
      fs = class java.io.WinNTFileSystem@38682d97
      path = "D:\devel\tools\wlp\usr\servers\defaultServer\apps\testingPrimefaces.war.xml"
      status = class java.io.File$PathStatus@78e0f15
      prefixLength = 3
      separatorChar = \
      separator = "\"
      pathSeparatorChar = ;
      pathSeparator = ";"
      PATH_OFFSET = 16
      PREFIX_LENGTH_OFFSET = 12
      UNSAFE = class sun.misc.Unsafe@7e6fdca3
      serialVersionUID = 301077366599181567
      filePath = null
      $assertionsDisabled = true
    parent = null
    cfh = class com.ibm.ws.artifact.loose.internal.LooseContainerFactoryHelper@2aa02289
      locationService = class com.ibm.ws.kernel.service.location.internal.WsLocationAdminImpl@3161633b
      containerFactoryReference = class com.ibm.wsspi.kernel.service.utils.AtomicServiceReference@530346a7
      ctx = class org.eclipse.osgi.internal.framework.BundleContextImpl@543a8392
      tc = class com.ibm.websphere.ras.TraceComponent@33ac064c
      serialVersionUID = -6436244972857197695
    pathInParent = null
    _entries = class java.util.ArrayList@2a500fa7
      serialVersionUID = 8683452581122892189
      DEFAULT_CAPACITY = 10
      EMPTY_ELEMENTDATA = class java.lang.Object[0]
      DEFAULTCAPACITY_EMPTY_ELEMENTDATA = class java.lang.Object[0]
      elementData = class java.lang.Object[10]
      size = 1
      MAX_ARRAY_SIZE = 2147483639
      modCount = 1
      MAX_ARRAY_SIZE = 2147483639
    tc = class com.ibm.websphere.ras.TraceComponent@7be0506c
      strings[0] = "TraceComponent[com.ibm.ws.artifact.loose.internal.LooseArchive,class com.ibm.ws.artifact.loose.internal.LooseArchive,[archive.artifact.xml],com.ibm.ws.artifact.loose.internal.resources.LooseApiMessages,null]"
    artifactNotifier = class com.ibm.ws.artifact.loose.internal.LooseArtifactNotifier@588488f2
      root = class com.ibm.ws.artifact.loose.internal.LooseArchive@10999b25
      entries = class java.util.ArrayList@2a500fa7
      serviceProperties = class java.util.Hashtable@23e911e9
      nonRecurseServiceProperties = class java.util.Hashtable@41ea59a2
      interval = 500
      notificationType = "external"
      ctx = class org.eclipse.osgi.internal.framework.BundleContextImpl@543a8392
      service = class org.eclipse.osgi.internal.serviceregistry.ServiceRegistrationImpl@6ba5085a
      nonRecurseService = class org.eclipse.osgi.internal.serviceregistry.ServiceRegistrationImpl@1015d4d9
      filesToMonitor = class java.util.TreeMap@2e0e0874
      filesBeingMonitored = class java.util.HashSet@259ee594
      dirsToMonitor = class java.util.TreeMap@4e13de97
      dirsBeingMonitored = class java.util.HashSet@5da7a9be
      listeners = class java.util.concurrent.CopyOnWriteArrayList@3b447d6
      pathsBeingMonitored = class java.util.HashSet@51d4b071
      parent = null
      children = class java.util.HashMap@1632bba
      enabledChildren = class java.util.ArrayList@61e98871
      pathInParent = null
      serialVersionUID = 2923725971363407990
      $$$tc$$$ = class com.ibm.websphere.ras.TraceComponent@74e3ed6c
    serialVersionUID = 345486831272892625
  maskSet = class java.util.HashSet@6842066
    serialVersionUID = -5024744406713321676
    map = class java.util.HashMap@73ea0b9d
      serialVersionUID = 362498820763181265
      DEFAULT_INITIAL_CAPACITY = 16
      MAXIMUM_CAPACITY = 1073741824
      DEFAULT_LOAD_FACTOR = 0.75
      TREEIFY_THRESHOLD = 8
      UNTREEIFY_THRESHOLD = 6
      MIN_TREEIFY_CAPACITY = 64
      table = null
      entrySet = null
      size = 0
      modCount = 0
      threshold = 0
      loadFactor = 0.75
      keySet = null
      values = null
    PRESENT = class java.lang.Object@6c8e450a
    MAX_ARRAY_SIZE = 2147483639
  cfHolder = class com.ibm.ws.artifact.overlay.internal.OverlayContainerFactoryImpl@aa5700b
    containerFactory = class com.ibm.ws.artifact.internal.ArtifactContainerFactoryService@46555b37
      CATEGORY_PROP_NAME = "category"
      ENTRY_KEY = "com.ibm.wsspi.artifact.ArtifactEntry"
      helperMap = class com.ibm.wsspi.kernel.service.utils.ConcurrentServiceReferenceSetMap@420007e6
      contributorMap = class com.ibm.wsspi.kernel.service.utils.ConcurrentServiceReferenceSetMap@5cb8bcb9
      helperCategoryMap = class com.ibm.wsspi.kernel.service.utils.ConcurrentServiceReferenceSetMap@7550aad
      contributorCategoryMap = class com.ibm.wsspi.kernel.service.utils.ConcurrentServiceReferenceSetMap@4cfe74e3
      categories = class java.util.Collections$SynchronizedSet@e8375ad
      baseProperties = class org.apache.felix.scr.impl.helper.ReadOnlyDictionary@17475db0
      serialVersionUID = -3101641399269402013
      $$$tc$$$ = class com.ibm.websphere.ras.TraceComponent@309304e7
    serialVersionUID = 6296466117843221178
    $$$tc$$$ = class com.ibm.websphere.ras.TraceComponent@7280b8d3
      strings[0] = "TraceComponent[com.ibm.ws.artifact.overlay.internal.OverlayContainerFactoryImpl,class com.ibm.ws.artifact.overlay.internal.OverlayContainerFactoryImpl,[archive.overlay],,null]"
  fileOverlayContainer = class com.ibm.ws.artifact.file.internal.FileContainer@1835c2dd
    containerFactoryHolder = class com.ibm.ws.artifact.file.internal.FileContainerFactory@464fcf9b
      containerFactory = class com.ibm.ws.artifact.internal.ArtifactContainerFactoryService@46555b37
      ctx = class org.eclipse.osgi.internal.framework.BundleContextImpl@290991c3
      serialVersionUID = 8609113308325935405
      $$$tc$$$ = class com.ibm.websphere.ras.TraceComponent@500ac700
    parent = null
    thisInParent = null
    dir = class java.io.File@4429224d
    cacheDir = class java.io.File@6389adbe
    isRoot = true
    root = class com.ibm.ws.artifact.file.internal.FileContainer@1835c2dd
    artifactNotifier = class com.ibm.ws.artifact.file.FileArtifactNotifier@31ce96e0
      root = class com.ibm.ws.artifact.file.internal.FileContainer@1835c2dd
      cfh = class com.ibm.ws.artifact.file.internal.FileContainerFactory@464fcf9b
      serviceProperties = class java.util.Hashtable@2594dda5
      service = class org.eclipse.osgi.internal.serviceregistry.ServiceRegistrationImpl@5a46fc59
      nonRecurseService = class org.eclipse.osgi.internal.serviceregistry.ServiceRegistrationImpl@778029a5
      nonRecurseServiceProperties = class java.util.Hashtable@6ceb91ce
      listeners = class java.util.concurrent.ConcurrentHashMap@38da05ef
      nonRecurselisteners = class java.util.concurrent.ConcurrentHashMap@174dcfce
      pathsBeingMonitored = class java.util.HashSet@14b74177
      nonRecursePathsBeingMonitored = class java.util.HashSet@24e2d7ce
      rootAbsolutePath = "D:\devel\tools\wlp\usr\servers\defaultServer\workarea\org.eclipse.osgi\77\data\cacheAdapt\com.ibm.ws.app.manager_62\.overlay"
      interval = 500
      notificationType = "external"
      nonRecurseMonitor = class com.ibm.ws.artifact.file.FileArtifactNotifier$FileArtifactMonitor@4c7f4bc0
      recurseMonitor = class com.ibm.ws.artifact.file.FileArtifactNotifier$FileArtifactMonitor@3535de3e
      serialVersionUID = -423938483708516951
      $$$tc$$$ = class com.ibm.websphere.ras.TraceComponent@64f4d12d
    serialVersionUID = -542248409847968651
    $$$tc$$$ = class com.ibm.websphere.ras.TraceComponent@676c5260
      strings[0] = "TraceComponent[com.ibm.ws.artifact.file.internal.FileContainer,class com.ibm.ws.artifact.file.internal.FileContainer,[archive.artifact.file],,null]"
  overlayDirectory = class java.io.File@4429224d
    fs = class java.io.WinNTFileSystem@38682d97
      slash = \
      altSlash = /
      semicolon = ;
      driveDirCache = class java.lang.String[26]
      cache = class java.io.ExpiringCache@79131165
      prefixCache = class java.io.ExpiringCache@524a869f
      BA_EXISTS = 1
      BA_REGULAR = 2
      BA_DIRECTORY = 4
      BA_HIDDEN = 8
      ACCESS_READ = 4
      ACCESS_WRITE = 2
      ACCESS_EXECUTE = 1
      SPACE_TOTAL = 0
      SPACE_FREE = 1
      SPACE_USABLE = 2
      useCanonCaches = true
      useCanonPrefixCache = true
    path = "D:\devel\tools\wlp\usr\servers\defaultServer\workarea\org.eclipse.osgi\77\data\cacheAdapt\com.ibm.ws.app.manager_62\.overlay"
    status = class java.io.File$PathStatus@78e0f15
      INVALID = class java.io.File$PathStatus@59a9073
      CHECKED = class java.io.File$PathStatus@78e0f15
      $VALUES = class java.io.File$PathStatus[2]
      name = "CHECKED"
      ordinal = 1
    prefixLength = 3
    separatorChar = \
    separator = "\"
    pathSeparatorChar = ;
    pathSeparator = ";"
    PATH_OFFSET = 16
    PREFIX_LENGTH_OFFSET = 12
    UNSAFE = class sun.misc.Unsafe@7e6fdca3
    serialVersionUID = 301077366599181567
    filePath = null
    $assertionsDisabled = true
  cacheDirForOverlay = class java.io.File@6389adbe
    fs = class java.io.WinNTFileSystem@38682d97
    path = "D:\devel\tools\wlp\usr\servers\defaultServer\workarea\org.eclipse.osgi\77\data\cacheOverlay\com.ibm.ws.app.manager_62"
    status = class java.io.File$PathStatus@78e0f15
    prefixLength = 3
    separatorChar = \
    separator = "\"
    pathSeparatorChar = ;
    pathSeparator = ";"
    PATH_OFFSET = 16
    PREFIX_LENGTH_OFFSET = 12
    UNSAFE = class sun.misc.Unsafe@7e6fdca3
    serialVersionUID = 301077366599181567
    filePath = null
    $assertionsDisabled = true
  overlayNotifier = class com.ibm.ws.artifact.overlay.internal.DirectoryBasedOverlayNotifier@420dbcec
    root = class com.ibm.ws.artifact.overlay.internal.DirectoryBasedOverlayContainerImpl@c7eea6d
    overlayContainer = class com.ibm.ws.artifact.file.internal.FileContainer@1835c2dd
    overlaidContainer = class com.ibm.ws.artifact.loose.internal.LooseArchive@10999b25
    listeningToContainers = true
    listeners = class java.util.concurrent.ConcurrentHashMap@40702a31
      serialVersionUID = 7249069246763182397
      MAXIMUM_CAPACITY = 1073741824
      DEFAULT_CAPACITY = 16
      MAX_ARRAY_SIZE = 2147483639
      DEFAULT_CONCURRENCY_LEVEL = 16
      LOAD_FACTOR = 0.75
      TREEIFY_THRESHOLD = 8
      UNTREEIFY_THRESHOLD = 6
      MIN_TREEIFY_CAPACITY = 64
      MIN_TRANSFER_STRIDE = 16
      RESIZE_STAMP_BITS = 16
      MAX_RESIZERS = 65535
      RESIZE_STAMP_SHIFT = 16
      MOVED = -1
      TREEBIN = -2
      RESERVED = -3
      HASH_BITS = 2147483647
      NCPU = 4
      serialPersistentFields = class java.io.ObjectStreamField[3]
      table = class java.util.concurrent.ConcurrentHashMap$Node[16]
      nextTable = null
      baseCount = 3
      sizeCtl = 12
      transferIndex = 0
      cellsBusy = 0
      counterCells = null
      keySet = class java.util.concurrent.ConcurrentHashMap$KeySetView@1c438b3e
      values = null
      entrySet = null
      U = class sun.misc.Unsafe@7e6fdca3
      SIZECTL = 20
      TRANSFERINDEX = 32
      BASECOUNT = 24
      CELLSBUSY = 36
      CELLVALUE = 144
      ABASE = 16
      ASHIFT = 2
      keySet = null
      values = null
    pathsMonitored = class java.util.HashSet@1f8a77b8
      serialVersionUID = -5024744406713321676
      map = class java.util.HashMap@1f5e0aa9
      PRESENT = class java.lang.Object@6c8e450a
      MAX_ARRAY_SIZE = 2147483639
    parentNotifier = null
    pathOfEntryInParent = null
    id = null
    serialVersionUID = -5716655730663296309
    $$$tc$$$ = class com.ibm.websphere.ras.TraceComponent@398cc400
      strings[0] = "TraceComponent[com.ibm.ws.artifact.overlay.internal.DirectoryBasedOverlayNotifier,class com.ibm.ws.artifact.overlay.internal.DirectoryBasedOverlayNotifier,[archive.overlay],,null]"
  enclosingContainer = null
  entryInEnclosingContainer = null
  nestedOverlays = class java.util.concurrent.ConcurrentHashMap@7418bd5a
    serialVersionUID = 7249069246763182397
    MAXIMUM_CAPACITY = 1073741824
    DEFAULT_CAPACITY = 16
    MAX_ARRAY_SIZE = 2147483639
    DEFAULT_CONCURRENCY_LEVEL = 16
    LOAD_FACTOR = 0.75
    TREEIFY_THRESHOLD = 8
    UNTREEIFY_THRESHOLD = 6
    MIN_TREEIFY_CAPACITY = 64
    MIN_TRANSFER_STRIDE = 16
    RESIZE_STAMP_BITS = 16
    MAX_RESIZERS = 65535
    RESIZE_STAMP_SHIFT = 16
    MOVED = -1
    TREEBIN = -2
    RESERVED = -3
    HASH_BITS = 2147483647
    NCPU = 4
    serialPersistentFields = class java.io.ObjectStreamField[3]
      ObjectStreamField[0] = class java.io.ObjectStreamField@59822345
      ObjectStreamField[1] = class java.io.ObjectStreamField@6599e76b
      ObjectStreamField[2] = class java.io.ObjectStreamField@7dcbb93
    table = class java.util.concurrent.ConcurrentHashMap$Node[16]
      Node[0] = class java.util.concurrent.ConcurrentHashMap$Node@12d7744
      Node[1] = class java.util.concurrent.ConcurrentHashMap$Node@3a6f08c8
      Node[2] = null
      Node[3] = null
      Node[4] = null
      Node[5] = null
      Node[6] = null
      Node[7] = null
      Node[8] = null
      Node[9] = null
      Node[10] = null
      Node[11] = null
      Node[12] = null
      Node[13] = null
      Node[14] = class java.util.concurrent.ConcurrentHashMap$Node@30a37a32
      Node[15] = null
    nextTable = null
    baseCount = 4
    sizeCtl = 12
    transferIndex = 0
    cellsBusy = 0
    counterCells = null
    keySet = null
    values = null
    entrySet = null
    U = class sun.misc.Unsafe@7e6fdca3
      theUnsafe = class sun.misc.Unsafe@7e6fdca3
      INVALID_FIELD_OFFSET = -1
      ARRAY_BOOLEAN_BASE_OFFSET = 16
      ARRAY_BYTE_BASE_OFFSET = 16
      ARRAY_SHORT_BASE_OFFSET = 16
      ARRAY_CHAR_BASE_OFFSET = 16
      ARRAY_INT_BASE_OFFSET = 16
      ARRAY_LONG_BASE_OFFSET = 16
      ARRAY_FLOAT_BASE_OFFSET = 16
      ARRAY_DOUBLE_BASE_OFFSET = 16
      ARRAY_OBJECT_BASE_OFFSET = 16
      ARRAY_BOOLEAN_INDEX_SCALE = 1
      ARRAY_BYTE_INDEX_SCALE = 1
      ARRAY_SHORT_INDEX_SCALE = 2
      ARRAY_CHAR_INDEX_SCALE = 2
      ARRAY_INT_INDEX_SCALE = 4
      ARRAY_LONG_INDEX_SCALE = 8
      ARRAY_FLOAT_INDEX_SCALE = 4
      ARRAY_DOUBLE_INDEX_SCALE = 8
      ARRAY_OBJECT_INDEX_SCALE = 4
      ADDRESS_SIZE = 8
    SIZECTL = 20
    TRANSFERINDEX = 32
    BASECOUNT = 24
    CELLSBUSY = 36
    CELLVALUE = 144
    ABASE = 16
    ASHIFT = 2
    keySet = null
    values = null
  cacheStore = class com.ibm.ws.artifact.overlay.internal.OverlayCache@79aec2de
    cache = class java.util.HashMap@27f6820b
      serialVersionUID = 362498820763181265
      DEFAULT_INITIAL_CAPACITY = 16
      MAXIMUM_CAPACITY = 1073741824
      DEFAULT_LOAD_FACTOR = 0.75
      TREEIFY_THRESHOLD = 8
      UNTREEIFY_THRESHOLD = 6
      MIN_TREEIFY_CAPACITY = 64
      table = class java.util.HashMap$Node[16]
      entrySet = null
      size = 2
      modCount = 2
      threshold = 12
      loadFactor = 0.75
      keySet = null
      values = null
    serialVersionUID = -7877512378170016077
    $$$tc$$$ = class com.ibm.websphere.ras.TraceComponent@6b06ccab
      strings[0] = "TraceComponent[com.ibm.ws.artifact.overlay.internal.OverlayCache,class com.ibm.ws.artifact.overlay.internal.OverlayCache,[archive.overlay],,null]"
  parentOverlay = null
  isPassThroughMode = true
  serialVersionUID = -1690795617118238166
  $$$tc$$$ = class com.ibm.websphere.ras.TraceComponent@284d9834
    strings[0] = "TraceComponent[com.ibm.ws.artifact.overlay.internal.DirectoryBasedOverlayContainerImpl,class com.ibm.ws.artifact.overlay.internal.DirectoryBasedOverlayContainerImpl,[archive.overlay],,null]"

Dump of objectArray[3]
Object type = com.ibm.ws.adaptable.module.internal.AdaptableContainerImpl
  root = class com.ibm.ws.adaptable.module.internal.AdaptableContainerImpl@4a50ee4c
  rootOverlay = class com.ibm.ws.artifact.overlay.internal.DirectoryBasedOverlayContainerImpl@c7eea6d
    base = class com.ibm.ws.artifact.loose.internal.LooseArchive@10999b25
      cacheDir = class java.io.File@49c76c2b
      xmlFile = class java.io.File@384affb3
      parent = null
      cfh = class com.ibm.ws.artifact.loose.internal.LooseContainerFactoryHelper@2aa02289
      pathInParent = null
      _entries = class java.util.ArrayList@2a500fa7
      tc = class com.ibm.websphere.ras.TraceComponent@7be0506c
      artifactNotifier = class com.ibm.ws.artifact.loose.internal.LooseArtifactNotifier@588488f2
      serialVersionUID = 345486831272892625
    maskSet = class java.util.HashSet@6842066
      serialVersionUID = -5024744406713321676
      map = class java.util.HashMap@73ea0b9d
      PRESENT = class java.lang.Object@6c8e450a
      MAX_ARRAY_SIZE = 2147483639
    cfHolder = class com.ibm.ws.artifact.overlay.internal.OverlayContainerFactoryImpl@aa5700b
      containerFactory = class com.ibm.ws.artifact.internal.ArtifactContainerFactoryService@46555b37
      serialVersionUID = 6296466117843221178
      $$$tc$$$ = class com.ibm.websphere.ras.TraceComponent@7280b8d3
    fileOverlayContainer = class com.ibm.ws.artifact.file.internal.FileContainer@1835c2dd
      containerFactoryHolder = class com.ibm.ws.artifact.file.internal.FileContainerFactory@464fcf9b
      parent = null
      thisInParent = null
      dir = class java.io.File@4429224d
      cacheDir = class java.io.File@6389adbe
      isRoot = true
      root = class com.ibm.ws.artifact.file.internal.FileContainer@1835c2dd
      artifactNotifier = class com.ibm.ws.artifact.file.FileArtifactNotifier@31ce96e0
      serialVersionUID = -542248409847968651
      $$$tc$$$ = class com.ibm.websphere.ras.TraceComponent@676c5260
    overlayDirectory = class java.io.File@4429224d
      fs = class java.io.WinNTFileSystem@38682d97
      path = "D:\devel\tools\wlp\usr\servers\defaultServer\workarea\org.eclipse.osgi\77\data\cacheAdapt\com.ibm.ws.app.manager_62\.overlay"
      status = class java.io.File$PathStatus@78e0f15
      prefixLength = 3
      separatorChar = \
      separator = "\"
      pathSeparatorChar = ;
      pathSeparator = ";"
      PATH_OFFSET = 16
      PREFIX_LENGTH_OFFSET = 12
      UNSAFE = class sun.misc.Unsafe@7e6fdca3
      serialVersionUID = 301077366599181567
      filePath = null
      $assertionsDisabled = true
    cacheDirForOverlay = class java.io.File@6389adbe
      fs = class java.io.WinNTFileSystem@38682d97
      path = "D:\devel\tools\wlp\usr\servers\defaultServer\workarea\org.eclipse.osgi\77\data\cacheOverlay\com.ibm.ws.app.manager_62"
      status = class java.io.File$PathStatus@78e0f15
      prefixLength = 3
      separatorChar = \
      separator = "\"
      pathSeparatorChar = ;
      pathSeparator = ";"
      PATH_OFFSET = 16
      PREFIX_LENGTH_OFFSET = 12
      UNSAFE = class sun.misc.Unsafe@7e6fdca3
      serialVersionUID = 301077366599181567
      filePath = null
      $assertionsDisabled = true
    overlayNotifier = class com.ibm.ws.artifact.overlay.internal.DirectoryBasedOverlayNotifier@420dbcec
      root = class com.ibm.ws.artifact.overlay.internal.DirectoryBasedOverlayContainerImpl@c7eea6d
      overlayContainer = class com.ibm.ws.artifact.file.internal.FileContainer@1835c2dd
      overlaidContainer = class com.ibm.ws.artifact.loose.internal.LooseArchive@10999b25
      listeningToContainers = true
      listeners = class java.util.concurrent.ConcurrentHashMap@40702a31
      pathsMonitored = class java.util.HashSet@1f8a77b8
      parentNotifier = null
      pathOfEntryInParent = null
      id = null
      serialVersionUID = -5716655730663296309
      $$$tc$$$ = class com.ibm.websphere.ras.TraceComponent@398cc400
    enclosingContainer = null
    entryInEnclosingContainer = null
    nestedOverlays = class java.util.concurrent.ConcurrentHashMap@7418bd5a
      serialVersionUID = 7249069246763182397
      MAXIMUM_CAPACITY = 1073741824
      DEFAULT_CAPACITY = 16
      MAX_ARRAY_SIZE = 2147483639
      DEFAULT_CONCURRENCY_LEVEL = 16
      LOAD_FACTOR = 0.75
      TREEIFY_THRESHOLD = 8
      UNTREEIFY_THRESHOLD = 6
      MIN_TREEIFY_CAPACITY = 64
      MIN_TRANSFER_STRIDE = 16
      RESIZE_STAMP_BITS = 16
      MAX_RESIZERS = 65535
      RESIZE_STAMP_SHIFT = 16
      MOVED = -1
      TREEBIN = -2
      RESERVED = -3
      HASH_BITS = 2147483647
      NCPU = 4
      serialPersistentFields = class java.io.ObjectStreamField[3]
      table = class java.util.concurrent.ConcurrentHashMap$Node[16]
      nextTable = null
      baseCount = 4
      sizeCtl = 12
      transferIndex = 0
      cellsBusy = 0
      counterCells = null
      keySet = null
      values = null
      entrySet = null
      U = class sun.misc.Unsafe@7e6fdca3
      SIZECTL = 20
      TRANSFERINDEX = 32
      BASECOUNT = 24
      CELLSBUSY = 36
      CELLVALUE = 144
      ABASE = 16
      ASHIFT = 2
      keySet = null
      values = null
    cacheStore = class com.ibm.ws.artifact.overlay.internal.OverlayCache@79aec2de
      cache = class java.util.HashMap@27f6820b
      serialVersionUID = -7877512378170016077
      $$$tc$$$ = class com.ibm.websphere.ras.TraceComponent@6b06ccab
    parentOverlay = null
    isPassThroughMode = true
    serialVersionUID = -1690795617118238166
    $$$tc$$$ = class com.ibm.websphere.ras.TraceComponent@284d9834
      strings[0] = "TraceComponent[com.ibm.ws.artifact.overlay.internal.DirectoryBasedOverlayContainerImpl,class com.ibm.ws.artifact.overlay.internal.DirectoryBasedOverlayContainerImpl,[archive.overlay],,null]"
  factoryHolder = class com.ibm.ws.adaptable.module.internal.AdaptableModuleFactoryImpl@5318b272
    adapterFactoryService = class com.ibm.ws.adaptable.module.internal.AdapterFactoryServiceImpl@4962c8f7
      toType = "toType"
      priv = class com.ibm.ws.kernel.service.util.SecureAction@1ffdb279
      containerHelperMap = class com.ibm.wsspi.kernel.service.utils.ConcurrentServiceReferenceSetMap@5ac14ef0
      entryHelperMap = class com.ibm.wsspi.kernel.service.utils.ConcurrentServiceReferenceSetMap@42a37c6a
      containerToTypes = class java.util.Collections$SynchronizedSet@515648ef
      entryToTypes = class java.util.Collections$SynchronizedSet@234a56c6
      baseProperties = class org.apache.felix.scr.impl.helper.ReadOnlyDictionary@732c2a91
      serialVersionUID = 5945907930609928466
      $$$tc$$$ = class com.ibm.websphere.ras.TraceComponent@24b0f187
    containerFactory = class com.ibm.ws.artifact.internal.ArtifactContainerFactoryService@46555b37
      CATEGORY_PROP_NAME = "category"
      ENTRY_KEY = "com.ibm.wsspi.artifact.ArtifactEntry"
      helperMap = class com.ibm.wsspi.kernel.service.utils.ConcurrentServiceReferenceSetMap@420007e6
      contributorMap = class com.ibm.wsspi.kernel.service.utils.ConcurrentServiceReferenceSetMap@5cb8bcb9
      helperCategoryMap = class com.ibm.wsspi.kernel.service.utils.ConcurrentServiceReferenceSetMap@7550aad
      contributorCategoryMap = class com.ibm.wsspi.kernel.service.utils.ConcurrentServiceReferenceSetMap@4cfe74e3
      categories = class java.util.Collections$SynchronizedSet@e8375ad
      baseProperties = class org.apache.felix.scr.impl.helper.ReadOnlyDictionary@17475db0
      serialVersionUID = -3101641399269402013
      $$$tc$$$ = class com.ibm.websphere.ras.TraceComponent@309304e7
    overlayContainerFactory = class com.ibm.ws.artifact.overlay.internal.OverlayContainerFactoryImpl@aa5700b
    serialVersionUID = 4200251809856292987
    $$$tc$$$ = class com.ibm.websphere.ras.TraceComponent@34afa44
      strings[0] = "TraceComponent[com.ibm.ws.adaptable.module.internal.AdaptableModuleFactoryImpl,class com.ibm.ws.adaptable.module.internal.AdaptableModuleFactoryImpl,[archive.adaptable],,null]"
  delegate = class com.ibm.ws.artifact.overlay.internal.DirectoryBasedOverlayContainerImpl@c7eea6d
  notifier = class com.ibm.ws.adaptable.module.internal.NotifierImpl@3347fd40
    root = class com.ibm.ws.adaptable.module.internal.AdaptableContainerImpl@4a50ee4c
    delegateNotifier = class com.ibm.ws.artifact.overlay.internal.DirectoryBasedOverlayNotifier@420dbcec
    delegateRoot = class com.ibm.ws.artifact.overlay.internal.DirectoryBasedOverlayContainerImpl@c7eea6d
    listenerDelegates = class java.util.HashMap@782158c4
      serialVersionUID = 362498820763181265
      DEFAULT_INITIAL_CAPACITY = 16
      MAXIMUM_CAPACITY = 1073741824
      DEFAULT_LOAD_FACTOR = 0.75
      TREEIFY_THRESHOLD = 8
      UNTREEIFY_THRESHOLD = 6
      MIN_TREEIFY_CAPACITY = 64
      table = class java.util.HashMap$Node[16]
      entrySet = null
      size = 3
      modCount = 3
      threshold = 12
      loadFactor = 0.75
      keySet = null
      values = null
    serialVersionUID = 6839382523957017880
    $$$tc$$$ = class com.ibm.websphere.ras.TraceComponent@5b8fe784
      strings[0] = "TraceComponent[com.ibm.ws.adaptable.module.internal.NotifierImpl,class com.ibm.ws.adaptable.module.internal.NotifierImpl,[archive.adaptable],,null]"
  serialVersionUID = -5621513278641113667
  $$$tc$$$ = class com.ibm.websphere.ras.TraceComponent@61fbf294
    strings[0] = "TraceComponent[com.ibm.ws.adaptable.module.internal.AdaptableContainerImpl,class com.ibm.ws.adaptable.module.internal.AdaptableContainerImpl,[archive.adaptable],,null]"

