------Start of DE processing------ = [14/05/19 02:02:11:164 PET]
Exception = java.io.IOException
Source = com.ibm.ws.classloading.internal.AppClassLoader
probeid = 466
Stack Dump = java.io.IOException: com.ibm.wsspi.adaptable.module.UnableToAdaptException: java.nio.file.NoSuchFileException: D:\devel\workspace\AsistenciaTeacher\WebContent\WEB-INF\lib\asterisk360-primefaces-7.0.jar
	at com.ibm.ws.classloading.internal.ContainerClassLoader$EntryUniversalResource.getByteResourceInformation(ContainerClassLoader.java:320)
	at com.ibm.ws.classloading.internal.ContainerClassLoader$SmartClassPathImpl.getByteResourceInformation(ContainerClassLoader.java:922)
	at com.ibm.ws.classloading.internal.ContainerClassLoader.findClassBytes(ContainerClassLoader.java:1488)
	at com.ibm.ws.classloading.internal.AppClassLoader.findClassBytes(AppClassLoader.java:460)
	at com.ibm.ws.classloading.internal.AppClassLoader.findClass(AppClassLoader.java:280)
	at java.base/java.lang.ClassLoader.loadClass(ClassLoader.java:588)
	at com.ibm.ws.classloading.internal.AppClassLoader.findOrDelegateLoadClass(AppClassLoader.java:522)
	at com.ibm.ws.classloading.internal.AppClassLoader.loadClass(AppClassLoader.java:482)
	at java.base/java.lang.ClassLoader.loadClass(ClassLoader.java:521)
	at org.primefaces.webapp.PreDestroyApplicationEventListener.processEvent(PreDestroyApplicationEventListener.java:41)
	at javax.faces.event.SystemEvent.processListener(SystemEvent.java:49)
	at org.apache.myfaces.application._ApplicationUtils._traverseListenerList(_ApplicationUtils.java:121)
	at org.apache.myfaces.application.ApplicationImpl$SystemListenerEntry.publish(ApplicationImpl.java:2737)
	at org.apache.myfaces.application.ApplicationImpl.publishEvent(ApplicationImpl.java:634)
	at javax.faces.application.ApplicationWrapper.publishEvent(ApplicationWrapper.java:346)
	at org.apache.myfaces.webapp.AbstractFacesInitializer._dispatchApplicationEvent(AbstractFacesInitializer.java:365)
	at org.apache.myfaces.webapp.AbstractFacesInitializer.destroyFaces(AbstractFacesInitializer.java:408)
	at org.apache.myfaces.webapp.StartupServletContextListener.contextDestroyed(StartupServletContextListener.java:130)
	at com.ibm.ws.webcontainer.webapp.WebApp.notifyServletContextDestroyed(WebApp.java:2603)
	at com.ibm.ws.webcontainer.webapp.WebApp.destroy(WebApp.java:3938)
	at com.ibm.ws.webcontainer.osgi.webapp.WebApp.destroy(WebApp.java:1479)
	at com.ibm.ws.container.AbstractContainer.destroy(AbstractContainer.java:79)
	at com.ibm.ws.webcontainer.webapp.WebGroup.destroy(WebGroup.java:215)
	at com.ibm.ws.webcontainer.webapp.WebGroup.removeWebApplication(WebGroup.java:256)
	at com.ibm.ws.webcontainer.VirtualHost.removeWebApplication(VirtualHost.java:264)
	at com.ibm.ws.webcontainer.VirtualHost.removeWebApplication(VirtualHost.java:241)
	at com.ibm.ws.webcontainer.WebContainer.removeWebApplication(WebContainer.java:594)
	at com.ibm.ws.webcontainer.osgi.WebContainer.removeModule(WebContainer.java:1211)
	at com.ibm.ws.webcontainer.osgi.WebContainer.stopModule(WebContainer.java:1175)
	at com.ibm.ws.app.manager.module.internal.ModuleHandlerBase.undeployModule(ModuleHandlerBase.java:133)
	at com.ibm.ws.app.manager.module.internal.DeployedModuleInfoImpl.uninstallModule(DeployedModuleInfoImpl.java:64)
	at com.ibm.ws.app.manager.module.internal.SimpleDeployedAppInfoBase.uninstallApp(SimpleDeployedAppInfoBase.java:497)
	at com.ibm.ws.app.manager.war.internal.WARApplicationHandlerImpl.uninstall(WARApplicationHandlerImpl.java:81)
	at com.ibm.ws.app.manager.internal.statemachine.StopAction.execute(StopAction.java:83)
	at com.ibm.ws.app.manager.internal.statemachine.ApplicationStateMachineImpl.enterState(ApplicationStateMachineImpl.java:1286)
	at com.ibm.ws.app.manager.internal.statemachine.ApplicationStateMachineImpl.performAction(ApplicationStateMachineImpl.java:1129)
	at com.ibm.ws.app.manager.internal.statemachine.ApplicationStateMachineImpl.run(ApplicationStateMachineImpl.java:884)
	at com.ibm.ws.threading.internal.ExecutorServiceImpl$RunnableWrapper.run(ExecutorServiceImpl.java:239)
	at java.base/java.util.concurrent.ThreadPoolExecutor.runWorker(ThreadPoolExecutor.java:1128)
	at java.base/java.util.concurrent.ThreadPoolExecutor$Worker.run(ThreadPoolExecutor.java:628)
	at java.base/java.lang.Thread.run(Thread.java:835)
Caused by: com.ibm.wsspi.adaptable.module.UnableToAdaptException: java.nio.file.NoSuchFileException: D:\devel\workspace\AsistenciaTeacher\WebContent\WEB-INF\lib\asterisk360-primefaces-7.0.jar
	at com.ibm.ws.adaptable.module.internal.AdaptableEntryImpl.adapt(AdaptableEntryImpl.java:104)
	at com.ibm.ws.classloading.internal.ContainerClassLoader$EntryUniversalResource.getByteResourceInformation(ContainerClassLoader.java:317)
	... 40 more
Caused by: java.nio.file.NoSuchFileException: D:\devel\workspace\AsistenciaTeacher\WebContent\WEB-INF\lib\asterisk360-primefaces-7.0.jar
	at java.base/sun.nio.fs.WindowsException.translateToIOException(WindowsException.java:85)
	at java.base/sun.nio.fs.WindowsException.rethrowAsIOException(WindowsException.java:103)
	at java.base/sun.nio.fs.WindowsException.rethrowAsIOException(WindowsException.java:108)
	at java.base/sun.nio.fs.WindowsFileAttributeViews$Basic.readAttributes(WindowsFileAttributeViews.java:53)
	at java.base/sun.nio.fs.WindowsFileAttributeViews$Basic.readAttributes(WindowsFileAttributeViews.java:38)
	at java.base/sun.nio.fs.WindowsFileSystemProvider.readAttributes(WindowsFileSystemProvider.java:198)
	at java.base/java.nio.file.Files.readAttributes(Files.java:1840)
	at java.base/java.util.zip.ZipFile$Source.get(ZipFile.java:1160)
	at java.base/java.util.zip.ZipFile$CleanableResource.<init>(ZipFile.java:719)
	at java.base/java.util.zip.ZipFile.<init>(ZipFile.java:239)
	at java.base/java.util.zip.ZipFile.<init>(ZipFile.java:169)
	at java.base/java.util.zip.ZipFile.<init>(ZipFile.java:183)
	at com.ibm.ws.artifact.zip.cache.internal.ZipFileUtils$1.run(ZipFileUtils.java:39)
	at com.ibm.ws.artifact.zip.cache.internal.ZipFileUtils$1.run(ZipFileUtils.java:36)
	at java.base/java.security.AccessController.doPrivileged(AccessController.java:551)
	at com.ibm.ws.artifact.zip.cache.internal.ZipFileUtils.openZipFile(ZipFileUtils.java:36)
	at com.ibm.ws.artifact.zip.cache.internal.ZipFileUtils.openZipFile(ZipFileUtils.java:28)
	at com.ibm.ws.artifact.zip.cache.internal.ZipFileData.openZipFile(ZipFileData.java:545)
	at com.ibm.ws.artifact.zip.cache.internal.ZipFileData.openZipFile(ZipFileData.java:537)
	at com.ibm.ws.artifact.zip.cache.internal.ZipFileReaper.open(ZipFileReaper.java:1023)
	at com.ibm.ws.artifact.zip.cache.internal.ZipFileReaper.open(ZipFileReaper.java:976)
	at com.ibm.ws.artifact.zip.cache.internal.ZipFileHandleImpl.open(ZipFileHandleImpl.java:153)
	at com.ibm.ws.artifact.zip.internal.ZipFileEntry.getInputStream(ZipFileEntry.java:176)
	at com.ibm.ws.artifact.overlay.internal.DirectoryBasedOverlayContainerImpl$OverlayDelegatingEntry.getInputStream(DirectoryBasedOverlayContainerImpl.java:481)
	at com.ibm.ws.adaptable.module.internal.AdaptableEntryImpl.adapt(AdaptableEntryImpl.java:102)
	... 41 more

Dump of callerThis
Object type = com.ibm.ws.classloading.internal.AppClassLoader
  tc = class com.ibm.websphere.ras.TraceComponent@dc43495
    strings[0] = "TraceComponent[com.ibm.ws.classloading.internal.AppClassLoader,class com.ibm.ws.classloading.internal.AppClassLoader,[ClassLoadingService],com.ibm.ws.classloading.internal.resources.ClassLoadingServiceMessages,null]"
  PARENT_FIRST_SEARCH_ORDER = class java.util.Collections$UnmodifiableRandomAccessList@32fdd02a
    serialVersionUID = -2542308836966382001
    serialVersionUID = -283967356065247728
    list = class java.util.Arrays$ArrayList@6effb615
      serialVersionUID = -2764017481108945198
      a = class com.ibm.ws.classloading.internal.AppClassLoader$SearchLocation[3]
      modCount = 0
      MAX_ARRAY_SIZE = 2147483639
    serialVersionUID = 1820017752578914078
    c = class java.util.Arrays$ArrayList@6effb615
  CLASS_LOADING_TRACE_PREFIX = "com.ibm.ws.class.load."
  DEFAULT_PACKAGE = "default.package"
  perPackageClassLoadingTraceComponents = class java.util.concurrent.ConcurrentHashMap@3c4ee82b
    serialVersionUID = 7249069246763182397
    MAXIMUM_CAPACITY = 1073741824
    DEFAULT_CAPACITY = 16
    MAX_ARRAY_SIZE = 2147483639
    DEFAULT_CONCURRENCY_LEVEL = 16
    LOAD_FACTOR = 0.75
    TREEIFY_THRESHOLD = 8
    UNTREEIFY_THRESHOLD = 6
    MIN_TREEIFY_CAPACITY = 64
    MIN_TRANSFER_STRIDE = 16
    RESIZE_STAMP_BITS = 16
    MAX_RESIZERS = 65535
    RESIZE_STAMP_SHIFT = 16
    MOVED = -1
    TREEBIN = -2
    RESERVED = -3
    HASH_BITS = 2147483647
    NCPU = 4
    serialPersistentFields = class java.io.ObjectStreamField[3]
      ObjectStreamField[0] = class java.io.ObjectStreamField@3c21e14c
      ObjectStreamField[1] = class java.io.ObjectStreamField@4df7aed0
      ObjectStreamField[2] = class java.io.ObjectStreamField@9cd47f1
    table = class java.util.concurrent.ConcurrentHashMap$Node[512]
      Node[0] = null
      Node[1] = null
      Node[2] = null
      Node[3] = class java.util.concurrent.ConcurrentHashMap$Node@506a9600
      Node[4] = null
      Node[5] = null
      Node[6] = null
      Node[7] = null
      Node[8] = class java.util.concurrent.ConcurrentHashMap$Node@1188580d
      Node[9] = null
      Node[10] = class java.util.concurrent.ConcurrentHashMap$Node@23df5e89
      Node[11] = class java.util.concurrent.ConcurrentHashMap$Node@3090f80a
      Node[12] = null
      Node[13] = null
      Node[14] = null
      Node[15] = null
      Node[16] = null
      Node[17] = null
      Node[18] = null
      Node[19] = null
      Node[20] = class java.util.concurrent.ConcurrentHashMap$Node@344ea28e
      Node[21] = class java.util.concurrent.ConcurrentHashMap$Node@6755cc3a
      Node[22] = class java.util.concurrent.ConcurrentHashMap$Node@3ea7ed4f
      Node[23] = null
      Node[24] = null
      Node[25] = null
      Node[26] = null
      Node[27] = null
      Node[28] = null
      Node[29] = class java.util.concurrent.ConcurrentHashMap$Node@9c01239
      Node[30] = null
      Node[31] = null
      Node[32] = class java.util.concurrent.ConcurrentHashMap$Node@485b9b5d
      Node[33] = null
      Node[34] = null
      Node[35] = null
      Node[36] = null
      Node[37] = null
      Node[38] = class java.util.concurrent.ConcurrentHashMap$Node@126aa70
      Node[39] = class java.util.concurrent.ConcurrentHashMap$Node@eae28e
      Node[40] = null
      Node[41] = null
      Node[42] = null
      Node[43] = null
      Node[44] = class java.util.concurrent.ConcurrentHashMap$Node@9b27970
      Node[45] = null
      Node[46] = class java.util.concurrent.ConcurrentHashMap$Node@1d279a68
      Node[47] = null
      Node[48] = class java.util.concurrent.ConcurrentHashMap$Node@29e6d696
      Node[49] = null
      Node[50] = null
      Node[51] = class java.util.concurrent.ConcurrentHashMap$Node@7ecfbfb6
      Node[52] = class java.util.concurrent.ConcurrentHashMap$Node@64ac20e6
      Node[53] = class java.util.concurrent.ConcurrentHashMap$Node@45f912c1
      Node[54] = null
      Node[55] = class java.util.concurrent.ConcurrentHashMap$Node@5ab42e8e
      Node[56] = null
      Node[57] = null
      Node[58] = class java.util.concurrent.ConcurrentHashMap$Node@59051861
      Node[59] = class java.util.concurrent.ConcurrentHashMap$Node@5c2bb8b7
      Node[60] = null
      Node[61] = null
      Node[62] = null
      Node[63] = class java.util.concurrent.ConcurrentHashMap$Node@51c9c6e9
      Node[64] = class java.util.concurrent.ConcurrentHashMap$Node@2af24200
      Node[65] = null
      Node[66] = null
      Node[67] = null
      Node[68] = null
      Node[69] = class java.util.concurrent.ConcurrentHashMap$Node@5bc5912f
      Node[70] = null
      Node[71] = null
      Node[72] = class java.util.concurrent.ConcurrentHashMap$Node@5a2a64e0
      Node[73] = null
      Node[74] = class java.util.concurrent.ConcurrentHashMap$Node@454b0fc2
      Node[75] = class java.util.concurrent.ConcurrentHashMap$Node@7d11a729
      Node[76] = class java.util.concurrent.ConcurrentHashMap$Node@aaa1d4d
      Node[77] = null
      Node[78] = null
      Node[79] = class java.util.concurrent.ConcurrentHashMap$Node@32e759c
      Node[80] = null
      Node[81] = null
      Node[82] = class java.util.concurrent.ConcurrentHashMap$Node@1e064f24
      Node[83] = null
      Node[84] = null
      Node[85] = class java.util.concurrent.ConcurrentHashMap$Node@6e5e9b22
      Node[86] = null
      Node[87] = null
      Node[88] = null
      Node[89] = null
      Node[90] = null
      Node[91] = null
      Node[92] = null
      Node[93] = null
      Node[94] = class java.util.concurrent.ConcurrentHashMap$Node@3444b3d1
      Node[95] = class java.util.concurrent.ConcurrentHashMap$Node@4436b250
      Node[96] = class java.util.concurrent.ConcurrentHashMap$Node@68e5aa9d
      Node[97] = null
      Node[98] = null
      Node[99] = null
      Node[100] = null
      Node[101] = null
      Node[102] = null
      Node[103] = null
      Node[104] = null
      Node[105] = class java.util.concurrent.ConcurrentHashMap$Node@7278bb28
      Node[106] = null
      Node[107] = null
      Node[108] = null
      Node[109] = class java.util.concurrent.ConcurrentHashMap$Node@6333448d
      Node[110] = null
      Node[111] = class java.util.concurrent.ConcurrentHashMap$Node@1266de89
      Node[112] = null
      Node[113] = class java.util.concurrent.ConcurrentHashMap$Node@57123f1a
      Node[114] = null
      Node[115] = null
      Node[116] = null
      Node[117] = null
      Node[118] = null
      Node[119] = null
      Node[120] = null
      Node[121] = class java.util.concurrent.ConcurrentHashMap$Node@60846f2b
      Node[122] = null
      Node[123] = null
      Node[124] = class java.util.concurrent.ConcurrentHashMap$Node@196a589a
      Node[125] = null
      Node[126] = null
      Node[127] = null
      Node[128] = null
      Node[129] = class java.util.concurrent.ConcurrentHashMap$Node@3d5c4fa8
      Node[130] = class java.util.concurrent.ConcurrentHashMap$Node@7b704df6
      Node[131] = null
      Node[132] = null
      Node[133] = class java.util.concurrent.ConcurrentHashMap$Node@38ce9884
      Node[134] = null
      Node[135] = null
      Node[136] = class java.util.concurrent.ConcurrentHashMap$Node@73aba98f
      Node[137] = class java.util.concurrent.ConcurrentHashMap$Node@2c55895d
      Node[138] = null
      Node[139] = class java.util.concurrent.ConcurrentHashMap$Node@55337edc
      Node[140] = null
      Node[141] = class java.util.concurrent.ConcurrentHashMap$Node@19f5d646
      Node[142] = class java.util.concurrent.ConcurrentHashMap$Node@373ce326
      Node[143] = class java.util.concurrent.ConcurrentHashMap$Node@37239bfd
      Node[144] = class java.util.concurrent.ConcurrentHashMap$Node@79a8c65b
      Node[145] = class java.util.concurrent.ConcurrentHashMap$Node@4e5868ce
      Node[146] = null
      Node[147] = class java.util.concurrent.ConcurrentHashMap$Node@1ead87f0
      Node[148] = null
      Node[149] = class java.util.concurrent.ConcurrentHashMap$Node@357a0bab
      Node[150] = null
      Node[151] = class java.util.concurrent.ConcurrentHashMap$Node@adf8941
      Node[152] = null
      Node[153] = null
      Node[154] = null
      Node[155] = null
      Node[156] = null
      Node[157] = class java.util.concurrent.ConcurrentHashMap$Node@7cc8ecc
      Node[158] = null
      Node[159] = class java.util.concurrent.ConcurrentHashMap$Node@752c1bc2
      Node[160] = null
      Node[161] = class java.util.concurrent.ConcurrentHashMap$Node@10ee619f
      Node[162] = null
      Node[163] = class java.util.concurrent.ConcurrentHashMap$Node@668d6742
      Node[164] = null
      Node[165] = null
      Node[166] = null
      Node[167] = null
      Node[168] = null
      Node[169] = class java.util.concurrent.ConcurrentHashMap$Node@5543fb1
      Node[170] = null
      Node[171] = null
      Node[172] = null
      Node[173] = null
      Node[174] = null
      Node[175] = null
      Node[176] = null
      Node[177] = class java.util.concurrent.ConcurrentHashMap$Node@10b3c6d2
      Node[178] = null
      Node[179] = null
      Node[180] = class java.util.concurrent.ConcurrentHashMap$Node@73b2bfc2
      Node[181] = class java.util.concurrent.ConcurrentHashMap$Node@7e086181
      Node[182] = null
      Node[183] = class java.util.concurrent.ConcurrentHashMap$Node@5a056046
      Node[184] = null
      Node[185] = class java.util.concurrent.ConcurrentHashMap$Node@540eb882
      Node[186] = class java.util.concurrent.ConcurrentHashMap$Node@3224416e
      Node[187] = class java.util.concurrent.ConcurrentHashMap$Node@f9d3ac2
      Node[188] = null
      Node[189] = null
      Node[190] = null
      Node[191] = null
      Node[192] = null
      Node[193] = null
      Node[194] = class java.util.concurrent.ConcurrentHashMap$Node@7eeb6c27
      Node[195] = null
      Node[196] = null
      Node[197] = class java.util.concurrent.ConcurrentHashMap$Node@5f8001d0
      Node[198] = null
      Node[199] = class java.util.concurrent.ConcurrentHashMap$Node@4f3f047f
      Node[200] = class java.util.concurrent.ConcurrentHashMap$Node@29926c70
      Node[201] = null
      Node[202] = null
      Node[203] = null
      Node[204] = class java.util.concurrent.ConcurrentHashMap$Node@c3da731
      Node[205] = class java.util.concurrent.ConcurrentHashMap$Node@536cb9e7
      Node[206] = null
      Node[207] = null
      Node[208] = null
      Node[209] = null
      Node[210] = null
      Node[211] = null
      Node[212] = null
      Node[213] = class java.util.concurrent.ConcurrentHashMap$Node@64c75309
      Node[214] = null
      Node[215] = class java.util.concurrent.ConcurrentHashMap$Node@5e0c520d
      Node[216] = null
      Node[217] = class java.util.concurrent.ConcurrentHashMap$Node@3f6962d2
      Node[218] = null
      Node[219] = null
      Node[220] = class java.util.concurrent.ConcurrentHashMap$Node@9fc5759
      Node[221] = class java.util.concurrent.ConcurrentHashMap$Node@577d0274
      Node[222] = null
      Node[223] = null
      Node[224] = null
      Node[225] = null
      Node[226] = null
      Node[227] = class java.util.concurrent.ConcurrentHashMap$Node@6b5daeac
      Node[228] = class java.util.concurrent.ConcurrentHashMap$Node@1fd63ee7
      Node[229] = class java.util.concurrent.ConcurrentHashMap$Node@74fbe4db
      Node[230] = null
      Node[231] = null
      Node[232] = null
      Node[233] = null
      Node[234] = null
      Node[235] = null
      Node[236] = class java.util.concurrent.ConcurrentHashMap$Node@4b2a2692
      Node[237] = class java.util.concurrent.ConcurrentHashMap$Node@4d04d995
      Node[238] = null
      Node[239] = null
      Node[240] = null
      Node[241] = null
      Node[242] = class java.util.concurrent.ConcurrentHashMap$Node@638be7d4
      Node[243] = null
      Node[244] = null
      Node[245] = null
      Node[246] = null
      Node[247] = null
      Node[248] = null
      Node[249] = null
      Node[250] = class java.util.concurrent.ConcurrentHashMap$Node@48fd0a42
      Node[251] = null
      Node[252] = class java.util.concurrent.ConcurrentHashMap$Node@5279bb79
      Node[253] = class java.util.concurrent.ConcurrentHashMap$Node@395a08d2
      Node[254] = null
      Node[255] = null
      Node[256] = null
      Node[257] = null
      Node[258] = null
      Node[259] = null
      Node[260] = class java.util.concurrent.ConcurrentHashMap$Node@5d3ed6a
      Node[261] = null
      Node[262] = null
      Node[263] = null
      Node[264] = class java.util.concurrent.ConcurrentHashMap$Node@255c4888
      Node[265] = null
      Node[266] = null
      Node[267] = null
      Node[268] = class java.util.concurrent.ConcurrentHashMap$Node@3a618d29
      Node[269] = class java.util.concurrent.ConcurrentHashMap$Node@53140e2f
      Node[270] = class java.util.concurrent.ConcurrentHashMap$Node@49b6019a
      Node[271] = class java.util.concurrent.ConcurrentHashMap$Node@ee9182c
      Node[272] = null
      Node[273] = class java.util.concurrent.ConcurrentHashMap$Node@38d7d41d
      Node[274] = null
      Node[275] = null
      Node[276] = null
      Node[277] = class java.util.concurrent.ConcurrentHashMap$Node@4b41c05e
      Node[278] = null
      Node[279] = null
      Node[280] = null
      Node[281] = class java.util.concurrent.ConcurrentHashMap$Node@3202b27d
      Node[282] = null
      Node[283] = null
      Node[284] = null
      Node[285] = null
      Node[286] = class java.util.concurrent.ConcurrentHashMap$Node@746ce469
      Node[287] = null
      Node[288] = class java.util.concurrent.ConcurrentHashMap$Node@729da1c5
      Node[289] = null
      Node[290] = null
      Node[291] = null
      Node[292] = null
      Node[293] = null
      Node[294] = null
      Node[295] = null
      Node[296] = null
      Node[297] = class java.util.concurrent.ConcurrentHashMap$Node@371bccf8
      Node[298] = null
      Node[299] = class java.util.concurrent.ConcurrentHashMap$Node@10ad013c
      Node[300] = null
      Node[301] = class java.util.concurrent.ConcurrentHashMap$Node@3f1e0ec
      Node[302] = class java.util.concurrent.ConcurrentHashMap$Node@1c7dfade
      Node[303] = null
      Node[304] = null
      Node[305] = class java.util.concurrent.ConcurrentHashMap$Node@75e889a5
      Node[306] = null
      Node[307] = null
      Node[308] = null
      Node[309] = class java.util.concurrent.ConcurrentHashMap$Node@d34d2c5
      Node[310] = class java.util.concurrent.ConcurrentHashMap$Node@14eb50f
      Node[311] = null
      Node[312] = class java.util.concurrent.ConcurrentHashMap$Node@721614f2
      Node[313] = null
      Node[314] = class java.util.concurrent.ConcurrentHashMap$Node@43020eb4
      Node[315] = null
      Node[316] = null
      Node[317] = class java.util.concurrent.ConcurrentHashMap$Node@688b5eeb
      Node[318] = null
      Node[319] = null
      Node[320] = class java.util.concurrent.ConcurrentHashMap$Node@1c197838
      Node[321] = class java.util.concurrent.ConcurrentHashMap$Node@5eea4ecd
      Node[322] = null
      Node[323] = null
      Node[324] = class java.util.concurrent.ConcurrentHashMap$Node@dce9c0a
      Node[325] = null
      Node[326] = null
      Node[327] = class java.util.concurrent.ConcurrentHashMap$Node@3f80e75e
      Node[328] = class java.util.concurrent.ConcurrentHashMap$Node@688f802e
      Node[329] = null
      Node[330] = null
      Node[331] = class java.util.concurrent.ConcurrentHashMap$Node@641f27d4
      Node[332] = null
      Node[333] = null
      Node[334] = class java.util.concurrent.ConcurrentHashMap$Node@1d48d991
      Node[335] = null
      Node[336] = null
      Node[337] = null
      Node[338] = null
      Node[339] = null
      Node[340] = null
      Node[341] = null
      Node[342] = null
      Node[343] = class java.util.concurrent.ConcurrentHashMap$Node@25ca6771
      Node[344] = class java.util.concurrent.ConcurrentHashMap$Node@31d00d16
      Node[345] = null
      Node[346] = class java.util.concurrent.ConcurrentHashMap$Node@2cecad7f
      Node[347] = class java.util.concurrent.ConcurrentHashMap$Node@77b37d22
      Node[348] = null
      Node[349] = null
      Node[350] = null
      Node[351] = class java.util.concurrent.ConcurrentHashMap$Node@1b47d4a
      Node[352] = null
      Node[353] = null
      Node[354] = null
      Node[355] = null
      Node[356] = null
      Node[357] = class java.util.concurrent.ConcurrentHashMap$Node@30bd78d7
      Node[358] = class java.util.concurrent.ConcurrentHashMap$Node@7973bcea
      Node[359] = class java.util.concurrent.ConcurrentHashMap$Node@1545948b
      Node[360] = null
      Node[361] = class java.util.concurrent.ConcurrentHashMap$Node@37b9f544
      Node[362] = class java.util.concurrent.ConcurrentHashMap$Node@6c9948a4
      Node[363] = null
      Node[364] = null
      Node[365] = null
      Node[366] = null
      Node[367] = null
      Node[368] = null
      Node[369] = class java.util.concurrent.ConcurrentHashMap$Node@8693d31
      Node[370] = null
      Node[371] = class java.util.concurrent.ConcurrentHashMap$Node@3131117b
      Node[372] = null
      Node[373] = null
      Node[374] = null
      Node[375] = class java.util.concurrent.ConcurrentHashMap$Node@49dac1cc
      Node[376] = null
      Node[377] = null
      Node[378] = class java.util.concurrent.ConcurrentHashMap$Node@6fa07c3b
      Node[379] = class java.util.concurrent.ConcurrentHashMap$Node@2e61544b
      Node[380] = null
      Node[381] = class java.util.concurrent.ConcurrentHashMap$Node@17e23235
      Node[382] = class java.util.concurrent.ConcurrentHashMap$Node@8a955a4
      Node[383] = null
      Node[384] = null
      Node[385] = null
      Node[386] = null
      Node[387] = null
      Node[388] = class java.util.concurrent.ConcurrentHashMap$Node@6404b12e
      Node[389] = class java.util.concurrent.ConcurrentHashMap$Node@406362e9
      Node[390] = null
      Node[391] = null
      Node[392] = null
      Node[393] = null
      Node[394] = null
      Node[395] = null
      Node[396] = null
      Node[397] = class java.util.concurrent.ConcurrentHashMap$Node@4696834a
      Node[398] = null
      Node[399] = class java.util.concurrent.ConcurrentHashMap$Node@4d0ea49
      Node[400] = null
      Node[401] = class java.util.concurrent.ConcurrentHashMap$Node@459cb63c
      Node[402] = class java.util.concurrent.ConcurrentHashMap$Node@1eb3e04c
      Node[403] = null
      Node[404] = null
      Node[405] = null
      Node[406] = null
      Node[407] = class java.util.concurrent.ConcurrentHashMap$Node@6c4dbc03
      Node[408] = class java.util.concurrent.ConcurrentHashMap$Node@6fcc9161
      Node[409] = class java.util.concurrent.ConcurrentHashMap$Node@4f41e7f2
      Node[410] = class java.util.concurrent.ConcurrentHashMap$Node@4e71cfd6
      Node[411] = null
      Node[412] = null
      Node[413] = null
      Node[414] = class java.util.concurrent.ConcurrentHashMap$Node@4fddcfbf
      Node[415] = null
      Node[416] = null
      Node[417] = null
      Node[418] = null
      Node[419] = null
      Node[420] = class java.util.concurrent.ConcurrentHashMap$Node@449118bc
      Node[421] = class java.util.concurrent.ConcurrentHashMap$Node@42f19ab
      Node[422] = class java.util.concurrent.ConcurrentHashMap$Node@44e07987
      Node[423] = null
      Node[424] = null
      Node[425] = null
      Node[426] = null
      Node[427] = null
      Node[428] = null
      Node[429] = null
      Node[430] = null
      Node[431] = class java.util.concurrent.ConcurrentHashMap$Node@65e1e693
      Node[432] = null
      Node[433] = null
      Node[434] = null
      Node[435] = class java.util.concurrent.ConcurrentHashMap$Node@2979566b
      Node[436] = null
      Node[437] = class java.util.concurrent.ConcurrentHashMap$Node@5567f0ae
      Node[438] = null
      Node[439] = class java.util.concurrent.ConcurrentHashMap$Node@120c87c4
      Node[440] = class java.util.concurrent.ConcurrentHashMap$Node@78333e68
      Node[441] = null
      Node[442] = null
      Node[443] = null
      Node[444] = null
      Node[445] = class java.util.concurrent.ConcurrentHashMap$Node@1b1af50b
      Node[446] = class java.util.concurrent.ConcurrentHashMap$Node@71128446
      Node[447] = null
      Node[448] = null
      Node[449] = null
      Node[450] = null
      Node[451] = class java.util.concurrent.ConcurrentHashMap$Node@7d61f07
      Node[452] = class java.util.concurrent.ConcurrentHashMap$Node@66f7b1eb
      Node[453] = null
      Node[454] = null
      Node[455] = null
      Node[456] = null
      Node[457] = class java.util.concurrent.ConcurrentHashMap$Node@2a09a293
      Node[458] = null
      Node[459] = null
      Node[460] = null
      Node[461] = null
      Node[462] = null
      Node[463] = null
      Node[464] = class java.util.concurrent.ConcurrentHashMap$Node@4fdc2320
      Node[465] = null
      Node[466] = null
      Node[467] = null
      Node[468] = null
      Node[469] = class java.util.concurrent.ConcurrentHashMap$Node@78c533fb
      Node[470] = class java.util.concurrent.ConcurrentHashMap$Node@2366bde1
      Node[471] = class java.util.concurrent.ConcurrentHashMap$Node@441c9e24
      Node[472] = null
      Node[473] = class java.util.concurrent.ConcurrentHashMap$Node@6af770a4
      Node[474] = null
      Node[475] = class java.util.concurrent.ConcurrentHashMap$Node@3b7cccea
      Node[476] = null
      Node[477] = null
      Node[478] = null
      Node[479] = null
      Node[480] = null
      Node[481] = class java.util.concurrent.ConcurrentHashMap$Node@2de3e7d1
      Node[482] = null
      Node[483] = null
      Node[484] = null
      Node[485] = null
      Node[486] = class java.util.concurrent.ConcurrentHashMap$Node@daea1f7
      Node[487] = class java.util.concurrent.ConcurrentHashMap$Node@5c0d82b6
      Node[488] = null
      Node[489] = class java.util.concurrent.ConcurrentHashMap$Node@14b1e41
      Node[490] = class java.util.concurrent.ConcurrentHashMap$Node@3324bcd6
      Node[491] = class java.util.concurrent.ConcurrentHashMap$Node@4bfd025c
      Node[492] = class java.util.concurrent.ConcurrentHashMap$Node@7b5521a7
      Node[493] = null
      Node[494] = null
      Node[495] = class java.util.concurrent.ConcurrentHashMap$Node@2235919a
      Node[496] = class java.util.concurrent.ConcurrentHashMap$Node@34e15b06
      Node[497] = null
      Node[498] = class java.util.concurrent.ConcurrentHashMap$Node@17ad5024
      Node[499] = class java.util.concurrent.ConcurrentHashMap$Node@45a7036f
      Node[500] = null
      Node[501] = class java.util.concurrent.ConcurrentHashMap$Node@4b90e300
      Node[502] = null
      Node[503] = class java.util.concurrent.ConcurrentHashMap$Node@7597b81f
      Node[504] = null
      Node[505] = null
      Node[506] = null
      Node[507] = class java.util.concurrent.ConcurrentHashMap$Node@846eaf9
      Node[508] = null
      Node[509] = null
      Node[510] = null
      Node[511] = null
    nextTable = null
    baseCount = 209
    sizeCtl = 384
    transferIndex = 0
    cellsBusy = 0
    counterCells = null
    keySet = null
    values = null
    entrySet = null
    U = class jdk.internal.misc.Unsafe@649d15ed
      Failed to resolve fields for jdk.internal.misc.Unsafe = "java.lang.reflect.InaccessibleObjectException: Unable to make field private static final jdk.internal.misc.Unsafe jdk.internal.misc.Unsafe.theUnsafe accessible: module java.base does not "opens jdk.internal.misc" to unnamed module @4c70fda8
	at java.base/java.lang.reflect.AccessibleObject.checkCanSetAccessible(AccessibleObject.java:341)
	at java.base/java.lang.reflect.AccessibleObject.checkCanSetAccessible(AccessibleObject.java:281)
	at java.base/java.lang.reflect.Field.checkCanSetAccessible(Field.java:176)
	at java.base/java.lang.reflect.AccessibleObject.setAccessible(AccessibleObject.java:124)
	at com.ibm.ws.logging.internal.impl.IntrospectionLevelMember$2.run(IntrospectionLevelMember.java:316)
	at com.ibm.ws.logging.internal.impl.IntrospectionLevelMember$2.run(IntrospectionLevelMember.java:310)
	at java.base/java.security.AccessController.doPrivileged(AccessController.java:310)
	at com.ibm.ws.logging.internal.impl.IntrospectionLevelMember.getFields(IntrospectionLevelMember.java:310)
	at com.ibm.ws.logging.internal.impl.IntrospectionLevelMember.introspectViaReflection(IntrospectionLevelMember.java:199)
	at com.ibm.ws.logging.internal.impl.IntrospectionLevelMember.getChildren(IntrospectionLevelMember.java:163)
	at com.ibm.ws.logging.internal.impl.IntrospectionLevel.getNextLevel(IntrospectionLevel.java:100)
	at com.ibm.ws.logging.internal.impl.IncidentStreamImpl.introspect(IncidentStreamImpl.java:437)
	at com.ibm.ws.logging.internal.impl.IncidentStreamImpl.introspectAndWrite(IncidentStreamImpl.java:129)
	at com.ibm.ws.logging.internal.impl.IncidentStreamImpl.introspectAndWriteLine(IncidentStreamImpl.java:164)
	at com.ibm.ws.logging.internal.impl.IncidentLogger.logIncident(IncidentLogger.java:97)
	at com.ibm.ws.logging.internal.impl.IncidentLogger.logIncident(IncidentLogger.java:35)
	at com.ibm.ws.logging.internal.impl.IncidentImpl.log(IncidentImpl.java:249)
	at com.ibm.ws.logging.internal.impl.BaseFFDCService.log(BaseFFDCService.java:239)
	at com.ibm.ws.logging.internal.impl.BaseFFDCService.processException(BaseFFDCService.java:216)
	at com.ibm.ws.ffdc.FFDCFilter.processException(FFDCFilter.java:94)
	at com.ibm.ws.classloading.internal.AppClassLoader.findClassBytes(AppClassLoader.java:466)
	at com.ibm.ws.classloading.internal.AppClassLoader.findClass(AppClassLoader.java:280)
	at java.base/java.lang.ClassLoader.loadClass(ClassLoader.java:588)
	at com.ibm.ws.classloading.internal.AppClassLoader.findOrDelegateLoadClass(AppClassLoader.java:522)
	at com.ibm.ws.classloading.internal.AppClassLoader.loadClass(AppClassLoader.java:482)
	at java.base/java.lang.ClassLoader.loadClass(ClassLoader.java:521)
	at org.primefaces.webapp.PreDestroyApplicationEventListener.processEvent(PreDestroyApplicationEventListener.java:41)
	at javax.faces.event.SystemEvent.processListener(SystemEvent.java:49)
	at org.apache.myfaces.application._ApplicationUtils._traverseListenerList(_ApplicationUtils.java:121)
	at org.apache.myfaces.application.ApplicationImpl$SystemListenerEntry.publish(ApplicationImpl.java:2737)
	at org.apache.myfaces.application.ApplicationImpl.publishEvent(ApplicationImpl.java:634)
	at javax.faces.application.ApplicationWrapper.publishEvent(ApplicationWrapper.java:346)
	at org.apache.myfaces.webapp.AbstractFacesInitializer._dispatchApplicationEvent(AbstractFacesInitializer.java:365)
	at org.apache.myfaces.webapp.AbstractFacesInitializer.destroyFaces(AbstractFacesInitializer.java:408)
	at org.apache.myfaces.webapp.StartupServletContextListener.contextDestroyed(StartupServletContextListener.java:130)
	at com.ibm.ws.webcontainer.webapp.WebApp.notifyServletContextDestroyed(WebApp.java:2603)
	at com.ibm.ws.webcontainer.webapp.WebApp.destroy(WebApp.java:3938)
	at com.ibm.ws.webcontainer.osgi.webapp.WebApp.destroy(WebApp.java:1479)
	at com.ibm.ws.container.AbstractContainer.destroy(AbstractContainer.java:79)
	at com.ibm.ws.webcontainer.webapp.WebGroup.destroy(WebGroup.java:215)
	at com.ibm.ws.webcontainer.webapp.WebGroup.removeWebApplication(WebGroup.java:256)
	at com.ibm.ws.webcontainer.VirtualHost.removeWebApplication(VirtualHost.java:264)
	at com.ibm.ws.webcontainer.VirtualHost.removeWebApplication(VirtualHost.java:241)
	at com.ibm.ws.webcontainer.WebContainer.removeWebApplication(WebContainer.java:594)
	at com.ibm.ws.webcontainer.osgi.WebContainer.removeModule(WebContainer.java:1211)
	at com.ibm.ws.webcontainer.osgi.WebContainer.stopModule(WebContainer.java:1175)
	at com.ibm.ws.app.manager.module.internal.ModuleHandlerBase.undeployModule(ModuleHandlerBase.java:133)
	at com.ibm.ws.app.manager.module.internal.DeployedModuleInfoImpl.uninstallModule(DeployedModuleInfoImpl.java:64)
	at com.ibm.ws.app.manager.module.internal.SimpleDeployedAppInfoBase.uninstallApp(SimpleDeployedAppInfoBase.java:497)
	at com.ibm.ws.app.manager.war.internal.WARApplicationHandlerImpl.uninstall(WARApplicationHandlerImpl.java:81)
	at com.ibm.ws.app.manager.internal.statemachine.StopAction.execute(StopAction.java:83)
	at com.ibm.ws.app.manager.internal.statemachine.ApplicationStateMachineImpl.enterState(ApplicationStateMachineImpl.java:1286)
	at com.ibm.ws.app.manager.internal.statemachine.ApplicationStateMachineImpl.performAction(ApplicationStateMachineImpl.java:1129)
	at com.ibm.ws.app.manager.internal.statemachine.ApplicationStateMachineImpl.run(ApplicationStateMachineImpl.java:884)
	at com.ibm.ws.threading.internal.ExecutorServiceImpl$RunnableWrapper.run(ExecutorServiceImpl.java:239)
	at java.base/java.util.concurrent.ThreadPoolExecutor.runWorker(ThreadPoolExecutor.java:1128)
	at java.base/java.util.concurrent.ThreadPoolExecutor$Worker.run(ThreadPoolExecutor.java:628)
	at java.base/java.lang.Thread.run(Thread.java:835)
"
    SIZECTL = 20
    TRANSFERINDEX = 32
    BASECOUNT = 24
    CELLSBUSY = 36
    CELLVALUE = 144
    ABASE = 16
    ASHIFT = 2
    keySet = null
    values = null
  config = class com.ibm.ws.classloading.internal.ClassLoaderConfigurationImpl@41f1b980
    DEFAULT_PROTECTION_DOMAIN = class java.security.ProtectionDomain@54159c57
      filePermCompatInPD = false
      codesource = class java.security.CodeSource@6c6bc1d4
      classloader = null
      principals = interface java.security.Principal[0]
      permissions = null
      hasAllPerm = false
      staticPermissions = true
      key = class java.security.ProtectionDomain$Key@51a84e86
    delegateLast = false
    includeAppExtensions = true
    id = class com.ibm.ws.classloading.serializable.ClassLoaderIdentityImpl@74936009
      serialVersionUID = 1
      DOMAIN = "D"
      ID = "I"
      serialPersistentFields = class java.io.ObjectStreamField[2]
      SEPARATOR = ":"
      domain = "WebModule"
      id = "AsistenciaTeacher#AsistenciaTeacher.war"
      $$$tc$$$ = class com.ibm.websphere.ras.TraceComponent@352d6bb4
    parentId = null
    sharedLibraries = class java.util.ArrayList@411012a2
      serialVersionUID = 8683452581122892189
      DEFAULT_CAPACITY = 10
      EMPTY_ELEMENTDATA = class java.lang.Object[0]
      DEFAULTCAPACITY_EMPTY_ELEMENTDATA = class java.lang.Object[0]
      elementData = class java.lang.Object[0]
      size = 0
      MAX_ARRAY_SIZE = 2147483639
      modCount = 0
      MAX_ARRAY_SIZE = 2147483639
    commonLibraries = class java.util.Collections$EmptyList@10f0d14b
      serialVersionUID = 8842843931221139166
      modCount = 0
      MAX_ARRAY_SIZE = 2147483639
    providers = class java.util.Collections$EmptyList@10f0d14b
    nativeLibraryContainers = class java.util.Collections$EmptyList@10f0d14b
    protectionDomain = class java.security.ProtectionDomain@50c801d0
      filePermCompatInPD = false
      codesource = class java.security.CodeSource@2bf3d349
      classloader = null
      principals = interface java.security.Principal[0]
      permissions = class java.security.Permissions@f0ab349
      hasAllPerm = true
      staticPermissions = true
      key = class java.security.ProtectionDomain$Key@1a537a98
    serialVersionUID = 9091690180200375339
    $$$tc$$$ = class com.ibm.websphere.ras.TraceComponent@9ee4d6a
      strings[0] = "TraceComponent[com.ibm.ws.classloading.internal.ClassLoaderConfigurationImpl,class com.ibm.ws.classloading.internal.ClassLoaderConfigurationImpl,[ClassLoadingService],com.ibm.ws.classloading.internal.resources.ClassLoadingServiceMessages,null]"
  privateLibraries = null
  delegateLoaders = class com.ibm.ws.classloading.internal.util.CompositeIterable@74de2a19
    iterables = class java.util.Arrays$ArrayList@19daad12
      serialVersionUID = -2764017481108945198
      a = interface java.lang.Iterable[2]
      modCount = 0
      MAX_ARRAY_SIZE = 2147483639
    serialVersionUID = -1227195994638150837
    $$$tc$$$ = class com.ibm.websphere.ras.TraceComponent@61e32fb3
      strings[0] = "TraceComponent[com.ibm.ws.classloading.internal.util.CompositeIterable,class com.ibm.ws.classloading.internal.util.CompositeIterable,[ClassLoadingService],com.ibm.ws.classloading.internal.resources.ClassLoadingServiceMessages,null]"
  nativeLibraryFiles = class java.util.ArrayList@2b874311
    serialVersionUID = 8683452581122892189
    DEFAULT_CAPACITY = 10
    EMPTY_ELEMENTDATA = class java.lang.Object[0]
    DEFAULTCAPACITY_EMPTY_ELEMENTDATA = class java.lang.Object[0]
    elementData = class java.lang.Object[0]
    size = 0
    MAX_ARRAY_SIZE = 2147483639
    modCount = 0
    MAX_ARRAY_SIZE = 2147483639
  transformers = class java.util.ArrayList@6043f9fa
    serialVersionUID = 8683452581122892189
    DEFAULT_CAPACITY = 10
    EMPTY_ELEMENTDATA = class java.lang.Object[0]
    DEFAULTCAPACITY_EMPTY_ELEMENTDATA = class java.lang.Object[0]
    elementData = class java.lang.Object[0]
    size = 0
    MAX_ARRAY_SIZE = 2147483639
    modCount = 0
    MAX_ARRAY_SIZE = 2147483639
  apiAccess = class com.ibm.ws.classloading.internal.GatewayClassLoader@446ed4a7
    config = class com.ibm.ws.classloading.internal.GatewayConfigurationImpl@1ba5d273
      bundleRequirements = null
      packageImports = null
      dynamicPackageImports = class java.util.Collections$UnmodifiableRandomAccessList@58e9b4a4
      delegateToSystem = true
      apiTypeVisibility = class java.util.RegularEnumSet@408cccc5
      appName = "AsistenciaTeacher"
      appVersion = null
    wiringMonitor = class com.ibm.ws.classloading.internal.GatewayClassLoader$1@7b5d5292
      this$0 = class com.ibm.ws.classloading.internal.GatewayClassLoader@446ed4a7
      serialVersionUID = -6591900154872362572
      $$$tc$$$ = class com.ibm.websphere.ras.TraceComponent@18c86551
    bundle = class org.eclipse.osgi.internal.framework.EquinoxBundle@6df5ceee
      equinoxContainer = class org.eclipse.osgi.internal.framework.EquinoxContainer@528fcf6b
      module = class org.eclipse.osgi.internal.framework.EquinoxBundle$EquinoxModule@15688a36
      monitor = class java.lang.Object@2bdc3b
      context = class org.eclipse.osgi.internal.framework.BundleContextImpl@2f33dc06
      signerInfos = null
      $SWITCH_TABLE$org$eclipse$osgi$container$Module$State = {1,2,3,4,5,6,7} /* array length = 7 */
    wiring = class org.eclipse.osgi.container.ModuleWiring@386de82b
      GET_CLASSLOADER_PERM = class java.lang.RuntimePermission@75073ce5
      DYNAMICALLY_ADDED_IMPORT_DIRECTIVE = "x.dynamically.added"
      revision = class org.eclipse.osgi.container.ModuleRevision@cb48001
      capabilities = class java.util.ArrayList@394359a6
      requirements = class java.util.ArrayList@71dc59d1
      substitutedPkgNames = class java.util.Collections$EmptyList@10f0d14b
      loader = class org.eclipse.osgi.internal.container.AtomicLazyInitializer@4e726431
      loaderInitializer = class org.eclipse.osgi.container.ModuleWiring$LoaderInitializer@2de890e
      providedWires = class java.util.ArrayList@21f37e9a
      requiredWires = class java.util.ArrayList@3272b9a4
      isValid = true
      dynamicMissRef = class java.util.concurrent.atomic.AtomicReference@6f7c1037
    bundleLoader = class org.eclipse.osgi.internal.loader.EquinoxClassLoader@6cf2e5b0
      EQUINOX_REGISTERED_AS_PARALLEL = true
      configuration = class org.eclipse.osgi.internal.framework.EquinoxConfiguration@55b25b4d
      debug = class org.eclipse.osgi.internal.debug.Debug@4f7441d9
      delegate = class org.eclipse.osgi.internal.loader.BundleLoader@4c9bf3a1
      generation = class org.eclipse.osgi.storage.BundleInfo$Generation@686754f8
      manager = class org.eclipse.osgi.internal.loader.classpath.ClasspathManager@2fc8028a
      isRegisteredAsParallel = true
      ALLPERMISSIONS = class java.security.AllPermissionCollection@425fe423
      REGISTERED_AS_PARALLEL = true
      classNameLocks = class java.util.HashMap@51ca1132
      pkgLock = class java.lang.Object@3585f67
    resourceProviders = class com.ibm.ws.classloading.internal.CompositeResourceProvider@6b68425e
      lockFactory = class java.util.concurrent.locks.ReentrantReadWriteLock@37f5ffeb
      providerMap = class com.ibm.ws.classloading.internal.util.MultiMap@da5216d
      serialVersionUID = -5576435894946156347
      $$$tc$$$ = class com.ibm.websphere.ras.TraceComponent@68598592
    serialVersionUID = -4256474098847905153
    $$$tc$$$ = class com.ibm.websphere.ras.TraceComponent@74008c73
      strings[0] = "TraceComponent[com.ibm.ws.classloading.internal.GatewayClassLoader,class com.ibm.ws.classloading.internal.GatewayClassLoader,[ClassLoadingService],com.ibm.ws.classloading.internal.resources.ClassLoadingServiceMessages,null]"
  generator = class com.ibm.ws.classloading.internal.ClassGeneratorManager@511e9a21
    tc = class com.ibm.websphere.ras.TraceComponent@4464c22b
      strings[0] = "TraceComponent[com.ibm.ws.classloading.internal.ClassGeneratorManager,class com.ibm.ws.classloading.internal.ClassGeneratorManager,[ClassLoadingService],com.ibm.ws.classloading.internal.resources.ClassLoadingServiceMessages,null]"
    generatorRefs = class com.ibm.wsspi.kernel.service.utils.ConcurrentServiceReferenceSet@5d24a501
      referenceName = "generators"
      contextRef = class java.util.concurrent.atomic.AtomicReference@506fa467
      elementMap = class java.util.LinkedHashMap@4bf54ede
      elementSet = class java.util.concurrent.ConcurrentSkipListSet@2813d170
      elementSetUnsorted = false
      serialVersionUID = 756240983881166148
      $$$tc$$$ = class com.ibm.websphere.ras.TraceComponent@5c81a74
    serialVersionUID = 4152663586056483310
  protectionDomains = class java.util.concurrent.ConcurrentHashMap@2cb261cb
    serialVersionUID = 7249069246763182397
    MAXIMUM_CAPACITY = 1073741824
    DEFAULT_CAPACITY = 16
    MAX_ARRAY_SIZE = 2147483639
    DEFAULT_CONCURRENCY_LEVEL = 16
    LOAD_FACTOR = 0.75
    TREEIFY_THRESHOLD = 8
    UNTREEIFY_THRESHOLD = 6
    MIN_TREEIFY_CAPACITY = 64
    MIN_TRANSFER_STRIDE = 16
    RESIZE_STAMP_BITS = 16
    MAX_RESIZERS = 65535
    RESIZE_STAMP_SHIFT = 16
    MOVED = -1
    TREEBIN = -2
    RESERVED = -3
    HASH_BITS = 2147483647
    NCPU = 4
    serialPersistentFields = class java.io.ObjectStreamField[3]
    table = class java.util.concurrent.ConcurrentHashMap$Node[16]
      Node[0] = null
      Node[1] = null
      Node[2] = class java.util.concurrent.ConcurrentHashMap$Node@614f59c5
      Node[3] = null
      Node[4] = null
      Node[5] = null
      Node[6] = null
      Node[7] = null
      Node[8] = null
      Node[9] = class java.util.concurrent.ConcurrentHashMap$Node@3f5b9bd3
      Node[10] = null
      Node[11] = class java.util.concurrent.ConcurrentHashMap$Node@5a24ca5a
      Node[12] = null
      Node[13] = null
      Node[14] = null
      Node[15] = null
    nextTable = null
    baseCount = 3
    sizeCtl = 12
    transferIndex = 0
    cellsBusy = 0
    counterCells = null
    keySet = null
    values = null
    entrySet = null
    U = class jdk.internal.misc.Unsafe@649d15ed
    SIZECTL = 20
    TRANSFERINDEX = 32
    BASECOUNT = 24
    CELLSBUSY = 36
    CELLVALUE = 144
    ABASE = 16
    ASHIFT = 2
    keySet = null
    values = null
  parent = class com.ibm.ws.classloading.internal.GatewayClassLoader@446ed4a7
  hook = null
  serialVersionUID = 7911131531697267209
  tc = class com.ibm.websphere.ras.TraceComponent@55e31bf6
    strings[0] = "TraceComponent[com.ibm.ws.classloading.internal.ContainerClassLoader,class com.ibm.ws.classloading.internal.ContainerClassLoader,[ClassLoadingService],com.ibm.ws.classloading.internal.resources.ClassLoadingServiceMessages,null]"
  smartClassPath = class com.ibm.ws.classloading.internal.ContainerClassLoader$SmartClassPathImpl@29b908a6
    rwLock = class java.util.concurrent.locks.ReentrantReadWriteLock@68cf2c85
      serialVersionUID = -6992448646407690164
      readerLock = class java.util.concurrent.locks.ReentrantReadWriteLock$ReadLock@4b9fa71
      writerLock = class java.util.concurrent.locks.ReentrantReadWriteLock$WriteLock@b4baf79
      sync = class java.util.concurrent.locks.ReentrantReadWriteLock$FairSync@71bc3925
    outstandingContainers = class java.util.concurrent.atomic.AtomicInteger@290ba63c
      serialVersionUID = 6214790243416807050
      U = class jdk.internal.misc.Unsafe@649d15ed
      VALUE = 12
      value = 0
      serialVersionUID = -8742448824652078965
    usePackageMap = true
    maxLastNotFound = 250
    maxLastFound = 900
    maxLastReallyNotFound = 900
    propsInUse = false
    classPath = class java.util.concurrent.CopyOnWriteArrayList@395de44c
      serialVersionUID = 8673264195747942595
      lock = class java.lang.Object@29135eab
      array = class java.lang.Object[5]
    MAX_LASTNOTFOUND = 250
    lastNotFound = class java.util.concurrent.CopyOnWriteArrayList@22cf6d22
      serialVersionUID = 8673264195747942595
      lock = class java.lang.Object@79f8624a
      array = class java.lang.Object[5]
    MAX_LASTFOUND = 900
    lastFoundURL = class java.util.Collections$SynchronizedMap@3375d6fa
      serialVersionUID = 1978198479659022715
      m = class com.ibm.ws.util.CacheHashMap@5c714fa2
      mutex = class java.util.Collections$SynchronizedMap@3375d6fa
      keySet = null
      entrySet = null
      values = null
    MAX_LASTREALLYNOTFOUND = 900
    lastReallyNotFoundURL = class java.util.Collections$SynchronizedMap@473bbcee
      serialVersionUID = 1978198479659022715
      m = class com.ibm.ws.util.CacheHashMap@5c1f0846
      mutex = class java.util.Collections$SynchronizedMap@473bbcee
      keySet = null
      entrySet = null
      values = null
    packageMap = class java.util.HashMap@11125fc1
      serialVersionUID = 362498820763181265
      DEFAULT_INITIAL_CAPACITY = 16
      MAXIMUM_CAPACITY = 1073741824
      DEFAULT_LOAD_FACTOR = 0.75
      TREEIFY_THRESHOLD = 8
      UNTREEIFY_THRESHOLD = 6
      MIN_TREEIFY_CAPACITY = 64
      table = class java.util.HashMap$Node[1024]
      entrySet = null
      size = 389
      modCount = 389
      threshold = 768
      loadFactor = 0.75
      keySet = null
      values = null
    containers = class java.util.Collections$SetFromMap@486d96bc
      m = class java.util.WeakHashMap@5fdb6524
      s = class java.util.WeakHashMap$KeySet@6c8e9e72
      serialVersionUID = 2454657854757543876
      MAX_ARRAY_SIZE = 2147483639
    serialVersionUID = 5999673258880429274
    $$$tc$$$ = class com.ibm.websphere.ras.TraceComponent@3b6dfd78
      strings[0] = "TraceComponent[com.ibm.ws.classloading.internal.ContainerClassLoader$SmartClassPathImpl,class com.ibm.ws.classloading.internal.ContainerClassLoader$SmartClassPathImpl,[ClassLoadingService],com.ibm.ws.classloading.internal.resources.ClassLoadingServiceMessages,null]"
  nativeLibraryContainers = class java.util.ArrayList@3837494b
    serialVersionUID = 8683452581122892189
    DEFAULT_CAPACITY = 10
    EMPTY_ELEMENTDATA = class java.lang.Object[0]
    DEFAULTCAPACITY_EMPTY_ELEMENTDATA = class java.lang.Object[0]
    elementData = class java.lang.Object[0]
    size = 0
    MAX_ARRAY_SIZE = 2147483639
    modCount = 0
    MAX_ARRAY_SIZE = 2147483639
  redefiner = class com.ibm.ws.classloading.internal.util.ClassRedefiner@6795d435
    tc = class com.ibm.websphere.ras.TraceComponent@5628d08a
      strings[0] = "TraceComponent[com.ibm.ws.classloading.internal.util.ClassRedefiner,class com.ibm.ws.classloading.internal.util.ClassRedefiner,[ClassLoadingService],com.ibm.ws.classloading.internal.resources.ClassLoadingServiceMessages,null]"
    LS = "
"
    inst = class com.ibm.ws.kernel.launch.internal.TraceInstrumentation@ab93aa7
      tc = class com.ibm.websphere.ras.TraceComponent@6bf0219d
      instrumentation = class sun.instrument.InstrumentationImpl@1cff2cbe
      traceTransformers = class java.util.Collections$SynchronizedMap@30a74cdd
      serialVersionUID = -4890921657066748572
    serialVersionUID = 2420101865139508526
  jarProtocol = "wsjar:"
  mapCreationQueue = class java.util.concurrent.Executors$FinalizableDelegatedExecutorService@1d1d4de2
    e = class java.util.concurrent.ThreadPoolExecutor@57045bcb
      ctl = class java.util.concurrent.atomic.AtomicInteger@17d05c2f
      COUNT_BITS = 29
      COUNT_MASK = 536870911
      RUNNING = -536870912
      SHUTDOWN = 0
      STOP = 536870912
      TIDYING = 1073741824
      TERMINATED = 1610612736
      workQueue = class java.util.concurrent.LinkedBlockingQueue@41b619cb
      mainLock = class java.util.concurrent.locks.ReentrantLock@515365c9
      workers = class java.util.HashSet@7893c1e
      termination = class java.util.concurrent.locks.AbstractQueuedSynchronizer$ConditionObject@12ad39e4
      largestPoolSize = 1
      completedTaskCount = 0
      threadFactory = class com.ibm.ws.classloading.internal.ContainerClassLoader$1@63a4123b
      handler = class java.util.concurrent.ThreadPoolExecutor$AbortPolicy@7aba9137
      keepAliveTime = 0
      allowCoreThreadTimeOut = false
      corePoolSize = 1
      maximumPoolSize = 1
      defaultHandler = class java.util.concurrent.ThreadPoolExecutor$AbortPolicy@7aba9137
      shutdownPerm = class java.lang.RuntimePermission@3e09627e
      ONLY_ONE = true
      $assertionsDisabled = true
  serialVersionUID = 4390450102868895350
  serialVersionUID = -7411549862368381758
  $$$tc$$$ = class com.ibm.websphere.ras.TraceComponent@10ab1ae
    strings[0] = "TraceComponent[com.ibm.ws.classloading.internal.IdentifiedLoader,class com.ibm.ws.classloading.internal.IdentifiedLoader,[ClassLoadingService],com.ibm.ws.classloading.internal.resources.ClassLoadingServiceMessages,null]"
  serialVersionUID = -4868702105808481416
  $$$tc$$$ = class com.ibm.websphere.ras.TraceComponent@1ff2d3a1
    strings[0] = "TraceComponent[com.ibm.ws.classloading.internal.LibertyLoader,class com.ibm.ws.classloading.internal.LibertyLoader,[ClassLoadingService],com.ibm.ws.classloading.internal.resources.ClassLoadingServiceMessages,null]"
  serialVersionUID = 2596921220292114344
  $$$tc$$$ = class com.ibm.websphere.ras.TraceComponent@583661e1
    strings[0] = "TraceComponent[com.ibm.ws.classloading.LibertyClassLoader,class com.ibm.ws.classloading.LibertyClassLoader,[ClassLoadingService],com.ibm.ws.classloading.internal.resources.ClassLoadingServiceMessages,null]"
  pdcache = class java.util.concurrent.ConcurrentHashMap@4744fb9e
    serialVersionUID = 7249069246763182397
    MAXIMUM_CAPACITY = 1073741824
    DEFAULT_CAPACITY = 16
    MAX_ARRAY_SIZE = 2147483639
    DEFAULT_CONCURRENCY_LEVEL = 16
    LOAD_FACTOR = 0.75
    TREEIFY_THRESHOLD = 8
    UNTREEIFY_THRESHOLD = 6
    MIN_TREEIFY_CAPACITY = 64
    MIN_TRANSFER_STRIDE = 16
    RESIZE_STAMP_BITS = 16
    MAX_RESIZERS = 65535
    RESIZE_STAMP_SHIFT = 16
    MOVED = -1
    TREEBIN = -2
    RESERVED = -3
    HASH_BITS = 2147483647
    NCPU = 4
    serialPersistentFields = class java.io.ObjectStreamField[3]
    table = null
    nextTable = null
    baseCount = 0
    sizeCtl = 16
    transferIndex = 0
    cellsBusy = 0
    counterCells = null
    keySet = null
    values = null
    entrySet = null
    U = class jdk.internal.misc.Unsafe@649d15ed
    SIZECTL = 20
    TRANSFERINDEX = 32
    BASECOUNT = 24
    CELLSBUSY = 36
    CELLVALUE = 144
    ABASE = 16
    ASHIFT = 2
    keySet = null
    values = null

Dump of objectArray[0]
Object type = java.lang.String
  String value = "org.primefaces.util.Lazy"

