------Start of DE processing------ = [16/06/19 00:06:06:434 PET]
Exception = com.ibm.ws.container.service.state.StateChangeException
Source = com.ibm.ws.app.manager.module.internal.DeployedAppInfoBase
probeid = 385
Stack Dump = com.ibm.ws.container.service.state.StateChangeException: org.jboss.weld.exceptions.DeploymentException: WELD-001408: Unsatisfied dependencies for type ServiceModel with qualifiers @Default
  at injection point [BackedAnnotatedField] @Inject private testingPrimefaces.view.ModelView.serviceModel
  at testingPrimefaces.view.ModelView.serviceModel(ModelView.java:0)

	at com.ibm.ws.container.service.state.internal.ApplicationStateManager.fireStarting(ApplicationStateManager.java:32)
	at com.ibm.ws.container.service.state.internal.StateChangeServiceImpl.fireApplicationStarting(StateChangeServiceImpl.java:50)
	at com.ibm.ws.app.manager.module.internal.DeployedAppInfoBase.preDeployApp(DeployedAppInfoBase.java:384)
	at com.ibm.ws.app.manager.module.internal.DeployedAppInfoBase.deployApp(DeployedAppInfoBase.java:413)
	at com.ibm.ws.app.manager.war.internal.WARApplicationHandlerImpl.install(WARApplicationHandlerImpl.java:65)
	at com.ibm.ws.app.manager.internal.statemachine.StartAction.execute(StartAction.java:140)
	at com.ibm.ws.app.manager.internal.statemachine.ApplicationStateMachineImpl.enterState(ApplicationStateMachineImpl.java:1261)
	at com.ibm.ws.app.manager.internal.statemachine.ApplicationStateMachineImpl.performAction(ApplicationStateMachineImpl.java:1129)
	at com.ibm.ws.app.manager.internal.statemachine.ApplicationStateMachineImpl.run(ApplicationStateMachineImpl.java:884)
	at com.ibm.ws.threading.internal.ExecutorServiceImpl$RunnableWrapper.run(ExecutorServiceImpl.java:239)
	at java.base/java.util.concurrent.ThreadPoolExecutor.runWorker(ThreadPoolExecutor.java:1128)
	at java.base/java.util.concurrent.ThreadPoolExecutor$Worker.run(ThreadPoolExecutor.java:628)
	at java.base/java.lang.Thread.run(Thread.java:835)
Caused by: org.jboss.weld.exceptions.DeploymentException: WELD-001408: Unsatisfied dependencies for type ServiceModel with qualifiers @Default
  at injection point [BackedAnnotatedField] @Inject private testingPrimefaces.view.ModelView.serviceModel
  at testingPrimefaces.view.ModelView.serviceModel(ModelView.java:0)

	at org.jboss.weld.bootstrap.Validator.validateInjectionPointForDeploymentProblems(Validator.java:378)
	at org.jboss.weld.bootstrap.Validator.validateInjectionPoint(Validator.java:290)
	at org.jboss.weld.bootstrap.Validator.validateGeneralBean(Validator.java:143)
	at org.jboss.weld.bootstrap.Validator.validateRIBean(Validator.java:164)
	at org.jboss.weld.bootstrap.Validator.validateBean(Validator.java:526)
	at org.jboss.weld.bootstrap.ConcurrentValidator$1.doWork(ConcurrentValidator.java:64)
	at org.jboss.weld.bootstrap.ConcurrentValidator$1.doWork(ConcurrentValidator.java:62)
	at org.jboss.weld.executor.IterativeWorkerTaskFactory$1.call(IterativeWorkerTaskFactory.java:62)
	at org.jboss.weld.executor.IterativeWorkerTaskFactory$1.call(IterativeWorkerTaskFactory.java:55)
	at com.ibm.ws.threading.internal.PolicyTaskFutureImpl.run(PolicyTaskFutureImpl.java:724)
	at com.ibm.ws.threading.internal.PolicyExecutorImpl.runTask(PolicyExecutorImpl.java:1134)
	at com.ibm.ws.threading.internal.PolicyExecutorImpl.invokeAll(PolicyExecutorImpl.java:683)
	at com.ibm.ws.concurrent.internal.ManagedExecutorServiceImpl.invokeAll(ManagedExecutorServiceImpl.java:413)
	at org.jboss.weld.executor.AbstractExecutorServices.invokeAllAndCheckForExceptions(AbstractExecutorServices.java:59)
	at org.jboss.weld.executor.AbstractExecutorServices.invokeAllAndCheckForExceptions(AbstractExecutorServices.java:67)
	at org.jboss.weld.bootstrap.ConcurrentValidator.validateBeans(ConcurrentValidator.java:62)
	at org.jboss.weld.bootstrap.Validator.validateDeployment(Validator.java:487)
	at org.jboss.weld.bootstrap.WeldStartup.validateBeans(WeldStartup.java:496)
	at org.jboss.weld.bootstrap.WeldBootstrap.validateBeans(WeldBootstrap.java:93)
	at com.ibm.ws.cdi.impl.CDIContainerImpl.startInitialization(CDIContainerImpl.java:152)
	at com.ibm.ws.cdi.liberty.CDIRuntimeImpl.applicationStarting(CDIRuntimeImpl.java:438)
	at com.ibm.ws.container.service.state.internal.ApplicationStateManager.fireStarting(ApplicationStateManager.java:28)
	... 12 more

Dump of callerThis
Object type = com.ibm.ws.app.manager.war.internal.WARDeployedAppInfo
  CONTEXT_ROOT = "context-root"
  webModuleHandler = class com.ibm.ws.app.manager.web.internal.WebModuleHandlerImpl@6352e68c
    serialVersionUID = 4795602325763828210
    $$$tc$$$ = class com.ibm.websphere.ras.TraceComponent@618a2a95
      strings[0] = "TraceComponent[com.ibm.ws.app.manager.web.internal.WebModuleHandlerImpl,class com.ibm.ws.app.manager.web.internal.WebModuleHandlerImpl,[webcontainer, applications, app.manager],com.ibm.ws.app.manager.war.internal.resources.Messages,null]"
    futureMonitor = class com.ibm.ws.threading.internal.FutureMonitorImpl@2a545b13
    metaDataService = class com.ibm.ws.container.service.metadata.internal.MetaDataServiceImpl@2bf1655b
    stateChangeService = class com.ibm.ws.container.service.state.internal.StateChangeServiceImpl@354469ef
    moduleRuntimeContainer = class com.ibm.ws.webcontainer.osgi.WebContainer@29dc2a2b
      tc = class com.ibm.websphere.ras.TraceComponent@6f2e905d
      CLASS_NAME = "com.ibm.ws.webcontainer.osgi.WebContainer"
      initialized = true
      eventService = class com.ibm.ws.event.internal.EventEngineImpl@779bd099
      futureMonitor = class com.ibm.ws.threading.internal.FutureMonitorImpl@2a545b13
      classLoadingSRRef = class com.ibm.wsspi.kernel.service.utils.AtomicServiceReference@36b66098
      sessionHelperSRRef = class com.ibm.wsspi.kernel.service.utils.AtomicServiceReference@8e0a9b4
      cacheManagerSRRef = class com.ibm.wsspi.kernel.service.utils.AtomicServiceReference@6e645f6b
      injectionEngineSRRef = class com.ibm.wsspi.kernel.service.utils.AtomicServiceReference@47524526
      managedObjectServiceSRRef = class com.ibm.wsspi.kernel.service.utils.AtomicServiceReference@42654ff4
      backgroundWebAppStartFutures = class com.ibm.ws.webcontainer.util.OneTimeUseArrayList@4f45e305
      REFERENCE_WEB_MBEAN_RUNTIME = "webMBeanRuntime"
      webMBeanRuntimeServiceRef = class com.ibm.wsspi.kernel.service.utils.AtomicServiceReference@3166281
      servletContainerInitializers = class com.ibm.wsspi.kernel.service.utils.ConcurrentServiceReferenceSet@56386cb0
      es = class com.ibm.ws.threading.internal.ExecutorServiceImpl@77e08746
      locationServiceRef = class java.util.concurrent.atomic.AtomicReference@3e4a936c
      transferContextServiceRef = class com.ibm.wsspi.kernel.service.utils.ConcurrentServiceReferenceSet@5ef7026b
      encodingServiceRef = class java.util.concurrent.atomic.AtomicReference@6e45715e
      instance = class java.util.concurrent.atomic.AtomicReference@7b8dcdca
      vhostManager = class com.ibm.ws.webcontainer.osgi.DynamicVirtualHostManager@1136f024
      metaDataService = class com.ibm.ws.container.service.metadata.internal.MetaDataServiceImpl@2bf1655b
      j2eeNameFactory = class com.ibm.ws.container.service.metadata.internal.J2EENameFactoryImpl@77b45c33
      context = class org.apache.felix.scr.impl.manager.ComponentContextImpl@323e0c1a
      contextRoots = class java.util.Collections$SynchronizedSet@2748640a
      pendingContextRoots = class java.util.HashMap@1d90717
      deployedModuleMap = class java.util.concurrent.ConcurrentHashMap@54d996db
      connContextPool = class com.ibm.ws.webcontainer40.osgi.srt.factory.SRTConnectionContextPool40Impl@16c51e86
      DEFAULT_PORT = "*"
      DEFAULT_VHOST_NAME = "default_host"
      cachedServerInfo = "IBM WebSphere Liberty/19.0.0.3"
      lock = class com.ibm.ws.webcontainer.osgi.WebContainer$1@72c94060
      webAppFactory = class com.ibm.ws.webcontainer40.osgi.webapp.factory.WebAppFactory40Impl@3be11091
      requestFactory = class com.ibm.ws.webcontainer40.osgi.response.factory.IRequestResponseFactory40Impl@23162678
      responseFactory = class com.ibm.ws.webcontainer40.osgi.response.factory.IRequestResponseFactory40Impl@23162678
      asyncContextFactory = class com.ibm.ws.webcontainer40.async.factory.AsyncContextFactory40Impl@1d193db2
      DEFAULT_MAX_VERSION = 30
      versionRef = class org.eclipse.osgi.internal.serviceregistry.ServiceReferenceImpl@25ebb431
      serverStopping = class com.ibm.ws.staticvalue.StaticValue$FinalSingleton@163d4d85
      modulesStarting = 0
      uriMatcherFactory = class com.ibm.wsspi.webcontainer40.util.factory.URIMatcherFactory40Impl@48a9cdc
      SPEC_LEVEL_UNLOADED = -1
      SPEC_LEVEL_30 = 30
      SPEC_LEVEL_31 = 31
      SPEC_LEVEL_40 = 40
      DEFAULT_SPEC_LEVEL = 30
      loadedContainerSpecLevel = 40
      ISO = "ISO-8859-1"
      encoding = "UTF-8"
      decode = true
      wcconfig = class com.ibm.ws.webcontainer.osgi.WebContainerConfiguration@2898a94a
      applicationListeners = class java.util.ArrayList@54b588b9
      servletListeners = class java.util.ArrayList@489828f
      servletErrorListeners = class java.util.ArrayList@28f4719
      servletInvocationListeners = class java.util.ArrayList@6f306cfb
      filterInvocationListeners = class java.util.ArrayList@17b8d1e4
      filterErrorListeners = class java.util.ArrayList@5fedb466
      filterListeners = class java.util.ArrayList@2722970d
      servletRequestListeners = class java.util.ArrayList@4b9960a6
      servletRequestAttributeListeners = class java.util.ArrayList@1a7fafc0
      servletContextListeners = class java.util.ArrayList@2883766d
      servletContextAttributeListeners = class java.util.ArrayList@1baa168f
      sessionListeners = class java.util.ArrayList@1bb6c90c
      sessionIdListeners = class java.util.ArrayList@7cd06415
      sessionAttributeListeners = class java.util.ArrayList@4fd345fc
      DEFAULT_HOST = "default_host"
      _initialized = true
      logger = class com.ibm.ws.logging.internal.WsLogger@4063ce7
      CLASS_NAME = "com.ibm.ws.webcontainer.internal.WebContainer"
      nls = class com.ibm.ejs.ras.TraceNLS@29557bc2
      self = class java.util.concurrent.atomic.AtomicReference@565a4231
      _cipherToBit = class java.util.HashMap@37301a3
      cacheKeyStringBuilder = class com.ibm.ws.util.WSThreadLocal@3627e42e
      listenersInitialized = true
      webConProperties = class java.util.Properties@342e1243
      sessionRegistry = null
      isStopped = false
      readWriteLockForStopping = class java.util.concurrent.locks.ReentrantReadWriteLock@3061953d
      urlPrefix = ";jsessionid="
      extensionFactories = class java.util.ArrayList@2b84f48b
      postInitExtensionFactories = null
      httpResponseListeners = class java.util.ArrayList@220b7341
      servletContainerInitializers = class java.util.ServiceLoader@66f3c149
      auditManager = class com.ibm.websphere.security.audit.context.AuditManager@5a0778d7
      invocationCacheSize = 500
      decodePlusSign = true
      _cacheMap = class java.util.concurrent.ConcurrentHashMap@56abffb0
      _cacheSize = class java.util.concurrent.atomic.AtomicInteger@2f430f5f
      vHostCompatFlag = false
      platformHelper = class com.ibm.ws.webcontainer.PlatformHelper@57426a77
      isDefaultTempDir = true
      tempDir = null
      servletCachingInitNeeded = true
      appInstallBegun = true
      cacheServletWrapperFactory = class com.ibm.ws.webcontainer40.servlet.factory.CacheServletWrapperFactory40Impl@36e26188
      commands = class java.util.ArrayList@3f3d4e9b
      requestMapper = class com.ibm.ws.webcontainer.util.VirtualHostContextRootMapper@8b397d4
      parent = null
      name = "Was.webcontainer"
      isAlive = true
      subElements = class java.util.HashMap@4ce65567
      attributes = null
      config = null
      serialVersionUID = -8271459000149267764
      $$$tc$$$ = class com.ibm.websphere.ras.TraceComponent@36860427
    firstFailure = null
    serialVersionUID = -4563697739413190872
    $$$tc$$$ = class com.ibm.websphere.ras.TraceComponent@7febf6a0
      strings[0] = "TraceComponent[com.ibm.ws.app.manager.module.internal.ModuleHandlerBase,class com.ibm.ws.app.manager.module.internal.ModuleHandlerBase,[applications, app.manager],,null]"
  webContainerModuleInfo = class com.ibm.ws.app.manager.module.internal.SimpleDeployedAppInfoBase$WebModuleContainerInfo@39ce2ae1
    contextRoot = null
    defaultContextRoot = "testingPrimefaces"
    serialVersionUID = -8158961796913348204
    $$$tc$$$ = class com.ibm.websphere.ras.TraceComponent@4be3aefc
      strings[0] = "TraceComponent[com.ibm.ws.app.manager.module.internal.SimpleDeployedAppInfoBase$WebModuleContainerInfo,class com.ibm.ws.app.manager.module.internal.SimpleDeployedAppInfoBase$WebModuleContainerInfo,[applications, app.manager],,null]"
    moduleHandler = class com.ibm.ws.app.manager.web.internal.WebModuleHandlerImpl@6352e68c
    moduleMetaDataExtenders = class java.util.concurrent.CopyOnWriteArrayList@631f7e75
      serialVersionUID = 8673264195747942595
      lock = class java.lang.Object@5596799a
      array = class java.lang.Object[3]
    nestedModuleMetaDataFactories = class java.util.concurrent.CopyOnWriteArrayList@37d5bc66
      serialVersionUID = 8673264195747942595
      lock = class java.lang.Object@232c312f
      array = class java.lang.Object[1]
    nestedModules = null
    moduleName = "testingPrimefaces"
    moduleDD = class com.ibm.ws.javaee.ddmodel.web.common.WebAppType@16375443
      version = class com.ibm.ws.javaee.ddmodel.TokenType@5739011
      metadata_complete = null
      module_name = null
      absolute_ordering = null
      serialVersionUID = 4092807504738198665
      $$$tc$$$ = class com.ibm.websphere.ras.TraceComponent@6d6c9269
      description = null
      display_name = null
      icon = null
      distributable = null
      context_param = class com.ibm.ws.javaee.ddmodel.common.ParamValueType$ListType@78425248
      filter = null
      filter_mapping = null
      listener = null
      servlet = class com.ibm.ws.javaee.ddmodel.web.common.ServletType$ListType@a5aea52
      servlet_mapping = class com.ibm.ws.javaee.ddmodel.web.common.ServletMappingType$ListType@154be169
      session_config = class com.ibm.ws.javaee.ddmodel.web.common.SessionConfigType@14e1fe8f
      mime_mapping = class com.ibm.ws.javaee.ddmodel.web.common.MimeMappingType$ListType@7edb2e49
      welcome_file_list = class com.ibm.ws.javaee.ddmodel.web.common.WelcomeFileListType@230e53ba
      error_page = class com.ibm.ws.javaee.ddmodel.web.common.ErrorPageType$ListType@6904ae1b
      jsp_config = null
      security_constraint = null
      deny_uncovered_http_methods = null
      login_config = null
      security_role = null
      message_destination = null
      locale_encoding_mapping_list = null
      default_context_path = null
      request_encoding = null
      response_encoding = null
      servletNameToServletMap = null
      filterNameToFilterMap = null
      ejbRefNameToEJBLocalRefMap = null
      ejbRefNameToEJBRefMap = null
      resourceEnvRefNameToResourceEnvRefMap = null
      messageDestinationRefNameToMessageDestinationRefMap = null
      resRefNameToResourceRefMap = null
      envEntryNameToEnvEntryMap = null
      roleNameToSecurityRoleMap = null
      roleLinkToSecurityRoleRefMap = null
      handlerNameToHandlerMap = null
      path = "WEB-INF/web.xml"
      idMap = class com.ibm.ws.javaee.ddmodel.DDParser$ComponentIDMap@728a2032
      serialVersionUID = 5321339975883512588
      $$$tc$$$ = class com.ibm.websphere.ras.TraceComponent@2d6f6362
      post_construct = null
      pre_destroy = null
      serialVersionUID = 1102064201943992836
      $$$tc$$$ = class com.ibm.websphere.ras.TraceComponent@1d3baf01
      env_entry = null
      ejb_ref = null
      ejb_local_ref = null
      resource_ref = null
      resource_env_ref = null
      message_destination_ref = null
      persistence_context_ref = null
      persistence_unit_ref = null
      data_source = null
      jms_connection_factory = null
      jms_destination = null
      mail_session = null
      connection_factory = null
      administered_object = null
      serialVersionUID = 8931982405528922228
      $$$tc$$$ = class com.ibm.websphere.ras.TraceComponent@5e6ec626
      service_ref = null
      serialVersionUID = -6199862059825607270
      $$$tc$$$ = class com.ibm.websphere.ras.TraceComponent@53b2148e
      nilled = false
      serialVersionUID = -2826386306561723362
      $$$tc$$$ = class com.ibm.websphere.ras.TraceComponent@7293c033
    moduleInfo = class com.ibm.ws.app.manager.module.internal.WebModuleInfoImpl@9e42b85
      contextRoot = "/testingPrimefaces"
      isDefaultContextRootUsed = true
      serialVersionUID = -1540279394520440503
      $$$tc$$$ = class com.ibm.websphere.ras.TraceComponent@54425a8e
      tc = class com.ibm.websphere.ras.TraceComponent@2302e331
      appInfo = class com.ibm.ws.container.service.app.deploy.internal.ApplicationInfoImpl@fac2f29
      moduleName = "testingPrimefaces"
      path = "testingPrimefaces.war"
      moduleContainer = class com.ibm.ws.adaptable.module.internal.AdaptableContainerImpl@58e67ab9
      altDDEntry = null
      moduleClassesContainers = class java.util.ArrayList@44f36ca
      classLoaderFactory = class com.ibm.ws.app.manager.war.internal.WARDeployedAppInfo@5beed5d
      containerInfoType = class com.ibm.ws.container.service.app.deploy.ContainerInfo$Type@1c3b1fee
      classLoader = class com.ibm.ws.classloading.internal.AppClassLoader@2adb0514
      moduleMetaData = class com.ibm.ws.webcontainer.osgi.metadata.WebModuleMetaDataImpl@6a5f3d24
      nestedModuleMetaDataTypes = null
      nestedModuleMetaDataValues = null
      serialVersionUID = 3986734351620206554
    serialVersionUID = 8693907776607441911
    $$$tc$$$ = class com.ibm.websphere.ras.TraceComponent@652532f2
      strings[0] = "TraceComponent[com.ibm.ws.app.manager.module.internal.SimpleDeployedAppInfoBase$ModuleContainerInfoBase,class com.ibm.ws.app.manager.module.internal.SimpleDeployedAppInfoBase$ModuleContainerInfoBase,[applications, app.manager],,null]"
    type = class com.ibm.ws.container.service.app.deploy.ContainerInfo$Type@1c3b1fee
      MANIFEST_CLASSPATH = class com.ibm.ws.container.service.app.deploy.ContainerInfo$Type@425de97d
      WEB_INF_CLASSES = class com.ibm.ws.container.service.app.deploy.ContainerInfo$Type@66a8a6af
      WEB_INF_LIB = class com.ibm.ws.container.service.app.deploy.ContainerInfo$Type@2e259e1f
      EAR_LIB = class com.ibm.ws.container.service.app.deploy.ContainerInfo$Type@7e67fca2
      WEB_MODULE = class com.ibm.ws.container.service.app.deploy.ContainerInfo$Type@1c3b1fee
      EJB_MODULE = class com.ibm.ws.container.service.app.deploy.ContainerInfo$Type@535ce412
      CLIENT_MODULE = class com.ibm.ws.container.service.app.deploy.ContainerInfo$Type@70e2ad08
      RAR_MODULE = class com.ibm.ws.container.service.app.deploy.ContainerInfo$Type@7235106d
      JAR_MODULE = class com.ibm.ws.container.service.app.deploy.ContainerInfo$Type@33f67065
      SHARED_LIB = class com.ibm.ws.container.service.app.deploy.ContainerInfo$Type@73e7e7d
      $VALUES = class com.ibm.ws.container.service.app.deploy.ContainerInfo$Type[10]
      $$$tc$$$ = class com.ibm.websphere.ras.TraceComponent@246812a7
      name = "WEB_MODULE"
      ordinal = 4
    name = "testingPrimefaces.war"
    container = class com.ibm.ws.adaptable.module.internal.AdaptableContainerImpl@58e67ab9
    altDDEntry = null
    classesContainerInfo = class java.util.ArrayList@44f36ca
      serialVersionUID = 8683452581122892189
      DEFAULT_CAPACITY = 10
      EMPTY_ELEMENTDATA = class java.lang.Object[0]
      DEFAULTCAPACITY_EMPTY_ELEMENTDATA = class java.lang.Object[0]
      elementData = class java.lang.Object[10]
      size = 5
      MAX_ARRAY_SIZE = 2147483639
      modCount = 6
      MAX_ARRAY_SIZE = 2147483639
    serialVersionUID = 7427332431485745589
    $$$tc$$$ = class com.ibm.websphere.ras.TraceComponent@19b63a5d
      strings[0] = "TraceComponent[com.ibm.ws.app.manager.module.internal.SimpleDeployedAppInfoBase$ExtendedContainerInfo,class com.ibm.ws.app.manager.module.internal.SimpleDeployedAppInfoBase$ExtendedContainerInfo,[applications, app.manager],,null]"
  DYNAMIC_IMPORT_PACKAGE_LIST = class java.util.Collections$UnmodifiableRandomAccessList@34a64b63
    serialVersionUID = -2542308836966382001
    serialVersionUID = -283967356065247728
    list = class java.util.Arrays$ArrayList@3848fb60
      serialVersionUID = -2764017481108945198
      a = class java.lang.String[1]
      modCount = 0
      MAX_ARRAY_SIZE = 2147483639
    serialVersionUID = 1820017752578914078
    c = class java.util.Arrays$ArrayList@3848fb60
  serialVersionUID = -6153587016903242961
  $$$tc$$$ = class com.ibm.websphere.ras.TraceComponent@271a0437
    strings[0] = "TraceComponent[com.ibm.ws.app.manager.war.internal.WARDeployedAppInfo,class com.ibm.ws.app.manager.war.internal.WARDeployedAppInfo,[webcontainer, applications, app.manager],com.ibm.ws.app.manager.war.internal.resources.Messages,null]"
  _tc = class com.ibm.websphere.ras.TraceComponent@2295c1fc
    strings[0] = "TraceComponent[com.ibm.ws.app.manager.module.internal.DeployedAppInfoBase,class com.ibm.ws.app.manager.module.internal.DeployedAppInfoBase,[app.manager],com.ibm.ws.app.manager.module.internal.resources.Messages,null]"
  PERMISSION_XML = "permissions.xml"
  applicationInformation = class com.ibm.ws.app.manager.internal.ApplicationInstallInfo@7d1b6b3b
    _config = class com.ibm.ws.app.manager.internal.ApplicationConfig@2d304325
      tc = class com.ibm.websphere.ras.TraceComponent@3949d2b0
      _configPid = "com.ibm.ws.app.manager_42"
      _config = class com.ibm.ws.config.admin.ConfigurationDictionary@6e7c213f
      _applicationManager = class com.ibm.ws.app.manager.ApplicationManager@6d154295
      _location = "testingPrimefaces.war"
      _type = "war"
      _name = "testingPrimefaces"
      _notificationBroadcasterSupport = class javax.management.NotificationBroadcasterSupport@2a5bd26b
      ONE_TIME_JANDEX_MSGS_DISPLAYED = true
    _handlerInfo = class java.util.concurrent.atomic.AtomicReference@13d38a5d
      serialVersionUID = -1848883965231344442
      VALUE = class java.lang.invoke.VarHandleReferences$FieldInstanceReadWrite@2d22edc8
      value = class com.ibm.ws.app.manager.war.internal.WARDeployedAppInfo@5beed5d
    _container = class java.util.concurrent.atomic.AtomicReference@53a541cb
      serialVersionUID = -1848883965231344442
      VALUE = class java.lang.invoke.VarHandleReferences$FieldInstanceReadWrite@2d22edc8
      value = class com.ibm.ws.adaptable.module.internal.AdaptableContainerImpl@58e67ab9
    _resolvedLocation = class java.util.concurrent.atomic.AtomicReference@7541aa37
      serialVersionUID = -1848883965231344442
      VALUE = class java.lang.invoke.VarHandleReferences$FieldInstanceReadWrite@2d22edc8
      value = class com.ibm.ws.kernel.service.location.internal.LocalFileResource@252ee350
    _handler = class com.ibm.ws.app.manager.war.internal.WARApplicationHandlerImpl@5a47e6d1
      futureMonitor = class com.ibm.ws.threading.internal.FutureMonitorImpl@2a545b13
      deployedAppFactory = class com.ibm.ws.app.manager.war.internal.WARDeployedAppInfoFactoryImpl@6d12a526
      serialVersionUID = 4622845147410944782
      $$$tc$$$ = class com.ibm.websphere.ras.TraceComponent@36698d47
    _ami = class java.util.concurrent.atomic.AtomicReference@55c90ea6
      serialVersionUID = -1848883965231344442
      VALUE = class java.lang.invoke.VarHandleReferences$FieldInstanceReadWrite@2d22edc8
      value = class com.ibm.wsspi.application.handler.DefaultApplicationMonitoringInformation@e1caa71
    _updateHandler = class com.ibm.ws.app.manager.internal.statemachine.ApplicationStateMachineImpl@2c9bb6cd
      _tc = class com.ibm.websphere.ras.TraceComponent@194421de
      EMPTY_FUTURE_ARRAY = interface java.util.concurrent.Future[0]
      asmSequenceNumber = class java.util.concurrent.atomic.AtomicLong@19aefa65
      _qscaCounter = class java.util.concurrent.atomic.AtomicInteger@4b48be63
      _failedThrowable = null
      _interruptibleLock = class com.ibm.ws.app.manager.internal.statemachine.ApplicationStateMachineImpl$2@43ccf8da
      _interruptible = false
      _performingQueuedActions = true
      _queuedActions = class java.util.concurrent.ConcurrentLinkedQueue@3b8f5e10
      _callbackState = class java.util.concurrent.atomic.AtomicReference@551cf6d6
      blockAppStartingFutures = class java.util.Collections$SetFromMap@5ba9f1b0
      waitingForAppHandlerFuture = class java.util.concurrent.atomic.AtomicReference@7f87c837
      waitingForExplicitStartFuture = class java.util.concurrent.atomic.AtomicReference@3eb97609
      completionListener = class java.util.concurrent.atomic.AtomicReference@c218d4e
      _notifyAppStopped = class java.util.concurrent.ConcurrentLinkedQueue@1891c90b
      _notifyAppStarting = class java.util.concurrent.ConcurrentLinkedQueue@59967c5e
      _notifyAppInstallCalled = class java.util.concurrent.ConcurrentLinkedQueue@2cea505b
      _notifyAppStarted = class java.util.concurrent.ConcurrentLinkedQueue@2c21f375
      _notifyAppRemoved = class java.util.concurrent.ConcurrentLinkedQueue@3a6ebe6b
      _stateLock = class com.ibm.ws.app.manager.internal.statemachine.ApplicationStateMachineImpl$3@507051f4
      _internalState = class java.util.concurrent.atomic.AtomicReference@2ee6ab29
      _currentAction = class java.util.concurrent.atomic.AtomicReference@d7f4fdb
      _rfa = class java.util.concurrent.atomic.AtomicReference@422d35f9
      _appInstallInfo = class java.util.concurrent.atomic.AtomicReference@108023b9
      _update = class java.util.concurrent.atomic.AtomicBoolean@b246d63
      _appConfig = class java.util.concurrent.atomic.AtomicReference@7cd2ea4b
      _nextAppConfig = class java.util.concurrent.atomic.AtomicReference@57fb9ad5
      _appContainer = class java.util.concurrent.atomic.AtomicReference@46f7f678
      _resolvedLocation = class java.util.concurrent.atomic.AtomicReference@6e10c4b0
      _handler = class java.util.concurrent.atomic.AtomicReference@57beb8b
      _asmSeqNo = 1
      _ctx = class org.eclipse.osgi.internal.framework.BundleContextImpl@5bbe1989
      _locAdmin = class com.ibm.ws.kernel.service.location.internal.WsLocationAdminImpl@e5df4c3
      _futureMonitor = class com.ibm.ws.threading.internal.FutureMonitorImpl@2a545b13
      _artifactFactory = class com.ibm.ws.artifact.internal.ArtifactContainerFactoryService@4f899c71
      _moduleFactory = class com.ibm.ws.adaptable.module.internal.AdaptableModuleFactoryImpl@14ab4cc4
      _executorService = class com.ibm.ws.threading.internal.ExecutorServiceImpl@77e08746
      _scheduledExecutorService = class com.ibm.ws.threading.internal.ScheduledExecutorImpl@1fbde84e
      _asmHelper = class com.ibm.ws.app.manager.internal.ApplicationConfigurator$NamedApplication@5d2ac0c3
      _appMonitor = class com.ibm.ws.app.manager.internal.monitor.ApplicationMonitor@45406f81
      enterStateCalled = class java.util.concurrent.atomic.AtomicBoolean@245a7006
      serialVersionUID = 6511956370079301927
      serialVersionUID = 5501066335104962649
      $$$tc$$$ = class com.ibm.websphere.ras.TraceComponent@51ccc73e
    serialVersionUID = 2630639237123415755
    $$$tc$$$ = class com.ibm.websphere.ras.TraceComponent@720df565
      strings[0] = "TraceComponent[com.ibm.ws.app.manager.internal.ApplicationInstallInfo,class com.ibm.ws.app.manager.internal.ApplicationInstallInfo,[applications, app.manager],com.ibm.ws.app.manager.internal.resources.AppManagerMessages,null]"
  location = "D:\devel\tools\wlp\usr\servers\defaultServer\apps\testingPrimefaces.war.xml"
  classLoadingService = class com.ibm.ws.classloading.internal.ClassLoadingServiceImpl@486269c6
    tc = class com.ibm.websphere.ras.TraceComponent@6edd829
      strings[0] = "TraceComponent[com.ibm.ws.classloading.internal.ClassLoadingServiceImpl,class com.ibm.ws.classloading.internal.ClassLoadingServiceImpl,[ClassLoadingService],com.ibm.ws.classloading.internal.resources.ClassLoadingServiceMessages,null]"
    leakDetectionMap = class java.util.HashMap@117959ae
      serialVersionUID = 362498820763181265
      DEFAULT_INITIAL_CAPACITY = 16
      MAXIMUM_CAPACITY = 1073741824
      DEFAULT_LOAD_FACTOR = 0.75
      TREEIFY_THRESHOLD = 8
      UNTREEIFY_THRESHOLD = 6
      MIN_TREEIFY_CAPACITY = 64
      table = null
      entrySet = null
      size = 0
      modCount = 0
      threshold = 0
      loadFactor = 0.75
      keySet = null
      values = null
    TCCL_LOCK_WAIT = 15000
    REFERENCE_GENERATORS = "generators"
    bundleContext = class org.eclipse.osgi.internal.framework.BundleContextImpl@43a9fac4
    aclStore = class com.ibm.ws.classloading.internal.util.CanonicalStore@739b7b42
      map = class java.util.concurrent.ConcurrentHashMap@3848f11a
      q = class com.ibm.ws.classloading.internal.util.RefQueue@4cf1bdf8
      serialVersionUID = 6715157558227169968
      $$$tc$$$ = class com.ibm.websphere.ras.TraceComponent@7cbd5381
    tcclStore = class com.ibm.ws.classloading.internal.util.CanonicalStore@44cddc12
      map = class java.util.concurrent.ConcurrentHashMap@f8c0b6e
      q = class com.ibm.ws.classloading.internal.util.RefQueue@4ed3791a
      serialVersionUID = 6715157558227169968
      $$$tc$$$ = class com.ibm.websphere.ras.TraceComponent@7cbd5381
    tcclStoreLock = class java.util.concurrent.locks.ReentrantLock@5df37c46
      serialVersionUID = 7373984872572414699
      sync = class java.util.concurrent.locks.ReentrantLock$NonfairSync@2495194
    digraph = class org.eclipse.equinox.internal.region.StandardRegionDigraph@61cfa7f
      EMPTY_EDGE_SET = class java.util.Collections$UnmodifiableSet@570303f5
      monitor = class java.lang.Object@16ed1dae
      regions = class java.util.HashMap@3c74153d
      bundleIdToRegionMapping = class org.eclipse.equinox.internal.region.StandardBundleIdToRegionMapping@2f51b98a
      edges = class java.util.HashMap@60821b3e
      bundleContext = class org.eclipse.osgi.internal.framework.BundleContextImpl@4fcc529
      threadLocal = class java.lang.ThreadLocal@1efc7aed
      subgraphTraverser = class org.eclipse.equinox.internal.region.SubgraphTraverser@2bd59f2
      bundleCollisionHook = class org.eclipse.equinox.internal.region.hook.RegionBundleCollisionHook@20023dc6
      bundleEventHook = class org.eclipse.equinox.internal.region.hook.RegionBundleEventHook@50299913
      bundleFindHook = class org.eclipse.equinox.internal.region.hook.RegionBundleFindHook@2dffbae9
      serviceEventHook = class org.eclipse.equinox.internal.region.hook.RegionServiceEventHook@45e5046d
      serviceFindHook = class org.eclipse.equinox.internal.region.hook.RegionServiceFindHook@74b8ed1a
      resolverHookFactory = class org.eclipse.equinox.internal.region.hook.RegionResolverHookFactory@68c5139f
      origin = null
      originUpdateCount = -1
      updateCount = class java.util.concurrent.atomic.AtomicLong@383dc49c
      defaultRegion = null
    redefiner = class com.ibm.ws.classloading.internal.util.ClassRedefiner@2e75c095
      tc = class com.ibm.websphere.ras.TraceComponent@64877520
      LS = "
"
      inst = class com.ibm.ws.kernel.launch.internal.TraceInstrumentation@660591a7
      serialVersionUID = 2420101865139508526
    listener = class com.ibm.ws.classloading.internal.ClassLoadingServiceImpl$1@4f2b405
      this$0 = class com.ibm.ws.classloading.internal.ClassLoadingServiceImpl@486269c6
      serialVersionUID = -9159707349812113172
      $$$tc$$$ = class com.ibm.websphere.ras.TraceComponent@152c1eda
    classloaders = class java.util.Collections$SynchronizedMap@42a5e991
      serialVersionUID = 1978198479659022715
      m = class java.util.HashMap@49ccb84d
      mutex = class java.util.Collections$SynchronizedMap@42a5e991
      keySet = null
      entrySet = null
      values = null
    resourceProviders = class com.ibm.ws.classloading.internal.CompositeResourceProvider@230b2cb8
      lockFactory = class java.util.concurrent.locks.ReentrantReadWriteLock@4eb8fba4
      providerMap = class com.ibm.ws.classloading.internal.util.MultiMap@72de15e4
      serialVersionUID = -5576435894946156347
      $$$tc$$$ = class com.ibm.websphere.ras.TraceComponent@73f7a74d
    rememberedBundles = class java.util.concurrent.ConcurrentHashMap@237a3124
      serialVersionUID = 7249069246763182397
      MAXIMUM_CAPACITY = 1073741824
      DEFAULT_CAPACITY = 16
      MAX_ARRAY_SIZE = 2147483639
      DEFAULT_CONCURRENCY_LEVEL = 16
      LOAD_FACTOR = 0.75
      TREEIFY_THRESHOLD = 8
      UNTREEIFY_THRESHOLD = 6
      MIN_TREEIFY_CAPACITY = 64
      MIN_TRANSFER_STRIDE = 16
      RESIZE_STAMP_BITS = 16
      MAX_RESIZERS = 65535
      RESIZE_STAMP_SHIFT = 16
      MOVED = -1
      TREEBIN = -2
      RESERVED = -3
      HASH_BITS = 2147483647
      NCPU = 4
      serialPersistentFields = class java.io.ObjectStreamField[3]
      table = class java.util.concurrent.ConcurrentHashMap$Node[16]
      nextTable = null
      baseCount = 2
      sizeCtl = 12
      transferIndex = 0
      cellsBusy = 0
      counterCells = null
      keySet = null
      values = null
      entrySet = null
      U = class jdk.internal.misc.Unsafe@14fd2549
      SIZECTL = 20
      TRANSFERINDEX = 32
      BASECOUNT = 24
      CELLSBUSY = 36
      CELLVALUE = 144
      ABASE = 16
      ASHIFT = 2
      keySet = null
      values = null
    collectedBundles = class java.lang.ref.ReferenceQueue@32b9fbd2
      NULL = class java.lang.ref.ReferenceQueue$Null@161fe4f7
      ENQUEUED = class java.lang.ref.ReferenceQueue$Null@5c5005cd
      lock = class java.lang.ref.ReferenceQueue$Lock@1bfeff7a
      head = null
      queueLength = 0
      $assertionsDisabled = true
    generatorRefs = class com.ibm.wsspi.kernel.service.utils.ConcurrentServiceReferenceSet@5f3d6575
      referenceName = "generators"
      contextRef = class java.util.concurrent.atomic.AtomicReference@4802ce36
      elementMap = class java.util.LinkedHashMap@6de9e995
      elementSet = class java.util.concurrent.ConcurrentSkipListSet@3af8f0b6
      elementSetUnsorted = false
      serialVersionUID = 756240983881166148
      $$$tc$$$ = class com.ibm.websphere.ras.TraceComponent@193b47ed
    generatorManager = class com.ibm.ws.classloading.internal.ClassGeneratorManager@2529fcc6
      tc = class com.ibm.websphere.ras.TraceComponent@2e28c567
      generatorRefs = class com.ibm.wsspi.kernel.service.utils.ConcurrentServiceReferenceSet@5f3d6575
      serialVersionUID = 4152663586056483310
    appExtLibs = class java.util.concurrent.CopyOnWriteArrayList@57280a56
      serialVersionUID = 8673264195747942595
      lock = class java.lang.Object@5584e14c
      array = class java.lang.Object[0]
    globalConfig = class com.ibm.ws.classloading.configuration.GlobalClassloadingConfiguration@2a320c0a
      properties = class org.apache.felix.scr.impl.helper.ReadOnlyDictionary@445210c2
      serialVersionUID = 452562347104713756
      $$$tc$$$ = class com.ibm.websphere.ras.TraceComponent@31eca888
    metaInfServicesProviders = class java.util.concurrent.ConcurrentHashMap@1e10d2f4
      serialVersionUID = 7249069246763182397
      MAXIMUM_CAPACITY = 1073741824
      DEFAULT_CAPACITY = 16
      MAX_ARRAY_SIZE = 2147483639
      DEFAULT_CONCURRENCY_LEVEL = 16
      LOAD_FACTOR = 0.75
      TREEIFY_THRESHOLD = 8
      UNTREEIFY_THRESHOLD = 6
      MIN_TREEIFY_CAPACITY = 64
      MIN_TRANSFER_STRIDE = 16
      RESIZE_STAMP_BITS = 16
      MAX_RESIZERS = 65535
      RESIZE_STAMP_SHIFT = 16
      MOVED = -1
      TREEBIN = -2
      RESERVED = -3
      HASH_BITS = 2147483647
      NCPU = 4
      serialPersistentFields = class java.io.ObjectStreamField[3]
      table = null
      nextTable = null
      baseCount = 0
      sizeCtl = 0
      transferIndex = 0
      cellsBusy = 0
      counterCells = null
      keySet = null
      values = null
      entrySet = null
      U = class jdk.internal.misc.Unsafe@14fd2549
      SIZECTL = 20
      TRANSFERINDEX = 32
      BASECOUNT = 24
      CELLSBUSY = 36
      CELLVALUE = 144
      ABASE = 16
      ASHIFT = 2
      keySet = null
      values = null
    metaInfServicesRefs = class com.ibm.wsspi.kernel.service.utils.ConcurrentServiceReferenceMap@7435d23c
      referenceName = "MetaInfServicesProvider"
      context = class org.apache.felix.scr.impl.manager.ComponentContextImpl@7292a334
      elementMap = class java.util.concurrent.ConcurrentHashMap@3dc2cdcb
      serialVersionUID = 6980924785166233786
      $$$tc$$$ = class com.ibm.websphere.ras.TraceComponent@76c3bc45
    protectionDomainMap = class java.util.HashMap@63580c56
      serialVersionUID = 362498820763181265
      DEFAULT_INITIAL_CAPACITY = 16
      MAXIMUM_CAPACITY = 1073741824
      DEFAULT_LOAD_FACTOR = 0.75
      TREEIFY_THRESHOLD = 8
      UNTREEIFY_THRESHOLD = 6
      MIN_TREEIFY_CAPACITY = 64
      table = null
      entrySet = null
      size = 0
      modCount = 0
      threshold = 0
      loadFactor = 0.75
      keySet = null
      values = null
    metadataIdentifierService = class com.ibm.ws.container.service.metadata.internal.MetaDataServiceImpl@2bf1655b
    globalSharedLibrary = class java.util.concurrent.atomic.AtomicReference@59b01e6b
      serialVersionUID = -1848883965231344442
      VALUE = class java.lang.invoke.VarHandleReferences$FieldInstanceReadWrite@2d22edc8
      value = null
    serialVersionUID = -2277344858934055980
  globalSharedLibrary = class com.ibm.ws.library.internal.SharedLibraryImpl@6be02e80
    tc = class com.ibm.websphere.ras.TraceComponent@60a2d97b
      strings[0] = "TraceComponent[com.ibm.ws.library.internal.SharedLibraryImpl,class com.ibm.ws.library.internal.SharedLibraryImpl,[SharedLibrary],com.ibm.ws.classloading.internal.resources.ClassLoadingServiceMessages,null]"
    EMPTY_LIBRARY_LISTENERS = interface com.ibm.wsspi.library.LibraryChangeListener[0]
    deleted = false
    libraryListenersTracker = class org.osgi.util.tracker.ServiceTracker@13db8de2
      DEBUG = false
      context = class org.eclipse.osgi.internal.framework.BundleContextImpl@43a9fac4
      filter = class org.eclipse.osgi.internal.framework.FilterImpl@683b0a64
      customizer = class org.osgi.util.tracker.ServiceTracker@13db8de2
      listenerFilter = "(&(objectClass=com.ibm.wsspi.library.LibraryChangeListener)(|(library=global)(libraryRef=*com.ibm.ws.classloading.sharedlibrary_53*)))"
      trackClass = null
      trackReference = null
      tracked = class org.osgi.util.tracker.ServiceTracker$Tracked@3a2ef798
      cachedReference = null
      cachedService = null
    libraryReg = class org.eclipse.osgi.internal.serviceregistry.ServiceRegistrationImpl@7dd9dd74
      registry = class org.eclipse.osgi.internal.serviceregistry.ServiceRegistry@6a73e329
      context = class org.eclipse.osgi.internal.framework.BundleContextImpl@43a9fac4
      bundle = class org.eclipse.osgi.internal.framework.EquinoxBundle@3f020cf7
      clazzes = class java.lang.String[1]
      service = class com.ibm.ws.library.internal.SharedLibraryImpl@6be02e80
      reference = class org.eclipse.osgi.internal.serviceregistry.ServiceReferenceImpl@656afaa8
      contextsUsing = class java.util.ArrayList@1b3660dd
      properties = class java.util.Collections$UnmodifiableMap@6e29a239
      serviceid = 306
      serviceranking = 0
      registrationLock = class java.lang.Object@11befa0f
      state = 0
      REGISTERED = 0
      UNREGISTERING = 1
      UNREGISTERED = 2
      FRAMEWORK_SET_SERVICE_PROPERTIES_COUNT = 4
      $assertionsDisabled = true
    ctx = class org.eclipse.osgi.internal.framework.BundleContextImpl@43a9fac4
      findHookName = "org.osgi.framework.hooks.bundle.FindHook"
      valid = true
      bundle = class org.eclipse.osgi.internal.framework.EquinoxBundle@3f020cf7
      container = class org.eclipse.osgi.internal.framework.EquinoxContainer@32b02538
      debug = class org.eclipse.osgi.internal.debug.Debug@6d9f52eb
      servicesInUse = class java.util.HashMap@737b98cc
      activator = null
      contextLock = class java.lang.Object@1a2ae208
    classLoadingService = class com.ibm.ws.classloading.internal.ClassLoadingServiceImpl@486269c6
    configAdmin = class com.ibm.ws.config.admin.internal.ConfigurationAdminImpl@41598eaa
      tc = class com.ibm.websphere.ras.TraceComponent@e682402
      bundle = class org.eclipse.osgi.internal.framework.EquinoxBundle@3f020cf7
      caFactory = class com.ibm.ws.config.admin.internal.ConfigAdminServiceFactory@95a29c1
      serialVersionUID = -2875522750804142523
    resolvedBasePath = "D:/devel/tools/wlp/usr/servers/defaultServer/"
    generationLock = class com.ibm.ws.library.internal.SharedLibraryImpl$1@30a98e0e
      this$0 = class com.ibm.ws.library.internal.SharedLibraryImpl@6be02e80
      serialVersionUID = 2483639803450672373
      $$$tc$$$ = class com.ibm.websphere.ras.TraceComponent@3c7ee0ae
    currentGeneration = class com.ibm.ws.library.internal.LibraryGeneration@3919fa87
      tc = class com.ibm.websphere.ras.TraceComponent@be305c7
      nextInt = class java.util.concurrent.atomic.AtomicInteger@33dd9e00
      libraryId = "global"
      genId = 0
      libraryProps = class java.util.Hashtable@7fc08070
      filesetRefs = class java.util.Collections$UnmodifiableRandomAccessList@1b2b2413
      apiTypeVisibility = class java.util.RegularEnumSet@4692da48
      files = class java.util.Collections$EmptyList@b5e7ac7
      folders = class java.util.ArrayList@19e07104
      fileAndFolderContainers = class java.util.Collections$EmptyList@b5e7ac7
      filesets = class java.util.concurrent.ArrayBlockingQueue@6258a148
      filesetListenerRegs = class java.util.concurrent.ConcurrentLinkedQueue@20910aac
      cancelled = false
      library = class com.ibm.ws.library.internal.SharedLibraryImpl@6be02e80
      serialVersionUID = 6965220007121905717
    nextGeneration = class com.ibm.ws.library.internal.LibraryGeneration@3919fa87
    artifactContainerFactory = class com.ibm.ws.library.internal.SharedLibraryFactory$1@76e2d4db
      this$0 = class com.ibm.ws.library.internal.SharedLibraryFactory@160c3e40
      serialVersionUID = 7730244564205089330
      $$$tc$$$ = class com.ibm.websphere.ras.TraceComponent@7fa67b6b
    packageExporter = class com.ibm.ws.library.internal.LibraryPackageExporter@7bc32873
      EXPORTER_POSTFIX = "_library_exporter"
      REGION_EXPORT_TO_LIBERTY = "liberty.library.export.to.liberty"
      REGION_EXPORT_TO_OSGI_APPS = "liberty.library.export.to.osgi.app"
      REGION_KERNEL = "org.eclipse.equinox.region.kernel"
      counter = class java.util.concurrent.atomic.AtomicLong@2333ed2a
      context = class org.eclipse.osgi.internal.framework.BundleContextImpl@43a9fac4
      digraph = class org.eclipse.equinox.internal.region.StandardRegionDigraph@61cfa7f
      bundleToLibrary = class java.util.concurrent.ConcurrentHashMap@bab4119
      libraryToVisibility = class java.util.concurrent.ConcurrentHashMap@28b0123f
      serialVersionUID = 8074378969667956573
      $$$tc$$$ = class com.ibm.websphere.ras.TraceComponent@5954ecf3
    serialVersionUID = 6288237618632180389
  sharedLibDeploymentInfo = class com.ibm.ws.app.manager.module.internal.DeployedAppInfoBase$SharedLibDeploymentInfo@6e653ef6
    bundleContext = class org.eclipse.osgi.internal.framework.BundleContextImpl@71d70445
      findHookName = "org.osgi.framework.hooks.bundle.FindHook"
      valid = true
      bundle = class org.eclipse.osgi.internal.framework.EquinoxBundle@1b180f34
      container = class org.eclipse.osgi.internal.framework.EquinoxContainer@32b02538
      debug = class org.eclipse.osgi.internal.debug.Debug@6d9f52eb
      servicesInUse = class java.util.HashMap@6bd6cbbd
      activator = null
      contextLock = class java.lang.Object@19aad90a
    locAdmin = class com.ibm.ws.kernel.service.location.internal.WsLocationAdminImpl@e5df4c3
      tc = class com.ibm.websphere.ras.TraceComponent@6538eac
      LOC_INTERNAL_LIB_DIR = "wlp.lib.dir"
      LOC_AREA_NAME_APPS = "shared/apps/"
      LOC_AREA_NAME_CONFIG = "shared/config/"
      LOC_AREA_NAME_RESC = "shared/resources/"
      LOC_AREA_NAME_STATE = "logs/state/"
      LOC_AREA_NAME_SERVERS = "servers/"
      LOC_AREA_NAME_CLIENTS = "clients/"
      LOC_AREA_NAME_WORKING = "workarea/"
      LOC_AREA_NAME_EXTENSION = "extension/"
      instance = class com.ibm.ws.staticvalue.StaticValue$FinalSingleton@9516a2
      installRoot = class com.ibm.ws.kernel.service.location.internal.SymbolicRootResource@5e0c4a27
      installParentRoot = class com.ibm.ws.kernel.service.location.internal.SymbolicRootResource@5349df33
      userRoot = class com.ibm.ws.kernel.service.location.internal.SymbolicRootResource@564eb72f
      usrExtensionRoot = class com.ibm.ws.kernel.service.location.internal.SymbolicRootResource@7e469b42
      serverConfigDir = class com.ibm.ws.kernel.service.location.internal.SymbolicRootResource@4227bbdf
      serverOutputDir = class com.ibm.ws.kernel.service.location.internal.SymbolicRootResource@4227bbdf
      bootstrapLib = class com.ibm.ws.kernel.service.location.internal.LocalFileResource@5f0a44ef
      serverWorkarea = class com.ibm.ws.kernel.service.location.internal.LocalFileResource@7cde67ee
      serverState = class com.ibm.ws.kernel.service.location.internal.LocalFileResource@36086fbc
      sharedAppsRoot = class com.ibm.ws.kernel.service.location.internal.SymbolicRootResource@498ec3e1
      sharedConfigRoot = class com.ibm.ws.kernel.service.location.internal.SymbolicRootResource@442ecb03
      sharedResourceRoot = class com.ibm.ws.kernel.service.location.internal.SymbolicRootResource@4bc0357f
      tmpRoot = class com.ibm.ws.kernel.service.location.internal.SymbolicRootResource@3e40c634
      serverName = "defaultServer"
      resourcePaths = class java.util.ArrayList@16e8bd6
      resourceGroups = class java.util.HashMap@332a2e2b
      commonRoot = class com.ibm.ws.kernel.service.location.internal.VirtualRootResource@790b8efc
      serialVersionUID = 7766352982799267432
    artifactFactory = class com.ibm.ws.artifact.internal.ArtifactContainerFactoryService@4f899c71
      CATEGORY_PROP_NAME = "category"
      ENTRY_KEY = "com.ibm.wsspi.artifact.ArtifactEntry"
      helperMap = class com.ibm.wsspi.kernel.service.utils.ConcurrentServiceReferenceSetMap@538d18d0
      contributorMap = class com.ibm.wsspi.kernel.service.utils.ConcurrentServiceReferenceSetMap@1bdc1168
      helperCategoryMap = class com.ibm.wsspi.kernel.service.utils.ConcurrentServiceReferenceSetMap@2e856094
      contributorCategoryMap = class com.ibm.wsspi.kernel.service.utils.ConcurrentServiceReferenceSetMap@2f4d4e65
      categories = class java.util.Collections$SynchronizedSet@14bd98c4
      baseProperties = class org.apache.felix.scr.impl.helper.ReadOnlyDictionary@6f118c6a
      serialVersionUID = -3101641399269402013
      $$$tc$$$ = class com.ibm.websphere.ras.TraceComponent@18a761bd
    moduleFactory = class com.ibm.ws.adaptable.module.internal.AdaptableModuleFactoryImpl@14ab4cc4
      adapterFactoryService = class com.ibm.ws.adaptable.module.internal.AdapterFactoryServiceImpl@401f1a1a
      containerFactory = class com.ibm.ws.artifact.internal.ArtifactContainerFactoryService@4f899c71
      overlayContainerFactory = class com.ibm.ws.artifact.overlay.internal.OverlayContainerFactoryImpl@3d2f44d8
      serialVersionUID = 4200251809856292987
      $$$tc$$$ = class com.ibm.websphere.ras.TraceComponent@62b81592
    classesContainerInfo = class java.util.ArrayList@325a467a
      serialVersionUID = 8683452581122892189
      DEFAULT_CAPACITY = 10
      EMPTY_ELEMENTDATA = class java.lang.Object[0]
      DEFAULTCAPACITY_EMPTY_ELEMENTDATA = class java.lang.Object[0]
      elementData = class java.lang.Object[0]
      size = 0
      MAX_ARRAY_SIZE = 2147483639
      modCount = 0
      MAX_ARRAY_SIZE = 2147483639
    serialVersionUID = -9033256786848720484
    $$$tc$$$ = class com.ibm.websphere.ras.TraceComponent@7c610a52
      strings[0] = "TraceComponent[com.ibm.ws.app.manager.module.internal.DeployedAppInfoBase$SharedLibDeploymentInfo,class com.ibm.ws.app.manager.module.internal.DeployedAppInfoBase$SharedLibDeploymentInfo,[applications, app.manager],,null]"
  futureMonitor = class com.ibm.ws.threading.internal.FutureMonitorImpl@2a545b13
    _monitor = class java.util.concurrent.ConcurrentLinkedQueue@587787f7
      serialVersionUID = 196745693267521676
      head = class java.util.concurrent.ConcurrentLinkedQueue$Node@4c6ebc5
      tail = class java.util.concurrent.ConcurrentLinkedQueue$Node@4c6ebc5
      MAX_HOPS = 8
      HEAD = class java.lang.invoke.VarHandleReferences$FieldInstanceReadWrite@1ded1b2
      TAIL = class java.lang.invoke.VarHandleReferences$FieldInstanceReadWrite@d234cf4
      ITEM = class java.lang.invoke.VarHandleReferences$FieldInstanceReadWrite@64a27b05
      NEXT = class java.lang.invoke.VarHandleReferences$FieldInstanceReadWrite@7144fffd
      MAX_ARRAY_SIZE = 2147483639
    _executor = class com.ibm.ws.threading.internal.ScheduledExecutorImpl@1fbde84e
      threadGroupName = "Scheduled Executor Thread Group"
      executor = class com.ibm.ws.threading.internal.ExecutorServiceImpl@77e08746
      serialVersionUID = -9110693807503469597
      $$$tc$$$ = class com.ibm.websphere.ras.TraceComponent@6d532354
      continueExistingPeriodicTasksAfterShutdown = false
      executeExistingDelayedTasksAfterShutdown = true
      removeOnCancel = false
      sequencer = class java.util.concurrent.atomic.AtomicLong@79eac939
      DEFAULT_KEEPALIVE_MILLIS = 10
      ctl = class java.util.concurrent.atomic.AtomicInteger@6d6ff7fd
      COUNT_BITS = 29
      COUNT_MASK = 536870911
      RUNNING = -536870912
      SHUTDOWN = 0
      STOP = 536870912
      TIDYING = 1073741824
      TERMINATED = 1610612736
      workQueue = class java.util.concurrent.ScheduledThreadPoolExecutor$DelayedWorkQueue@3b4ab424
      mainLock = class java.util.concurrent.locks.ReentrantLock@47c08a99
      workers = class java.util.HashSet@68cc3059
      termination = class java.util.concurrent.locks.AbstractQueuedSynchronizer$ConditionObject@7a8ef2a2
      largestPoolSize = 1
      completedTaskCount = 0
      threadFactory = class com.ibm.ws.threading.internal.ThreadFactoryImpl@140b9243
      handler = class java.util.concurrent.ThreadPoolExecutor$AbortPolicy@575c5619
      keepAliveTime = 10000000
      allowCoreThreadTimeOut = false
      corePoolSize = 1
      maximumPoolSize = 2147483647
      defaultHandler = class java.util.concurrent.ThreadPoolExecutor$AbortPolicy@575c5619
      shutdownPerm = class java.lang.RuntimePermission@5e1bea53
      ONLY_ONE = true
      $assertionsDisabled = true
    _threadRunning = class java.util.concurrent.atomic.AtomicBoolean@4ad1d0a2
      serialVersionUID = 4654671469794556979
      VALUE = class java.lang.invoke.VarHandleInts$FieldInstanceReadWrite@67f1dffb
      value = 0
    _thread = class com.ibm.ws.threading.internal.FutureMonitorImpl$1@18927484
      this$0 = class com.ibm.ws.threading.internal.FutureMonitorImpl@2a545b13
      serialVersionUID = 2422512430832938099
      $$$tc$$$ = class com.ibm.websphere.ras.TraceComponent@164acb17
    serialVersionUID = 2765238413969174390
    $$$tc$$$ = class com.ibm.websphere.ras.TraceComponent@4adf3e
      strings[0] = "TraceComponent[com.ibm.ws.threading.internal.FutureMonitorImpl,class com.ibm.ws.threading.internal.FutureMonitorImpl,[Threading],com.ibm.ws.threading.internal.resources.ThreadingMessages,null]"
  configAdmin = class com.ibm.ws.config.admin.internal.ConfigurationAdminImpl@13cb7b7e
    tc = class com.ibm.websphere.ras.TraceComponent@e682402
      strings[0] = "TraceComponent[com.ibm.ws.config.admin.internal.ConfigurationAdminImpl,class com.ibm.ws.config.admin.internal.ConfigurationAdminImpl,[config],com.ibm.ws.config.internal.resources.ConfigMessages,null]"
    bundle = class org.eclipse.osgi.internal.framework.EquinoxBundle@1b180f34
      equinoxContainer = class org.eclipse.osgi.internal.framework.EquinoxContainer@32b02538
      module = class org.eclipse.osgi.internal.framework.EquinoxBundle$EquinoxModule@7cba0ffb
      monitor = class java.lang.Object@387d475c
      context = class org.eclipse.osgi.internal.framework.BundleContextImpl@71d70445
      signerInfos = null
      $SWITCH_TABLE$org$eclipse$osgi$container$Module$State = {1,2,3,4,5,6,7} /* array length = 7 */
    caFactory = class com.ibm.ws.config.admin.internal.ConfigAdminServiceFactory@95a29c1
      tc = class com.ibm.websphere.ras.TraceComponent@2e36004f
      configurationPermission = class org.osgi.service.cm.ConfigurationPermission@49b30d14
      INDEX_DICTIONARY = 0
      INDEX_LOCATION = 1
      INDEX_METATYPE_PROCESSED = 2
      INDEX_IN_OVERRIDES_FILE = 3
      INDEX_REFERENCES = 4
      INDEX_UNIQUES = 5
      bundleContext = class org.eclipse.osgi.internal.framework.BundleContextImpl@3495ac62
      msTracker = class com.ibm.ws.config.admin.internal.ManagedServiceTracker@5a46d80f
      msfTracker = class com.ibm.ws.config.admin.internal.ManagedServiceFactoryTracker@1dc50cd5
      pluginManager = class com.ibm.ws.config.admin.internal.PluginManager@19b07b30
      configurationStore = class com.ibm.ws.config.admin.internal.ConfigurationStore@483a0ebf
      updateQueue = class com.ibm.ws.config.admin.internal.UpdateQueue@24d02117
      ced = class com.ibm.ws.config.admin.internal.ConfigEventDispatcher@11c622fc
      idMap = class java.util.Collections$SynchronizedMap@b35a20f
      referenceMap = class java.util.Collections$SynchronizedMap@13e21a20
      variableRegistryTracker = class org.osgi.util.tracker.ServiceTracker@369f49d2
      variableRegistry = class com.ibm.ws.kernel.service.location.internal.VariableRegistryHelper@16ee5c3f
      configurationAdminRef = class org.eclipse.osgi.internal.serviceregistry.ServiceRegistrationImpl@42ac3f52
      serialVersionUID = 6695202270027014725
    serialVersionUID = -2875522750804142523
  libraryConfigHelper = class com.ibm.ws.classloading.ClassLoaderConfigHelper@4c20baf3
    tc = class com.ibm.websphere.ras.TraceComponent@4f9a9fd1
      strings[0] = "TraceComponent[com.ibm.ws.classloading.ClassLoaderConfigHelper,class com.ibm.ws.classloading.ClassLoaderConfigHelper,[ClassLoadingService],com.ibm.ws.classloading.internal.resources.ClassLoadingServiceMessages,null]"
    DEFAULT_API_TYPES = class java.util.RegularEnumSet@76dafbb0
      serialVersionUID = 3411599620347842686
      elements = 23
      elementType = class java.lang.Class@33871d72
      universe = class com.ibm.wsspi.classloading.ApiType[5]
      MAX_ARRAY_SIZE = 2147483639
    sharedLibraries = class java.util.Collections$EmptyList@b5e7ac7
      serialVersionUID = 8842843931221139166
      modCount = 0
      MAX_ARRAY_SIZE = 2147483639
    commonLibraries = class java.util.Collections$EmptyList@b5e7ac7
    classProviders = class java.util.Collections$EmptyList@b5e7ac7
    sharedLibrariesPids = null
    commonLibrariesPids = null
    isDelegateLast = false
    apiTypes = class java.util.RegularEnumSet@76dafbb0
    classLoaderConfigProps = null
    serialVersionUID = 7643888529935916418
  isDelegateLast = false
  permissionManager = class com.ibm.ws.classloading.java2sec.PermissionManager@72db450c
    tc = class com.ibm.websphere.ras.TraceComponent@60d29256
      strings[0] = "TraceComponent[com.ibm.ws.classloading.java2sec.PermissionManager,class com.ibm.ws.classloading.java2sec.PermissionManager,[Java2SecurityUtil],com.ibm.ws.classloading.internal.resources.Java2SecurityUtilMessages,null]"
    classLoadingService = class com.ibm.ws.classloading.internal.ClassLoadingServiceImpl@486269c6
    DEFAULT_SERVER_RESTRICTABLE_PERMISSIONS = class java.security.Permission[4]
      Permission[0] = class java.lang.RuntimePermission@2a018139
      Permission[1] = class java.lang.RuntimePermission@1509da20
      Permission[2] = class java.security.SecurityPermission@48df701f
      Permission[3] = class javax.security.auth.AuthPermission@7f29287
    DEFAULT_CLIENT_RESTRICTABLE_PERMISSIONS = class java.security.Permission[3]
      Permission[0] = class java.lang.RuntimePermission@ff9c2b0
      Permission[1] = class java.security.SecurityPermission@896cfdd
      Permission[2] = class javax.security.auth.AuthPermission@74c35c6
    isServer = true
    wsjarUrlStreamHandlerAvailable = true
    restrictablePermissions = class java.util.ArrayList@6849569c
      serialVersionUID = 8683452581122892189
      DEFAULT_CAPACITY = 10
      EMPTY_ELEMENTDATA = class java.lang.Object[0]
      DEFAULTCAPACITY_EMPTY_ELEMENTDATA = class java.lang.Object[0]
      elementData = class java.lang.Object[10]
      size = 4
      MAX_ARRAY_SIZE = 2147483639
      modCount = 4
      MAX_ARRAY_SIZE = 2147483639
    grantedPermissions = class java.util.ArrayList@1f554774
      serialVersionUID = 8683452581122892189
      DEFAULT_CAPACITY = 10
      EMPTY_ELEMENTDATA = class java.lang.Object[0]
      DEFAULTCAPACITY_EMPTY_ELEMENTDATA = class java.lang.Object[0]
      elementData = class java.lang.Object[10]
      size = 1
      MAX_ARRAY_SIZE = 2147483639
      modCount = 1
      MAX_ARRAY_SIZE = 2147483639
    KEY_PERMISSION = "permission"
    INCORRECT_PERMISSION_CONFIGURATION = "INCORRECT_PERMISSION_CONFIGURATION"
    PERMISSION_CLASSNOTFOUND = "PERMISSION_CLASSNOTFOUND"
    SERVER_XML = "server.xml"
    CLIENT_XML = "client.xml"
    originationFile = "server.xml"
    permissions = class com.ibm.wsspi.kernel.service.utils.ConcurrentServiceReferenceSet@7af298e7
      referenceName = "permission"
      contextRef = class java.util.concurrent.atomic.AtomicReference@20790db0
      elementMap = class java.util.LinkedHashMap@65e97a99
      elementSet = class java.util.concurrent.ConcurrentSkipListSet@32ca0064
      elementSetUnsorted = false
      serialVersionUID = 756240983881166148
      $$$tc$$$ = class com.ibm.websphere.ras.TraceComponent@193b47ed
    codeBasePermissionMap = class java.util.HashMap@61472cd0
      serialVersionUID = 362498820763181265
      DEFAULT_INITIAL_CAPACITY = 16
      MAXIMUM_CAPACITY = 1073741824
      DEFAULT_LOAD_FACTOR = 0.75
      TREEIFY_THRESHOLD = 8
      UNTREEIFY_THRESHOLD = 6
      MIN_TREEIFY_CAPACITY = 64
      table = null
      entrySet = null
      size = 0
      modCount = 0
      threshold = 0
      loadFactor = 0.75
      keySet = class java.util.HashMap$KeySet@21dcd309
      values = null
    permissionXMLPermissionMap = class java.util.HashMap@43187bd2
      serialVersionUID = 362498820763181265
      DEFAULT_INITIAL_CAPACITY = 16
      MAXIMUM_CAPACITY = 1073741824
      DEFAULT_LOAD_FACTOR = 0.75
      TREEIFY_THRESHOLD = 8
      UNTREEIFY_THRESHOLD = 6
      MIN_TREEIFY_CAPACITY = 64
      table = null
      entrySet = null
      size = 0
      modCount = 0
      threshold = 0
      loadFactor = 0.75
      keySet = null
      values = null
    serialVersionUID = 3514017629123673923
  permissionsConfig = null
  serialVersionUID = 5168023053972273360
  appInfo = class com.ibm.ws.container.service.app.deploy.internal.ApplicationInfoImpl@fac2f29
    appName = "testingPrimefaces"
    appMetaData = class com.ibm.ws.container.service.app.deploy.internal.ApplicationMetaDataImpl@2113f9df
      j2eeName = class com.ibm.ws.container.service.metadata.internal.J2EENameImpl@54f3a17b
      serialVersionUID = -7906531148367236579
      $$$tc$$$ = class com.ibm.websphere.ras.TraceComponent@6a58645c
      tc = class com.ibm.websphere.ras.TraceComponent@2e5e7b5a
      NUM_STATIC_SLOTS = 4
      ID_UNINITIALIZED = -1
      id = 0
      metaDataInterface = class java.lang.Class@f2cda1
      staticSlots = class java.lang.Object[4]
      dynamicSlots = class java.lang.Object[4]
    appContainer = class com.ibm.ws.adaptable.module.internal.AdaptableContainerImpl@58e67ab9
      root = class com.ibm.ws.adaptable.module.internal.AdaptableContainerImpl@58e67ab9
      rootOverlay = class com.ibm.ws.artifact.overlay.internal.DirectoryBasedOverlayContainerImpl@5d1ad665
      factoryHolder = class com.ibm.ws.adaptable.module.internal.AdaptableModuleFactoryImpl@14ab4cc4
      delegate = class com.ibm.ws.artifact.overlay.internal.DirectoryBasedOverlayContainerImpl@5d1ad665
      notifier = class com.ibm.ws.adaptable.module.internal.NotifierImpl@18e2ef7f
      serialVersionUID = -5621513278641113667
      $$$tc$$$ = class com.ibm.websphere.ras.TraceComponent@6d1497cb
    configHelper = class com.ibm.ws.app.manager.module.ApplicationNestedConfigHelper@378ef703
      appInfo = class com.ibm.ws.app.manager.internal.ApplicationInstallInfo@7d1b6b3b
      serialVersionUID = -3174031738676705046
      $$$tc$$$ = class com.ibm.websphere.ras.TraceComponent@23c9d892
    applicationInformation = class com.ibm.ws.app.manager.internal.ApplicationInstallInfo@7d1b6b3b
    serialVersionUID = -505303337196743781
    $$$tc$$$ = class com.ibm.websphere.ras.TraceComponent@6342802c
      strings[0] = "TraceComponent[com.ibm.ws.container.service.app.deploy.internal.ApplicationInfoImpl,class com.ibm.ws.container.service.app.deploy.internal.ApplicationInfoImpl,[container.service],com.ibm.ws.container.service.resources.Messages,null]"
  modulesDeployed = class java.util.ArrayList@c35a4ad
    serialVersionUID = 8683452581122892189
    DEFAULT_CAPACITY = 10
    EMPTY_ELEMENTDATA = class java.lang.Object[0]
    DEFAULTCAPACITY_EMPTY_ELEMENTDATA = class java.lang.Object[0]
    elementData = class java.lang.Object[10]
      Object[0] = class com.ibm.ws.app.manager.module.internal.DeployedModuleInfoImpl@2f641627
      Object[1] = null
      Object[2] = null
      Object[3] = null
      Object[4] = null
      Object[5] = null
      Object[6] = null
      Object[7] = null
      Object[8] = null
      Object[9] = null
    size = 1
    MAX_ARRAY_SIZE = 2147483639
    modCount = 1
    MAX_ARRAY_SIZE = 2147483639
  starting = true
  started = false
  appInfoFactory = class com.ibm.ws.container.service.app.deploy.internal.ApplicationInfoFactoryImpl@3cf09e52
    j2eeNameFactory = class com.ibm.wsspi.kernel.service.utils.AtomicServiceReference@76600fb
      referenceName = "j2eeNameFactory"
      tuple = class java.util.concurrent.atomic.AtomicReference@306db137
      serialVersionUID = 2226592364007985000
      $$$tc$$$ = class com.ibm.websphere.ras.TraceComponent@21b71cc0
    names = class java.util.HashSet@715d0f52
      serialVersionUID = -5024744406713321676
      map = class java.util.HashMap@434c4866
      PRESENT = class java.lang.Object@11b34bf2
      MAX_ARRAY_SIZE = 2147483639
    serialVersionUID = 7443990212682384945
    $$$tc$$$ = class com.ibm.websphere.ras.TraceComponent@7959f170
      strings[0] = "TraceComponent[com.ibm.ws.container.service.app.deploy.internal.ApplicationInfoFactoryImpl,class com.ibm.ws.container.service.app.deploy.internal.ApplicationInfoFactoryImpl,[container.service],com.ibm.ws.container.service.resources.Messages,null]"
  metaDataService = class com.ibm.ws.container.service.metadata.internal.MetaDataServiceImpl@2bf1655b
    applicationMetaDataManager = class com.ibm.ws.container.service.metadata.internal.ApplicationMetaDataManager@5fc5749d
      serialVersionUID = 1843747281024490904
      $$$tc$$$ = class com.ibm.websphere.ras.TraceComponent@1cc24256
      listeners = class com.ibm.wsspi.kernel.service.utils.ConcurrentServiceReferenceSet@5dd97011
      metaDataIDs = class com.ibm.ws.container.service.metadata.internal.IndexList@3f476e2
      metaDatas = class java.util.ArrayList@21739248
      slotIDs = class com.ibm.ws.container.service.metadata.internal.IndexList@5c73ab90
      serialVersionUID = 5464421863354792977
      $$$tc$$$ = class com.ibm.websphere.ras.TraceComponent@13561d95
    moduleMetaDataManager = class com.ibm.ws.container.service.metadata.internal.ModuleMetaDataManager@4ff327eb
      serialVersionUID = 2513574389899327209
      $$$tc$$$ = class com.ibm.websphere.ras.TraceComponent@55bcb118
      listeners = class com.ibm.wsspi.kernel.service.utils.ConcurrentServiceReferenceSet@37eacee0
      metaDataIDs = class com.ibm.ws.container.service.metadata.internal.IndexList@5f165120
      metaDatas = class java.util.ArrayList@7185c5e9
      slotIDs = class com.ibm.ws.container.service.metadata.internal.IndexList@132e229d
      serialVersionUID = 5464421863354792977
      $$$tc$$$ = class com.ibm.websphere.ras.TraceComponent@13561d95
    componentMetaDataManager = class com.ibm.ws.container.service.metadata.internal.ComponentMetaDataManager@309f568e
      serialVersionUID = 8629793739641703882
      $$$tc$$$ = class com.ibm.websphere.ras.TraceComponent@2a3ecf33
      listeners = class com.ibm.wsspi.kernel.service.utils.ConcurrentServiceReferenceSet@b09af56
      metaDataIDs = class com.ibm.ws.container.service.metadata.internal.IndexList@6c652600
      metaDatas = class java.util.ArrayList@47e202d2
      slotIDs = class com.ibm.ws.container.service.metadata.internal.IndexList@664c6d30
      serialVersionUID = 5464421863354792977
      $$$tc$$$ = class com.ibm.websphere.ras.TraceComponent@13561d95
    methodMetaDataManager = class com.ibm.ws.container.service.metadata.internal.MethodMetaDataManager@46f10110
      serialVersionUID = -8002489041502300640
      $$$tc$$$ = class com.ibm.websphere.ras.TraceComponent@6482cda9
      listeners = class com.ibm.wsspi.kernel.service.utils.ConcurrentServiceReferenceSet@97bf0d8
      metaDataIDs = class com.ibm.ws.container.service.metadata.internal.IndexList@66434de2
      metaDatas = class java.util.ArrayList@330df399
      slotIDs = class com.ibm.ws.container.service.metadata.internal.IndexList@79cfd4f6
      serialVersionUID = 5464421863354792977
      $$$tc$$$ = class com.ibm.websphere.ras.TraceComponent@13561d95
    appModuleNameToModuleContainer = class java.util.concurrent.ConcurrentHashMap@3264e4cf
      serialVersionUID = 7249069246763182397
      MAXIMUM_CAPACITY = 1073741824
      DEFAULT_CAPACITY = 16
      MAX_ARRAY_SIZE = 2147483639
      DEFAULT_CONCURRENCY_LEVEL = 16
      LOAD_FACTOR = 0.75
      TREEIFY_THRESHOLD = 8
      UNTREEIFY_THRESHOLD = 6
      MIN_TREEIFY_CAPACITY = 64
      MIN_TRANSFER_STRIDE = 16
      RESIZE_STAMP_BITS = 16
      MAX_RESIZERS = 65535
      RESIZE_STAMP_SHIFT = 16
      MOVED = -1
      TREEBIN = -2
      RESERVED = -3
      HASH_BITS = 2147483647
      NCPU = 4
      serialPersistentFields = class java.io.ObjectStreamField[3]
      table = class java.util.concurrent.ConcurrentHashMap$Node[16]
      nextTable = null
      baseCount = 7
      sizeCtl = 12
      transferIndex = 0
      cellsBusy = 0
      counterCells = null
      keySet = null
      values = null
      entrySet = null
      U = class jdk.internal.misc.Unsafe@14fd2549
      SIZECTL = 20
      TRANSFERINDEX = 32
      BASECOUNT = 24
      CELLSBUSY = 36
      CELLVALUE = 144
      ABASE = 16
      ASHIFT = 2
      keySet = null
      values = null
    jeeNameToComponentMetaData = class java.util.concurrent.ConcurrentHashMap@64fe5117
      serialVersionUID = 7249069246763182397
      MAXIMUM_CAPACITY = 1073741824
      DEFAULT_CAPACITY = 16
      MAX_ARRAY_SIZE = 2147483639
      DEFAULT_CONCURRENCY_LEVEL = 16
      LOAD_FACTOR = 0.75
      TREEIFY_THRESHOLD = 8
      UNTREEIFY_THRESHOLD = 6
      MIN_TREEIFY_CAPACITY = 64
      MIN_TRANSFER_STRIDE = 16
      RESIZE_STAMP_BITS = 16
      MAX_RESIZERS = 65535
      RESIZE_STAMP_SHIFT = 16
      MOVED = -1
      TREEBIN = -2
      RESERVED = -3
      HASH_BITS = 2147483647
      NCPU = 4
      serialPersistentFields = class java.io.ObjectStreamField[3]
      table = class java.util.concurrent.ConcurrentHashMap$Node[32]
      nextTable = null
      baseCount = 14
      sizeCtl = 24
      transferIndex = 0
      cellsBusy = 0
      counterCells = null
      keySet = null
      values = null
      entrySet = null
      U = class jdk.internal.misc.Unsafe@14fd2549
      SIZECTL = 20
      TRANSFERINDEX = 32
      BASECOUNT = 24
      CELLSBUSY = 36
      CELLVALUE = 144
      ABASE = 16
      ASHIFT = 2
      keySet = null
      values = null
    deferredMetaDataFactories = class com.ibm.wsspi.kernel.service.utils.ConcurrentServiceReferenceSet@2e1f5020
      referenceName = "deferredMetaDataFactory"
      contextRef = class java.util.concurrent.atomic.AtomicReference@420cf843
      elementMap = class java.util.LinkedHashMap@7254b24c
      elementSet = class java.util.concurrent.ConcurrentSkipListSet@3f0b19a9
      elementSetUnsorted = false
      serialVersionUID = 756240983881166148
      $$$tc$$$ = class com.ibm.websphere.ras.TraceComponent@193b47ed
    deferredMetaDataInitializers = class com.ibm.wsspi.kernel.service.utils.ConcurrentServiceReferenceMap@60a83d72
      referenceName = "deferredMetaDataFactory"
      context = class org.apache.felix.scr.impl.manager.ComponentContextImpl@2601cfe8
      elementMap = class java.util.concurrent.ConcurrentHashMap@70b3e443
      serialVersionUID = 6980924785166233786
      $$$tc$$$ = class com.ibm.websphere.ras.TraceComponent@76c3bc45
    serialVersionUID = -2494605732980966097
    $$$tc$$$ = class com.ibm.websphere.ras.TraceComponent@6eec3eef
      strings[0] = "TraceComponent[com.ibm.ws.container.service.metadata.internal.MetaDataServiceImpl,class com.ibm.ws.container.service.metadata.internal.MetaDataServiceImpl,[Runtime],,null]"
  stateChangeService = class com.ibm.ws.container.service.state.internal.StateChangeServiceImpl@354469ef
    applicationStateManager = class com.ibm.ws.container.service.state.internal.ApplicationStateManager@7f689ee
      serialVersionUID = -6685368059484454124
      $$$tc$$$ = class com.ibm.websphere.ras.TraceComponent@bc4784c
      listeners = class com.ibm.wsspi.kernel.service.utils.ConcurrentServiceReferenceSet@15330342
      serialVersionUID = 2284273176985484160
      $$$tc$$$ = class com.ibm.websphere.ras.TraceComponent@7a1474e6
    moduleStateManager = class com.ibm.ws.container.service.state.internal.ModuleStateManager@75ffff34
      serialVersionUID = -5540260902341249963
      $$$tc$$$ = class com.ibm.websphere.ras.TraceComponent@47211a36
      listeners = class com.ibm.wsspi.kernel.service.utils.ConcurrentServiceReferenceSet@ba150c
      serialVersionUID = 2284273176985484160
      $$$tc$$$ = class com.ibm.websphere.ras.TraceComponent@7a1474e6
    serialVersionUID = -537917915330350560
    $$$tc$$$ = class com.ibm.websphere.ras.TraceComponent@18ae8ba
      strings[0] = "TraceComponent[com.ibm.ws.container.service.state.internal.StateChangeServiceImpl,class com.ibm.ws.container.service.state.internal.StateChangeServiceImpl,[Runtime],,null]"
  moduleClassesInfo = class com.ibm.ws.app.manager.module.internal.SimpleDeployedAppInfoBase$ModuleClassesInfoProvider@a4e1b1b
    entryContainerInfosMap = class java.util.HashMap@6953d706
      serialVersionUID = 362498820763181265
      DEFAULT_INITIAL_CAPACITY = 16
      MAXIMUM_CAPACITY = 1073741824
      DEFAULT_LOAD_FACTOR = 0.75
      TREEIFY_THRESHOLD = 8
      UNTREEIFY_THRESHOLD = 6
      MIN_TREEIFY_CAPACITY = 64
      table = null
      entrySet = null
      size = 0
      modCount = 0
      threshold = 0
      loadFactor = 0.75
      keySet = null
      values = null
    serialVersionUID = -70332790531324534
    $$$tc$$$ = class com.ibm.websphere.ras.TraceComponent@128df287
      strings[0] = "TraceComponent[com.ibm.ws.app.manager.module.internal.SimpleDeployedAppInfoBase$ModuleClassesInfoProvider,class com.ibm.ws.app.manager.module.internal.SimpleDeployedAppInfoBase$ModuleClassesInfoProvider,[applications, app.manager],,null]"
  moduleContainerInfos = class java.util.ArrayList@4d1b062a
    serialVersionUID = 8683452581122892189
    DEFAULT_CAPACITY = 10
    EMPTY_ELEMENTDATA = class java.lang.Object[0]
    DEFAULTCAPACITY_EMPTY_ELEMENTDATA = class java.lang.Object[0]
    elementData = class java.lang.Object[10]
      Object[0] = class com.ibm.ws.app.manager.module.internal.SimpleDeployedAppInfoBase$WebModuleContainerInfo@39ce2ae1
      Object[1] = null
      Object[2] = null
      Object[3] = null
      Object[4] = null
      Object[5] = null
      Object[6] = null
      Object[7] = null
      Object[8] = null
      Object[9] = null
    size = 1
    MAX_ARRAY_SIZE = 2147483639
    modCount = 1
    MAX_ARRAY_SIZE = 2147483639
  activeModuleHandlers = class java.util.IdentityHashMap@4a5ca58
    DEFAULT_CAPACITY = 32
    MINIMUM_CAPACITY = 4
    MAXIMUM_CAPACITY = 536870912
    table = class java.lang.Object[16]
      Object[0] = null
      Object[1] = null
      Object[2] = null
      Object[3] = null
      Object[4] = null
      Object[5] = null
      Object[6] = null
      Object[7] = null
      Object[8] = null
      Object[9] = null
      Object[10] = null
      Object[11] = null
      Object[12] = null
      Object[13] = null
      Object[14] = null
      Object[15] = null
    size = 0
    modCount = 2
    NULL_KEY = class java.lang.Object@4027cae7
    entrySet = null
    serialVersionUID = 8188218128353913216
    keySet = null
    values = null
  serialVersionUID = 7078125893012250887
  $$$tc$$$ = class com.ibm.websphere.ras.TraceComponent@645b6a79
    strings[0] = "TraceComponent[com.ibm.ws.app.manager.module.internal.SimpleDeployedAppInfoBase,class com.ibm.ws.app.manager.module.internal.SimpleDeployedAppInfoBase,[applications, app.manager],,null]"

Dump of objectArray[0]
Object type = com.ibm.ws.threading.internal.NonCancelableResultFuture
  _done = false
  _result = null
  _failure = null
  _listeners = class java.util.concurrent.ConcurrentLinkedQueue@57f808d8
    serialVersionUID = 196745693267521676
    head = class java.util.concurrent.ConcurrentLinkedQueue$Node@1161a50f
      item = null
      next = null
    tail = class java.util.concurrent.ConcurrentLinkedQueue$Node@1161a50f
    MAX_HOPS = 8
    HEAD = class java.lang.invoke.VarHandleReferences$FieldInstanceReadWrite@1ded1b2
      FORM = class java.lang.invoke.VarForm@47b5f79e
      fieldOffset = 12
      receiverType = class java.lang.Class@de0a01f
      fieldType = class java.lang.Class@4c75cab9
      FORM = class java.lang.invoke.VarForm@30f3caba
      vform = class java.lang.invoke.VarForm@47b5f79e
      typesAndInvokers = null
      AIOOBE_SUPPLIER = class jdk.internal.util.Preconditions$1@14033560
      VFORM_OFFSET = 12
      $assertionsDisabled = true
    TAIL = class java.lang.invoke.VarHandleReferences$FieldInstanceReadWrite@d234cf4
      FORM = class java.lang.invoke.VarForm@47b5f79e
      fieldOffset = 16
      receiverType = class java.lang.Class@de0a01f
      fieldType = class java.lang.Class@4c75cab9
      FORM = class java.lang.invoke.VarForm@30f3caba
      vform = class java.lang.invoke.VarForm@47b5f79e
      typesAndInvokers = null
      AIOOBE_SUPPLIER = class jdk.internal.util.Preconditions$1@14033560
      VFORM_OFFSET = 12
      $assertionsDisabled = true
    ITEM = class java.lang.invoke.VarHandleReferences$FieldInstanceReadWrite@64a27b05
      FORM = class java.lang.invoke.VarForm@47b5f79e
      fieldOffset = 12
      receiverType = class java.lang.Class@4c75cab9
      fieldType = class java.lang.Class@4e25154f
      FORM = class java.lang.invoke.VarForm@30f3caba
      vform = class java.lang.invoke.VarForm@47b5f79e
      typesAndInvokers = null
      AIOOBE_SUPPLIER = class jdk.internal.util.Preconditions$1@14033560
      VFORM_OFFSET = 12
      $assertionsDisabled = true
    NEXT = class java.lang.invoke.VarHandleReferences$FieldInstanceReadWrite@7144fffd
      FORM = class java.lang.invoke.VarForm@47b5f79e
      fieldOffset = 16
      receiverType = class java.lang.Class@4c75cab9
      fieldType = class java.lang.Class@4c75cab9
      FORM = class java.lang.invoke.VarForm@30f3caba
      vform = class java.lang.invoke.VarForm@47b5f79e
      typesAndInvokers = null
      AIOOBE_SUPPLIER = class jdk.internal.util.Preconditions$1@14033560
      VFORM_OFFSET = 12
      $assertionsDisabled = true
    MAX_ARRAY_SIZE = 2147483639
  _notifiedListeners = class java.util.concurrent.atomic.AtomicBoolean@12f1e471
    serialVersionUID = 4654671469794556979
    VALUE = class java.lang.invoke.VarHandleInts$FieldInstanceReadWrite@67f1dffb
      FORM = class java.lang.invoke.VarForm@2d91daa
      fieldOffset = 12
      receiverType = class java.lang.Class@52f759d7
      FORM = class java.lang.invoke.VarForm@510acf74
      vform = class java.lang.invoke.VarForm@2d91daa
      typesAndInvokers = null
      AIOOBE_SUPPLIER = class jdk.internal.util.Preconditions$1@14033560
      VFORM_OFFSET = 12
      $assertionsDisabled = true
    value = 0
  serialVersionUID = -296387658814354272
  $$$tc$$$ = class com.ibm.websphere.ras.TraceComponent@58723e54
    strings[0] = "TraceComponent[com.ibm.ws.threading.internal.NonCancelableResultFuture,class com.ibm.ws.threading.internal.NonCancelableResultFuture,[Threading],com.ibm.ws.threading.internal.resources.ThreadingMessages,null]"

