------Start of DE processing------ = [29/06/19 20:54:12:120 COT]
Exception = java.lang.ClassNotFoundException
Source = com.ibm.ws.container.ErrorPage
probeid = 95
Stack Dump = java.lang.ClassNotFoundException: 404
	at com.ibm.ws.classloading.internal.UnifiedClassLoader.findClass(UnifiedClassLoader.java:134)
	at com.ibm.ws.classloading.internal.ThreadContextClassLoader.findClass(ThreadContextClassLoader.java:138)
	at java.lang.ClassLoader.loadClass(Unknown Source)
	at com.ibm.ws.classloading.internal.UnifiedClassLoader.loadClass0(UnifiedClassLoader.java:113)
	at com.ibm.ws.classloading.internal.UnifiedClassLoader$Delegation.loadClass(UnifiedClassLoader.java:82)
	at com.ibm.ws.classloading.internal.UnifiedClassLoader.loadClass(UnifiedClassLoader.java:106)
	at com.ibm.ws.classloading.internal.ThreadContextClassLoader.loadClass(ThreadContextClassLoader.java:154)
	at java.lang.ClassLoader.loadClass(Unknown Source)
	at java.lang.Class.forName0(Native Method)
	at java.lang.Class.forName(Unknown Source)
	at com.ibm.ws.container.ErrorPage.getException(ErrorPage.java:94)
	at com.ibm.ws.webcontainer.webapp.WebAppConfiguration.getErrorPageByExceptionType(WebAppConfiguration.java:844)
	at com.ibm.ws.webcontainer.webapp.WebAppConfiguration.getErrorPageTraverseRootCause(WebAppConfiguration.java:813)
	at com.ibm.ws.webcontainer.webapp.WebApp.getErrorPageDispatcher(WebApp.java:4571)
	at com.ibm.ws.webcontainer.webapp.WebApp.sendError(WebApp.java:4146)
	at com.ibm.ws.webcontainer.webapp.WebApp.handleException(WebApp.java:5057)
	at com.ibm.ws.webcontainer.webapp.WebApp.handleRequest(WebApp.java:5037)
	at com.ibm.ws.webcontainer.osgi.DynamicVirtualHost$2.handleRequest(DynamicVirtualHost.java:314)
	at com.ibm.ws.webcontainer.WebContainer.handleRequest(WebContainer.java:992)
	at com.ibm.ws.webcontainer.osgi.DynamicVirtualHost$2.run(DynamicVirtualHost.java:279)
	at com.ibm.ws.http.dispatcher.internal.channel.HttpDispatcherLink$TaskWrapper.run(HttpDispatcherLink.java:1047)
	at com.ibm.ws.http.dispatcher.internal.channel.HttpDispatcherLink.wrapHandlerAndExecute(HttpDispatcherLink.java:417)
	at com.ibm.ws.http.dispatcher.internal.channel.HttpDispatcherLink.ready(HttpDispatcherLink.java:376)
	at com.ibm.ws.http.channel.internal.inbound.HttpInboundLink.handleDiscrimination(HttpInboundLink.java:532)
	at com.ibm.ws.http.channel.internal.inbound.HttpInboundLink.handleNewRequest(HttpInboundLink.java:466)
	at com.ibm.ws.http.channel.internal.inbound.HttpInboundLink.processRequest(HttpInboundLink.java:331)
	at com.ibm.ws.http.channel.internal.inbound.HttpInboundLink.ready(HttpInboundLink.java:302)
	at com.ibm.ws.tcpchannel.internal.NewConnectionInitialReadCallback.sendToDiscriminators(NewConnectionInitialReadCallback.java:165)
	at com.ibm.ws.tcpchannel.internal.NewConnectionInitialReadCallback.complete(NewConnectionInitialReadCallback.java:74)
	at com.ibm.ws.tcpchannel.internal.WorkQueueManager.requestComplete(WorkQueueManager.java:503)
	at com.ibm.ws.tcpchannel.internal.WorkQueueManager.attemptIO(WorkQueueManager.java:573)
	at com.ibm.ws.tcpchannel.internal.WorkQueueManager.workerRun(WorkQueueManager.java:954)
	at com.ibm.ws.tcpchannel.internal.WorkQueueManager$Worker.run(WorkQueueManager.java:1043)
	at com.ibm.ws.threading.internal.ExecutorServiceImpl$RunnableWrapper.run(ExecutorServiceImpl.java:239)
	at java.util.concurrent.ThreadPoolExecutor.runWorker(Unknown Source)
	at java.util.concurrent.ThreadPoolExecutor$Worker.run(Unknown Source)
	at java.lang.Thread.run(Unknown Source)

Dump of callerThis
Object type = com.ibm.ws.container.ErrorPage
  location = "/status/error.xhtml"
  errorParam = "404"
  serialVersionUID = -3207630075750300656
  $$$tc$$$ = class com.ibm.websphere.ras.TraceComponent@3a761d06
    strings[0] = "TraceComponent[com.ibm.ws.container.ErrorPage,class com.ibm.ws.container.ErrorPage,[],null,null]"

Dump of objectArray[0]
Object type = com.ibm.ws.classloading.internal.ThreadContextClassLoader
  tc = class com.ibm.websphere.ras.TraceComponent@26cfda43
    strings[0] = "TraceComponent[com.ibm.ws.classloading.internal.ThreadContextClassLoader,class com.ibm.ws.classloading.internal.ThreadContextClassLoader,[ClassLoadingService],com.ibm.ws.classloading.internal.resources.ClassLoadingServiceMessages,null]"
  bundle = class java.util.concurrent.atomic.AtomicReference@3f13a0ae
    serialVersionUID = -1848883965231344442
    unsafe = class sun.misc.Unsafe@7e6fdca3
    valueOffset = 12
    value = class org.eclipse.osgi.internal.framework.EquinoxBundle@6b83af85
  key = "WebModule:softswitch#softswitch.war"
  refCount = class java.util.concurrent.atomic.AtomicInteger@1055e4dc
    serialVersionUID = 6214790243416807050
    unsafe = class sun.misc.Unsafe@7e6fdca3
      theUnsafe = class sun.misc.Unsafe@7e6fdca3
      INVALID_FIELD_OFFSET = -1
      ARRAY_BOOLEAN_BASE_OFFSET = 16
      ARRAY_BYTE_BASE_OFFSET = 16
      ARRAY_SHORT_BASE_OFFSET = 16
      ARRAY_CHAR_BASE_OFFSET = 16
      ARRAY_INT_BASE_OFFSET = 16
      ARRAY_LONG_BASE_OFFSET = 16
      ARRAY_FLOAT_BASE_OFFSET = 16
      ARRAY_DOUBLE_BASE_OFFSET = 16
      ARRAY_OBJECT_BASE_OFFSET = 16
      ARRAY_BOOLEAN_INDEX_SCALE = 1
      ARRAY_BYTE_INDEX_SCALE = 1
      ARRAY_SHORT_INDEX_SCALE = 2
      ARRAY_CHAR_INDEX_SCALE = 2
      ARRAY_INT_INDEX_SCALE = 4
      ARRAY_LONG_INDEX_SCALE = 8
      ARRAY_FLOAT_INDEX_SCALE = 4
      ARRAY_DOUBLE_INDEX_SCALE = 8
      ARRAY_OBJECT_INDEX_SCALE = 4
      ADDRESS_SIZE = 8
    valueOffset = 12
    value = 4
    serialVersionUID = -8742448824652078965
  appLoader = class com.ibm.ws.classloading.internal.AppClassLoader@7bd2f392
    tc = class com.ibm.websphere.ras.TraceComponent@52be8c94
      strings[0] = "TraceComponent[com.ibm.ws.classloading.internal.AppClassLoader,class com.ibm.ws.classloading.internal.AppClassLoader,[ClassLoadingService],com.ibm.ws.classloading.internal.resources.ClassLoadingServiceMessages,null]"
    PARENT_FIRST_SEARCH_ORDER = class java.util.Collections$UnmodifiableRandomAccessList@402b5e2e
      serialVersionUID = -2542308836966382001
      serialVersionUID = -283967356065247728
      list = class java.util.Arrays$ArrayList@2ecc6875
      serialVersionUID = 1820017752578914078
      c = class java.util.Arrays$ArrayList@2ecc6875
    CLASS_LOADING_TRACE_PREFIX = "com.ibm.ws.class.load."
    DEFAULT_PACKAGE = "default.package"
    perPackageClassLoadingTraceComponents = class java.util.concurrent.ConcurrentHashMap@29257826
      serialVersionUID = 7249069246763182397
      MAXIMUM_CAPACITY = 1073741824
      DEFAULT_CAPACITY = 16
      MAX_ARRAY_SIZE = 2147483639
      DEFAULT_CONCURRENCY_LEVEL = 16
      LOAD_FACTOR = 0.75
      TREEIFY_THRESHOLD = 8
      UNTREEIFY_THRESHOLD = 6
      MIN_TREEIFY_CAPACITY = 64
      MIN_TRANSFER_STRIDE = 16
      RESIZE_STAMP_BITS = 16
      MAX_RESIZERS = 65535
      RESIZE_STAMP_SHIFT = 16
      MOVED = -1
      TREEBIN = -2
      RESERVED = -3
      HASH_BITS = 2147483647
      NCPU = 4
      serialPersistentFields = class java.io.ObjectStreamField[3]
      table = class java.util.concurrent.ConcurrentHashMap$Node[512]
      nextTable = null
      baseCount = 240
      sizeCtl = 384
      transferIndex = 0
      cellsBusy = 0
      counterCells = null
      keySet = null
      values = null
      entrySet = null
      U = class sun.misc.Unsafe@7e6fdca3
      SIZECTL = 20
      TRANSFERINDEX = 32
      BASECOUNT = 24
      CELLSBUSY = 36
      CELLVALUE = 144
      ABASE = 16
      ASHIFT = 2
      keySet = null
      values = null
    config = class com.ibm.ws.classloading.internal.ClassLoaderConfigurationImpl@6a2ebda9
      DEFAULT_PROTECTION_DOMAIN = class java.security.ProtectionDomain@5a624ed
      delegateLast = false
      includeAppExtensions = true
      id = class com.ibm.ws.classloading.serializable.ClassLoaderIdentityImpl@690840b3
      parentId = null
      sharedLibraries = class java.util.ArrayList@58f8403f
      commonLibraries = class java.util.Collections$EmptyList@72617851
      providers = class java.util.Collections$EmptyList@72617851
      nativeLibraryContainers = class java.util.Collections$EmptyList@72617851
      protectionDomain = class java.security.ProtectionDomain@2ef2636d
      serialVersionUID = 9091690180200375339
      $$$tc$$$ = class com.ibm.websphere.ras.TraceComponent@4966ed20
    privateLibraries = null
    delegateLoaders = class com.ibm.ws.classloading.internal.util.CompositeIterable@1ad59ffa
      iterables = class java.util.Arrays$ArrayList@b7448a2
      serialVersionUID = -1227195994638150837
      $$$tc$$$ = class com.ibm.websphere.ras.TraceComponent@4553b0cb
    nativeLibraryFiles = class java.util.ArrayList@54191219
      serialVersionUID = 8683452581122892189
      DEFAULT_CAPACITY = 10
      EMPTY_ELEMENTDATA = class java.lang.Object[0]
      DEFAULTCAPACITY_EMPTY_ELEMENTDATA = class java.lang.Object[0]
      elementData = class java.lang.Object[0]
      size = 0
      MAX_ARRAY_SIZE = 2147483639
      modCount = 0
      MAX_ARRAY_SIZE = 2147483639
    transformers = class java.util.ArrayList@567fb4f4
      serialVersionUID = 8683452581122892189
      DEFAULT_CAPACITY = 10
      EMPTY_ELEMENTDATA = class java.lang.Object[0]
      DEFAULTCAPACITY_EMPTY_ELEMENTDATA = class java.lang.Object[0]
      elementData = class java.lang.Object[0]
      size = 0
      MAX_ARRAY_SIZE = 2147483639
      modCount = 0
      MAX_ARRAY_SIZE = 2147483639
    apiAccess = class com.ibm.ws.classloading.internal.GatewayClassLoader@128cd5b5
      config = class com.ibm.ws.classloading.internal.GatewayConfigurationImpl@5f493d2b
      wiringMonitor = class com.ibm.ws.classloading.internal.GatewayClassLoader$1@451f2fdd
      bundle = class org.eclipse.osgi.internal.framework.EquinoxBundle@4121eca0
      wiring = class org.eclipse.osgi.container.ModuleWiring@238994aa
      bundleLoader = class org.eclipse.osgi.internal.loader.EquinoxClassLoader@a91f921
      resourceProviders = class com.ibm.ws.classloading.internal.CompositeResourceProvider@4a00a890
      serialVersionUID = -4256474098847905153
      $$$tc$$$ = class com.ibm.websphere.ras.TraceComponent@1c1ce779
      parent = class sun.misc.Launcher$AppClassLoader@18b4aac2
      parallelLockMap = null
      package2certs = class java.util.Hashtable@1ca73d3d
      nocerts = class java.security.cert.Certificate[0]
      classes = class java.util.Vector@20fa88b3
      defaultDomain = class java.security.ProtectionDomain@4fb974c2
      domains = class java.util.HashSet@4a64c4e5
      packages = class java.util.HashMap@6f8f5641
      scl = class sun.misc.Launcher$AppClassLoader@18b4aac2
      sclSet = true
      loadedLibraryNames = class java.util.Vector@7cf8c007
      systemNativeLibraries = class java.util.Vector@519938aa
      nativeLibraries = class java.util.Vector@1b44e413
      nativeLibraryContext = class java.util.Stack@5f6d10ab
      usr_paths = class java.lang.String[23]
      sys_paths = class java.lang.String[1]
      assertionLock = class com.ibm.ws.classloading.internal.GatewayClassLoader@128cd5b5
      defaultAssertionStatus = false
      packageAssertionStatus = null
      classAssertionStatus = null
    generator = class com.ibm.ws.classloading.internal.ClassGeneratorManager@272c8060
      tc = class com.ibm.websphere.ras.TraceComponent@536a59e6
      generatorRefs = class com.ibm.wsspi.kernel.service.utils.ConcurrentServiceReferenceSet@38ce452e
      serialVersionUID = 4152663586056483310
    protectionDomains = class java.util.concurrent.ConcurrentHashMap@49a39867
      serialVersionUID = 7249069246763182397
      MAXIMUM_CAPACITY = 1073741824
      DEFAULT_CAPACITY = 16
      MAX_ARRAY_SIZE = 2147483639
      DEFAULT_CONCURRENCY_LEVEL = 16
      LOAD_FACTOR = 0.75
      TREEIFY_THRESHOLD = 8
      UNTREEIFY_THRESHOLD = 6
      MIN_TREEIFY_CAPACITY = 64
      MIN_TRANSFER_STRIDE = 16
      RESIZE_STAMP_BITS = 16
      MAX_RESIZERS = 65535
      RESIZE_STAMP_SHIFT = 16
      MOVED = -1
      TREEBIN = -2
      RESERVED = -3
      HASH_BITS = 2147483647
      NCPU = 4
      serialPersistentFields = class java.io.ObjectStreamField[3]
      table = class java.util.concurrent.ConcurrentHashMap$Node[16]
      nextTable = null
      baseCount = 7
      sizeCtl = 12
      transferIndex = 0
      cellsBusy = 0
      counterCells = null
      keySet = null
      values = null
      entrySet = null
      U = class sun.misc.Unsafe@7e6fdca3
      SIZECTL = 20
      TRANSFERINDEX = 32
      BASECOUNT = 24
      CELLSBUSY = 36
      CELLVALUE = 144
      ABASE = 16
      ASHIFT = 2
      keySet = null
      values = null
    parent = class com.ibm.ws.classloading.internal.GatewayClassLoader@128cd5b5
    hook = null
    serialVersionUID = 7911131531697267209
    tc = class com.ibm.websphere.ras.TraceComponent@3bf46566
      strings[0] = "TraceComponent[com.ibm.ws.classloading.internal.ContainerClassLoader,class com.ibm.ws.classloading.internal.ContainerClassLoader,[ClassLoadingService],com.ibm.ws.classloading.internal.resources.ClassLoadingServiceMessages,null]"
    smartClassPath = class com.ibm.ws.classloading.internal.ContainerClassLoader$SmartClassPathImpl@7f3fe4e6
      rwLock = class java.util.concurrent.locks.ReentrantReadWriteLock@6fcfa7d7
      outstandingContainers = class java.util.concurrent.atomic.AtomicInteger@37d8ec5d
      usePackageMap = true
      maxLastNotFound = 250
      maxLastFound = 900
      maxLastReallyNotFound = 900
      propsInUse = false
      classPath = class java.util.concurrent.CopyOnWriteArrayList@5e135fa2
      MAX_LASTNOTFOUND = 250
      lastNotFound = class java.util.concurrent.CopyOnWriteArrayList@5c46da76
      MAX_LASTFOUND = 900
      lastFoundURL = class java.util.Collections$SynchronizedMap@4ea52f36
      MAX_LASTREALLYNOTFOUND = 900
      lastReallyNotFoundURL = class java.util.Collections$SynchronizedMap@3e6f88bb
      packageMap = class java.util.HashMap@7ac53e9b
      containers = class java.util.Collections$SetFromMap@10badedf
      serialVersionUID = 5999673258880429274
      $$$tc$$$ = class com.ibm.websphere.ras.TraceComponent@455cab58
    nativeLibraryContainers = class java.util.ArrayList@632ab8c2
      serialVersionUID = 8683452581122892189
      DEFAULT_CAPACITY = 10
      EMPTY_ELEMENTDATA = class java.lang.Object[0]
      DEFAULTCAPACITY_EMPTY_ELEMENTDATA = class java.lang.Object[0]
      elementData = class java.lang.Object[0]
      size = 0
      MAX_ARRAY_SIZE = 2147483639
      modCount = 0
      MAX_ARRAY_SIZE = 2147483639
    redefiner = class com.ibm.ws.classloading.internal.util.ClassRedefiner@bce3519
      tc = class com.ibm.websphere.ras.TraceComponent@41c464f7
      LS = "
"
      inst = class com.ibm.ws.kernel.launch.internal.TraceInstrumentation@de5c12a
      serialVersionUID = 2420101865139508526
    jarProtocol = "wsjar:"
    mapCreationQueue = class java.util.concurrent.Executors$FinalizableDelegatedExecutorService@2c16dcd
      e = class java.util.concurrent.ThreadPoolExecutor@360d4b5e
      $assertionsDisabled = true
    serialVersionUID = 4390450102868895350
    serialVersionUID = -7411549862368381758
    $$$tc$$$ = class com.ibm.websphere.ras.TraceComponent@113b8e23
      strings[0] = "TraceComponent[com.ibm.ws.classloading.internal.IdentifiedLoader,class com.ibm.ws.classloading.internal.IdentifiedLoader,[ClassLoadingService],com.ibm.ws.classloading.internal.resources.ClassLoadingServiceMessages,null]"
    serialVersionUID = -4868702105808481416
    $$$tc$$$ = class com.ibm.websphere.ras.TraceComponent@1976bf46
    serialVersionUID = 2596921220292114344
    $$$tc$$$ = class com.ibm.websphere.ras.TraceComponent@18165941
    initialized = true
    pdcache = class java.util.HashMap@48d96847
      serialVersionUID = 362498820763181265
      DEFAULT_INITIAL_CAPACITY = 16
      MAXIMUM_CAPACITY = 1073741824
      DEFAULT_LOAD_FACTOR = 0.75
      TREEIFY_THRESHOLD = 8
      UNTREEIFY_THRESHOLD = 6
      MIN_TREEIFY_CAPACITY = 64
      table = null
      entrySet = null
      size = 0
      modCount = 0
      threshold = 16
      loadFactor = 0.75
      keySet = null
      values = null
    debug = null
    parent = class com.ibm.ws.classloading.internal.GatewayClassLoader@128cd5b5
    parallelLockMap = null
    package2certs = class java.util.Hashtable@1d6cb19b
      table = class java.util.Hashtable$Entry[383]
      count = 240
      threshold = 287
      loadFactor = 0.75
      modCount = 245
      serialVersionUID = 1421746759512286392
      MAX_ARRAY_SIZE = 2147483639
      keySet = null
      entrySet = null
      values = null
      KEYS = 0
      VALUES = 1
      ENTRIES = 2
    nocerts = class java.security.cert.Certificate[0]
    classes = class java.util.Vector@1df47e04
      elementData = class java.lang.Object[1280]
      elementCount = 953
      capacityIncrement = 0
      serialVersionUID = -2767605614048989439
      MAX_ARRAY_SIZE = 2147483639
      modCount = 953
      MAX_ARRAY_SIZE = 2147483639
    defaultDomain = class java.security.ProtectionDomain@2bae29d0
      codesource = class java.security.CodeSource@5dc90263
      classloader = class com.ibm.ws.classloading.internal.AppClassLoader@7bd2f392
      principals = interface java.security.Principal[0]
      permissions = null
      hasAllPerm = false
      staticPermissions = false
      key = class java.security.ProtectionDomain$Key@2f027545
      debug = null
    domains = class java.util.HashSet@2836e7b2
      serialVersionUID = -5024744406713321676
      map = class java.util.HashMap@4bd7c9f3
      PRESENT = class java.lang.Object@6c8e450a
      MAX_ARRAY_SIZE = 2147483639
    packages = class java.util.HashMap@50ae6b46
      serialVersionUID = 362498820763181265
      DEFAULT_INITIAL_CAPACITY = 16
      MAXIMUM_CAPACITY = 1073741824
      DEFAULT_LOAD_FACTOR = 0.75
      TREEIFY_THRESHOLD = 8
      UNTREEIFY_THRESHOLD = 6
      MIN_TREEIFY_CAPACITY = 64
      table = class java.util.HashMap$Node[512]
      entrySet = null
      size = 240
      modCount = 240
      threshold = 384
      loadFactor = 0.75
      keySet = null
      values = null
    scl = class sun.misc.Launcher$AppClassLoader@18b4aac2
    sclSet = true
    loadedLibraryNames = class java.util.Vector@7cf8c007
    systemNativeLibraries = class java.util.Vector@519938aa
    nativeLibraries = class java.util.Vector@6e943b09
      elementData = class java.lang.Object[10]
      elementCount = 0
      capacityIncrement = 0
      serialVersionUID = -2767605614048989439
      MAX_ARRAY_SIZE = 2147483639
      modCount = 0
      MAX_ARRAY_SIZE = 2147483639
    nativeLibraryContext = class java.util.Stack@5f6d10ab
    usr_paths = class java.lang.String[23]
    sys_paths = class java.lang.String[1]
    assertionLock = class com.ibm.ws.classloading.internal.AppClassLoader@7bd2f392
    defaultAssertionStatus = false
    packageAssertionStatus = null
    classAssertionStatus = null
  clSvc = class com.ibm.ws.classloading.internal.ClassLoadingServiceImpl@7fd37155
    tc = class com.ibm.websphere.ras.TraceComponent@7d3d46ca
      strings[0] = "TraceComponent[com.ibm.ws.classloading.internal.ClassLoadingServiceImpl,class com.ibm.ws.classloading.internal.ClassLoadingServiceImpl,[ClassLoadingService],com.ibm.ws.classloading.internal.resources.ClassLoadingServiceMessages,null]"
    leakDetectionMap = class java.util.HashMap@38b12c0a
      serialVersionUID = 362498820763181265
      DEFAULT_INITIAL_CAPACITY = 16
      MAXIMUM_CAPACITY = 1073741824
      DEFAULT_LOAD_FACTOR = 0.75
      TREEIFY_THRESHOLD = 8
      UNTREEIFY_THRESHOLD = 6
      MIN_TREEIFY_CAPACITY = 64
      table = null
      entrySet = null
      size = 0
      modCount = 0
      threshold = 0
      loadFactor = 0.75
      keySet = null
      values = null
    TCCL_LOCK_WAIT = 15000
    REFERENCE_GENERATORS = "generators"
    bundleContext = class org.eclipse.osgi.internal.framework.BundleContextImpl@4fc383dc
      findHookName = "org.osgi.framework.hooks.bundle.FindHook"
      valid = true
      bundle = class org.eclipse.osgi.internal.framework.EquinoxBundle@1a3652ee
      container = class org.eclipse.osgi.internal.framework.EquinoxContainer@c24bd07
      debug = class org.eclipse.osgi.internal.debug.Debug@382b056b
      servicesInUse = class java.util.HashMap@39498a8a
      activator = null
      contextLock = class java.lang.Object@12e60ecc
    aclStore = class com.ibm.ws.classloading.internal.util.CanonicalStore@713986fc
      map = class java.util.concurrent.ConcurrentHashMap@41305ad2
      q = class com.ibm.ws.classloading.internal.util.RefQueue@1b9865df
      serialVersionUID = 6715157558227169968
      $$$tc$$$ = class com.ibm.websphere.ras.TraceComponent@78a7762
    tcclStore = class com.ibm.ws.classloading.internal.util.CanonicalStore@3012f506
      map = class java.util.concurrent.ConcurrentHashMap@7a271c2b
      q = class com.ibm.ws.classloading.internal.util.RefQueue@163b5a8d
      serialVersionUID = 6715157558227169968
      $$$tc$$$ = class com.ibm.websphere.ras.TraceComponent@78a7762
    tcclStoreLock = class java.util.concurrent.locks.ReentrantLock@6b9c388b
      serialVersionUID = 7373984872572414699
      sync = class java.util.concurrent.locks.ReentrantLock$NonfairSync@2e148c9b
    digraph = class org.eclipse.equinox.internal.region.StandardRegionDigraph@5afc888e
      EMPTY_EDGE_SET = class java.util.Collections$UnmodifiableSet@52d3ab1c
      monitor = class java.lang.Object@265070a9
      regions = class java.util.HashMap@44baa33c
      bundleIdToRegionMapping = class org.eclipse.equinox.internal.region.StandardBundleIdToRegionMapping@2507fd
      edges = class java.util.HashMap@4f61c7ae
      bundleContext = class org.eclipse.osgi.internal.framework.BundleContextImpl@24a1c17f
      threadLocal = class java.lang.ThreadLocal@6a1133d3
      subgraphTraverser = class org.eclipse.equinox.internal.region.SubgraphTraverser@7b23deee
      bundleCollisionHook = class org.eclipse.equinox.internal.region.hook.RegionBundleCollisionHook@53113498
      bundleEventHook = class org.eclipse.equinox.internal.region.hook.RegionBundleEventHook@128cc5e3
      bundleFindHook = class org.eclipse.equinox.internal.region.hook.RegionBundleFindHook@71e0e3ca
      serviceEventHook = class org.eclipse.equinox.internal.region.hook.RegionServiceEventHook@14d187b6
      serviceFindHook = class org.eclipse.equinox.internal.region.hook.RegionServiceFindHook@4e3ec440
      resolverHookFactory = class org.eclipse.equinox.internal.region.hook.RegionResolverHookFactory@3ae9b3b9
      origin = null
      originUpdateCount = -1
      updateCount = class java.util.concurrent.atomic.AtomicLong@4ce1f99d
      defaultRegion = null
    redefiner = class com.ibm.ws.classloading.internal.util.ClassRedefiner@bce3519
    listener = class com.ibm.ws.classloading.internal.ClassLoadingServiceImpl$1@67cfeb4b
      this$0 = class com.ibm.ws.classloading.internal.ClassLoadingServiceImpl@7fd37155
      serialVersionUID = -9159707349812113172
      $$$tc$$$ = class com.ibm.websphere.ras.TraceComponent@1c48ed22
    classloaders = class java.util.Collections$SynchronizedMap@40529871
      serialVersionUID = 1978198479659022715
      m = class java.util.HashMap@52571650
      mutex = class java.util.Collections$SynchronizedMap@40529871
      keySet = null
      entrySet = null
      values = null
    resourceProviders = class com.ibm.ws.classloading.internal.CompositeResourceProvider@4a00a890
      lockFactory = class java.util.concurrent.locks.ReentrantReadWriteLock@6f9c8b79
      providerMap = class com.ibm.ws.classloading.internal.util.MultiMap@5af66d03
      serialVersionUID = -5576435894946156347
      $$$tc$$$ = class com.ibm.websphere.ras.TraceComponent@52bb5f71
    rememberedBundles = class java.util.concurrent.ConcurrentHashMap@7406e1a6
      serialVersionUID = 7249069246763182397
      MAXIMUM_CAPACITY = 1073741824
      DEFAULT_CAPACITY = 16
      MAX_ARRAY_SIZE = 2147483639
      DEFAULT_CONCURRENCY_LEVEL = 16
      LOAD_FACTOR = 0.75
      TREEIFY_THRESHOLD = 8
      UNTREEIFY_THRESHOLD = 6
      MIN_TREEIFY_CAPACITY = 64
      MIN_TRANSFER_STRIDE = 16
      RESIZE_STAMP_BITS = 16
      MAX_RESIZERS = 65535
      RESIZE_STAMP_SHIFT = 16
      MOVED = -1
      TREEBIN = -2
      RESERVED = -3
      HASH_BITS = 2147483647
      NCPU = 4
      serialPersistentFields = class java.io.ObjectStreamField[3]
      table = class java.util.concurrent.ConcurrentHashMap$Node[16]
      nextTable = null
      baseCount = 5
      sizeCtl = 12
      transferIndex = 0
      cellsBusy = 0
      counterCells = null
      keySet = null
      values = null
      entrySet = null
      U = class sun.misc.Unsafe@7e6fdca3
      SIZECTL = 20
      TRANSFERINDEX = 32
      BASECOUNT = 24
      CELLSBUSY = 36
      CELLVALUE = 144
      ABASE = 16
      ASHIFT = 2
      keySet = null
      values = null
    collectedBundles = class java.lang.ref.ReferenceQueue@6c8bd9de
      NULL = class java.lang.ref.ReferenceQueue$Null@246f9ff7
      ENQUEUED = class java.lang.ref.ReferenceQueue$Null@7fd21d09
      lock = class java.lang.ref.ReferenceQueue$Lock@31f7b09a
      head = null
      queueLength = 0
      $assertionsDisabled = true
    generatorRefs = class com.ibm.wsspi.kernel.service.utils.ConcurrentServiceReferenceSet@38ce452e
      referenceName = "generators"
      contextRef = class java.util.concurrent.atomic.AtomicReference@96271ac
      elementMap = class java.util.LinkedHashMap@45a1725f
      elementSet = class java.util.concurrent.ConcurrentSkipListSet@3a1909ad
      elementSetUnsorted = false
      serialVersionUID = 756240983881166148
      $$$tc$$$ = class com.ibm.websphere.ras.TraceComponent@674450b7
    generatorManager = class com.ibm.ws.classloading.internal.ClassGeneratorManager@272c8060
    appExtLibs = class java.util.concurrent.CopyOnWriteArrayList@77c52e8f
      serialVersionUID = 8673264195747942595
      lock = class java.util.concurrent.locks.ReentrantLock@5dd19cb9
      array = class java.lang.Object[0]
      UNSAFE = class sun.misc.Unsafe@7e6fdca3
      lockOffset = 12
    globalConfig = class com.ibm.ws.classloading.configuration.GlobalClassloadingConfiguration@340dfa00
      properties = class org.apache.felix.scr.impl.helper.ReadOnlyDictionary@51336e0d
      serialVersionUID = 452562347104713756
      $$$tc$$$ = class com.ibm.websphere.ras.TraceComponent@18ca32f
    metaInfServicesProviders = class java.util.concurrent.ConcurrentHashMap@6fa8076
      serialVersionUID = 7249069246763182397
      MAXIMUM_CAPACITY = 1073741824
      DEFAULT_CAPACITY = 16
      MAX_ARRAY_SIZE = 2147483639
      DEFAULT_CONCURRENCY_LEVEL = 16
      LOAD_FACTOR = 0.75
      TREEIFY_THRESHOLD = 8
      UNTREEIFY_THRESHOLD = 6
      MIN_TREEIFY_CAPACITY = 64
      MIN_TRANSFER_STRIDE = 16
      RESIZE_STAMP_BITS = 16
      MAX_RESIZERS = 65535
      RESIZE_STAMP_SHIFT = 16
      MOVED = -1
      TREEBIN = -2
      RESERVED = -3
      HASH_BITS = 2147483647
      NCPU = 4
      serialPersistentFields = class java.io.ObjectStreamField[3]
      table = null
      nextTable = null
      baseCount = 0
      sizeCtl = 0
      transferIndex = 0
      cellsBusy = 0
      counterCells = null
      keySet = null
      values = null
      entrySet = null
      U = class sun.misc.Unsafe@7e6fdca3
      SIZECTL = 20
      TRANSFERINDEX = 32
      BASECOUNT = 24
      CELLSBUSY = 36
      CELLVALUE = 144
      ABASE = 16
      ASHIFT = 2
      keySet = null
      values = null
    metaInfServicesRefs = class com.ibm.wsspi.kernel.service.utils.ConcurrentServiceReferenceMap@4c5752b2
      referenceName = "MetaInfServicesProvider"
      context = class org.apache.felix.scr.impl.manager.ComponentContextImpl@1cd4bbf1
      elementMap = class java.util.concurrent.ConcurrentHashMap@2a466ef4
      serialVersionUID = 6980924785166233786
      $$$tc$$$ = class com.ibm.websphere.ras.TraceComponent@b393dd9
    protectionDomainMap = class java.util.HashMap@12b8bce1
      serialVersionUID = 362498820763181265
      DEFAULT_INITIAL_CAPACITY = 16
      MAXIMUM_CAPACITY = 1073741824
      DEFAULT_LOAD_FACTOR = 0.75
      TREEIFY_THRESHOLD = 8
      UNTREEIFY_THRESHOLD = 6
      MIN_TREEIFY_CAPACITY = 64
      table = null
      entrySet = null
      size = 0
      modCount = 0
      threshold = 0
      loadFactor = 0.75
      keySet = null
      values = null
    metadataIdentifierService = class com.ibm.ws.container.service.metadata.internal.MetaDataServiceImpl@4f1d3b70
      applicationMetaDataManager = class com.ibm.ws.container.service.metadata.internal.ApplicationMetaDataManager@50d59a93
      moduleMetaDataManager = class com.ibm.ws.container.service.metadata.internal.ModuleMetaDataManager@7a14e3cb
      componentMetaDataManager = class com.ibm.ws.container.service.metadata.internal.ComponentMetaDataManager@29586b8a
      methodMetaDataManager = class com.ibm.ws.container.service.metadata.internal.MethodMetaDataManager@6682e5f9
      appModuleNameToModuleContainer = class java.util.concurrent.ConcurrentHashMap@1a7ffab8
      jeeNameToComponentMetaData = class java.util.concurrent.ConcurrentHashMap@47a84887
      deferredMetaDataFactories = class com.ibm.wsspi.kernel.service.utils.ConcurrentServiceReferenceSet@2dc66fc3
      deferredMetaDataInitializers = class com.ibm.wsspi.kernel.service.utils.ConcurrentServiceReferenceMap@5c9afaaf
      serialVersionUID = -2494605732980966097
      $$$tc$$$ = class com.ibm.websphere.ras.TraceComponent@6b2ab0be
    globalSharedLibrary = class java.util.concurrent.atomic.AtomicReference@49be994c
      serialVersionUID = -1848883965231344442
      unsafe = class sun.misc.Unsafe@7e6fdca3
      valueOffset = 12
      value = null
    serialVersionUID = -2277344858934055980
  serialVersionUID = 846416563800781557
  tc = class com.ibm.websphere.ras.TraceComponent@d128aeb
    strings[0] = "TraceComponent[com.ibm.ws.classloading.internal.UnifiedClassLoader,class com.ibm.ws.classloading.internal.UnifiedClassLoader,[ClassLoadingService],com.ibm.ws.classloading.internal.resources.ClassLoadingServiceMessages,null]"
  followOnClassLoaders = class java.util.ArrayList@6a028ac2
    serialVersionUID = 8683452581122892189
    DEFAULT_CAPACITY = 10
    EMPTY_ELEMENTDATA = class java.lang.Object[0]
    DEFAULTCAPACITY_EMPTY_ELEMENTDATA = class java.lang.Object[0]
    elementData = class java.lang.Object[10]
      Object[0] = class com.ibm.ws.classloading.internal.AppClassLoader@7bd2f392
      Object[1] = null
      Object[2] = null
      Object[3] = null
      Object[4] = null
      Object[5] = null
      Object[6] = null
      Object[7] = null
      Object[8] = null
      Object[9] = null
    size = 1
    MAX_ARRAY_SIZE = 2147483639
    modCount = 1
    MAX_ARRAY_SIZE = 2147483639
  serialVersionUID = 8829649920524275888
  serialVersionUID = -4868702105808481416
  $$$tc$$$ = class com.ibm.websphere.ras.TraceComponent@1976bf46
    strings[0] = "TraceComponent[com.ibm.ws.classloading.internal.LibertyLoader,class com.ibm.ws.classloading.internal.LibertyLoader,[ClassLoadingService],com.ibm.ws.classloading.internal.resources.ClassLoadingServiceMessages,null]"
  serialVersionUID = 2596921220292114344
  $$$tc$$$ = class com.ibm.websphere.ras.TraceComponent@18165941
    strings[0] = "TraceComponent[com.ibm.ws.classloading.LibertyClassLoader,class com.ibm.ws.classloading.LibertyClassLoader,[ClassLoadingService],com.ibm.ws.classloading.internal.resources.ClassLoadingServiceMessages,null]"
  initialized = true
  pdcache = class java.util.HashMap@661996a9
    serialVersionUID = 362498820763181265
    DEFAULT_INITIAL_CAPACITY = 16
    MAXIMUM_CAPACITY = 1073741824
    DEFAULT_LOAD_FACTOR = 0.75
    TREEIFY_THRESHOLD = 8
    UNTREEIFY_THRESHOLD = 6
    MIN_TREEIFY_CAPACITY = 64
    table = null
    entrySet = null
    size = 0
    modCount = 0
    threshold = 16
    loadFactor = 0.75
    keySet = null
    values = null
  debug = null
  parent = class com.ibm.ws.classloading.internal.GatewayClassLoader@689e1202
    config = class com.ibm.ws.classloading.internal.GatewayConfigurationImpl@1ee0c432
      bundleRequirements = null
      packageImports = null
      dynamicPackageImports = class java.util.Arrays$ArrayList@395a1f03
      delegateToSystem = false
      apiTypeVisibility = null
      appName = "ThreadContextClassLoader"
      appVersion = null
    wiringMonitor = class com.ibm.ws.classloading.internal.GatewayClassLoader$1@2db2df78
      this$0 = class com.ibm.ws.classloading.internal.GatewayClassLoader@689e1202
      serialVersionUID = -6591900154872362572
      $$$tc$$$ = class com.ibm.websphere.ras.TraceComponent@6a54e005
    bundle = class org.eclipse.osgi.internal.framework.EquinoxBundle@6b83af85
      equinoxContainer = class org.eclipse.osgi.internal.framework.EquinoxContainer@c24bd07
      module = class org.eclipse.osgi.internal.framework.EquinoxBundle$EquinoxModule@129c9c19
      monitor = class java.lang.Object@1ce58a8d
      context = class org.eclipse.osgi.internal.framework.BundleContextImpl@1e9769d2
      signerInfos = null
      $SWITCH_TABLE$org$eclipse$osgi$container$Module$State = {1,2,3,4,5,6,7} /* array length = 7 */
    wiring = class org.eclipse.osgi.container.ModuleWiring@7c37c35c
      GET_CLASSLOADER_PERM = class java.lang.RuntimePermission@59be881f
      DYNAMICALLY_ADDED_IMPORT_DIRECTIVE = "x.dynamically.added"
      revision = class org.eclipse.osgi.container.ModuleRevision@1bfa565a
      capabilities = class java.util.ArrayList@668b2aaa
      requirements = class java.util.ArrayList@20015c82
      substitutedPkgNames = class java.util.Collections$EmptyList@72617851
      loader = class org.eclipse.osgi.internal.container.AtomicLazyInitializer@5b80b574
      loaderInitializer = class org.eclipse.osgi.container.ModuleWiring$LoaderInitializer@21483755
      providedWires = class java.util.ArrayList@1e2987ac
      requiredWires = class java.util.ArrayList@34e62da7
      isValid = true
      dynamicMissRef = class java.util.concurrent.atomic.AtomicReference@6a13155a
    bundleLoader = class org.eclipse.osgi.internal.loader.EquinoxClassLoader@22546cf0
      EQUINOX_REGISTERED_AS_PARALLEL = true
      configuration = class org.eclipse.osgi.internal.framework.EquinoxConfiguration@3b870103
      debug = class org.eclipse.osgi.internal.debug.Debug@382b056b
      delegate = class org.eclipse.osgi.internal.loader.BundleLoader@3555e379
      generation = class org.eclipse.osgi.storage.BundleInfo$Generation@2f36a454
      manager = class org.eclipse.osgi.internal.loader.classpath.ClasspathManager@126253d4
      isRegisteredAsParallel = true
      ALLPERMISSIONS = class java.security.AllPermissionCollection@1e0b402
      REGISTERED_AS_PARALLEL = true
      classNameLocks = class java.util.HashMap@15385991
      pkgLock = class java.lang.Object@fec2e64
      parent = class com.ibm.ws.kernel.internal.classloader.BootstrapChildFirstJarClassloader@20ad9418
      parallelLockMap = class java.util.concurrent.ConcurrentHashMap@15e23fc9
      package2certs = class java.util.concurrent.ConcurrentHashMap@151e3252
      nocerts = class java.security.cert.Certificate[0]
      classes = class java.util.Vector@42bd15b1
      defaultDomain = class java.security.ProtectionDomain@2c4c8c8c
      domains = class java.util.Collections$SynchronizedSet@2854e2bb
      packages = class java.util.HashMap@4c3cc941
      scl = class sun.misc.Launcher$AppClassLoader@18b4aac2
      sclSet = true
      loadedLibraryNames = class java.util.Vector@7cf8c007
      systemNativeLibraries = class java.util.Vector@519938aa
      nativeLibraries = class java.util.Vector@66865dea
      nativeLibraryContext = class java.util.Stack@5f6d10ab
      usr_paths = class java.lang.String[23]
      sys_paths = class java.lang.String[1]
      assertionLock = class java.lang.Object@2ee6955a
      defaultAssertionStatus = false
      packageAssertionStatus = null
      classAssertionStatus = null
    resourceProviders = class com.ibm.ws.classloading.internal.CompositeResourceProvider@4a00a890
    serialVersionUID = -4256474098847905153
    $$$tc$$$ = class com.ibm.websphere.ras.TraceComponent@1c1ce779
      strings[0] = "TraceComponent[com.ibm.ws.classloading.internal.GatewayClassLoader,class com.ibm.ws.classloading.internal.GatewayClassLoader,[ClassLoadingService],com.ibm.ws.classloading.internal.resources.ClassLoadingServiceMessages,null]"
    parent = class sun.misc.Launcher$AppClassLoader@18b4aac2
    parallelLockMap = null
    package2certs = class java.util.Hashtable@3a0deddc
      table = class java.util.Hashtable$Entry[11]
      count = 0
      threshold = 8
      loadFactor = 0.75
      modCount = 0
      serialVersionUID = 1421746759512286392
      MAX_ARRAY_SIZE = 2147483639
      keySet = null
      entrySet = null
      values = null
      KEYS = 0
      VALUES = 1
      ENTRIES = 2
    nocerts = class java.security.cert.Certificate[0]
    classes = class java.util.Vector@17fbcfa
      elementData = class java.lang.Object[10]
      elementCount = 0
      capacityIncrement = 0
      serialVersionUID = -2767605614048989439
      MAX_ARRAY_SIZE = 2147483639
      modCount = 0
      MAX_ARRAY_SIZE = 2147483639
    defaultDomain = class java.security.ProtectionDomain@4390b2aa
      codesource = class java.security.CodeSource@1f5f8cdd
      classloader = class com.ibm.ws.classloading.internal.GatewayClassLoader@689e1202
      principals = interface java.security.Principal[0]
      permissions = null
      hasAllPerm = false
      staticPermissions = false
      key = class java.security.ProtectionDomain$Key@7370303f
      debug = null
    domains = class java.util.HashSet@42a275c4
      serialVersionUID = -5024744406713321676
      map = class java.util.HashMap@77819f61
      PRESENT = class java.lang.Object@6c8e450a
      MAX_ARRAY_SIZE = 2147483639
    packages = class java.util.HashMap@17940341
      serialVersionUID = 362498820763181265
      DEFAULT_INITIAL_CAPACITY = 16
      MAXIMUM_CAPACITY = 1073741824
      DEFAULT_LOAD_FACTOR = 0.75
      TREEIFY_THRESHOLD = 8
      UNTREEIFY_THRESHOLD = 6
      MIN_TREEIFY_CAPACITY = 64
      table = null
      entrySet = null
      size = 0
      modCount = 0
      threshold = 0
      loadFactor = 0.75
      keySet = null
      values = null
    scl = class sun.misc.Launcher$AppClassLoader@18b4aac2
    sclSet = true
    loadedLibraryNames = class java.util.Vector@7cf8c007
    systemNativeLibraries = class java.util.Vector@519938aa
    nativeLibraries = class java.util.Vector@6bf0e525
      elementData = class java.lang.Object[10]
      elementCount = 0
      capacityIncrement = 0
      serialVersionUID = -2767605614048989439
      MAX_ARRAY_SIZE = 2147483639
      modCount = 0
      MAX_ARRAY_SIZE = 2147483639
    nativeLibraryContext = class java.util.Stack@5f6d10ab
    usr_paths = class java.lang.String[23]
    sys_paths = class java.lang.String[1]
    assertionLock = class com.ibm.ws.classloading.internal.GatewayClassLoader@689e1202
    defaultAssertionStatus = false
    packageAssertionStatus = null
    classAssertionStatus = null
  parallelLockMap = null
  package2certs = class java.util.Hashtable@442d4c14
    table = class java.util.Hashtable$Entry[11]
      Entry[0] = null
      Entry[1] = null
      Entry[2] = null
      Entry[3] = null
      Entry[4] = null
      Entry[5] = null
      Entry[6] = null
      Entry[7] = null
      Entry[8] = null
      Entry[9] = null
      Entry[10] = null
    count = 0
    threshold = 8
    loadFactor = 0.75
    modCount = 0
    serialVersionUID = 1421746759512286392
    MAX_ARRAY_SIZE = 2147483639
    keySet = null
    entrySet = null
    values = null
    KEYS = 0
    VALUES = 1
    ENTRIES = 2
  nocerts = class java.security.cert.Certificate[0]
  classes = class java.util.Vector@7be12349
    elementData = class java.lang.Object[10]
      Object[0] = null
      Object[1] = null
      Object[2] = null
      Object[3] = null
      Object[4] = null
      Object[5] = null
      Object[6] = null
      Object[7] = null
      Object[8] = null
      Object[9] = null
    elementCount = 0
    capacityIncrement = 0
    serialVersionUID = -2767605614048989439
    MAX_ARRAY_SIZE = 2147483639
    modCount = 0
    MAX_ARRAY_SIZE = 2147483639
  defaultDomain = class java.security.ProtectionDomain@54be26d
    codesource = class java.security.CodeSource@2bba05e2
      serialVersionUID = 4977541819976013951
      location = null
      signers = null
      certs = null
      sp = null
      factory = null
    classloader = class com.ibm.ws.classloading.internal.ThreadContextClassLoader@2c05f9c9
    principals = interface java.security.Principal[0]
    permissions = null
    hasAllPerm = false
    staticPermissions = false
    key = class java.security.ProtectionDomain$Key@86dbf88
      this$0 = class java.security.ProtectionDomain@54be26d
    debug = null
  domains = class java.util.HashSet@2fcd80b3
    serialVersionUID = -5024744406713321676
    map = class java.util.HashMap@2db30f13
      serialVersionUID = 362498820763181265
      DEFAULT_INITIAL_CAPACITY = 16
      MAXIMUM_CAPACITY = 1073741824
      DEFAULT_LOAD_FACTOR = 0.75
      TREEIFY_THRESHOLD = 8
      UNTREEIFY_THRESHOLD = 6
      MIN_TREEIFY_CAPACITY = 64
      table = null
      entrySet = null
      size = 0
      modCount = 0
      threshold = 0
      loadFactor = 0.75
      keySet = null
      values = null
    PRESENT = class java.lang.Object@6c8e450a
    MAX_ARRAY_SIZE = 2147483639
  packages = class java.util.HashMap@12e34b2
    serialVersionUID = 362498820763181265
    DEFAULT_INITIAL_CAPACITY = 16
    MAXIMUM_CAPACITY = 1073741824
    DEFAULT_LOAD_FACTOR = 0.75
    TREEIFY_THRESHOLD = 8
    UNTREEIFY_THRESHOLD = 6
    MIN_TREEIFY_CAPACITY = 64
    table = null
    entrySet = null
    size = 0
    modCount = 0
    threshold = 0
    loadFactor = 0.75
    keySet = null
    values = null
  scl = class sun.misc.Launcher$AppClassLoader@18b4aac2
    ucp = class sun.misc.URLClassPath@4d020571
      USER_AGENT_JAVA_VERSION = "UA-Java-Version"
      JAVA_VERSION = "1.8.0_211"
      DEBUG = false
      DEBUG_LOOKUP_CACHE = false
      DISABLE_JAR_CHECKING = false
      DISABLE_ACC_CHECKING = false
      DISABLE_CP_URL_CHECK = true
      DEBUG_CP_URL_CHECK = false
      path = class java.util.ArrayList@6c31e996
      urls = class java.util.Stack@1b32fbd2
      loaders = class java.util.ArrayList@58dcd438
      lmap = class java.util.HashMap@2568ad98
      jarHandler = class sun.net.www.protocol.jar.Handler@46769dfa
      closed = false
      acc = class java.security.AccessControlContext@53b1c61c
      lookupCacheEnabled = false
      lookupCacheURLs = null
      lookupCacheLoader = null
    $assertionsDisabled = true
    ucp = class sun.misc.URLClassPath@4d020571
    acc = class java.security.AccessControlContext@53b1c61c
      context = null
      isPrivileged = true
      isAuthorized = true
      privilegedContext = null
      combiner = null
      permissions = null
      parent = null
      isWrapped = false
      isLimited = false
      limitedContext = null
      debugInit = false
      debug = null
    closeables = class java.util.WeakHashMap@329af3d6
      DEFAULT_INITIAL_CAPACITY = 16
      MAXIMUM_CAPACITY = 1073741824
      DEFAULT_LOAD_FACTOR = 0.75
      table = class java.util.WeakHashMap$Entry[16]
      size = 0
      threshold = 12
      loadFactor = 0.75
      queue = class java.lang.ref.ReferenceQueue@fbe868c
      modCount = 0
      NULL_KEY = class java.lang.Object@3322e7da
      entrySet = null
      keySet = null
      values = null
    initialized = true
    pdcache = class java.util.HashMap@795790d9
      serialVersionUID = 362498820763181265
      DEFAULT_INITIAL_CAPACITY = 16
      MAXIMUM_CAPACITY = 1073741824
      DEFAULT_LOAD_FACTOR = 0.75
      TREEIFY_THRESHOLD = 8
      UNTREEIFY_THRESHOLD = 6
      MIN_TREEIFY_CAPACITY = 64
      table = class java.util.HashMap$Node[16]
      entrySet = null
      size = 2
      modCount = 2
      threshold = 12
      loadFactor = 0.75
      keySet = null
      values = null
    debug = null
    parent = class sun.misc.Launcher$ExtClassLoader@621be5d1
      instance = class sun.misc.Launcher$ExtClassLoader@621be5d1
      ucp = class sun.misc.URLClassPath@5c871dc8
      acc = class java.security.AccessControlContext@397d4205
      closeables = class java.util.WeakHashMap@41e227e7
      initialized = true
      pdcache = class java.util.HashMap@43f21ff4
      debug = null
      parent = null
      parallelLockMap = class java.util.concurrent.ConcurrentHashMap@277f231f
      package2certs = class java.util.concurrent.ConcurrentHashMap@7441309f
      nocerts = class java.security.cert.Certificate[0]
      classes = class java.util.Vector@24ccecef
      defaultDomain = class java.security.ProtectionDomain@77124a3d
      domains = class java.util.Collections$SynchronizedSet@292bf81b
      packages = class java.util.HashMap@5413f069
      scl = class sun.misc.Launcher$AppClassLoader@18b4aac2
      sclSet = true
      loadedLibraryNames = class java.util.Vector@7cf8c007
      systemNativeLibraries = class java.util.Vector@519938aa
      nativeLibraries = class java.util.Vector@177bd590
      nativeLibraryContext = class java.util.Stack@5f6d10ab
      usr_paths = class java.lang.String[23]
      sys_paths = class java.lang.String[1]
      assertionLock = class java.lang.Object@72dd36e0
      defaultAssertionStatus = false
      packageAssertionStatus = null
      classAssertionStatus = null
    parallelLockMap = class java.util.concurrent.ConcurrentHashMap@24233b0f
      serialVersionUID = 7249069246763182397
      MAXIMUM_CAPACITY = 1073741824
      DEFAULT_CAPACITY = 16
      MAX_ARRAY_SIZE = 2147483639
      DEFAULT_CONCURRENCY_LEVEL = 16
      LOAD_FACTOR = 0.75
      TREEIFY_THRESHOLD = 8
      UNTREEIFY_THRESHOLD = 6
      MIN_TREEIFY_CAPACITY = 64
      MIN_TRANSFER_STRIDE = 16
      RESIZE_STAMP_BITS = 16
      MAX_RESIZERS = 65535
      RESIZE_STAMP_SHIFT = 16
      MOVED = -1
      TREEBIN = -2
      RESERVED = -3
      HASH_BITS = 2147483647
      NCPU = 4
      serialPersistentFields = class java.io.ObjectStreamField[3]
      table = class java.util.concurrent.ConcurrentHashMap$Node[4096]
      nextTable = null
      baseCount = 2304
      sizeCtl = 3072
      transferIndex = 0
      cellsBusy = 0
      counterCells = null
      keySet = null
      values = null
      entrySet = null
      U = class sun.misc.Unsafe@7e6fdca3
      SIZECTL = 20
      TRANSFERINDEX = 32
      BASECOUNT = 24
      CELLSBUSY = 36
      CELLVALUE = 144
      ABASE = 16
      ASHIFT = 2
      keySet = null
      values = null
    package2certs = class java.util.concurrent.ConcurrentHashMap@79ff98b1
      serialVersionUID = 7249069246763182397
      MAXIMUM_CAPACITY = 1073741824
      DEFAULT_CAPACITY = 16
      MAX_ARRAY_SIZE = 2147483639
      DEFAULT_CONCURRENCY_LEVEL = 16
      LOAD_FACTOR = 0.75
      TREEIFY_THRESHOLD = 8
      UNTREEIFY_THRESHOLD = 6
      MIN_TREEIFY_CAPACITY = 64
      MIN_TRANSFER_STRIDE = 16
      RESIZE_STAMP_BITS = 16
      MAX_RESIZERS = 65535
      RESIZE_STAMP_SHIFT = 16
      MOVED = -1
      TREEBIN = -2
      RESERVED = -3
      HASH_BITS = 2147483647
      NCPU = 4
      serialPersistentFields = class java.io.ObjectStreamField[3]
      table = class java.util.concurrent.ConcurrentHashMap$Node[32]
      nextTable = null
      baseCount = 16
      sizeCtl = 24
      transferIndex = 0
      cellsBusy = 0
      counterCells = null
      keySet = null
      values = null
      entrySet = null
      U = class sun.misc.Unsafe@7e6fdca3
      SIZECTL = 20
      TRANSFERINDEX = 32
      BASECOUNT = 24
      CELLSBUSY = 36
      CELLVALUE = 144
      ABASE = 16
      ASHIFT = 2
      keySet = null
      values = null
    nocerts = class java.security.cert.Certificate[0]
    classes = class java.util.Vector@1c1ed01b
      elementData = class java.lang.Object[160]
      elementCount = 109
      capacityIncrement = 0
      serialVersionUID = -2767605614048989439
      MAX_ARRAY_SIZE = 2147483639
      modCount = 109
      MAX_ARRAY_SIZE = 2147483639
    defaultDomain = class java.security.ProtectionDomain@590a4a19
      codesource = class java.security.CodeSource@1b7ee1db
      classloader = class sun.misc.Launcher$AppClassLoader@18b4aac2
      principals = interface java.security.Principal[0]
      permissions = null
      hasAllPerm = false
      staticPermissions = false
      key = class java.security.ProtectionDomain$Key@428f5312
      debug = null
    domains = class java.util.Collections$SynchronizedSet@64ccf974
      serialVersionUID = 487447009682186044
      serialVersionUID = 3053995032091335093
      c = class java.util.HashSet@6bb9430d
      mutex = class java.util.Collections$SynchronizedSet@64ccf974
    packages = class java.util.HashMap@6173df4c
      serialVersionUID = 362498820763181265
      DEFAULT_INITIAL_CAPACITY = 16
      MAXIMUM_CAPACITY = 1073741824
      DEFAULT_LOAD_FACTOR = 0.75
      TREEIFY_THRESHOLD = 8
      UNTREEIFY_THRESHOLD = 6
      MIN_TREEIFY_CAPACITY = 64
      table = class java.util.HashMap$Node[32]
      entrySet = null
      size = 16
      modCount = 16
      threshold = 24
      loadFactor = 0.75
      keySet = null
      values = null
    scl = class sun.misc.Launcher$AppClassLoader@18b4aac2
    sclSet = true
    loadedLibraryNames = class java.util.Vector@7cf8c007
    systemNativeLibraries = class java.util.Vector@519938aa
    nativeLibraries = class java.util.Vector@b875571
      elementData = class java.lang.Object[10]
      elementCount = 0
      capacityIncrement = 0
      serialVersionUID = -2767605614048989439
      MAX_ARRAY_SIZE = 2147483639
      modCount = 0
      MAX_ARRAY_SIZE = 2147483639
    nativeLibraryContext = class java.util.Stack@5f6d10ab
    usr_paths = class java.lang.String[23]
    sys_paths = class java.lang.String[1]
    assertionLock = class java.lang.Object@d69c9a
    defaultAssertionStatus = false
    packageAssertionStatus = null
    classAssertionStatus = null
  sclSet = true
  loadedLibraryNames = class java.util.Vector@7cf8c007
    elementData = class java.lang.Object[10]
      Object[0] = "C:\Program Files\Java\jre1.8.0_211\bin\zip.dll"
      Object[1] = "C:\Program Files\Java\jre1.8.0_211\bin\instrument.dll"
      Object[2] = "C:\Program Files\Java\jre1.8.0_211\bin\net.dll"
      Object[3] = "C:\Program Files\Java\jre1.8.0_211\bin\nio.dll"
      Object[4] = "C:\Program Files\Java\jre1.8.0_211\bin\management.dll"
      Object[5] = "C:\Program Files\Java\jre1.8.0_211\bin\sunec.dll"
      Object[6] = "C:\Program Files\Java\jre1.8.0_211\bin\sunmscapi.dll"
      Object[7] = "C:\Program Files\Java\jre1.8.0_211\bin\awt.dll"
      Object[8] = null
      Object[9] = null
    elementCount = 8
    capacityIncrement = 0
    serialVersionUID = -2767605614048989439
    MAX_ARRAY_SIZE = 2147483639
    modCount = 8
    MAX_ARRAY_SIZE = 2147483639
  systemNativeLibraries = class java.util.Vector@519938aa
    elementData = class java.lang.Object[10]
      Object[0] = class java.lang.ClassLoader$NativeLibrary@6a11e499
      Object[1] = class java.lang.ClassLoader$NativeLibrary@52535378
      Object[2] = class java.lang.ClassLoader$NativeLibrary@251ec26c
      Object[3] = class java.lang.ClassLoader$NativeLibrary@4256be94
      Object[4] = class java.lang.ClassLoader$NativeLibrary@2786bf6b
      Object[5] = class java.lang.ClassLoader$NativeLibrary@6f86e070
      Object[6] = null
      Object[7] = null
      Object[8] = null
      Object[9] = null
    elementCount = 6
    capacityIncrement = 0
    serialVersionUID = -2767605614048989439
    MAX_ARRAY_SIZE = 2147483639
    modCount = 6
    MAX_ARRAY_SIZE = 2147483639
  nativeLibraries = class java.util.Vector@73a7a4b5
    elementData = class java.lang.Object[10]
      Object[0] = null
      Object[1] = null
      Object[2] = null
      Object[3] = null
      Object[4] = null
      Object[5] = null
      Object[6] = null
      Object[7] = null
      Object[8] = null
      Object[9] = null
    elementCount = 0
    capacityIncrement = 0
    serialVersionUID = -2767605614048989439
    MAX_ARRAY_SIZE = 2147483639
    modCount = 0
    MAX_ARRAY_SIZE = 2147483639
  nativeLibraryContext = class java.util.Stack@5f6d10ab
    serialVersionUID = 1224463164541339165
    elementData = class java.lang.Object[10]
      Object[0] = null
      Object[1] = null
      Object[2] = null
      Object[3] = null
      Object[4] = null
      Object[5] = null
      Object[6] = null
      Object[7] = null
      Object[8] = null
      Object[9] = null
    elementCount = 0
    capacityIncrement = 0
    serialVersionUID = -2767605614048989439
    MAX_ARRAY_SIZE = 2147483639
    modCount = 16
    MAX_ARRAY_SIZE = 2147483639
  usr_paths = class java.lang.String[23]
    String[0] = "C:\Program Files\Java\jre1.8.0_211\bin"
    String[1] = "C:\Windows\Sun\Java\bin"
    String[2] = "C:\Windows\system32"
    String[3] = "C:\Windows"
    String[4] = "C:/Program Files/Java/jre1.8.0_211/bin/server"
    String[5] = "C:/Program Files/Java/jre1.8.0_211/bin"
    String[6] = "C:/Program Files/Java/jre1.8.0_211/lib/amd64"
    String[7] = "C:\Program Files\Haskell\bin"
    String[8] = "C:\Program Files\Haskell Platform\8.6.5\lib\extralibs\bin"
    String[9] = "C:\Program Files\Haskell Platform\8.6.5\bin"
    String[10] = "C:\Program Files (x86)\Common Files\Oracle\Java\javapath"
    String[11] = "C:\Windows\system32"
    String[12] = "C:\Windows"
    String[13] = "C:\Windows\System32\Wbem"
    String[14] = "C:\Windows\System32\WindowsPowerShell\v1.0\"
    String[15] = "C:\Windows\System32\OpenSSH\"
    String[16] = "C:\Program Files\Haskell Platform\8.6.5\mingw\bin"
    String[17] = "C:\Users\xcode_this\AppData\Roaming\cabal\bin"
    String[18] = "C:\Users\xcode_this\AppData\Roaming\local\bin"
    String[19] = "C:\Users\xcode_this\AppData\Local\Microsoft\WindowsApps"
    String[20] = "D:\devel\tools\eclipse"
    String[21] = "."
    String[22] = "."
  sys_paths = class java.lang.String[1]
    String[0] = "C:\Program Files\Java\jre1.8.0_211\bin"
  assertionLock = class com.ibm.ws.classloading.internal.ThreadContextClassLoader@2c05f9c9
  defaultAssertionStatus = false
  packageAssertionStatus = null
  classAssertionStatus = null

