------Start of DE processing------ = [01/07/19 09:43:17:417 COT]
Exception = com.ibm.wsspi.adaptable.module.UnableToAdaptException
Source = com.ibm.ws.ejbcontainer.osgi.internal.EJBContainerImpl
probeid = 155
Stack Dump = com.ibm.wsspi.adaptable.module.UnableToAdaptException: com.ibm.ejs.container.EJBConfigurationException: Errors occurred processing EJB metadata
	at com.ibm.ws.ejbcontainer.osgi.internal.ModuleInitDataAdapter.adapt(ModuleInitDataAdapter.java:124)
	at com.ibm.ws.ejbcontainer.osgi.internal.ModuleInitDataAdapter.adapt(ModuleInitDataAdapter.java:40)
	at com.ibm.ws.adaptable.module.internal.AdapterFactoryServiceImpl.adapt(AdapterFactoryServiceImpl.java:196)
	at com.ibm.ws.adaptable.module.internal.AdaptableContainerImpl.adapt(AdaptableContainerImpl.java:170)
	at com.ibm.ws.ejbcontainer.osgi.internal.EJBContainerImpl.createEJBInWARModuleMetaData(EJBContainerImpl.java:143)
	at com.ibm.ws.ejbcontainer.war.internal.EJBWARMetaDataRuntime.createdNestedModuleMetaData(EJBWARMetaDataRuntime.java:63)
	at com.ibm.ws.app.manager.module.internal.SimpleDeployedAppInfoBase$ModuleContainerInfoBase.createModuleMetaData(SimpleDeployedAppInfoBase.java:173)
	at com.ibm.ws.app.manager.module.internal.DeployedAppInfoBase.preDeployApp(DeployedAppInfoBase.java:369)
	at com.ibm.ws.app.manager.module.internal.DeployedAppInfoBase.deployApp(DeployedAppInfoBase.java:413)
	at com.ibm.ws.app.manager.war.internal.WARApplicationHandlerImpl.install(WARApplicationHandlerImpl.java:65)
	at com.ibm.ws.app.manager.internal.statemachine.StartAction.execute(StartAction.java:140)
	at com.ibm.ws.app.manager.internal.statemachine.ApplicationStateMachineImpl.enterState(ApplicationStateMachineImpl.java:1261)
	at com.ibm.ws.app.manager.internal.statemachine.ApplicationStateMachineImpl.run(ApplicationStateMachineImpl.java:876)
	at com.ibm.ws.threading.internal.ExecutorServiceImpl$RunnableWrapper.run(ExecutorServiceImpl.java:239)
	at java.util.concurrent.ThreadPoolExecutor.runWorker(Unknown Source)
	at java.util.concurrent.ThreadPoolExecutor$Worker.run(Unknown Source)
	at java.lang.Thread.run(Unknown Source)
Caused by: com.ibm.ejs.container.EJBConfigurationException: Errors occurred processing EJB metadata
	at com.ibm.ws.ejbcontainer.osgi.internal.ModuleInitDataFactory.createModuleInitData(ModuleInitDataFactory.java:536)
	at com.ibm.ws.ejbcontainer.osgi.internal.ModuleInitDataAdapter.createModuleInitData(ModuleInitDataAdapter.java:145)
	at com.ibm.ws.ejbcontainer.osgi.internal.ModuleInitDataAdapter.adapt(ModuleInitDataAdapter.java:108)
	... 16 more

Dump of callerThis
Object type = com.ibm.ws.ejbcontainer.osgi.internal.EJBContainerImpl
  REFERENCE_RUNTIME = "runtime"
  REFERENCE_SESSION_RUNTIME = "sessionRuntime"
  REFERENCE_J2EE_NAME_FACTORY = "j2eeNameFactory"
  REFERENCE_INJECTION_ENGINE = "injectionEngine"
  runtimeSR = class com.ibm.wsspi.kernel.service.utils.AtomicServiceReference@7b1bf5b4
    referenceName = "runtime"
    tuple = class java.util.concurrent.atomic.AtomicReference@546c8280
      serialVersionUID = -1848883965231344442
      unsafe = class sun.misc.Unsafe@3305e224
      valueOffset = 12
      value = class com.ibm.wsspi.kernel.service.utils.AtomicServiceReference$ReferenceTuple@61810d6b
    serialVersionUID = 2226592364007985000
    $$$tc$$$ = class com.ibm.websphere.ras.TraceComponent@2609ab0f
  sessionRuntimeSR = class com.ibm.wsspi.kernel.service.utils.AtomicServiceReference@50a2481f
    referenceName = "sessionRuntime"
    tuple = class java.util.concurrent.atomic.AtomicReference@78b7a01c
      serialVersionUID = -1848883965231344442
      unsafe = class sun.misc.Unsafe@3305e224
      valueOffset = 12
      value = class com.ibm.wsspi.kernel.service.utils.AtomicServiceReference$ReferenceTuple@51c9ed50
    serialVersionUID = 2226592364007985000
    $$$tc$$$ = class com.ibm.websphere.ras.TraceComponent@2609ab0f
  j2eeNameFactorySR = class com.ibm.wsspi.kernel.service.utils.AtomicServiceReference@523b369
    referenceName = "j2eeNameFactory"
    tuple = class java.util.concurrent.atomic.AtomicReference@6097ff9c
      serialVersionUID = -1848883965231344442
      unsafe = class sun.misc.Unsafe@3305e224
      valueOffset = 12
      value = class com.ibm.wsspi.kernel.service.utils.AtomicServiceReference$ReferenceTuple@14bb189b
    serialVersionUID = 2226592364007985000
    $$$tc$$$ = class com.ibm.websphere.ras.TraceComponent@2609ab0f
  injectionEngineSR = class com.ibm.wsspi.kernel.service.utils.AtomicServiceReference@6255a50
    referenceName = "injectionEngine"
    tuple = class java.util.concurrent.atomic.AtomicReference@2237b975
      serialVersionUID = -1848883965231344442
      unsafe = class sun.misc.Unsafe@3305e224
      valueOffset = 12
      value = class com.ibm.wsspi.kernel.service.utils.AtomicServiceReference$ReferenceTuple@4b8f6569
    serialVersionUID = 2226592364007985000
    $$$tc$$$ = class com.ibm.websphere.ras.TraceComponent@2609ab0f
      strings[0] = "TraceComponent[com.ibm.wsspi.kernel.service.utils.AtomicServiceReference,class com.ibm.wsspi.kernel.service.utils.AtomicServiceReference,[kernelUtils],com.ibm.ws.kernel.service.utils.resources.ServiceMessages,null]"
  serialVersionUID = 1513970085448021803
  $$$tc$$$ = class com.ibm.websphere.ras.TraceComponent@70604078
    strings[0] = "TraceComponent[com.ibm.ws.ejbcontainer.osgi.internal.EJBContainerImpl,class com.ibm.ws.ejbcontainer.osgi.internal.EJBContainerImpl,[EJBContainer],com.ibm.ws.ejbcontainer.osgi.internal.resources.EJBContainerMessages,null]"

Dump of objectArray[0]
Object type = com.ibm.ws.app.manager.module.internal.WebModuleInfoImpl
  contextRoot = "/testingPrimefaces"
  isDefaultContextRootUsed = true
  serialVersionUID = -1540279394520440503
  $$$tc$$$ = class com.ibm.websphere.ras.TraceComponent@2ff53698
    strings[0] = "TraceComponent[com.ibm.ws.app.manager.module.internal.WebModuleInfoImpl,class com.ibm.ws.app.manager.module.internal.WebModuleInfoImpl,[applications, app.manager],,null]"
  tc = class com.ibm.websphere.ras.TraceComponent@6eb4a75e
    strings[0] = "TraceComponent[com.ibm.ws.app.manager.module.internal.ExtendedModuleInfoImpl,class com.ibm.ws.app.manager.module.internal.ExtendedModuleInfoImpl,[app.manager],com.ibm.ws.app.manager.module.internal.resources.Messages,null]"
  appInfo = class com.ibm.ws.container.service.app.deploy.internal.ApplicationInfoImpl@4fdc1001
    appName = "testingPrimefaces"
    appMetaData = class com.ibm.ws.container.service.app.deploy.internal.ApplicationMetaDataImpl@57ab0dac
      j2eeName = class com.ibm.ws.container.service.metadata.internal.J2EENameImpl@7a6cc8de
      serialVersionUID = -7906531148367236579
      $$$tc$$$ = class com.ibm.websphere.ras.TraceComponent@5b3c05a1
      tc = class com.ibm.websphere.ras.TraceComponent@26f4f961
      NUM_STATIC_SLOTS = 4
      ID_UNINITIALIZED = -1
      id = 3
      metaDataInterface = class java.lang.Class@3a61c227
      staticSlots = class java.lang.Object[4]
      dynamicSlots = class java.lang.Object[4]
    appContainer = class com.ibm.ws.adaptable.module.internal.AdaptableContainerImpl@5e97721f
    configHelper = class com.ibm.ws.app.manager.module.ApplicationNestedConfigHelper@178da2e1
      appInfo = class com.ibm.ws.app.manager.internal.ApplicationInstallInfo@6d09d291
      serialVersionUID = -3174031738676705046
      $$$tc$$$ = class com.ibm.websphere.ras.TraceComponent@6216572d
    applicationInformation = class com.ibm.ws.app.manager.internal.ApplicationInstallInfo@6d09d291
    serialVersionUID = -505303337196743781
    $$$tc$$$ = class com.ibm.websphere.ras.TraceComponent@79f4543
      strings[0] = "TraceComponent[com.ibm.ws.container.service.app.deploy.internal.ApplicationInfoImpl,class com.ibm.ws.container.service.app.deploy.internal.ApplicationInfoImpl,[container.service],com.ibm.ws.container.service.resources.Messages,null]"
  moduleName = "testingPrimefaces"
  path = "testingPrimefaces.war"
  moduleContainer = class com.ibm.ws.adaptable.module.internal.AdaptableContainerImpl@5e97721f
    root = class com.ibm.ws.adaptable.module.internal.AdaptableContainerImpl@5e97721f
    rootOverlay = class com.ibm.ws.artifact.overlay.internal.DirectoryBasedOverlayContainerImpl@7ae0ed94
      base = class com.ibm.ws.artifact.loose.internal.LooseArchive@73b68dcd
      maskSet = class java.util.HashSet@6e09d8c
      cfHolder = class com.ibm.ws.artifact.overlay.internal.OverlayContainerFactoryImpl@5c1a3bbd
      fileOverlayContainer = class com.ibm.ws.artifact.file.internal.FileContainer@baa993e
      overlayDirectory = class java.io.File@6b3e7839
      cacheDirForOverlay = class java.io.File@2ca14876
      overlayNotifier = class com.ibm.ws.artifact.overlay.internal.DirectoryBasedOverlayNotifier@6b03b49a
      enclosingContainer = null
      entryInEnclosingContainer = null
      nestedOverlays = class java.util.concurrent.ConcurrentHashMap@2e2fbc93
      cacheStore = class com.ibm.ws.artifact.overlay.internal.OverlayCache@7113a301
      parentOverlay = null
      isPassThroughMode = true
      serialVersionUID = -1690795617118238166
      $$$tc$$$ = class com.ibm.websphere.ras.TraceComponent@4523febb
    factoryHolder = class com.ibm.ws.adaptable.module.internal.AdaptableModuleFactoryImpl@545f2b3d
      adapterFactoryService = class com.ibm.ws.adaptable.module.internal.AdapterFactoryServiceImpl@2f80b968
      containerFactory = class com.ibm.ws.artifact.internal.ArtifactContainerFactoryService@2acbfd1a
      overlayContainerFactory = class com.ibm.ws.artifact.overlay.internal.OverlayContainerFactoryImpl@5c1a3bbd
      serialVersionUID = 4200251809856292987
      $$$tc$$$ = class com.ibm.websphere.ras.TraceComponent@21a9e194
    delegate = class com.ibm.ws.artifact.overlay.internal.DirectoryBasedOverlayContainerImpl@7ae0ed94
    notifier = class com.ibm.ws.adaptable.module.internal.NotifierImpl@486434a5
      root = class com.ibm.ws.adaptable.module.internal.AdaptableContainerImpl@5e97721f
      delegateNotifier = class com.ibm.ws.artifact.overlay.internal.DirectoryBasedOverlayNotifier@6b03b49a
      delegateRoot = class com.ibm.ws.artifact.overlay.internal.DirectoryBasedOverlayContainerImpl@7ae0ed94
      listenerDelegates = class java.util.HashMap@46a87c04
      serialVersionUID = 6839382523957017880
      $$$tc$$$ = class com.ibm.websphere.ras.TraceComponent@3325bbfa
    serialVersionUID = -5621513278641113667
    $$$tc$$$ = class com.ibm.websphere.ras.TraceComponent@2d36d870
      strings[0] = "TraceComponent[com.ibm.ws.adaptable.module.internal.AdaptableContainerImpl,class com.ibm.ws.adaptable.module.internal.AdaptableContainerImpl,[archive.adaptable],,null]"
  altDDEntry = null
  moduleClassesContainers = class java.util.ArrayList@5f4092e3
    serialVersionUID = 8683452581122892189
    DEFAULT_CAPACITY = 10
    EMPTY_ELEMENTDATA = class java.lang.Object[0]
    DEFAULTCAPACITY_EMPTY_ELEMENTDATA = class java.lang.Object[0]
    elementData = class java.lang.Object[10]
      Object[0] = class com.ibm.ws.app.manager.module.internal.SimpleDeployedAppInfoBase$WebModuleContainerInfo@5032d277
      Object[1] = class com.ibm.ws.app.manager.module.internal.SimpleDeployedAppInfoBase$WebModuleContainerInfo$1@23d29ba5
      Object[2] = class com.ibm.ws.app.manager.module.internal.SimpleDeployedAppInfoBase$WebModuleContainerInfo$2@174e469
      Object[3] = class com.ibm.ws.app.manager.module.internal.SimpleDeployedAppInfoBase$WebModuleContainerInfo$2@3bd1e111
      Object[4] = class com.ibm.ws.app.manager.module.internal.SimpleDeployedAppInfoBase$WebModuleContainerInfo$2@768653fc
      Object[5] = class com.ibm.ws.app.manager.module.internal.SimpleDeployedAppInfoBase$WebModuleContainerInfo$2@41bef13a
      Object[6] = null
      Object[7] = null
      Object[8] = null
      Object[9] = null
    size = 6
    MAX_ARRAY_SIZE = 2147483639
    modCount = 7
    MAX_ARRAY_SIZE = 2147483639
  classLoaderFactory = class com.ibm.ws.app.manager.war.internal.WARDeployedAppInfo@698f5db5
    CONTEXT_ROOT = "context-root"
    webModuleHandler = class com.ibm.ws.app.manager.web.internal.WebModuleHandlerImpl@4eaca130
      serialVersionUID = 4795602325763828210
      $$$tc$$$ = class com.ibm.websphere.ras.TraceComponent@6b6d540b
      futureMonitor = class com.ibm.ws.threading.internal.FutureMonitorImpl@50fe9b4d
      metaDataService = class com.ibm.ws.container.service.metadata.internal.MetaDataServiceImpl@2a4148c
      stateChangeService = class com.ibm.ws.container.service.state.internal.StateChangeServiceImpl@31863f73
      moduleRuntimeContainer = class com.ibm.ws.webcontainer.osgi.WebContainer@182cf1f7
      firstFailure = null
      serialVersionUID = -4563697739413190872
      $$$tc$$$ = class com.ibm.websphere.ras.TraceComponent@2480dc5c
    webContainerModuleInfo = class com.ibm.ws.app.manager.module.internal.SimpleDeployedAppInfoBase$WebModuleContainerInfo@5032d277
      contextRoot = null
      defaultContextRoot = "testingPrimefaces"
      serialVersionUID = -8158961796913348204
      $$$tc$$$ = class com.ibm.websphere.ras.TraceComponent@71f90545
      moduleHandler = class com.ibm.ws.app.manager.web.internal.WebModuleHandlerImpl@4eaca130
      moduleMetaDataExtenders = class java.util.concurrent.CopyOnWriteArrayList@6528b378
      nestedModuleMetaDataFactories = class java.util.concurrent.CopyOnWriteArrayList@bf8a12
      nestedModules = null
      moduleName = "testingPrimefaces"
      moduleDD = class com.ibm.ws.javaee.ddmodel.web.common.WebAppType@3dcb2534
      moduleInfo = class com.ibm.ws.app.manager.module.internal.WebModuleInfoImpl@3abea84
      serialVersionUID = 8693907776607441911
      $$$tc$$$ = class com.ibm.websphere.ras.TraceComponent@2ec3336a
      type = class com.ibm.ws.container.service.app.deploy.ContainerInfo$Type@7c0a7cc
      name = "testingPrimefaces.war"
      container = class com.ibm.ws.adaptable.module.internal.AdaptableContainerImpl@5e97721f
      altDDEntry = null
      classesContainerInfo = class java.util.ArrayList@5f4092e3
      serialVersionUID = 7427332431485745589
      $$$tc$$$ = class com.ibm.websphere.ras.TraceComponent@3ce88ec7
    DYNAMIC_IMPORT_PACKAGE_LIST = class java.util.Collections$UnmodifiableRandomAccessList@171662a3
      serialVersionUID = -2542308836966382001
      serialVersionUID = -283967356065247728
      list = class java.util.Arrays$ArrayList@c47c6
      serialVersionUID = 1820017752578914078
      c = class java.util.Arrays$ArrayList@c47c6
    serialVersionUID = -6153587016903242961
    $$$tc$$$ = class com.ibm.websphere.ras.TraceComponent@40ef37b4
      strings[0] = "TraceComponent[com.ibm.ws.app.manager.war.internal.WARDeployedAppInfo,class com.ibm.ws.app.manager.war.internal.WARDeployedAppInfo,[webcontainer, applications, app.manager],com.ibm.ws.app.manager.war.internal.resources.Messages,null]"
    _tc = class com.ibm.websphere.ras.TraceComponent@7d94b12d
      strings[0] = "TraceComponent[com.ibm.ws.app.manager.module.internal.DeployedAppInfoBase,class com.ibm.ws.app.manager.module.internal.DeployedAppInfoBase,[app.manager],com.ibm.ws.app.manager.module.internal.resources.Messages,null]"
    PERMISSION_XML = "permissions.xml"
    applicationInformation = class com.ibm.ws.app.manager.internal.ApplicationInstallInfo@6d09d291
      _config = class com.ibm.ws.app.manager.internal.ApplicationConfig@4fe476b0
      _handlerInfo = class java.util.concurrent.atomic.AtomicReference@7da43d88
      _container = class java.util.concurrent.atomic.AtomicReference@5f7c796a
      _resolvedLocation = class java.util.concurrent.atomic.AtomicReference@75a1969b
      _handler = class com.ibm.ws.app.manager.war.internal.WARApplicationHandlerImpl@191c3f69
      _ami = class java.util.concurrent.atomic.AtomicReference@458819bf
      _updateHandler = class com.ibm.ws.app.manager.internal.statemachine.ApplicationStateMachineImpl@79838f4d
      serialVersionUID = 2630639237123415755
      $$$tc$$$ = class com.ibm.websphere.ras.TraceComponent@66cc0e38
    location = "D:\devel\tools\wlp\usr\servers\defaultServer\apps\testingPrimefaces.war.xml"
    classLoadingService = class com.ibm.ws.classloading.internal.ClassLoadingServiceImpl@2b6e042d
      tc = class com.ibm.websphere.ras.TraceComponent@1d17164d
      leakDetectionMap = class java.util.HashMap@76aaced2
      TCCL_LOCK_WAIT = 15000
      REFERENCE_GENERATORS = "generators"
      bundleContext = class org.eclipse.osgi.internal.framework.BundleContextImpl@15dd0df7
      aclStore = class com.ibm.ws.classloading.internal.util.CanonicalStore@653e11cd
      tcclStore = class com.ibm.ws.classloading.internal.util.CanonicalStore@1ce5acd0
      tcclStoreLock = class java.util.concurrent.locks.ReentrantLock@44b9d76d
      digraph = class org.eclipse.equinox.internal.region.StandardRegionDigraph@64454d76
      redefiner = class com.ibm.ws.classloading.internal.util.ClassRedefiner@647d3e6
      listener = class com.ibm.ws.classloading.internal.ClassLoadingServiceImpl$1@7160984a
      classloaders = class java.util.Collections$SynchronizedMap@4052399a
      resourceProviders = class com.ibm.ws.classloading.internal.CompositeResourceProvider@6ab73653
      rememberedBundles = class java.util.concurrent.ConcurrentHashMap@4a5a9c42
      collectedBundles = class java.lang.ref.ReferenceQueue@4ba5682
      generatorRefs = class com.ibm.wsspi.kernel.service.utils.ConcurrentServiceReferenceSet@716d3c97
      generatorManager = class com.ibm.ws.classloading.internal.ClassGeneratorManager@43c694ab
      appExtLibs = class java.util.concurrent.CopyOnWriteArrayList@20a245c9
      globalConfig = class com.ibm.ws.classloading.configuration.GlobalClassloadingConfiguration@3e047513
      metaInfServicesProviders = class java.util.concurrent.ConcurrentHashMap@68dc3a17
      metaInfServicesRefs = class com.ibm.wsspi.kernel.service.utils.ConcurrentServiceReferenceMap@704d2a1f
      protectionDomainMap = class java.util.HashMap@42f3b5d2
      metadataIdentifierService = class com.ibm.ws.container.service.metadata.internal.MetaDataServiceImpl@2a4148c
      globalSharedLibrary = class java.util.concurrent.atomic.AtomicReference@5f42ec72
      serialVersionUID = -2277344858934055980
    globalSharedLibrary = class com.ibm.ws.library.internal.SharedLibraryImpl@fc97899
      tc = class com.ibm.websphere.ras.TraceComponent@4e5cdb41
      EMPTY_LIBRARY_LISTENERS = interface com.ibm.wsspi.library.LibraryChangeListener[0]
      deleted = false
      libraryListenersTracker = class org.osgi.util.tracker.ServiceTracker@71b3180a
      libraryReg = class org.eclipse.osgi.internal.serviceregistry.ServiceRegistrationImpl@1f489d6a
      ctx = class org.eclipse.osgi.internal.framework.BundleContextImpl@15dd0df7
      classLoadingService = class com.ibm.ws.classloading.internal.ClassLoadingServiceImpl@2b6e042d
      configAdmin = class com.ibm.ws.config.admin.internal.ConfigurationAdminImpl@1cef8ffe
      resolvedBasePath = "D:/devel/tools/wlp/usr/servers/defaultServer/"
      generationLock = class com.ibm.ws.library.internal.SharedLibraryImpl$1@267293dc
      currentGeneration = class com.ibm.ws.library.internal.LibraryGeneration@6d3843a5
      nextGeneration = class com.ibm.ws.library.internal.LibraryGeneration@6d3843a5
      artifactContainerFactory = class com.ibm.ws.library.internal.SharedLibraryFactory$1@4227540
      packageExporter = class com.ibm.ws.library.internal.LibraryPackageExporter@64529a45
      serialVersionUID = 6288237618632180389
    sharedLibDeploymentInfo = class com.ibm.ws.app.manager.module.internal.DeployedAppInfoBase$SharedLibDeploymentInfo@73c052fe
      bundleContext = class org.eclipse.osgi.internal.framework.BundleContextImpl@4774b92b
      locAdmin = class com.ibm.ws.kernel.service.location.internal.WsLocationAdminImpl@1f4e0e6e
      artifactFactory = class com.ibm.ws.artifact.internal.ArtifactContainerFactoryService@2acbfd1a
      moduleFactory = class com.ibm.ws.adaptable.module.internal.AdaptableModuleFactoryImpl@545f2b3d
      classesContainerInfo = class java.util.ArrayList@6826044d
      serialVersionUID = -9033256786848720484
      $$$tc$$$ = class com.ibm.websphere.ras.TraceComponent@3eb7a9e
    futureMonitor = class com.ibm.ws.threading.internal.FutureMonitorImpl@50fe9b4d
      _monitor = class java.util.concurrent.ConcurrentLinkedQueue@44f6c72c
      _executor = class com.ibm.ws.threading.internal.ScheduledExecutorImpl@4359a5cb
      _threadRunning = class java.util.concurrent.atomic.AtomicBoolean@66aace16
      _thread = class com.ibm.ws.threading.internal.FutureMonitorImpl$1@66d98119
      serialVersionUID = 2765238413969174390
      $$$tc$$$ = class com.ibm.websphere.ras.TraceComponent@40b610c6
    configAdmin = class com.ibm.ws.config.admin.internal.ConfigurationAdminImpl@beaa213
      tc = class com.ibm.websphere.ras.TraceComponent@48cd5e7
      bundle = class org.eclipse.osgi.internal.framework.EquinoxBundle@2a293039
      caFactory = class com.ibm.ws.config.admin.internal.ConfigAdminServiceFactory@1b6d364e
      serialVersionUID = -2875522750804142523
    libraryConfigHelper = class com.ibm.ws.classloading.ClassLoaderConfigHelper@4f230e47
      tc = class com.ibm.websphere.ras.TraceComponent@19b23acd
      DEFAULT_API_TYPES = class java.util.RegularEnumSet@6e19bf6a
      sharedLibraries = class java.util.Collections$EmptyList@38738dd5
      commonLibraries = class java.util.Collections$EmptyList@38738dd5
      classProviders = class java.util.Collections$EmptyList@38738dd5
      sharedLibrariesPids = null
      commonLibrariesPids = null
      isDelegateLast = false
      apiTypes = class java.util.RegularEnumSet@6e19bf6a
      classLoaderConfigProps = null
      serialVersionUID = 7643888529935916418
    isDelegateLast = false
    permissionManager = class com.ibm.ws.classloading.java2sec.PermissionManager@3e05f2ff
      tc = class com.ibm.websphere.ras.TraceComponent@7b2804ae
      classLoadingService = class com.ibm.ws.classloading.internal.ClassLoadingServiceImpl@2b6e042d
      DEFAULT_SERVER_RESTRICTABLE_PERMISSIONS = class java.security.Permission[4]
      DEFAULT_CLIENT_RESTRICTABLE_PERMISSIONS = class java.security.Permission[3]
      isServer = true
      wsjarUrlStreamHandlerAvailable = true
      restrictablePermissions = class java.util.ArrayList@1401997f
      grantedPermissions = class java.util.ArrayList@4f29a03d
      KEY_PERMISSION = "permission"
      INCORRECT_PERMISSION_CONFIGURATION = "INCORRECT_PERMISSION_CONFIGURATION"
      PERMISSION_CLASSNOTFOUND = "PERMISSION_CLASSNOTFOUND"
      SERVER_XML = "server.xml"
      CLIENT_XML = "client.xml"
      originationFile = "server.xml"
      permissions = class com.ibm.wsspi.kernel.service.utils.ConcurrentServiceReferenceSet@58af3c6f
      codeBasePermissionMap = class java.util.HashMap@51e14b14
      permissionXMLPermissionMap = class java.util.HashMap@49b3fa36
      serialVersionUID = 3514017629123673923
    permissionsConfig = null
    serialVersionUID = 5168023053972273360
    appInfo = class com.ibm.ws.container.service.app.deploy.internal.ApplicationInfoImpl@4fdc1001
    modulesDeployed = class java.util.ArrayList@4421e1e8
      serialVersionUID = 8683452581122892189
      DEFAULT_CAPACITY = 10
      EMPTY_ELEMENTDATA = class java.lang.Object[0]
      DEFAULTCAPACITY_EMPTY_ELEMENTDATA = class java.lang.Object[0]
      elementData = class java.lang.Object[0]
      size = 0
      MAX_ARRAY_SIZE = 2147483639
      modCount = 0
      MAX_ARRAY_SIZE = 2147483639
    starting = false
    started = false
    appInfoFactory = class com.ibm.ws.container.service.app.deploy.internal.ApplicationInfoFactoryImpl@13279e1d
      j2eeNameFactory = class com.ibm.wsspi.kernel.service.utils.AtomicServiceReference@af92323
      names = class java.util.HashSet@5976035a
      serialVersionUID = 7443990212682384945
      $$$tc$$$ = class com.ibm.websphere.ras.TraceComponent@5bf526af
    metaDataService = class com.ibm.ws.container.service.metadata.internal.MetaDataServiceImpl@2a4148c
      applicationMetaDataManager = class com.ibm.ws.container.service.metadata.internal.ApplicationMetaDataManager@7cf912f7
      moduleMetaDataManager = class com.ibm.ws.container.service.metadata.internal.ModuleMetaDataManager@2c435ebd
      componentMetaDataManager = class com.ibm.ws.container.service.metadata.internal.ComponentMetaDataManager@48f71192
      methodMetaDataManager = class com.ibm.ws.container.service.metadata.internal.MethodMetaDataManager@3c279af5
      appModuleNameToModuleContainer = class java.util.concurrent.ConcurrentHashMap@8fd592c
      jeeNameToComponentMetaData = class java.util.concurrent.ConcurrentHashMap@3e7d4838
      deferredMetaDataFactories = class com.ibm.wsspi.kernel.service.utils.ConcurrentServiceReferenceSet@4ef6a5e4
      deferredMetaDataInitializers = class com.ibm.wsspi.kernel.service.utils.ConcurrentServiceReferenceMap@4e066efd
      serialVersionUID = -2494605732980966097
      $$$tc$$$ = class com.ibm.websphere.ras.TraceComponent@61830067
    stateChangeService = class com.ibm.ws.container.service.state.internal.StateChangeServiceImpl@31863f73
      applicationStateManager = class com.ibm.ws.container.service.state.internal.ApplicationStateManager@17ff0e62
      moduleStateManager = class com.ibm.ws.container.service.state.internal.ModuleStateManager@21fe1a86
      serialVersionUID = -537917915330350560
      $$$tc$$$ = class com.ibm.websphere.ras.TraceComponent@12df53d5
    moduleClassesInfo = class com.ibm.ws.app.manager.module.internal.SimpleDeployedAppInfoBase$ModuleClassesInfoProvider@7a63a60a
      entryContainerInfosMap = class java.util.HashMap@71c96adc
      serialVersionUID = -70332790531324534
      $$$tc$$$ = class com.ibm.websphere.ras.TraceComponent@29a4f9d7
    moduleContainerInfos = class java.util.ArrayList@551b082d
      serialVersionUID = 8683452581122892189
      DEFAULT_CAPACITY = 10
      EMPTY_ELEMENTDATA = class java.lang.Object[0]
      DEFAULTCAPACITY_EMPTY_ELEMENTDATA = class java.lang.Object[0]
      elementData = class java.lang.Object[10]
      size = 1
      MAX_ARRAY_SIZE = 2147483639
      modCount = 1
      MAX_ARRAY_SIZE = 2147483639
    activeModuleHandlers = class java.util.IdentityHashMap@77b96676
      DEFAULT_CAPACITY = 32
      MINIMUM_CAPACITY = 4
      MAXIMUM_CAPACITY = 536870912
      table = class java.lang.Object[16]
      size = 1
      modCount = 1
      NULL_KEY = class java.lang.Object@26a39097
      entrySet = null
      serialVersionUID = 8188218128353913216
      keySet = null
      values = null
    serialVersionUID = 7078125893012250887
    $$$tc$$$ = class com.ibm.websphere.ras.TraceComponent@648b8468
      strings[0] = "TraceComponent[com.ibm.ws.app.manager.module.internal.SimpleDeployedAppInfoBase,class com.ibm.ws.app.manager.module.internal.SimpleDeployedAppInfoBase,[applications, app.manager],,null]"
  containerInfoType = class com.ibm.ws.container.service.app.deploy.ContainerInfo$Type@7c0a7cc
    MANIFEST_CLASSPATH = class com.ibm.ws.container.service.app.deploy.ContainerInfo$Type@10700941
      MANIFEST_CLASSPATH = class com.ibm.ws.container.service.app.deploy.ContainerInfo$Type@10700941
      WEB_INF_CLASSES = class com.ibm.ws.container.service.app.deploy.ContainerInfo$Type@1d272102
      WEB_INF_LIB = class com.ibm.ws.container.service.app.deploy.ContainerInfo$Type@21116e06
      EAR_LIB = class com.ibm.ws.container.service.app.deploy.ContainerInfo$Type@7315a66b
      WEB_MODULE = class com.ibm.ws.container.service.app.deploy.ContainerInfo$Type@7c0a7cc
      EJB_MODULE = class com.ibm.ws.container.service.app.deploy.ContainerInfo$Type@633f8349
      CLIENT_MODULE = class com.ibm.ws.container.service.app.deploy.ContainerInfo$Type@47b4811d
      RAR_MODULE = class com.ibm.ws.container.service.app.deploy.ContainerInfo$Type@6d7fb6b3
      JAR_MODULE = class com.ibm.ws.container.service.app.deploy.ContainerInfo$Type@33077389
      SHARED_LIB = class com.ibm.ws.container.service.app.deploy.ContainerInfo$Type@2c3d8b6b
      $VALUES = class com.ibm.ws.container.service.app.deploy.ContainerInfo$Type[10]
      $$$tc$$$ = class com.ibm.websphere.ras.TraceComponent@40bcb55c
      name = "MANIFEST_CLASSPATH"
      ordinal = 0
    WEB_INF_CLASSES = class com.ibm.ws.container.service.app.deploy.ContainerInfo$Type@1d272102
      MANIFEST_CLASSPATH = class com.ibm.ws.container.service.app.deploy.ContainerInfo$Type@10700941
      WEB_INF_CLASSES = class com.ibm.ws.container.service.app.deploy.ContainerInfo$Type@1d272102
      WEB_INF_LIB = class com.ibm.ws.container.service.app.deploy.ContainerInfo$Type@21116e06
      EAR_LIB = class com.ibm.ws.container.service.app.deploy.ContainerInfo$Type@7315a66b
      WEB_MODULE = class com.ibm.ws.container.service.app.deploy.ContainerInfo$Type@7c0a7cc
      EJB_MODULE = class com.ibm.ws.container.service.app.deploy.ContainerInfo$Type@633f8349
      CLIENT_MODULE = class com.ibm.ws.container.service.app.deploy.ContainerInfo$Type@47b4811d
      RAR_MODULE = class com.ibm.ws.container.service.app.deploy.ContainerInfo$Type@6d7fb6b3
      JAR_MODULE = class com.ibm.ws.container.service.app.deploy.ContainerInfo$Type@33077389
      SHARED_LIB = class com.ibm.ws.container.service.app.deploy.ContainerInfo$Type@2c3d8b6b
      $VALUES = class com.ibm.ws.container.service.app.deploy.ContainerInfo$Type[10]
      $$$tc$$$ = class com.ibm.websphere.ras.TraceComponent@40bcb55c
      name = "WEB_INF_CLASSES"
      ordinal = 1
    WEB_INF_LIB = class com.ibm.ws.container.service.app.deploy.ContainerInfo$Type@21116e06
      MANIFEST_CLASSPATH = class com.ibm.ws.container.service.app.deploy.ContainerInfo$Type@10700941
      WEB_INF_CLASSES = class com.ibm.ws.container.service.app.deploy.ContainerInfo$Type@1d272102
      WEB_INF_LIB = class com.ibm.ws.container.service.app.deploy.ContainerInfo$Type@21116e06
      EAR_LIB = class com.ibm.ws.container.service.app.deploy.ContainerInfo$Type@7315a66b
      WEB_MODULE = class com.ibm.ws.container.service.app.deploy.ContainerInfo$Type@7c0a7cc
      EJB_MODULE = class com.ibm.ws.container.service.app.deploy.ContainerInfo$Type@633f8349
      CLIENT_MODULE = class com.ibm.ws.container.service.app.deploy.ContainerInfo$Type@47b4811d
      RAR_MODULE = class com.ibm.ws.container.service.app.deploy.ContainerInfo$Type@6d7fb6b3
      JAR_MODULE = class com.ibm.ws.container.service.app.deploy.ContainerInfo$Type@33077389
      SHARED_LIB = class com.ibm.ws.container.service.app.deploy.ContainerInfo$Type@2c3d8b6b
      $VALUES = class com.ibm.ws.container.service.app.deploy.ContainerInfo$Type[10]
      $$$tc$$$ = class com.ibm.websphere.ras.TraceComponent@40bcb55c
      name = "WEB_INF_LIB"
      ordinal = 2
    EAR_LIB = class com.ibm.ws.container.service.app.deploy.ContainerInfo$Type@7315a66b
      MANIFEST_CLASSPATH = class com.ibm.ws.container.service.app.deploy.ContainerInfo$Type@10700941
      WEB_INF_CLASSES = class com.ibm.ws.container.service.app.deploy.ContainerInfo$Type@1d272102
      WEB_INF_LIB = class com.ibm.ws.container.service.app.deploy.ContainerInfo$Type@21116e06
      EAR_LIB = class com.ibm.ws.container.service.app.deploy.ContainerInfo$Type@7315a66b
      WEB_MODULE = class com.ibm.ws.container.service.app.deploy.ContainerInfo$Type@7c0a7cc
      EJB_MODULE = class com.ibm.ws.container.service.app.deploy.ContainerInfo$Type@633f8349
      CLIENT_MODULE = class com.ibm.ws.container.service.app.deploy.ContainerInfo$Type@47b4811d
      RAR_MODULE = class com.ibm.ws.container.service.app.deploy.ContainerInfo$Type@6d7fb6b3
      JAR_MODULE = class com.ibm.ws.container.service.app.deploy.ContainerInfo$Type@33077389
      SHARED_LIB = class com.ibm.ws.container.service.app.deploy.ContainerInfo$Type@2c3d8b6b
      $VALUES = class com.ibm.ws.container.service.app.deploy.ContainerInfo$Type[10]
      $$$tc$$$ = class com.ibm.websphere.ras.TraceComponent@40bcb55c
      name = "EAR_LIB"
      ordinal = 3
    WEB_MODULE = class com.ibm.ws.container.service.app.deploy.ContainerInfo$Type@7c0a7cc
    EJB_MODULE = class com.ibm.ws.container.service.app.deploy.ContainerInfo$Type@633f8349
      MANIFEST_CLASSPATH = class com.ibm.ws.container.service.app.deploy.ContainerInfo$Type@10700941
      WEB_INF_CLASSES = class com.ibm.ws.container.service.app.deploy.ContainerInfo$Type@1d272102
      WEB_INF_LIB = class com.ibm.ws.container.service.app.deploy.ContainerInfo$Type@21116e06
      EAR_LIB = class com.ibm.ws.container.service.app.deploy.ContainerInfo$Type@7315a66b
      WEB_MODULE = class com.ibm.ws.container.service.app.deploy.ContainerInfo$Type@7c0a7cc
      EJB_MODULE = class com.ibm.ws.container.service.app.deploy.ContainerInfo$Type@633f8349
      CLIENT_MODULE = class com.ibm.ws.container.service.app.deploy.ContainerInfo$Type@47b4811d
      RAR_MODULE = class com.ibm.ws.container.service.app.deploy.ContainerInfo$Type@6d7fb6b3
      JAR_MODULE = class com.ibm.ws.container.service.app.deploy.ContainerInfo$Type@33077389
      SHARED_LIB = class com.ibm.ws.container.service.app.deploy.ContainerInfo$Type@2c3d8b6b
      $VALUES = class com.ibm.ws.container.service.app.deploy.ContainerInfo$Type[10]
      $$$tc$$$ = class com.ibm.websphere.ras.TraceComponent@40bcb55c
      name = "EJB_MODULE"
      ordinal = 5
    CLIENT_MODULE = class com.ibm.ws.container.service.app.deploy.ContainerInfo$Type@47b4811d
      MANIFEST_CLASSPATH = class com.ibm.ws.container.service.app.deploy.ContainerInfo$Type@10700941
      WEB_INF_CLASSES = class com.ibm.ws.container.service.app.deploy.ContainerInfo$Type@1d272102
      WEB_INF_LIB = class com.ibm.ws.container.service.app.deploy.ContainerInfo$Type@21116e06
      EAR_LIB = class com.ibm.ws.container.service.app.deploy.ContainerInfo$Type@7315a66b
      WEB_MODULE = class com.ibm.ws.container.service.app.deploy.ContainerInfo$Type@7c0a7cc
      EJB_MODULE = class com.ibm.ws.container.service.app.deploy.ContainerInfo$Type@633f8349
      CLIENT_MODULE = class com.ibm.ws.container.service.app.deploy.ContainerInfo$Type@47b4811d
      RAR_MODULE = class com.ibm.ws.container.service.app.deploy.ContainerInfo$Type@6d7fb6b3
      JAR_MODULE = class com.ibm.ws.container.service.app.deploy.ContainerInfo$Type@33077389
      SHARED_LIB = class com.ibm.ws.container.service.app.deploy.ContainerInfo$Type@2c3d8b6b
      $VALUES = class com.ibm.ws.container.service.app.deploy.ContainerInfo$Type[10]
      $$$tc$$$ = class com.ibm.websphere.ras.TraceComponent@40bcb55c
      name = "CLIENT_MODULE"
      ordinal = 6
    RAR_MODULE = class com.ibm.ws.container.service.app.deploy.ContainerInfo$Type@6d7fb6b3
      MANIFEST_CLASSPATH = class com.ibm.ws.container.service.app.deploy.ContainerInfo$Type@10700941
      WEB_INF_CLASSES = class com.ibm.ws.container.service.app.deploy.ContainerInfo$Type@1d272102
      WEB_INF_LIB = class com.ibm.ws.container.service.app.deploy.ContainerInfo$Type@21116e06
      EAR_LIB = class com.ibm.ws.container.service.app.deploy.ContainerInfo$Type@7315a66b
      WEB_MODULE = class com.ibm.ws.container.service.app.deploy.ContainerInfo$Type@7c0a7cc
      EJB_MODULE = class com.ibm.ws.container.service.app.deploy.ContainerInfo$Type@633f8349
      CLIENT_MODULE = class com.ibm.ws.container.service.app.deploy.ContainerInfo$Type@47b4811d
      RAR_MODULE = class com.ibm.ws.container.service.app.deploy.ContainerInfo$Type@6d7fb6b3
      JAR_MODULE = class com.ibm.ws.container.service.app.deploy.ContainerInfo$Type@33077389
      SHARED_LIB = class com.ibm.ws.container.service.app.deploy.ContainerInfo$Type@2c3d8b6b
      $VALUES = class com.ibm.ws.container.service.app.deploy.ContainerInfo$Type[10]
      $$$tc$$$ = class com.ibm.websphere.ras.TraceComponent@40bcb55c
      name = "RAR_MODULE"
      ordinal = 7
    JAR_MODULE = class com.ibm.ws.container.service.app.deploy.ContainerInfo$Type@33077389
      MANIFEST_CLASSPATH = class com.ibm.ws.container.service.app.deploy.ContainerInfo$Type@10700941
      WEB_INF_CLASSES = class com.ibm.ws.container.service.app.deploy.ContainerInfo$Type@1d272102
      WEB_INF_LIB = class com.ibm.ws.container.service.app.deploy.ContainerInfo$Type@21116e06
      EAR_LIB = class com.ibm.ws.container.service.app.deploy.ContainerInfo$Type@7315a66b
      WEB_MODULE = class com.ibm.ws.container.service.app.deploy.ContainerInfo$Type@7c0a7cc
      EJB_MODULE = class com.ibm.ws.container.service.app.deploy.ContainerInfo$Type@633f8349
      CLIENT_MODULE = class com.ibm.ws.container.service.app.deploy.ContainerInfo$Type@47b4811d
      RAR_MODULE = class com.ibm.ws.container.service.app.deploy.ContainerInfo$Type@6d7fb6b3
      JAR_MODULE = class com.ibm.ws.container.service.app.deploy.ContainerInfo$Type@33077389
      SHARED_LIB = class com.ibm.ws.container.service.app.deploy.ContainerInfo$Type@2c3d8b6b
      $VALUES = class com.ibm.ws.container.service.app.deploy.ContainerInfo$Type[10]
      $$$tc$$$ = class com.ibm.websphere.ras.TraceComponent@40bcb55c
      name = "JAR_MODULE"
      ordinal = 8
    SHARED_LIB = class com.ibm.ws.container.service.app.deploy.ContainerInfo$Type@2c3d8b6b
      MANIFEST_CLASSPATH = class com.ibm.ws.container.service.app.deploy.ContainerInfo$Type@10700941
      WEB_INF_CLASSES = class com.ibm.ws.container.service.app.deploy.ContainerInfo$Type@1d272102
      WEB_INF_LIB = class com.ibm.ws.container.service.app.deploy.ContainerInfo$Type@21116e06
      EAR_LIB = class com.ibm.ws.container.service.app.deploy.ContainerInfo$Type@7315a66b
      WEB_MODULE = class com.ibm.ws.container.service.app.deploy.ContainerInfo$Type@7c0a7cc
      EJB_MODULE = class com.ibm.ws.container.service.app.deploy.ContainerInfo$Type@633f8349
      CLIENT_MODULE = class com.ibm.ws.container.service.app.deploy.ContainerInfo$Type@47b4811d
      RAR_MODULE = class com.ibm.ws.container.service.app.deploy.ContainerInfo$Type@6d7fb6b3
      JAR_MODULE = class com.ibm.ws.container.service.app.deploy.ContainerInfo$Type@33077389
      SHARED_LIB = class com.ibm.ws.container.service.app.deploy.ContainerInfo$Type@2c3d8b6b
      $VALUES = class com.ibm.ws.container.service.app.deploy.ContainerInfo$Type[10]
      $$$tc$$$ = class com.ibm.websphere.ras.TraceComponent@40bcb55c
      name = "SHARED_LIB"
      ordinal = 9
    $VALUES = class com.ibm.ws.container.service.app.deploy.ContainerInfo$Type[10]
      Type[0] = class com.ibm.ws.container.service.app.deploy.ContainerInfo$Type@10700941
      Type[1] = class com.ibm.ws.container.service.app.deploy.ContainerInfo$Type@1d272102
      Type[2] = class com.ibm.ws.container.service.app.deploy.ContainerInfo$Type@21116e06
      Type[3] = class com.ibm.ws.container.service.app.deploy.ContainerInfo$Type@7315a66b
      Type[4] = class com.ibm.ws.container.service.app.deploy.ContainerInfo$Type@7c0a7cc
      Type[5] = class com.ibm.ws.container.service.app.deploy.ContainerInfo$Type@633f8349
      Type[6] = class com.ibm.ws.container.service.app.deploy.ContainerInfo$Type@47b4811d
      Type[7] = class com.ibm.ws.container.service.app.deploy.ContainerInfo$Type@6d7fb6b3
      Type[8] = class com.ibm.ws.container.service.app.deploy.ContainerInfo$Type@33077389
      Type[9] = class com.ibm.ws.container.service.app.deploy.ContainerInfo$Type@2c3d8b6b
    $$$tc$$$ = class com.ibm.websphere.ras.TraceComponent@40bcb55c
      strings[0] = "TraceComponent[com.ibm.ws.container.service.app.deploy.ContainerInfo$Type,class com.ibm.ws.container.service.app.deploy.ContainerInfo$Type,[container.service],com.ibm.ws.container.service.resources.Messages,null]"
    name = "WEB_MODULE"
    ordinal = 4
  classLoader = class com.ibm.ws.classloading.internal.AppClassLoader@20a4ab71
    tc = class com.ibm.websphere.ras.TraceComponent@10c0d50b
      strings[0] = "TraceComponent[com.ibm.ws.classloading.internal.AppClassLoader,class com.ibm.ws.classloading.internal.AppClassLoader,[ClassLoadingService],com.ibm.ws.classloading.internal.resources.ClassLoadingServiceMessages,null]"
    PARENT_FIRST_SEARCH_ORDER = class java.util.Collections$UnmodifiableRandomAccessList@552f3a87
      serialVersionUID = -2542308836966382001
      serialVersionUID = -283967356065247728
      list = class java.util.Arrays$ArrayList@6f41723d
      serialVersionUID = 1820017752578914078
      c = class java.util.Arrays$ArrayList@6f41723d
    CLASS_LOADING_TRACE_PREFIX = "com.ibm.ws.class.load."
    DEFAULT_PACKAGE = "default.package"
    perPackageClassLoadingTraceComponents = class java.util.concurrent.ConcurrentHashMap@5b44fe5b
      serialVersionUID = 7249069246763182397
      MAXIMUM_CAPACITY = 1073741824
      DEFAULT_CAPACITY = 16
      MAX_ARRAY_SIZE = 2147483639
      DEFAULT_CONCURRENCY_LEVEL = 16
      LOAD_FACTOR = 0.75
      TREEIFY_THRESHOLD = 8
      UNTREEIFY_THRESHOLD = 6
      MIN_TREEIFY_CAPACITY = 64
      MIN_TRANSFER_STRIDE = 16
      RESIZE_STAMP_BITS = 16
      MAX_RESIZERS = 65535
      RESIZE_STAMP_SHIFT = 16
      MOVED = -1
      TREEBIN = -2
      RESERVED = -3
      HASH_BITS = 2147483647
      NCPU = 4
      serialPersistentFields = class java.io.ObjectStreamField[3]
      table = null
      nextTable = null
      baseCount = 0
      sizeCtl = 0
      transferIndex = 0
      cellsBusy = 0
      counterCells = null
      keySet = null
      values = null
      entrySet = null
      U = class sun.misc.Unsafe@3305e224
      SIZECTL = 20
      TRANSFERINDEX = 32
      BASECOUNT = 24
      CELLSBUSY = 36
      CELLVALUE = 144
      ABASE = 16
      ASHIFT = 2
      keySet = null
      values = null
    config = class com.ibm.ws.classloading.internal.ClassLoaderConfigurationImpl@4a08b2cc
      DEFAULT_PROTECTION_DOMAIN = class java.security.ProtectionDomain@4fc3ac0a
      delegateLast = false
      includeAppExtensions = true
      id = class com.ibm.ws.classloading.serializable.ClassLoaderIdentityImpl@10c1dd05
      parentId = null
      sharedLibraries = class java.util.ArrayList@58288213
      commonLibraries = class java.util.Collections$EmptyList@38738dd5
      providers = class java.util.Collections$EmptyList@38738dd5
      nativeLibraryContainers = class java.util.Collections$EmptyList@38738dd5
      protectionDomain = class java.security.ProtectionDomain@354a1718
      serialVersionUID = 9091690180200375339
      $$$tc$$$ = class com.ibm.websphere.ras.TraceComponent@3a462061
    privateLibraries = class java.util.Collections$EmptyList@38738dd5
      serialVersionUID = 8842843931221139166
      modCount = 0
      MAX_ARRAY_SIZE = 2147483639
    delegateLoaders = class com.ibm.ws.classloading.internal.util.CompositeIterable@14a4735e
      iterables = class java.util.Arrays$ArrayList@43b3081a
      serialVersionUID = -1227195994638150837
      $$$tc$$$ = class com.ibm.websphere.ras.TraceComponent@6da7dccc
    nativeLibraryFiles = class java.util.ArrayList@68eee1b7
      serialVersionUID = 8683452581122892189
      DEFAULT_CAPACITY = 10
      EMPTY_ELEMENTDATA = class java.lang.Object[0]
      DEFAULTCAPACITY_EMPTY_ELEMENTDATA = class java.lang.Object[0]
      elementData = class java.lang.Object[0]
      size = 0
      MAX_ARRAY_SIZE = 2147483639
      modCount = 0
      MAX_ARRAY_SIZE = 2147483639
    transformers = class java.util.ArrayList@677fb0b4
      serialVersionUID = 8683452581122892189
      DEFAULT_CAPACITY = 10
      EMPTY_ELEMENTDATA = class java.lang.Object[0]
      DEFAULTCAPACITY_EMPTY_ELEMENTDATA = class java.lang.Object[0]
      elementData = class java.lang.Object[0]
      size = 0
      MAX_ARRAY_SIZE = 2147483639
      modCount = 0
      MAX_ARRAY_SIZE = 2147483639
    apiAccess = class com.ibm.ws.classloading.internal.GatewayClassLoader@44d397ee
      config = class com.ibm.ws.classloading.internal.GatewayConfigurationImpl@3769d79d
      wiringMonitor = class com.ibm.ws.classloading.internal.GatewayClassLoader$1@393da277
      bundle = class org.eclipse.osgi.internal.framework.EquinoxBundle@2f7c30f6
      wiring = class org.eclipse.osgi.container.ModuleWiring@7a1e7e48
      bundleLoader = class org.eclipse.osgi.internal.loader.EquinoxClassLoader@139bde82
      resourceProviders = class com.ibm.ws.classloading.internal.CompositeResourceProvider@6ab73653
      serialVersionUID = -4256474098847905153
      $$$tc$$$ = class com.ibm.websphere.ras.TraceComponent@6a54e005
      parent = class sun.misc.Launcher$AppClassLoader@18b4aac2
      parallelLockMap = null
      package2certs = class java.util.Hashtable@3e4d1f68
      nocerts = class java.security.cert.Certificate[0]
      classes = class java.util.Vector@37a8cad7
      defaultDomain = class java.security.ProtectionDomain@7a0a6d6e
      domains = class java.util.HashSet@295cd9d2
      packages = class java.util.HashMap@7fbc25ce
      scl = class sun.misc.Launcher$AppClassLoader@18b4aac2
      sclSet = true
      loadedLibraryNames = class java.util.Vector@2a3da43e
      systemNativeLibraries = class java.util.Vector@7c7c9b82
      nativeLibraries = class java.util.Vector@e33b69c
      nativeLibraryContext = class java.util.Stack@4488fa93
      usr_paths = class java.lang.String[23]
      sys_paths = class java.lang.String[1]
      assertionLock = class com.ibm.ws.classloading.internal.GatewayClassLoader@44d397ee
      defaultAssertionStatus = false
      packageAssertionStatus = null
      classAssertionStatus = null
    generator = class com.ibm.ws.classloading.internal.ClassGeneratorManager@43c694ab
      tc = class com.ibm.websphere.ras.TraceComponent@ab8b41b
      generatorRefs = class com.ibm.wsspi.kernel.service.utils.ConcurrentServiceReferenceSet@716d3c97
      serialVersionUID = 4152663586056483310
    protectionDomains = class java.util.concurrent.ConcurrentHashMap@74cf210e
      serialVersionUID = 7249069246763182397
      MAXIMUM_CAPACITY = 1073741824
      DEFAULT_CAPACITY = 16
      MAX_ARRAY_SIZE = 2147483639
      DEFAULT_CONCURRENCY_LEVEL = 16
      LOAD_FACTOR = 0.75
      TREEIFY_THRESHOLD = 8
      UNTREEIFY_THRESHOLD = 6
      MIN_TREEIFY_CAPACITY = 64
      MIN_TRANSFER_STRIDE = 16
      RESIZE_STAMP_BITS = 16
      MAX_RESIZERS = 65535
      RESIZE_STAMP_SHIFT = 16
      MOVED = -1
      TREEBIN = -2
      RESERVED = -3
      HASH_BITS = 2147483647
      NCPU = 4
      serialPersistentFields = class java.io.ObjectStreamField[3]
      table = null
      nextTable = null
      baseCount = 0
      sizeCtl = 0
      transferIndex = 0
      cellsBusy = 0
      counterCells = null
      keySet = null
      values = null
      entrySet = null
      U = class sun.misc.Unsafe@3305e224
      SIZECTL = 20
      TRANSFERINDEX = 32
      BASECOUNT = 24
      CELLSBUSY = 36
      CELLVALUE = 144
      ABASE = 16
      ASHIFT = 2
      keySet = null
      values = null
    parent = class com.ibm.ws.classloading.internal.GatewayClassLoader@44d397ee
    hook = null
    serialVersionUID = 7911131531697267209
    tc = class com.ibm.websphere.ras.TraceComponent@2ee9cb85
      strings[0] = "TraceComponent[com.ibm.ws.classloading.internal.ContainerClassLoader,class com.ibm.ws.classloading.internal.ContainerClassLoader,[ClassLoadingService],com.ibm.ws.classloading.internal.resources.ClassLoadingServiceMessages,null]"
    smartClassPath = class com.ibm.ws.classloading.internal.ContainerClassLoader$UnreadSmartClassPath@6bb39579
      delegate = class com.ibm.ws.classloading.internal.ContainerClassLoader$SmartClassPathImpl@7c28e352
      this$0 = class com.ibm.ws.classloading.internal.AppClassLoader@20a4ab71
      serialVersionUID = -4209426028477611008
      $$$tc$$$ = class com.ibm.websphere.ras.TraceComponent@3eb5406f
    nativeLibraryContainers = class java.util.ArrayList@715362ab
      serialVersionUID = 8683452581122892189
      DEFAULT_CAPACITY = 10
      EMPTY_ELEMENTDATA = class java.lang.Object[0]
      DEFAULTCAPACITY_EMPTY_ELEMENTDATA = class java.lang.Object[0]
      elementData = class java.lang.Object[0]
      size = 0
      MAX_ARRAY_SIZE = 2147483639
      modCount = 0
      MAX_ARRAY_SIZE = 2147483639
    redefiner = class com.ibm.ws.classloading.internal.util.ClassRedefiner@647d3e6
      tc = class com.ibm.websphere.ras.TraceComponent@7e49c180
      LS = "
"
      inst = class com.ibm.ws.kernel.launch.internal.TraceInstrumentation@1c37e9a5
      serialVersionUID = 2420101865139508526
    jarProtocol = "wsjar:"
    mapCreationQueue = class java.util.concurrent.Executors$FinalizableDelegatedExecutorService@b8d5571
      e = class java.util.concurrent.ThreadPoolExecutor@3196cd8c
      $assertionsDisabled = true
    serialVersionUID = 4390450102868895350
    serialVersionUID = -7411549862368381758
    $$$tc$$$ = class com.ibm.websphere.ras.TraceComponent@17bedd2a
      strings[0] = "TraceComponent[com.ibm.ws.classloading.internal.IdentifiedLoader,class com.ibm.ws.classloading.internal.IdentifiedLoader,[ClassLoadingService],com.ibm.ws.classloading.internal.resources.ClassLoadingServiceMessages,null]"
    serialVersionUID = -4868702105808481416
    $$$tc$$$ = class com.ibm.websphere.ras.TraceComponent@209941d4
      strings[0] = "TraceComponent[com.ibm.ws.classloading.internal.LibertyLoader,class com.ibm.ws.classloading.internal.LibertyLoader,[ClassLoadingService],com.ibm.ws.classloading.internal.resources.ClassLoadingServiceMessages,null]"
    serialVersionUID = 2596921220292114344
    $$$tc$$$ = class com.ibm.websphere.ras.TraceComponent@cb9538a
      strings[0] = "TraceComponent[com.ibm.ws.classloading.LibertyClassLoader,class com.ibm.ws.classloading.LibertyClassLoader,[ClassLoadingService],com.ibm.ws.classloading.internal.resources.ClassLoadingServiceMessages,null]"
    initialized = true
    pdcache = class java.util.HashMap@4f69b58c
      serialVersionUID = 362498820763181265
      DEFAULT_INITIAL_CAPACITY = 16
      MAXIMUM_CAPACITY = 1073741824
      DEFAULT_LOAD_FACTOR = 0.75
      TREEIFY_THRESHOLD = 8
      UNTREEIFY_THRESHOLD = 6
      MIN_TREEIFY_CAPACITY = 64
      table = null
      entrySet = null
      size = 0
      modCount = 0
      threshold = 16
      loadFactor = 0.75
      keySet = null
      values = null
    debug = null
    parent = class com.ibm.ws.classloading.internal.GatewayClassLoader@44d397ee
    parallelLockMap = null
    package2certs = class java.util.Hashtable@236e6664
      table = class java.util.Hashtable$Entry[11]
      count = 0
      threshold = 8
      loadFactor = 0.75
      modCount = 0
      serialVersionUID = 1421746759512286392
      MAX_ARRAY_SIZE = 2147483639
      keySet = null
      entrySet = null
      values = null
      KEYS = 0
      VALUES = 1
      ENTRIES = 2
    nocerts = class java.security.cert.Certificate[0]
    classes = class java.util.Vector@4654970a
      elementData = class java.lang.Object[10]
      elementCount = 0
      capacityIncrement = 0
      serialVersionUID = -2767605614048989439
      MAX_ARRAY_SIZE = 2147483639
      modCount = 0
      MAX_ARRAY_SIZE = 2147483639
    defaultDomain = class java.security.ProtectionDomain@1af99dd6
      codesource = class java.security.CodeSource@2c506a28
      classloader = class com.ibm.ws.classloading.internal.AppClassLoader@20a4ab71
      principals = interface java.security.Principal[0]
      permissions = null
      hasAllPerm = false
      staticPermissions = false
      key = class java.security.ProtectionDomain$Key@7838db12
      debug = null
    domains = class java.util.HashSet@18be9ed0
      serialVersionUID = -5024744406713321676
      map = class java.util.HashMap@5322be49
      PRESENT = class java.lang.Object@35d62aa2
      MAX_ARRAY_SIZE = 2147483639
    packages = class java.util.HashMap@48b386e5
      serialVersionUID = 362498820763181265
      DEFAULT_INITIAL_CAPACITY = 16
      MAXIMUM_CAPACITY = 1073741824
      DEFAULT_LOAD_FACTOR = 0.75
      TREEIFY_THRESHOLD = 8
      UNTREEIFY_THRESHOLD = 6
      MIN_TREEIFY_CAPACITY = 64
      table = null
      entrySet = null
      size = 0
      modCount = 0
      threshold = 0
      loadFactor = 0.75
      keySet = null
      values = null
    scl = class sun.misc.Launcher$AppClassLoader@18b4aac2
      ucp = class sun.misc.URLClassPath@3e381523
      $assertionsDisabled = true
      ucp = class sun.misc.URLClassPath@3e381523
      acc = class java.security.AccessControlContext@782e245b
      closeables = class java.util.WeakHashMap@174db922
      initialized = true
      pdcache = class java.util.HashMap@46b6ab67
      debug = null
      parent = class sun.misc.Launcher$ExtClassLoader@621be5d1
      parallelLockMap = class java.util.concurrent.ConcurrentHashMap@38593f9f
      package2certs = class java.util.concurrent.ConcurrentHashMap@315cc833
      nocerts = class java.security.cert.Certificate[0]
      classes = class java.util.Vector@4b22e393
      defaultDomain = class java.security.ProtectionDomain@383c8403
      domains = class java.util.Collections$SynchronizedSet@4968e15c
      packages = class java.util.HashMap@1ea2b512
      scl = class sun.misc.Launcher$AppClassLoader@18b4aac2
      sclSet = true
      loadedLibraryNames = class java.util.Vector@2a3da43e
      systemNativeLibraries = class java.util.Vector@7c7c9b82
      nativeLibraries = class java.util.Vector@4240f32e
      nativeLibraryContext = class java.util.Stack@4488fa93
      usr_paths = class java.lang.String[23]
      sys_paths = class java.lang.String[1]
      assertionLock = class java.lang.Object@1e806bf9
      defaultAssertionStatus = false
      packageAssertionStatus = null
      classAssertionStatus = null
    sclSet = true
    loadedLibraryNames = class java.util.Vector@2a3da43e
      elementData = class java.lang.Object[10]
      elementCount = 8
      capacityIncrement = 0
      serialVersionUID = -2767605614048989439
      MAX_ARRAY_SIZE = 2147483639
      modCount = 8
      MAX_ARRAY_SIZE = 2147483639
    systemNativeLibraries = class java.util.Vector@7c7c9b82
      elementData = class java.lang.Object[10]
      elementCount = 6
      capacityIncrement = 0
      serialVersionUID = -2767605614048989439
      MAX_ARRAY_SIZE = 2147483639
      modCount = 6
      MAX_ARRAY_SIZE = 2147483639
    nativeLibraries = class java.util.Vector@10d8c2c3
      elementData = class java.lang.Object[10]
      elementCount = 0
      capacityIncrement = 0
      serialVersionUID = -2767605614048989439
      MAX_ARRAY_SIZE = 2147483639
      modCount = 0
      MAX_ARRAY_SIZE = 2147483639
    nativeLibraryContext = class java.util.Stack@4488fa93
      serialVersionUID = 1224463164541339165
      elementData = class java.lang.Object[10]
      elementCount = 0
      capacityIncrement = 0
      serialVersionUID = -2767605614048989439
      MAX_ARRAY_SIZE = 2147483639
      modCount = 16
      MAX_ARRAY_SIZE = 2147483639
    usr_paths = class java.lang.String[23]
      String[0] = "C:\Program Files\Java\jre1.8.0_211\bin"
      String[1] = "C:\Windows\Sun\Java\bin"
      String[2] = "C:\Windows\system32"
      String[3] = "C:\Windows"
      String[4] = "C:/Program Files/Java/jre1.8.0_211/bin/server"
      String[5] = "C:/Program Files/Java/jre1.8.0_211/bin"
      String[6] = "C:/Program Files/Java/jre1.8.0_211/lib/amd64"
      String[7] = "C:\Program Files\Haskell\bin"
      String[8] = "C:\Program Files\Haskell Platform\8.6.5\lib\extralibs\bin"
      String[9] = "C:\Program Files\Haskell Platform\8.6.5\bin"
      String[10] = "C:\Program Files (x86)\Common Files\Oracle\Java\javapath"
      String[11] = "C:\Windows\system32"
      String[12] = "C:\Windows"
      String[13] = "C:\Windows\System32\Wbem"
      String[14] = "C:\Windows\System32\WindowsPowerShell\v1.0\"
      String[15] = "C:\Windows\System32\OpenSSH\"
      String[16] = "C:\Program Files\Haskell Platform\8.6.5\mingw\bin"
      String[17] = "C:\Users\xcode_this\AppData\Roaming\cabal\bin"
      String[18] = "C:\Users\xcode_this\AppData\Roaming\local\bin"
      String[19] = "C:\Users\xcode_this\AppData\Local\Microsoft\WindowsApps"
      String[20] = "D:\devel\tools\eclipse"
      String[21] = "."
      String[22] = "."
    sys_paths = class java.lang.String[1]
      String[0] = "C:\Program Files\Java\jre1.8.0_211\bin"
    assertionLock = class com.ibm.ws.classloading.internal.AppClassLoader@20a4ab71
    defaultAssertionStatus = false
    packageAssertionStatus = null
    classAssertionStatus = null
  moduleMetaData = class com.ibm.ws.webcontainer.osgi.metadata.WebModuleMetaDataImpl@28b3e32d
    applicationMetaData = class com.ibm.ws.container.service.app.deploy.internal.ApplicationMetaDataImpl@57ab0dac
    j2eeName = class com.ibm.ws.container.service.metadata.internal.J2EENameImpl@50fb7d59
      serialVersionUID = 7488184044073147667
      application = "testingPrimefaces"
      module = "testingPrimefaces.war"
      component = null
      string = null
      j2eeNameBytes = null
      $$$tc$$$ = class com.ibm.websphere.ras.TraceComponent@769bebb
    wccmd = class com.ibm.ws.webcontainer.osgi.metadata.WebCollaboratorComponentMetaDataImpl@5fb2dc87
      j2eeName = null
      webModuleMetaData = class com.ibm.ws.webcontainer.osgi.metadata.WebModuleMetaDataImpl@28b3e32d
      tc = class com.ibm.websphere.ras.TraceComponent@26f4f961
      NUM_STATIC_SLOTS = 4
      ID_UNINITIALIZED = -1
      id = -1
      metaDataInterface = class java.lang.Class@42f225db
      staticSlots = class java.lang.Object[4]
      dynamicSlots = null
    securityMetaData = class com.ibm.ws.webcontainer.security.metadata.SecurityServletConfiguratorHelper@25d2f73a
      AUTH_METHOD_KEY = "auth-method"
      FORM_LOGIN_CONFIG_KEY = "form-login-config"
      REALM_NAME_KEY = "realm-name"
      LOGIN_CONFIG_KEY = "login-config"
      RUN_AS_KEY = "run-as"
      SERVLET_NAME_KEY = "servlet-name"
      SERVLET_KEY = "servlet"
      SECURITY_CONSTRAINT_KEY = "security-constraint"
      AUTH_CONSTRAINT_KEY = "auth-constraint"
      USER_DATA_CONSTRAINT_KEY = "user-data-constraint"
      DENY_UNCOVERED_HTTP_METHODS_KEY = "deny-uncovered-http-methods"
      SYNC_TO_OS_THREAD_ENV_ENTRY_KEY = "com.ibm.websphere.security.SyncToOSThread"
      ROLES_ALLOWED = "javax.annotation.security.RolesAllowed"
      tc = class com.ibm.websphere.ras.TraceComponent@7e4c563f
      configurator = null
      ALL_ROLES_MARKER = "*"
      securityConstraintCollection = class com.ibm.ws.webcontainer.security.metadata.SecurityConstraintCollectionImpl@28185dfa
      loginConfiguration = class com.ibm.ws.webcontainer.security.metadata.LoginConfigurationImpl@63be00b3
      allRoles = class java.util.ArrayList@407f0141
      securityRoleRefsByServlet = class java.util.HashMap@12c60270
      urlPatternToServletName = class java.util.HashMap@785b6a5f
      servletNameToRunAsRole = class java.util.HashMap@6b73567f
      syncToOSThread = false
      denyUncoveredHttpMethods = false
      serialVersionUID = 3937804347548930695
    annotatedSecurityMetaData = null
    webAppConfig = class com.ibm.ws.webcontainer.osgi.webapp.WebAppConfiguration@1fae289e
      webModuleMetaData = class com.ibm.ws.webcontainer.osgi.metadata.WebModuleMetaDataImpl@28b3e32d
      webComponentMetaData = class com.ibm.ws.webcontainer.osgi.metadata.WebComponentMetaDataImpl@7e166f6c
      dVirtualHost = null
      orderedLibPaths = class java.util.Collections$UnmodifiableRandomAccessList@51b85bac
      bundleHeaders = null
      cdiEnabled = false
      CLASS_NAME = "com.ibm.ws.webcontainer.webapp.WebAppConfiguration"
      logger = class com.ibm.ws.logging.internal.WsLogger@38e89662
      tc = class com.ibm.websphere.ras.TraceComponent@2e4b53b0
      nls = class com.ibm.ejs.ras.TraceNLS@75c8e31c
      version = 30
      contextRoot = "/testingPrimefaces"
      isDefaultContextRootUsed = true
      sessionTimeout = -1
      moduleSessionTimeoutSet = true
      moduleSessionTrackingModeSet = false
      sessionCookieConfig = null
      hasProgrammaticCookieConfig = false
      sessionDefaultTrackingModeSet = null
      sessionManagerConfig = null
      displayName = "testingPrimefaces"
      description = null
      reloadInterval = 0
      distributable = false
      denyUncoveredHttpMethods = false
      reloadingEnabled = false
      serveServletsByClassnameEnabled = null
      defaultErrorPage = null
      additionalClassPath = null
      fileServingEnabled = null
      directoryBrowsingEnabled = null
      autoRequestEncoding = false
      autoResponseEncoding = false
      autoLoadFilters = false
      requestListeners = null
      requestAttributeListeners = null
      sessionListeners = null
      localeMap = null
      moduleName = "testingPrimefaces"
      j2eeModuleName = "testingPrimefaces.war"
      moduleId = null
      isSyncToThreadEnabled = false
      encodeDispatchedRequestURI = false
      isSystemApp = false
      ardEnabled = false
      ardDispatchType = null
      listeners = class java.util.ArrayList@663ea332
      welcomeFileList = class java.util.ArrayList@3ed675dd
      servletMappings = class java.util.HashMap@4271bfe3
      lastIndexBeforeDeclaredFilters = 0
      filterMappings = class java.util.ArrayList@701364b2
      servletInfo = class java.util.concurrent.ConcurrentHashMap@63a76eb1
      filterInfo = class java.util.HashMap@6ed28785
      mimeMappings = class java.util.HashMap@2193a31b
      mimeFilters = null
      isMimeFilteringEnabled = false
      theWebGroup = null
      jspAttributes = null
      fileServingAttributes = class java.util.HashMap@4ace756f
      invokerAttributes = class java.util.HashMap@12445861
      contextParams = class java.util.HashMap@68500b03
      virtualHost = null
      exceptionErrorPages = class java.util.HashMap@54e7f669
      codeErrorPages = class java.util.HashMap@6d3b9497
      tagLibList = null
      precompileJsps = false
      webApp = class com.ibm.ws.webcontainer40.osgi.webapp.WebApp40@5d0c5e01
      virtualHostList = class java.util.Collections$EmptyList@38738dd5
      appStartupWeight = 0
      moduleStartupWeight = 0
      metaDataComplete = false
      classesToScan = class java.util.ArrayList@35ec4eb0
      uriFilterMappingInfos = null
      servletFilterMappingInfos = null
      dynamicServletRegistrationMap = null
      applicationName = "testingPrimefaces"
      libBinPathList = null
      webXmlDefinedListeners = class java.util.HashSet@5ed3b2da
      allRefs = class java.util.EnumMap@6f7d1abb
      allRefBindings = class java.util.EnumMap@50bead03
      envEntryValues = null
      resourceRefConfigList = null
      disallowAllFileServingProp = "false"
      disallowServeServletsByClassnameProp = "true"
      disableStaticMappingCache = false
      jspCachedLocations = null
      primedSTSHeader = "NoValue"
      enablemultireadofpostdata = false
      requestEncoding = null
      responseEncoding = null
      NULLSERVLETNAME = "com.ibm.ws.webcontainer.NullServletName"
      _id = "WebAppGeneratedId10"
      _attributes = null
      serialVersionUID = 7511545662945734886
      $$$tc$$$ = class com.ibm.websphere.ras.TraceComponent@16a77ee1
    _isServlet23OrHigher = false
    jspComponentMetaData = class com.ibm.ws.jsp.runtime.metadata.JspComponentMetaData@14349f87
      looseLibs = null
      servletEngineReloadEnabled = true
      servlet2_2 = false
      servletEngineReloadInterval = 5000
      applicationDisplayName = "testingPrimefaces"
      syncToThread = false
      serialVersionUID = -1725832635735780667
      $$$tc$$$ = class com.ibm.websphere.ras.TraceComponent@27fcb1c8
      jspPropertyGroups = class java.util.Collections$EmptyList@38738dd5
      jspTaglibs = class java.util.Collections$EmptyMap@2af7cac8
    sessionCookieNameInUse = null
    mBeanServiceReg = null
    tc = class com.ibm.websphere.ras.TraceComponent@26f4f961
      strings[0] = "TraceComponent[com.ibm.ws.runtime.metadata.MetaDataImpl,class com.ibm.ws.runtime.metadata.MetaDataImpl,[Runtime],null,null]"
    NUM_STATIC_SLOTS = 4
    ID_UNINITIALIZED = -1
    id = -1
    metaDataInterface = class java.lang.Class@6ff268da
      ANNOTATION = 8192
      ENUM = 16384
      SYNTHETIC = 4096
      cachedConstructor = null
      newInstanceCallerCache = null
      name = null
      allPermDomain = class java.security.ProtectionDomain@490095c3
      useCaches = true
      reflectionData = null
      classRedefinedCount = 0
      genericInfo = null
      serialVersionUID = 3206093459760846163
      serialPersistentFields = class java.io.ObjectStreamField[0]
      reflectionFactory = class sun.reflect.ReflectionFactory@5076c386
      initted = true
      enumConstants = null
      enumConstantDirectory = null
      annotationData = null
      annotationType = null
      classValueMap = null
    staticSlots = class java.lang.Object[4]
      Object[0] = null
      Object[1] = class com.ibm.ws.injectionengine.osgi.internal.OSGiInjectionScopeData@2eb19977
      Object[2] = null
      Object[3] = null
    dynamicSlots = null
  nestedModuleMetaDataTypes = null
  nestedModuleMetaDataValues = null
  serialVersionUID = 3986734351620206554

