------Start of DE processing------ = [7/05/19 14:13:00:825 PET]
Exception = com.ibm.ws.container.service.state.StateChangeException
Source = com.ibm.ws.app.manager.module.internal.DeployedAppInfoBase
probeid = 385
Stack Dump = com.ibm.ws.container.service.state.StateChangeException: org.jboss.weld.resources.spi.ResourceLoadingException: Exception while loading class view.teacher.TeacherService
	at com.ibm.ws.container.service.state.internal.ApplicationStateManager.fireStarting(ApplicationStateManager.java:32)
	at com.ibm.ws.container.service.state.internal.StateChangeServiceImpl.fireApplicationStarting(StateChangeServiceImpl.java:50)
	at com.ibm.ws.app.manager.module.internal.DeployedAppInfoBase.preDeployApp(DeployedAppInfoBase.java:384)
	at com.ibm.ws.app.manager.module.internal.DeployedAppInfoBase.deployApp(DeployedAppInfoBase.java:413)
	at com.ibm.ws.app.manager.war.internal.WARApplicationHandlerImpl.install(WARApplicationHandlerImpl.java:65)
	at com.ibm.ws.app.manager.internal.statemachine.StartAction.execute(StartAction.java:140)
	at com.ibm.ws.app.manager.internal.statemachine.ApplicationStateMachineImpl.enterState(ApplicationStateMachineImpl.java:1261)
	at com.ibm.ws.app.manager.internal.statemachine.ApplicationStateMachineImpl.performAction(ApplicationStateMachineImpl.java:1129)
	at com.ibm.ws.app.manager.internal.statemachine.ApplicationStateMachineImpl.run(ApplicationStateMachineImpl.java:884)
	at com.ibm.ws.threading.internal.ExecutorServiceImpl$RunnableWrapper.run(ExecutorServiceImpl.java:239)
	at java.base/java.util.concurrent.ThreadPoolExecutor.runWorker(ThreadPoolExecutor.java:1128)
	at java.base/java.util.concurrent.ThreadPoolExecutor$Worker.run(ThreadPoolExecutor.java:628)
	at java.base/java.lang.Thread.run(Thread.java:835)
Caused by: org.jboss.weld.resources.spi.ResourceLoadingException: Exception while loading class view.teacher.TeacherService
	at org.jboss.weld.resources.ClassTransformer.getBackedAnnotatedType(ClassTransformer.java:181)
	at org.jboss.weld.resources.ClassTransformer.getBackedAnnotatedType(ClassTransformer.java:194)
	at org.jboss.weld.module.ejb.EjbSupportImpl.createSessionBean(EjbSupportImpl.java:139)
	at org.jboss.weld.module.ejb.EjbSupportImpl.createSessionBeans(EjbSupportImpl.java:124)
	at org.jboss.weld.bootstrap.ConcurrentBeanDeployer.createClassBeans(ConcurrentBeanDeployer.java:73)
	at org.jboss.weld.bootstrap.BeanDeployment.createBeans(BeanDeployment.java:256)
	at org.jboss.weld.bootstrap.WeldStartup.deployBeans(WeldStartup.java:438)
	at org.jboss.weld.bootstrap.WeldBootstrap.deployBeans(WeldBootstrap.java:86)
	at com.ibm.ws.cdi.impl.CDIContainerImpl.startInitialization(CDIContainerImpl.java:151)
	at com.ibm.ws.cdi.liberty.CDIRuntimeImpl.applicationStarting(CDIRuntimeImpl.java:438)
	at com.ibm.ws.container.service.state.internal.ApplicationStateManager.fireStarting(ApplicationStateManager.java:28)
	... 12 more
Caused by: java.lang.TypeNotPresentException: Type Student not present
	at java.base/sun.reflect.generics.factory.CoreReflectionFactory.makeNamedType(CoreReflectionFactory.java:117)
	at java.base/sun.reflect.generics.visitor.Reifier.visitClassTypeSignature(Reifier.java:125)
	at java.base/sun.reflect.generics.tree.ClassTypeSignature.accept(ClassTypeSignature.java:49)
	at java.base/sun.reflect.generics.visitor.Reifier.reifyTypeArguments(Reifier.java:68)
	at java.base/sun.reflect.generics.visitor.Reifier.visitClassTypeSignature(Reifier.java:138)
	at java.base/sun.reflect.generics.tree.ClassTypeSignature.accept(ClassTypeSignature.java:49)
	at java.base/sun.reflect.generics.repository.MethodRepository.computeReturnType(MethodRepository.java:75)
	at java.base/sun.reflect.generics.repository.MethodRepository.getReturnType(MethodRepository.java:66)
	at java.base/java.lang.reflect.Method.getGenericReturnType(Method.java:292)
	at org.jboss.weld.annotated.slim.backed.BackedAnnotatedMethod.<init>(BackedAnnotatedMethod.java:29)
	at org.jboss.weld.annotated.slim.backed.BackedAnnotatedMethod.of(BackedAnnotatedMethod.java:25)
	at org.jboss.weld.annotated.slim.backed.BackedAnnotatedType$BackedAnnotatedMethods.computeValue(BackedAnnotatedType.java:198)
	at org.jboss.weld.annotated.slim.backed.BackedAnnotatedType$BackedAnnotatedMethods.computeValue(BackedAnnotatedType.java:191)
	at org.jboss.weld.util.LazyValueHolder.get(LazyValueHolder.java:46)
	at org.jboss.weld.annotated.slim.backed.BackedAnnotatedType$EagerlyInitializedLazyValueHolder.<init>(BackedAnnotatedType.java:159)
	at org.jboss.weld.annotated.slim.backed.BackedAnnotatedType$BackedAnnotatedMethods.<init>(BackedAnnotatedType.java:191)
	at org.jboss.weld.annotated.slim.backed.BackedAnnotatedType$BackedAnnotatedMethods.<init>(BackedAnnotatedType.java:191)
	at org.jboss.weld.annotated.slim.backed.BackedAnnotatedType.<init>(BackedAnnotatedType.java:66)
	at org.jboss.weld.annotated.slim.backed.BackedAnnotatedType.of(BackedAnnotatedType.java:47)
	at org.jboss.weld.resources.ClassTransformer$TransformClassToBackedAnnotatedType.apply(ClassTransformer.java:84)
	at org.jboss.weld.resources.ClassTransformer$TransformClassToBackedAnnotatedType.apply(ClassTransformer.java:79)
	at org.jboss.weld.util.cache.ReentrantMapBackedComputingCache.lambda$null$0(ReentrantMapBackedComputingCache.java:55)
	at org.jboss.weld.util.WeakLazyValueHolder$1.computeValue(WeakLazyValueHolder.java:35)
	at org.jboss.weld.util.WeakLazyValueHolder.get(WeakLazyValueHolder.java:53)
	at org.jboss.weld.util.cache.ReentrantMapBackedComputingCache.getValue(ReentrantMapBackedComputingCache.java:72)
	at org.jboss.weld.util.cache.ReentrantMapBackedComputingCache.getCastValue(ReentrantMapBackedComputingCache.java:78)
	at org.jboss.weld.resources.ClassTransformer.getBackedAnnotatedType(ClassTransformer.java:177)
	... 22 more
Caused by: java.lang.ClassNotFoundException: Student
	at com.ibm.ws.classloading.internal.AppClassLoader.findClassCommonLibraryClassLoaders(AppClassLoader.java:544)
	at com.ibm.ws.classloading.internal.AppClassLoader.findClass(AppClassLoader.java:286)
	at java.base/java.lang.ClassLoader.loadClass(ClassLoader.java:588)
	at com.ibm.ws.classloading.internal.AppClassLoader.findOrDelegateLoadClass(AppClassLoader.java:522)
	at com.ibm.ws.classloading.internal.AppClassLoader.loadClass(AppClassLoader.java:482)
	at java.base/java.lang.ClassLoader.loadClass(ClassLoader.java:521)
	at java.base/java.lang.Class.forName0(Native Method)
	at java.base/java.lang.Class.forName(Class.java:415)
	at java.base/sun.reflect.generics.factory.CoreReflectionFactory.makeNamedType(CoreReflectionFactory.java:114)
	... 48 more

Dump of callerThis
Object type = com.ibm.ws.app.manager.war.internal.WARDeployedAppInfo
  CONTEXT_ROOT = "context-root"
  webModuleHandler = class com.ibm.ws.app.manager.web.internal.WebModuleHandlerImpl@22a3fff7
    serialVersionUID = 4795602325763828210
    $$$tc$$$ = class com.ibm.websphere.ras.TraceComponent@25eb4fc3
      strings[0] = "TraceComponent[com.ibm.ws.app.manager.web.internal.WebModuleHandlerImpl,class com.ibm.ws.app.manager.web.internal.WebModuleHandlerImpl,[webcontainer, applications, app.manager],com.ibm.ws.app.manager.war.internal.resources.Messages,null]"
    futureMonitor = class com.ibm.ws.threading.internal.FutureMonitorImpl@5a800dff
    metaDataService = class com.ibm.ws.container.service.metadata.internal.MetaDataServiceImpl@256d0a82
    stateChangeService = class com.ibm.ws.container.service.state.internal.StateChangeServiceImpl@6b7ca
    moduleRuntimeContainer = class com.ibm.ws.webcontainer.osgi.WebContainer@60894772
      tc = class com.ibm.websphere.ras.TraceComponent@3e94a25f
      CLASS_NAME = "com.ibm.ws.webcontainer.osgi.WebContainer"
      initialized = true
      eventService = class com.ibm.ws.event.internal.EventEngineImpl@6345e096
      futureMonitor = class com.ibm.ws.threading.internal.FutureMonitorImpl@5a800dff
      classLoadingSRRef = class com.ibm.wsspi.kernel.service.utils.AtomicServiceReference@1ff64fea
      sessionHelperSRRef = class com.ibm.wsspi.kernel.service.utils.AtomicServiceReference@606f9e64
      cacheManagerSRRef = class com.ibm.wsspi.kernel.service.utils.AtomicServiceReference@73049433
      injectionEngineSRRef = class com.ibm.wsspi.kernel.service.utils.AtomicServiceReference@3f899b95
      managedObjectServiceSRRef = class com.ibm.wsspi.kernel.service.utils.AtomicServiceReference@12ad0a91
      backgroundWebAppStartFutures = class com.ibm.ws.webcontainer.util.OneTimeUseArrayList@e2d3a1e
      REFERENCE_WEB_MBEAN_RUNTIME = "webMBeanRuntime"
      webMBeanRuntimeServiceRef = class com.ibm.wsspi.kernel.service.utils.AtomicServiceReference@595f82e4
      servletContainerInitializers = class com.ibm.wsspi.kernel.service.utils.ConcurrentServiceReferenceSet@2a79ef69
      es = class com.ibm.ws.threading.internal.ExecutorServiceImpl@7a5220f7
      locationServiceRef = class java.util.concurrent.atomic.AtomicReference@507a9135
      transferContextServiceRef = class com.ibm.wsspi.kernel.service.utils.ConcurrentServiceReferenceSet@3760bcee
      encodingServiceRef = class java.util.concurrent.atomic.AtomicReference@128d5044
      instance = class java.util.concurrent.atomic.AtomicReference@776ae7db
      vhostManager = class com.ibm.ws.webcontainer.osgi.DynamicVirtualHostManager@739d233a
      metaDataService = class com.ibm.ws.container.service.metadata.internal.MetaDataServiceImpl@256d0a82
      j2eeNameFactory = class com.ibm.ws.container.service.metadata.internal.J2EENameFactoryImpl@4128666b
      context = class org.apache.felix.scr.impl.manager.ComponentContextImpl@39df117a
      contextRoots = class java.util.Collections$SynchronizedSet@19ab6da5
      pendingContextRoots = class java.util.HashMap@3b50959
      deployedModuleMap = class java.util.concurrent.ConcurrentHashMap@1ac2c7a
      connContextPool = class com.ibm.ws.webcontainer40.osgi.srt.factory.SRTConnectionContextPool40Impl@40b9b9f4
      DEFAULT_PORT = "*"
      DEFAULT_VHOST_NAME = "default_host"
      cachedServerInfo = "IBM WebSphere Liberty/19.0.0.3"
      lock = class com.ibm.ws.webcontainer.osgi.WebContainer$1@2bd3203
      webAppFactory = class com.ibm.ws.webcontainer40.osgi.webapp.factory.WebAppFactory40Impl@29e91ccc
      requestFactory = class com.ibm.ws.webcontainer40.osgi.response.factory.IRequestResponseFactory40Impl@49462a77
      responseFactory = class com.ibm.ws.webcontainer40.osgi.response.factory.IRequestResponseFactory40Impl@49462a77
      asyncContextFactory = class com.ibm.ws.webcontainer40.async.factory.AsyncContextFactory40Impl@44bd4cb2
      DEFAULT_MAX_VERSION = 30
      versionRef = class org.eclipse.osgi.internal.serviceregistry.ServiceReferenceImpl@2ffb530c
      serverStopping = class com.ibm.ws.staticvalue.StaticValue$FinalSingleton@4e953543
      modulesStarting = 0
      uriMatcherFactory = class com.ibm.wsspi.webcontainer40.util.factory.URIMatcherFactory40Impl@36f8ab74
      SPEC_LEVEL_UNLOADED = -1
      SPEC_LEVEL_30 = 30
      SPEC_LEVEL_31 = 31
      SPEC_LEVEL_40 = 40
      DEFAULT_SPEC_LEVEL = 30
      loadedContainerSpecLevel = 40
      ISO = "ISO-8859-1"
      encoding = "UTF-8"
      decode = true
      wcconfig = class com.ibm.ws.webcontainer.osgi.WebContainerConfiguration@6d18fafb
      applicationListeners = class java.util.ArrayList@a40f536
      servletListeners = class java.util.ArrayList@79904c01
      servletErrorListeners = class java.util.ArrayList@14bd0267
      servletInvocationListeners = class java.util.ArrayList@3e58ed29
      filterInvocationListeners = class java.util.ArrayList@333c4691
      filterErrorListeners = class java.util.ArrayList@48b7e4b3
      filterListeners = class java.util.ArrayList@34e569f8
      servletRequestListeners = class java.util.ArrayList@4d2dfbe8
      servletRequestAttributeListeners = class java.util.ArrayList@1c742412
      servletContextListeners = class java.util.ArrayList@6b91d953
      servletContextAttributeListeners = class java.util.ArrayList@7424c770
      sessionListeners = class java.util.ArrayList@567490a7
      sessionIdListeners = class java.util.ArrayList@6b1d7acf
      sessionAttributeListeners = class java.util.ArrayList@e236dbe
      DEFAULT_HOST = "default_host"
      _initialized = true
      logger = class com.ibm.ws.logging.internal.WsLogger@5cee344d
      CLASS_NAME = "com.ibm.ws.webcontainer.internal.WebContainer"
      nls = class com.ibm.ejs.ras.TraceNLS@2eed76df
      self = class java.util.concurrent.atomic.AtomicReference@2ea6bacf
      _cipherToBit = class java.util.HashMap@3bfd7c38
      cacheKeyStringBuilder = class com.ibm.ws.util.WSThreadLocal@161c7b56
      listenersInitialized = true
      webConProperties = class java.util.Properties@5302acc4
      sessionRegistry = null
      isStopped = false
      readWriteLockForStopping = class java.util.concurrent.locks.ReentrantReadWriteLock@48e914a9
      urlPrefix = ";jsessionid="
      extensionFactories = class java.util.ArrayList@18a5ad30
      postInitExtensionFactories = null
      httpResponseListeners = class java.util.ArrayList@6d96b3b9
      servletContainerInitializers = class java.util.ServiceLoader@2bb45643
      auditManager = class com.ibm.websphere.security.audit.context.AuditManager@2b7843c0
      invocationCacheSize = 500
      decodePlusSign = true
      _cacheMap = class java.util.concurrent.ConcurrentHashMap@1e01b7b2
      _cacheSize = class java.util.concurrent.atomic.AtomicInteger@46d2c4b0
      vHostCompatFlag = false
      platformHelper = class com.ibm.ws.webcontainer.PlatformHelper@4f5d9467
      isDefaultTempDir = true
      tempDir = null
      servletCachingInitNeeded = true
      appInstallBegun = true
      cacheServletWrapperFactory = class com.ibm.ws.webcontainer40.servlet.factory.CacheServletWrapperFactory40Impl@2652b80f
      commands = class java.util.ArrayList@35fd2750
      requestMapper = class com.ibm.ws.webcontainer.util.VirtualHostContextRootMapper@655a921b
      parent = null
      name = "Was.webcontainer"
      isAlive = true
      subElements = class java.util.HashMap@4607cc7b
      attributes = null
      config = null
      serialVersionUID = -8271459000149267764
      $$$tc$$$ = class com.ibm.websphere.ras.TraceComponent@b23e820
    firstFailure = null
    serialVersionUID = -4563697739413190872
    $$$tc$$$ = class com.ibm.websphere.ras.TraceComponent@46967d0c
      strings[0] = "TraceComponent[com.ibm.ws.app.manager.module.internal.ModuleHandlerBase,class com.ibm.ws.app.manager.module.internal.ModuleHandlerBase,[applications, app.manager],,null]"
  webContainerModuleInfo = class com.ibm.ws.app.manager.module.internal.SimpleDeployedAppInfoBase$WebModuleContainerInfo@1ab432c7
    contextRoot = null
    defaultContextRoot = "test"
    serialVersionUID = -8158961796913348204
    $$$tc$$$ = class com.ibm.websphere.ras.TraceComponent@4eea08d0
      strings[0] = "TraceComponent[com.ibm.ws.app.manager.module.internal.SimpleDeployedAppInfoBase$WebModuleContainerInfo,class com.ibm.ws.app.manager.module.internal.SimpleDeployedAppInfoBase$WebModuleContainerInfo,[applications, app.manager],,null]"
    moduleHandler = class com.ibm.ws.app.manager.web.internal.WebModuleHandlerImpl@22a3fff7
    moduleMetaDataExtenders = class java.util.concurrent.CopyOnWriteArrayList@3fe88c92
      serialVersionUID = 8673264195747942595
      lock = class java.lang.Object@196370e1
      array = class java.lang.Object[3]
    nestedModuleMetaDataFactories = class java.util.concurrent.CopyOnWriteArrayList@5f4f265e
      serialVersionUID = 8673264195747942595
      lock = class java.lang.Object@23e8da37
      array = class java.lang.Object[1]
    nestedModules = null
    moduleName = "test"
    moduleDD = class com.ibm.ws.javaee.ddmodel.web.common.WebAppType@2ccb66d8
      version = class com.ibm.ws.javaee.ddmodel.TokenType@184a3c68
      metadata_complete = null
      module_name = null
      absolute_ordering = null
      serialVersionUID = 4092807504738198665
      $$$tc$$$ = class com.ibm.websphere.ras.TraceComponent@4380afa7
      description = null
      display_name = null
      icon = null
      distributable = null
      context_param = class com.ibm.ws.javaee.ddmodel.common.ParamValueType$ListType@5cd8f6b3
      filter = null
      filter_mapping = null
      listener = null
      servlet = class com.ibm.ws.javaee.ddmodel.web.common.ServletType$ListType@65859c15
      servlet_mapping = class com.ibm.ws.javaee.ddmodel.web.common.ServletMappingType$ListType@fbde62f
      session_config = class com.ibm.ws.javaee.ddmodel.web.common.SessionConfigType@4cf96442
      mime_mapping = class com.ibm.ws.javaee.ddmodel.web.common.MimeMappingType$ListType@578f6e00
      welcome_file_list = class com.ibm.ws.javaee.ddmodel.web.common.WelcomeFileListType@1ea335d0
      error_page = class com.ibm.ws.javaee.ddmodel.web.common.ErrorPageType$ListType@7ecf24b5
      jsp_config = null
      security_constraint = null
      deny_uncovered_http_methods = null
      login_config = null
      security_role = null
      message_destination = null
      locale_encoding_mapping_list = null
      default_context_path = null
      request_encoding = null
      response_encoding = null
      servletNameToServletMap = null
      filterNameToFilterMap = null
      ejbRefNameToEJBLocalRefMap = null
      ejbRefNameToEJBRefMap = null
      resourceEnvRefNameToResourceEnvRefMap = null
      messageDestinationRefNameToMessageDestinationRefMap = null
      resRefNameToResourceRefMap = null
      envEntryNameToEnvEntryMap = null
      roleNameToSecurityRoleMap = null
      roleLinkToSecurityRoleRefMap = null
      handlerNameToHandlerMap = null
      path = "WEB-INF/web.xml"
      idMap = class com.ibm.ws.javaee.ddmodel.DDParser$ComponentIDMap@7993945a
      serialVersionUID = 5321339975883512588
      $$$tc$$$ = class com.ibm.websphere.ras.TraceComponent@36d961a0
      post_construct = null
      pre_destroy = null
      serialVersionUID = 1102064201943992836
      $$$tc$$$ = class com.ibm.websphere.ras.TraceComponent@3889a4b8
      env_entry = null
      ejb_ref = null
      ejb_local_ref = null
      resource_ref = null
      resource_env_ref = null
      message_destination_ref = null
      persistence_context_ref = null
      persistence_unit_ref = null
      data_source = null
      jms_connection_factory = null
      jms_destination = null
      mail_session = null
      connection_factory = null
      administered_object = null
      serialVersionUID = 8931982405528922228
      $$$tc$$$ = class com.ibm.websphere.ras.TraceComponent@5050492a
      service_ref = null
      serialVersionUID = -6199862059825607270
      $$$tc$$$ = class com.ibm.websphere.ras.TraceComponent@7503a64e
      nilled = false
      serialVersionUID = -2826386306561723362
      $$$tc$$$ = class com.ibm.websphere.ras.TraceComponent@73526bcd
    moduleInfo = class com.ibm.ws.app.manager.module.internal.WebModuleInfoImpl@5759cb29
      contextRoot = "/test"
      isDefaultContextRootUsed = true
      serialVersionUID = -1540279394520440503
      $$$tc$$$ = class com.ibm.websphere.ras.TraceComponent@7e691201
      tc = class com.ibm.websphere.ras.TraceComponent@5a7a795b
      appInfo = class com.ibm.ws.container.service.app.deploy.internal.ApplicationInfoImpl@153dbca6
      moduleName = "test"
      path = "test.war"
      moduleContainer = class com.ibm.ws.adaptable.module.internal.AdaptableContainerImpl@d900415
      altDDEntry = null
      moduleClassesContainers = class java.util.ArrayList@46d2f420
      classLoaderFactory = class com.ibm.ws.app.manager.war.internal.WARDeployedAppInfo@6c6185f6
      containerInfoType = class com.ibm.ws.container.service.app.deploy.ContainerInfo$Type@3da5631a
      classLoader = class com.ibm.ws.classloading.internal.AppClassLoader@2b84238e
      moduleMetaData = class com.ibm.ws.webcontainer.osgi.metadata.WebModuleMetaDataImpl@1cc25d3f
      nestedModuleMetaDataTypes = class java.util.ArrayList@3ea88448
      nestedModuleMetaDataValues = class java.util.ArrayList@27a75f4a
      serialVersionUID = 3986734351620206554
    serialVersionUID = 8693907776607441911
    $$$tc$$$ = class com.ibm.websphere.ras.TraceComponent@61198848
      strings[0] = "TraceComponent[com.ibm.ws.app.manager.module.internal.SimpleDeployedAppInfoBase$ModuleContainerInfoBase,class com.ibm.ws.app.manager.module.internal.SimpleDeployedAppInfoBase$ModuleContainerInfoBase,[applications, app.manager],,null]"
    type = class com.ibm.ws.container.service.app.deploy.ContainerInfo$Type@3da5631a
      MANIFEST_CLASSPATH = class com.ibm.ws.container.service.app.deploy.ContainerInfo$Type@1245af9f
      WEB_INF_CLASSES = class com.ibm.ws.container.service.app.deploy.ContainerInfo$Type@770ab40e
      WEB_INF_LIB = class com.ibm.ws.container.service.app.deploy.ContainerInfo$Type@39ca902d
      EAR_LIB = class com.ibm.ws.container.service.app.deploy.ContainerInfo$Type@54e470b7
      WEB_MODULE = class com.ibm.ws.container.service.app.deploy.ContainerInfo$Type@3da5631a
      EJB_MODULE = class com.ibm.ws.container.service.app.deploy.ContainerInfo$Type@6be214e3
      CLIENT_MODULE = class com.ibm.ws.container.service.app.deploy.ContainerInfo$Type@49ea7755
      RAR_MODULE = class com.ibm.ws.container.service.app.deploy.ContainerInfo$Type@24ccddbd
      JAR_MODULE = class com.ibm.ws.container.service.app.deploy.ContainerInfo$Type@53da605b
      SHARED_LIB = class com.ibm.ws.container.service.app.deploy.ContainerInfo$Type@28e433cf
      $VALUES = class com.ibm.ws.container.service.app.deploy.ContainerInfo$Type[10]
      $$$tc$$$ = class com.ibm.websphere.ras.TraceComponent@3f734570
      name = "WEB_MODULE"
      ordinal = 4
    name = "test.war"
    container = class com.ibm.ws.adaptable.module.internal.AdaptableContainerImpl@d900415
      root = class com.ibm.ws.adaptable.module.internal.AdaptableContainerImpl@d900415
      rootOverlay = class com.ibm.ws.artifact.overlay.internal.DirectoryBasedOverlayContainerImpl@441581de
      factoryHolder = class com.ibm.ws.adaptable.module.internal.AdaptableModuleFactoryImpl@773ee252
      delegate = class com.ibm.ws.artifact.overlay.internal.DirectoryBasedOverlayContainerImpl@441581de
      notifier = class com.ibm.ws.adaptable.module.internal.NotifierImpl@42087bf6
      serialVersionUID = -5621513278641113667
      $$$tc$$$ = class com.ibm.websphere.ras.TraceComponent@590714b7
    altDDEntry = null
    classesContainerInfo = class java.util.ArrayList@46d2f420
      serialVersionUID = 8683452581122892189
      DEFAULT_CAPACITY = 10
      EMPTY_ELEMENTDATA = class java.lang.Object[0]
      DEFAULTCAPACITY_EMPTY_ELEMENTDATA = class java.lang.Object[0]
      elementData = class java.lang.Object[10]
      size = 4
      MAX_ARRAY_SIZE = 2147483639
      modCount = 5
      MAX_ARRAY_SIZE = 2147483639
    serialVersionUID = 7427332431485745589
    $$$tc$$$ = class com.ibm.websphere.ras.TraceComponent@35082fd5
      strings[0] = "TraceComponent[com.ibm.ws.app.manager.module.internal.SimpleDeployedAppInfoBase$ExtendedContainerInfo,class com.ibm.ws.app.manager.module.internal.SimpleDeployedAppInfoBase$ExtendedContainerInfo,[applications, app.manager],,null]"
  DYNAMIC_IMPORT_PACKAGE_LIST = class java.util.Collections$UnmodifiableRandomAccessList@4f84d4fe
    serialVersionUID = -2542308836966382001
    serialVersionUID = -283967356065247728
    list = class java.util.Arrays$ArrayList@751e10a6
      serialVersionUID = -2764017481108945198
      a = class java.lang.String[1]
      modCount = 0
      MAX_ARRAY_SIZE = 2147483639
    serialVersionUID = 1820017752578914078
    c = class java.util.Arrays$ArrayList@751e10a6
  serialVersionUID = -6153587016903242961
  $$$tc$$$ = class com.ibm.websphere.ras.TraceComponent@8b4277c
    strings[0] = "TraceComponent[com.ibm.ws.app.manager.war.internal.WARDeployedAppInfo,class com.ibm.ws.app.manager.war.internal.WARDeployedAppInfo,[webcontainer, applications, app.manager],com.ibm.ws.app.manager.war.internal.resources.Messages,null]"
  _tc = class com.ibm.websphere.ras.TraceComponent@2ea5d2bb
    strings[0] = "TraceComponent[com.ibm.ws.app.manager.module.internal.DeployedAppInfoBase,class com.ibm.ws.app.manager.module.internal.DeployedAppInfoBase,[app.manager],com.ibm.ws.app.manager.module.internal.resources.Messages,null]"
  PERMISSION_XML = "permissions.xml"
  applicationInformation = class com.ibm.ws.app.manager.internal.ApplicationInstallInfo@2ed551c1
    _config = class com.ibm.ws.app.manager.internal.ApplicationConfig@1cee9ea5
      tc = class com.ibm.websphere.ras.TraceComponent@52b3ff54
      _configPid = "com.ibm.ws.app.manager_62"
      _config = class com.ibm.ws.config.admin.ConfigurationDictionary@37af6f66
      _applicationManager = class com.ibm.ws.app.manager.ApplicationManager@63de5930
      _location = "test.war"
      _type = "war"
      _name = "test"
      _notificationBroadcasterSupport = class javax.management.NotificationBroadcasterSupport@55017dbd
      ONE_TIME_JANDEX_MSGS_DISPLAYED = true
    _handlerInfo = class java.util.concurrent.atomic.AtomicReference@6ecf2f55
      serialVersionUID = -1848883965231344442
      VALUE = class java.lang.invoke.VarHandleReferences$FieldInstanceReadWrite@5a06bcb3
      value = class com.ibm.ws.app.manager.war.internal.WARDeployedAppInfo@6c6185f6
    _container = class java.util.concurrent.atomic.AtomicReference@43ef347d
      serialVersionUID = -1848883965231344442
      VALUE = class java.lang.invoke.VarHandleReferences$FieldInstanceReadWrite@5a06bcb3
      value = class com.ibm.ws.adaptable.module.internal.AdaptableContainerImpl@d900415
    _resolvedLocation = class java.util.concurrent.atomic.AtomicReference@47b03e98
      serialVersionUID = -1848883965231344442
      VALUE = class java.lang.invoke.VarHandleReferences$FieldInstanceReadWrite@5a06bcb3
      value = class com.ibm.ws.kernel.service.location.internal.LocalFileResource@10f2f7be
    _handler = class com.ibm.ws.app.manager.war.internal.WARApplicationHandlerImpl@2fc39b7d
      futureMonitor = class com.ibm.ws.threading.internal.FutureMonitorImpl@5a800dff
      deployedAppFactory = class com.ibm.ws.app.manager.war.internal.WARDeployedAppInfoFactoryImpl@7012a54a
      serialVersionUID = 4622845147410944782
      $$$tc$$$ = class com.ibm.websphere.ras.TraceComponent@119679cf
    _ami = class java.util.concurrent.atomic.AtomicReference@38e1ac57
      serialVersionUID = -1848883965231344442
      VALUE = class java.lang.invoke.VarHandleReferences$FieldInstanceReadWrite@5a06bcb3
      value = class com.ibm.wsspi.application.handler.DefaultApplicationMonitoringInformation@4bbc4414
    _updateHandler = class com.ibm.ws.app.manager.internal.statemachine.ApplicationStateMachineImpl@2972bea
      _tc = class com.ibm.websphere.ras.TraceComponent@24864a6a
      EMPTY_FUTURE_ARRAY = interface java.util.concurrent.Future[0]
      asmSequenceNumber = class java.util.concurrent.atomic.AtomicLong@186239da
      _qscaCounter = class java.util.concurrent.atomic.AtomicInteger@31626f37
      _failedThrowable = null
      _interruptibleLock = class com.ibm.ws.app.manager.internal.statemachine.ApplicationStateMachineImpl$2@18d711eb
      _interruptible = false
      _performingQueuedActions = true
      _queuedActions = class java.util.concurrent.ConcurrentLinkedQueue@78796932
      _callbackState = class java.util.concurrent.atomic.AtomicReference@71dc330e
      blockAppStartingFutures = class java.util.Collections$SetFromMap@53e5e1d5
      waitingForAppHandlerFuture = class java.util.concurrent.atomic.AtomicReference@731dea0b
      waitingForExplicitStartFuture = class java.util.concurrent.atomic.AtomicReference@401e2da3
      completionListener = class java.util.concurrent.atomic.AtomicReference@504a22ed
      _notifyAppStopped = class java.util.concurrent.ConcurrentLinkedQueue@2c5d8a78
      _notifyAppStarting = class java.util.concurrent.ConcurrentLinkedQueue@308c604a
      _notifyAppInstallCalled = class java.util.concurrent.ConcurrentLinkedQueue@14e20cd
      _notifyAppStarted = class java.util.concurrent.ConcurrentLinkedQueue@122743
      _notifyAppRemoved = class java.util.concurrent.ConcurrentLinkedQueue@405c7373
      _stateLock = class com.ibm.ws.app.manager.internal.statemachine.ApplicationStateMachineImpl$3@1381d502
      _internalState = class java.util.concurrent.atomic.AtomicReference@6339c7f7
      _currentAction = class java.util.concurrent.atomic.AtomicReference@7200dcec
      _rfa = class java.util.concurrent.atomic.AtomicReference@51e4fe34
      _appInstallInfo = class java.util.concurrent.atomic.AtomicReference@4c5018cf
      _update = class java.util.concurrent.atomic.AtomicBoolean@61fb78cd
      _appConfig = class java.util.concurrent.atomic.AtomicReference@15682fa2
      _nextAppConfig = class java.util.concurrent.atomic.AtomicReference@630b6665
      _appContainer = class java.util.concurrent.atomic.AtomicReference@2fd19cab
      _resolvedLocation = class java.util.concurrent.atomic.AtomicReference@1556b48c
      _handler = class java.util.concurrent.atomic.AtomicReference@41178cbb
      _asmSeqNo = 0
      _ctx = class org.eclipse.osgi.internal.framework.BundleContextImpl@71946318
      _locAdmin = class com.ibm.ws.kernel.service.location.internal.WsLocationAdminImpl@7917e2b2
      _futureMonitor = class com.ibm.ws.threading.internal.FutureMonitorImpl@5a800dff
      _artifactFactory = class com.ibm.ws.artifact.internal.ArtifactContainerFactoryService@5b2f9ab7
      _moduleFactory = class com.ibm.ws.adaptable.module.internal.AdaptableModuleFactoryImpl@773ee252
      _executorService = class com.ibm.ws.threading.internal.ExecutorServiceImpl@7a5220f7
      _scheduledExecutorService = class com.ibm.ws.threading.internal.ScheduledExecutorImpl@75d0952
      _asmHelper = class com.ibm.ws.app.manager.internal.ApplicationConfigurator$NamedApplication@4f08603
      _appMonitor = class com.ibm.ws.app.manager.internal.monitor.ApplicationMonitor@41197979
      enterStateCalled = class java.util.concurrent.atomic.AtomicBoolean@1bac6b50
      serialVersionUID = 6511956370079301927
      serialVersionUID = 5501066335104962649
      $$$tc$$$ = class com.ibm.websphere.ras.TraceComponent@37cbe8f9
    serialVersionUID = 2630639237123415755
    $$$tc$$$ = class com.ibm.websphere.ras.TraceComponent@19d4fc45
      strings[0] = "TraceComponent[com.ibm.ws.app.manager.internal.ApplicationInstallInfo,class com.ibm.ws.app.manager.internal.ApplicationInstallInfo,[applications, app.manager],com.ibm.ws.app.manager.internal.resources.AppManagerMessages,null]"
  location = "D:\devel\tools\wlp\usr\servers\defaultServer\apps\test.war.xml"
  classLoadingService = class com.ibm.ws.classloading.internal.ClassLoadingServiceImpl@54df759f
    tc = class com.ibm.websphere.ras.TraceComponent@25140a69
      strings[0] = "TraceComponent[com.ibm.ws.classloading.internal.ClassLoadingServiceImpl,class com.ibm.ws.classloading.internal.ClassLoadingServiceImpl,[ClassLoadingService],com.ibm.ws.classloading.internal.resources.ClassLoadingServiceMessages,null]"
    leakDetectionMap = class java.util.HashMap@742dff9c
      serialVersionUID = 362498820763181265
      DEFAULT_INITIAL_CAPACITY = 16
      MAXIMUM_CAPACITY = 1073741824
      DEFAULT_LOAD_FACTOR = 0.75
      TREEIFY_THRESHOLD = 8
      UNTREEIFY_THRESHOLD = 6
      MIN_TREEIFY_CAPACITY = 64
      table = null
      entrySet = null
      size = 0
      modCount = 0
      threshold = 0
      loadFactor = 0.75
      keySet = null
      values = null
    TCCL_LOCK_WAIT = 15000
    REFERENCE_GENERATORS = "generators"
    bundleContext = class org.eclipse.osgi.internal.framework.BundleContextImpl@30b9368e
      findHookName = "org.osgi.framework.hooks.bundle.FindHook"
      valid = true
      bundle = class org.eclipse.osgi.internal.framework.EquinoxBundle@3cee2f7e
      container = class org.eclipse.osgi.internal.framework.EquinoxContainer@305ac045
      debug = class org.eclipse.osgi.internal.debug.Debug@21a245ef
      servicesInUse = class java.util.HashMap@f056951
      activator = null
      contextLock = class java.lang.Object@454b2a31
    aclStore = class com.ibm.ws.classloading.internal.util.CanonicalStore@63c15ec
      map = class java.util.concurrent.ConcurrentHashMap@70cdbb94
      q = class com.ibm.ws.classloading.internal.util.RefQueue@7015c56e
      serialVersionUID = 6715157558227169968
      $$$tc$$$ = class com.ibm.websphere.ras.TraceComponent@199061d1
    tcclStore = class com.ibm.ws.classloading.internal.util.CanonicalStore@219b7e07
      map = class java.util.concurrent.ConcurrentHashMap@529c1b07
      q = class com.ibm.ws.classloading.internal.util.RefQueue@afb874e
      serialVersionUID = 6715157558227169968
      $$$tc$$$ = class com.ibm.websphere.ras.TraceComponent@199061d1
    tcclStoreLock = class java.util.concurrent.locks.ReentrantLock@6b86f812
      serialVersionUID = 7373984872572414699
      sync = class java.util.concurrent.locks.ReentrantLock$NonfairSync@7076eed0
    digraph = class org.eclipse.equinox.internal.region.StandardRegionDigraph@70cc2be1
      EMPTY_EDGE_SET = class java.util.Collections$UnmodifiableSet@623df7be
      monitor = class java.lang.Object@954754e
      regions = class java.util.HashMap@24d2fcd6
      bundleIdToRegionMapping = class org.eclipse.equinox.internal.region.StandardBundleIdToRegionMapping@750c78e0
      edges = class java.util.HashMap@7801e1f8
      bundleContext = class org.eclipse.osgi.internal.framework.BundleContextImpl@4fcc529
      threadLocal = class java.lang.ThreadLocal@52d515b3
      subgraphTraverser = class org.eclipse.equinox.internal.region.SubgraphTraverser@61526773
      bundleCollisionHook = class org.eclipse.equinox.internal.region.hook.RegionBundleCollisionHook@770fc8c1
      bundleEventHook = class org.eclipse.equinox.internal.region.hook.RegionBundleEventHook@76e9f9
      bundleFindHook = class org.eclipse.equinox.internal.region.hook.RegionBundleFindHook@7af41cc9
      serviceEventHook = class org.eclipse.equinox.internal.region.hook.RegionServiceEventHook@8ef951b
      serviceFindHook = class org.eclipse.equinox.internal.region.hook.RegionServiceFindHook@1af0d07
      resolverHookFactory = class org.eclipse.equinox.internal.region.hook.RegionResolverHookFactory@362105ea
      origin = null
      originUpdateCount = -1
      updateCount = class java.util.concurrent.atomic.AtomicLong@6c6945b3
      defaultRegion = null
    redefiner = class com.ibm.ws.classloading.internal.util.ClassRedefiner@1639c361
      tc = class com.ibm.websphere.ras.TraceComponent@c0fcca5
      LS = "
"
      inst = class com.ibm.ws.kernel.launch.internal.TraceInstrumentation@4b3188d8
      serialVersionUID = 2420101865139508526
    listener = class com.ibm.ws.classloading.internal.ClassLoadingServiceImpl$1@6c28ece7
      this$0 = class com.ibm.ws.classloading.internal.ClassLoadingServiceImpl@54df759f
      serialVersionUID = -9159707349812113172
      $$$tc$$$ = class com.ibm.websphere.ras.TraceComponent@2f65297b
    classloaders = class java.util.Collections$SynchronizedMap@30b2cf18
      serialVersionUID = 1978198479659022715
      m = class java.util.HashMap@728d62fc
      mutex = class java.util.Collections$SynchronizedMap@30b2cf18
      keySet = null
      entrySet = null
      values = null
    resourceProviders = class com.ibm.ws.classloading.internal.CompositeResourceProvider@213069cc
      lockFactory = class java.util.concurrent.locks.ReentrantReadWriteLock@75268674
      providerMap = class com.ibm.ws.classloading.internal.util.MultiMap@293de827
      serialVersionUID = -5576435894946156347
      $$$tc$$$ = class com.ibm.websphere.ras.TraceComponent@2ef18447
    rememberedBundles = class java.util.concurrent.ConcurrentHashMap@79ca9440
      serialVersionUID = 7249069246763182397
      MAXIMUM_CAPACITY = 1073741824
      DEFAULT_CAPACITY = 16
      MAX_ARRAY_SIZE = 2147483639
      DEFAULT_CONCURRENCY_LEVEL = 16
      LOAD_FACTOR = 0.75
      TREEIFY_THRESHOLD = 8
      UNTREEIFY_THRESHOLD = 6
      MIN_TREEIFY_CAPACITY = 64
      MIN_TRANSFER_STRIDE = 16
      RESIZE_STAMP_BITS = 16
      MAX_RESIZERS = 65535
      RESIZE_STAMP_SHIFT = 16
      MOVED = -1
      TREEBIN = -2
      RESERVED = -3
      HASH_BITS = 2147483647
      NCPU = 4
      serialPersistentFields = class java.io.ObjectStreamField[3]
      table = class java.util.concurrent.ConcurrentHashMap$Node[16]
      nextTable = null
      baseCount = 2
      sizeCtl = 12
      transferIndex = 0
      cellsBusy = 0
      counterCells = null
      keySet = null
      values = null
      entrySet = null
      U = class jdk.internal.misc.Unsafe@4653f890
      SIZECTL = 20
      TRANSFERINDEX = 32
      BASECOUNT = 24
      CELLSBUSY = 36
      CELLVALUE = 144
      ABASE = 16
      ASHIFT = 2
      keySet = null
      values = null
    collectedBundles = class java.lang.ref.ReferenceQueue@52ae004a
      NULL = class java.lang.ref.ReferenceQueue$Null@78a3d52c
      ENQUEUED = class java.lang.ref.ReferenceQueue$Null@733a3a22
      lock = class java.lang.ref.ReferenceQueue$Lock@54e957e4
      head = null
      queueLength = 0
      $assertionsDisabled = true
    generatorRefs = class com.ibm.wsspi.kernel.service.utils.ConcurrentServiceReferenceSet@7442cf08
      referenceName = "generators"
      contextRef = class java.util.concurrent.atomic.AtomicReference@77109896
      elementMap = class java.util.LinkedHashMap@6b162ee7
      elementSet = class java.util.concurrent.ConcurrentSkipListSet@37118d10
      elementSetUnsorted = false
      serialVersionUID = 756240983881166148
      $$$tc$$$ = class com.ibm.websphere.ras.TraceComponent@58bceb5a
    generatorManager = class com.ibm.ws.classloading.internal.ClassGeneratorManager@561eb645
      tc = class com.ibm.websphere.ras.TraceComponent@461fa690
      generatorRefs = class com.ibm.wsspi.kernel.service.utils.ConcurrentServiceReferenceSet@7442cf08
      serialVersionUID = 4152663586056483310
    appExtLibs = class java.util.concurrent.CopyOnWriteArrayList@7b5b4052
      serialVersionUID = 8673264195747942595
      lock = class java.lang.Object@75052993
      array = class java.lang.Object[0]
    globalConfig = class com.ibm.ws.classloading.configuration.GlobalClassloadingConfiguration@59d5b323
      properties = class org.apache.felix.scr.impl.helper.ReadOnlyDictionary@5f441444
      serialVersionUID = 452562347104713756
      $$$tc$$$ = class com.ibm.websphere.ras.TraceComponent@3e16041f
    metaInfServicesProviders = class java.util.concurrent.ConcurrentHashMap@3b8d0d9e
      serialVersionUID = 7249069246763182397
      MAXIMUM_CAPACITY = 1073741824
      DEFAULT_CAPACITY = 16
      MAX_ARRAY_SIZE = 2147483639
      DEFAULT_CONCURRENCY_LEVEL = 16
      LOAD_FACTOR = 0.75
      TREEIFY_THRESHOLD = 8
      UNTREEIFY_THRESHOLD = 6
      MIN_TREEIFY_CAPACITY = 64
      MIN_TRANSFER_STRIDE = 16
      RESIZE_STAMP_BITS = 16
      MAX_RESIZERS = 65535
      RESIZE_STAMP_SHIFT = 16
      MOVED = -1
      TREEBIN = -2
      RESERVED = -3
      HASH_BITS = 2147483647
      NCPU = 4
      serialPersistentFields = class java.io.ObjectStreamField[3]
      table = null
      nextTable = null
      baseCount = 0
      sizeCtl = 0
      transferIndex = 0
      cellsBusy = 0
      counterCells = null
      keySet = null
      values = null
      entrySet = null
      U = class jdk.internal.misc.Unsafe@4653f890
      SIZECTL = 20
      TRANSFERINDEX = 32
      BASECOUNT = 24
      CELLSBUSY = 36
      CELLVALUE = 144
      ABASE = 16
      ASHIFT = 2
      keySet = null
      values = null
    metaInfServicesRefs = class com.ibm.wsspi.kernel.service.utils.ConcurrentServiceReferenceMap@18823834
      referenceName = "MetaInfServicesProvider"
      context = class org.apache.felix.scr.impl.manager.ComponentContextImpl@4b451814
      elementMap = class java.util.concurrent.ConcurrentHashMap@6ab1e36a
      serialVersionUID = 6980924785166233786
      $$$tc$$$ = class com.ibm.websphere.ras.TraceComponent@3b381669
    protectionDomainMap = class java.util.HashMap@397aa2a6
      serialVersionUID = 362498820763181265
      DEFAULT_INITIAL_CAPACITY = 16
      MAXIMUM_CAPACITY = 1073741824
      DEFAULT_LOAD_FACTOR = 0.75
      TREEIFY_THRESHOLD = 8
      UNTREEIFY_THRESHOLD = 6
      MIN_TREEIFY_CAPACITY = 64
      table = null
      entrySet = null
      size = 0
      modCount = 0
      threshold = 0
      loadFactor = 0.75
      keySet = null
      values = null
    metadataIdentifierService = class com.ibm.ws.container.service.metadata.internal.MetaDataServiceImpl@256d0a82
    globalSharedLibrary = class java.util.concurrent.atomic.AtomicReference@4dc24201
      serialVersionUID = -1848883965231344442
      VALUE = class java.lang.invoke.VarHandleReferences$FieldInstanceReadWrite@5a06bcb3
      value = null
    serialVersionUID = -2277344858934055980
  globalSharedLibrary = class com.ibm.ws.library.internal.SharedLibraryImpl@232363d8
    tc = class com.ibm.websphere.ras.TraceComponent@53d5ec1e
      strings[0] = "TraceComponent[com.ibm.ws.library.internal.SharedLibraryImpl,class com.ibm.ws.library.internal.SharedLibraryImpl,[SharedLibrary],com.ibm.ws.classloading.internal.resources.ClassLoadingServiceMessages,null]"
    EMPTY_LIBRARY_LISTENERS = interface com.ibm.wsspi.library.LibraryChangeListener[0]
    deleted = false
    libraryListenersTracker = class org.osgi.util.tracker.ServiceTracker@30c60ae9
      DEBUG = false
      context = class org.eclipse.osgi.internal.framework.BundleContextImpl@30b9368e
      filter = class org.eclipse.osgi.internal.framework.FilterImpl@18da4268
      customizer = class org.osgi.util.tracker.ServiceTracker@30c60ae9
      listenerFilter = "(&(objectClass=com.ibm.wsspi.library.LibraryChangeListener)(|(library=global)(libraryRef=*com.ibm.ws.classloading.sharedlibrary_76*)))"
      trackClass = null
      trackReference = null
      tracked = class org.osgi.util.tracker.ServiceTracker$Tracked@61e4a341
      cachedReference = null
      cachedService = null
    libraryReg = class org.eclipse.osgi.internal.serviceregistry.ServiceRegistrationImpl@143c72ea
      registry = class org.eclipse.osgi.internal.serviceregistry.ServiceRegistry@79e6eae8
      context = class org.eclipse.osgi.internal.framework.BundleContextImpl@30b9368e
      bundle = class org.eclipse.osgi.internal.framework.EquinoxBundle@3cee2f7e
      clazzes = class java.lang.String[1]
      service = class com.ibm.ws.library.internal.SharedLibraryImpl@232363d8
      reference = class org.eclipse.osgi.internal.serviceregistry.ServiceReferenceImpl@2349edbb
      contextsUsing = class java.util.ArrayList@7d297209
      properties = class java.util.Collections$UnmodifiableMap@33d676ee
      serviceid = 306
      serviceranking = 0
      registrationLock = class java.lang.Object@220522f8
      state = 0
      REGISTERED = 0
      UNREGISTERING = 1
      UNREGISTERED = 2
      FRAMEWORK_SET_SERVICE_PROPERTIES_COUNT = 4
      $assertionsDisabled = true
    ctx = class org.eclipse.osgi.internal.framework.BundleContextImpl@30b9368e
    classLoadingService = class com.ibm.ws.classloading.internal.ClassLoadingServiceImpl@54df759f
    configAdmin = class com.ibm.ws.config.admin.internal.ConfigurationAdminImpl@5d19d20c
      tc = class com.ibm.websphere.ras.TraceComponent@788c4489
      bundle = class org.eclipse.osgi.internal.framework.EquinoxBundle@3cee2f7e
      caFactory = class com.ibm.ws.config.admin.internal.ConfigAdminServiceFactory@1e7047da
      serialVersionUID = -2875522750804142523
    resolvedBasePath = "D:/devel/tools/wlp/usr/servers/defaultServer/"
    generationLock = class com.ibm.ws.library.internal.SharedLibraryImpl$1@58876229
      this$0 = class com.ibm.ws.library.internal.SharedLibraryImpl@232363d8
      serialVersionUID = 2483639803450672373
      $$$tc$$$ = class com.ibm.websphere.ras.TraceComponent@3629a8d3
    currentGeneration = class com.ibm.ws.library.internal.LibraryGeneration@434eab44
      tc = class com.ibm.websphere.ras.TraceComponent@4ee29d2d
      nextInt = class java.util.concurrent.atomic.AtomicInteger@4d953435
      libraryId = "global"
      genId = 0
      libraryProps = class java.util.Hashtable@78d11654
      filesetRefs = class java.util.Collections$UnmodifiableRandomAccessList@1801657a
      apiTypeVisibility = class java.util.RegularEnumSet@44948e58
      files = class java.util.Collections$EmptyList@2434f757
      folders = class java.util.ArrayList@20c42e63
      fileAndFolderContainers = class java.util.Collections$EmptyList@2434f757
      filesets = class java.util.concurrent.ArrayBlockingQueue@5057ff99
      filesetListenerRegs = class java.util.concurrent.ConcurrentLinkedQueue@43ee7a5c
      cancelled = false
      library = class com.ibm.ws.library.internal.SharedLibraryImpl@232363d8
      serialVersionUID = 6965220007121905717
    nextGeneration = class com.ibm.ws.library.internal.LibraryGeneration@434eab44
    artifactContainerFactory = class com.ibm.ws.library.internal.SharedLibraryFactory$1@435f6086
      this$0 = class com.ibm.ws.library.internal.SharedLibraryFactory@4ecd2736
      serialVersionUID = 7730244564205089330
      $$$tc$$$ = class com.ibm.websphere.ras.TraceComponent@2d3c6f8e
    packageExporter = class com.ibm.ws.library.internal.LibraryPackageExporter@50455353
      EXPORTER_POSTFIX = "_library_exporter"
      REGION_EXPORT_TO_LIBERTY = "liberty.library.export.to.liberty"
      REGION_EXPORT_TO_OSGI_APPS = "liberty.library.export.to.osgi.app"
      REGION_KERNEL = "org.eclipse.equinox.region.kernel"
      counter = class java.util.concurrent.atomic.AtomicLong@524ab8cb
      context = class org.eclipse.osgi.internal.framework.BundleContextImpl@30b9368e
      digraph = class org.eclipse.equinox.internal.region.StandardRegionDigraph@70cc2be1
      bundleToLibrary = class java.util.concurrent.ConcurrentHashMap@5527d4bb
      libraryToVisibility = class java.util.concurrent.ConcurrentHashMap@30f3bb01
      serialVersionUID = 8074378969667956573
      $$$tc$$$ = class com.ibm.websphere.ras.TraceComponent@73301a5b
    serialVersionUID = 6288237618632180389
  sharedLibDeploymentInfo = class com.ibm.ws.app.manager.module.internal.DeployedAppInfoBase$SharedLibDeploymentInfo@1ec27c0c
    bundleContext = class org.eclipse.osgi.internal.framework.BundleContextImpl@1b29f48f
      findHookName = "org.osgi.framework.hooks.bundle.FindHook"
      valid = true
      bundle = class org.eclipse.osgi.internal.framework.EquinoxBundle@63df0090
      container = class org.eclipse.osgi.internal.framework.EquinoxContainer@305ac045
      debug = class org.eclipse.osgi.internal.debug.Debug@21a245ef
      servicesInUse = class java.util.HashMap@e4927b8
      activator = null
      contextLock = class java.lang.Object@58de00c8
    locAdmin = class com.ibm.ws.kernel.service.location.internal.WsLocationAdminImpl@7917e2b2
      tc = class com.ibm.websphere.ras.TraceComponent@6bccd7bf
      LOC_INTERNAL_LIB_DIR = "wlp.lib.dir"
      LOC_AREA_NAME_APPS = "shared/apps/"
      LOC_AREA_NAME_CONFIG = "shared/config/"
      LOC_AREA_NAME_RESC = "shared/resources/"
      LOC_AREA_NAME_STATE = "logs/state/"
      LOC_AREA_NAME_SERVERS = "servers/"
      LOC_AREA_NAME_CLIENTS = "clients/"
      LOC_AREA_NAME_WORKING = "workarea/"
      LOC_AREA_NAME_EXTENSION = "extension/"
      instance = class com.ibm.ws.staticvalue.StaticValue$FinalSingleton@5a0a59be
      installRoot = class com.ibm.ws.kernel.service.location.internal.SymbolicRootResource@279cd70e
      installParentRoot = class com.ibm.ws.kernel.service.location.internal.SymbolicRootResource@41b891cb
      userRoot = class com.ibm.ws.kernel.service.location.internal.SymbolicRootResource@7cb0aa0a
      usrExtensionRoot = class com.ibm.ws.kernel.service.location.internal.SymbolicRootResource@74ffcb8b
      serverConfigDir = class com.ibm.ws.kernel.service.location.internal.SymbolicRootResource@351a56bd
      serverOutputDir = class com.ibm.ws.kernel.service.location.internal.SymbolicRootResource@351a56bd
      bootstrapLib = class com.ibm.ws.kernel.service.location.internal.LocalFileResource@30a9af1c
      serverWorkarea = class com.ibm.ws.kernel.service.location.internal.LocalFileResource@49b0a3f9
      serverState = class com.ibm.ws.kernel.service.location.internal.LocalFileResource@43199ad7
      sharedAppsRoot = class com.ibm.ws.kernel.service.location.internal.SymbolicRootResource@245183b7
      sharedConfigRoot = class com.ibm.ws.kernel.service.location.internal.SymbolicRootResource@597d096e
      sharedResourceRoot = class com.ibm.ws.kernel.service.location.internal.SymbolicRootResource@151ec6d3
      tmpRoot = class com.ibm.ws.kernel.service.location.internal.SymbolicRootResource@1a5e3985
      serverName = "defaultServer"
      resourcePaths = class java.util.ArrayList@323a4d42
      resourceGroups = class java.util.HashMap@3bd0412
      commonRoot = class com.ibm.ws.kernel.service.location.internal.VirtualRootResource@60f662e8
      serialVersionUID = 7766352982799267432
    artifactFactory = class com.ibm.ws.artifact.internal.ArtifactContainerFactoryService@5b2f9ab7
      CATEGORY_PROP_NAME = "category"
      ENTRY_KEY = "com.ibm.wsspi.artifact.ArtifactEntry"
      helperMap = class com.ibm.wsspi.kernel.service.utils.ConcurrentServiceReferenceSetMap@560be916
      contributorMap = class com.ibm.wsspi.kernel.service.utils.ConcurrentServiceReferenceSetMap@5dca0727
      helperCategoryMap = class com.ibm.wsspi.kernel.service.utils.ConcurrentServiceReferenceSetMap@3a5c3724
      contributorCategoryMap = class com.ibm.wsspi.kernel.service.utils.ConcurrentServiceReferenceSetMap@5f89415f
      categories = class java.util.Collections$SynchronizedSet@564340e1
      baseProperties = class org.apache.felix.scr.impl.helper.ReadOnlyDictionary@5bbd8631
      serialVersionUID = -3101641399269402013
      $$$tc$$$ = class com.ibm.websphere.ras.TraceComponent@47d1c21
    moduleFactory = class com.ibm.ws.adaptable.module.internal.AdaptableModuleFactoryImpl@773ee252
      adapterFactoryService = class com.ibm.ws.adaptable.module.internal.AdapterFactoryServiceImpl@22459f5f
      containerFactory = class com.ibm.ws.artifact.internal.ArtifactContainerFactoryService@5b2f9ab7
      overlayContainerFactory = class com.ibm.ws.artifact.overlay.internal.OverlayContainerFactoryImpl@fd763e7
      serialVersionUID = 4200251809856292987
      $$$tc$$$ = class com.ibm.websphere.ras.TraceComponent@1a1f5af2
    classesContainerInfo = class java.util.ArrayList@7f0c0f28
      serialVersionUID = 8683452581122892189
      DEFAULT_CAPACITY = 10
      EMPTY_ELEMENTDATA = class java.lang.Object[0]
      DEFAULTCAPACITY_EMPTY_ELEMENTDATA = class java.lang.Object[0]
      elementData = class java.lang.Object[0]
      size = 0
      MAX_ARRAY_SIZE = 2147483639
      modCount = 0
      MAX_ARRAY_SIZE = 2147483639
    serialVersionUID = -9033256786848720484
    $$$tc$$$ = class com.ibm.websphere.ras.TraceComponent@6ab9b473
      strings[0] = "TraceComponent[com.ibm.ws.app.manager.module.internal.DeployedAppInfoBase$SharedLibDeploymentInfo,class com.ibm.ws.app.manager.module.internal.DeployedAppInfoBase$SharedLibDeploymentInfo,[applications, app.manager],,null]"
  futureMonitor = class com.ibm.ws.threading.internal.FutureMonitorImpl@5a800dff
    _monitor = class java.util.concurrent.ConcurrentLinkedQueue@3a3adb55
      serialVersionUID = 196745693267521676
      head = class java.util.concurrent.ConcurrentLinkedQueue$Node@2f72210e
      tail = class java.util.concurrent.ConcurrentLinkedQueue$Node@2f72210e
      MAX_HOPS = 8
      HEAD = class java.lang.invoke.VarHandleReferences$FieldInstanceReadWrite@4171129f
      TAIL = class java.lang.invoke.VarHandleReferences$FieldInstanceReadWrite@4e976188
      ITEM = class java.lang.invoke.VarHandleReferences$FieldInstanceReadWrite@4a27de6b
      NEXT = class java.lang.invoke.VarHandleReferences$FieldInstanceReadWrite@4347c6d6
      MAX_ARRAY_SIZE = 2147483639
    _executor = class com.ibm.ws.threading.internal.ScheduledExecutorImpl@75d0952
      threadGroupName = "Scheduled Executor Thread Group"
      executor = class com.ibm.ws.threading.internal.ExecutorServiceImpl@7a5220f7
      serialVersionUID = -9110693807503469597
      $$$tc$$$ = class com.ibm.websphere.ras.TraceComponent@6f23ae66
      continueExistingPeriodicTasksAfterShutdown = false
      executeExistingDelayedTasksAfterShutdown = true
      removeOnCancel = false
      sequencer = class java.util.concurrent.atomic.AtomicLong@5db0f0a
      DEFAULT_KEEPALIVE_MILLIS = 10
      ctl = class java.util.concurrent.atomic.AtomicInteger@36e5af63
      COUNT_BITS = 29
      COUNT_MASK = 536870911
      RUNNING = -536870912
      SHUTDOWN = 0
      STOP = 536870912
      TIDYING = 1073741824
      TERMINATED = 1610612736
      workQueue = class java.util.concurrent.ScheduledThreadPoolExecutor$DelayedWorkQueue@258020ba
      mainLock = class java.util.concurrent.locks.ReentrantLock@6b35242a
      workers = class java.util.HashSet@36cbc519
      termination = class java.util.concurrent.locks.AbstractQueuedSynchronizer$ConditionObject@2d4efa14
      largestPoolSize = 1
      completedTaskCount = 0
      threadFactory = class com.ibm.ws.threading.internal.ThreadFactoryImpl@4b39fb84
      handler = class java.util.concurrent.ThreadPoolExecutor$AbortPolicy@23321cf7
      keepAliveTime = 10000000
      allowCoreThreadTimeOut = false
      corePoolSize = 1
      maximumPoolSize = 2147483647
      defaultHandler = class java.util.concurrent.ThreadPoolExecutor$AbortPolicy@23321cf7
      shutdownPerm = class java.lang.RuntimePermission@7976ccdf
      ONLY_ONE = true
      $assertionsDisabled = true
    _threadRunning = class java.util.concurrent.atomic.AtomicBoolean@3db30d93
      serialVersionUID = 4654671469794556979
      VALUE = class java.lang.invoke.VarHandleInts$FieldInstanceReadWrite@12b2429b
      value = 0
    _thread = class com.ibm.ws.threading.internal.FutureMonitorImpl$1@7c39104e
      this$0 = class com.ibm.ws.threading.internal.FutureMonitorImpl@5a800dff
      serialVersionUID = 2422512430832938099
      $$$tc$$$ = class com.ibm.websphere.ras.TraceComponent@1c7c4aaa
    serialVersionUID = 2765238413969174390
    $$$tc$$$ = class com.ibm.websphere.ras.TraceComponent@5e6d1a89
      strings[0] = "TraceComponent[com.ibm.ws.threading.internal.FutureMonitorImpl,class com.ibm.ws.threading.internal.FutureMonitorImpl,[Threading],com.ibm.ws.threading.internal.resources.ThreadingMessages,null]"
  configAdmin = class com.ibm.ws.config.admin.internal.ConfigurationAdminImpl@7708680e
    tc = class com.ibm.websphere.ras.TraceComponent@788c4489
      strings[0] = "TraceComponent[com.ibm.ws.config.admin.internal.ConfigurationAdminImpl,class com.ibm.ws.config.admin.internal.ConfigurationAdminImpl,[config],com.ibm.ws.config.internal.resources.ConfigMessages,null]"
    bundle = class org.eclipse.osgi.internal.framework.EquinoxBundle@63df0090
      equinoxContainer = class org.eclipse.osgi.internal.framework.EquinoxContainer@305ac045
      module = class org.eclipse.osgi.internal.framework.EquinoxBundle$EquinoxModule@141e6364
      monitor = class java.lang.Object@2fdc15fa
      context = class org.eclipse.osgi.internal.framework.BundleContextImpl@1b29f48f
      signerInfos = null
      $SWITCH_TABLE$org$eclipse$osgi$container$Module$State = {1,2,3,4,5,6,7} /* array length = 7 */
    caFactory = class com.ibm.ws.config.admin.internal.ConfigAdminServiceFactory@1e7047da
      tc = class com.ibm.websphere.ras.TraceComponent@53992354
      configurationPermission = class org.osgi.service.cm.ConfigurationPermission@34ccf4b9
      INDEX_DICTIONARY = 0
      INDEX_LOCATION = 1
      INDEX_METATYPE_PROCESSED = 2
      INDEX_IN_OVERRIDES_FILE = 3
      INDEX_REFERENCES = 4
      INDEX_UNIQUES = 5
      bundleContext = class org.eclipse.osgi.internal.framework.BundleContextImpl@162ed629
      msTracker = class com.ibm.ws.config.admin.internal.ManagedServiceTracker@737f717f
      msfTracker = class com.ibm.ws.config.admin.internal.ManagedServiceFactoryTracker@5b8fe798
      pluginManager = class com.ibm.ws.config.admin.internal.PluginManager@420cf497
      configurationStore = class com.ibm.ws.config.admin.internal.ConfigurationStore@11b6a953
      updateQueue = class com.ibm.ws.config.admin.internal.UpdateQueue@19cac693
      ced = class com.ibm.ws.config.admin.internal.ConfigEventDispatcher@3d5d5115
      idMap = class java.util.Collections$SynchronizedMap@18d0b265
      referenceMap = class java.util.Collections$SynchronizedMap@3c087c1d
      variableRegistryTracker = class org.osgi.util.tracker.ServiceTracker@73b9db51
      variableRegistry = class com.ibm.ws.kernel.service.location.internal.VariableRegistryHelper@24bbf9ca
      configurationAdminRef = class org.eclipse.osgi.internal.serviceregistry.ServiceRegistrationImpl@20a717b6
      serialVersionUID = 6695202270027014725
    serialVersionUID = -2875522750804142523
  libraryConfigHelper = class com.ibm.ws.classloading.ClassLoaderConfigHelper@58d498fd
    tc = class com.ibm.websphere.ras.TraceComponent@585acf68
      strings[0] = "TraceComponent[com.ibm.ws.classloading.ClassLoaderConfigHelper,class com.ibm.ws.classloading.ClassLoaderConfigHelper,[ClassLoadingService],com.ibm.ws.classloading.internal.resources.ClassLoadingServiceMessages,null]"
    DEFAULT_API_TYPES = class java.util.RegularEnumSet@7b39707b
      serialVersionUID = 3411599620347842686
      elements = 23
      elementType = class java.lang.Class@72dfafe5
      universe = class com.ibm.wsspi.classloading.ApiType[5]
      MAX_ARRAY_SIZE = 2147483639
    sharedLibraries = class java.util.Collections$EmptyList@2434f757
      serialVersionUID = 8842843931221139166
      modCount = 0
      MAX_ARRAY_SIZE = 2147483639
    commonLibraries = class java.util.Collections$EmptyList@2434f757
    classProviders = class java.util.Collections$EmptyList@2434f757
    sharedLibrariesPids = null
    commonLibrariesPids = null
    isDelegateLast = false
    apiTypes = class java.util.RegularEnumSet@7b39707b
    classLoaderConfigProps = null
    serialVersionUID = 7643888529935916418
  isDelegateLast = false
  permissionManager = class com.ibm.ws.classloading.java2sec.PermissionManager@60d11d9c
    tc = class com.ibm.websphere.ras.TraceComponent@f76156c
      strings[0] = "TraceComponent[com.ibm.ws.classloading.java2sec.PermissionManager,class com.ibm.ws.classloading.java2sec.PermissionManager,[Java2SecurityUtil],com.ibm.ws.classloading.internal.resources.Java2SecurityUtilMessages,null]"
    classLoadingService = class com.ibm.ws.classloading.internal.ClassLoadingServiceImpl@54df759f
    DEFAULT_SERVER_RESTRICTABLE_PERMISSIONS = class java.security.Permission[4]
      Permission[0] = class java.lang.RuntimePermission@3777d514
      Permission[1] = class java.lang.RuntimePermission@16b5c3ad
      Permission[2] = class java.security.SecurityPermission@3de10219
      Permission[3] = class javax.security.auth.AuthPermission@7c538c78
    DEFAULT_CLIENT_RESTRICTABLE_PERMISSIONS = class java.security.Permission[3]
      Permission[0] = class java.lang.RuntimePermission@5fd4f4c2
      Permission[1] = class java.security.SecurityPermission@79b66656
      Permission[2] = class javax.security.auth.AuthPermission@3335a20a
    isServer = true
    wsjarUrlStreamHandlerAvailable = true
    restrictablePermissions = class java.util.ArrayList@48e570bd
      serialVersionUID = 8683452581122892189
      DEFAULT_CAPACITY = 10
      EMPTY_ELEMENTDATA = class java.lang.Object[0]
      DEFAULTCAPACITY_EMPTY_ELEMENTDATA = class java.lang.Object[0]
      elementData = class java.lang.Object[10]
      size = 4
      MAX_ARRAY_SIZE = 2147483639
      modCount = 4
      MAX_ARRAY_SIZE = 2147483639
    grantedPermissions = class java.util.ArrayList@41de81f7
      serialVersionUID = 8683452581122892189
      DEFAULT_CAPACITY = 10
      EMPTY_ELEMENTDATA = class java.lang.Object[0]
      DEFAULTCAPACITY_EMPTY_ELEMENTDATA = class java.lang.Object[0]
      elementData = class java.lang.Object[10]
      size = 1
      MAX_ARRAY_SIZE = 2147483639
      modCount = 1
      MAX_ARRAY_SIZE = 2147483639
    KEY_PERMISSION = "permission"
    INCORRECT_PERMISSION_CONFIGURATION = "INCORRECT_PERMISSION_CONFIGURATION"
    PERMISSION_CLASSNOTFOUND = "PERMISSION_CLASSNOTFOUND"
    SERVER_XML = "server.xml"
    CLIENT_XML = "client.xml"
    originationFile = "server.xml"
    permissions = class com.ibm.wsspi.kernel.service.utils.ConcurrentServiceReferenceSet@2f795d36
      referenceName = "permission"
      contextRef = class java.util.concurrent.atomic.AtomicReference@5c6bec0
      elementMap = class java.util.LinkedHashMap@63ef643c
      elementSet = class java.util.concurrent.ConcurrentSkipListSet@40d2e66
      elementSetUnsorted = false
      serialVersionUID = 756240983881166148
      $$$tc$$$ = class com.ibm.websphere.ras.TraceComponent@58bceb5a
    codeBasePermissionMap = class java.util.HashMap@21598e69
      serialVersionUID = 362498820763181265
      DEFAULT_INITIAL_CAPACITY = 16
      MAXIMUM_CAPACITY = 1073741824
      DEFAULT_LOAD_FACTOR = 0.75
      TREEIFY_THRESHOLD = 8
      UNTREEIFY_THRESHOLD = 6
      MIN_TREEIFY_CAPACITY = 64
      table = null
      entrySet = null
      size = 0
      modCount = 0
      threshold = 0
      loadFactor = 0.75
      keySet = class java.util.HashMap$KeySet@778ff186
      values = null
    permissionXMLPermissionMap = class java.util.HashMap@425a7267
      serialVersionUID = 362498820763181265
      DEFAULT_INITIAL_CAPACITY = 16
      MAXIMUM_CAPACITY = 1073741824
      DEFAULT_LOAD_FACTOR = 0.75
      TREEIFY_THRESHOLD = 8
      UNTREEIFY_THRESHOLD = 6
      MIN_TREEIFY_CAPACITY = 64
      table = null
      entrySet = null
      size = 0
      modCount = 0
      threshold = 0
      loadFactor = 0.75
      keySet = null
      values = null
    serialVersionUID = 3514017629123673923
  permissionsConfig = null
  serialVersionUID = 5168023053972273360
  appInfo = class com.ibm.ws.container.service.app.deploy.internal.ApplicationInfoImpl@153dbca6
    appName = "test"
    appMetaData = class com.ibm.ws.container.service.app.deploy.internal.ApplicationMetaDataImpl@2adb010c
      j2eeName = class com.ibm.ws.container.service.metadata.internal.J2EENameImpl@79fbd026
      serialVersionUID = -7906531148367236579
      $$$tc$$$ = class com.ibm.websphere.ras.TraceComponent@854cea8
      tc = class com.ibm.websphere.ras.TraceComponent@6a9be372
      NUM_STATIC_SLOTS = 4
      ID_UNINITIALIZED = -1
      id = 1
      metaDataInterface = class java.lang.Class@668d96fd
      staticSlots = class java.lang.Object[4]
      dynamicSlots = class java.lang.Object[4]
    appContainer = class com.ibm.ws.adaptable.module.internal.AdaptableContainerImpl@d900415
    configHelper = class com.ibm.ws.app.manager.module.ApplicationNestedConfigHelper@1f565b7a
      appInfo = class com.ibm.ws.app.manager.internal.ApplicationInstallInfo@2ed551c1
      serialVersionUID = -3174031738676705046
      $$$tc$$$ = class com.ibm.websphere.ras.TraceComponent@1c3b5069
    applicationInformation = class com.ibm.ws.app.manager.internal.ApplicationInstallInfo@2ed551c1
    serialVersionUID = -505303337196743781
    $$$tc$$$ = class com.ibm.websphere.ras.TraceComponent@765b77c6
      strings[0] = "TraceComponent[com.ibm.ws.container.service.app.deploy.internal.ApplicationInfoImpl,class com.ibm.ws.container.service.app.deploy.internal.ApplicationInfoImpl,[container.service],com.ibm.ws.container.service.resources.Messages,null]"
  modulesDeployed = class java.util.ArrayList@6d7e3f96
    serialVersionUID = 8683452581122892189
    DEFAULT_CAPACITY = 10
    EMPTY_ELEMENTDATA = class java.lang.Object[0]
    DEFAULTCAPACITY_EMPTY_ELEMENTDATA = class java.lang.Object[0]
    elementData = class java.lang.Object[10]
      Object[0] = class com.ibm.ws.app.manager.module.internal.DeployedModuleInfoImpl@47d474b3
      Object[1] = null
      Object[2] = null
      Object[3] = null
      Object[4] = null
      Object[5] = null
      Object[6] = null
      Object[7] = null
      Object[8] = null
      Object[9] = null
    size = 1
    MAX_ARRAY_SIZE = 2147483639
    modCount = 1
    MAX_ARRAY_SIZE = 2147483639
  starting = true
  started = false
  appInfoFactory = class com.ibm.ws.container.service.app.deploy.internal.ApplicationInfoFactoryImpl@5902622f
    j2eeNameFactory = class com.ibm.wsspi.kernel.service.utils.AtomicServiceReference@773e92e2
      referenceName = "j2eeNameFactory"
      tuple = class java.util.concurrent.atomic.AtomicReference@78c2addc
      serialVersionUID = 2226592364007985000
      $$$tc$$$ = class com.ibm.websphere.ras.TraceComponent@2e9a58f6
    names = class java.util.HashSet@12cbf1de
      serialVersionUID = -5024744406713321676
      map = class java.util.HashMap@55400a06
      PRESENT = class java.lang.Object@224730e9
      MAX_ARRAY_SIZE = 2147483639
    serialVersionUID = 7443990212682384945
    $$$tc$$$ = class com.ibm.websphere.ras.TraceComponent@60e3f1db
      strings[0] = "TraceComponent[com.ibm.ws.container.service.app.deploy.internal.ApplicationInfoFactoryImpl,class com.ibm.ws.container.service.app.deploy.internal.ApplicationInfoFactoryImpl,[container.service],com.ibm.ws.container.service.resources.Messages,null]"
  metaDataService = class com.ibm.ws.container.service.metadata.internal.MetaDataServiceImpl@256d0a82
    applicationMetaDataManager = class com.ibm.ws.container.service.metadata.internal.ApplicationMetaDataManager@6e5483e4
      serialVersionUID = 1843747281024490904
      $$$tc$$$ = class com.ibm.websphere.ras.TraceComponent@5a5cd7f2
      listeners = class com.ibm.wsspi.kernel.service.utils.ConcurrentServiceReferenceSet@396534a2
      metaDataIDs = class com.ibm.ws.container.service.metadata.internal.IndexList@46f24f07
      metaDatas = class java.util.ArrayList@7b2c77db
      slotIDs = class com.ibm.ws.container.service.metadata.internal.IndexList@22b4dd
      serialVersionUID = 5464421863354792977
      $$$tc$$$ = class com.ibm.websphere.ras.TraceComponent@723f5e29
    moduleMetaDataManager = class com.ibm.ws.container.service.metadata.internal.ModuleMetaDataManager@6dfeb54e
      serialVersionUID = 2513574389899327209
      $$$tc$$$ = class com.ibm.websphere.ras.TraceComponent@15c95121
      listeners = class com.ibm.wsspi.kernel.service.utils.ConcurrentServiceReferenceSet@10f2405f
      metaDataIDs = class com.ibm.ws.container.service.metadata.internal.IndexList@44acaf31
      metaDatas = class java.util.ArrayList@5ca69ad0
      slotIDs = class com.ibm.ws.container.service.metadata.internal.IndexList@49b759c5
      serialVersionUID = 5464421863354792977
      $$$tc$$$ = class com.ibm.websphere.ras.TraceComponent@723f5e29
    componentMetaDataManager = class com.ibm.ws.container.service.metadata.internal.ComponentMetaDataManager@2076ec2e
      serialVersionUID = 8629793739641703882
      $$$tc$$$ = class com.ibm.websphere.ras.TraceComponent@541142d9
      listeners = class com.ibm.wsspi.kernel.service.utils.ConcurrentServiceReferenceSet@63675a0e
      metaDataIDs = class com.ibm.ws.container.service.metadata.internal.IndexList@ef4361a
      metaDatas = class java.util.ArrayList@49c41854
      slotIDs = class com.ibm.ws.container.service.metadata.internal.IndexList@3a7851b3
      serialVersionUID = 5464421863354792977
      $$$tc$$$ = class com.ibm.websphere.ras.TraceComponent@723f5e29
    methodMetaDataManager = class com.ibm.ws.container.service.metadata.internal.MethodMetaDataManager@3f1cd247
      serialVersionUID = -8002489041502300640
      $$$tc$$$ = class com.ibm.websphere.ras.TraceComponent@74ed36ba
      listeners = class com.ibm.wsspi.kernel.service.utils.ConcurrentServiceReferenceSet@6396cbd8
      metaDataIDs = class com.ibm.ws.container.service.metadata.internal.IndexList@4cfd6556
      metaDatas = class java.util.ArrayList@2512d225
      slotIDs = class com.ibm.ws.container.service.metadata.internal.IndexList@5d1ffafd
      serialVersionUID = 5464421863354792977
      $$$tc$$$ = class com.ibm.websphere.ras.TraceComponent@723f5e29
    appModuleNameToModuleContainer = class java.util.concurrent.ConcurrentHashMap@751d3de3
      serialVersionUID = 7249069246763182397
      MAXIMUM_CAPACITY = 1073741824
      DEFAULT_CAPACITY = 16
      MAX_ARRAY_SIZE = 2147483639
      DEFAULT_CONCURRENCY_LEVEL = 16
      LOAD_FACTOR = 0.75
      TREEIFY_THRESHOLD = 8
      UNTREEIFY_THRESHOLD = 6
      MIN_TREEIFY_CAPACITY = 64
      MIN_TRANSFER_STRIDE = 16
      RESIZE_STAMP_BITS = 16
      MAX_RESIZERS = 65535
      RESIZE_STAMP_SHIFT = 16
      MOVED = -1
      TREEBIN = -2
      RESERVED = -3
      HASH_BITS = 2147483647
      NCPU = 4
      serialPersistentFields = class java.io.ObjectStreamField[3]
      table = class java.util.concurrent.ConcurrentHashMap$Node[16]
      nextTable = null
      baseCount = 7
      sizeCtl = 12
      transferIndex = 0
      cellsBusy = 0
      counterCells = null
      keySet = null
      values = null
      entrySet = null
      U = class jdk.internal.misc.Unsafe@4653f890
      SIZECTL = 20
      TRANSFERINDEX = 32
      BASECOUNT = 24
      CELLSBUSY = 36
      CELLVALUE = 144
      ABASE = 16
      ASHIFT = 2
      keySet = null
      values = null
    jeeNameToComponentMetaData = class java.util.concurrent.ConcurrentHashMap@6d51a2cb
      serialVersionUID = 7249069246763182397
      MAXIMUM_CAPACITY = 1073741824
      DEFAULT_CAPACITY = 16
      MAX_ARRAY_SIZE = 2147483639
      DEFAULT_CONCURRENCY_LEVEL = 16
      LOAD_FACTOR = 0.75
      TREEIFY_THRESHOLD = 8
      UNTREEIFY_THRESHOLD = 6
      MIN_TREEIFY_CAPACITY = 64
      MIN_TRANSFER_STRIDE = 16
      RESIZE_STAMP_BITS = 16
      MAX_RESIZERS = 65535
      RESIZE_STAMP_SHIFT = 16
      MOVED = -1
      TREEBIN = -2
      RESERVED = -3
      HASH_BITS = 2147483647
      NCPU = 4
      serialPersistentFields = class java.io.ObjectStreamField[3]
      table = class java.util.concurrent.ConcurrentHashMap$Node[32]
      nextTable = null
      baseCount = 13
      sizeCtl = 24
      transferIndex = 0
      cellsBusy = 0
      counterCells = null
      keySet = null
      values = null
      entrySet = null
      U = class jdk.internal.misc.Unsafe@4653f890
      SIZECTL = 20
      TRANSFERINDEX = 32
      BASECOUNT = 24
      CELLSBUSY = 36
      CELLVALUE = 144
      ABASE = 16
      ASHIFT = 2
      keySet = null
      values = null
    deferredMetaDataFactories = class com.ibm.wsspi.kernel.service.utils.ConcurrentServiceReferenceSet@7ad124d3
      referenceName = "deferredMetaDataFactory"
      contextRef = class java.util.concurrent.atomic.AtomicReference@73fa5324
      elementMap = class java.util.LinkedHashMap@6599dcce
      elementSet = class java.util.concurrent.ConcurrentSkipListSet@53e25237
      elementSetUnsorted = false
      serialVersionUID = 756240983881166148
      $$$tc$$$ = class com.ibm.websphere.ras.TraceComponent@58bceb5a
    deferredMetaDataInitializers = class com.ibm.wsspi.kernel.service.utils.ConcurrentServiceReferenceMap@23865f24
      referenceName = "deferredMetaDataFactory"
      context = class org.apache.felix.scr.impl.manager.ComponentContextImpl@4d3cf8af
      elementMap = class java.util.concurrent.ConcurrentHashMap@3cbf470b
      serialVersionUID = 6980924785166233786
      $$$tc$$$ = class com.ibm.websphere.ras.TraceComponent@3b381669
    serialVersionUID = -2494605732980966097
    $$$tc$$$ = class com.ibm.websphere.ras.TraceComponent@62294c50
      strings[0] = "TraceComponent[com.ibm.ws.container.service.metadata.internal.MetaDataServiceImpl,class com.ibm.ws.container.service.metadata.internal.MetaDataServiceImpl,[Runtime],,null]"
  stateChangeService = class com.ibm.ws.container.service.state.internal.StateChangeServiceImpl@6b7ca
    applicationStateManager = class com.ibm.ws.container.service.state.internal.ApplicationStateManager@5ce64cb2
      serialVersionUID = -6685368059484454124
      $$$tc$$$ = class com.ibm.websphere.ras.TraceComponent@48ad46aa
      listeners = class com.ibm.wsspi.kernel.service.utils.ConcurrentServiceReferenceSet@2d3dacf5
      serialVersionUID = 2284273176985484160
      $$$tc$$$ = class com.ibm.websphere.ras.TraceComponent@73aa9678
    moduleStateManager = class com.ibm.ws.container.service.state.internal.ModuleStateManager@38662a9c
      serialVersionUID = -5540260902341249963
      $$$tc$$$ = class com.ibm.websphere.ras.TraceComponent@2e84e74d
      listeners = class com.ibm.wsspi.kernel.service.utils.ConcurrentServiceReferenceSet@7d0ddea4
      serialVersionUID = 2284273176985484160
      $$$tc$$$ = class com.ibm.websphere.ras.TraceComponent@73aa9678
    serialVersionUID = -537917915330350560
    $$$tc$$$ = class com.ibm.websphere.ras.TraceComponent@22e41b64
      strings[0] = "TraceComponent[com.ibm.ws.container.service.state.internal.StateChangeServiceImpl,class com.ibm.ws.container.service.state.internal.StateChangeServiceImpl,[Runtime],,null]"
  moduleClassesInfo = class com.ibm.ws.app.manager.module.internal.SimpleDeployedAppInfoBase$ModuleClassesInfoProvider@4d38ce4e
    entryContainerInfosMap = class java.util.HashMap@1703001d
      serialVersionUID = 362498820763181265
      DEFAULT_INITIAL_CAPACITY = 16
      MAXIMUM_CAPACITY = 1073741824
      DEFAULT_LOAD_FACTOR = 0.75
      TREEIFY_THRESHOLD = 8
      UNTREEIFY_THRESHOLD = 6
      MIN_TREEIFY_CAPACITY = 64
      table = null
      entrySet = null
      size = 0
      modCount = 0
      threshold = 0
      loadFactor = 0.75
      keySet = null
      values = null
    serialVersionUID = -70332790531324534
    $$$tc$$$ = class com.ibm.websphere.ras.TraceComponent@91ff0d4
      strings[0] = "TraceComponent[com.ibm.ws.app.manager.module.internal.SimpleDeployedAppInfoBase$ModuleClassesInfoProvider,class com.ibm.ws.app.manager.module.internal.SimpleDeployedAppInfoBase$ModuleClassesInfoProvider,[applications, app.manager],,null]"
  moduleContainerInfos = class java.util.ArrayList@5126caf0
    serialVersionUID = 8683452581122892189
    DEFAULT_CAPACITY = 10
    EMPTY_ELEMENTDATA = class java.lang.Object[0]
    DEFAULTCAPACITY_EMPTY_ELEMENTDATA = class java.lang.Object[0]
    elementData = class java.lang.Object[10]
      Object[0] = class com.ibm.ws.app.manager.module.internal.SimpleDeployedAppInfoBase$WebModuleContainerInfo@1ab432c7
      Object[1] = null
      Object[2] = null
      Object[3] = null
      Object[4] = null
      Object[5] = null
      Object[6] = null
      Object[7] = null
      Object[8] = null
      Object[9] = null
    size = 1
    MAX_ARRAY_SIZE = 2147483639
    modCount = 1
    MAX_ARRAY_SIZE = 2147483639
  activeModuleHandlers = class java.util.IdentityHashMap@1b7fd9e1
    DEFAULT_CAPACITY = 32
    MINIMUM_CAPACITY = 4
    MAXIMUM_CAPACITY = 536870912
    table = class java.lang.Object[16]
      Object[0] = null
      Object[1] = null
      Object[2] = null
      Object[3] = null
      Object[4] = null
      Object[5] = null
      Object[6] = null
      Object[7] = null
      Object[8] = null
      Object[9] = null
      Object[10] = null
      Object[11] = null
      Object[12] = null
      Object[13] = null
      Object[14] = null
      Object[15] = null
    size = 0
    modCount = 2
    NULL_KEY = class java.lang.Object@3df17795
    entrySet = null
    serialVersionUID = 8188218128353913216
    keySet = null
    values = null
  serialVersionUID = 7078125893012250887
  $$$tc$$$ = class com.ibm.websphere.ras.TraceComponent@2d204113
    strings[0] = "TraceComponent[com.ibm.ws.app.manager.module.internal.SimpleDeployedAppInfoBase,class com.ibm.ws.app.manager.module.internal.SimpleDeployedAppInfoBase,[applications, app.manager],,null]"

Dump of objectArray[0]
Object type = com.ibm.ws.threading.internal.NonCancelableResultFuture
  _done = false
  _result = null
  _failure = null
  _listeners = class java.util.concurrent.ConcurrentLinkedQueue@46db903b
    serialVersionUID = 196745693267521676
    head = class java.util.concurrent.ConcurrentLinkedQueue$Node@33ff6567
      item = null
      next = null
    tail = class java.util.concurrent.ConcurrentLinkedQueue$Node@33ff6567
    MAX_HOPS = 8
    HEAD = class java.lang.invoke.VarHandleReferences$FieldInstanceReadWrite@4171129f
      FORM = class java.lang.invoke.VarForm@1368bb84
      fieldOffset = 12
      receiverType = class java.lang.Class@de0a01f
      fieldType = class java.lang.Class@4c75cab9
      FORM = class java.lang.invoke.VarForm@5e59c2d
      vform = class java.lang.invoke.VarForm@1368bb84
      typesAndInvokers = null
      AIOOBE_SUPPLIER = class jdk.internal.util.Preconditions$1@6fae610
      VFORM_OFFSET = 12
      $assertionsDisabled = true
    TAIL = class java.lang.invoke.VarHandleReferences$FieldInstanceReadWrite@4e976188
      FORM = class java.lang.invoke.VarForm@1368bb84
      fieldOffset = 16
      receiverType = class java.lang.Class@de0a01f
      fieldType = class java.lang.Class@4c75cab9
      FORM = class java.lang.invoke.VarForm@5e59c2d
      vform = class java.lang.invoke.VarForm@1368bb84
      typesAndInvokers = null
      AIOOBE_SUPPLIER = class jdk.internal.util.Preconditions$1@6fae610
      VFORM_OFFSET = 12
      $assertionsDisabled = true
    ITEM = class java.lang.invoke.VarHandleReferences$FieldInstanceReadWrite@4a27de6b
      FORM = class java.lang.invoke.VarForm@1368bb84
      fieldOffset = 12
      receiverType = class java.lang.Class@4c75cab9
      fieldType = class java.lang.Class@4e25154f
      FORM = class java.lang.invoke.VarForm@5e59c2d
      vform = class java.lang.invoke.VarForm@1368bb84
      typesAndInvokers = null
      AIOOBE_SUPPLIER = class jdk.internal.util.Preconditions$1@6fae610
      VFORM_OFFSET = 12
      $assertionsDisabled = true
    NEXT = class java.lang.invoke.VarHandleReferences$FieldInstanceReadWrite@4347c6d6
      FORM = class java.lang.invoke.VarForm@1368bb84
      fieldOffset = 16
      receiverType = class java.lang.Class@4c75cab9
      fieldType = class java.lang.Class@4c75cab9
      FORM = class java.lang.invoke.VarForm@5e59c2d
      vform = class java.lang.invoke.VarForm@1368bb84
      typesAndInvokers = null
      AIOOBE_SUPPLIER = class jdk.internal.util.Preconditions$1@6fae610
      VFORM_OFFSET = 12
      $assertionsDisabled = true
    MAX_ARRAY_SIZE = 2147483639
  _notifiedListeners = class java.util.concurrent.atomic.AtomicBoolean@1ef2ba60
    serialVersionUID = 4654671469794556979
    VALUE = class java.lang.invoke.VarHandleInts$FieldInstanceReadWrite@12b2429b
      FORM = class java.lang.invoke.VarForm@26b560
      fieldOffset = 12
      receiverType = class java.lang.Class@52f759d7
      FORM = class java.lang.invoke.VarForm@f9660f9
      vform = class java.lang.invoke.VarForm@26b560
      typesAndInvokers = null
      AIOOBE_SUPPLIER = class jdk.internal.util.Preconditions$1@6fae610
      VFORM_OFFSET = 12
      $assertionsDisabled = true
    value = 0
  serialVersionUID = -296387658814354272
  $$$tc$$$ = class com.ibm.websphere.ras.TraceComponent@38c6ed3b
    strings[0] = "TraceComponent[com.ibm.ws.threading.internal.NonCancelableResultFuture,class com.ibm.ws.threading.internal.NonCancelableResultFuture,[Threading],com.ibm.ws.threading.internal.resources.ThreadingMessages,null]"

