------Start of DE processing------ = [29/06/19 19:57:56:978 COT]
Exception = com.ibm.ws.container.service.metadata.MetaDataException
Source = com.ibm.ws.app.manager.module.internal.DeployedAppInfoBase
probeid = 372
Stack Dump = com.ibm.ws.container.service.metadata.MetaDataException: com.ibm.wsspi.adaptable.module.UnableToAdaptException: com.ibm.ejs.container.EJBConfigurationException: Errors occurred processing EJB metadata
	at com.ibm.ws.ejbcontainer.osgi.internal.EJBContainerImpl.createEJBInWARModuleMetaData(EJBContainerImpl.java:156)
	at com.ibm.ws.ejbcontainer.war.internal.EJBWARMetaDataRuntime.createdNestedModuleMetaData(EJBWARMetaDataRuntime.java:63)
	at com.ibm.ws.app.manager.module.internal.SimpleDeployedAppInfoBase$ModuleContainerInfoBase.createModuleMetaData(SimpleDeployedAppInfoBase.java:173)
	at com.ibm.ws.app.manager.module.internal.DeployedAppInfoBase.preDeployApp(DeployedAppInfoBase.java:369)
	at com.ibm.ws.app.manager.module.internal.DeployedAppInfoBase.deployApp(DeployedAppInfoBase.java:413)
	at com.ibm.ws.app.manager.war.internal.WARApplicationHandlerImpl.install(WARApplicationHandlerImpl.java:65)
	at com.ibm.ws.app.manager.internal.statemachine.StartAction.execute(StartAction.java:140)
	at com.ibm.ws.app.manager.internal.statemachine.ApplicationStateMachineImpl.enterState(ApplicationStateMachineImpl.java:1261)
	at com.ibm.ws.app.manager.internal.statemachine.ApplicationStateMachineImpl.run(ApplicationStateMachineImpl.java:876)
	at com.ibm.ws.threading.internal.ExecutorServiceImpl$RunnableWrapper.run(ExecutorServiceImpl.java:239)
	at java.util.concurrent.ThreadPoolExecutor.runWorker(Unknown Source)
	at java.util.concurrent.ThreadPoolExecutor$Worker.run(Unknown Source)
	at java.lang.Thread.run(Unknown Source)
Caused by: com.ibm.wsspi.adaptable.module.UnableToAdaptException: com.ibm.ejs.container.EJBConfigurationException: Errors occurred processing EJB metadata
	at com.ibm.ws.ejbcontainer.osgi.internal.ModuleInitDataAdapter.adapt(ModuleInitDataAdapter.java:124)
	at com.ibm.ws.ejbcontainer.osgi.internal.ModuleInitDataAdapter.adapt(ModuleInitDataAdapter.java:40)
	at com.ibm.ws.adaptable.module.internal.AdapterFactoryServiceImpl.adapt(AdapterFactoryServiceImpl.java:196)
	at com.ibm.ws.adaptable.module.internal.AdaptableContainerImpl.adapt(AdaptableContainerImpl.java:170)
	at com.ibm.ws.ejbcontainer.osgi.internal.EJBContainerImpl.createEJBInWARModuleMetaData(EJBContainerImpl.java:143)
	... 12 more
Caused by: com.ibm.ejs.container.EJBConfigurationException: Errors occurred processing EJB metadata
	at com.ibm.ws.ejbcontainer.osgi.internal.ModuleInitDataFactory.createModuleInitData(ModuleInitDataFactory.java:536)
	at com.ibm.ws.ejbcontainer.osgi.internal.ModuleInitDataAdapter.createModuleInitData(ModuleInitDataAdapter.java:145)
	at com.ibm.ws.ejbcontainer.osgi.internal.ModuleInitDataAdapter.adapt(ModuleInitDataAdapter.java:108)
	... 16 more

Dump of callerThis
Object type = com.ibm.ws.app.manager.war.internal.WARDeployedAppInfo
  CONTEXT_ROOT = "context-root"
  webModuleHandler = class com.ibm.ws.app.manager.web.internal.WebModuleHandlerImpl@656b9930
    serialVersionUID = 4795602325763828210
    $$$tc$$$ = class com.ibm.websphere.ras.TraceComponent@e227f1f
      strings[0] = "TraceComponent[com.ibm.ws.app.manager.web.internal.WebModuleHandlerImpl,class com.ibm.ws.app.manager.web.internal.WebModuleHandlerImpl,[webcontainer, applications, app.manager],com.ibm.ws.app.manager.war.internal.resources.Messages,null]"
    futureMonitor = class com.ibm.ws.threading.internal.FutureMonitorImpl@25372a17
    metaDataService = class com.ibm.ws.container.service.metadata.internal.MetaDataServiceImpl@378cf534
    stateChangeService = class com.ibm.ws.container.service.state.internal.StateChangeServiceImpl@58f4322f
    moduleRuntimeContainer = class com.ibm.ws.webcontainer.osgi.WebContainer@1eddb45
      tc = class com.ibm.websphere.ras.TraceComponent@4014d305
      CLASS_NAME = "com.ibm.ws.webcontainer.osgi.WebContainer"
      initialized = true
      eventService = class com.ibm.ws.event.internal.EventEngineImpl@d3080d1
      futureMonitor = class com.ibm.ws.threading.internal.FutureMonitorImpl@25372a17
      classLoadingSRRef = class com.ibm.wsspi.kernel.service.utils.AtomicServiceReference@4226c6f
      sessionHelperSRRef = class com.ibm.wsspi.kernel.service.utils.AtomicServiceReference@6520af40
      cacheManagerSRRef = class com.ibm.wsspi.kernel.service.utils.AtomicServiceReference@8a471ef
      injectionEngineSRRef = class com.ibm.wsspi.kernel.service.utils.AtomicServiceReference@19b4e22
      managedObjectServiceSRRef = class com.ibm.wsspi.kernel.service.utils.AtomicServiceReference@164d1b6a
      backgroundWebAppStartFutures = class com.ibm.ws.webcontainer.util.OneTimeUseArrayList@7677fc4c
      REFERENCE_WEB_MBEAN_RUNTIME = "webMBeanRuntime"
      webMBeanRuntimeServiceRef = class com.ibm.wsspi.kernel.service.utils.AtomicServiceReference@5d77c064
      servletContainerInitializers = class com.ibm.wsspi.kernel.service.utils.ConcurrentServiceReferenceSet@6466fb6
      es = class com.ibm.ws.threading.internal.ExecutorServiceImpl@57bd5cb0
      locationServiceRef = class java.util.concurrent.atomic.AtomicReference@782eb25f
      transferContextServiceRef = class com.ibm.wsspi.kernel.service.utils.ConcurrentServiceReferenceSet@31f2a48a
      encodingServiceRef = class java.util.concurrent.atomic.AtomicReference@52e52630
      instance = class java.util.concurrent.atomic.AtomicReference@67ebd805
      vhostManager = class com.ibm.ws.webcontainer.osgi.DynamicVirtualHostManager@6ada32ed
      metaDataService = class com.ibm.ws.container.service.metadata.internal.MetaDataServiceImpl@378cf534
      j2eeNameFactory = class com.ibm.ws.container.service.metadata.internal.J2EENameFactoryImpl@fde0cc7
      context = class org.apache.felix.scr.impl.manager.ComponentContextImpl@4e281dc8
      contextRoots = class java.util.Collections$SynchronizedSet@3507669b
      pendingContextRoots = class java.util.HashMap@c95abce
      deployedModuleMap = class java.util.concurrent.ConcurrentHashMap@3763bdeb
      connContextPool = class com.ibm.ws.webcontainer40.osgi.srt.factory.SRTConnectionContextPool40Impl@39ab3092
      DEFAULT_PORT = "*"
      DEFAULT_VHOST_NAME = "default_host"
      cachedServerInfo = "IBM WebSphere Liberty/19.0.0.3"
      lock = class com.ibm.ws.webcontainer.osgi.WebContainer$1@3716aa82
      webAppFactory = class com.ibm.ws.webcontainer40.osgi.webapp.factory.WebAppFactory40Impl@167cbc75
      requestFactory = class com.ibm.ws.webcontainer40.osgi.response.factory.IRequestResponseFactory40Impl@3c5ac7b4
      responseFactory = class com.ibm.ws.webcontainer40.osgi.response.factory.IRequestResponseFactory40Impl@3c5ac7b4
      asyncContextFactory = class com.ibm.ws.webcontainer40.async.factory.AsyncContextFactory40Impl@5c954f0d
      DEFAULT_MAX_VERSION = 30
      versionRef = class org.eclipse.osgi.internal.serviceregistry.ServiceReferenceImpl@5e55aca7
      serverStopping = class com.ibm.ws.staticvalue.StaticValue$FinalSingleton@2db92c0c
      modulesStarting = 0
      uriMatcherFactory = class com.ibm.wsspi.webcontainer40.util.factory.URIMatcherFactory40Impl@47342968
      SPEC_LEVEL_UNLOADED = -1
      SPEC_LEVEL_30 = 30
      SPEC_LEVEL_31 = 31
      SPEC_LEVEL_40 = 40
      DEFAULT_SPEC_LEVEL = 30
      loadedContainerSpecLevel = 40
      ISO = "ISO-8859-1"
      encoding = "UTF-8"
      decode = true
      wcconfig = class com.ibm.ws.webcontainer.osgi.WebContainerConfiguration@426c49a2
      applicationListeners = class java.util.ArrayList@2651d4af
      servletListeners = class java.util.ArrayList@4048d664
      servletErrorListeners = class java.util.ArrayList@ef46712
      servletInvocationListeners = class java.util.ArrayList@2ef51e37
      filterInvocationListeners = class java.util.ArrayList@62943ea
      filterErrorListeners = class java.util.ArrayList@544ebd
      filterListeners = class java.util.ArrayList@2d356552
      servletRequestListeners = class java.util.ArrayList@2bb7c265
      servletRequestAttributeListeners = class java.util.ArrayList@67cdf2ea
      servletContextListeners = class java.util.ArrayList@45ce6908
      servletContextAttributeListeners = class java.util.ArrayList@43579b16
      sessionListeners = class java.util.ArrayList@56e6ddf3
      sessionIdListeners = class java.util.ArrayList@5e342f67
      sessionAttributeListeners = class java.util.ArrayList@68049b80
      DEFAULT_HOST = "default_host"
      _initialized = true
      logger = class com.ibm.ws.logging.internal.WsLogger@177432bd
      CLASS_NAME = "com.ibm.ws.webcontainer.internal.WebContainer"
      nls = class com.ibm.ejs.ras.TraceNLS@771d6ce5
      self = class java.util.concurrent.atomic.AtomicReference@82d2a76
      _cipherToBit = class java.util.HashMap@44b97868
      cacheKeyStringBuilder = class com.ibm.ws.util.WSThreadLocal@726e5b98
      listenersInitialized = true
      webConProperties = class java.util.Properties@6e087b74
      sessionRegistry = null
      isStopped = false
      readWriteLockForStopping = class java.util.concurrent.locks.ReentrantReadWriteLock@f978259
      urlPrefix = ";jsessionid="
      extensionFactories = class java.util.ArrayList@e2c1fb
      postInitExtensionFactories = null
      httpResponseListeners = class java.util.ArrayList@d0e8e4
      servletContainerInitializers = class java.util.ServiceLoader@2daef051
      auditManager = class com.ibm.websphere.security.audit.context.AuditManager@1e983af7
      invocationCacheSize = 500
      decodePlusSign = true
      _cacheMap = class java.util.concurrent.ConcurrentHashMap@863ddc6
      _cacheSize = class java.util.concurrent.atomic.AtomicInteger@ff393e6
      vHostCompatFlag = false
      platformHelper = class com.ibm.ws.webcontainer.PlatformHelper@5585d631
      isDefaultTempDir = true
      tempDir = null
      servletCachingInitNeeded = true
      appInstallBegun = true
      cacheServletWrapperFactory = class com.ibm.ws.webcontainer40.servlet.factory.CacheServletWrapperFactory40Impl@a9501f4
      commands = class java.util.ArrayList@1c8e708d
      requestMapper = class com.ibm.ws.webcontainer.util.VirtualHostContextRootMapper@ff1bc59
      parent = null
      name = "Was.webcontainer"
      isAlive = true
      subElements = class java.util.HashMap@743ed7c8
      attributes = null
      config = null
      serialVersionUID = -8271459000149267764
      $$$tc$$$ = class com.ibm.websphere.ras.TraceComponent@7298ebe8
    firstFailure = null
    serialVersionUID = -4563697739413190872
    $$$tc$$$ = class com.ibm.websphere.ras.TraceComponent@380de82d
      strings[0] = "TraceComponent[com.ibm.ws.app.manager.module.internal.ModuleHandlerBase,class com.ibm.ws.app.manager.module.internal.ModuleHandlerBase,[applications, app.manager],,null]"
  webContainerModuleInfo = class com.ibm.ws.app.manager.module.internal.SimpleDeployedAppInfoBase$WebModuleContainerInfo@24fd893a
    contextRoot = null
    defaultContextRoot = "testingPrimefaces"
    serialVersionUID = -8158961796913348204
    $$$tc$$$ = class com.ibm.websphere.ras.TraceComponent@6fac82bc
      strings[0] = "TraceComponent[com.ibm.ws.app.manager.module.internal.SimpleDeployedAppInfoBase$WebModuleContainerInfo,class com.ibm.ws.app.manager.module.internal.SimpleDeployedAppInfoBase$WebModuleContainerInfo,[applications, app.manager],,null]"
    moduleHandler = class com.ibm.ws.app.manager.web.internal.WebModuleHandlerImpl@656b9930
    moduleMetaDataExtenders = class java.util.concurrent.CopyOnWriteArrayList@2192f65c
      serialVersionUID = 8673264195747942595
      lock = class java.util.concurrent.locks.ReentrantLock@73f4d8f
      array = class java.lang.Object[3]
      UNSAFE = class sun.misc.Unsafe@e75495
      lockOffset = 12
    nestedModuleMetaDataFactories = class java.util.concurrent.CopyOnWriteArrayList@6f6c1260
      serialVersionUID = 8673264195747942595
      lock = class java.util.concurrent.locks.ReentrantLock@685c49cf
      array = class java.lang.Object[1]
      UNSAFE = class sun.misc.Unsafe@e75495
      lockOffset = 12
    nestedModules = null
    moduleName = "testingPrimefaces"
    moduleDD = class com.ibm.ws.javaee.ddmodel.web.common.WebAppType@e65492b
      version = class com.ibm.ws.javaee.ddmodel.TokenType@6b67209
      metadata_complete = null
      module_name = null
      absolute_ordering = null
      serialVersionUID = 4092807504738198665
      $$$tc$$$ = class com.ibm.websphere.ras.TraceComponent@5874e8fd
      description = null
      display_name = null
      icon = null
      distributable = null
      context_param = class com.ibm.ws.javaee.ddmodel.common.ParamValueType$ListType@20371099
      filter = null
      filter_mapping = null
      listener = null
      servlet = class com.ibm.ws.javaee.ddmodel.web.common.ServletType$ListType@74c320da
      servlet_mapping = class com.ibm.ws.javaee.ddmodel.web.common.ServletMappingType$ListType@3195b557
      session_config = class com.ibm.ws.javaee.ddmodel.web.common.SessionConfigType@57481d2f
      mime_mapping = class com.ibm.ws.javaee.ddmodel.web.common.MimeMappingType$ListType@4fe37c87
      welcome_file_list = class com.ibm.ws.javaee.ddmodel.web.common.WelcomeFileListType@22cb4051
      error_page = class com.ibm.ws.javaee.ddmodel.web.common.ErrorPageType$ListType@3ee86652
      jsp_config = null
      security_constraint = null
      deny_uncovered_http_methods = null
      login_config = null
      security_role = null
      message_destination = null
      locale_encoding_mapping_list = null
      default_context_path = null
      request_encoding = null
      response_encoding = null
      servletNameToServletMap = null
      filterNameToFilterMap = null
      ejbRefNameToEJBLocalRefMap = null
      ejbRefNameToEJBRefMap = null
      resourceEnvRefNameToResourceEnvRefMap = null
      messageDestinationRefNameToMessageDestinationRefMap = null
      resRefNameToResourceRefMap = null
      envEntryNameToEnvEntryMap = null
      roleNameToSecurityRoleMap = null
      roleLinkToSecurityRoleRefMap = null
      handlerNameToHandlerMap = null
      path = "WEB-INF/web.xml"
      idMap = class com.ibm.ws.javaee.ddmodel.DDParser$ComponentIDMap@295eb5c5
      serialVersionUID = 5321339975883512588
      $$$tc$$$ = class com.ibm.websphere.ras.TraceComponent@38ee3497
      post_construct = null
      pre_destroy = null
      serialVersionUID = 1102064201943992836
      $$$tc$$$ = class com.ibm.websphere.ras.TraceComponent@447481c6
      env_entry = null
      ejb_ref = null
      ejb_local_ref = null
      resource_ref = null
      resource_env_ref = null
      message_destination_ref = null
      persistence_context_ref = null
      persistence_unit_ref = null
      data_source = null
      jms_connection_factory = null
      jms_destination = null
      mail_session = null
      connection_factory = null
      administered_object = null
      serialVersionUID = 8931982405528922228
      $$$tc$$$ = class com.ibm.websphere.ras.TraceComponent@652938e8
      service_ref = null
      serialVersionUID = -6199862059825607270
      $$$tc$$$ = class com.ibm.websphere.ras.TraceComponent@37b2c9d2
      nilled = false
      serialVersionUID = -2826386306561723362
      $$$tc$$$ = class com.ibm.websphere.ras.TraceComponent@6a3fee1f
    moduleInfo = class com.ibm.ws.app.manager.module.internal.WebModuleInfoImpl@7e229bbf
      contextRoot = "/testingPrimefaces"
      isDefaultContextRootUsed = true
      serialVersionUID = -1540279394520440503
      $$$tc$$$ = class com.ibm.websphere.ras.TraceComponent@589f1dfa
      tc = class com.ibm.websphere.ras.TraceComponent@681937e8
      appInfo = class com.ibm.ws.container.service.app.deploy.internal.ApplicationInfoImpl@4127d7cd
      moduleName = "testingPrimefaces"
      path = "testingPrimefaces.war"
      moduleContainer = class com.ibm.ws.adaptable.module.internal.AdaptableContainerImpl@29a2636
      altDDEntry = null
      moduleClassesContainers = class java.util.ArrayList@35008640
      classLoaderFactory = class com.ibm.ws.app.manager.war.internal.WARDeployedAppInfo@7f341fb7
      containerInfoType = class com.ibm.ws.container.service.app.deploy.ContainerInfo$Type@7b6e82e3
      classLoader = class com.ibm.ws.classloading.internal.AppClassLoader@29b831d3
      moduleMetaData = class com.ibm.ws.webcontainer.osgi.metadata.WebModuleMetaDataImpl@488bbfc
      nestedModuleMetaDataTypes = null
      nestedModuleMetaDataValues = null
      serialVersionUID = 3986734351620206554
    serialVersionUID = 8693907776607441911
    $$$tc$$$ = class com.ibm.websphere.ras.TraceComponent@4afdc192
      strings[0] = "TraceComponent[com.ibm.ws.app.manager.module.internal.SimpleDeployedAppInfoBase$ModuleContainerInfoBase,class com.ibm.ws.app.manager.module.internal.SimpleDeployedAppInfoBase$ModuleContainerInfoBase,[applications, app.manager],,null]"
    type = class com.ibm.ws.container.service.app.deploy.ContainerInfo$Type@7b6e82e3
      MANIFEST_CLASSPATH = class com.ibm.ws.container.service.app.deploy.ContainerInfo$Type@627b915f
      WEB_INF_CLASSES = class com.ibm.ws.container.service.app.deploy.ContainerInfo$Type@2022f33c
      WEB_INF_LIB = class com.ibm.ws.container.service.app.deploy.ContainerInfo$Type@2ac56f49
      EAR_LIB = class com.ibm.ws.container.service.app.deploy.ContainerInfo$Type@7e4412e
      WEB_MODULE = class com.ibm.ws.container.service.app.deploy.ContainerInfo$Type@7b6e82e3
      EJB_MODULE = class com.ibm.ws.container.service.app.deploy.ContainerInfo$Type@392bd9e4
      CLIENT_MODULE = class com.ibm.ws.container.service.app.deploy.ContainerInfo$Type@ea776ee
      RAR_MODULE = class com.ibm.ws.container.service.app.deploy.ContainerInfo$Type@f99ef54
      JAR_MODULE = class com.ibm.ws.container.service.app.deploy.ContainerInfo$Type@2a5122b8
      SHARED_LIB = class com.ibm.ws.container.service.app.deploy.ContainerInfo$Type@4dd22aef
      $VALUES = class com.ibm.ws.container.service.app.deploy.ContainerInfo$Type[10]
      $$$tc$$$ = class com.ibm.websphere.ras.TraceComponent@6a844031
      name = "WEB_MODULE"
      ordinal = 4
    name = "testingPrimefaces.war"
    container = class com.ibm.ws.adaptable.module.internal.AdaptableContainerImpl@29a2636
      root = class com.ibm.ws.adaptable.module.internal.AdaptableContainerImpl@29a2636
      rootOverlay = class com.ibm.ws.artifact.overlay.internal.DirectoryBasedOverlayContainerImpl@359a96b6
      factoryHolder = class com.ibm.ws.adaptable.module.internal.AdaptableModuleFactoryImpl@7393202b
      delegate = class com.ibm.ws.artifact.overlay.internal.DirectoryBasedOverlayContainerImpl@359a96b6
      notifier = class com.ibm.ws.adaptable.module.internal.NotifierImpl@2df854e0
      serialVersionUID = -5621513278641113667
      $$$tc$$$ = class com.ibm.websphere.ras.TraceComponent@438f71a9
    altDDEntry = null
    classesContainerInfo = class java.util.ArrayList@35008640
      serialVersionUID = 8683452581122892189
      DEFAULT_CAPACITY = 10
      EMPTY_ELEMENTDATA = class java.lang.Object[0]
      DEFAULTCAPACITY_EMPTY_ELEMENTDATA = class java.lang.Object[0]
      elementData = class java.lang.Object[10]
      size = 6
      MAX_ARRAY_SIZE = 2147483639
      modCount = 7
      MAX_ARRAY_SIZE = 2147483639
    serialVersionUID = 7427332431485745589
    $$$tc$$$ = class com.ibm.websphere.ras.TraceComponent@5fe71fed
      strings[0] = "TraceComponent[com.ibm.ws.app.manager.module.internal.SimpleDeployedAppInfoBase$ExtendedContainerInfo,class com.ibm.ws.app.manager.module.internal.SimpleDeployedAppInfoBase$ExtendedContainerInfo,[applications, app.manager],,null]"
  DYNAMIC_IMPORT_PACKAGE_LIST = class java.util.Collections$UnmodifiableRandomAccessList@49663c49
    serialVersionUID = -2542308836966382001
    serialVersionUID = -283967356065247728
    list = class java.util.Arrays$ArrayList@6fd0ad47
      serialVersionUID = -2764017481108945198
      a = class java.lang.String[1]
      modCount = 0
      MAX_ARRAY_SIZE = 2147483639
    serialVersionUID = 1820017752578914078
    c = class java.util.Arrays$ArrayList@6fd0ad47
  serialVersionUID = -6153587016903242961
  $$$tc$$$ = class com.ibm.websphere.ras.TraceComponent@76706d0e
    strings[0] = "TraceComponent[com.ibm.ws.app.manager.war.internal.WARDeployedAppInfo,class com.ibm.ws.app.manager.war.internal.WARDeployedAppInfo,[webcontainer, applications, app.manager],com.ibm.ws.app.manager.war.internal.resources.Messages,null]"
  _tc = class com.ibm.websphere.ras.TraceComponent@47ad2381
    strings[0] = "TraceComponent[com.ibm.ws.app.manager.module.internal.DeployedAppInfoBase,class com.ibm.ws.app.manager.module.internal.DeployedAppInfoBase,[app.manager],com.ibm.ws.app.manager.module.internal.resources.Messages,null]"
  PERMISSION_XML = "permissions.xml"
  applicationInformation = class com.ibm.ws.app.manager.internal.ApplicationInstallInfo@71d915e9
    _config = class com.ibm.ws.app.manager.internal.ApplicationConfig@a54d809
      tc = class com.ibm.websphere.ras.TraceComponent@63a9045a
      _configPid = "com.ibm.ws.app.manager_62"
      _config = class com.ibm.ws.config.admin.ConfigurationDictionary@7ae27add
      _applicationManager = class com.ibm.ws.app.manager.ApplicationManager@4161fb5a
      _location = "testingPrimefaces.war"
      _type = "war"
      _name = "testingPrimefaces"
      _notificationBroadcasterSupport = class javax.management.NotificationBroadcasterSupport@1d64a771
      ONE_TIME_JANDEX_MSGS_DISPLAYED = true
    _handlerInfo = class java.util.concurrent.atomic.AtomicReference@5c5d51af
      serialVersionUID = -1848883965231344442
      unsafe = class sun.misc.Unsafe@e75495
      valueOffset = 12
      value = class com.ibm.ws.app.manager.war.internal.WARDeployedAppInfo@7f341fb7
    _container = class java.util.concurrent.atomic.AtomicReference@74897ede
      serialVersionUID = -1848883965231344442
      unsafe = class sun.misc.Unsafe@e75495
      valueOffset = 12
      value = class com.ibm.ws.adaptable.module.internal.AdaptableContainerImpl@29a2636
    _resolvedLocation = class java.util.concurrent.atomic.AtomicReference@3a76f69a
      serialVersionUID = -1848883965231344442
      unsafe = class sun.misc.Unsafe@e75495
      valueOffset = 12
      value = class com.ibm.ws.kernel.service.location.internal.LocalFileResource@53519e9
    _handler = class com.ibm.ws.app.manager.war.internal.WARApplicationHandlerImpl@16cef54d
      futureMonitor = class com.ibm.ws.threading.internal.FutureMonitorImpl@25372a17
      deployedAppFactory = class com.ibm.ws.app.manager.war.internal.WARDeployedAppInfoFactoryImpl@14b8dbdb
      serialVersionUID = 4622845147410944782
      $$$tc$$$ = class com.ibm.websphere.ras.TraceComponent@bf5f20a
    _ami = class java.util.concurrent.atomic.AtomicReference@20a80e12
      serialVersionUID = -1848883965231344442
      unsafe = class sun.misc.Unsafe@e75495
      valueOffset = 12
      value = class com.ibm.wsspi.application.handler.DefaultApplicationMonitoringInformation@5686f21a
    _updateHandler = class com.ibm.ws.app.manager.internal.statemachine.ApplicationStateMachineImpl@1f68eb57
      _tc = class com.ibm.websphere.ras.TraceComponent@1ac01d96
      EMPTY_FUTURE_ARRAY = interface java.util.concurrent.Future[0]
      asmSequenceNumber = class java.util.concurrent.atomic.AtomicLong@26cb9c65
      _qscaCounter = class java.util.concurrent.atomic.AtomicInteger@7f667218
      _failedThrowable = null
      _interruptibleLock = class com.ibm.ws.app.manager.internal.statemachine.ApplicationStateMachineImpl$2@3e82e4d6
      _interruptible = false
      _performingQueuedActions = true
      _queuedActions = class java.util.concurrent.ConcurrentLinkedQueue@2b7c116b
      _callbackState = class java.util.concurrent.atomic.AtomicReference@51ae98d5
      blockAppStartingFutures = class java.util.Collections$SetFromMap@1d14d64a
      waitingForAppHandlerFuture = class java.util.concurrent.atomic.AtomicReference@3499256a
      waitingForExplicitStartFuture = class java.util.concurrent.atomic.AtomicReference@7f259ddb
      completionListener = class java.util.concurrent.atomic.AtomicReference@5a68cada
      _notifyAppStopped = class java.util.concurrent.ConcurrentLinkedQueue@6175e15b
      _notifyAppStarting = class java.util.concurrent.ConcurrentLinkedQueue@1c3a3a6a
      _notifyAppInstallCalled = class java.util.concurrent.ConcurrentLinkedQueue@4fa2b773
      _notifyAppStarted = class java.util.concurrent.ConcurrentLinkedQueue@53809a47
      _notifyAppRemoved = class java.util.concurrent.ConcurrentLinkedQueue@1db1d655
      _stateLock = class com.ibm.ws.app.manager.internal.statemachine.ApplicationStateMachineImpl$3@509556e3
      _internalState = class java.util.concurrent.atomic.AtomicReference@ad67aad
      _currentAction = class java.util.concurrent.atomic.AtomicReference@5dd39b12
      _rfa = class java.util.concurrent.atomic.AtomicReference@4e43fd83
      _appInstallInfo = class java.util.concurrent.atomic.AtomicReference@341b98e6
      _update = class java.util.concurrent.atomic.AtomicBoolean@d218fda
      _appConfig = class java.util.concurrent.atomic.AtomicReference@4c6b8e67
      _nextAppConfig = class java.util.concurrent.atomic.AtomicReference@1d95cd8c
      _appContainer = class java.util.concurrent.atomic.AtomicReference@75a1ba70
      _resolvedLocation = class java.util.concurrent.atomic.AtomicReference@74ffa441
      _handler = class java.util.concurrent.atomic.AtomicReference@64f7140f
      _asmSeqNo = 0
      _ctx = class org.eclipse.osgi.internal.framework.BundleContextImpl@d9ac0d6
      _locAdmin = class com.ibm.ws.kernel.service.location.internal.WsLocationAdminImpl@50696ea4
      _futureMonitor = class com.ibm.ws.threading.internal.FutureMonitorImpl@25372a17
      _artifactFactory = class com.ibm.ws.artifact.internal.ArtifactContainerFactoryService@39969f8
      _moduleFactory = class com.ibm.ws.adaptable.module.internal.AdaptableModuleFactoryImpl@7393202b
      _executorService = class com.ibm.ws.threading.internal.ExecutorServiceImpl@57bd5cb0
      _scheduledExecutorService = class com.ibm.ws.threading.internal.ScheduledExecutorImpl@207a32e2
      _asmHelper = class com.ibm.ws.app.manager.internal.ApplicationConfigurator$NamedApplication@28905bb
      _appMonitor = class com.ibm.ws.app.manager.internal.monitor.ApplicationMonitor@2f371e0d
      enterStateCalled = class java.util.concurrent.atomic.AtomicBoolean@26e37a06
      serialVersionUID = 6511956370079301927
      serialVersionUID = 5501066335104962649
      $$$tc$$$ = class com.ibm.websphere.ras.TraceComponent@33d1bb79
    serialVersionUID = 2630639237123415755
    $$$tc$$$ = class com.ibm.websphere.ras.TraceComponent@299726dd
      strings[0] = "TraceComponent[com.ibm.ws.app.manager.internal.ApplicationInstallInfo,class com.ibm.ws.app.manager.internal.ApplicationInstallInfo,[applications, app.manager],com.ibm.ws.app.manager.internal.resources.AppManagerMessages,null]"
  location = "D:\devel\tools\wlp\usr\servers\defaultServer\apps\testingPrimefaces.war.xml"
  classLoadingService = class com.ibm.ws.classloading.internal.ClassLoadingServiceImpl@39a5f6b1
    tc = class com.ibm.websphere.ras.TraceComponent@fe33e68
      strings[0] = "TraceComponent[com.ibm.ws.classloading.internal.ClassLoadingServiceImpl,class com.ibm.ws.classloading.internal.ClassLoadingServiceImpl,[ClassLoadingService],com.ibm.ws.classloading.internal.resources.ClassLoadingServiceMessages,null]"
    leakDetectionMap = class java.util.HashMap@6edf936c
      serialVersionUID = 362498820763181265
      DEFAULT_INITIAL_CAPACITY = 16
      MAXIMUM_CAPACITY = 1073741824
      DEFAULT_LOAD_FACTOR = 0.75
      TREEIFY_THRESHOLD = 8
      UNTREEIFY_THRESHOLD = 6
      MIN_TREEIFY_CAPACITY = 64
      table = null
      entrySet = null
      size = 0
      modCount = 0
      threshold = 0
      loadFactor = 0.75
      keySet = null
      values = null
    TCCL_LOCK_WAIT = 15000
    REFERENCE_GENERATORS = "generators"
    bundleContext = class org.eclipse.osgi.internal.framework.BundleContextImpl@29dc5361
    aclStore = class com.ibm.ws.classloading.internal.util.CanonicalStore@30feec86
      map = class java.util.concurrent.ConcurrentHashMap@47817a7f
      q = class com.ibm.ws.classloading.internal.util.RefQueue@60d1ea27
      serialVersionUID = 6715157558227169968
      $$$tc$$$ = class com.ibm.websphere.ras.TraceComponent@7fde8c62
    tcclStore = class com.ibm.ws.classloading.internal.util.CanonicalStore@24dcffd5
      map = class java.util.concurrent.ConcurrentHashMap@697ab646
      q = class com.ibm.ws.classloading.internal.util.RefQueue@623816eb
      serialVersionUID = 6715157558227169968
      $$$tc$$$ = class com.ibm.websphere.ras.TraceComponent@7fde8c62
    tcclStoreLock = class java.util.concurrent.locks.ReentrantLock@1f405d5d
      serialVersionUID = 7373984872572414699
      sync = class java.util.concurrent.locks.ReentrantLock$NonfairSync@c8aff12
    digraph = class org.eclipse.equinox.internal.region.StandardRegionDigraph@d16e92a
      EMPTY_EDGE_SET = class java.util.Collections$UnmodifiableSet@5d8f7445
      monitor = class java.lang.Object@1bbc3cc5
      regions = class java.util.HashMap@4e0edecd
      bundleIdToRegionMapping = class org.eclipse.equinox.internal.region.StandardBundleIdToRegionMapping@3e68cbaf
      edges = class java.util.HashMap@1863bd7b
      bundleContext = class org.eclipse.osgi.internal.framework.BundleContextImpl@25bbf683
      threadLocal = class java.lang.ThreadLocal@62c3f0a6
      subgraphTraverser = class org.eclipse.equinox.internal.region.SubgraphTraverser@5a03a285
      bundleCollisionHook = class org.eclipse.equinox.internal.region.hook.RegionBundleCollisionHook@224e3fd9
      bundleEventHook = class org.eclipse.equinox.internal.region.hook.RegionBundleEventHook@27c3c68e
      bundleFindHook = class org.eclipse.equinox.internal.region.hook.RegionBundleFindHook@5a785410
      serviceEventHook = class org.eclipse.equinox.internal.region.hook.RegionServiceEventHook@1da8c250
      serviceFindHook = class org.eclipse.equinox.internal.region.hook.RegionServiceFindHook@4ecb96cb
      resolverHookFactory = class org.eclipse.equinox.internal.region.hook.RegionResolverHookFactory@7785de2a
      origin = null
      originUpdateCount = -1
      updateCount = class java.util.concurrent.atomic.AtomicLong@6fc5cc1e
      defaultRegion = null
    redefiner = class com.ibm.ws.classloading.internal.util.ClassRedefiner@2d57c800
      tc = class com.ibm.websphere.ras.TraceComponent@79b9468f
      LS = "
"
      inst = class com.ibm.ws.kernel.launch.internal.TraceInstrumentation@4e730eb8
      serialVersionUID = 2420101865139508526
    listener = class com.ibm.ws.classloading.internal.ClassLoadingServiceImpl$1@4acbaed2
      this$0 = class com.ibm.ws.classloading.internal.ClassLoadingServiceImpl@39a5f6b1
      serialVersionUID = -9159707349812113172
      $$$tc$$$ = class com.ibm.websphere.ras.TraceComponent@7271a9c0
    classloaders = class java.util.Collections$SynchronizedMap@92ad209
      serialVersionUID = 1978198479659022715
      m = class java.util.HashMap@1b86458a
      mutex = class java.util.Collections$SynchronizedMap@92ad209
      keySet = null
      entrySet = null
      values = null
    resourceProviders = class com.ibm.ws.classloading.internal.CompositeResourceProvider@149ddcc4
      lockFactory = class java.util.concurrent.locks.ReentrantReadWriteLock@55aec1cb
      providerMap = class com.ibm.ws.classloading.internal.util.MultiMap@7cfe3c78
      serialVersionUID = -5576435894946156347
      $$$tc$$$ = class com.ibm.websphere.ras.TraceComponent@303a1139
    rememberedBundles = class java.util.concurrent.ConcurrentHashMap@2e7828c4
      serialVersionUID = 7249069246763182397
      MAXIMUM_CAPACITY = 1073741824
      DEFAULT_CAPACITY = 16
      MAX_ARRAY_SIZE = 2147483639
      DEFAULT_CONCURRENCY_LEVEL = 16
      LOAD_FACTOR = 0.75
      TREEIFY_THRESHOLD = 8
      UNTREEIFY_THRESHOLD = 6
      MIN_TREEIFY_CAPACITY = 64
      MIN_TRANSFER_STRIDE = 16
      RESIZE_STAMP_BITS = 16
      MAX_RESIZERS = 65535
      RESIZE_STAMP_SHIFT = 16
      MOVED = -1
      TREEBIN = -2
      RESERVED = -3
      HASH_BITS = 2147483647
      NCPU = 4
      serialPersistentFields = class java.io.ObjectStreamField[3]
      table = class java.util.concurrent.ConcurrentHashMap$Node[16]
      nextTable = null
      baseCount = 5
      sizeCtl = 12
      transferIndex = 0
      cellsBusy = 0
      counterCells = null
      keySet = null
      values = null
      entrySet = null
      U = class sun.misc.Unsafe@e75495
      SIZECTL = 20
      TRANSFERINDEX = 32
      BASECOUNT = 24
      CELLSBUSY = 36
      CELLVALUE = 144
      ABASE = 16
      ASHIFT = 2
      keySet = null
      values = null
    collectedBundles = class java.lang.ref.ReferenceQueue@39d2aee7
      NULL = class java.lang.ref.ReferenceQueue$Null@bf886f6
      ENQUEUED = class java.lang.ref.ReferenceQueue$Null@1d71858b
      lock = class java.lang.ref.ReferenceQueue$Lock@68a45821
      head = null
      queueLength = 0
      $assertionsDisabled = true
    generatorRefs = class com.ibm.wsspi.kernel.service.utils.ConcurrentServiceReferenceSet@66b7894e
      referenceName = "generators"
      contextRef = class java.util.concurrent.atomic.AtomicReference@3aaa82bd
      elementMap = class java.util.LinkedHashMap@4965030e
      elementSet = class java.util.concurrent.ConcurrentSkipListSet@4d42f7c0
      elementSetUnsorted = false
      serialVersionUID = 756240983881166148
      $$$tc$$$ = class com.ibm.websphere.ras.TraceComponent@100b825f
    generatorManager = class com.ibm.ws.classloading.internal.ClassGeneratorManager@3e5d4fc9
      tc = class com.ibm.websphere.ras.TraceComponent@4e6d971a
      generatorRefs = class com.ibm.wsspi.kernel.service.utils.ConcurrentServiceReferenceSet@66b7894e
      serialVersionUID = 4152663586056483310
    appExtLibs = class java.util.concurrent.CopyOnWriteArrayList@1cb612a0
      serialVersionUID = 8673264195747942595
      lock = class java.util.concurrent.locks.ReentrantLock@3e1e1040
      array = class java.lang.Object[0]
      UNSAFE = class sun.misc.Unsafe@e75495
      lockOffset = 12
    globalConfig = class com.ibm.ws.classloading.configuration.GlobalClassloadingConfiguration@736737fa
      properties = class org.apache.felix.scr.impl.helper.ReadOnlyDictionary@6830bb30
      serialVersionUID = 452562347104713756
      $$$tc$$$ = class com.ibm.websphere.ras.TraceComponent@3ff503c0
    metaInfServicesProviders = class java.util.concurrent.ConcurrentHashMap@5f6e0ae7
      serialVersionUID = 7249069246763182397
      MAXIMUM_CAPACITY = 1073741824
      DEFAULT_CAPACITY = 16
      MAX_ARRAY_SIZE = 2147483639
      DEFAULT_CONCURRENCY_LEVEL = 16
      LOAD_FACTOR = 0.75
      TREEIFY_THRESHOLD = 8
      UNTREEIFY_THRESHOLD = 6
      MIN_TREEIFY_CAPACITY = 64
      MIN_TRANSFER_STRIDE = 16
      RESIZE_STAMP_BITS = 16
      MAX_RESIZERS = 65535
      RESIZE_STAMP_SHIFT = 16
      MOVED = -1
      TREEBIN = -2
      RESERVED = -3
      HASH_BITS = 2147483647
      NCPU = 4
      serialPersistentFields = class java.io.ObjectStreamField[3]
      table = null
      nextTable = null
      baseCount = 0
      sizeCtl = 0
      transferIndex = 0
      cellsBusy = 0
      counterCells = null
      keySet = null
      values = null
      entrySet = null
      U = class sun.misc.Unsafe@e75495
      SIZECTL = 20
      TRANSFERINDEX = 32
      BASECOUNT = 24
      CELLSBUSY = 36
      CELLVALUE = 144
      ABASE = 16
      ASHIFT = 2
      keySet = null
      values = null
    metaInfServicesRefs = class com.ibm.wsspi.kernel.service.utils.ConcurrentServiceReferenceMap@5c915bd
      referenceName = "MetaInfServicesProvider"
      context = class org.apache.felix.scr.impl.manager.ComponentContextImpl@49cdd747
      elementMap = class java.util.concurrent.ConcurrentHashMap@62c8452
      serialVersionUID = 6980924785166233786
      $$$tc$$$ = class com.ibm.websphere.ras.TraceComponent@24a42ca8
    protectionDomainMap = class java.util.HashMap@29c634b6
      serialVersionUID = 362498820763181265
      DEFAULT_INITIAL_CAPACITY = 16
      MAXIMUM_CAPACITY = 1073741824
      DEFAULT_LOAD_FACTOR = 0.75
      TREEIFY_THRESHOLD = 8
      UNTREEIFY_THRESHOLD = 6
      MIN_TREEIFY_CAPACITY = 64
      table = null
      entrySet = null
      size = 0
      modCount = 0
      threshold = 0
      loadFactor = 0.75
      keySet = null
      values = null
    metadataIdentifierService = class com.ibm.ws.container.service.metadata.internal.MetaDataServiceImpl@378cf534
    globalSharedLibrary = class java.util.concurrent.atomic.AtomicReference@63541e93
      serialVersionUID = -1848883965231344442
      unsafe = class sun.misc.Unsafe@e75495
      valueOffset = 12
      value = null
    serialVersionUID = -2277344858934055980
  globalSharedLibrary = class com.ibm.ws.library.internal.SharedLibraryImpl@415911b8
    tc = class com.ibm.websphere.ras.TraceComponent@596af463
      strings[0] = "TraceComponent[com.ibm.ws.library.internal.SharedLibraryImpl,class com.ibm.ws.library.internal.SharedLibraryImpl,[SharedLibrary],com.ibm.ws.classloading.internal.resources.ClassLoadingServiceMessages,null]"
    EMPTY_LIBRARY_LISTENERS = interface com.ibm.wsspi.library.LibraryChangeListener[0]
    deleted = false
    libraryListenersTracker = class org.osgi.util.tracker.ServiceTracker@1e94a06d
      DEBUG = false
      context = class org.eclipse.osgi.internal.framework.BundleContextImpl@29dc5361
      filter = class org.eclipse.osgi.internal.framework.FilterImpl@5dead466
      customizer = class org.osgi.util.tracker.ServiceTracker@1e94a06d
      listenerFilter = "(&(objectClass=com.ibm.wsspi.library.LibraryChangeListener)(|(library=global)(libraryRef=*com.ibm.ws.classloading.sharedlibrary_41*)))"
      trackClass = null
      trackReference = null
      tracked = class org.osgi.util.tracker.ServiceTracker$Tracked@56937116
      cachedReference = null
      cachedService = null
    libraryReg = class org.eclipse.osgi.internal.serviceregistry.ServiceRegistrationImpl@57c1b471
      registry = class org.eclipse.osgi.internal.serviceregistry.ServiceRegistry@1ceaaf70
      context = class org.eclipse.osgi.internal.framework.BundleContextImpl@29dc5361
      bundle = class org.eclipse.osgi.internal.framework.EquinoxBundle@1114ef9
      clazzes = class java.lang.String[1]
      service = class com.ibm.ws.library.internal.SharedLibraryImpl@415911b8
      reference = class org.eclipse.osgi.internal.serviceregistry.ServiceReferenceImpl@13d26bd7
      contextsUsing = class java.util.ArrayList@1b8891fb
      properties = class java.util.Collections$UnmodifiableMap@6e2493a
      serviceid = 307
      serviceranking = 1
      registrationLock = class java.lang.Object@7f749534
      state = 0
      REGISTERED = 0
      UNREGISTERING = 1
      UNREGISTERED = 2
      FRAMEWORK_SET_SERVICE_PROPERTIES_COUNT = 4
      $assertionsDisabled = true
    ctx = class org.eclipse.osgi.internal.framework.BundleContextImpl@29dc5361
      findHookName = "org.osgi.framework.hooks.bundle.FindHook"
      valid = true
      bundle = class org.eclipse.osgi.internal.framework.EquinoxBundle@1114ef9
      container = class org.eclipse.osgi.internal.framework.EquinoxContainer@5d631241
      debug = class org.eclipse.osgi.internal.debug.Debug@1887004c
      servicesInUse = class java.util.HashMap@9282ff4
      activator = null
      contextLock = class java.lang.Object@734b0654
    classLoadingService = class com.ibm.ws.classloading.internal.ClassLoadingServiceImpl@39a5f6b1
    configAdmin = class com.ibm.ws.config.admin.internal.ConfigurationAdminImpl@55c0650
      tc = class com.ibm.websphere.ras.TraceComponent@23b5b9b2
      bundle = class org.eclipse.osgi.internal.framework.EquinoxBundle@1114ef9
      caFactory = class com.ibm.ws.config.admin.internal.ConfigAdminServiceFactory@560da19d
      serialVersionUID = -2875522750804142523
    resolvedBasePath = "D:/devel/tools/wlp/usr/servers/defaultServer/"
    generationLock = class com.ibm.ws.library.internal.SharedLibraryImpl$1@2909245f
      this$0 = class com.ibm.ws.library.internal.SharedLibraryImpl@415911b8
      serialVersionUID = 2483639803450672373
      $$$tc$$$ = class com.ibm.websphere.ras.TraceComponent@47b04af
    currentGeneration = class com.ibm.ws.library.internal.LibraryGeneration@3b005066
      tc = class com.ibm.websphere.ras.TraceComponent@524c2d11
      nextInt = class java.util.concurrent.atomic.AtomicInteger@6b063fdc
      libraryId = "global"
      genId = 1
      libraryProps = class java.util.Hashtable@54cb9001
      filesetRefs = class java.util.Collections$UnmodifiableRandomAccessList@3d5a9514
      apiTypeVisibility = class java.util.RegularEnumSet@5db02f94
      files = class java.util.Collections$EmptyList@668ffd98
      folders = class java.util.ArrayList@7921321
      fileAndFolderContainers = class java.util.Collections$EmptyList@668ffd98
      filesets = class java.util.concurrent.ArrayBlockingQueue@fd1c04a
      filesetListenerRegs = class java.util.concurrent.ConcurrentLinkedQueue@664a0691
      cancelled = false
      library = class com.ibm.ws.library.internal.SharedLibraryImpl@415911b8
      serialVersionUID = 6965220007121905717
    nextGeneration = class com.ibm.ws.library.internal.LibraryGeneration@3b005066
    artifactContainerFactory = class com.ibm.ws.library.internal.SharedLibraryFactory$1@2c18a3
      this$0 = class com.ibm.ws.library.internal.SharedLibraryFactory@9cd8ac3
      serialVersionUID = 7730244564205089330
      $$$tc$$$ = class com.ibm.websphere.ras.TraceComponent@6d16cb01
    packageExporter = class com.ibm.ws.library.internal.LibraryPackageExporter@65a7f070
      EXPORTER_POSTFIX = "_library_exporter"
      REGION_EXPORT_TO_LIBERTY = "liberty.library.export.to.liberty"
      REGION_EXPORT_TO_OSGI_APPS = "liberty.library.export.to.osgi.app"
      REGION_KERNEL = "org.eclipse.equinox.region.kernel"
      counter = class java.util.concurrent.atomic.AtomicLong@41fbe97c
      context = class org.eclipse.osgi.internal.framework.BundleContextImpl@29dc5361
      digraph = class org.eclipse.equinox.internal.region.StandardRegionDigraph@d16e92a
      bundleToLibrary = class java.util.concurrent.ConcurrentHashMap@7ba3ad25
      libraryToVisibility = class java.util.concurrent.ConcurrentHashMap@5396292b
      serialVersionUID = 8074378969667956573
      $$$tc$$$ = class com.ibm.websphere.ras.TraceComponent@68fb1056
    serialVersionUID = 6288237618632180389
  sharedLibDeploymentInfo = class com.ibm.ws.app.manager.module.internal.DeployedAppInfoBase$SharedLibDeploymentInfo@1cf8023c
    bundleContext = class org.eclipse.osgi.internal.framework.BundleContextImpl@2e2ba0b2
      findHookName = "org.osgi.framework.hooks.bundle.FindHook"
      valid = true
      bundle = class org.eclipse.osgi.internal.framework.EquinoxBundle@280a509f
      container = class org.eclipse.osgi.internal.framework.EquinoxContainer@5d631241
      debug = class org.eclipse.osgi.internal.debug.Debug@1887004c
      servicesInUse = class java.util.HashMap@10fbcb92
      activator = null
      contextLock = class java.lang.Object@1c5cd661
    locAdmin = class com.ibm.ws.kernel.service.location.internal.WsLocationAdminImpl@50696ea4
      tc = class com.ibm.websphere.ras.TraceComponent@58c49070
      LOC_INTERNAL_LIB_DIR = "wlp.lib.dir"
      LOC_AREA_NAME_APPS = "shared/apps/"
      LOC_AREA_NAME_CONFIG = "shared/config/"
      LOC_AREA_NAME_RESC = "shared/resources/"
      LOC_AREA_NAME_STATE = "logs/state/"
      LOC_AREA_NAME_SERVERS = "servers/"
      LOC_AREA_NAME_CLIENTS = "clients/"
      LOC_AREA_NAME_WORKING = "workarea/"
      LOC_AREA_NAME_EXTENSION = "extension/"
      instance = class com.ibm.ws.staticvalue.StaticValue$FinalSingleton@16bd38e6
      installRoot = class com.ibm.ws.kernel.service.location.internal.SymbolicRootResource@35cdb4e9
      installParentRoot = class com.ibm.ws.kernel.service.location.internal.SymbolicRootResource@5005d7f9
      userRoot = class com.ibm.ws.kernel.service.location.internal.SymbolicRootResource@67c43b6c
      usrExtensionRoot = class com.ibm.ws.kernel.service.location.internal.SymbolicRootResource@1841457a
      serverConfigDir = class com.ibm.ws.kernel.service.location.internal.SymbolicRootResource@40f3c067
      serverOutputDir = class com.ibm.ws.kernel.service.location.internal.SymbolicRootResource@40f3c067
      bootstrapLib = class com.ibm.ws.kernel.service.location.internal.LocalFileResource@3e376d9f
      serverWorkarea = class com.ibm.ws.kernel.service.location.internal.LocalFileResource@786e2e6e
      serverState = class com.ibm.ws.kernel.service.location.internal.LocalFileResource@6a96de8c
      sharedAppsRoot = class com.ibm.ws.kernel.service.location.internal.SymbolicRootResource@34b8cb41
      sharedConfigRoot = class com.ibm.ws.kernel.service.location.internal.SymbolicRootResource@316603dc
      sharedResourceRoot = class com.ibm.ws.kernel.service.location.internal.SymbolicRootResource@387256c0
      tmpRoot = class com.ibm.ws.kernel.service.location.internal.SymbolicRootResource@644c9dfc
      serverName = "defaultServer"
      resourcePaths = class java.util.ArrayList@165ca0f7
      resourceGroups = class java.util.HashMap@17a53903
      commonRoot = class com.ibm.ws.kernel.service.location.internal.VirtualRootResource@3d4bb961
      serialVersionUID = 7766352982799267432
    artifactFactory = class com.ibm.ws.artifact.internal.ArtifactContainerFactoryService@39969f8
      CATEGORY_PROP_NAME = "category"
      ENTRY_KEY = "com.ibm.wsspi.artifact.ArtifactEntry"
      helperMap = class com.ibm.wsspi.kernel.service.utils.ConcurrentServiceReferenceSetMap@20de0460
      contributorMap = class com.ibm.wsspi.kernel.service.utils.ConcurrentServiceReferenceSetMap@3a28c6b5
      helperCategoryMap = class com.ibm.wsspi.kernel.service.utils.ConcurrentServiceReferenceSetMap@23e3af6b
      contributorCategoryMap = class com.ibm.wsspi.kernel.service.utils.ConcurrentServiceReferenceSetMap@50bf8a4f
      categories = class java.util.Collections$SynchronizedSet@92793c
      baseProperties = class org.apache.felix.scr.impl.helper.ReadOnlyDictionary@7cf31af5
      serialVersionUID = -3101641399269402013
      $$$tc$$$ = class com.ibm.websphere.ras.TraceComponent@437362aa
    moduleFactory = class com.ibm.ws.adaptable.module.internal.AdaptableModuleFactoryImpl@7393202b
      adapterFactoryService = class com.ibm.ws.adaptable.module.internal.AdapterFactoryServiceImpl@62d76c32
      containerFactory = class com.ibm.ws.artifact.internal.ArtifactContainerFactoryService@39969f8
      overlayContainerFactory = class com.ibm.ws.artifact.overlay.internal.OverlayContainerFactoryImpl@69e183d8
      serialVersionUID = 4200251809856292987
      $$$tc$$$ = class com.ibm.websphere.ras.TraceComponent@3b092c8d
    classesContainerInfo = class java.util.ArrayList@2699b3fb
      serialVersionUID = 8683452581122892189
      DEFAULT_CAPACITY = 10
      EMPTY_ELEMENTDATA = class java.lang.Object[0]
      DEFAULTCAPACITY_EMPTY_ELEMENTDATA = class java.lang.Object[0]
      elementData = class java.lang.Object[0]
      size = 0
      MAX_ARRAY_SIZE = 2147483639
      modCount = 0
      MAX_ARRAY_SIZE = 2147483639
    serialVersionUID = -9033256786848720484
    $$$tc$$$ = class com.ibm.websphere.ras.TraceComponent@51380c0e
      strings[0] = "TraceComponent[com.ibm.ws.app.manager.module.internal.DeployedAppInfoBase$SharedLibDeploymentInfo,class com.ibm.ws.app.manager.module.internal.DeployedAppInfoBase$SharedLibDeploymentInfo,[applications, app.manager],,null]"
  futureMonitor = class com.ibm.ws.threading.internal.FutureMonitorImpl@25372a17
    _monitor = class java.util.concurrent.ConcurrentLinkedQueue@1abf8e87
      serialVersionUID = 196745693267521676
      head = class java.util.concurrent.ConcurrentLinkedQueue$Node@6e050e07
      tail = class java.util.concurrent.ConcurrentLinkedQueue$Node@6e050e07
      UNSAFE = class sun.misc.Unsafe@e75495
      headOffset = 12
      tailOffset = 16
      MAX_ARRAY_SIZE = 2147483639
    _executor = class com.ibm.ws.threading.internal.ScheduledExecutorImpl@207a32e2
      threadGroupName = "Scheduled Executor Thread Group"
      executor = class com.ibm.ws.threading.internal.ExecutorServiceImpl@57bd5cb0
      serialVersionUID = -9110693807503469597
      $$$tc$$$ = class com.ibm.websphere.ras.TraceComponent@59cbca25
      continueExistingPeriodicTasksAfterShutdown = false
      executeExistingDelayedTasksAfterShutdown = true
      removeOnCancel = false
      sequencer = class java.util.concurrent.atomic.AtomicLong@701ca87
      ctl = class java.util.concurrent.atomic.AtomicInteger@183f3aa2
      COUNT_BITS = 29
      CAPACITY = 536870911
      RUNNING = -536870912
      SHUTDOWN = 0
      STOP = 536870912
      TIDYING = 1073741824
      TERMINATED = 1610612736
      workQueue = class java.util.concurrent.ScheduledThreadPoolExecutor$DelayedWorkQueue@1108f8a5
      mainLock = class java.util.concurrent.locks.ReentrantLock@4e55dae7
      workers = class java.util.HashSet@47097458
      termination = class java.util.concurrent.locks.AbstractQueuedSynchronizer$ConditionObject@2602bc31
      largestPoolSize = 1
      completedTaskCount = 0
      threadFactory = class com.ibm.ws.threading.internal.ThreadFactoryImpl@7099b584
      handler = class java.util.concurrent.ThreadPoolExecutor$AbortPolicy@414f5eed
      keepAliveTime = 0
      allowCoreThreadTimeOut = false
      corePoolSize = 1
      maximumPoolSize = 2147483647
      defaultHandler = class java.util.concurrent.ThreadPoolExecutor$AbortPolicy@414f5eed
      shutdownPerm = class java.lang.RuntimePermission@7235dd8a
      acc = null
      ONLY_ONE = true
      $assertionsDisabled = true
    _threadRunning = class java.util.concurrent.atomic.AtomicBoolean@2786d893
      serialVersionUID = 4654671469794556979
      unsafe = class sun.misc.Unsafe@e75495
      valueOffset = 12
      value = 0
    _thread = class com.ibm.ws.threading.internal.FutureMonitorImpl$1@378e0020
      this$0 = class com.ibm.ws.threading.internal.FutureMonitorImpl@25372a17
      serialVersionUID = 2422512430832938099
      $$$tc$$$ = class com.ibm.websphere.ras.TraceComponent@1e41e2e1
    serialVersionUID = 2765238413969174390
    $$$tc$$$ = class com.ibm.websphere.ras.TraceComponent@3001ddc2
      strings[0] = "TraceComponent[com.ibm.ws.threading.internal.FutureMonitorImpl,class com.ibm.ws.threading.internal.FutureMonitorImpl,[Threading],com.ibm.ws.threading.internal.resources.ThreadingMessages,null]"
  configAdmin = class com.ibm.ws.config.admin.internal.ConfigurationAdminImpl@33b1507e
    tc = class com.ibm.websphere.ras.TraceComponent@23b5b9b2
      strings[0] = "TraceComponent[com.ibm.ws.config.admin.internal.ConfigurationAdminImpl,class com.ibm.ws.config.admin.internal.ConfigurationAdminImpl,[config],com.ibm.ws.config.internal.resources.ConfigMessages,null]"
    bundle = class org.eclipse.osgi.internal.framework.EquinoxBundle@280a509f
      equinoxContainer = class org.eclipse.osgi.internal.framework.EquinoxContainer@5d631241
      module = class org.eclipse.osgi.internal.framework.EquinoxBundle$EquinoxModule@3646810
      monitor = class java.lang.Object@1fa1d948
      context = class org.eclipse.osgi.internal.framework.BundleContextImpl@2e2ba0b2
      signerInfos = null
      $SWITCH_TABLE$org$eclipse$osgi$container$Module$State = {1,2,3,4,5,6,7} /* array length = 7 */
    caFactory = class com.ibm.ws.config.admin.internal.ConfigAdminServiceFactory@560da19d
      tc = class com.ibm.websphere.ras.TraceComponent@3e37cac4
      configurationPermission = class org.osgi.service.cm.ConfigurationPermission@7cc99370
      INDEX_DICTIONARY = 0
      INDEX_LOCATION = 1
      INDEX_METATYPE_PROCESSED = 2
      INDEX_IN_OVERRIDES_FILE = 3
      INDEX_REFERENCES = 4
      INDEX_UNIQUES = 5
      bundleContext = class org.eclipse.osgi.internal.framework.BundleContextImpl@3c8af51c
      msTracker = class com.ibm.ws.config.admin.internal.ManagedServiceTracker@1ccff524
      msfTracker = class com.ibm.ws.config.admin.internal.ManagedServiceFactoryTracker@4bab283a
      pluginManager = class com.ibm.ws.config.admin.internal.PluginManager@a8c8cf3
      configurationStore = class com.ibm.ws.config.admin.internal.ConfigurationStore@3aeedcc1
      updateQueue = class com.ibm.ws.config.admin.internal.UpdateQueue@59eb786d
      ced = class com.ibm.ws.config.admin.internal.ConfigEventDispatcher@4b937192
      idMap = class java.util.Collections$SynchronizedMap@25968707
      referenceMap = class java.util.Collections$SynchronizedMap@69524fa0
      variableRegistryTracker = class org.osgi.util.tracker.ServiceTracker@6bf87af7
      variableRegistry = class com.ibm.ws.kernel.service.location.internal.VariableRegistryHelper@3b3799fb
      configurationAdminRef = class org.eclipse.osgi.internal.serviceregistry.ServiceRegistrationImpl@1f095da8
      serialVersionUID = 6695202270027014725
    serialVersionUID = -2875522750804142523
  libraryConfigHelper = class com.ibm.ws.classloading.ClassLoaderConfigHelper@3a6c5361
    tc = class com.ibm.websphere.ras.TraceComponent@227f6f2c
      strings[0] = "TraceComponent[com.ibm.ws.classloading.ClassLoaderConfigHelper,class com.ibm.ws.classloading.ClassLoaderConfigHelper,[ClassLoadingService],com.ibm.ws.classloading.internal.resources.ClassLoadingServiceMessages,null]"
    DEFAULT_API_TYPES = class java.util.RegularEnumSet@75e1398d
      serialVersionUID = 3411599620347842686
      elements = 23
      elementType = class java.lang.Class@2f146126
      universe = class com.ibm.wsspi.classloading.ApiType[5]
      ZERO_LENGTH_ENUM_ARRAY = class java.lang.Enum[0]
      MAX_ARRAY_SIZE = 2147483639
    sharedLibraries = class java.util.Collections$EmptyList@668ffd98
      serialVersionUID = 8842843931221139166
      modCount = 0
      MAX_ARRAY_SIZE = 2147483639
    commonLibraries = class java.util.Collections$EmptyList@668ffd98
    classProviders = class java.util.Collections$EmptyList@668ffd98
    sharedLibrariesPids = null
    commonLibrariesPids = null
    isDelegateLast = false
    apiTypes = class java.util.RegularEnumSet@75e1398d
    classLoaderConfigProps = null
    serialVersionUID = 7643888529935916418
  isDelegateLast = false
  permissionManager = class com.ibm.ws.classloading.java2sec.PermissionManager@66595ff2
    tc = class com.ibm.websphere.ras.TraceComponent@52b02a33
      strings[0] = "TraceComponent[com.ibm.ws.classloading.java2sec.PermissionManager,class com.ibm.ws.classloading.java2sec.PermissionManager,[Java2SecurityUtil],com.ibm.ws.classloading.internal.resources.Java2SecurityUtilMessages,null]"
    classLoadingService = class com.ibm.ws.classloading.internal.ClassLoadingServiceImpl@39a5f6b1
    DEFAULT_SERVER_RESTRICTABLE_PERMISSIONS = class java.security.Permission[4]
      Permission[0] = class java.lang.RuntimePermission@40716b35
      Permission[1] = class java.lang.RuntimePermission@2ea0b6ec
      Permission[2] = class java.security.SecurityPermission@4f3cbd45
      Permission[3] = class javax.security.auth.AuthPermission@159aaf95
    DEFAULT_CLIENT_RESTRICTABLE_PERMISSIONS = class java.security.Permission[3]
      Permission[0] = class java.lang.RuntimePermission@226f371
      Permission[1] = class java.security.SecurityPermission@4a851226
      Permission[2] = class javax.security.auth.AuthPermission@6310b7fd
    isServer = true
    wsjarUrlStreamHandlerAvailable = true
    restrictablePermissions = class java.util.ArrayList@61806e9a
      serialVersionUID = 8683452581122892189
      DEFAULT_CAPACITY = 10
      EMPTY_ELEMENTDATA = class java.lang.Object[0]
      DEFAULTCAPACITY_EMPTY_ELEMENTDATA = class java.lang.Object[0]
      elementData = class java.lang.Object[10]
      size = 4
      MAX_ARRAY_SIZE = 2147483639
      modCount = 4
      MAX_ARRAY_SIZE = 2147483639
    grantedPermissions = class java.util.ArrayList@357ee042
      serialVersionUID = 8683452581122892189
      DEFAULT_CAPACITY = 10
      EMPTY_ELEMENTDATA = class java.lang.Object[0]
      DEFAULTCAPACITY_EMPTY_ELEMENTDATA = class java.lang.Object[0]
      elementData = class java.lang.Object[10]
      size = 1
      MAX_ARRAY_SIZE = 2147483639
      modCount = 1
      MAX_ARRAY_SIZE = 2147483639
    KEY_PERMISSION = "permission"
    INCORRECT_PERMISSION_CONFIGURATION = "INCORRECT_PERMISSION_CONFIGURATION"
    PERMISSION_CLASSNOTFOUND = "PERMISSION_CLASSNOTFOUND"
    SERVER_XML = "server.xml"
    CLIENT_XML = "client.xml"
    originationFile = "server.xml"
    permissions = class com.ibm.wsspi.kernel.service.utils.ConcurrentServiceReferenceSet@620385e9
      referenceName = "permission"
      contextRef = class java.util.concurrent.atomic.AtomicReference@44a371c4
      elementMap = class java.util.LinkedHashMap@5a8dc025
      elementSet = class java.util.concurrent.ConcurrentSkipListSet@3ca194d4
      elementSetUnsorted = false
      serialVersionUID = 756240983881166148
      $$$tc$$$ = class com.ibm.websphere.ras.TraceComponent@100b825f
    codeBasePermissionMap = class java.util.HashMap@4ff87793
      serialVersionUID = 362498820763181265
      DEFAULT_INITIAL_CAPACITY = 16
      MAXIMUM_CAPACITY = 1073741824
      DEFAULT_LOAD_FACTOR = 0.75
      TREEIFY_THRESHOLD = 8
      UNTREEIFY_THRESHOLD = 6
      MIN_TREEIFY_CAPACITY = 64
      table = null
      entrySet = null
      size = 0
      modCount = 0
      threshold = 0
      loadFactor = 0.75
      keySet = class java.util.HashMap$KeySet@18dbf21c
      values = null
    permissionXMLPermissionMap = class java.util.HashMap@2dee2448
      serialVersionUID = 362498820763181265
      DEFAULT_INITIAL_CAPACITY = 16
      MAXIMUM_CAPACITY = 1073741824
      DEFAULT_LOAD_FACTOR = 0.75
      TREEIFY_THRESHOLD = 8
      UNTREEIFY_THRESHOLD = 6
      MIN_TREEIFY_CAPACITY = 64
      table = null
      entrySet = null
      size = 0
      modCount = 0
      threshold = 0
      loadFactor = 0.75
      keySet = null
      values = null
    serialVersionUID = 3514017629123673923
  permissionsConfig = null
  serialVersionUID = 5168023053972273360
  appInfo = class com.ibm.ws.container.service.app.deploy.internal.ApplicationInfoImpl@4127d7cd
    appName = "testingPrimefaces"
    appMetaData = class com.ibm.ws.container.service.app.deploy.internal.ApplicationMetaDataImpl@748b81d1
      j2eeName = class com.ibm.ws.container.service.metadata.internal.J2EENameImpl@27ba0c78
      serialVersionUID = -7906531148367236579
      $$$tc$$$ = class com.ibm.websphere.ras.TraceComponent@9c00059
      tc = class com.ibm.websphere.ras.TraceComponent@9c2bae5
      NUM_STATIC_SLOTS = 4
      ID_UNINITIALIZED = -1
      id = 4
      metaDataInterface = class java.lang.Class@71ead0f9
      staticSlots = class java.lang.Object[4]
      dynamicSlots = class java.lang.Object[4]
    appContainer = class com.ibm.ws.adaptable.module.internal.AdaptableContainerImpl@29a2636
    configHelper = class com.ibm.ws.app.manager.module.ApplicationNestedConfigHelper@7559b0c8
      appInfo = class com.ibm.ws.app.manager.internal.ApplicationInstallInfo@71d915e9
      serialVersionUID = -3174031738676705046
      $$$tc$$$ = class com.ibm.websphere.ras.TraceComponent@363c983e
    applicationInformation = class com.ibm.ws.app.manager.internal.ApplicationInstallInfo@71d915e9
    serialVersionUID = -505303337196743781
    $$$tc$$$ = class com.ibm.websphere.ras.TraceComponent@7e0fd1bd
      strings[0] = "TraceComponent[com.ibm.ws.container.service.app.deploy.internal.ApplicationInfoImpl,class com.ibm.ws.container.service.app.deploy.internal.ApplicationInfoImpl,[container.service],com.ibm.ws.container.service.resources.Messages,null]"
  modulesDeployed = class java.util.ArrayList@43a93b26
    serialVersionUID = 8683452581122892189
    DEFAULT_CAPACITY = 10
    EMPTY_ELEMENTDATA = class java.lang.Object[0]
    DEFAULTCAPACITY_EMPTY_ELEMENTDATA = class java.lang.Object[0]
    elementData = class java.lang.Object[0]
    size = 0
    MAX_ARRAY_SIZE = 2147483639
    modCount = 0
    MAX_ARRAY_SIZE = 2147483639
  starting = false
  started = false
  appInfoFactory = class com.ibm.ws.container.service.app.deploy.internal.ApplicationInfoFactoryImpl@1b069f69
    j2eeNameFactory = class com.ibm.wsspi.kernel.service.utils.AtomicServiceReference@698d3e59
      referenceName = "j2eeNameFactory"
      tuple = class java.util.concurrent.atomic.AtomicReference@5faee67c
      serialVersionUID = 2226592364007985000
      $$$tc$$$ = class com.ibm.websphere.ras.TraceComponent@3d2dcb39
    names = class java.util.HashSet@2f71e32
      serialVersionUID = -5024744406713321676
      map = class java.util.HashMap@5f8ef129
      PRESENT = class java.lang.Object@16d13ac9
      MAX_ARRAY_SIZE = 2147483639
    serialVersionUID = 7443990212682384945
    $$$tc$$$ = class com.ibm.websphere.ras.TraceComponent@3fd2e34c
      strings[0] = "TraceComponent[com.ibm.ws.container.service.app.deploy.internal.ApplicationInfoFactoryImpl,class com.ibm.ws.container.service.app.deploy.internal.ApplicationInfoFactoryImpl,[container.service],com.ibm.ws.container.service.resources.Messages,null]"
  metaDataService = class com.ibm.ws.container.service.metadata.internal.MetaDataServiceImpl@378cf534
    applicationMetaDataManager = class com.ibm.ws.container.service.metadata.internal.ApplicationMetaDataManager@4b70dc1d
      serialVersionUID = 1843747281024490904
      $$$tc$$$ = class com.ibm.websphere.ras.TraceComponent@7003a714
      listeners = class com.ibm.wsspi.kernel.service.utils.ConcurrentServiceReferenceSet@2c140850
      metaDataIDs = class com.ibm.ws.container.service.metadata.internal.IndexList@1a5cfdcd
      metaDatas = class java.util.ArrayList@72243f94
      slotIDs = class com.ibm.ws.container.service.metadata.internal.IndexList@6d0cd8bc
      serialVersionUID = 5464421863354792977
      $$$tc$$$ = class com.ibm.websphere.ras.TraceComponent@69b497fb
    moduleMetaDataManager = class com.ibm.ws.container.service.metadata.internal.ModuleMetaDataManager@619dae49
      serialVersionUID = 2513574389899327209
      $$$tc$$$ = class com.ibm.websphere.ras.TraceComponent@7dce9544
      listeners = class com.ibm.wsspi.kernel.service.utils.ConcurrentServiceReferenceSet@78275bf5
      metaDataIDs = class com.ibm.ws.container.service.metadata.internal.IndexList@305a1e2a
      metaDatas = class java.util.ArrayList@44174efb
      slotIDs = class com.ibm.ws.container.service.metadata.internal.IndexList@1d94eec8
      serialVersionUID = 5464421863354792977
      $$$tc$$$ = class com.ibm.websphere.ras.TraceComponent@69b497fb
    componentMetaDataManager = class com.ibm.ws.container.service.metadata.internal.ComponentMetaDataManager@567db9f
      serialVersionUID = 8629793739641703882
      $$$tc$$$ = class com.ibm.websphere.ras.TraceComponent@70a2a20a
      listeners = class com.ibm.wsspi.kernel.service.utils.ConcurrentServiceReferenceSet@5dd5a3fe
      metaDataIDs = class com.ibm.ws.container.service.metadata.internal.IndexList@1cf3c0d3
      metaDatas = class java.util.ArrayList@312478f5
      slotIDs = class com.ibm.ws.container.service.metadata.internal.IndexList@3d56d491
      serialVersionUID = 5464421863354792977
      $$$tc$$$ = class com.ibm.websphere.ras.TraceComponent@69b497fb
    methodMetaDataManager = class com.ibm.ws.container.service.metadata.internal.MethodMetaDataManager@43405526
      serialVersionUID = -8002489041502300640
      $$$tc$$$ = class com.ibm.websphere.ras.TraceComponent@5a74fc69
      listeners = class com.ibm.wsspi.kernel.service.utils.ConcurrentServiceReferenceSet@fa49a8d
      metaDataIDs = class com.ibm.ws.container.service.metadata.internal.IndexList@3743eb27
      metaDatas = class java.util.ArrayList@7a0e9c36
      slotIDs = class com.ibm.ws.container.service.metadata.internal.IndexList@33807613
      serialVersionUID = 5464421863354792977
      $$$tc$$$ = class com.ibm.websphere.ras.TraceComponent@69b497fb
    appModuleNameToModuleContainer = class java.util.concurrent.ConcurrentHashMap@e1de967
      serialVersionUID = 7249069246763182397
      MAXIMUM_CAPACITY = 1073741824
      DEFAULT_CAPACITY = 16
      MAX_ARRAY_SIZE = 2147483639
      DEFAULT_CONCURRENCY_LEVEL = 16
      LOAD_FACTOR = 0.75
      TREEIFY_THRESHOLD = 8
      UNTREEIFY_THRESHOLD = 6
      MIN_TREEIFY_CAPACITY = 64
      MIN_TRANSFER_STRIDE = 16
      RESIZE_STAMP_BITS = 16
      MAX_RESIZERS = 65535
      RESIZE_STAMP_SHIFT = 16
      MOVED = -1
      TREEBIN = -2
      RESERVED = -3
      HASH_BITS = 2147483647
      NCPU = 4
      serialPersistentFields = class java.io.ObjectStreamField[3]
      table = class java.util.concurrent.ConcurrentHashMap$Node[16]
      nextTable = null
      baseCount = 6
      sizeCtl = 12
      transferIndex = 0
      cellsBusy = 0
      counterCells = null
      keySet = null
      values = null
      entrySet = null
      U = class sun.misc.Unsafe@e75495
      SIZECTL = 20
      TRANSFERINDEX = 32
      BASECOUNT = 24
      CELLSBUSY = 36
      CELLVALUE = 144
      ABASE = 16
      ASHIFT = 2
      keySet = null
      values = null
    jeeNameToComponentMetaData = class java.util.concurrent.ConcurrentHashMap@2fee10b
      serialVersionUID = 7249069246763182397
      MAXIMUM_CAPACITY = 1073741824
      DEFAULT_CAPACITY = 16
      MAX_ARRAY_SIZE = 2147483639
      DEFAULT_CONCURRENCY_LEVEL = 16
      LOAD_FACTOR = 0.75
      TREEIFY_THRESHOLD = 8
      UNTREEIFY_THRESHOLD = 6
      MIN_TREEIFY_CAPACITY = 64
      MIN_TRANSFER_STRIDE = 16
      RESIZE_STAMP_BITS = 16
      MAX_RESIZERS = 65535
      RESIZE_STAMP_SHIFT = 16
      MOVED = -1
      TREEBIN = -2
      RESERVED = -3
      HASH_BITS = 2147483647
      NCPU = 4
      serialPersistentFields = class java.io.ObjectStreamField[3]
      table = class java.util.concurrent.ConcurrentHashMap$Node[16]
      nextTable = null
      baseCount = 8
      sizeCtl = 12
      transferIndex = 0
      cellsBusy = 0
      counterCells = class java.util.concurrent.ConcurrentHashMap$CounterCell[2]
      keySet = null
      values = null
      entrySet = null
      U = class sun.misc.Unsafe@e75495
      SIZECTL = 20
      TRANSFERINDEX = 32
      BASECOUNT = 24
      CELLSBUSY = 36
      CELLVALUE = 144
      ABASE = 16
      ASHIFT = 2
      keySet = null
      values = null
    deferredMetaDataFactories = class com.ibm.wsspi.kernel.service.utils.ConcurrentServiceReferenceSet@397e79e8
      referenceName = "deferredMetaDataFactory"
      contextRef = class java.util.concurrent.atomic.AtomicReference@65d74b3d
      elementMap = class java.util.LinkedHashMap@45d38b7f
      elementSet = class java.util.concurrent.ConcurrentSkipListSet@54a97114
      elementSetUnsorted = false
      serialVersionUID = 756240983881166148
      $$$tc$$$ = class com.ibm.websphere.ras.TraceComponent@100b825f
    deferredMetaDataInitializers = class com.ibm.wsspi.kernel.service.utils.ConcurrentServiceReferenceMap@7856f284
      referenceName = "deferredMetaDataFactory"
      context = class org.apache.felix.scr.impl.manager.ComponentContextImpl@6ab62e2c
      elementMap = class java.util.concurrent.ConcurrentHashMap@438f4c
      serialVersionUID = 6980924785166233786
      $$$tc$$$ = class com.ibm.websphere.ras.TraceComponent@24a42ca8
    serialVersionUID = -2494605732980966097
    $$$tc$$$ = class com.ibm.websphere.ras.TraceComponent@71980b63
      strings[0] = "TraceComponent[com.ibm.ws.container.service.metadata.internal.MetaDataServiceImpl,class com.ibm.ws.container.service.metadata.internal.MetaDataServiceImpl,[Runtime],,null]"
  stateChangeService = class com.ibm.ws.container.service.state.internal.StateChangeServiceImpl@58f4322f
    applicationStateManager = class com.ibm.ws.container.service.state.internal.ApplicationStateManager@2627be99
      serialVersionUID = -6685368059484454124
      $$$tc$$$ = class com.ibm.websphere.ras.TraceComponent@413111b7
      listeners = class com.ibm.wsspi.kernel.service.utils.ConcurrentServiceReferenceSet@3c43efb3
      serialVersionUID = 2284273176985484160
      $$$tc$$$ = class com.ibm.websphere.ras.TraceComponent@56627501
    moduleStateManager = class com.ibm.ws.container.service.state.internal.ModuleStateManager@1966a3ff
      serialVersionUID = -5540260902341249963
      $$$tc$$$ = class com.ibm.websphere.ras.TraceComponent@118cfc24
      listeners = class com.ibm.wsspi.kernel.service.utils.ConcurrentServiceReferenceSet@5c6d5996
      serialVersionUID = 2284273176985484160
      $$$tc$$$ = class com.ibm.websphere.ras.TraceComponent@56627501
    serialVersionUID = -537917915330350560
    $$$tc$$$ = class com.ibm.websphere.ras.TraceComponent@9857230
      strings[0] = "TraceComponent[com.ibm.ws.container.service.state.internal.StateChangeServiceImpl,class com.ibm.ws.container.service.state.internal.StateChangeServiceImpl,[Runtime],,null]"
  moduleClassesInfo = class com.ibm.ws.app.manager.module.internal.SimpleDeployedAppInfoBase$ModuleClassesInfoProvider@528e521c
    entryContainerInfosMap = class java.util.HashMap@472f9112
      serialVersionUID = 362498820763181265
      DEFAULT_INITIAL_CAPACITY = 16
      MAXIMUM_CAPACITY = 1073741824
      DEFAULT_LOAD_FACTOR = 0.75
      TREEIFY_THRESHOLD = 8
      UNTREEIFY_THRESHOLD = 6
      MIN_TREEIFY_CAPACITY = 64
      table = null
      entrySet = null
      size = 0
      modCount = 0
      threshold = 0
      loadFactor = 0.75
      keySet = null
      values = null
    serialVersionUID = -70332790531324534
    $$$tc$$$ = class com.ibm.websphere.ras.TraceComponent@34e5ee8b
      strings[0] = "TraceComponent[com.ibm.ws.app.manager.module.internal.SimpleDeployedAppInfoBase$ModuleClassesInfoProvider,class com.ibm.ws.app.manager.module.internal.SimpleDeployedAppInfoBase$ModuleClassesInfoProvider,[applications, app.manager],,null]"
  moduleContainerInfos = class java.util.ArrayList@7d5c62f3
    serialVersionUID = 8683452581122892189
    DEFAULT_CAPACITY = 10
    EMPTY_ELEMENTDATA = class java.lang.Object[0]
    DEFAULTCAPACITY_EMPTY_ELEMENTDATA = class java.lang.Object[0]
    elementData = class java.lang.Object[10]
      Object[0] = class com.ibm.ws.app.manager.module.internal.SimpleDeployedAppInfoBase$WebModuleContainerInfo@24fd893a
      Object[1] = null
      Object[2] = null
      Object[3] = null
      Object[4] = null
      Object[5] = null
      Object[6] = null
      Object[7] = null
      Object[8] = null
      Object[9] = null
    size = 1
    MAX_ARRAY_SIZE = 2147483639
    modCount = 1
    MAX_ARRAY_SIZE = 2147483639
  activeModuleHandlers = class java.util.IdentityHashMap@2d290d39
    DEFAULT_CAPACITY = 32
    MINIMUM_CAPACITY = 4
    MAXIMUM_CAPACITY = 536870912
    table = class java.lang.Object[16]
      Object[0] = null
      Object[1] = null
      Object[2] = null
      Object[3] = null
      Object[4] = null
      Object[5] = null
      Object[6] = null
      Object[7] = null
      Object[8] = null
      Object[9] = null
      Object[10] = null
      Object[11] = null
      Object[12] = null
      Object[13] = null
      Object[14] = class com.ibm.ws.app.manager.module.internal.WebModuleInfoImpl@7e229bbf
      Object[15] = class com.ibm.ws.app.manager.web.internal.WebModuleHandlerImpl@656b9930
    size = 1
    modCount = 1
    NULL_KEY = class java.lang.Object@11c713c8
    entrySet = null
    serialVersionUID = 8188218128353913216
    keySet = null
    values = null
  serialVersionUID = 7078125893012250887
  $$$tc$$$ = class com.ibm.websphere.ras.TraceComponent@138d3f27
    strings[0] = "TraceComponent[com.ibm.ws.app.manager.module.internal.SimpleDeployedAppInfoBase,class com.ibm.ws.app.manager.module.internal.SimpleDeployedAppInfoBase,[applications, app.manager],,null]"

Dump of objectArray[0]
Object type = com.ibm.ws.threading.internal.NonCancelableResultFuture
  _done = false
  _result = null
  _failure = null
  _listeners = class java.util.concurrent.ConcurrentLinkedQueue@5d5bf429
    serialVersionUID = 196745693267521676
    head = class java.util.concurrent.ConcurrentLinkedQueue$Node@75afaa39
      item = null
      next = null
      UNSAFE = class sun.misc.Unsafe@e75495
      itemOffset = 12
      nextOffset = 16
    tail = class java.util.concurrent.ConcurrentLinkedQueue$Node@75afaa39
    UNSAFE = class sun.misc.Unsafe@e75495
      theUnsafe = class sun.misc.Unsafe@e75495
      INVALID_FIELD_OFFSET = -1
      ARRAY_BOOLEAN_BASE_OFFSET = 16
      ARRAY_BYTE_BASE_OFFSET = 16
      ARRAY_SHORT_BASE_OFFSET = 16
      ARRAY_CHAR_BASE_OFFSET = 16
      ARRAY_INT_BASE_OFFSET = 16
      ARRAY_LONG_BASE_OFFSET = 16
      ARRAY_FLOAT_BASE_OFFSET = 16
      ARRAY_DOUBLE_BASE_OFFSET = 16
      ARRAY_OBJECT_BASE_OFFSET = 16
      ARRAY_BOOLEAN_INDEX_SCALE = 1
      ARRAY_BYTE_INDEX_SCALE = 1
      ARRAY_SHORT_INDEX_SCALE = 2
      ARRAY_CHAR_INDEX_SCALE = 2
      ARRAY_INT_INDEX_SCALE = 4
      ARRAY_LONG_INDEX_SCALE = 8
      ARRAY_FLOAT_INDEX_SCALE = 4
      ARRAY_DOUBLE_INDEX_SCALE = 8
      ARRAY_OBJECT_INDEX_SCALE = 4
      ADDRESS_SIZE = 8
    headOffset = 12
    tailOffset = 16
    MAX_ARRAY_SIZE = 2147483639
  _notifiedListeners = class java.util.concurrent.atomic.AtomicBoolean@592fb3d8
    serialVersionUID = 4654671469794556979
    unsafe = class sun.misc.Unsafe@e75495
    valueOffset = 12
    value = 0
  serialVersionUID = -296387658814354272
  $$$tc$$$ = class com.ibm.websphere.ras.TraceComponent@2fef6352
    strings[0] = "TraceComponent[com.ibm.ws.threading.internal.NonCancelableResultFuture,class com.ibm.ws.threading.internal.NonCancelableResultFuture,[Threading],com.ibm.ws.threading.internal.resources.ThreadingMessages,null]"

