------Start of DE processing------ = [29/06/19 19:59:22:061 COT]
Exception = java.lang.NoClassDefFoundError
Source = com.ibm.ws.injectionengine.InjectionProcessorManager.getAllDeclaredFields
probeid = 249
Stack Dump = java.lang.NoClassDefFoundError: LRouteApi;
	at java.lang.Class.getDeclaredFields0(Native Method)
	at java.lang.Class.privateGetDeclaredFields(Unknown Source)
	at java.lang.Class.getDeclaredFields(Unknown Source)
	at com.ibm.ws.injectionengine.InjectionProcessorManager.getAllDeclaredFields(InjectionProcessorManager.java:374)
	at com.ibm.ws.injectionengine.InjectionProcessorManager.processAnnotations(InjectionProcessorManager.java:215)
	at com.ibm.ws.injectionengine.AbstractInjectionEngine.processInjectionMetaData(AbstractInjectionEngine.java:513)
	at com.ibm.ws.injectionengine.osgi.internal.OSGiInjectionEngineImpl.processInjectionMetaData(OSGiInjectionEngineImpl.java:238)
	at com.ibm.ws.injectionengine.ReferenceContextImpl.processImpl(ReferenceContextImpl.java:588)
	at com.ibm.ws.injectionengine.ReferenceContextImpl.process(ReferenceContextImpl.java:287)
	at com.ibm.ws.injectionengine.osgi.internal.OSGiReferenceContextImpl.process(OSGiReferenceContextImpl.java:30)
	at com.ibm.ws.cdi.impl.weld.WebSphereCDIDeploymentImpl.initializeInjectionServices(WebSphereCDIDeploymentImpl.java:631)
	at com.ibm.ws.cdi.impl.CDIContainerImpl.startInitialization(CDIContainerImpl.java:133)
	at com.ibm.ws.cdi.liberty.CDIRuntimeImpl.applicationStarting(CDIRuntimeImpl.java:438)
	at com.ibm.ws.container.service.state.internal.ApplicationStateManager.fireStarting(ApplicationStateManager.java:28)
	at com.ibm.ws.container.service.state.internal.StateChangeServiceImpl.fireApplicationStarting(StateChangeServiceImpl.java:50)
	at com.ibm.ws.app.manager.module.internal.DeployedAppInfoBase.preDeployApp(DeployedAppInfoBase.java:384)
	at com.ibm.ws.app.manager.module.internal.DeployedAppInfoBase.deployApp(DeployedAppInfoBase.java:413)
	at com.ibm.ws.app.manager.war.internal.WARApplicationHandlerImpl.install(WARApplicationHandlerImpl.java:65)
	at com.ibm.ws.app.manager.internal.statemachine.StartAction.execute(StartAction.java:140)
	at com.ibm.ws.app.manager.internal.statemachine.ApplicationStateMachineImpl.enterState(ApplicationStateMachineImpl.java:1261)
	at com.ibm.ws.app.manager.internal.statemachine.ApplicationStateMachineImpl.run(ApplicationStateMachineImpl.java:876)
	at com.ibm.ws.threading.internal.ExecutorServiceImpl$RunnableWrapper.run(ExecutorServiceImpl.java:239)
	at java.util.concurrent.ThreadPoolExecutor.runWorker(Unknown Source)
	at java.util.concurrent.ThreadPoolExecutor$Worker.run(Unknown Source)
	at java.lang.Thread.run(Unknown Source)
Caused by: java.lang.ClassNotFoundException: RouteApi
	at com.ibm.ws.classloading.internal.AppClassLoader.findClassCommonLibraryClassLoaders(AppClassLoader.java:544)
	at com.ibm.ws.classloading.internal.AppClassLoader.findClass(AppClassLoader.java:286)
	at java.lang.ClassLoader.loadClass(Unknown Source)
	at com.ibm.ws.classloading.internal.AppClassLoader.findOrDelegateLoadClass(AppClassLoader.java:522)
	at com.ibm.ws.classloading.internal.AppClassLoader.loadClass(AppClassLoader.java:482)
	at java.lang.ClassLoader.loadClass(Unknown Source)
	... 25 more

Dump of callerThis
null
==> Performing default dump from com.ibm.ws.injectionengine.ffdc.InjectionDiagnosticModule  = Sat Jun 29 19:59:22 COT 2019
 = *** Start InjectionDiagnosticModule Dump ***
 = > InjectionDiagnosticModule: dump Object array : 2
 = 
 =    Non-Formattable :
 =       > java.lang.Class@394daec8
 =            class zsoftswitch.view.admin.routeprefix.RoutePrefixListView
 =       > java.lang.Class@394daec8
 =            class zsoftswitch.view.admin.routeprefix.RoutePrefixListView
 = < InjectionDiagnosticModule: dump Object array complete
 = 
 = *** Start InjectionEngine Dump    ---> com.ibm.ws.injectionengine.osgi.internal.OSGiInjectionEngineImpl@51b4e20d
 = 
 =    Default Factories : 
 =       Indirect    = com.ibm.ws.injectionengine.osgi.internal.IndirectJndiLookupReferenceFactoryImpl@9da35ba
 =       ResIndirect = com.ibm.ws.injectionengine.osgi.internal.IndirectJndiLookupReferenceFactoryImpl@79613bc6
 =       ResRef      = com.ibm.ws.injectionengine.osgi.internal.ResRefReferenceFactoryImpl@150029e9
 =       ResAuto     = com.ibm.ws.injectionengine.osgi.internal.ResAutoLinkReferenceFactoryImpl@635205ce
 =       EJBLink     = com.ibm.ws.injectionengine.osgi.internal.EJBLinkReferenceFactoryImpl@3bfd8bfb
 =       MBLink      = com.ibm.ws.injectionengine.factory.MBLinkReferenceFactoryImpl@4b323849
 = 
 =    Actual Factories : 
 =       com.ibm.ws.ejbcontainer.injection.factory.MBLinkReferenceFactoryImpl@5f691fa7
 = 
 =    Registered Processors : 
 =       javax.xml.ws.WebServiceRef : com.ibm.ws.jaxws.client.injection.WebServiceRefProcessorProvider@2c661df1
 =       javax.jms.JMSConnectionFactoryDefinition : com.ibm.ws.jca.processor.jms.connectionfactory.JMSConnectionFactoryDefinitionProcessorProvider@7b13e9d5
 =       javax.annotation.sql.DataSourceDefinition : com.ibm.ws.injectionengine.processor.DataSourceDefinitionProcessorProvider@2139768e
 =       javax.ws.rs.MatrixParam : com.ibm.ws.jaxrs20.component.injection.MatrixParamProcessorProvider@36bac129
 =       javax.ws.rs.PathParam : com.ibm.ws.jaxrs20.component.injection.PathParamProcessorProvider@2a2fdb9a
 =       javax.annotation.Resource : com.ibm.ws.injectionengine.processor.ResourceProcessorProvider@4e16c24b
 =       javax.persistence.PersistenceContext : com.ibm.ws.jpa.container.osgi.internal.JPAPCtxtProcessorProvider@24714001
 =       javax.resource.ConnectionFactoryDefinition : com.ibm.ws.jca17.processor.ConnectionFactoryDefinitionProcessorProvider@44226e2f
 =       javax.mail.MailSessionDefinition : com.ibm.ws.javamail.internal.injection.MailSessionDefinitionInjectionProcessorProvider@10859e3a
 =       javax.persistence.PersistenceUnit : com.ibm.ws.jpa.container.osgi.internal.JPAPUnitProcessorProvider@687902fb
 =       javax.ws.rs.HeaderParam : com.ibm.ws.jaxrs20.component.injection.HeaderParamProcessorProvider@462626bd
 =       javax.ws.rs.CookieParam : com.ibm.ws.jaxrs20.component.injection.CookieParamProcessorProvider@11227b40
 =       javax.ws.rs.QueryParam : com.ibm.ws.jaxrs20.component.injection.QueryParamProcessorProvider@2d6a5310
 =       javax.ejb.EJB : com.ibm.ws.ejb.injection.processor.EJBProcessorProvider@d24f29c
 =       javax.resource.AdministeredObjectDefinition : com.ibm.ws.jca17.processor.AdministeredObjectDefinitionProcessorProvider@7ac03e4b
 =       javax.ws.rs.core.Context : com.ibm.ws.jaxrs20.component.injection.ContextProcessorProvider@78bab228
 =       javax.inject.Inject : com.ibm.ws.cdi.impl.inject.InjectProcessorProvider@7b78cfc
 =       javax.ws.rs.BeanParam : com.ibm.ws.jaxrs20.component.injection.BeanParamProcessProvider@2dad2e84
 =       javax.jms.JMSDestinationDefinition : com.ibm.ws.jca.processor.jms.destination.JMSDestinationDefinitionProcessorProvider@56e46f1c
 = 
 =    Registered Object Factories : 
 = 
 =    Registered No-Override Object Factories : 
 =       javax.annotation.Resource
 =          com.ibm.websphere.ejbcontainer.SessionContextExtension : com.ibm.ws.injectionengine.ObjectFactoryInfoImpl@7be2ac1a[class com.ibm.ws.ejbcontainer.injection.factory.EJBContextObjectFactory, null]
 =          com.ibm.websphere.ejbcontainer.EntityContextExtension : com.ibm.ws.injectionengine.ObjectFactoryInfoImpl@40890ff6[class com.ibm.ws.ejbcontainer.injection.factory.EJBContextObjectFactory, null]
 =          javax.ejb.SessionContext : com.ibm.ws.injectionengine.ObjectFactoryInfoImpl@494d06d[class com.ibm.ws.ejbcontainer.injection.factory.EJBContextObjectFactory, null]
 =          com.ibm.websphere.ejbcontainer.MessageDrivenContextExtension : com.ibm.ws.injectionengine.ObjectFactoryInfoImpl@71fdd36c[class com.ibm.ws.ejbcontainer.injection.factory.EJBContextObjectFactory, null]
 =          javax.transaction.UserTransaction : com.ibm.ws.transaction.services.TransactionObjectFactoryInfo@1f912335
 =          com.ibm.websphere.ejbcontainer.EJBContextExtension : com.ibm.ws.injectionengine.ObjectFactoryInfoImpl@176f798e[class com.ibm.ws.ejbcontainer.injection.factory.EJBContextObjectFactory, null]
 =          javax.ejb.TimerService : com.ibm.ws.injectionengine.ObjectFactoryInfoImpl@355ac4b6[class com.ibm.ws.ejbcontainer.injection.factory.TimerServiceObjectFactory, null]
 =          javax.ejb.EntityContext : com.ibm.ws.injectionengine.ObjectFactoryInfoImpl@2aa307c2[class com.ibm.ws.ejbcontainer.injection.factory.EJBContextObjectFactory, null]
 =          javax.validation.ValidatorFactory : com.ibm.ws.beanvalidation.ValidatorFactoryObjectFactoryInfo@3c3d0128
 =          javax.validation.Validator : com.ibm.ws.beanvalidation.ValidatorObjectFactoryInfo@5072ac28
 =          javax.enterprise.inject.spi.BeanManager : com.ibm.ws.cdi.jndi.liberty.BeanManagerObjectFactoryInfo@336ebde4
 =          javax.ejb.MessageDrivenContext : com.ibm.ws.injectionengine.ObjectFactoryInfoImpl@1c1215c[class com.ibm.ws.ejbcontainer.injection.factory.EJBContextObjectFactory, null]
 =          com.ibm.wsspi.uow.UOWManager : com.ibm.ws.transaction.services.UOWManagerObjectFactoryInfo@5521440d
 =          org.omg.CORBA.ORB : com.ibm.ws.ejbcontainer.remote.internal.ORBObjectFactoryInfo@1077b16d
 =          javax.ejb.EJBContext : com.ibm.ws.injectionengine.ObjectFactoryInfoImpl@5630af1a[class com.ibm.ws.ejbcontainer.injection.factory.EJBContextObjectFactory, null]
 =          javax.xml.ws.WebServiceContext : com.ibm.ws.jaxws.injection.WebServiceContextObjectFactoryInfo@5e73bf41
 =          javax.transaction.TransactionSynchronizationRegistry : com.ibm.ws.transaction.services.TransactionSynchronizationRegistryObjectFactoryInfo@12d99ae
 = 
 =    Registered Override Reference Factories : 
 = 
 =    Registered MetaDataListeners : 
 =       com.ibm.ws.jaxws.support.JaxWsInjectionMetaDataListener@2c7cbc3f
 =       com.ibm.ws.ejbcontainer.osgi.internal.EJBRuntimeImpl@7f679ed5
 =       com.ibm.ws.cdi.impl.CDIContainerImpl@3c2dbfcf
 = 
 =    isEmbeddable    : false
 = 
 = *** InjectionEngine Dump Complete ***
 = 
 = *** InjectionDiagnosticModule Dump Complete ***
+ Data for directive [Default] obtained. = 
==> Dump complete for com.ibm.ws.injectionengine.ffdc.InjectionDiagnosticModule  = Sat Jun 29 19:59:22 COT 2019
