------Start of DE processing------ = [25/06/19 14:09:05:734 COT]
Exception = com.ibm.ws.container.service.state.StateChangeException
Source = com.ibm.ws.app.manager.module.internal.DeployedAppInfoBase
probeid = 385
Stack Dump = com.ibm.ws.container.service.state.StateChangeException: java.util.concurrent.RejectedExecutionException: CWWKE1202E: No se puede enviar una tarea porque el ejecutor managedExecutorService[DefaultManagedExecutorService] (concurrencyPolicy[defaultConcurrencyPolicy]) ha concluido.
	at com.ibm.ws.container.service.state.internal.ApplicationStateManager.fireStarting(ApplicationStateManager.java:32)
	at com.ibm.ws.container.service.state.internal.StateChangeServiceImpl.fireApplicationStarting(StateChangeServiceImpl.java:50)
	at com.ibm.ws.app.manager.module.internal.DeployedAppInfoBase.preDeployApp(DeployedAppInfoBase.java:384)
	at com.ibm.ws.app.manager.module.internal.DeployedAppInfoBase.deployApp(DeployedAppInfoBase.java:413)
	at com.ibm.ws.app.manager.war.internal.WARApplicationHandlerImpl.install(WARApplicationHandlerImpl.java:65)
	at com.ibm.ws.app.manager.internal.statemachine.StartAction.execute(StartAction.java:140)
	at com.ibm.ws.app.manager.internal.statemachine.ApplicationStateMachineImpl.enterState(ApplicationStateMachineImpl.java:1261)
	at com.ibm.ws.app.manager.internal.statemachine.ApplicationStateMachineImpl.run(ApplicationStateMachineImpl.java:876)
	at com.ibm.ws.threading.internal.ExecutorServiceImpl$RunnableWrapper.run(ExecutorServiceImpl.java:239)
	at java.util.concurrent.ThreadPoolExecutor.runWorker(Unknown Source)
	at java.util.concurrent.ThreadPoolExecutor$Worker.run(Unknown Source)
	at java.lang.Thread.run(Unknown Source)
Caused by: java.util.concurrent.RejectedExecutionException: CWWKE1202E: No se puede enviar una tarea porque el ejecutor managedExecutorService[DefaultManagedExecutorService] (concurrencyPolicy[defaultConcurrencyPolicy]) ha concluido.
	at com.ibm.ws.threading.internal.PolicyExecutorImpl.enqueue(PolicyExecutorImpl.java:520)
	at com.ibm.ws.threading.internal.PolicyExecutorImpl.invokeAll(PolicyExecutorImpl.java:654)
	at com.ibm.ws.concurrent.internal.ManagedExecutorServiceImpl.invokeAll(ManagedExecutorServiceImpl.java:413)
	at org.jboss.weld.executor.AbstractExecutorServices.invokeAllAndCheckForExceptions(AbstractExecutorServices.java:59)
	at org.jboss.weld.executor.AbstractExecutorServices.invokeAllAndCheckForExceptions(AbstractExecutorServices.java:67)
	at org.jboss.weld.bootstrap.ConcurrentBeanDeployer.initializeBeans(ConcurrentBeanDeployer.java:93)
	at org.jboss.weld.bootstrap.BeanDeployer.deploy(BeanDeployer.java:330)
	at org.jboss.weld.bootstrap.BeanDeployment.deployBeans(BeanDeployment.java:264)
	at org.jboss.weld.bootstrap.WeldStartup.deployBeans(WeldStartup.java:453)
	at org.jboss.weld.bootstrap.WeldBootstrap.deployBeans(WeldBootstrap.java:86)
	at com.ibm.ws.cdi.impl.CDIContainerImpl.startInitialization(CDIContainerImpl.java:151)
	at com.ibm.ws.cdi.liberty.CDIRuntimeImpl.applicationStarting(CDIRuntimeImpl.java:438)
	at com.ibm.ws.container.service.state.internal.ApplicationStateManager.fireStarting(ApplicationStateManager.java:28)
	... 11 more

Dump of callerThis
Object type = com.ibm.ws.app.manager.war.internal.WARDeployedAppInfo
  CONTEXT_ROOT = "context-root"
  webModuleHandler = class com.ibm.ws.app.manager.web.internal.WebModuleHandlerImpl@3ba8daea
    serialVersionUID = 4795602325763828210
    $$$tc$$$ = class com.ibm.websphere.ras.TraceComponent@617e9abd
      strings[0] = "TraceComponent[com.ibm.ws.app.manager.web.internal.WebModuleHandlerImpl,class com.ibm.ws.app.manager.web.internal.WebModuleHandlerImpl,[webcontainer, applications, app.manager],com.ibm.ws.app.manager.war.internal.resources.Messages,null]"
    futureMonitor = class com.ibm.ws.threading.internal.FutureMonitorImpl@1eeac34
    metaDataService = class com.ibm.ws.container.service.metadata.internal.MetaDataServiceImpl@35b842df
    stateChangeService = class com.ibm.ws.container.service.state.internal.StateChangeServiceImpl@24315d7f
    moduleRuntimeContainer = class com.ibm.ws.webcontainer.osgi.WebContainer@192a9214
      tc = class com.ibm.websphere.ras.TraceComponent@65f70b21
      CLASS_NAME = "com.ibm.ws.webcontainer.osgi.WebContainer"
      initialized = true
      eventService = class com.ibm.ws.event.internal.EventEngineImpl@47f1b5d9
      futureMonitor = class com.ibm.ws.threading.internal.FutureMonitorImpl@1eeac34
      classLoadingSRRef = class com.ibm.wsspi.kernel.service.utils.AtomicServiceReference@16e1be8e
      sessionHelperSRRef = class com.ibm.wsspi.kernel.service.utils.AtomicServiceReference@1044db20
      cacheManagerSRRef = class com.ibm.wsspi.kernel.service.utils.AtomicServiceReference@3014761a
      injectionEngineSRRef = class com.ibm.wsspi.kernel.service.utils.AtomicServiceReference@7a0152bc
      managedObjectServiceSRRef = class com.ibm.wsspi.kernel.service.utils.AtomicServiceReference@610f86bc
      backgroundWebAppStartFutures = class com.ibm.ws.webcontainer.util.OneTimeUseArrayList@57a4cc66
      REFERENCE_WEB_MBEAN_RUNTIME = "webMBeanRuntime"
      webMBeanRuntimeServiceRef = class com.ibm.wsspi.kernel.service.utils.AtomicServiceReference@4493c42e
      servletContainerInitializers = class com.ibm.wsspi.kernel.service.utils.ConcurrentServiceReferenceSet@3477fab2
      es = class com.ibm.ws.threading.internal.ExecutorServiceImpl@2950b0e6
      locationServiceRef = class java.util.concurrent.atomic.AtomicReference@58e69e56
      transferContextServiceRef = class com.ibm.wsspi.kernel.service.utils.ConcurrentServiceReferenceSet@20e83d0
      encodingServiceRef = class java.util.concurrent.atomic.AtomicReference@9a75b49
      instance = class java.util.concurrent.atomic.AtomicReference@255c1d1b
      vhostManager = class com.ibm.ws.webcontainer.osgi.DynamicVirtualHostManager@49a433c8
      metaDataService = class com.ibm.ws.container.service.metadata.internal.MetaDataServiceImpl@35b842df
      j2eeNameFactory = class com.ibm.ws.container.service.metadata.internal.J2EENameFactoryImpl@7e403233
      context = class org.apache.felix.scr.impl.manager.ComponentContextImpl@3f42292f
      contextRoots = class java.util.Collections$SynchronizedSet@c8c509d
      pendingContextRoots = class java.util.HashMap@497d20d2
      deployedModuleMap = class java.util.concurrent.ConcurrentHashMap@212f6046
      connContextPool = class com.ibm.ws.webcontainer40.osgi.srt.factory.SRTConnectionContextPool40Impl@f8a3e1d
      DEFAULT_PORT = "*"
      DEFAULT_VHOST_NAME = "default_host"
      cachedServerInfo = "IBM WebSphere Liberty/19.0.0.3"
      lock = class com.ibm.ws.webcontainer.osgi.WebContainer$1@61ec9fc9
      webAppFactory = class com.ibm.ws.webcontainer40.osgi.webapp.factory.WebAppFactory40Impl@41374896
      requestFactory = class com.ibm.ws.webcontainer40.osgi.response.factory.IRequestResponseFactory40Impl@1b403da6
      responseFactory = class com.ibm.ws.webcontainer40.osgi.response.factory.IRequestResponseFactory40Impl@1b403da6
      asyncContextFactory = class com.ibm.ws.webcontainer40.async.factory.AsyncContextFactory40Impl@45e49205
      DEFAULT_MAX_VERSION = 30
      versionRef = class org.eclipse.osgi.internal.serviceregistry.ServiceReferenceImpl@40734fa7
      serverStopping = class com.ibm.ws.staticvalue.StaticValue$FinalSingleton@3bfbccc7
      modulesStarting = 0
      uriMatcherFactory = class com.ibm.wsspi.webcontainer40.util.factory.URIMatcherFactory40Impl@214c7b13
      SPEC_LEVEL_UNLOADED = -1
      SPEC_LEVEL_30 = 30
      SPEC_LEVEL_31 = 31
      SPEC_LEVEL_40 = 40
      DEFAULT_SPEC_LEVEL = 30
      loadedContainerSpecLevel = 40
      ISO = "ISO-8859-1"
      encoding = "UTF-8"
      decode = true
      wcconfig = class com.ibm.ws.webcontainer.osgi.WebContainerConfiguration@1a0dd04e
      applicationListeners = class java.util.ArrayList@7ff5aa3c
      servletListeners = class java.util.ArrayList@3da3c232
      servletErrorListeners = class java.util.ArrayList@30fb998a
      servletInvocationListeners = class java.util.ArrayList@4480a07b
      filterInvocationListeners = class java.util.ArrayList@1676469d
      filterErrorListeners = class java.util.ArrayList@35e7a433
      filterListeners = class java.util.ArrayList@59bc5ccc
      servletRequestListeners = class java.util.ArrayList@187eacf8
      servletRequestAttributeListeners = class java.util.ArrayList@3c9843c4
      servletContextListeners = class java.util.ArrayList@3456ae58
      servletContextAttributeListeners = class java.util.ArrayList@fb7de22
      sessionListeners = class java.util.ArrayList@6243aa40
      sessionIdListeners = class java.util.ArrayList@1cbb53af
      sessionAttributeListeners = class java.util.ArrayList@1d9e0a0e
      DEFAULT_HOST = "default_host"
      _initialized = true
      logger = class com.ibm.ws.logging.internal.WsLogger@2c699151
      CLASS_NAME = "com.ibm.ws.webcontainer.internal.WebContainer"
      nls = class com.ibm.ejs.ras.TraceNLS@53872f36
      self = class java.util.concurrent.atomic.AtomicReference@15e738c2
      _cipherToBit = class java.util.HashMap@78449e0a
      cacheKeyStringBuilder = class com.ibm.ws.util.WSThreadLocal@18c77b4a
      listenersInitialized = true
      webConProperties = class java.util.Properties@72d309fb
      sessionRegistry = null
      isStopped = false
      readWriteLockForStopping = class java.util.concurrent.locks.ReentrantReadWriteLock@5e5e0e4b
      urlPrefix = ";jsessionid="
      extensionFactories = class java.util.ArrayList@2366f44
      postInitExtensionFactories = null
      httpResponseListeners = class java.util.ArrayList@21885963
      servletContainerInitializers = class java.util.ServiceLoader@4bfe0078
      auditManager = class com.ibm.websphere.security.audit.context.AuditManager@65fc731a
      invocationCacheSize = 500
      decodePlusSign = true
      _cacheMap = class java.util.concurrent.ConcurrentHashMap@54017cae
      _cacheSize = class java.util.concurrent.atomic.AtomicInteger@37a1640c
      vHostCompatFlag = false
      platformHelper = class com.ibm.ws.webcontainer.PlatformHelper@ce75f40
      isDefaultTempDir = true
      tempDir = null
      servletCachingInitNeeded = true
      appInstallBegun = true
      cacheServletWrapperFactory = class com.ibm.ws.webcontainer40.servlet.factory.CacheServletWrapperFactory40Impl@a058965
      commands = class java.util.ArrayList@553e6087
      requestMapper = class com.ibm.ws.webcontainer.util.VirtualHostContextRootMapper@6983ff28
      parent = null
      name = "Was.webcontainer"
      isAlive = true
      subElements = class java.util.HashMap@5f28a007
      attributes = null
      config = null
      serialVersionUID = -8271459000149267764
      $$$tc$$$ = class com.ibm.websphere.ras.TraceComponent@37695269
    firstFailure = null
    serialVersionUID = -4563697739413190872
    $$$tc$$$ = class com.ibm.websphere.ras.TraceComponent@2a605c3f
      strings[0] = "TraceComponent[com.ibm.ws.app.manager.module.internal.ModuleHandlerBase,class com.ibm.ws.app.manager.module.internal.ModuleHandlerBase,[applications, app.manager],,null]"
  webContainerModuleInfo = class com.ibm.ws.app.manager.module.internal.SimpleDeployedAppInfoBase$WebModuleContainerInfo@fef4196
    contextRoot = "/project_duplicate"
    defaultContextRoot = "softswitch-legacy"
    serialVersionUID = -8158961796913348204
    $$$tc$$$ = class com.ibm.websphere.ras.TraceComponent@23f896f4
      strings[0] = "TraceComponent[com.ibm.ws.app.manager.module.internal.SimpleDeployedAppInfoBase$WebModuleContainerInfo,class com.ibm.ws.app.manager.module.internal.SimpleDeployedAppInfoBase$WebModuleContainerInfo,[applications, app.manager],,null]"
    moduleHandler = class com.ibm.ws.app.manager.web.internal.WebModuleHandlerImpl@3ba8daea
    moduleMetaDataExtenders = class java.util.concurrent.CopyOnWriteArrayList@6e1bf557
      serialVersionUID = 8673264195747942595
      lock = class java.util.concurrent.locks.ReentrantLock@7654eb49
      array = class java.lang.Object[3]
      UNSAFE = class sun.misc.Unsafe@6a4893d
      lockOffset = 12
    nestedModuleMetaDataFactories = class java.util.concurrent.CopyOnWriteArrayList@15590155
      serialVersionUID = 8673264195747942595
      lock = class java.util.concurrent.locks.ReentrantLock@416a542e
      array = class java.lang.Object[1]
      UNSAFE = class sun.misc.Unsafe@6a4893d
      lockOffset = 12
    nestedModules = null
    moduleName = "project_duplicate"
    moduleDD = null
    moduleInfo = class com.ibm.ws.app.manager.module.internal.WebModuleInfoImpl@128e3968
      contextRoot = "/project_duplicate"
      isDefaultContextRootUsed = false
      serialVersionUID = -1540279394520440503
      $$$tc$$$ = class com.ibm.websphere.ras.TraceComponent@158f02a
      tc = class com.ibm.websphere.ras.TraceComponent@171983a7
      appInfo = class com.ibm.ws.container.service.app.deploy.internal.ApplicationInfoImpl@18ad9404
      moduleName = "project_duplicate"
      path = "project_duplicate.war"
      moduleContainer = class com.ibm.ws.adaptable.module.internal.AdaptableContainerImpl@59a19938
      altDDEntry = null
      moduleClassesContainers = class java.util.ArrayList@1fafd904
      classLoaderFactory = class com.ibm.ws.app.manager.war.internal.WARDeployedAppInfo@253cc68e
      containerInfoType = class com.ibm.ws.container.service.app.deploy.ContainerInfo$Type@7b0259af
      classLoader = class com.ibm.ws.classloading.internal.AppClassLoader@1a171f61
      moduleMetaData = class com.ibm.ws.webcontainer.osgi.metadata.WebModuleMetaDataImpl@4893d5a1
      nestedModuleMetaDataTypes = null
      nestedModuleMetaDataValues = null
      serialVersionUID = 3986734351620206554
    serialVersionUID = 8693907776607441911
    $$$tc$$$ = class com.ibm.websphere.ras.TraceComponent@29e4c3bd
      strings[0] = "TraceComponent[com.ibm.ws.app.manager.module.internal.SimpleDeployedAppInfoBase$ModuleContainerInfoBase,class com.ibm.ws.app.manager.module.internal.SimpleDeployedAppInfoBase$ModuleContainerInfoBase,[applications, app.manager],,null]"
    type = class com.ibm.ws.container.service.app.deploy.ContainerInfo$Type@7b0259af
      MANIFEST_CLASSPATH = class com.ibm.ws.container.service.app.deploy.ContainerInfo$Type@5601a9a1
      WEB_INF_CLASSES = class com.ibm.ws.container.service.app.deploy.ContainerInfo$Type@25493206
      WEB_INF_LIB = class com.ibm.ws.container.service.app.deploy.ContainerInfo$Type@4e939d3d
      EAR_LIB = class com.ibm.ws.container.service.app.deploy.ContainerInfo$Type@251a2224
      WEB_MODULE = class com.ibm.ws.container.service.app.deploy.ContainerInfo$Type@7b0259af
      EJB_MODULE = class com.ibm.ws.container.service.app.deploy.ContainerInfo$Type@7e8ddb87
      CLIENT_MODULE = class com.ibm.ws.container.service.app.deploy.ContainerInfo$Type@12b80f52
      RAR_MODULE = class com.ibm.ws.container.service.app.deploy.ContainerInfo$Type@4010124d
      JAR_MODULE = class com.ibm.ws.container.service.app.deploy.ContainerInfo$Type@346f1369
      SHARED_LIB = class com.ibm.ws.container.service.app.deploy.ContainerInfo$Type@242ea780
      $VALUES = class com.ibm.ws.container.service.app.deploy.ContainerInfo$Type[10]
      $$$tc$$$ = class com.ibm.websphere.ras.TraceComponent@cd4d4bd
      name = "WEB_MODULE"
      ordinal = 4
    name = "project_duplicate.war"
    container = class com.ibm.ws.adaptable.module.internal.AdaptableContainerImpl@59a19938
    altDDEntry = null
    classesContainerInfo = class java.util.ArrayList@1fafd904
      serialVersionUID = 8683452581122892189
      DEFAULT_CAPACITY = 10
      EMPTY_ELEMENTDATA = class java.lang.Object[0]
      DEFAULTCAPACITY_EMPTY_ELEMENTDATA = class java.lang.Object[0]
      elementData = class java.lang.Object[10]
      size = 2
      MAX_ARRAY_SIZE = 2147483639
      modCount = 3
      MAX_ARRAY_SIZE = 2147483639
    serialVersionUID = 7427332431485745589
    $$$tc$$$ = class com.ibm.websphere.ras.TraceComponent@1f70f71b
      strings[0] = "TraceComponent[com.ibm.ws.app.manager.module.internal.SimpleDeployedAppInfoBase$ExtendedContainerInfo,class com.ibm.ws.app.manager.module.internal.SimpleDeployedAppInfoBase$ExtendedContainerInfo,[applications, app.manager],,null]"
  DYNAMIC_IMPORT_PACKAGE_LIST = class java.util.Collections$UnmodifiableRandomAccessList@11fac217
    serialVersionUID = -2542308836966382001
    serialVersionUID = -283967356065247728
    list = class java.util.Arrays$ArrayList@2de5b09c
      serialVersionUID = -2764017481108945198
      a = class java.lang.String[1]
      modCount = 0
      MAX_ARRAY_SIZE = 2147483639
    serialVersionUID = 1820017752578914078
    c = class java.util.Arrays$ArrayList@2de5b09c
  serialVersionUID = -6153587016903242961
  $$$tc$$$ = class com.ibm.websphere.ras.TraceComponent@4078970e
    strings[0] = "TraceComponent[com.ibm.ws.app.manager.war.internal.WARDeployedAppInfo,class com.ibm.ws.app.manager.war.internal.WARDeployedAppInfo,[webcontainer, applications, app.manager],com.ibm.ws.app.manager.war.internal.resources.Messages,null]"
  _tc = class com.ibm.websphere.ras.TraceComponent@5b76e941
    strings[0] = "TraceComponent[com.ibm.ws.app.manager.module.internal.DeployedAppInfoBase,class com.ibm.ws.app.manager.module.internal.DeployedAppInfoBase,[app.manager],com.ibm.ws.app.manager.module.internal.resources.Messages,null]"
  PERMISSION_XML = "permissions.xml"
  applicationInformation = class com.ibm.ws.app.manager.internal.ApplicationInstallInfo@782f861d
    _config = class com.ibm.ws.app.manager.internal.ApplicationConfig@36c503d5
      tc = class com.ibm.websphere.ras.TraceComponent@795fb448
      _configPid = "com.ibm.ws.app.manager_41"
      _config = class com.ibm.ws.config.admin.ConfigurationDictionary@1e598792
      _applicationManager = class com.ibm.ws.app.manager.ApplicationManager@40fd8613
      _location = "project_duplicate.war"
      _type = "war"
      _name = "softswitch-legacy"
      _notificationBroadcasterSupport = class javax.management.NotificationBroadcasterSupport@4f5c3153
      ONE_TIME_JANDEX_MSGS_DISPLAYED = true
    _handlerInfo = class java.util.concurrent.atomic.AtomicReference@150fe8bd
      serialVersionUID = -1848883965231344442
      unsafe = class sun.misc.Unsafe@6a4893d
      valueOffset = 12
      value = class com.ibm.ws.app.manager.war.internal.WARDeployedAppInfo@253cc68e
    _container = class java.util.concurrent.atomic.AtomicReference@536f39c1
      serialVersionUID = -1848883965231344442
      unsafe = class sun.misc.Unsafe@6a4893d
      valueOffset = 12
      value = class com.ibm.ws.adaptable.module.internal.AdaptableContainerImpl@59a19938
    _resolvedLocation = class java.util.concurrent.atomic.AtomicReference@1257d65d
      serialVersionUID = -1848883965231344442
      unsafe = class sun.misc.Unsafe@6a4893d
      valueOffset = 12
      value = class com.ibm.ws.kernel.service.location.internal.LocalFileResource@3a31008d
    _handler = class com.ibm.ws.app.manager.war.internal.WARApplicationHandlerImpl@31d824ee
      futureMonitor = class com.ibm.ws.threading.internal.FutureMonitorImpl@1eeac34
      deployedAppFactory = class com.ibm.ws.app.manager.war.internal.WARDeployedAppInfoFactoryImpl@2f003f13
      serialVersionUID = 4622845147410944782
      $$$tc$$$ = class com.ibm.websphere.ras.TraceComponent@2c8fe64f
    _ami = class java.util.concurrent.atomic.AtomicReference@c12b469
      serialVersionUID = -1848883965231344442
      unsafe = class sun.misc.Unsafe@6a4893d
      valueOffset = 12
      value = class com.ibm.wsspi.application.handler.DefaultApplicationMonitoringInformation@6bf488e5
    _updateHandler = class com.ibm.ws.app.manager.internal.statemachine.ApplicationStateMachineImpl@66b2ff56
      _tc = class com.ibm.websphere.ras.TraceComponent@6e8bb8a
      EMPTY_FUTURE_ARRAY = interface java.util.concurrent.Future[0]
      asmSequenceNumber = class java.util.concurrent.atomic.AtomicLong@13877cb1
      _qscaCounter = class java.util.concurrent.atomic.AtomicInteger@79d8e01f
      _failedThrowable = null
      _interruptibleLock = class com.ibm.ws.app.manager.internal.statemachine.ApplicationStateMachineImpl$2@8e1e83d
      _interruptible = false
      _performingQueuedActions = true
      _queuedActions = class java.util.concurrent.ConcurrentLinkedQueue@f44b8a2
      _callbackState = class java.util.concurrent.atomic.AtomicReference@6a5dd4cf
      blockAppStartingFutures = class java.util.Collections$SetFromMap@543b1983
      waitingForAppHandlerFuture = class java.util.concurrent.atomic.AtomicReference@539ca339
      waitingForExplicitStartFuture = class java.util.concurrent.atomic.AtomicReference@79379040
      completionListener = class java.util.concurrent.atomic.AtomicReference@7d48d805
      _notifyAppStopped = class java.util.concurrent.ConcurrentLinkedQueue@71b3212e
      _notifyAppStarting = class java.util.concurrent.ConcurrentLinkedQueue@4700c14a
      _notifyAppInstallCalled = class java.util.concurrent.ConcurrentLinkedQueue@2f0ec7a
      _notifyAppStarted = class java.util.concurrent.ConcurrentLinkedQueue@394394d1
      _notifyAppRemoved = class java.util.concurrent.ConcurrentLinkedQueue@51117886
      _stateLock = class com.ibm.ws.app.manager.internal.statemachine.ApplicationStateMachineImpl$3@105af97f
      _internalState = class java.util.concurrent.atomic.AtomicReference@154c4432
      _currentAction = class java.util.concurrent.atomic.AtomicReference@308cbf56
      _rfa = class java.util.concurrent.atomic.AtomicReference@6a032489
      _appInstallInfo = class java.util.concurrent.atomic.AtomicReference@2dd5b9b7
      _update = class java.util.concurrent.atomic.AtomicBoolean@5acf05eb
      _appConfig = class java.util.concurrent.atomic.AtomicReference@fec77eb
      _nextAppConfig = class java.util.concurrent.atomic.AtomicReference@7cb83df3
      _appContainer = class java.util.concurrent.atomic.AtomicReference@7c202bd2
      _resolvedLocation = class java.util.concurrent.atomic.AtomicReference@5ee289e0
      _handler = class java.util.concurrent.atomic.AtomicReference@32ddeef8
      _asmSeqNo = 0
      _ctx = class org.eclipse.osgi.internal.framework.BundleContextImpl@41bfbdd4
      _locAdmin = class com.ibm.ws.kernel.service.location.internal.WsLocationAdminImpl@3b347844
      _futureMonitor = class com.ibm.ws.threading.internal.FutureMonitorImpl@1eeac34
      _artifactFactory = class com.ibm.ws.artifact.internal.ArtifactContainerFactoryService@3b6ff755
      _moduleFactory = class com.ibm.ws.adaptable.module.internal.AdaptableModuleFactoryImpl@39af135d
      _executorService = class com.ibm.ws.threading.internal.ExecutorServiceImpl@2950b0e6
      _scheduledExecutorService = class com.ibm.ws.threading.internal.ScheduledExecutorImpl@6f50f632
      _asmHelper = class com.ibm.ws.app.manager.internal.ApplicationConfigurator$NamedApplication@69c255f0
      _appMonitor = class com.ibm.ws.app.manager.internal.monitor.ApplicationMonitor@48954049
      enterStateCalled = class java.util.concurrent.atomic.AtomicBoolean@f370af5
      serialVersionUID = 6511956370079301927
      serialVersionUID = 5501066335104962649
      $$$tc$$$ = class com.ibm.websphere.ras.TraceComponent@5abd6e0
    serialVersionUID = 2630639237123415755
    $$$tc$$$ = class com.ibm.websphere.ras.TraceComponent@4c9ca48
      strings[0] = "TraceComponent[com.ibm.ws.app.manager.internal.ApplicationInstallInfo,class com.ibm.ws.app.manager.internal.ApplicationInstallInfo,[applications, app.manager],com.ibm.ws.app.manager.internal.resources.AppManagerMessages,null]"
  location = "D:\devel\tools\wlp\usr\servers\defaultServer\apps\project_duplicate.war.xml"
  classLoadingService = class com.ibm.ws.classloading.internal.ClassLoadingServiceImpl@2cf2d292
    tc = class com.ibm.websphere.ras.TraceComponent@781ca0be
      strings[0] = "TraceComponent[com.ibm.ws.classloading.internal.ClassLoadingServiceImpl,class com.ibm.ws.classloading.internal.ClassLoadingServiceImpl,[ClassLoadingService],com.ibm.ws.classloading.internal.resources.ClassLoadingServiceMessages,null]"
    leakDetectionMap = class java.util.HashMap@555ea88f
      serialVersionUID = 362498820763181265
      DEFAULT_INITIAL_CAPACITY = 16
      MAXIMUM_CAPACITY = 1073741824
      DEFAULT_LOAD_FACTOR = 0.75
      TREEIFY_THRESHOLD = 8
      UNTREEIFY_THRESHOLD = 6
      MIN_TREEIFY_CAPACITY = 64
      table = null
      entrySet = null
      size = 0
      modCount = 0
      threshold = 0
      loadFactor = 0.75
      keySet = null
      values = null
    TCCL_LOCK_WAIT = 15000
    REFERENCE_GENERATORS = "generators"
    bundleContext = class org.eclipse.osgi.internal.framework.BundleContextImpl@cad67be
      findHookName = "org.osgi.framework.hooks.bundle.FindHook"
      valid = true
      bundle = class org.eclipse.osgi.internal.framework.EquinoxBundle@60976548
      container = class org.eclipse.osgi.internal.framework.EquinoxContainer@6576db62
      debug = class org.eclipse.osgi.internal.debug.Debug@487ba87d
      servicesInUse = class java.util.HashMap@5e3cbd
      activator = null
      contextLock = class java.lang.Object@7b1f539f
    aclStore = class com.ibm.ws.classloading.internal.util.CanonicalStore@271ddf8
      map = class java.util.concurrent.ConcurrentHashMap@30208b3d
      q = class com.ibm.ws.classloading.internal.util.RefQueue@1ee8240d
      serialVersionUID = 6715157558227169968
      $$$tc$$$ = class com.ibm.websphere.ras.TraceComponent@754da6e3
    tcclStore = class com.ibm.ws.classloading.internal.util.CanonicalStore@56dd72fc
      map = class java.util.concurrent.ConcurrentHashMap@2254f010
      q = class com.ibm.ws.classloading.internal.util.RefQueue@2b0ed3ee
      serialVersionUID = 6715157558227169968
      $$$tc$$$ = class com.ibm.websphere.ras.TraceComponent@754da6e3
    tcclStoreLock = class java.util.concurrent.locks.ReentrantLock@26b79834
      serialVersionUID = 7373984872572414699
      sync = class java.util.concurrent.locks.ReentrantLock$NonfairSync@1f17c116
    digraph = class org.eclipse.equinox.internal.region.StandardRegionDigraph@60d46bd
      EMPTY_EDGE_SET = class java.util.Collections$UnmodifiableSet@4c89f7f0
      monitor = class java.lang.Object@1d34546e
      regions = class java.util.HashMap@5b0720c8
      bundleIdToRegionMapping = class org.eclipse.equinox.internal.region.StandardBundleIdToRegionMapping@57a7e689
      edges = class java.util.HashMap@5492adfa
      bundleContext = class org.eclipse.osgi.internal.framework.BundleContextImpl@25bbf683
      threadLocal = class java.lang.ThreadLocal@6bba1422
      subgraphTraverser = class org.eclipse.equinox.internal.region.SubgraphTraverser@9d968fd
      bundleCollisionHook = class org.eclipse.equinox.internal.region.hook.RegionBundleCollisionHook@612244e1
      bundleEventHook = class org.eclipse.equinox.internal.region.hook.RegionBundleEventHook@201ed842
      bundleFindHook = class org.eclipse.equinox.internal.region.hook.RegionBundleFindHook@1b3ec367
      serviceEventHook = class org.eclipse.equinox.internal.region.hook.RegionServiceEventHook@59e2de7d
      serviceFindHook = class org.eclipse.equinox.internal.region.hook.RegionServiceFindHook@2a149cec
      resolverHookFactory = class org.eclipse.equinox.internal.region.hook.RegionResolverHookFactory@7c1e9d24
      origin = null
      originUpdateCount = -1
      updateCount = class java.util.concurrent.atomic.AtomicLong@11d64c3b
      defaultRegion = null
    redefiner = class com.ibm.ws.classloading.internal.util.ClassRedefiner@55290b77
      tc = class com.ibm.websphere.ras.TraceComponent@739d747
      LS = "
"
      inst = class com.ibm.ws.kernel.launch.internal.TraceInstrumentation@39093269
      serialVersionUID = 2420101865139508526
    listener = class com.ibm.ws.classloading.internal.ClassLoadingServiceImpl$1@a1fc599
      this$0 = class com.ibm.ws.classloading.internal.ClassLoadingServiceImpl@2cf2d292
      serialVersionUID = -9159707349812113172
      $$$tc$$$ = class com.ibm.websphere.ras.TraceComponent@188362c6
    classloaders = class java.util.Collections$SynchronizedMap@37e80cb4
      serialVersionUID = 1978198479659022715
      m = class java.util.HashMap@303a6522
      mutex = class java.util.Collections$SynchronizedMap@37e80cb4
      keySet = null
      entrySet = null
      values = null
    resourceProviders = class com.ibm.ws.classloading.internal.CompositeResourceProvider@6e319539
      lockFactory = class java.util.concurrent.locks.ReentrantReadWriteLock@56c54bfd
      providerMap = class com.ibm.ws.classloading.internal.util.MultiMap@27952709
      serialVersionUID = -5576435894946156347
      $$$tc$$$ = class com.ibm.websphere.ras.TraceComponent@13c234b7
    rememberedBundles = class java.util.concurrent.ConcurrentHashMap@2d844445
      serialVersionUID = 7249069246763182397
      MAXIMUM_CAPACITY = 1073741824
      DEFAULT_CAPACITY = 16
      MAX_ARRAY_SIZE = 2147483639
      DEFAULT_CONCURRENCY_LEVEL = 16
      LOAD_FACTOR = 0.75
      TREEIFY_THRESHOLD = 8
      UNTREEIFY_THRESHOLD = 6
      MIN_TREEIFY_CAPACITY = 64
      MIN_TRANSFER_STRIDE = 16
      RESIZE_STAMP_BITS = 16
      MAX_RESIZERS = 65535
      RESIZE_STAMP_SHIFT = 16
      MOVED = -1
      TREEBIN = -2
      RESERVED = -3
      HASH_BITS = 2147483647
      NCPU = 4
      serialPersistentFields = class java.io.ObjectStreamField[3]
      table = class java.util.concurrent.ConcurrentHashMap$Node[16]
      nextTable = null
      baseCount = 5
      sizeCtl = 12
      transferIndex = 0
      cellsBusy = 0
      counterCells = null
      keySet = null
      values = null
      entrySet = null
      U = class sun.misc.Unsafe@6a4893d
      SIZECTL = 20
      TRANSFERINDEX = 32
      BASECOUNT = 24
      CELLSBUSY = 36
      CELLVALUE = 144
      ABASE = 16
      ASHIFT = 2
      keySet = null
      values = null
    collectedBundles = class java.lang.ref.ReferenceQueue@41d0d7e6
      NULL = class java.lang.ref.ReferenceQueue$Null@32885adc
      ENQUEUED = class java.lang.ref.ReferenceQueue$Null@7820bb43
      lock = class java.lang.ref.ReferenceQueue$Lock@641007c5
      head = null
      queueLength = 0
      $assertionsDisabled = true
    generatorRefs = class com.ibm.wsspi.kernel.service.utils.ConcurrentServiceReferenceSet@37030e5c
      referenceName = "generators"
      contextRef = class java.util.concurrent.atomic.AtomicReference@5a87d35
      elementMap = class java.util.LinkedHashMap@36a9ab05
      elementSet = class java.util.concurrent.ConcurrentSkipListSet@626ac753
      elementSetUnsorted = false
      serialVersionUID = 756240983881166148
      $$$tc$$$ = class com.ibm.websphere.ras.TraceComponent@252ecc06
    generatorManager = class com.ibm.ws.classloading.internal.ClassGeneratorManager@1f29fd3
      tc = class com.ibm.websphere.ras.TraceComponent@7748beb4
      generatorRefs = class com.ibm.wsspi.kernel.service.utils.ConcurrentServiceReferenceSet@37030e5c
      serialVersionUID = 4152663586056483310
    appExtLibs = class java.util.concurrent.CopyOnWriteArrayList@3597e148
      serialVersionUID = 8673264195747942595
      lock = class java.util.concurrent.locks.ReentrantLock@779789b
      array = class java.lang.Object[0]
      UNSAFE = class sun.misc.Unsafe@6a4893d
      lockOffset = 12
    globalConfig = class com.ibm.ws.classloading.configuration.GlobalClassloadingConfiguration@426dc6e2
      properties = class org.apache.felix.scr.impl.helper.ReadOnlyDictionary@773d2f83
      serialVersionUID = 452562347104713756
      $$$tc$$$ = class com.ibm.websphere.ras.TraceComponent@7b91ec97
    metaInfServicesProviders = class java.util.concurrent.ConcurrentHashMap@4dc40486
      serialVersionUID = 7249069246763182397
      MAXIMUM_CAPACITY = 1073741824
      DEFAULT_CAPACITY = 16
      MAX_ARRAY_SIZE = 2147483639
      DEFAULT_CONCURRENCY_LEVEL = 16
      LOAD_FACTOR = 0.75
      TREEIFY_THRESHOLD = 8
      UNTREEIFY_THRESHOLD = 6
      MIN_TREEIFY_CAPACITY = 64
      MIN_TRANSFER_STRIDE = 16
      RESIZE_STAMP_BITS = 16
      MAX_RESIZERS = 65535
      RESIZE_STAMP_SHIFT = 16
      MOVED = -1
      TREEBIN = -2
      RESERVED = -3
      HASH_BITS = 2147483647
      NCPU = 4
      serialPersistentFields = class java.io.ObjectStreamField[3]
      table = null
      nextTable = null
      baseCount = 0
      sizeCtl = 0
      transferIndex = 0
      cellsBusy = 0
      counterCells = null
      keySet = null
      values = null
      entrySet = null
      U = class sun.misc.Unsafe@6a4893d
      SIZECTL = 20
      TRANSFERINDEX = 32
      BASECOUNT = 24
      CELLSBUSY = 36
      CELLVALUE = 144
      ABASE = 16
      ASHIFT = 2
      keySet = null
      values = null
    metaInfServicesRefs = class com.ibm.wsspi.kernel.service.utils.ConcurrentServiceReferenceMap@a6c853f
      referenceName = "MetaInfServicesProvider"
      context = class org.apache.felix.scr.impl.manager.ComponentContextImpl@22e0505b
      elementMap = class java.util.concurrent.ConcurrentHashMap@46ae7129
      serialVersionUID = 6980924785166233786
      $$$tc$$$ = class com.ibm.websphere.ras.TraceComponent@7bf4bbc5
    protectionDomainMap = class java.util.HashMap@7ba89b
      serialVersionUID = 362498820763181265
      DEFAULT_INITIAL_CAPACITY = 16
      MAXIMUM_CAPACITY = 1073741824
      DEFAULT_LOAD_FACTOR = 0.75
      TREEIFY_THRESHOLD = 8
      UNTREEIFY_THRESHOLD = 6
      MIN_TREEIFY_CAPACITY = 64
      table = null
      entrySet = null
      size = 0
      modCount = 0
      threshold = 0
      loadFactor = 0.75
      keySet = null
      values = null
    metadataIdentifierService = class com.ibm.ws.container.service.metadata.internal.MetaDataServiceImpl@35b842df
    globalSharedLibrary = class java.util.concurrent.atomic.AtomicReference@2c0d24a0
      serialVersionUID = -1848883965231344442
      unsafe = class sun.misc.Unsafe@6a4893d
      valueOffset = 12
      value = null
    serialVersionUID = -2277344858934055980
  globalSharedLibrary = class com.ibm.ws.library.internal.SharedLibraryImpl@6bdf4761
    tc = class com.ibm.websphere.ras.TraceComponent@17d3632c
      strings[0] = "TraceComponent[com.ibm.ws.library.internal.SharedLibraryImpl,class com.ibm.ws.library.internal.SharedLibraryImpl,[SharedLibrary],com.ibm.ws.classloading.internal.resources.ClassLoadingServiceMessages,null]"
    EMPTY_LIBRARY_LISTENERS = interface com.ibm.wsspi.library.LibraryChangeListener[0]
    deleted = false
    libraryListenersTracker = class org.osgi.util.tracker.ServiceTracker@5975c6f0
      DEBUG = false
      context = class org.eclipse.osgi.internal.framework.BundleContextImpl@cad67be
      filter = class org.eclipse.osgi.internal.framework.FilterImpl@2c6f4633
      customizer = class org.osgi.util.tracker.ServiceTracker@5975c6f0
      listenerFilter = "(&(objectClass=com.ibm.wsspi.library.LibraryChangeListener)(|(library=global)(libraryRef=*com.ibm.ws.classloading.sharedlibrary_21*)))"
      trackClass = null
      trackReference = null
      tracked = class org.osgi.util.tracker.ServiceTracker$Tracked@79fedba6
      cachedReference = null
      cachedService = null
    libraryReg = class org.eclipse.osgi.internal.serviceregistry.ServiceRegistrationImpl@64987fa9
      registry = class org.eclipse.osgi.internal.serviceregistry.ServiceRegistry@4e7c64bc
      context = class org.eclipse.osgi.internal.framework.BundleContextImpl@cad67be
      bundle = class org.eclipse.osgi.internal.framework.EquinoxBundle@60976548
      clazzes = class java.lang.String[1]
      service = class com.ibm.ws.library.internal.SharedLibraryImpl@6bdf4761
      reference = class org.eclipse.osgi.internal.serviceregistry.ServiceReferenceImpl@19dedca
      contextsUsing = class java.util.ArrayList@d788b65
      properties = class java.util.Collections$UnmodifiableMap@78424de
      serviceid = 305
      serviceranking = 0
      registrationLock = class java.lang.Object@419d6957
      state = 0
      REGISTERED = 0
      UNREGISTERING = 1
      UNREGISTERED = 2
      FRAMEWORK_SET_SERVICE_PROPERTIES_COUNT = 4
      $assertionsDisabled = true
    ctx = class org.eclipse.osgi.internal.framework.BundleContextImpl@cad67be
    classLoadingService = class com.ibm.ws.classloading.internal.ClassLoadingServiceImpl@2cf2d292
    configAdmin = class com.ibm.ws.config.admin.internal.ConfigurationAdminImpl@289af963
      tc = class com.ibm.websphere.ras.TraceComponent@222bbd
      bundle = class org.eclipse.osgi.internal.framework.EquinoxBundle@60976548
      caFactory = class com.ibm.ws.config.admin.internal.ConfigAdminServiceFactory@6f42a953
      serialVersionUID = -2875522750804142523
    resolvedBasePath = "D:/devel/tools/wlp/usr/servers/defaultServer/"
    generationLock = class com.ibm.ws.library.internal.SharedLibraryImpl$1@4507ad51
      this$0 = class com.ibm.ws.library.internal.SharedLibraryImpl@6bdf4761
      serialVersionUID = 2483639803450672373
      $$$tc$$$ = class com.ibm.websphere.ras.TraceComponent@1fb020e0
    currentGeneration = class com.ibm.ws.library.internal.LibraryGeneration@69246c85
      tc = class com.ibm.websphere.ras.TraceComponent@1672d655
      nextInt = class java.util.concurrent.atomic.AtomicInteger@1c21a3bc
      libraryId = "global"
      genId = 0
      libraryProps = class java.util.Hashtable@45d83be9
      filesetRefs = class java.util.Collections$UnmodifiableRandomAccessList@6b547a13
      apiTypeVisibility = class java.util.RegularEnumSet@196cda85
      files = class java.util.Collections$EmptyList@5b986d19
      folders = class java.util.ArrayList@841a657
      fileAndFolderContainers = class java.util.Collections$EmptyList@5b986d19
      filesets = class java.util.concurrent.ArrayBlockingQueue@cc2d3c5
      filesetListenerRegs = class java.util.concurrent.ConcurrentLinkedQueue@440ea4ac
      cancelled = false
      library = class com.ibm.ws.library.internal.SharedLibraryImpl@6bdf4761
      serialVersionUID = 6965220007121905717
    nextGeneration = class com.ibm.ws.library.internal.LibraryGeneration@69246c85
    artifactContainerFactory = class com.ibm.ws.library.internal.SharedLibraryFactory$1@1e917517
      this$0 = class com.ibm.ws.library.internal.SharedLibraryFactory@425d977b
      serialVersionUID = 7730244564205089330
      $$$tc$$$ = class com.ibm.websphere.ras.TraceComponent@e704df5
    packageExporter = class com.ibm.ws.library.internal.LibraryPackageExporter@613fc647
      EXPORTER_POSTFIX = "_library_exporter"
      REGION_EXPORT_TO_LIBERTY = "liberty.library.export.to.liberty"
      REGION_EXPORT_TO_OSGI_APPS = "liberty.library.export.to.osgi.app"
      REGION_KERNEL = "org.eclipse.equinox.region.kernel"
      counter = class java.util.concurrent.atomic.AtomicLong@170795c6
      context = class org.eclipse.osgi.internal.framework.BundleContextImpl@cad67be
      digraph = class org.eclipse.equinox.internal.region.StandardRegionDigraph@60d46bd
      bundleToLibrary = class java.util.concurrent.ConcurrentHashMap@1b3cbeea
      libraryToVisibility = class java.util.concurrent.ConcurrentHashMap@62a6ec54
      serialVersionUID = 8074378969667956573
      $$$tc$$$ = class com.ibm.websphere.ras.TraceComponent@23c46f98
    serialVersionUID = 6288237618632180389
  sharedLibDeploymentInfo = class com.ibm.ws.app.manager.module.internal.DeployedAppInfoBase$SharedLibDeploymentInfo@2da65e90
    bundleContext = class org.eclipse.osgi.internal.framework.BundleContextImpl@5cb5fbe0
      findHookName = "org.osgi.framework.hooks.bundle.FindHook"
      valid = true
      bundle = class org.eclipse.osgi.internal.framework.EquinoxBundle@2e536e0d
      container = class org.eclipse.osgi.internal.framework.EquinoxContainer@6576db62
      debug = class org.eclipse.osgi.internal.debug.Debug@487ba87d
      servicesInUse = class java.util.HashMap@1c55fcf1
      activator = null
      contextLock = class java.lang.Object@10788dfe
    locAdmin = class com.ibm.ws.kernel.service.location.internal.WsLocationAdminImpl@3b347844
      tc = class com.ibm.websphere.ras.TraceComponent@56771780
      LOC_INTERNAL_LIB_DIR = "wlp.lib.dir"
      LOC_AREA_NAME_APPS = "shared/apps/"
      LOC_AREA_NAME_CONFIG = "shared/config/"
      LOC_AREA_NAME_RESC = "shared/resources/"
      LOC_AREA_NAME_STATE = "logs/state/"
      LOC_AREA_NAME_SERVERS = "servers/"
      LOC_AREA_NAME_CLIENTS = "clients/"
      LOC_AREA_NAME_WORKING = "workarea/"
      LOC_AREA_NAME_EXTENSION = "extension/"
      instance = class com.ibm.ws.staticvalue.StaticValue$FinalSingleton@3916b5fd
      installRoot = class com.ibm.ws.kernel.service.location.internal.SymbolicRootResource@ad01ac5
      installParentRoot = class com.ibm.ws.kernel.service.location.internal.SymbolicRootResource@3c31382
      userRoot = class com.ibm.ws.kernel.service.location.internal.SymbolicRootResource@79c11d80
      usrExtensionRoot = class com.ibm.ws.kernel.service.location.internal.SymbolicRootResource@75f4f618
      serverConfigDir = class com.ibm.ws.kernel.service.location.internal.SymbolicRootResource@7f78dc51
      serverOutputDir = class com.ibm.ws.kernel.service.location.internal.SymbolicRootResource@7f78dc51
      bootstrapLib = class com.ibm.ws.kernel.service.location.internal.LocalFileResource@64bc8f3f
      serverWorkarea = class com.ibm.ws.kernel.service.location.internal.LocalFileResource@15e0a335
      serverState = class com.ibm.ws.kernel.service.location.internal.LocalFileResource@47f6c3a7
      sharedAppsRoot = class com.ibm.ws.kernel.service.location.internal.SymbolicRootResource@7ed5155c
      sharedConfigRoot = class com.ibm.ws.kernel.service.location.internal.SymbolicRootResource@7e10a8ce
      sharedResourceRoot = class com.ibm.ws.kernel.service.location.internal.SymbolicRootResource@6e795532
      tmpRoot = class com.ibm.ws.kernel.service.location.internal.SymbolicRootResource@1fe358a1
      serverName = "defaultServer"
      resourcePaths = class java.util.ArrayList@494ac1f4
      resourceGroups = class java.util.HashMap@32e746cb
      commonRoot = class com.ibm.ws.kernel.service.location.internal.VirtualRootResource@16134560
      serialVersionUID = 7766352982799267432
    artifactFactory = class com.ibm.ws.artifact.internal.ArtifactContainerFactoryService@3b6ff755
      CATEGORY_PROP_NAME = "category"
      ENTRY_KEY = "com.ibm.wsspi.artifact.ArtifactEntry"
      helperMap = class com.ibm.wsspi.kernel.service.utils.ConcurrentServiceReferenceSetMap@6ff1143b
      contributorMap = class com.ibm.wsspi.kernel.service.utils.ConcurrentServiceReferenceSetMap@5428db26
      helperCategoryMap = class com.ibm.wsspi.kernel.service.utils.ConcurrentServiceReferenceSetMap@7ce75da5
      contributorCategoryMap = class com.ibm.wsspi.kernel.service.utils.ConcurrentServiceReferenceSetMap@5ee98e3a
      categories = class java.util.Collections$SynchronizedSet@395e1910
      baseProperties = class org.apache.felix.scr.impl.helper.ReadOnlyDictionary@2b3d14f6
      serialVersionUID = -3101641399269402013
      $$$tc$$$ = class com.ibm.websphere.ras.TraceComponent@4ec7c54e
    moduleFactory = class com.ibm.ws.adaptable.module.internal.AdaptableModuleFactoryImpl@39af135d
      adapterFactoryService = class com.ibm.ws.adaptable.module.internal.AdapterFactoryServiceImpl@fe23f26
      containerFactory = class com.ibm.ws.artifact.internal.ArtifactContainerFactoryService@3b6ff755
      overlayContainerFactory = class com.ibm.ws.artifact.overlay.internal.OverlayContainerFactoryImpl@673bbec6
      serialVersionUID = 4200251809856292987
      $$$tc$$$ = class com.ibm.websphere.ras.TraceComponent@9a5e87e
    classesContainerInfo = class java.util.ArrayList@62e2ed77
      serialVersionUID = 8683452581122892189
      DEFAULT_CAPACITY = 10
      EMPTY_ELEMENTDATA = class java.lang.Object[0]
      DEFAULTCAPACITY_EMPTY_ELEMENTDATA = class java.lang.Object[0]
      elementData = class java.lang.Object[0]
      size = 0
      MAX_ARRAY_SIZE = 2147483639
      modCount = 0
      MAX_ARRAY_SIZE = 2147483639
    serialVersionUID = -9033256786848720484
    $$$tc$$$ = class com.ibm.websphere.ras.TraceComponent@2786cfd6
      strings[0] = "TraceComponent[com.ibm.ws.app.manager.module.internal.DeployedAppInfoBase$SharedLibDeploymentInfo,class com.ibm.ws.app.manager.module.internal.DeployedAppInfoBase$SharedLibDeploymentInfo,[applications, app.manager],,null]"
  futureMonitor = class com.ibm.ws.threading.internal.FutureMonitorImpl@1eeac34
    _monitor = class java.util.concurrent.ConcurrentLinkedQueue@d67ba2c
      serialVersionUID = 196745693267521676
      head = class java.util.concurrent.ConcurrentLinkedQueue$Node@33e24208
      tail = class java.util.concurrent.ConcurrentLinkedQueue$Node@33e24208
      UNSAFE = class sun.misc.Unsafe@6a4893d
      headOffset = 12
      tailOffset = 16
      MAX_ARRAY_SIZE = 2147483639
    _executor = class com.ibm.ws.threading.internal.ScheduledExecutorImpl@6f50f632
      threadGroupName = "Scheduled Executor Thread Group"
      executor = class com.ibm.ws.threading.internal.ExecutorServiceImpl@2950b0e6
      serialVersionUID = -9110693807503469597
      $$$tc$$$ = class com.ibm.websphere.ras.TraceComponent@4488fee0
      continueExistingPeriodicTasksAfterShutdown = false
      executeExistingDelayedTasksAfterShutdown = true
      removeOnCancel = false
      sequencer = class java.util.concurrent.atomic.AtomicLong@8735b61
      ctl = class java.util.concurrent.atomic.AtomicInteger@5cd7dfd3
      COUNT_BITS = 29
      CAPACITY = 536870911
      RUNNING = -536870912
      SHUTDOWN = 0
      STOP = 536870912
      TIDYING = 1073741824
      TERMINATED = 1610612736
      workQueue = class java.util.concurrent.ScheduledThreadPoolExecutor$DelayedWorkQueue@72a86c2a
      mainLock = class java.util.concurrent.locks.ReentrantLock@7426413b
      workers = class java.util.HashSet@661ca48d
      termination = class java.util.concurrent.locks.AbstractQueuedSynchronizer$ConditionObject@457c6da
      largestPoolSize = 1
      completedTaskCount = 0
      threadFactory = class com.ibm.ws.threading.internal.ThreadFactoryImpl@352f3346
      handler = class java.util.concurrent.ThreadPoolExecutor$AbortPolicy@350674b6
      keepAliveTime = 0
      allowCoreThreadTimeOut = false
      corePoolSize = 1
      maximumPoolSize = 2147483647
      defaultHandler = class java.util.concurrent.ThreadPoolExecutor$AbortPolicy@350674b6
      shutdownPerm = class java.lang.RuntimePermission@5dcfb7ed
      acc = null
      ONLY_ONE = true
      $assertionsDisabled = true
    _threadRunning = class java.util.concurrent.atomic.AtomicBoolean@94cbef1
      serialVersionUID = 4654671469794556979
      unsafe = class sun.misc.Unsafe@6a4893d
      valueOffset = 12
      value = 0
    _thread = class com.ibm.ws.threading.internal.FutureMonitorImpl$1@6186dfdb
      this$0 = class com.ibm.ws.threading.internal.FutureMonitorImpl@1eeac34
      serialVersionUID = 2422512430832938099
      $$$tc$$$ = class com.ibm.websphere.ras.TraceComponent@b6ebe6c
    serialVersionUID = 2765238413969174390
    $$$tc$$$ = class com.ibm.websphere.ras.TraceComponent@28c0f969
      strings[0] = "TraceComponent[com.ibm.ws.threading.internal.FutureMonitorImpl,class com.ibm.ws.threading.internal.FutureMonitorImpl,[Threading],com.ibm.ws.threading.internal.resources.ThreadingMessages,null]"
  configAdmin = class com.ibm.ws.config.admin.internal.ConfigurationAdminImpl@3b3298d9
    tc = class com.ibm.websphere.ras.TraceComponent@222bbd
      strings[0] = "TraceComponent[com.ibm.ws.config.admin.internal.ConfigurationAdminImpl,class com.ibm.ws.config.admin.internal.ConfigurationAdminImpl,[config],com.ibm.ws.config.internal.resources.ConfigMessages,null]"
    bundle = class org.eclipse.osgi.internal.framework.EquinoxBundle@2e536e0d
      equinoxContainer = class org.eclipse.osgi.internal.framework.EquinoxContainer@6576db62
      module = class org.eclipse.osgi.internal.framework.EquinoxBundle$EquinoxModule@6deeafc4
      monitor = class java.lang.Object@42b16590
      context = class org.eclipse.osgi.internal.framework.BundleContextImpl@5cb5fbe0
      signerInfos = null
      $SWITCH_TABLE$org$eclipse$osgi$container$Module$State = {1,2,3,4,5,6,7} /* array length = 7 */
    caFactory = class com.ibm.ws.config.admin.internal.ConfigAdminServiceFactory@6f42a953
      tc = class com.ibm.websphere.ras.TraceComponent@25c820a
      configurationPermission = class org.osgi.service.cm.ConfigurationPermission@9265ca6
      INDEX_DICTIONARY = 0
      INDEX_LOCATION = 1
      INDEX_METATYPE_PROCESSED = 2
      INDEX_IN_OVERRIDES_FILE = 3
      INDEX_REFERENCES = 4
      INDEX_UNIQUES = 5
      bundleContext = class org.eclipse.osgi.internal.framework.BundleContextImpl@2b62520
      msTracker = class com.ibm.ws.config.admin.internal.ManagedServiceTracker@65e81507
      msfTracker = class com.ibm.ws.config.admin.internal.ManagedServiceFactoryTracker@427cc135
      pluginManager = class com.ibm.ws.config.admin.internal.PluginManager@2dea08b1
      configurationStore = class com.ibm.ws.config.admin.internal.ConfigurationStore@1692a2c6
      updateQueue = class com.ibm.ws.config.admin.internal.UpdateQueue@33f7dd3e
      ced = class com.ibm.ws.config.admin.internal.ConfigEventDispatcher@1726d71c
      idMap = class java.util.Collections$SynchronizedMap@6af4fac9
      referenceMap = class java.util.Collections$SynchronizedMap@6973e1c3
      variableRegistryTracker = class org.osgi.util.tracker.ServiceTracker@6460dffe
      variableRegistry = class com.ibm.ws.kernel.service.location.internal.VariableRegistryHelper@45df7a59
      configurationAdminRef = class org.eclipse.osgi.internal.serviceregistry.ServiceRegistrationImpl@3faa9611
      serialVersionUID = 6695202270027014725
    serialVersionUID = -2875522750804142523
  libraryConfigHelper = class com.ibm.ws.classloading.ClassLoaderConfigHelper@58c3ef1c
    tc = class com.ibm.websphere.ras.TraceComponent@68692f49
      strings[0] = "TraceComponent[com.ibm.ws.classloading.ClassLoaderConfigHelper,class com.ibm.ws.classloading.ClassLoaderConfigHelper,[ClassLoadingService],com.ibm.ws.classloading.internal.resources.ClassLoadingServiceMessages,null]"
    DEFAULT_API_TYPES = class java.util.RegularEnumSet@6ef0da51
      serialVersionUID = 3411599620347842686
      elements = 23
      elementType = class java.lang.Class@11765d8c
      universe = class com.ibm.wsspi.classloading.ApiType[5]
      ZERO_LENGTH_ENUM_ARRAY = class java.lang.Enum[0]
      MAX_ARRAY_SIZE = 2147483639
    sharedLibraries = class java.util.Collections$EmptyList@5b986d19
      serialVersionUID = 8842843931221139166
      modCount = 0
      MAX_ARRAY_SIZE = 2147483639
    commonLibraries = class java.util.Collections$EmptyList@5b986d19
    classProviders = class java.util.Collections$EmptyList@5b986d19
    sharedLibrariesPids = null
    commonLibrariesPids = null
    isDelegateLast = false
    apiTypes = class java.util.RegularEnumSet@6ef0da51
    classLoaderConfigProps = null
    serialVersionUID = 7643888529935916418
  isDelegateLast = false
  permissionManager = class com.ibm.ws.classloading.java2sec.PermissionManager@446fba23
    tc = class com.ibm.websphere.ras.TraceComponent@7c716ec6
      strings[0] = "TraceComponent[com.ibm.ws.classloading.java2sec.PermissionManager,class com.ibm.ws.classloading.java2sec.PermissionManager,[Java2SecurityUtil],com.ibm.ws.classloading.internal.resources.Java2SecurityUtilMessages,null]"
    classLoadingService = class com.ibm.ws.classloading.internal.ClassLoadingServiceImpl@2cf2d292
    DEFAULT_SERVER_RESTRICTABLE_PERMISSIONS = class java.security.Permission[4]
      Permission[0] = class java.lang.RuntimePermission@75fbb54d
      Permission[1] = class java.lang.RuntimePermission@2289fba6
      Permission[2] = class java.security.SecurityPermission@3b28e6d9
      Permission[3] = class javax.security.auth.AuthPermission@42397e79
    DEFAULT_CLIENT_RESTRICTABLE_PERMISSIONS = class java.security.Permission[3]
      Permission[0] = class java.lang.RuntimePermission@7b0bc135
      Permission[1] = class java.security.SecurityPermission@7d1e924f
      Permission[2] = class javax.security.auth.AuthPermission@57103503
    isServer = true
    wsjarUrlStreamHandlerAvailable = true
    restrictablePermissions = class java.util.ArrayList@58782513
      serialVersionUID = 8683452581122892189
      DEFAULT_CAPACITY = 10
      EMPTY_ELEMENTDATA = class java.lang.Object[0]
      DEFAULTCAPACITY_EMPTY_ELEMENTDATA = class java.lang.Object[0]
      elementData = class java.lang.Object[10]
      size = 4
      MAX_ARRAY_SIZE = 2147483639
      modCount = 4
      MAX_ARRAY_SIZE = 2147483639
    grantedPermissions = class java.util.ArrayList@28bd05fa
      serialVersionUID = 8683452581122892189
      DEFAULT_CAPACITY = 10
      EMPTY_ELEMENTDATA = class java.lang.Object[0]
      DEFAULTCAPACITY_EMPTY_ELEMENTDATA = class java.lang.Object[0]
      elementData = class java.lang.Object[10]
      size = 1
      MAX_ARRAY_SIZE = 2147483639
      modCount = 1
      MAX_ARRAY_SIZE = 2147483639
    KEY_PERMISSION = "permission"
    INCORRECT_PERMISSION_CONFIGURATION = "INCORRECT_PERMISSION_CONFIGURATION"
    PERMISSION_CLASSNOTFOUND = "PERMISSION_CLASSNOTFOUND"
    SERVER_XML = "server.xml"
    CLIENT_XML = "client.xml"
    originationFile = "server.xml"
    permissions = class com.ibm.wsspi.kernel.service.utils.ConcurrentServiceReferenceSet@646c4086
      referenceName = "permission"
      contextRef = class java.util.concurrent.atomic.AtomicReference@72583b2f
      elementMap = class java.util.LinkedHashMap@1fa0ba40
      elementSet = class java.util.concurrent.ConcurrentSkipListSet@53d1a48f
      elementSetUnsorted = false
      serialVersionUID = 756240983881166148
      $$$tc$$$ = class com.ibm.websphere.ras.TraceComponent@252ecc06
    codeBasePermissionMap = class java.util.HashMap@173c70f4
      serialVersionUID = 362498820763181265
      DEFAULT_INITIAL_CAPACITY = 16
      MAXIMUM_CAPACITY = 1073741824
      DEFAULT_LOAD_FACTOR = 0.75
      TREEIFY_THRESHOLD = 8
      UNTREEIFY_THRESHOLD = 6
      MIN_TREEIFY_CAPACITY = 64
      table = null
      entrySet = null
      size = 0
      modCount = 0
      threshold = 0
      loadFactor = 0.75
      keySet = class java.util.HashMap$KeySet@26be00a6
      values = null
    permissionXMLPermissionMap = class java.util.HashMap@ef58fbd
      serialVersionUID = 362498820763181265
      DEFAULT_INITIAL_CAPACITY = 16
      MAXIMUM_CAPACITY = 1073741824
      DEFAULT_LOAD_FACTOR = 0.75
      TREEIFY_THRESHOLD = 8
      UNTREEIFY_THRESHOLD = 6
      MIN_TREEIFY_CAPACITY = 64
      table = null
      entrySet = null
      size = 0
      modCount = 0
      threshold = 0
      loadFactor = 0.75
      keySet = null
      values = null
    serialVersionUID = 3514017629123673923
  permissionsConfig = null
  serialVersionUID = 5168023053972273360
  appInfo = class com.ibm.ws.container.service.app.deploy.internal.ApplicationInfoImpl@18ad9404
    appName = "project_duplicate"
    appMetaData = class com.ibm.ws.container.service.app.deploy.internal.ApplicationMetaDataImpl@59a017d2
      j2eeName = class com.ibm.ws.container.service.metadata.internal.J2EENameImpl@424c34a4
      serialVersionUID = -7906531148367236579
      $$$tc$$$ = class com.ibm.websphere.ras.TraceComponent@3adcfab7
      tc = class com.ibm.websphere.ras.TraceComponent@258bbbfa
      NUM_STATIC_SLOTS = 4
      ID_UNINITIALIZED = -1
      id = 0
      metaDataInterface = class java.lang.Class@5fca8638
      staticSlots = class java.lang.Object[4]
      dynamicSlots = class java.lang.Object[4]
    appContainer = class com.ibm.ws.adaptable.module.internal.AdaptableContainerImpl@59a19938
      root = class com.ibm.ws.adaptable.module.internal.AdaptableContainerImpl@59a19938
      rootOverlay = class com.ibm.ws.artifact.overlay.internal.DirectoryBasedOverlayContainerImpl@4c397370
      factoryHolder = class com.ibm.ws.adaptable.module.internal.AdaptableModuleFactoryImpl@39af135d
      delegate = class com.ibm.ws.artifact.overlay.internal.DirectoryBasedOverlayContainerImpl@4c397370
      notifier = class com.ibm.ws.adaptable.module.internal.NotifierImpl@60f0b194
      serialVersionUID = -5621513278641113667
      $$$tc$$$ = class com.ibm.websphere.ras.TraceComponent@7d651b85
    configHelper = class com.ibm.ws.app.manager.module.ApplicationNestedConfigHelper@6a086e9a
      appInfo = class com.ibm.ws.app.manager.internal.ApplicationInstallInfo@782f861d
      serialVersionUID = -3174031738676705046
      $$$tc$$$ = class com.ibm.websphere.ras.TraceComponent@78337d4c
    applicationInformation = class com.ibm.ws.app.manager.internal.ApplicationInstallInfo@782f861d
    serialVersionUID = -505303337196743781
    $$$tc$$$ = class com.ibm.websphere.ras.TraceComponent@236785f1
      strings[0] = "TraceComponent[com.ibm.ws.container.service.app.deploy.internal.ApplicationInfoImpl,class com.ibm.ws.container.service.app.deploy.internal.ApplicationInfoImpl,[container.service],com.ibm.ws.container.service.resources.Messages,null]"
  modulesDeployed = class java.util.ArrayList@628b2076
    serialVersionUID = 8683452581122892189
    DEFAULT_CAPACITY = 10
    EMPTY_ELEMENTDATA = class java.lang.Object[0]
    DEFAULTCAPACITY_EMPTY_ELEMENTDATA = class java.lang.Object[0]
    elementData = class java.lang.Object[10]
      Object[0] = class com.ibm.ws.app.manager.module.internal.DeployedModuleInfoImpl@75396f5
      Object[1] = null
      Object[2] = null
      Object[3] = null
      Object[4] = null
      Object[5] = null
      Object[6] = null
      Object[7] = null
      Object[8] = null
      Object[9] = null
    size = 1
    MAX_ARRAY_SIZE = 2147483639
    modCount = 1
    MAX_ARRAY_SIZE = 2147483639
  starting = true
  started = false
  appInfoFactory = class com.ibm.ws.container.service.app.deploy.internal.ApplicationInfoFactoryImpl@c3f5fd9
    j2eeNameFactory = class com.ibm.wsspi.kernel.service.utils.AtomicServiceReference@4180f593
      referenceName = "j2eeNameFactory"
      tuple = class java.util.concurrent.atomic.AtomicReference@7ebb77a5
      serialVersionUID = 2226592364007985000
      $$$tc$$$ = class com.ibm.websphere.ras.TraceComponent@557080e7
    names = class java.util.HashSet@2f2bc5e1
      serialVersionUID = -5024744406713321676
      map = class java.util.HashMap@72516732
      PRESENT = class java.lang.Object@596f7863
      MAX_ARRAY_SIZE = 2147483639
    serialVersionUID = 7443990212682384945
    $$$tc$$$ = class com.ibm.websphere.ras.TraceComponent@63ebdfae
      strings[0] = "TraceComponent[com.ibm.ws.container.service.app.deploy.internal.ApplicationInfoFactoryImpl,class com.ibm.ws.container.service.app.deploy.internal.ApplicationInfoFactoryImpl,[container.service],com.ibm.ws.container.service.resources.Messages,null]"
  metaDataService = class com.ibm.ws.container.service.metadata.internal.MetaDataServiceImpl@35b842df
    applicationMetaDataManager = class com.ibm.ws.container.service.metadata.internal.ApplicationMetaDataManager@72c99fef
      serialVersionUID = 1843747281024490904
      $$$tc$$$ = class com.ibm.websphere.ras.TraceComponent@1a5dc463
      listeners = class com.ibm.wsspi.kernel.service.utils.ConcurrentServiceReferenceSet@3d13da53
      metaDataIDs = class com.ibm.ws.container.service.metadata.internal.IndexList@64bfa14a
      metaDatas = class java.util.ArrayList@76e59f4d
      slotIDs = class com.ibm.ws.container.service.metadata.internal.IndexList@58ba5b6f
      serialVersionUID = 5464421863354792977
      $$$tc$$$ = class com.ibm.websphere.ras.TraceComponent@2030c457
    moduleMetaDataManager = class com.ibm.ws.container.service.metadata.internal.ModuleMetaDataManager@37a49d32
      serialVersionUID = 2513574389899327209
      $$$tc$$$ = class com.ibm.websphere.ras.TraceComponent@698e653a
      listeners = class com.ibm.wsspi.kernel.service.utils.ConcurrentServiceReferenceSet@644c2a97
      metaDataIDs = class com.ibm.ws.container.service.metadata.internal.IndexList@7a1350aa
      metaDatas = class java.util.ArrayList@3eb8b49
      slotIDs = class com.ibm.ws.container.service.metadata.internal.IndexList@28826348
      serialVersionUID = 5464421863354792977
      $$$tc$$$ = class com.ibm.websphere.ras.TraceComponent@2030c457
    componentMetaDataManager = class com.ibm.ws.container.service.metadata.internal.ComponentMetaDataManager@71ceda38
      serialVersionUID = 8629793739641703882
      $$$tc$$$ = class com.ibm.websphere.ras.TraceComponent@7d67c8ae
      listeners = class com.ibm.wsspi.kernel.service.utils.ConcurrentServiceReferenceSet@1f28d2ce
      metaDataIDs = class com.ibm.ws.container.service.metadata.internal.IndexList@1eaf5d66
      metaDatas = class java.util.ArrayList@6c63cf16
      slotIDs = class com.ibm.ws.container.service.metadata.internal.IndexList@118ee54b
      serialVersionUID = 5464421863354792977
      $$$tc$$$ = class com.ibm.websphere.ras.TraceComponent@2030c457
    methodMetaDataManager = class com.ibm.ws.container.service.metadata.internal.MethodMetaDataManager@3b1d2d
      serialVersionUID = -8002489041502300640
      $$$tc$$$ = class com.ibm.websphere.ras.TraceComponent@4382e187
      listeners = class com.ibm.wsspi.kernel.service.utils.ConcurrentServiceReferenceSet@6b35fcfe
      metaDataIDs = class com.ibm.ws.container.service.metadata.internal.IndexList@1a7f9ef1
      metaDatas = class java.util.ArrayList@1b7da58a
      slotIDs = class com.ibm.ws.container.service.metadata.internal.IndexList@1bc441a5
      serialVersionUID = 5464421863354792977
      $$$tc$$$ = class com.ibm.websphere.ras.TraceComponent@2030c457
    appModuleNameToModuleContainer = class java.util.concurrent.ConcurrentHashMap@3e33dc22
      serialVersionUID = 7249069246763182397
      MAXIMUM_CAPACITY = 1073741824
      DEFAULT_CAPACITY = 16
      MAX_ARRAY_SIZE = 2147483639
      DEFAULT_CONCURRENCY_LEVEL = 16
      LOAD_FACTOR = 0.75
      TREEIFY_THRESHOLD = 8
      UNTREEIFY_THRESHOLD = 6
      MIN_TREEIFY_CAPACITY = 64
      MIN_TRANSFER_STRIDE = 16
      RESIZE_STAMP_BITS = 16
      MAX_RESIZERS = 65535
      RESIZE_STAMP_SHIFT = 16
      MOVED = -1
      TREEBIN = -2
      RESERVED = -3
      HASH_BITS = 2147483647
      NCPU = 4
      serialPersistentFields = class java.io.ObjectStreamField[3]
      table = class java.util.concurrent.ConcurrentHashMap$Node[16]
      nextTable = null
      baseCount = 6
      sizeCtl = 12
      transferIndex = 0
      cellsBusy = 0
      counterCells = null
      keySet = null
      values = null
      entrySet = null
      U = class sun.misc.Unsafe@6a4893d
      SIZECTL = 20
      TRANSFERINDEX = 32
      BASECOUNT = 24
      CELLSBUSY = 36
      CELLVALUE = 144
      ABASE = 16
      ASHIFT = 2
      keySet = null
      values = null
    jeeNameToComponentMetaData = class java.util.concurrent.ConcurrentHashMap@2d6d8bdb
      serialVersionUID = 7249069246763182397
      MAXIMUM_CAPACITY = 1073741824
      DEFAULT_CAPACITY = 16
      MAX_ARRAY_SIZE = 2147483639
      DEFAULT_CONCURRENCY_LEVEL = 16
      LOAD_FACTOR = 0.75
      TREEIFY_THRESHOLD = 8
      UNTREEIFY_THRESHOLD = 6
      MIN_TREEIFY_CAPACITY = 64
      MIN_TRANSFER_STRIDE = 16
      RESIZE_STAMP_BITS = 16
      MAX_RESIZERS = 65535
      RESIZE_STAMP_SHIFT = 16
      MOVED = -1
      TREEBIN = -2
      RESERVED = -3
      HASH_BITS = 2147483647
      NCPU = 4
      serialPersistentFields = class java.io.ObjectStreamField[3]
      table = class java.util.concurrent.ConcurrentHashMap$Node[16]
      nextTable = null
      baseCount = 11
      sizeCtl = 12
      transferIndex = 0
      cellsBusy = 0
      counterCells = null
      keySet = null
      values = null
      entrySet = null
      U = class sun.misc.Unsafe@6a4893d
      SIZECTL = 20
      TRANSFERINDEX = 32
      BASECOUNT = 24
      CELLSBUSY = 36
      CELLVALUE = 144
      ABASE = 16
      ASHIFT = 2
      keySet = null
      values = null
    deferredMetaDataFactories = class com.ibm.wsspi.kernel.service.utils.ConcurrentServiceReferenceSet@2a759b54
      referenceName = "deferredMetaDataFactory"
      contextRef = class java.util.concurrent.atomic.AtomicReference@5fd29c2f
      elementMap = class java.util.LinkedHashMap@393c1932
      elementSet = class java.util.concurrent.ConcurrentSkipListSet@4f9baa6a
      elementSetUnsorted = false
      serialVersionUID = 756240983881166148
      $$$tc$$$ = class com.ibm.websphere.ras.TraceComponent@252ecc06
    deferredMetaDataInitializers = class com.ibm.wsspi.kernel.service.utils.ConcurrentServiceReferenceMap@72ff2942
      referenceName = "deferredMetaDataFactory"
      context = class org.apache.felix.scr.impl.manager.ComponentContextImpl@77a679c7
      elementMap = class java.util.concurrent.ConcurrentHashMap@404c513
      serialVersionUID = 6980924785166233786
      $$$tc$$$ = class com.ibm.websphere.ras.TraceComponent@7bf4bbc5
    serialVersionUID = -2494605732980966097
    $$$tc$$$ = class com.ibm.websphere.ras.TraceComponent@3db055bf
      strings[0] = "TraceComponent[com.ibm.ws.container.service.metadata.internal.MetaDataServiceImpl,class com.ibm.ws.container.service.metadata.internal.MetaDataServiceImpl,[Runtime],,null]"
  stateChangeService = class com.ibm.ws.container.service.state.internal.StateChangeServiceImpl@24315d7f
    applicationStateManager = class com.ibm.ws.container.service.state.internal.ApplicationStateManager@75fe30c
      serialVersionUID = -6685368059484454124
      $$$tc$$$ = class com.ibm.websphere.ras.TraceComponent@4e0d00bc
      listeners = class com.ibm.wsspi.kernel.service.utils.ConcurrentServiceReferenceSet@c698957
      serialVersionUID = 2284273176985484160
      $$$tc$$$ = class com.ibm.websphere.ras.TraceComponent@e133644
    moduleStateManager = class com.ibm.ws.container.service.state.internal.ModuleStateManager@2dc66dfa
      serialVersionUID = -5540260902341249963
      $$$tc$$$ = class com.ibm.websphere.ras.TraceComponent@6b513fa
      listeners = class com.ibm.wsspi.kernel.service.utils.ConcurrentServiceReferenceSet@56eafda8
      serialVersionUID = 2284273176985484160
      $$$tc$$$ = class com.ibm.websphere.ras.TraceComponent@e133644
    serialVersionUID = -537917915330350560
    $$$tc$$$ = class com.ibm.websphere.ras.TraceComponent@53852363
      strings[0] = "TraceComponent[com.ibm.ws.container.service.state.internal.StateChangeServiceImpl,class com.ibm.ws.container.service.state.internal.StateChangeServiceImpl,[Runtime],,null]"
  moduleClassesInfo = class com.ibm.ws.app.manager.module.internal.SimpleDeployedAppInfoBase$ModuleClassesInfoProvider@58b2d55a
    entryContainerInfosMap = class java.util.HashMap@22145da9
      serialVersionUID = 362498820763181265
      DEFAULT_INITIAL_CAPACITY = 16
      MAXIMUM_CAPACITY = 1073741824
      DEFAULT_LOAD_FACTOR = 0.75
      TREEIFY_THRESHOLD = 8
      UNTREEIFY_THRESHOLD = 6
      MIN_TREEIFY_CAPACITY = 64
      table = null
      entrySet = null
      size = 0
      modCount = 0
      threshold = 0
      loadFactor = 0.75
      keySet = null
      values = null
    serialVersionUID = -70332790531324534
    $$$tc$$$ = class com.ibm.websphere.ras.TraceComponent@775f3000
      strings[0] = "TraceComponent[com.ibm.ws.app.manager.module.internal.SimpleDeployedAppInfoBase$ModuleClassesInfoProvider,class com.ibm.ws.app.manager.module.internal.SimpleDeployedAppInfoBase$ModuleClassesInfoProvider,[applications, app.manager],,null]"
  moduleContainerInfos = class java.util.ArrayList@477f4202
    serialVersionUID = 8683452581122892189
    DEFAULT_CAPACITY = 10
    EMPTY_ELEMENTDATA = class java.lang.Object[0]
    DEFAULTCAPACITY_EMPTY_ELEMENTDATA = class java.lang.Object[0]
    elementData = class java.lang.Object[10]
      Object[0] = class com.ibm.ws.app.manager.module.internal.SimpleDeployedAppInfoBase$WebModuleContainerInfo@fef4196
      Object[1] = null
      Object[2] = null
      Object[3] = null
      Object[4] = null
      Object[5] = null
      Object[6] = null
      Object[7] = null
      Object[8] = null
      Object[9] = null
    size = 1
    MAX_ARRAY_SIZE = 2147483639
    modCount = 1
    MAX_ARRAY_SIZE = 2147483639
  activeModuleHandlers = class java.util.IdentityHashMap@83fefe
    DEFAULT_CAPACITY = 32
    MINIMUM_CAPACITY = 4
    MAXIMUM_CAPACITY = 536870912
    table = class java.lang.Object[16]
      Object[0] = null
      Object[1] = null
      Object[2] = null
      Object[3] = null
      Object[4] = null
      Object[5] = null
      Object[6] = null
      Object[7] = null
      Object[8] = null
      Object[9] = null
      Object[10] = null
      Object[11] = null
      Object[12] = null
      Object[13] = null
      Object[14] = null
      Object[15] = null
    size = 0
    modCount = 2
    NULL_KEY = class java.lang.Object@391a8871
    entrySet = null
    serialVersionUID = 8188218128353913216
    keySet = null
    values = null
  serialVersionUID = 7078125893012250887
  $$$tc$$$ = class com.ibm.websphere.ras.TraceComponent@3d78c1ef
    strings[0] = "TraceComponent[com.ibm.ws.app.manager.module.internal.SimpleDeployedAppInfoBase,class com.ibm.ws.app.manager.module.internal.SimpleDeployedAppInfoBase,[applications, app.manager],,null]"

Dump of objectArray[0]
Object type = com.ibm.ws.threading.internal.NonCancelableResultFuture
  _done = false
  _result = null
  _failure = null
  _listeners = class java.util.concurrent.ConcurrentLinkedQueue@4da637d9
    serialVersionUID = 196745693267521676
    head = class java.util.concurrent.ConcurrentLinkedQueue$Node@959f412
      item = null
      next = null
      UNSAFE = class sun.misc.Unsafe@6a4893d
      itemOffset = 12
      nextOffset = 16
    tail = class java.util.concurrent.ConcurrentLinkedQueue$Node@959f412
    UNSAFE = class sun.misc.Unsafe@6a4893d
    headOffset = 12
    tailOffset = 16
    MAX_ARRAY_SIZE = 2147483639
  _notifiedListeners = class java.util.concurrent.atomic.AtomicBoolean@6836ce74
    serialVersionUID = 4654671469794556979
    unsafe = class sun.misc.Unsafe@6a4893d
      theUnsafe = class sun.misc.Unsafe@6a4893d
      INVALID_FIELD_OFFSET = -1
      ARRAY_BOOLEAN_BASE_OFFSET = 16
      ARRAY_BYTE_BASE_OFFSET = 16
      ARRAY_SHORT_BASE_OFFSET = 16
      ARRAY_CHAR_BASE_OFFSET = 16
      ARRAY_INT_BASE_OFFSET = 16
      ARRAY_LONG_BASE_OFFSET = 16
      ARRAY_FLOAT_BASE_OFFSET = 16
      ARRAY_DOUBLE_BASE_OFFSET = 16
      ARRAY_OBJECT_BASE_OFFSET = 16
      ARRAY_BOOLEAN_INDEX_SCALE = 1
      ARRAY_BYTE_INDEX_SCALE = 1
      ARRAY_SHORT_INDEX_SCALE = 2
      ARRAY_CHAR_INDEX_SCALE = 2
      ARRAY_INT_INDEX_SCALE = 4
      ARRAY_LONG_INDEX_SCALE = 8
      ARRAY_FLOAT_INDEX_SCALE = 4
      ARRAY_DOUBLE_INDEX_SCALE = 8
      ARRAY_OBJECT_INDEX_SCALE = 4
      ADDRESS_SIZE = 8
    valueOffset = 12
    value = 0
  serialVersionUID = -296387658814354272
  $$$tc$$$ = class com.ibm.websphere.ras.TraceComponent@1b0b616b
    strings[0] = "TraceComponent[com.ibm.ws.threading.internal.NonCancelableResultFuture,class com.ibm.ws.threading.internal.NonCancelableResultFuture,[Threading],com.ibm.ws.threading.internal.resources.ThreadingMessages,null]"

