------Start of DE processing------ = [01/07/19 09:42:01:341 COT]
Exception = com.ibm.ejs.container.EJBConfigurationException
Source = com.ibm.ws.ejbcontainer.osgi.internal.ModuleInitDataAdapter
probeid = 123
Stack Dump = com.ibm.ejs.container.EJBConfigurationException: Errors occurred processing EJB metadata
	at com.ibm.ws.ejbcontainer.osgi.internal.ModuleInitDataFactory.createModuleInitData(ModuleInitDataFactory.java:536)
	at com.ibm.ws.ejbcontainer.osgi.internal.ModuleInitDataAdapter.createModuleInitData(ModuleInitDataAdapter.java:145)
	at com.ibm.ws.ejbcontainer.osgi.internal.ModuleInitDataAdapter.adapt(ModuleInitDataAdapter.java:108)
	at com.ibm.ws.ejbcontainer.osgi.internal.ModuleInitDataAdapter.adapt(ModuleInitDataAdapter.java:40)
	at com.ibm.ws.adaptable.module.internal.AdapterFactoryServiceImpl.adapt(AdapterFactoryServiceImpl.java:196)
	at com.ibm.ws.adaptable.module.internal.AdaptableContainerImpl.adapt(AdaptableContainerImpl.java:170)
	at com.ibm.ws.ejbcontainer.osgi.internal.EJBContainerImpl.createEJBInWARModuleMetaData(EJBContainerImpl.java:143)
	at com.ibm.ws.ejbcontainer.war.internal.EJBWARMetaDataRuntime.createdNestedModuleMetaData(EJBWARMetaDataRuntime.java:63)
	at com.ibm.ws.app.manager.module.internal.SimpleDeployedAppInfoBase$ModuleContainerInfoBase.createModuleMetaData(SimpleDeployedAppInfoBase.java:173)
	at com.ibm.ws.app.manager.module.internal.DeployedAppInfoBase.preDeployApp(DeployedAppInfoBase.java:369)
	at com.ibm.ws.app.manager.module.internal.DeployedAppInfoBase.deployApp(DeployedAppInfoBase.java:413)
	at com.ibm.ws.app.manager.war.internal.WARApplicationHandlerImpl.install(WARApplicationHandlerImpl.java:65)
	at com.ibm.ws.app.manager.internal.statemachine.StartAction.execute(StartAction.java:140)
	at com.ibm.ws.app.manager.internal.statemachine.ApplicationStateMachineImpl.enterState(ApplicationStateMachineImpl.java:1261)
	at com.ibm.ws.app.manager.internal.statemachine.ApplicationStateMachineImpl.run(ApplicationStateMachineImpl.java:876)
	at com.ibm.ws.threading.internal.ExecutorServiceImpl$RunnableWrapper.run(ExecutorServiceImpl.java:239)
	at java.util.concurrent.ThreadPoolExecutor.runWorker(Unknown Source)
	at java.util.concurrent.ThreadPoolExecutor$Worker.run(Unknown Source)
	at java.lang.Thread.run(Unknown Source)

Dump of callerThis
Object type = com.ibm.ws.ejbcontainer.osgi.internal.ModuleInitDataAdapter
  NON_PERSISTENT_CACHE_KEY = class java.lang.Class@117f18be
    ANNOTATION = 8192
    ENUM = 16384
    SYNTHETIC = 4096
    cachedConstructor = null
    newInstanceCallerCache = null
    name = "com.ibm.ws.ejbcontainer.osgi.internal.ModuleInitDataImpl"
    allPermDomain = class java.security.ProtectionDomain@437357f9
      codesource = null
      classloader = null
      principals = interface java.security.Principal[0]
      permissions = class java.security.Permissions@2424537d
      hasAllPerm = true
      staticPermissions = true
      key = class java.security.ProtectionDomain$Key@4b3f43
      debug = null
    useCaches = true
    reflectionData = null
    classRedefinedCount = 0
    genericInfo = null
    serialVersionUID = 3206093459760846163
    serialPersistentFields = class java.io.ObjectStreamField[0]
    reflectionFactory = class sun.reflect.ReflectionFactory@3f1f5146
      initted = true
      reflectionFactoryAccessPerm = class java.lang.RuntimePermission@3f936b19
      soleInstance = class sun.reflect.ReflectionFactory@3f1f5146
      langReflectAccess = class java.lang.reflect.ReflectAccess@1a336802
      hasStaticInitializerMethod = null
      noInflation = false
      inflationThreshold = 15
    initted = true
    enumConstants = null
    enumConstantDirectory = null
    annotationData = class java.lang.Class$AnnotationData@78e1405b
      annotations = class java.util.LinkedHashMap@1dd71a14
      declaredAnnotations = class java.util.LinkedHashMap@1dd71a14
      redefinedCount = 0
    annotationType = null
    classValueMap = null
  REFERENCE_CLASS_LOADING_SERVICE = "classLoadingService"
  REFERENCE_MODULE_INIT_DATA_FACTORY = "moduleInitDataFactory"
  classLoadingServiceSR = class com.ibm.wsspi.kernel.service.utils.AtomicServiceReference@15d18244
    referenceName = "classLoadingService"
    tuple = class java.util.concurrent.atomic.AtomicReference@5cb923ce
      serialVersionUID = -1848883965231344442
      unsafe = class sun.misc.Unsafe@6b78b480
      valueOffset = 12
      value = class com.ibm.wsspi.kernel.service.utils.AtomicServiceReference$ReferenceTuple@538ec168
    serialVersionUID = 2226592364007985000
    $$$tc$$$ = class com.ibm.websphere.ras.TraceComponent@546605db
      strings[0] = "TraceComponent[com.ibm.wsspi.kernel.service.utils.AtomicServiceReference,class com.ibm.wsspi.kernel.service.utils.AtomicServiceReference,[kernelUtils],com.ibm.ws.kernel.service.utils.resources.ServiceMessages,null]"
  moduleInitDataFactorySR = class com.ibm.wsspi.kernel.service.utils.AtomicServiceReference@7dc80ef6
    referenceName = "moduleInitDataFactory"
    tuple = class java.util.concurrent.atomic.AtomicReference@19e9dc7e
      serialVersionUID = -1848883965231344442
      unsafe = class sun.misc.Unsafe@6b78b480
      valueOffset = 12
      value = class com.ibm.wsspi.kernel.service.utils.AtomicServiceReference$ReferenceTuple@46bc3f84
    serialVersionUID = 2226592364007985000
    $$$tc$$$ = class com.ibm.websphere.ras.TraceComponent@546605db
  serialVersionUID = 4116129011515003371
  $$$tc$$$ = class com.ibm.websphere.ras.TraceComponent@1750338f
    strings[0] = "TraceComponent[com.ibm.ws.ejbcontainer.osgi.internal.ModuleInitDataAdapter,class com.ibm.ws.ejbcontainer.osgi.internal.ModuleInitDataAdapter,[EJBContainer],com.ibm.ws.ejbcontainer.osgi.internal.resources.EJBContainerMessages,null]"

Dump of objectArray[0]
Object type = com.ibm.ws.adaptable.module.internal.AdaptableContainerImpl
  root = class com.ibm.ws.adaptable.module.internal.AdaptableContainerImpl@5301c43
  rootOverlay = class com.ibm.ws.artifact.overlay.internal.DirectoryBasedOverlayContainerImpl@14754008
    base = class com.ibm.ws.artifact.loose.internal.LooseArchive@53f15aab
      cacheDir = class java.io.File@1b3858cb
      xmlFile = class java.io.File@3523d1d7
      parent = null
      cfh = class com.ibm.ws.artifact.loose.internal.LooseContainerFactoryHelper@2f518af5
      pathInParent = null
      _entries = class java.util.ArrayList@5c0007eb
      tc = class com.ibm.websphere.ras.TraceComponent@18cd455c
      artifactNotifier = class com.ibm.ws.artifact.loose.internal.LooseArtifactNotifier@527f2a0
      serialVersionUID = 345486831272892625
    maskSet = class java.util.HashSet@75fcba9
      serialVersionUID = -5024744406713321676
      map = class java.util.HashMap@66c09a7f
      PRESENT = class java.lang.Object@5733b6a5
      MAX_ARRAY_SIZE = 2147483639
    cfHolder = class com.ibm.ws.artifact.overlay.internal.OverlayContainerFactoryImpl@3247d809
      containerFactory = class com.ibm.ws.artifact.internal.ArtifactContainerFactoryService@520616ba
      serialVersionUID = 6296466117843221178
      $$$tc$$$ = class com.ibm.websphere.ras.TraceComponent@6575b93a
    fileOverlayContainer = class com.ibm.ws.artifact.file.internal.FileContainer@6dab7bc1
      containerFactoryHolder = class com.ibm.ws.artifact.file.internal.FileContainerFactory@769f0198
      parent = null
      thisInParent = null
      dir = class java.io.File@34d650dd
      cacheDir = class java.io.File@4d2dd76d
      isRoot = true
      root = class com.ibm.ws.artifact.file.internal.FileContainer@6dab7bc1
      artifactNotifier = class com.ibm.ws.artifact.file.FileArtifactNotifier@3a41ec50
      serialVersionUID = -542248409847968651
      $$$tc$$$ = class com.ibm.websphere.ras.TraceComponent@1e82fa2d
    overlayDirectory = class java.io.File@34d650dd
      fs = class java.io.WinNTFileSystem@259d31fa
      path = "D:\devel\tools\wlp\usr\servers\defaultServer\workarea\org.eclipse.osgi\77\data\cacheAdapt\com.ibm.ws.app.manager_61\.overlay"
      status = class java.io.File$PathStatus@7c9f91e1
      prefixLength = 3
      separatorChar = \
      separator = "\"
      pathSeparatorChar = ;
      pathSeparator = ";"
      PATH_OFFSET = 16
      PREFIX_LENGTH_OFFSET = 12
      UNSAFE = class sun.misc.Unsafe@6b78b480
      serialVersionUID = 301077366599181567
      filePath = null
      $assertionsDisabled = true
    cacheDirForOverlay = class java.io.File@4d2dd76d
      fs = class java.io.WinNTFileSystem@259d31fa
      path = "D:\devel\tools\wlp\usr\servers\defaultServer\workarea\org.eclipse.osgi\77\data\cacheOverlay\com.ibm.ws.app.manager_61"
      status = class java.io.File$PathStatus@7c9f91e1
      prefixLength = 3
      separatorChar = \
      separator = "\"
      pathSeparatorChar = ;
      pathSeparator = ";"
      PATH_OFFSET = 16
      PREFIX_LENGTH_OFFSET = 12
      UNSAFE = class sun.misc.Unsafe@6b78b480
      serialVersionUID = 301077366599181567
      filePath = null
      $assertionsDisabled = true
    overlayNotifier = class com.ibm.ws.artifact.overlay.internal.DirectoryBasedOverlayNotifier@60b6998d
    enclosingContainer = null
    entryInEnclosingContainer = null
    nestedOverlays = class java.util.concurrent.ConcurrentHashMap@41a6d951
      serialVersionUID = 7249069246763182397
      MAXIMUM_CAPACITY = 1073741824
      DEFAULT_CAPACITY = 16
      MAX_ARRAY_SIZE = 2147483639
      DEFAULT_CONCURRENCY_LEVEL = 16
      LOAD_FACTOR = 0.75
      TREEIFY_THRESHOLD = 8
      UNTREEIFY_THRESHOLD = 6
      MIN_TREEIFY_CAPACITY = 64
      MIN_TRANSFER_STRIDE = 16
      RESIZE_STAMP_BITS = 16
      MAX_RESIZERS = 65535
      RESIZE_STAMP_SHIFT = 16
      MOVED = -1
      TREEBIN = -2
      RESERVED = -3
      HASH_BITS = 2147483647
      NCPU = 4
      serialPersistentFields = class java.io.ObjectStreamField[3]
      table = class java.util.concurrent.ConcurrentHashMap$Node[16]
      nextTable = null
      baseCount = 4
      sizeCtl = 12
      transferIndex = 0
      cellsBusy = 0
      counterCells = null
      keySet = null
      values = null
      entrySet = null
      U = class sun.misc.Unsafe@6b78b480
      SIZECTL = 20
      TRANSFERINDEX = 32
      BASECOUNT = 24
      CELLSBUSY = 36
      CELLVALUE = 144
      ABASE = 16
      ASHIFT = 2
      keySet = null
      values = null
    cacheStore = class com.ibm.ws.artifact.overlay.internal.OverlayCache@77e5c7d7
      cache = class java.util.HashMap@53d6df39
      serialVersionUID = -7877512378170016077
      $$$tc$$$ = class com.ibm.websphere.ras.TraceComponent@58cf66d4
    parentOverlay = null
    isPassThroughMode = true
    serialVersionUID = -1690795617118238166
    $$$tc$$$ = class com.ibm.websphere.ras.TraceComponent@7666572
      strings[0] = "TraceComponent[com.ibm.ws.artifact.overlay.internal.DirectoryBasedOverlayContainerImpl,class com.ibm.ws.artifact.overlay.internal.DirectoryBasedOverlayContainerImpl,[archive.overlay],,null]"
  factoryHolder = class com.ibm.ws.adaptable.module.internal.AdaptableModuleFactoryImpl@74daaa64
    adapterFactoryService = class com.ibm.ws.adaptable.module.internal.AdapterFactoryServiceImpl@7133314e
      toType = "toType"
      priv = class com.ibm.ws.kernel.service.util.SecureAction@170a3d3b
      containerHelperMap = class com.ibm.wsspi.kernel.service.utils.ConcurrentServiceReferenceSetMap@1f966f9b
      entryHelperMap = class com.ibm.wsspi.kernel.service.utils.ConcurrentServiceReferenceSetMap@5cbe2755
      containerToTypes = class java.util.Collections$SynchronizedSet@7d057501
      entryToTypes = class java.util.Collections$SynchronizedSet@3b206c7f
      baseProperties = class org.apache.felix.scr.impl.helper.ReadOnlyDictionary@17e63637
      serialVersionUID = 5945907930609928466
      $$$tc$$$ = class com.ibm.websphere.ras.TraceComponent@5609dd7c
    containerFactory = class com.ibm.ws.artifact.internal.ArtifactContainerFactoryService@520616ba
      CATEGORY_PROP_NAME = "category"
      ENTRY_KEY = "com.ibm.wsspi.artifact.ArtifactEntry"
      helperMap = class com.ibm.wsspi.kernel.service.utils.ConcurrentServiceReferenceSetMap@6b6f2cc3
      contributorMap = class com.ibm.wsspi.kernel.service.utils.ConcurrentServiceReferenceSetMap@4c5cd3e2
      helperCategoryMap = class com.ibm.wsspi.kernel.service.utils.ConcurrentServiceReferenceSetMap@6148bc8f
      contributorCategoryMap = class com.ibm.wsspi.kernel.service.utils.ConcurrentServiceReferenceSetMap@b707c95
      categories = class java.util.Collections$SynchronizedSet@19eb500c
      baseProperties = class org.apache.felix.scr.impl.helper.ReadOnlyDictionary@33025310
      serialVersionUID = -3101641399269402013
      $$$tc$$$ = class com.ibm.websphere.ras.TraceComponent@4462c1b4
    overlayContainerFactory = class com.ibm.ws.artifact.overlay.internal.OverlayContainerFactoryImpl@3247d809
    serialVersionUID = 4200251809856292987
    $$$tc$$$ = class com.ibm.websphere.ras.TraceComponent@1a89f711
      strings[0] = "TraceComponent[com.ibm.ws.adaptable.module.internal.AdaptableModuleFactoryImpl,class com.ibm.ws.adaptable.module.internal.AdaptableModuleFactoryImpl,[archive.adaptable],,null]"
  delegate = class com.ibm.ws.artifact.overlay.internal.DirectoryBasedOverlayContainerImpl@14754008
  notifier = class com.ibm.ws.adaptable.module.internal.NotifierImpl@67a88242
    root = class com.ibm.ws.adaptable.module.internal.AdaptableContainerImpl@5301c43
    delegateNotifier = class com.ibm.ws.artifact.overlay.internal.DirectoryBasedOverlayNotifier@60b6998d
      root = class com.ibm.ws.artifact.overlay.internal.DirectoryBasedOverlayContainerImpl@14754008
      overlayContainer = class com.ibm.ws.artifact.file.internal.FileContainer@6dab7bc1
      overlaidContainer = class com.ibm.ws.artifact.loose.internal.LooseArchive@53f15aab
      listeningToContainers = true
      listeners = class java.util.concurrent.ConcurrentHashMap@d0407a9
      pathsMonitored = class java.util.HashSet@516766bd
      parentNotifier = null
      pathOfEntryInParent = null
      id = null
      serialVersionUID = -5716655730663296309
      $$$tc$$$ = class com.ibm.websphere.ras.TraceComponent@42d10775
    delegateRoot = class com.ibm.ws.artifact.overlay.internal.DirectoryBasedOverlayContainerImpl@14754008
    listenerDelegates = class java.util.HashMap@419e9675
      serialVersionUID = 362498820763181265
      DEFAULT_INITIAL_CAPACITY = 16
      MAXIMUM_CAPACITY = 1073741824
      DEFAULT_LOAD_FACTOR = 0.75
      TREEIFY_THRESHOLD = 8
      UNTREEIFY_THRESHOLD = 6
      MIN_TREEIFY_CAPACITY = 64
      table = class java.util.HashMap$Node[16]
      entrySet = null
      size = 3
      modCount = 3
      threshold = 12
      loadFactor = 0.75
      keySet = null
      values = null
    serialVersionUID = 6839382523957017880
    $$$tc$$$ = class com.ibm.websphere.ras.TraceComponent@143fab14
      strings[0] = "TraceComponent[com.ibm.ws.adaptable.module.internal.NotifierImpl,class com.ibm.ws.adaptable.module.internal.NotifierImpl,[archive.adaptable],,null]"
  serialVersionUID = -5621513278641113667
  $$$tc$$$ = class com.ibm.websphere.ras.TraceComponent@2aa9a0b6
    strings[0] = "TraceComponent[com.ibm.ws.adaptable.module.internal.AdaptableContainerImpl,class com.ibm.ws.adaptable.module.internal.AdaptableContainerImpl,[archive.adaptable],,null]"

Dump of objectArray[1]
Object type = com.ibm.ws.artifact.overlay.internal.DirectoryBasedOverlayContainerImpl
  base = class com.ibm.ws.artifact.loose.internal.LooseArchive@53f15aab
    cacheDir = class java.io.File@1b3858cb
      fs = class java.io.WinNTFileSystem@259d31fa
      path = "D:\devel\tools\wlp\usr\servers\defaultServer\workarea\org.eclipse.osgi\77\data\cache\com.ibm.ws.app.manager_61"
      status = class java.io.File$PathStatus@7c9f91e1
      prefixLength = 3
      separatorChar = \
      separator = "\"
      pathSeparatorChar = ;
      pathSeparator = ";"
      PATH_OFFSET = 16
      PREFIX_LENGTH_OFFSET = 12
      UNSAFE = class sun.misc.Unsafe@6b78b480
      serialVersionUID = 301077366599181567
      filePath = null
      $assertionsDisabled = true
    xmlFile = class java.io.File@3523d1d7
      fs = class java.io.WinNTFileSystem@259d31fa
      path = "D:\devel\tools\wlp\usr\servers\defaultServer\apps\testingPrimefaces.war.xml"
      status = class java.io.File$PathStatus@7c9f91e1
      prefixLength = 3
      separatorChar = \
      separator = "\"
      pathSeparatorChar = ;
      pathSeparator = ";"
      PATH_OFFSET = 16
      PREFIX_LENGTH_OFFSET = 12
      UNSAFE = class sun.misc.Unsafe@6b78b480
      serialVersionUID = 301077366599181567
      filePath = null
      $assertionsDisabled = true
    parent = null
    cfh = class com.ibm.ws.artifact.loose.internal.LooseContainerFactoryHelper@2f518af5
      locationService = class com.ibm.ws.kernel.service.location.internal.WsLocationAdminImpl@3e4b3d2b
      containerFactoryReference = class com.ibm.wsspi.kernel.service.utils.AtomicServiceReference@2f2ace78
      ctx = class org.eclipse.osgi.internal.framework.BundleContextImpl@629ab2a6
      tc = class com.ibm.websphere.ras.TraceComponent@45a338b8
      serialVersionUID = -6436244972857197695
    pathInParent = null
    _entries = class java.util.ArrayList@5c0007eb
      serialVersionUID = 8683452581122892189
      DEFAULT_CAPACITY = 10
      EMPTY_ELEMENTDATA = class java.lang.Object[0]
      DEFAULTCAPACITY_EMPTY_ELEMENTDATA = class java.lang.Object[0]
      elementData = class java.lang.Object[10]
      size = 1
      MAX_ARRAY_SIZE = 2147483639
      modCount = 1
      MAX_ARRAY_SIZE = 2147483639
    tc = class com.ibm.websphere.ras.TraceComponent@18cd455c
      strings[0] = "TraceComponent[com.ibm.ws.artifact.loose.internal.LooseArchive,class com.ibm.ws.artifact.loose.internal.LooseArchive,[archive.artifact.xml],com.ibm.ws.artifact.loose.internal.resources.LooseApiMessages,null]"
    artifactNotifier = class com.ibm.ws.artifact.loose.internal.LooseArtifactNotifier@527f2a0
      root = class com.ibm.ws.artifact.loose.internal.LooseArchive@53f15aab
      entries = class java.util.ArrayList@5c0007eb
      serviceProperties = class java.util.Hashtable@544f2249
      nonRecurseServiceProperties = class java.util.Hashtable@723ee179
      interval = 500
      notificationType = "external"
      ctx = class org.eclipse.osgi.internal.framework.BundleContextImpl@629ab2a6
      service = class org.eclipse.osgi.internal.serviceregistry.ServiceRegistrationImpl@397cd9c8
      nonRecurseService = class org.eclipse.osgi.internal.serviceregistry.ServiceRegistrationImpl@a9da66d
      filesToMonitor = class java.util.TreeMap@31caff98
      filesBeingMonitored = class java.util.HashSet@7af4544d
      dirsToMonitor = class java.util.TreeMap@57047c30
      dirsBeingMonitored = class java.util.HashSet@52346a80
      listeners = class java.util.concurrent.CopyOnWriteArrayList@34e46961
      pathsBeingMonitored = class java.util.HashSet@6cea158c
      parent = null
      children = class java.util.HashMap@187b11dd
      enabledChildren = class java.util.ArrayList@69ea0838
      pathInParent = null
      serialVersionUID = 2923725971363407990
      $$$tc$$$ = class com.ibm.websphere.ras.TraceComponent@7e607872
    serialVersionUID = 345486831272892625
  maskSet = class java.util.HashSet@75fcba9
    serialVersionUID = -5024744406713321676
    map = class java.util.HashMap@66c09a7f
      serialVersionUID = 362498820763181265
      DEFAULT_INITIAL_CAPACITY = 16
      MAXIMUM_CAPACITY = 1073741824
      DEFAULT_LOAD_FACTOR = 0.75
      TREEIFY_THRESHOLD = 8
      UNTREEIFY_THRESHOLD = 6
      MIN_TREEIFY_CAPACITY = 64
      table = null
      entrySet = null
      size = 0
      modCount = 0
      threshold = 0
      loadFactor = 0.75
      keySet = null
      values = null
    PRESENT = class java.lang.Object@5733b6a5
    MAX_ARRAY_SIZE = 2147483639
  cfHolder = class com.ibm.ws.artifact.overlay.internal.OverlayContainerFactoryImpl@3247d809
    containerFactory = class com.ibm.ws.artifact.internal.ArtifactContainerFactoryService@520616ba
      CATEGORY_PROP_NAME = "category"
      ENTRY_KEY = "com.ibm.wsspi.artifact.ArtifactEntry"
      helperMap = class com.ibm.wsspi.kernel.service.utils.ConcurrentServiceReferenceSetMap@6b6f2cc3
      contributorMap = class com.ibm.wsspi.kernel.service.utils.ConcurrentServiceReferenceSetMap@4c5cd3e2
      helperCategoryMap = class com.ibm.wsspi.kernel.service.utils.ConcurrentServiceReferenceSetMap@6148bc8f
      contributorCategoryMap = class com.ibm.wsspi.kernel.service.utils.ConcurrentServiceReferenceSetMap@b707c95
      categories = class java.util.Collections$SynchronizedSet@19eb500c
      baseProperties = class org.apache.felix.scr.impl.helper.ReadOnlyDictionary@33025310
      serialVersionUID = -3101641399269402013
      $$$tc$$$ = class com.ibm.websphere.ras.TraceComponent@4462c1b4
    serialVersionUID = 6296466117843221178
    $$$tc$$$ = class com.ibm.websphere.ras.TraceComponent@6575b93a
      strings[0] = "TraceComponent[com.ibm.ws.artifact.overlay.internal.OverlayContainerFactoryImpl,class com.ibm.ws.artifact.overlay.internal.OverlayContainerFactoryImpl,[archive.overlay],,null]"
  fileOverlayContainer = class com.ibm.ws.artifact.file.internal.FileContainer@6dab7bc1
    containerFactoryHolder = class com.ibm.ws.artifact.file.internal.FileContainerFactory@769f0198
      containerFactory = class com.ibm.ws.artifact.internal.ArtifactContainerFactoryService@520616ba
      ctx = class org.eclipse.osgi.internal.framework.BundleContextImpl@40a8e2f2
      serialVersionUID = 8609113308325935405
      $$$tc$$$ = class com.ibm.websphere.ras.TraceComponent@479c387d
    parent = null
    thisInParent = null
    dir = class java.io.File@34d650dd
    cacheDir = class java.io.File@4d2dd76d
    isRoot = true
    root = class com.ibm.ws.artifact.file.internal.FileContainer@6dab7bc1
    artifactNotifier = class com.ibm.ws.artifact.file.FileArtifactNotifier@3a41ec50
      root = class com.ibm.ws.artifact.file.internal.FileContainer@6dab7bc1
      cfh = class com.ibm.ws.artifact.file.internal.FileContainerFactory@769f0198
      serviceProperties = class java.util.Hashtable@5f0f102e
      service = class org.eclipse.osgi.internal.serviceregistry.ServiceRegistrationImpl@29bf8bf8
      nonRecurseService = class org.eclipse.osgi.internal.serviceregistry.ServiceRegistrationImpl@36ebe554
      nonRecurseServiceProperties = class java.util.Hashtable@7f193977
      listeners = class java.util.concurrent.ConcurrentHashMap@6583ad15
      nonRecurselisteners = class java.util.concurrent.ConcurrentHashMap@502c272d
      pathsBeingMonitored = class java.util.HashSet@7785c366
      nonRecursePathsBeingMonitored = class java.util.HashSet@41e19e60
      rootAbsolutePath = "D:\devel\tools\wlp\usr\servers\defaultServer\workarea\org.eclipse.osgi\77\data\cacheAdapt\com.ibm.ws.app.manager_61\.overlay"
      interval = 500
      notificationType = "external"
      nonRecurseMonitor = class com.ibm.ws.artifact.file.FileArtifactNotifier$FileArtifactMonitor@3972684c
      recurseMonitor = class com.ibm.ws.artifact.file.FileArtifactNotifier$FileArtifactMonitor@8562500
      serialVersionUID = -423938483708516951
      $$$tc$$$ = class com.ibm.websphere.ras.TraceComponent@44706ab8
    serialVersionUID = -542248409847968651
    $$$tc$$$ = class com.ibm.websphere.ras.TraceComponent@1e82fa2d
      strings[0] = "TraceComponent[com.ibm.ws.artifact.file.internal.FileContainer,class com.ibm.ws.artifact.file.internal.FileContainer,[archive.artifact.file],,null]"
  overlayDirectory = class java.io.File@34d650dd
    fs = class java.io.WinNTFileSystem@259d31fa
    path = "D:\devel\tools\wlp\usr\servers\defaultServer\workarea\org.eclipse.osgi\77\data\cacheAdapt\com.ibm.ws.app.manager_61\.overlay"
    status = class java.io.File$PathStatus@7c9f91e1
    prefixLength = 3
    separatorChar = \
    separator = "\"
    pathSeparatorChar = ;
    pathSeparator = ";"
    PATH_OFFSET = 16
    PREFIX_LENGTH_OFFSET = 12
    UNSAFE = class sun.misc.Unsafe@6b78b480
    serialVersionUID = 301077366599181567
    filePath = null
    $assertionsDisabled = true
  cacheDirForOverlay = class java.io.File@4d2dd76d
    fs = class java.io.WinNTFileSystem@259d31fa
      slash = \
      altSlash = /
      semicolon = ;
      driveDirCache = class java.lang.String[26]
      cache = class java.io.ExpiringCache@2c127df3
      prefixCache = class java.io.ExpiringCache@654a1b9d
      BA_EXISTS = 1
      BA_REGULAR = 2
      BA_DIRECTORY = 4
      BA_HIDDEN = 8
      ACCESS_READ = 4
      ACCESS_WRITE = 2
      ACCESS_EXECUTE = 1
      SPACE_TOTAL = 0
      SPACE_FREE = 1
      SPACE_USABLE = 2
      useCanonCaches = true
      useCanonPrefixCache = true
    path = "D:\devel\tools\wlp\usr\servers\defaultServer\workarea\org.eclipse.osgi\77\data\cacheOverlay\com.ibm.ws.app.manager_61"
    status = class java.io.File$PathStatus@7c9f91e1
      INVALID = class java.io.File$PathStatus@6c982720
      CHECKED = class java.io.File$PathStatus@7c9f91e1
      $VALUES = class java.io.File$PathStatus[2]
      name = "CHECKED"
      ordinal = 1
    prefixLength = 3
    separatorChar = \
    separator = "\"
    pathSeparatorChar = ;
    pathSeparator = ";"
    PATH_OFFSET = 16
    PREFIX_LENGTH_OFFSET = 12
    UNSAFE = class sun.misc.Unsafe@6b78b480
      theUnsafe = class sun.misc.Unsafe@6b78b480
      INVALID_FIELD_OFFSET = -1
      ARRAY_BOOLEAN_BASE_OFFSET = 16
      ARRAY_BYTE_BASE_OFFSET = 16
      ARRAY_SHORT_BASE_OFFSET = 16
      ARRAY_CHAR_BASE_OFFSET = 16
      ARRAY_INT_BASE_OFFSET = 16
      ARRAY_LONG_BASE_OFFSET = 16
      ARRAY_FLOAT_BASE_OFFSET = 16
      ARRAY_DOUBLE_BASE_OFFSET = 16
      ARRAY_OBJECT_BASE_OFFSET = 16
      ARRAY_BOOLEAN_INDEX_SCALE = 1
      ARRAY_BYTE_INDEX_SCALE = 1
      ARRAY_SHORT_INDEX_SCALE = 2
      ARRAY_CHAR_INDEX_SCALE = 2
      ARRAY_INT_INDEX_SCALE = 4
      ARRAY_LONG_INDEX_SCALE = 8
      ARRAY_FLOAT_INDEX_SCALE = 4
      ARRAY_DOUBLE_INDEX_SCALE = 8
      ARRAY_OBJECT_INDEX_SCALE = 4
      ADDRESS_SIZE = 8
    serialVersionUID = 301077366599181567
    filePath = null
    $assertionsDisabled = true
  overlayNotifier = class com.ibm.ws.artifact.overlay.internal.DirectoryBasedOverlayNotifier@60b6998d
    root = class com.ibm.ws.artifact.overlay.internal.DirectoryBasedOverlayContainerImpl@14754008
    overlayContainer = class com.ibm.ws.artifact.file.internal.FileContainer@6dab7bc1
    overlaidContainer = class com.ibm.ws.artifact.loose.internal.LooseArchive@53f15aab
    listeningToContainers = true
    listeners = class java.util.concurrent.ConcurrentHashMap@d0407a9
      serialVersionUID = 7249069246763182397
      MAXIMUM_CAPACITY = 1073741824
      DEFAULT_CAPACITY = 16
      MAX_ARRAY_SIZE = 2147483639
      DEFAULT_CONCURRENCY_LEVEL = 16
      LOAD_FACTOR = 0.75
      TREEIFY_THRESHOLD = 8
      UNTREEIFY_THRESHOLD = 6
      MIN_TREEIFY_CAPACITY = 64
      MIN_TRANSFER_STRIDE = 16
      RESIZE_STAMP_BITS = 16
      MAX_RESIZERS = 65535
      RESIZE_STAMP_SHIFT = 16
      MOVED = -1
      TREEBIN = -2
      RESERVED = -3
      HASH_BITS = 2147483647
      NCPU = 4
      serialPersistentFields = class java.io.ObjectStreamField[3]
      table = class java.util.concurrent.ConcurrentHashMap$Node[16]
      nextTable = null
      baseCount = 3
      sizeCtl = 12
      transferIndex = 0
      cellsBusy = 0
      counterCells = null
      keySet = class java.util.concurrent.ConcurrentHashMap$KeySetView@63abea87
      values = null
      entrySet = null
      U = class sun.misc.Unsafe@6b78b480
      SIZECTL = 20
      TRANSFERINDEX = 32
      BASECOUNT = 24
      CELLSBUSY = 36
      CELLVALUE = 144
      ABASE = 16
      ASHIFT = 2
      keySet = null
      values = null
    pathsMonitored = class java.util.HashSet@516766bd
      serialVersionUID = -5024744406713321676
      map = class java.util.HashMap@f13a971
      PRESENT = class java.lang.Object@5733b6a5
      MAX_ARRAY_SIZE = 2147483639
    parentNotifier = null
    pathOfEntryInParent = null
    id = null
    serialVersionUID = -5716655730663296309
    $$$tc$$$ = class com.ibm.websphere.ras.TraceComponent@42d10775
      strings[0] = "TraceComponent[com.ibm.ws.artifact.overlay.internal.DirectoryBasedOverlayNotifier,class com.ibm.ws.artifact.overlay.internal.DirectoryBasedOverlayNotifier,[archive.overlay],,null]"
  enclosingContainer = null
  entryInEnclosingContainer = null
  nestedOverlays = class java.util.concurrent.ConcurrentHashMap@41a6d951
    serialVersionUID = 7249069246763182397
    MAXIMUM_CAPACITY = 1073741824
    DEFAULT_CAPACITY = 16
    MAX_ARRAY_SIZE = 2147483639
    DEFAULT_CONCURRENCY_LEVEL = 16
    LOAD_FACTOR = 0.75
    TREEIFY_THRESHOLD = 8
    UNTREEIFY_THRESHOLD = 6
    MIN_TREEIFY_CAPACITY = 64
    MIN_TRANSFER_STRIDE = 16
    RESIZE_STAMP_BITS = 16
    MAX_RESIZERS = 65535
    RESIZE_STAMP_SHIFT = 16
    MOVED = -1
    TREEBIN = -2
    RESERVED = -3
    HASH_BITS = 2147483647
    NCPU = 4
    serialPersistentFields = class java.io.ObjectStreamField[3]
      ObjectStreamField[0] = class java.io.ObjectStreamField@3b0f80e4
      ObjectStreamField[1] = class java.io.ObjectStreamField@53edee63
      ObjectStreamField[2] = class java.io.ObjectStreamField@56f922ef
    table = class java.util.concurrent.ConcurrentHashMap$Node[16]
      Node[0] = class java.util.concurrent.ConcurrentHashMap$Node@246bf6db
      Node[1] = class java.util.concurrent.ConcurrentHashMap$Node@5dcbb520
      Node[2] = null
      Node[3] = null
      Node[4] = null
      Node[5] = null
      Node[6] = null
      Node[7] = null
      Node[8] = null
      Node[9] = null
      Node[10] = null
      Node[11] = null
      Node[12] = null
      Node[13] = null
      Node[14] = class java.util.concurrent.ConcurrentHashMap$Node@6505829e
      Node[15] = null
    nextTable = null
    baseCount = 4
    sizeCtl = 12
    transferIndex = 0
    cellsBusy = 0
    counterCells = null
    keySet = null
    values = null
    entrySet = null
    U = class sun.misc.Unsafe@6b78b480
    SIZECTL = 20
    TRANSFERINDEX = 32
    BASECOUNT = 24
    CELLSBUSY = 36
    CELLVALUE = 144
    ABASE = 16
    ASHIFT = 2
    keySet = null
    values = null
  cacheStore = class com.ibm.ws.artifact.overlay.internal.OverlayCache@77e5c7d7
    cache = class java.util.HashMap@53d6df39
      serialVersionUID = 362498820763181265
      DEFAULT_INITIAL_CAPACITY = 16
      MAXIMUM_CAPACITY = 1073741824
      DEFAULT_LOAD_FACTOR = 0.75
      TREEIFY_THRESHOLD = 8
      UNTREEIFY_THRESHOLD = 6
      MIN_TREEIFY_CAPACITY = 64
      table = class java.util.HashMap$Node[16]
      entrySet = null
      size = 2
      modCount = 2
      threshold = 12
      loadFactor = 0.75
      keySet = null
      values = null
    serialVersionUID = -7877512378170016077
    $$$tc$$$ = class com.ibm.websphere.ras.TraceComponent@58cf66d4
      strings[0] = "TraceComponent[com.ibm.ws.artifact.overlay.internal.OverlayCache,class com.ibm.ws.artifact.overlay.internal.OverlayCache,[archive.overlay],,null]"
  parentOverlay = null
  isPassThroughMode = true
  serialVersionUID = -1690795617118238166
  $$$tc$$$ = class com.ibm.websphere.ras.TraceComponent@7666572
    strings[0] = "TraceComponent[com.ibm.ws.artifact.overlay.internal.DirectoryBasedOverlayContainerImpl,class com.ibm.ws.artifact.overlay.internal.DirectoryBasedOverlayContainerImpl,[archive.overlay],,null]"

Dump of objectArray[2]
Object type = com.ibm.ws.artifact.overlay.internal.DirectoryBasedOverlayContainerImpl
  base = class com.ibm.ws.artifact.loose.internal.LooseArchive@53f15aab
    cacheDir = class java.io.File@1b3858cb
      fs = class java.io.WinNTFileSystem@259d31fa
      path = "D:\devel\tools\wlp\usr\servers\defaultServer\workarea\org.eclipse.osgi\77\data\cache\com.ibm.ws.app.manager_61"
      status = class java.io.File$PathStatus@7c9f91e1
      prefixLength = 3
      separatorChar = \
      separator = "\"
      pathSeparatorChar = ;
      pathSeparator = ";"
      PATH_OFFSET = 16
      PREFIX_LENGTH_OFFSET = 12
      UNSAFE = class sun.misc.Unsafe@6b78b480
      serialVersionUID = 301077366599181567
      filePath = null
      $assertionsDisabled = true
    xmlFile = class java.io.File@3523d1d7
      fs = class java.io.WinNTFileSystem@259d31fa
      path = "D:\devel\tools\wlp\usr\servers\defaultServer\apps\testingPrimefaces.war.xml"
      status = class java.io.File$PathStatus@7c9f91e1
      prefixLength = 3
      separatorChar = \
      separator = "\"
      pathSeparatorChar = ;
      pathSeparator = ";"
      PATH_OFFSET = 16
      PREFIX_LENGTH_OFFSET = 12
      UNSAFE = class sun.misc.Unsafe@6b78b480
      serialVersionUID = 301077366599181567
      filePath = null
      $assertionsDisabled = true
    parent = null
    cfh = class com.ibm.ws.artifact.loose.internal.LooseContainerFactoryHelper@2f518af5
      locationService = class com.ibm.ws.kernel.service.location.internal.WsLocationAdminImpl@3e4b3d2b
      containerFactoryReference = class com.ibm.wsspi.kernel.service.utils.AtomicServiceReference@2f2ace78
      ctx = class org.eclipse.osgi.internal.framework.BundleContextImpl@629ab2a6
      tc = class com.ibm.websphere.ras.TraceComponent@45a338b8
      serialVersionUID = -6436244972857197695
    pathInParent = null
    _entries = class java.util.ArrayList@5c0007eb
      serialVersionUID = 8683452581122892189
      DEFAULT_CAPACITY = 10
      EMPTY_ELEMENTDATA = class java.lang.Object[0]
      DEFAULTCAPACITY_EMPTY_ELEMENTDATA = class java.lang.Object[0]
      elementData = class java.lang.Object[10]
      size = 1
      MAX_ARRAY_SIZE = 2147483639
      modCount = 1
      MAX_ARRAY_SIZE = 2147483639
    tc = class com.ibm.websphere.ras.TraceComponent@18cd455c
      strings[0] = "TraceComponent[com.ibm.ws.artifact.loose.internal.LooseArchive,class com.ibm.ws.artifact.loose.internal.LooseArchive,[archive.artifact.xml],com.ibm.ws.artifact.loose.internal.resources.LooseApiMessages,null]"
    artifactNotifier = class com.ibm.ws.artifact.loose.internal.LooseArtifactNotifier@527f2a0
      root = class com.ibm.ws.artifact.loose.internal.LooseArchive@53f15aab
      entries = class java.util.ArrayList@5c0007eb
      serviceProperties = class java.util.Hashtable@544f2249
      nonRecurseServiceProperties = class java.util.Hashtable@723ee179
      interval = 500
      notificationType = "external"
      ctx = class org.eclipse.osgi.internal.framework.BundleContextImpl@629ab2a6
      service = class org.eclipse.osgi.internal.serviceregistry.ServiceRegistrationImpl@397cd9c8
      nonRecurseService = class org.eclipse.osgi.internal.serviceregistry.ServiceRegistrationImpl@a9da66d
      filesToMonitor = class java.util.TreeMap@31caff98
      filesBeingMonitored = class java.util.HashSet@7af4544d
      dirsToMonitor = class java.util.TreeMap@57047c30
      dirsBeingMonitored = class java.util.HashSet@52346a80
      listeners = class java.util.concurrent.CopyOnWriteArrayList@34e46961
      pathsBeingMonitored = class java.util.HashSet@6cea158c
      parent = null
      children = class java.util.HashMap@187b11dd
      enabledChildren = class java.util.ArrayList@69ea0838
      pathInParent = null
      serialVersionUID = 2923725971363407990
      $$$tc$$$ = class com.ibm.websphere.ras.TraceComponent@7e607872
    serialVersionUID = 345486831272892625
  maskSet = class java.util.HashSet@75fcba9
    serialVersionUID = -5024744406713321676
    map = class java.util.HashMap@66c09a7f
      serialVersionUID = 362498820763181265
      DEFAULT_INITIAL_CAPACITY = 16
      MAXIMUM_CAPACITY = 1073741824
      DEFAULT_LOAD_FACTOR = 0.75
      TREEIFY_THRESHOLD = 8
      UNTREEIFY_THRESHOLD = 6
      MIN_TREEIFY_CAPACITY = 64
      table = null
      entrySet = null
      size = 0
      modCount = 0
      threshold = 0
      loadFactor = 0.75
      keySet = null
      values = null
    PRESENT = class java.lang.Object@5733b6a5
    MAX_ARRAY_SIZE = 2147483639
  cfHolder = class com.ibm.ws.artifact.overlay.internal.OverlayContainerFactoryImpl@3247d809
    containerFactory = class com.ibm.ws.artifact.internal.ArtifactContainerFactoryService@520616ba
      CATEGORY_PROP_NAME = "category"
      ENTRY_KEY = "com.ibm.wsspi.artifact.ArtifactEntry"
      helperMap = class com.ibm.wsspi.kernel.service.utils.ConcurrentServiceReferenceSetMap@6b6f2cc3
      contributorMap = class com.ibm.wsspi.kernel.service.utils.ConcurrentServiceReferenceSetMap@4c5cd3e2
      helperCategoryMap = class com.ibm.wsspi.kernel.service.utils.ConcurrentServiceReferenceSetMap@6148bc8f
      contributorCategoryMap = class com.ibm.wsspi.kernel.service.utils.ConcurrentServiceReferenceSetMap@b707c95
      categories = class java.util.Collections$SynchronizedSet@19eb500c
      baseProperties = class org.apache.felix.scr.impl.helper.ReadOnlyDictionary@33025310
      serialVersionUID = -3101641399269402013
      $$$tc$$$ = class com.ibm.websphere.ras.TraceComponent@4462c1b4
    serialVersionUID = 6296466117843221178
    $$$tc$$$ = class com.ibm.websphere.ras.TraceComponent@6575b93a
      strings[0] = "TraceComponent[com.ibm.ws.artifact.overlay.internal.OverlayContainerFactoryImpl,class com.ibm.ws.artifact.overlay.internal.OverlayContainerFactoryImpl,[archive.overlay],,null]"
  fileOverlayContainer = class com.ibm.ws.artifact.file.internal.FileContainer@6dab7bc1
    containerFactoryHolder = class com.ibm.ws.artifact.file.internal.FileContainerFactory@769f0198
      containerFactory = class com.ibm.ws.artifact.internal.ArtifactContainerFactoryService@520616ba
      ctx = class org.eclipse.osgi.internal.framework.BundleContextImpl@40a8e2f2
      serialVersionUID = 8609113308325935405
      $$$tc$$$ = class com.ibm.websphere.ras.TraceComponent@479c387d
    parent = null
    thisInParent = null
    dir = class java.io.File@34d650dd
    cacheDir = class java.io.File@4d2dd76d
    isRoot = true
    root = class com.ibm.ws.artifact.file.internal.FileContainer@6dab7bc1
    artifactNotifier = class com.ibm.ws.artifact.file.FileArtifactNotifier@3a41ec50
      root = class com.ibm.ws.artifact.file.internal.FileContainer@6dab7bc1
      cfh = class com.ibm.ws.artifact.file.internal.FileContainerFactory@769f0198
      serviceProperties = class java.util.Hashtable@5f0f102e
      service = class org.eclipse.osgi.internal.serviceregistry.ServiceRegistrationImpl@29bf8bf8
      nonRecurseService = class org.eclipse.osgi.internal.serviceregistry.ServiceRegistrationImpl@36ebe554
      nonRecurseServiceProperties = class java.util.Hashtable@7f193977
      listeners = class java.util.concurrent.ConcurrentHashMap@6583ad15
      nonRecurselisteners = class java.util.concurrent.ConcurrentHashMap@502c272d
      pathsBeingMonitored = class java.util.HashSet@7785c366
      nonRecursePathsBeingMonitored = class java.util.HashSet@41e19e60
      rootAbsolutePath = "D:\devel\tools\wlp\usr\servers\defaultServer\workarea\org.eclipse.osgi\77\data\cacheAdapt\com.ibm.ws.app.manager_61\.overlay"
      interval = 500
      notificationType = "external"
      nonRecurseMonitor = class com.ibm.ws.artifact.file.FileArtifactNotifier$FileArtifactMonitor@3972684c
      recurseMonitor = class com.ibm.ws.artifact.file.FileArtifactNotifier$FileArtifactMonitor@8562500
      serialVersionUID = -423938483708516951
      $$$tc$$$ = class com.ibm.websphere.ras.TraceComponent@44706ab8
    serialVersionUID = -542248409847968651
    $$$tc$$$ = class com.ibm.websphere.ras.TraceComponent@1e82fa2d
      strings[0] = "TraceComponent[com.ibm.ws.artifact.file.internal.FileContainer,class com.ibm.ws.artifact.file.internal.FileContainer,[archive.artifact.file],,null]"
  overlayDirectory = class java.io.File@34d650dd
    fs = class java.io.WinNTFileSystem@259d31fa
    path = "D:\devel\tools\wlp\usr\servers\defaultServer\workarea\org.eclipse.osgi\77\data\cacheAdapt\com.ibm.ws.app.manager_61\.overlay"
    status = class java.io.File$PathStatus@7c9f91e1
    prefixLength = 3
    separatorChar = \
    separator = "\"
    pathSeparatorChar = ;
    pathSeparator = ";"
    PATH_OFFSET = 16
    PREFIX_LENGTH_OFFSET = 12
    UNSAFE = class sun.misc.Unsafe@6b78b480
    serialVersionUID = 301077366599181567
    filePath = null
    $assertionsDisabled = true
  cacheDirForOverlay = class java.io.File@4d2dd76d
    fs = class java.io.WinNTFileSystem@259d31fa
      slash = \
      altSlash = /
      semicolon = ;
      driveDirCache = class java.lang.String[26]
      cache = class java.io.ExpiringCache@2c127df3
      prefixCache = class java.io.ExpiringCache@654a1b9d
      BA_EXISTS = 1
      BA_REGULAR = 2
      BA_DIRECTORY = 4
      BA_HIDDEN = 8
      ACCESS_READ = 4
      ACCESS_WRITE = 2
      ACCESS_EXECUTE = 1
      SPACE_TOTAL = 0
      SPACE_FREE = 1
      SPACE_USABLE = 2
      useCanonCaches = true
      useCanonPrefixCache = true
    path = "D:\devel\tools\wlp\usr\servers\defaultServer\workarea\org.eclipse.osgi\77\data\cacheOverlay\com.ibm.ws.app.manager_61"
    status = class java.io.File$PathStatus@7c9f91e1
      INVALID = class java.io.File$PathStatus@6c982720
      CHECKED = class java.io.File$PathStatus@7c9f91e1
      $VALUES = class java.io.File$PathStatus[2]
      name = "CHECKED"
      ordinal = 1
    prefixLength = 3
    separatorChar = \
    separator = "\"
    pathSeparatorChar = ;
    pathSeparator = ";"
    PATH_OFFSET = 16
    PREFIX_LENGTH_OFFSET = 12
    UNSAFE = class sun.misc.Unsafe@6b78b480
      theUnsafe = class sun.misc.Unsafe@6b78b480
      INVALID_FIELD_OFFSET = -1
      ARRAY_BOOLEAN_BASE_OFFSET = 16
      ARRAY_BYTE_BASE_OFFSET = 16
      ARRAY_SHORT_BASE_OFFSET = 16
      ARRAY_CHAR_BASE_OFFSET = 16
      ARRAY_INT_BASE_OFFSET = 16
      ARRAY_LONG_BASE_OFFSET = 16
      ARRAY_FLOAT_BASE_OFFSET = 16
      ARRAY_DOUBLE_BASE_OFFSET = 16
      ARRAY_OBJECT_BASE_OFFSET = 16
      ARRAY_BOOLEAN_INDEX_SCALE = 1
      ARRAY_BYTE_INDEX_SCALE = 1
      ARRAY_SHORT_INDEX_SCALE = 2
      ARRAY_CHAR_INDEX_SCALE = 2
      ARRAY_INT_INDEX_SCALE = 4
      ARRAY_LONG_INDEX_SCALE = 8
      ARRAY_FLOAT_INDEX_SCALE = 4
      ARRAY_DOUBLE_INDEX_SCALE = 8
      ARRAY_OBJECT_INDEX_SCALE = 4
      ADDRESS_SIZE = 8
    serialVersionUID = 301077366599181567
    filePath = null
    $assertionsDisabled = true
  overlayNotifier = class com.ibm.ws.artifact.overlay.internal.DirectoryBasedOverlayNotifier@60b6998d
    root = class com.ibm.ws.artifact.overlay.internal.DirectoryBasedOverlayContainerImpl@14754008
    overlayContainer = class com.ibm.ws.artifact.file.internal.FileContainer@6dab7bc1
    overlaidContainer = class com.ibm.ws.artifact.loose.internal.LooseArchive@53f15aab
    listeningToContainers = true
    listeners = class java.util.concurrent.ConcurrentHashMap@d0407a9
      serialVersionUID = 7249069246763182397
      MAXIMUM_CAPACITY = 1073741824
      DEFAULT_CAPACITY = 16
      MAX_ARRAY_SIZE = 2147483639
      DEFAULT_CONCURRENCY_LEVEL = 16
      LOAD_FACTOR = 0.75
      TREEIFY_THRESHOLD = 8
      UNTREEIFY_THRESHOLD = 6
      MIN_TREEIFY_CAPACITY = 64
      MIN_TRANSFER_STRIDE = 16
      RESIZE_STAMP_BITS = 16
      MAX_RESIZERS = 65535
      RESIZE_STAMP_SHIFT = 16
      MOVED = -1
      TREEBIN = -2
      RESERVED = -3
      HASH_BITS = 2147483647
      NCPU = 4
      serialPersistentFields = class java.io.ObjectStreamField[3]
      table = class java.util.concurrent.ConcurrentHashMap$Node[16]
      nextTable = null
      baseCount = 3
      sizeCtl = 12
      transferIndex = 0
      cellsBusy = 0
      counterCells = null
      keySet = class java.util.concurrent.ConcurrentHashMap$KeySetView@63abea87
      values = null
      entrySet = null
      U = class sun.misc.Unsafe@6b78b480
      SIZECTL = 20
      TRANSFERINDEX = 32
      BASECOUNT = 24
      CELLSBUSY = 36
      CELLVALUE = 144
      ABASE = 16
      ASHIFT = 2
      keySet = null
      values = null
    pathsMonitored = class java.util.HashSet@516766bd
      serialVersionUID = -5024744406713321676
      map = class java.util.HashMap@f13a971
      PRESENT = class java.lang.Object@5733b6a5
      MAX_ARRAY_SIZE = 2147483639
    parentNotifier = null
    pathOfEntryInParent = null
    id = null
    serialVersionUID = -5716655730663296309
    $$$tc$$$ = class com.ibm.websphere.ras.TraceComponent@42d10775
      strings[0] = "TraceComponent[com.ibm.ws.artifact.overlay.internal.DirectoryBasedOverlayNotifier,class com.ibm.ws.artifact.overlay.internal.DirectoryBasedOverlayNotifier,[archive.overlay],,null]"
  enclosingContainer = null
  entryInEnclosingContainer = null
  nestedOverlays = class java.util.concurrent.ConcurrentHashMap@41a6d951
    serialVersionUID = 7249069246763182397
    MAXIMUM_CAPACITY = 1073741824
    DEFAULT_CAPACITY = 16
    MAX_ARRAY_SIZE = 2147483639
    DEFAULT_CONCURRENCY_LEVEL = 16
    LOAD_FACTOR = 0.75
    TREEIFY_THRESHOLD = 8
    UNTREEIFY_THRESHOLD = 6
    MIN_TREEIFY_CAPACITY = 64
    MIN_TRANSFER_STRIDE = 16
    RESIZE_STAMP_BITS = 16
    MAX_RESIZERS = 65535
    RESIZE_STAMP_SHIFT = 16
    MOVED = -1
    TREEBIN = -2
    RESERVED = -3
    HASH_BITS = 2147483647
    NCPU = 4
    serialPersistentFields = class java.io.ObjectStreamField[3]
      ObjectStreamField[0] = class java.io.ObjectStreamField@3b0f80e4
      ObjectStreamField[1] = class java.io.ObjectStreamField@53edee63
      ObjectStreamField[2] = class java.io.ObjectStreamField@56f922ef
    table = class java.util.concurrent.ConcurrentHashMap$Node[16]
      Node[0] = class java.util.concurrent.ConcurrentHashMap$Node@246bf6db
      Node[1] = class java.util.concurrent.ConcurrentHashMap$Node@5dcbb520
      Node[2] = null
      Node[3] = null
      Node[4] = null
      Node[5] = null
      Node[6] = null
      Node[7] = null
      Node[8] = null
      Node[9] = null
      Node[10] = null
      Node[11] = null
      Node[12] = null
      Node[13] = null
      Node[14] = class java.util.concurrent.ConcurrentHashMap$Node@6505829e
      Node[15] = null
    nextTable = null
    baseCount = 4
    sizeCtl = 12
    transferIndex = 0
    cellsBusy = 0
    counterCells = null
    keySet = null
    values = null
    entrySet = null
    U = class sun.misc.Unsafe@6b78b480
    SIZECTL = 20
    TRANSFERINDEX = 32
    BASECOUNT = 24
    CELLSBUSY = 36
    CELLVALUE = 144
    ABASE = 16
    ASHIFT = 2
    keySet = null
    values = null
  cacheStore = class com.ibm.ws.artifact.overlay.internal.OverlayCache@77e5c7d7
    cache = class java.util.HashMap@53d6df39
      serialVersionUID = 362498820763181265
      DEFAULT_INITIAL_CAPACITY = 16
      MAXIMUM_CAPACITY = 1073741824
      DEFAULT_LOAD_FACTOR = 0.75
      TREEIFY_THRESHOLD = 8
      UNTREEIFY_THRESHOLD = 6
      MIN_TREEIFY_CAPACITY = 64
      table = class java.util.HashMap$Node[16]
      entrySet = null
      size = 2
      modCount = 2
      threshold = 12
      loadFactor = 0.75
      keySet = null
      values = null
    serialVersionUID = -7877512378170016077
    $$$tc$$$ = class com.ibm.websphere.ras.TraceComponent@58cf66d4
      strings[0] = "TraceComponent[com.ibm.ws.artifact.overlay.internal.OverlayCache,class com.ibm.ws.artifact.overlay.internal.OverlayCache,[archive.overlay],,null]"
  parentOverlay = null
  isPassThroughMode = true
  serialVersionUID = -1690795617118238166
  $$$tc$$$ = class com.ibm.websphere.ras.TraceComponent@7666572
    strings[0] = "TraceComponent[com.ibm.ws.artifact.overlay.internal.DirectoryBasedOverlayContainerImpl,class com.ibm.ws.artifact.overlay.internal.DirectoryBasedOverlayContainerImpl,[archive.overlay],,null]"

Dump of objectArray[3]
Object type = com.ibm.ws.adaptable.module.internal.AdaptableContainerImpl
  root = class com.ibm.ws.adaptable.module.internal.AdaptableContainerImpl@5301c43
  rootOverlay = class com.ibm.ws.artifact.overlay.internal.DirectoryBasedOverlayContainerImpl@14754008
    base = class com.ibm.ws.artifact.loose.internal.LooseArchive@53f15aab
      cacheDir = class java.io.File@1b3858cb
      xmlFile = class java.io.File@3523d1d7
      parent = null
      cfh = class com.ibm.ws.artifact.loose.internal.LooseContainerFactoryHelper@2f518af5
      pathInParent = null
      _entries = class java.util.ArrayList@5c0007eb
      tc = class com.ibm.websphere.ras.TraceComponent@18cd455c
      artifactNotifier = class com.ibm.ws.artifact.loose.internal.LooseArtifactNotifier@527f2a0
      serialVersionUID = 345486831272892625
    maskSet = class java.util.HashSet@75fcba9
      serialVersionUID = -5024744406713321676
      map = class java.util.HashMap@66c09a7f
      PRESENT = class java.lang.Object@5733b6a5
      MAX_ARRAY_SIZE = 2147483639
    cfHolder = class com.ibm.ws.artifact.overlay.internal.OverlayContainerFactoryImpl@3247d809
      containerFactory = class com.ibm.ws.artifact.internal.ArtifactContainerFactoryService@520616ba
      serialVersionUID = 6296466117843221178
      $$$tc$$$ = class com.ibm.websphere.ras.TraceComponent@6575b93a
    fileOverlayContainer = class com.ibm.ws.artifact.file.internal.FileContainer@6dab7bc1
      containerFactoryHolder = class com.ibm.ws.artifact.file.internal.FileContainerFactory@769f0198
      parent = null
      thisInParent = null
      dir = class java.io.File@34d650dd
      cacheDir = class java.io.File@4d2dd76d
      isRoot = true
      root = class com.ibm.ws.artifact.file.internal.FileContainer@6dab7bc1
      artifactNotifier = class com.ibm.ws.artifact.file.FileArtifactNotifier@3a41ec50
      serialVersionUID = -542248409847968651
      $$$tc$$$ = class com.ibm.websphere.ras.TraceComponent@1e82fa2d
    overlayDirectory = class java.io.File@34d650dd
      fs = class java.io.WinNTFileSystem@259d31fa
      path = "D:\devel\tools\wlp\usr\servers\defaultServer\workarea\org.eclipse.osgi\77\data\cacheAdapt\com.ibm.ws.app.manager_61\.overlay"
      status = class java.io.File$PathStatus@7c9f91e1
      prefixLength = 3
      separatorChar = \
      separator = "\"
      pathSeparatorChar = ;
      pathSeparator = ";"
      PATH_OFFSET = 16
      PREFIX_LENGTH_OFFSET = 12
      UNSAFE = class sun.misc.Unsafe@6b78b480
      serialVersionUID = 301077366599181567
      filePath = null
      $assertionsDisabled = true
    cacheDirForOverlay = class java.io.File@4d2dd76d
      fs = class java.io.WinNTFileSystem@259d31fa
      path = "D:\devel\tools\wlp\usr\servers\defaultServer\workarea\org.eclipse.osgi\77\data\cacheOverlay\com.ibm.ws.app.manager_61"
      status = class java.io.File$PathStatus@7c9f91e1
      prefixLength = 3
      separatorChar = \
      separator = "\"
      pathSeparatorChar = ;
      pathSeparator = ";"
      PATH_OFFSET = 16
      PREFIX_LENGTH_OFFSET = 12
      UNSAFE = class sun.misc.Unsafe@6b78b480
      serialVersionUID = 301077366599181567
      filePath = null
      $assertionsDisabled = true
    overlayNotifier = class com.ibm.ws.artifact.overlay.internal.DirectoryBasedOverlayNotifier@60b6998d
    enclosingContainer = null
    entryInEnclosingContainer = null
    nestedOverlays = class java.util.concurrent.ConcurrentHashMap@41a6d951
      serialVersionUID = 7249069246763182397
      MAXIMUM_CAPACITY = 1073741824
      DEFAULT_CAPACITY = 16
      MAX_ARRAY_SIZE = 2147483639
      DEFAULT_CONCURRENCY_LEVEL = 16
      LOAD_FACTOR = 0.75
      TREEIFY_THRESHOLD = 8
      UNTREEIFY_THRESHOLD = 6
      MIN_TREEIFY_CAPACITY = 64
      MIN_TRANSFER_STRIDE = 16
      RESIZE_STAMP_BITS = 16
      MAX_RESIZERS = 65535
      RESIZE_STAMP_SHIFT = 16
      MOVED = -1
      TREEBIN = -2
      RESERVED = -3
      HASH_BITS = 2147483647
      NCPU = 4
      serialPersistentFields = class java.io.ObjectStreamField[3]
      table = class java.util.concurrent.ConcurrentHashMap$Node[16]
      nextTable = null
      baseCount = 4
      sizeCtl = 12
      transferIndex = 0
      cellsBusy = 0
      counterCells = null
      keySet = null
      values = null
      entrySet = null
      U = class sun.misc.Unsafe@6b78b480
      SIZECTL = 20
      TRANSFERINDEX = 32
      BASECOUNT = 24
      CELLSBUSY = 36
      CELLVALUE = 144
      ABASE = 16
      ASHIFT = 2
      keySet = null
      values = null
    cacheStore = class com.ibm.ws.artifact.overlay.internal.OverlayCache@77e5c7d7
      cache = class java.util.HashMap@53d6df39
      serialVersionUID = -7877512378170016077
      $$$tc$$$ = class com.ibm.websphere.ras.TraceComponent@58cf66d4
    parentOverlay = null
    isPassThroughMode = true
    serialVersionUID = -1690795617118238166
    $$$tc$$$ = class com.ibm.websphere.ras.TraceComponent@7666572
      strings[0] = "TraceComponent[com.ibm.ws.artifact.overlay.internal.DirectoryBasedOverlayContainerImpl,class com.ibm.ws.artifact.overlay.internal.DirectoryBasedOverlayContainerImpl,[archive.overlay],,null]"
  factoryHolder = class com.ibm.ws.adaptable.module.internal.AdaptableModuleFactoryImpl@74daaa64
    adapterFactoryService = class com.ibm.ws.adaptable.module.internal.AdapterFactoryServiceImpl@7133314e
      toType = "toType"
      priv = class com.ibm.ws.kernel.service.util.SecureAction@170a3d3b
      containerHelperMap = class com.ibm.wsspi.kernel.service.utils.ConcurrentServiceReferenceSetMap@1f966f9b
      entryHelperMap = class com.ibm.wsspi.kernel.service.utils.ConcurrentServiceReferenceSetMap@5cbe2755
      containerToTypes = class java.util.Collections$SynchronizedSet@7d057501
      entryToTypes = class java.util.Collections$SynchronizedSet@3b206c7f
      baseProperties = class org.apache.felix.scr.impl.helper.ReadOnlyDictionary@17e63637
      serialVersionUID = 5945907930609928466
      $$$tc$$$ = class com.ibm.websphere.ras.TraceComponent@5609dd7c
    containerFactory = class com.ibm.ws.artifact.internal.ArtifactContainerFactoryService@520616ba
      CATEGORY_PROP_NAME = "category"
      ENTRY_KEY = "com.ibm.wsspi.artifact.ArtifactEntry"
      helperMap = class com.ibm.wsspi.kernel.service.utils.ConcurrentServiceReferenceSetMap@6b6f2cc3
      contributorMap = class com.ibm.wsspi.kernel.service.utils.ConcurrentServiceReferenceSetMap@4c5cd3e2
      helperCategoryMap = class com.ibm.wsspi.kernel.service.utils.ConcurrentServiceReferenceSetMap@6148bc8f
      contributorCategoryMap = class com.ibm.wsspi.kernel.service.utils.ConcurrentServiceReferenceSetMap@b707c95
      categories = class java.util.Collections$SynchronizedSet@19eb500c
      baseProperties = class org.apache.felix.scr.impl.helper.ReadOnlyDictionary@33025310
      serialVersionUID = -3101641399269402013
      $$$tc$$$ = class com.ibm.websphere.ras.TraceComponent@4462c1b4
    overlayContainerFactory = class com.ibm.ws.artifact.overlay.internal.OverlayContainerFactoryImpl@3247d809
    serialVersionUID = 4200251809856292987
    $$$tc$$$ = class com.ibm.websphere.ras.TraceComponent@1a89f711
      strings[0] = "TraceComponent[com.ibm.ws.adaptable.module.internal.AdaptableModuleFactoryImpl,class com.ibm.ws.adaptable.module.internal.AdaptableModuleFactoryImpl,[archive.adaptable],,null]"
  delegate = class com.ibm.ws.artifact.overlay.internal.DirectoryBasedOverlayContainerImpl@14754008
  notifier = class com.ibm.ws.adaptable.module.internal.NotifierImpl@67a88242
    root = class com.ibm.ws.adaptable.module.internal.AdaptableContainerImpl@5301c43
    delegateNotifier = class com.ibm.ws.artifact.overlay.internal.DirectoryBasedOverlayNotifier@60b6998d
      root = class com.ibm.ws.artifact.overlay.internal.DirectoryBasedOverlayContainerImpl@14754008
      overlayContainer = class com.ibm.ws.artifact.file.internal.FileContainer@6dab7bc1
      overlaidContainer = class com.ibm.ws.artifact.loose.internal.LooseArchive@53f15aab
      listeningToContainers = true
      listeners = class java.util.concurrent.ConcurrentHashMap@d0407a9
      pathsMonitored = class java.util.HashSet@516766bd
      parentNotifier = null
      pathOfEntryInParent = null
      id = null
      serialVersionUID = -5716655730663296309
      $$$tc$$$ = class com.ibm.websphere.ras.TraceComponent@42d10775
    delegateRoot = class com.ibm.ws.artifact.overlay.internal.DirectoryBasedOverlayContainerImpl@14754008
    listenerDelegates = class java.util.HashMap@419e9675
      serialVersionUID = 362498820763181265
      DEFAULT_INITIAL_CAPACITY = 16
      MAXIMUM_CAPACITY = 1073741824
      DEFAULT_LOAD_FACTOR = 0.75
      TREEIFY_THRESHOLD = 8
      UNTREEIFY_THRESHOLD = 6
      MIN_TREEIFY_CAPACITY = 64
      table = class java.util.HashMap$Node[16]
      entrySet = null
      size = 3
      modCount = 3
      threshold = 12
      loadFactor = 0.75
      keySet = null
      values = null
    serialVersionUID = 6839382523957017880
    $$$tc$$$ = class com.ibm.websphere.ras.TraceComponent@143fab14
      strings[0] = "TraceComponent[com.ibm.ws.adaptable.module.internal.NotifierImpl,class com.ibm.ws.adaptable.module.internal.NotifierImpl,[archive.adaptable],,null]"
  serialVersionUID = -5621513278641113667
  $$$tc$$$ = class com.ibm.websphere.ras.TraceComponent@2aa9a0b6
    strings[0] = "TraceComponent[com.ibm.ws.adaptable.module.internal.AdaptableContainerImpl,class com.ibm.ws.adaptable.module.internal.AdaptableContainerImpl,[archive.adaptable],,null]"

