------Start of DE processing------ = [7/06/19 15:17:07:272 PET]
Exception = org.jboss.weld.exceptions.DeploymentException
Source = com.ibm.ws.container.service.state.internal.ApplicationStateManager
probeid = 31
Stack Dump = org.jboss.weld.exceptions.DeploymentException: WELD-001408: Unsatisfied dependencies for type CityArea with qualifiers @RestClient
  at injection point [BackedAnnotatedField] @Inject @RestClient private security.view.admin.cityarea.CityAreaListView.cityareaApi
  at security.view.admin.cityarea.CityAreaListView.cityareaApi(CityAreaListView.java:0)
WELD-001475: The following beans match by type, but none have matching qualifiers:
  - Managed Bean [class security.model.geo.CityArea] with qualifiers [@Any @Default]

	at org.jboss.weld.bootstrap.Validator.validateInjectionPointForDeploymentProblems(Validator.java:378)
	at org.jboss.weld.bootstrap.Validator.validateInjectionPoint(Validator.java:290)
	at org.jboss.weld.bootstrap.Validator.validateGeneralBean(Validator.java:143)
	at org.jboss.weld.bootstrap.Validator.validateRIBean(Validator.java:164)
	at org.jboss.weld.bootstrap.Validator.validateBean(Validator.java:526)
	at org.jboss.weld.bootstrap.ConcurrentValidator$1.doWork(ConcurrentValidator.java:64)
	at org.jboss.weld.bootstrap.ConcurrentValidator$1.doWork(ConcurrentValidator.java:62)
	at org.jboss.weld.executor.IterativeWorkerTaskFactory$1.call(IterativeWorkerTaskFactory.java:62)
	at org.jboss.weld.executor.IterativeWorkerTaskFactory$1.call(IterativeWorkerTaskFactory.java:55)
	at com.ibm.ws.threading.internal.PolicyTaskFutureImpl.run(PolicyTaskFutureImpl.java:724)
	at com.ibm.ws.threading.internal.PolicyExecutorImpl.runTask(PolicyExecutorImpl.java:1134)
	at com.ibm.ws.threading.internal.PolicyExecutorImpl$GlobalPoolTask.run(PolicyExecutorImpl.java:188)
	at java.base/java.util.concurrent.ThreadPoolExecutor.runWorker(ThreadPoolExecutor.java:1128)
	at java.base/java.util.concurrent.ThreadPoolExecutor$Worker.run(ThreadPoolExecutor.java:628)
	at java.base/java.lang.Thread.run(Thread.java:835)

Dump of callerThis
Object type = com.ibm.ws.container.service.state.internal.ApplicationStateManager
  serialVersionUID = -6685368059484454124
  $$$tc$$$ = class com.ibm.websphere.ras.TraceComponent@4e5f0334
    strings[0] = "TraceComponent[com.ibm.ws.container.service.state.internal.ApplicationStateManager,class com.ibm.ws.container.service.state.internal.ApplicationStateManager,[Runtime],,null]"
  listeners = class com.ibm.wsspi.kernel.service.utils.ConcurrentServiceReferenceSet@3b7e0339
    referenceName = "applicationStateListeners"
    contextRef = class java.util.concurrent.atomic.AtomicReference@8e7fa30
      serialVersionUID = -1848883965231344442
      VALUE = class java.lang.invoke.VarHandleReferences$FieldInstanceReadWrite@42af7df1
      value = class org.apache.felix.scr.impl.manager.ComponentContextImpl@5b73971e
    elementMap = class java.util.LinkedHashMap@61eb4aed
      serialVersionUID = 3801124242820219131
      head = class java.util.LinkedHashMap$Entry@6adf3442
      tail = class java.util.LinkedHashMap$Entry@5d5e7553
      accessOrder = false
      serialVersionUID = 362498820763181265
      DEFAULT_INITIAL_CAPACITY = 16
      MAXIMUM_CAPACITY = 1073741824
      DEFAULT_LOAD_FACTOR = 0.75
      TREEIFY_THRESHOLD = 8
      UNTREEIFY_THRESHOLD = 6
      MIN_TREEIFY_CAPACITY = 64
      table = class java.util.HashMap$Node[32]
      entrySet = null
      size = 13
      modCount = 13
      threshold = 24
      loadFactor = 0.75
      keySet = null
      values = null
    elementSet = class java.util.concurrent.ConcurrentSkipListSet@21738c9e
      serialVersionUID = -2479143111061671589
      m = class java.util.concurrent.ConcurrentSkipListMap@489dc516
      MAX_ARRAY_SIZE = 2147483639
    elementSetUnsorted = false
    serialVersionUID = 756240983881166148
    $$$tc$$$ = class com.ibm.websphere.ras.TraceComponent@6972b5e
      strings[0] = "TraceComponent[com.ibm.wsspi.kernel.service.utils.ConcurrentServiceReferenceSet,class com.ibm.wsspi.kernel.service.utils.ConcurrentServiceReferenceSet,[kernelUtils],com.ibm.ws.kernel.service.utils.resources.ServiceMessages,null]"
  serialVersionUID = 2284273176985484160
  $$$tc$$$ = class com.ibm.websphere.ras.TraceComponent@43ca4368
    strings[0] = "TraceComponent[com.ibm.ws.container.service.state.internal.StateChangeManager,class com.ibm.ws.container.service.state.internal.StateChangeManager,[Runtime],,null]"

Dump of objectArray[0]
Object type = com.ibm.ws.container.service.app.deploy.internal.ApplicationInfoImpl
  appName = "security"
  appMetaData = class com.ibm.ws.container.service.app.deploy.internal.ApplicationMetaDataImpl@37859d7b
    j2eeName = class com.ibm.ws.container.service.metadata.internal.J2EENameImpl@5611355
      serialVersionUID = 7488184044073147667
      application = "security"
      module = null
      component = null
      string = "security"
      j2eeNameBytes = null
      $$$tc$$$ = class com.ibm.websphere.ras.TraceComponent@7aa5548a
    serialVersionUID = -7906531148367236579
    $$$tc$$$ = class com.ibm.websphere.ras.TraceComponent@75209b81
      strings[0] = "TraceComponent[com.ibm.ws.container.service.app.deploy.internal.ApplicationMetaDataImpl,class com.ibm.ws.container.service.app.deploy.internal.ApplicationMetaDataImpl,[container.service],com.ibm.ws.container.service.resources.Messages,null]"
    tc = class com.ibm.websphere.ras.TraceComponent@2f7ec685
      strings[0] = "TraceComponent[com.ibm.ws.runtime.metadata.MetaDataImpl,class com.ibm.ws.runtime.metadata.MetaDataImpl,[Runtime],null,null]"
    NUM_STATIC_SLOTS = 4
    ID_UNINITIALIZED = -1
    id = 1
    metaDataInterface = class java.lang.Class@3ddc9295
      ANNOTATION = 8192
      ENUM = 16384
      SYNTHETIC = 4096
      cachedConstructor = null
      name = "com.ibm.ws.runtime.metadata.ApplicationMetaData"
      module = class java.lang.Module@127af974
      packageName = "com.ibm.ws.runtime.metadata"
      componentType = {} /* array length = 0 */
      allPermDomain = class java.security.ProtectionDomain@1fdb6c78
      reflectionData = null
      classRedefinedCount = 0
      genericInfo = null
      EMPTY_CLASS_ARRAY = class java.lang.Class[0]
      serialVersionUID = 3206093459760846163
      serialPersistentFields = class java.io.ObjectStreamField[0]
      reflectionFactory = class jdk.internal.reflect.ReflectionFactory@dc5e3e
      enumConstants = null
      enumConstantDirectory = null
      annotationData = null
      annotationType = null
      classValueMap = null
    staticSlots = class java.lang.Object[4]
      Object[0] = null
      Object[1] = class com.ibm.ws.injectionengine.osgi.internal.OSGiInjectionScopeData@4b680ec
      Object[2] = null
      Object[3] = null
    dynamicSlots = class java.lang.Object[4]
      Object[0] = class com.ibm.ws.ejbcontainer.osgi.internal.metadata.OSGiEJBApplicationMetaData@47b098d3
      Object[1] = class com.ibm.ws.cdi.impl.weld.WebSphereCDIDeploymentImpl@196e043d
      Object[2] = "security"
      Object[3] = null
  appContainer = class com.ibm.ws.adaptable.module.internal.AdaptableContainerImpl@232b3ade
    root = class com.ibm.ws.adaptable.module.internal.AdaptableContainerImpl@232b3ade
    rootOverlay = class com.ibm.ws.artifact.overlay.internal.DirectoryBasedOverlayContainerImpl@655b156d
      base = class com.ibm.ws.artifact.loose.internal.LooseArchive@67d9288b
      maskSet = class java.util.HashSet@24ec52a3
      cfHolder = class com.ibm.ws.artifact.overlay.internal.OverlayContainerFactoryImpl@4dcaf5ef
      fileOverlayContainer = class com.ibm.ws.artifact.file.internal.FileContainer@195a7d6e
      overlayDirectory = class java.io.File@376983be
      cacheDirForOverlay = class java.io.File@7156b6ba
      overlayNotifier = class com.ibm.ws.artifact.overlay.internal.DirectoryBasedOverlayNotifier@6b2950f2
      enclosingContainer = null
      entryInEnclosingContainer = null
      nestedOverlays = class java.util.concurrent.ConcurrentHashMap@21d2e1f4
      cacheStore = class com.ibm.ws.artifact.overlay.internal.OverlayCache@5adde203
      parentOverlay = null
      isPassThroughMode = true
      serialVersionUID = -1690795617118238166
      $$$tc$$$ = class com.ibm.websphere.ras.TraceComponent@32023699
    factoryHolder = class com.ibm.ws.adaptable.module.internal.AdaptableModuleFactoryImpl@7e2e32f8
      adapterFactoryService = class com.ibm.ws.adaptable.module.internal.AdapterFactoryServiceImpl@1efa6c84
      containerFactory = class com.ibm.ws.artifact.internal.ArtifactContainerFactoryService@316fbb35
      overlayContainerFactory = class com.ibm.ws.artifact.overlay.internal.OverlayContainerFactoryImpl@4dcaf5ef
      serialVersionUID = 4200251809856292987
      $$$tc$$$ = class com.ibm.websphere.ras.TraceComponent@5af640a3
    delegate = class com.ibm.ws.artifact.overlay.internal.DirectoryBasedOverlayContainerImpl@655b156d
    notifier = class com.ibm.ws.adaptable.module.internal.NotifierImpl@699ed560
      root = class com.ibm.ws.adaptable.module.internal.AdaptableContainerImpl@232b3ade
      delegateNotifier = class com.ibm.ws.artifact.overlay.internal.DirectoryBasedOverlayNotifier@6b2950f2
      delegateRoot = class com.ibm.ws.artifact.overlay.internal.DirectoryBasedOverlayContainerImpl@655b156d
      listenerDelegates = class java.util.HashMap@3f751169
      serialVersionUID = 6839382523957017880
      $$$tc$$$ = class com.ibm.websphere.ras.TraceComponent@136a3091
    serialVersionUID = -5621513278641113667
    $$$tc$$$ = class com.ibm.websphere.ras.TraceComponent@6c8aa2cd
      strings[0] = "TraceComponent[com.ibm.ws.adaptable.module.internal.AdaptableContainerImpl,class com.ibm.ws.adaptable.module.internal.AdaptableContainerImpl,[archive.adaptable],,null]"
  configHelper = class com.ibm.ws.app.manager.module.ApplicationNestedConfigHelper@695fdf12
    appInfo = class com.ibm.ws.app.manager.internal.ApplicationInstallInfo@6cbd39c
    serialVersionUID = -3174031738676705046
    $$$tc$$$ = class com.ibm.websphere.ras.TraceComponent@72f813f
      strings[0] = "TraceComponent[com.ibm.ws.app.manager.module.ApplicationNestedConfigHelper,class com.ibm.ws.app.manager.module.ApplicationNestedConfigHelper,[applications, app.manager],,null]"
  applicationInformation = class com.ibm.ws.app.manager.internal.ApplicationInstallInfo@6cbd39c
    _config = class com.ibm.ws.app.manager.internal.ApplicationConfig@3111bcfc
      tc = class com.ibm.websphere.ras.TraceComponent@77a39791
      _configPid = "com.ibm.ws.app.manager_47"
      _config = class com.ibm.ws.config.admin.ConfigurationDictionary@7d24649c
      _applicationManager = class com.ibm.ws.app.manager.ApplicationManager@5e894b16
      _location = "security.war"
      _type = "war"
      _name = "security"
      _notificationBroadcasterSupport = class javax.management.NotificationBroadcasterSupport@1dbef4df
      ONE_TIME_JANDEX_MSGS_DISPLAYED = true
    _handlerInfo = class java.util.concurrent.atomic.AtomicReference@c5c27ce
      serialVersionUID = -1848883965231344442
      VALUE = class java.lang.invoke.VarHandleReferences$FieldInstanceReadWrite@42af7df1
      value = class com.ibm.ws.app.manager.war.internal.WARDeployedAppInfo@d2b2dfd
    _container = class java.util.concurrent.atomic.AtomicReference@3ea6d4f
      serialVersionUID = -1848883965231344442
      VALUE = class java.lang.invoke.VarHandleReferences$FieldInstanceReadWrite@42af7df1
      value = class com.ibm.ws.adaptable.module.internal.AdaptableContainerImpl@232b3ade
    _resolvedLocation = class java.util.concurrent.atomic.AtomicReference@1c408d87
      serialVersionUID = -1848883965231344442
      VALUE = class java.lang.invoke.VarHandleReferences$FieldInstanceReadWrite@42af7df1
      value = class com.ibm.ws.kernel.service.location.internal.LocalFileResource@4412dbd0
    _handler = class com.ibm.ws.app.manager.war.internal.WARApplicationHandlerImpl@208a34af
      futureMonitor = class com.ibm.ws.threading.internal.FutureMonitorImpl@2d2a43f0
      deployedAppFactory = class com.ibm.ws.app.manager.war.internal.WARDeployedAppInfoFactoryImpl@221a49ff
      serialVersionUID = 4622845147410944782
      $$$tc$$$ = class com.ibm.websphere.ras.TraceComponent@4a4e8ac6
    _ami = class java.util.concurrent.atomic.AtomicReference@4d051527
      serialVersionUID = -1848883965231344442
      VALUE = class java.lang.invoke.VarHandleReferences$FieldInstanceReadWrite@42af7df1
      value = class com.ibm.wsspi.application.handler.DefaultApplicationMonitoringInformation@205c1715
    _updateHandler = class com.ibm.ws.app.manager.internal.statemachine.ApplicationStateMachineImpl@1dd589dd
      _tc = class com.ibm.websphere.ras.TraceComponent@4d34a30f
      EMPTY_FUTURE_ARRAY = interface java.util.concurrent.Future[0]
      asmSequenceNumber = class java.util.concurrent.atomic.AtomicLong@3b582561
      _qscaCounter = class java.util.concurrent.atomic.AtomicInteger@4b7dc644
      _failedThrowable = null
      _interruptibleLock = class com.ibm.ws.app.manager.internal.statemachine.ApplicationStateMachineImpl$2@7b7c9e27
      _interruptible = false
      _performingQueuedActions = true
      _queuedActions = class java.util.concurrent.ConcurrentLinkedQueue@296216c3
      _callbackState = class java.util.concurrent.atomic.AtomicReference@53eb4da3
      blockAppStartingFutures = class java.util.Collections$SetFromMap@7601fe7c
      waitingForAppHandlerFuture = class java.util.concurrent.atomic.AtomicReference@6993db3d
      waitingForExplicitStartFuture = class java.util.concurrent.atomic.AtomicReference@507e0cc2
      completionListener = class java.util.concurrent.atomic.AtomicReference@5971d53b
      _notifyAppStopped = class java.util.concurrent.ConcurrentLinkedQueue@20fa2277
      _notifyAppStarting = class java.util.concurrent.ConcurrentLinkedQueue@57474f66
      _notifyAppInstallCalled = class java.util.concurrent.ConcurrentLinkedQueue@77ff4150
      _notifyAppStarted = class java.util.concurrent.ConcurrentLinkedQueue@20708a99
      _notifyAppRemoved = class java.util.concurrent.ConcurrentLinkedQueue@51e8ed7a
      _stateLock = class com.ibm.ws.app.manager.internal.statemachine.ApplicationStateMachineImpl$3@3cb9b45e
      _internalState = class java.util.concurrent.atomic.AtomicReference@31419758
      _currentAction = class java.util.concurrent.atomic.AtomicReference@1541e7ab
      _rfa = class java.util.concurrent.atomic.AtomicReference@3544b44
      _appInstallInfo = class java.util.concurrent.atomic.AtomicReference@723e1434
      _update = class java.util.concurrent.atomic.AtomicBoolean@4f78b67c
      _appConfig = class java.util.concurrent.atomic.AtomicReference@559e6c87
      _nextAppConfig = class java.util.concurrent.atomic.AtomicReference@7431031b
      _appContainer = class java.util.concurrent.atomic.AtomicReference@762c361d
      _resolvedLocation = class java.util.concurrent.atomic.AtomicReference@7ceda5f2
      _handler = class java.util.concurrent.atomic.AtomicReference@5ab104bc
      _asmSeqNo = 1
      _ctx = class org.eclipse.osgi.internal.framework.BundleContextImpl@69191727
      _locAdmin = class com.ibm.ws.kernel.service.location.internal.WsLocationAdminImpl@26e4ed2a
      _futureMonitor = class com.ibm.ws.threading.internal.FutureMonitorImpl@2d2a43f0
      _artifactFactory = class com.ibm.ws.artifact.internal.ArtifactContainerFactoryService@316fbb35
      _moduleFactory = class com.ibm.ws.adaptable.module.internal.AdaptableModuleFactoryImpl@7e2e32f8
      _executorService = class com.ibm.ws.threading.internal.ExecutorServiceImpl@20bc5adf
      _scheduledExecutorService = class com.ibm.ws.threading.internal.ScheduledExecutorImpl@727a3e90
      _asmHelper = class com.ibm.ws.app.manager.internal.ApplicationConfigurator$NamedApplication@3a032750
      _appMonitor = class com.ibm.ws.app.manager.internal.monitor.ApplicationMonitor@73761048
      enterStateCalled = class java.util.concurrent.atomic.AtomicBoolean@3f0cbb00
      serialVersionUID = 6511956370079301927
      serialVersionUID = 5501066335104962649
      $$$tc$$$ = class com.ibm.websphere.ras.TraceComponent@3c2b59d6
    serialVersionUID = 2630639237123415755
    $$$tc$$$ = class com.ibm.websphere.ras.TraceComponent@10755494
      strings[0] = "TraceComponent[com.ibm.ws.app.manager.internal.ApplicationInstallInfo,class com.ibm.ws.app.manager.internal.ApplicationInstallInfo,[applications, app.manager],com.ibm.ws.app.manager.internal.resources.AppManagerMessages,null]"
  serialVersionUID = -505303337196743781
  $$$tc$$$ = class com.ibm.websphere.ras.TraceComponent@15bbb15f
    strings[0] = "TraceComponent[com.ibm.ws.container.service.app.deploy.internal.ApplicationInfoImpl,class com.ibm.ws.container.service.app.deploy.internal.ApplicationInfoImpl,[container.service],com.ibm.ws.container.service.resources.Messages,null]"

