------Start of DE processing------ = [24/06/19 10:31:29:107 COT]
Exception = com.ibm.ws.container.service.metadata.MetaDataException
Source = com.ibm.ws.app.manager.module.internal.DeployedAppInfoBase
probeid = 372
Stack Dump = com.ibm.ws.container.service.metadata.MetaDataException: com.ibm.wsspi.adaptable.module.UnableToAdaptException: com.ibm.ejs.container.EJBConfigurationException: Errors occurred processing EJB metadata
	at com.ibm.ws.ejbcontainer.osgi.internal.EJBContainerImpl.createEJBInWARModuleMetaData(EJBContainerImpl.java:156)
	at com.ibm.ws.ejbcontainer.war.internal.EJBWARMetaDataRuntime.createdNestedModuleMetaData(EJBWARMetaDataRuntime.java:63)
	at com.ibm.ws.app.manager.module.internal.SimpleDeployedAppInfoBase$ModuleContainerInfoBase.createModuleMetaData(SimpleDeployedAppInfoBase.java:173)
	at com.ibm.ws.app.manager.module.internal.DeployedAppInfoBase.preDeployApp(DeployedAppInfoBase.java:369)
	at com.ibm.ws.app.manager.module.internal.DeployedAppInfoBase.deployApp(DeployedAppInfoBase.java:413)
	at com.ibm.ws.app.manager.war.internal.WARApplicationHandlerImpl.install(WARApplicationHandlerImpl.java:65)
	at com.ibm.ws.app.manager.internal.statemachine.StartAction.execute(StartAction.java:140)
	at com.ibm.ws.app.manager.internal.statemachine.ApplicationStateMachineImpl.enterState(ApplicationStateMachineImpl.java:1261)
	at com.ibm.ws.app.manager.internal.statemachine.ApplicationStateMachineImpl.run(ApplicationStateMachineImpl.java:876)
	at com.ibm.ws.threading.internal.ExecutorServiceImpl$RunnableWrapper.run(ExecutorServiceImpl.java:239)
	at java.util.concurrent.ThreadPoolExecutor.runWorker(Unknown Source)
	at java.util.concurrent.ThreadPoolExecutor$Worker.run(Unknown Source)
	at java.lang.Thread.run(Unknown Source)
Caused by: com.ibm.wsspi.adaptable.module.UnableToAdaptException: com.ibm.ejs.container.EJBConfigurationException: Errors occurred processing EJB metadata
	at com.ibm.ws.ejbcontainer.osgi.internal.ModuleInitDataAdapter.adapt(ModuleInitDataAdapter.java:124)
	at com.ibm.ws.ejbcontainer.osgi.internal.ModuleInitDataAdapter.adapt(ModuleInitDataAdapter.java:40)
	at com.ibm.ws.adaptable.module.internal.AdapterFactoryServiceImpl.adapt(AdapterFactoryServiceImpl.java:196)
	at com.ibm.ws.adaptable.module.internal.AdaptableContainerImpl.adapt(AdaptableContainerImpl.java:170)
	at com.ibm.ws.ejbcontainer.osgi.internal.EJBContainerImpl.createEJBInWARModuleMetaData(EJBContainerImpl.java:143)
	... 12 more
Caused by: com.ibm.ejs.container.EJBConfigurationException: Errors occurred processing EJB metadata
	at com.ibm.ws.ejbcontainer.osgi.internal.ModuleInitDataFactory.createModuleInitData(ModuleInitDataFactory.java:536)
	at com.ibm.ws.ejbcontainer.osgi.internal.ModuleInitDataAdapter.createModuleInitData(ModuleInitDataAdapter.java:145)
	at com.ibm.ws.ejbcontainer.osgi.internal.ModuleInitDataAdapter.adapt(ModuleInitDataAdapter.java:108)
	... 16 more

Dump of callerThis
Object type = com.ibm.ws.app.manager.war.internal.WARDeployedAppInfo
  CONTEXT_ROOT = "context-root"
  webModuleHandler = class com.ibm.ws.app.manager.web.internal.WebModuleHandlerImpl@1ba1ae7c
    serialVersionUID = 4795602325763828210
    $$$tc$$$ = class com.ibm.websphere.ras.TraceComponent@3fa31c7d
      strings[0] = "TraceComponent[com.ibm.ws.app.manager.web.internal.WebModuleHandlerImpl,class com.ibm.ws.app.manager.web.internal.WebModuleHandlerImpl,[webcontainer, applications, app.manager],com.ibm.ws.app.manager.war.internal.resources.Messages,null]"
    futureMonitor = class com.ibm.ws.threading.internal.FutureMonitorImpl@5b1d6b9f
    metaDataService = class com.ibm.ws.container.service.metadata.internal.MetaDataServiceImpl@548a87cb
    stateChangeService = class com.ibm.ws.container.service.state.internal.StateChangeServiceImpl@78de9dfb
    moduleRuntimeContainer = class com.ibm.ws.webcontainer.osgi.WebContainer@c91dd7a
      tc = class com.ibm.websphere.ras.TraceComponent@3867cae4
      CLASS_NAME = "com.ibm.ws.webcontainer.osgi.WebContainer"
      initialized = true
      eventService = class com.ibm.ws.event.internal.EventEngineImpl@59e3c01c
      futureMonitor = class com.ibm.ws.threading.internal.FutureMonitorImpl@5b1d6b9f
      classLoadingSRRef = class com.ibm.wsspi.kernel.service.utils.AtomicServiceReference@4fccf644
      sessionHelperSRRef = class com.ibm.wsspi.kernel.service.utils.AtomicServiceReference@129c764c
      cacheManagerSRRef = class com.ibm.wsspi.kernel.service.utils.AtomicServiceReference@44f67e6a
      injectionEngineSRRef = class com.ibm.wsspi.kernel.service.utils.AtomicServiceReference@3d2b5c8
      managedObjectServiceSRRef = class com.ibm.wsspi.kernel.service.utils.AtomicServiceReference@2b840d20
      backgroundWebAppStartFutures = class com.ibm.ws.webcontainer.util.OneTimeUseArrayList@5adb200a
      REFERENCE_WEB_MBEAN_RUNTIME = "webMBeanRuntime"
      webMBeanRuntimeServiceRef = class com.ibm.wsspi.kernel.service.utils.AtomicServiceReference@2d291015
      servletContainerInitializers = class com.ibm.wsspi.kernel.service.utils.ConcurrentServiceReferenceSet@3b439c8d
      es = class com.ibm.ws.threading.internal.ExecutorServiceImpl@2cef57b2
      locationServiceRef = class java.util.concurrent.atomic.AtomicReference@30257bc8
      transferContextServiceRef = class com.ibm.wsspi.kernel.service.utils.ConcurrentServiceReferenceSet@33fdc6b6
      encodingServiceRef = class java.util.concurrent.atomic.AtomicReference@5631c164
      instance = class java.util.concurrent.atomic.AtomicReference@71b188db
      vhostManager = class com.ibm.ws.webcontainer.osgi.DynamicVirtualHostManager@6ad1561e
      metaDataService = class com.ibm.ws.container.service.metadata.internal.MetaDataServiceImpl@548a87cb
      j2eeNameFactory = class com.ibm.ws.container.service.metadata.internal.J2EENameFactoryImpl@26029445
      context = class org.apache.felix.scr.impl.manager.ComponentContextImpl@3744e584
      contextRoots = class java.util.Collections$SynchronizedSet@6f2638e9
      pendingContextRoots = class java.util.HashMap@12ac9286
      deployedModuleMap = class java.util.concurrent.ConcurrentHashMap@722d576b
      connContextPool = class com.ibm.ws.webcontainer40.osgi.srt.factory.SRTConnectionContextPool40Impl@6255e46f
      DEFAULT_PORT = "*"
      DEFAULT_VHOST_NAME = "default_host"
      cachedServerInfo = "IBM WebSphere Liberty/19.0.0.3"
      lock = class com.ibm.ws.webcontainer.osgi.WebContainer$1@3cea69bc
      webAppFactory = class com.ibm.ws.webcontainer40.osgi.webapp.factory.WebAppFactory40Impl@4aa4e405
      requestFactory = class com.ibm.ws.webcontainer40.osgi.response.factory.IRequestResponseFactory40Impl@52aa6435
      responseFactory = class com.ibm.ws.webcontainer40.osgi.response.factory.IRequestResponseFactory40Impl@52aa6435
      asyncContextFactory = class com.ibm.ws.webcontainer40.async.factory.AsyncContextFactory40Impl@1f918493
      DEFAULT_MAX_VERSION = 30
      versionRef = class org.eclipse.osgi.internal.serviceregistry.ServiceReferenceImpl@70d9a954
      serverStopping = class com.ibm.ws.staticvalue.StaticValue$FinalSingleton@1db0ff86
      modulesStarting = 0
      uriMatcherFactory = class com.ibm.wsspi.webcontainer40.util.factory.URIMatcherFactory40Impl@1c3abbc9
      SPEC_LEVEL_UNLOADED = -1
      SPEC_LEVEL_30 = 30
      SPEC_LEVEL_31 = 31
      SPEC_LEVEL_40 = 40
      DEFAULT_SPEC_LEVEL = 30
      loadedContainerSpecLevel = 40
      ISO = "ISO-8859-1"
      encoding = "UTF-8"
      decode = true
      wcconfig = class com.ibm.ws.webcontainer.osgi.WebContainerConfiguration@32b29a7f
      applicationListeners = class java.util.ArrayList@28640f60
      servletListeners = class java.util.ArrayList@61491d56
      servletErrorListeners = class java.util.ArrayList@eb48aa7
      servletInvocationListeners = class java.util.ArrayList@28f3986c
      filterInvocationListeners = class java.util.ArrayList@20e49d1d
      filterErrorListeners = class java.util.ArrayList@9ee87fa
      filterListeners = class java.util.ArrayList@2325d5d2
      servletRequestListeners = class java.util.ArrayList@17211922
      servletRequestAttributeListeners = class java.util.ArrayList@13a962ae
      servletContextListeners = class java.util.ArrayList@6e05f676
      servletContextAttributeListeners = class java.util.ArrayList@63832521
      sessionListeners = class java.util.ArrayList@7c74d87a
      sessionIdListeners = class java.util.ArrayList@24106948
      sessionAttributeListeners = class java.util.ArrayList@65679dfa
      DEFAULT_HOST = "default_host"
      _initialized = true
      logger = class com.ibm.ws.logging.internal.WsLogger@35ed05e5
      CLASS_NAME = "com.ibm.ws.webcontainer.internal.WebContainer"
      nls = class com.ibm.ejs.ras.TraceNLS@1f37065a
      self = class java.util.concurrent.atomic.AtomicReference@45dabace
      _cipherToBit = class java.util.HashMap@6227c114
      cacheKeyStringBuilder = class com.ibm.ws.util.WSThreadLocal@3b7618e7
      listenersInitialized = true
      webConProperties = class java.util.Properties@1cd4cc05
      sessionRegistry = null
      isStopped = false
      readWriteLockForStopping = class java.util.concurrent.locks.ReentrantReadWriteLock@c48199b
      urlPrefix = ";jsessionid="
      extensionFactories = class java.util.ArrayList@50bb5667
      postInitExtensionFactories = null
      httpResponseListeners = class java.util.ArrayList@5b81ddb7
      servletContainerInitializers = class java.util.ServiceLoader@610f8626
      auditManager = class com.ibm.websphere.security.audit.context.AuditManager@2dc7cf5d
      invocationCacheSize = 500
      decodePlusSign = true
      _cacheMap = class java.util.concurrent.ConcurrentHashMap@27c5acec
      _cacheSize = class java.util.concurrent.atomic.AtomicInteger@72fca1c6
      vHostCompatFlag = false
      platformHelper = class com.ibm.ws.webcontainer.PlatformHelper@6fdf2709
      isDefaultTempDir = true
      tempDir = null
      servletCachingInitNeeded = true
      appInstallBegun = true
      cacheServletWrapperFactory = class com.ibm.ws.webcontainer40.servlet.factory.CacheServletWrapperFactory40Impl@7c71b088
      commands = class java.util.ArrayList@76d9d126
      requestMapper = class com.ibm.ws.webcontainer.util.VirtualHostContextRootMapper@61bcbcaa
      parent = null
      name = "Was.webcontainer"
      isAlive = true
      subElements = class java.util.HashMap@77cd28fb
      attributes = null
      config = null
      serialVersionUID = -8271459000149267764
      $$$tc$$$ = class com.ibm.websphere.ras.TraceComponent@4940f917
    firstFailure = null
    serialVersionUID = -4563697739413190872
    $$$tc$$$ = class com.ibm.websphere.ras.TraceComponent@79fd2901
      strings[0] = "TraceComponent[com.ibm.ws.app.manager.module.internal.ModuleHandlerBase,class com.ibm.ws.app.manager.module.internal.ModuleHandlerBase,[applications, app.manager],,null]"
  webContainerModuleInfo = class com.ibm.ws.app.manager.module.internal.SimpleDeployedAppInfoBase$WebModuleContainerInfo@4b5ed6b7
    contextRoot = null
    defaultContextRoot = "testingPrimefaces"
    serialVersionUID = -8158961796913348204
    $$$tc$$$ = class com.ibm.websphere.ras.TraceComponent@1bf9fdc
      strings[0] = "TraceComponent[com.ibm.ws.app.manager.module.internal.SimpleDeployedAppInfoBase$WebModuleContainerInfo,class com.ibm.ws.app.manager.module.internal.SimpleDeployedAppInfoBase$WebModuleContainerInfo,[applications, app.manager],,null]"
    moduleHandler = class com.ibm.ws.app.manager.web.internal.WebModuleHandlerImpl@1ba1ae7c
    moduleMetaDataExtenders = class java.util.concurrent.CopyOnWriteArrayList@10292a0f
      serialVersionUID = 8673264195747942595
      lock = class java.util.concurrent.locks.ReentrantLock@3c9db8e3
      array = class java.lang.Object[3]
      UNSAFE = class sun.misc.Unsafe@5b8457ec
      lockOffset = 12
    nestedModuleMetaDataFactories = class java.util.concurrent.CopyOnWriteArrayList@1abd2581
      serialVersionUID = 8673264195747942595
      lock = class java.util.concurrent.locks.ReentrantLock@93194c8
      array = class java.lang.Object[1]
      UNSAFE = class sun.misc.Unsafe@5b8457ec
      lockOffset = 12
    nestedModules = null
    moduleName = "testingPrimefaces"
    moduleDD = class com.ibm.ws.javaee.ddmodel.web.common.WebAppType@26e6a3e2
      version = class com.ibm.ws.javaee.ddmodel.TokenType@2ef24451
      metadata_complete = null
      module_name = null
      absolute_ordering = null
      serialVersionUID = 4092807504738198665
      $$$tc$$$ = class com.ibm.websphere.ras.TraceComponent@3eba06c0
      description = null
      display_name = null
      icon = null
      distributable = null
      context_param = class com.ibm.ws.javaee.ddmodel.common.ParamValueType$ListType@2133534f
      filter = null
      filter_mapping = null
      listener = null
      servlet = class com.ibm.ws.javaee.ddmodel.web.common.ServletType$ListType@3e8f5ffb
      servlet_mapping = class com.ibm.ws.javaee.ddmodel.web.common.ServletMappingType$ListType@73ed9083
      session_config = class com.ibm.ws.javaee.ddmodel.web.common.SessionConfigType@67fc3847
      mime_mapping = class com.ibm.ws.javaee.ddmodel.web.common.MimeMappingType$ListType@5ceeb6dc
      welcome_file_list = class com.ibm.ws.javaee.ddmodel.web.common.WelcomeFileListType@18da5a3d
      error_page = class com.ibm.ws.javaee.ddmodel.web.common.ErrorPageType$ListType@7aca82d
      jsp_config = null
      security_constraint = null
      deny_uncovered_http_methods = null
      login_config = null
      security_role = null
      message_destination = null
      locale_encoding_mapping_list = null
      default_context_path = null
      request_encoding = null
      response_encoding = null
      servletNameToServletMap = null
      filterNameToFilterMap = null
      ejbRefNameToEJBLocalRefMap = null
      ejbRefNameToEJBRefMap = null
      resourceEnvRefNameToResourceEnvRefMap = null
      messageDestinationRefNameToMessageDestinationRefMap = null
      resRefNameToResourceRefMap = null
      envEntryNameToEnvEntryMap = null
      roleNameToSecurityRoleMap = null
      roleLinkToSecurityRoleRefMap = null
      handlerNameToHandlerMap = null
      path = "WEB-INF/web.xml"
      idMap = class com.ibm.ws.javaee.ddmodel.DDParser$ComponentIDMap@114869f
      serialVersionUID = 5321339975883512588
      $$$tc$$$ = class com.ibm.websphere.ras.TraceComponent@3967b861
      post_construct = null
      pre_destroy = null
      serialVersionUID = 1102064201943992836
      $$$tc$$$ = class com.ibm.websphere.ras.TraceComponent@bc1936e
      env_entry = null
      ejb_ref = null
      ejb_local_ref = null
      resource_ref = null
      resource_env_ref = null
      message_destination_ref = null
      persistence_context_ref = null
      persistence_unit_ref = null
      data_source = null
      jms_connection_factory = null
      jms_destination = null
      mail_session = null
      connection_factory = null
      administered_object = null
      serialVersionUID = 8931982405528922228
      $$$tc$$$ = class com.ibm.websphere.ras.TraceComponent@7edd5d31
      service_ref = null
      serialVersionUID = -6199862059825607270
      $$$tc$$$ = class com.ibm.websphere.ras.TraceComponent@17ac48ac
      nilled = false
      serialVersionUID = -2826386306561723362
      $$$tc$$$ = class com.ibm.websphere.ras.TraceComponent@5b95f9f7
    moduleInfo = class com.ibm.ws.app.manager.module.internal.WebModuleInfoImpl@4bd38d99
      contextRoot = "/testingPrimefaces"
      isDefaultContextRootUsed = true
      serialVersionUID = -1540279394520440503
      $$$tc$$$ = class com.ibm.websphere.ras.TraceComponent@1066fdba
      tc = class com.ibm.websphere.ras.TraceComponent@515b5c76
      appInfo = class com.ibm.ws.container.service.app.deploy.internal.ApplicationInfoImpl@4f4cc4d5
      moduleName = "testingPrimefaces"
      path = "testingPrimefaces.war"
      moduleContainer = class com.ibm.ws.adaptable.module.internal.AdaptableContainerImpl@4610a49d
      altDDEntry = null
      moduleClassesContainers = class java.util.ArrayList@18d92649
      classLoaderFactory = class com.ibm.ws.app.manager.war.internal.WARDeployedAppInfo@79dc562b
      containerInfoType = class com.ibm.ws.container.service.app.deploy.ContainerInfo$Type@198f09f3
      classLoader = class com.ibm.ws.classloading.internal.AppClassLoader@3432704a
      moduleMetaData = class com.ibm.ws.webcontainer.osgi.metadata.WebModuleMetaDataImpl@304c1c7b
      nestedModuleMetaDataTypes = null
      nestedModuleMetaDataValues = null
      serialVersionUID = 3986734351620206554
    serialVersionUID = 8693907776607441911
    $$$tc$$$ = class com.ibm.websphere.ras.TraceComponent@1bcb3369
      strings[0] = "TraceComponent[com.ibm.ws.app.manager.module.internal.SimpleDeployedAppInfoBase$ModuleContainerInfoBase,class com.ibm.ws.app.manager.module.internal.SimpleDeployedAppInfoBase$ModuleContainerInfoBase,[applications, app.manager],,null]"
    type = class com.ibm.ws.container.service.app.deploy.ContainerInfo$Type@198f09f3
      MANIFEST_CLASSPATH = class com.ibm.ws.container.service.app.deploy.ContainerInfo$Type@24476229
      WEB_INF_CLASSES = class com.ibm.ws.container.service.app.deploy.ContainerInfo$Type@3e4c9f7
      WEB_INF_LIB = class com.ibm.ws.container.service.app.deploy.ContainerInfo$Type@5475cd11
      EAR_LIB = class com.ibm.ws.container.service.app.deploy.ContainerInfo$Type@4127b5fb
      WEB_MODULE = class com.ibm.ws.container.service.app.deploy.ContainerInfo$Type@198f09f3
      EJB_MODULE = class com.ibm.ws.container.service.app.deploy.ContainerInfo$Type@5e6ed1dc
      CLIENT_MODULE = class com.ibm.ws.container.service.app.deploy.ContainerInfo$Type@7be01097
      RAR_MODULE = class com.ibm.ws.container.service.app.deploy.ContainerInfo$Type@10757bf
      JAR_MODULE = class com.ibm.ws.container.service.app.deploy.ContainerInfo$Type@7d73b209
      SHARED_LIB = class com.ibm.ws.container.service.app.deploy.ContainerInfo$Type@553b7c4a
      $VALUES = class com.ibm.ws.container.service.app.deploy.ContainerInfo$Type[10]
      $$$tc$$$ = class com.ibm.websphere.ras.TraceComponent@65db6405
      name = "WEB_MODULE"
      ordinal = 4
    name = "testingPrimefaces.war"
    container = class com.ibm.ws.adaptable.module.internal.AdaptableContainerImpl@4610a49d
      root = class com.ibm.ws.adaptable.module.internal.AdaptableContainerImpl@4610a49d
      rootOverlay = class com.ibm.ws.artifact.overlay.internal.DirectoryBasedOverlayContainerImpl@ecd041b
      factoryHolder = class com.ibm.ws.adaptable.module.internal.AdaptableModuleFactoryImpl@76eae26f
      delegate = class com.ibm.ws.artifact.overlay.internal.DirectoryBasedOverlayContainerImpl@ecd041b
      notifier = class com.ibm.ws.adaptable.module.internal.NotifierImpl@370a4f25
      serialVersionUID = -5621513278641113667
      $$$tc$$$ = class com.ibm.websphere.ras.TraceComponent@45f58fe9
    altDDEntry = null
    classesContainerInfo = class java.util.ArrayList@18d92649
      serialVersionUID = 8683452581122892189
      DEFAULT_CAPACITY = 10
      EMPTY_ELEMENTDATA = class java.lang.Object[0]
      DEFAULTCAPACITY_EMPTY_ELEMENTDATA = class java.lang.Object[0]
      elementData = class java.lang.Object[10]
      size = 6
      MAX_ARRAY_SIZE = 2147483639
      modCount = 7
      MAX_ARRAY_SIZE = 2147483639
    serialVersionUID = 7427332431485745589
    $$$tc$$$ = class com.ibm.websphere.ras.TraceComponent@58ba071c
      strings[0] = "TraceComponent[com.ibm.ws.app.manager.module.internal.SimpleDeployedAppInfoBase$ExtendedContainerInfo,class com.ibm.ws.app.manager.module.internal.SimpleDeployedAppInfoBase$ExtendedContainerInfo,[applications, app.manager],,null]"
  DYNAMIC_IMPORT_PACKAGE_LIST = class java.util.Collections$UnmodifiableRandomAccessList@1e87f4be
    serialVersionUID = -2542308836966382001
    serialVersionUID = -283967356065247728
    list = class java.util.Arrays$ArrayList@10038c6
      serialVersionUID = -2764017481108945198
      a = class java.lang.String[1]
      modCount = 0
      MAX_ARRAY_SIZE = 2147483639
    serialVersionUID = 1820017752578914078
    c = class java.util.Arrays$ArrayList@10038c6
  serialVersionUID = -6153587016903242961
  $$$tc$$$ = class com.ibm.websphere.ras.TraceComponent@253268d9
    strings[0] = "TraceComponent[com.ibm.ws.app.manager.war.internal.WARDeployedAppInfo,class com.ibm.ws.app.manager.war.internal.WARDeployedAppInfo,[webcontainer, applications, app.manager],com.ibm.ws.app.manager.war.internal.resources.Messages,null]"
  _tc = class com.ibm.websphere.ras.TraceComponent@5ba7bbe4
    strings[0] = "TraceComponent[com.ibm.ws.app.manager.module.internal.DeployedAppInfoBase,class com.ibm.ws.app.manager.module.internal.DeployedAppInfoBase,[app.manager],com.ibm.ws.app.manager.module.internal.resources.Messages,null]"
  PERMISSION_XML = "permissions.xml"
  applicationInformation = class com.ibm.ws.app.manager.internal.ApplicationInstallInfo@75bce5ed
    _config = class com.ibm.ws.app.manager.internal.ApplicationConfig@7e7a43ba
      tc = class com.ibm.websphere.ras.TraceComponent@5e5ad7b8
      _configPid = "com.ibm.ws.app.manager_33"
      _config = class com.ibm.ws.config.admin.ConfigurationDictionary@26e9f970
      _applicationManager = class com.ibm.ws.app.manager.ApplicationManager@4a916c2
      _location = "testingPrimefaces.war"
      _type = "war"
      _name = "testingPrimefaces"
      _notificationBroadcasterSupport = class javax.management.NotificationBroadcasterSupport@260d57c8
      ONE_TIME_JANDEX_MSGS_DISPLAYED = true
    _handlerInfo = class java.util.concurrent.atomic.AtomicReference@29fd9bcf
      serialVersionUID = -1848883965231344442
      unsafe = class sun.misc.Unsafe@5b8457ec
      valueOffset = 12
      value = class com.ibm.ws.app.manager.war.internal.WARDeployedAppInfo@79dc562b
    _container = class java.util.concurrent.atomic.AtomicReference@54dafe9c
      serialVersionUID = -1848883965231344442
      unsafe = class sun.misc.Unsafe@5b8457ec
      valueOffset = 12
      value = class com.ibm.ws.adaptable.module.internal.AdaptableContainerImpl@4610a49d
    _resolvedLocation = class java.util.concurrent.atomic.AtomicReference@7fa25d16
      serialVersionUID = -1848883965231344442
      unsafe = class sun.misc.Unsafe@5b8457ec
      valueOffset = 12
      value = class com.ibm.ws.kernel.service.location.internal.LocalFileResource@28bf1fc0
    _handler = class com.ibm.ws.app.manager.war.internal.WARApplicationHandlerImpl@53e9a6cb
      futureMonitor = class com.ibm.ws.threading.internal.FutureMonitorImpl@5b1d6b9f
      deployedAppFactory = class com.ibm.ws.app.manager.war.internal.WARDeployedAppInfoFactoryImpl@63c64ceb
      serialVersionUID = 4622845147410944782
      $$$tc$$$ = class com.ibm.websphere.ras.TraceComponent@56a87177
    _ami = class java.util.concurrent.atomic.AtomicReference@160f6c9a
      serialVersionUID = -1848883965231344442
      unsafe = class sun.misc.Unsafe@5b8457ec
      valueOffset = 12
      value = class com.ibm.wsspi.application.handler.DefaultApplicationMonitoringInformation@2d5273b7
    _updateHandler = class com.ibm.ws.app.manager.internal.statemachine.ApplicationStateMachineImpl@15224ed9
      _tc = class com.ibm.websphere.ras.TraceComponent@100d5e73
      EMPTY_FUTURE_ARRAY = interface java.util.concurrent.Future[0]
      asmSequenceNumber = class java.util.concurrent.atomic.AtomicLong@24e84da2
      _qscaCounter = class java.util.concurrent.atomic.AtomicInteger@6bf568b6
      _failedThrowable = null
      _interruptibleLock = class com.ibm.ws.app.manager.internal.statemachine.ApplicationStateMachineImpl$2@59f5e50e
      _interruptible = false
      _performingQueuedActions = true
      _queuedActions = class java.util.concurrent.ConcurrentLinkedQueue@2d505d6
      _callbackState = class java.util.concurrent.atomic.AtomicReference@6436dd73
      blockAppStartingFutures = class java.util.Collections$SetFromMap@24c6b99b
      waitingForAppHandlerFuture = class java.util.concurrent.atomic.AtomicReference@526df598
      waitingForExplicitStartFuture = class java.util.concurrent.atomic.AtomicReference@783cb1b6
      completionListener = class java.util.concurrent.atomic.AtomicReference@2a333687
      _notifyAppStopped = class java.util.concurrent.ConcurrentLinkedQueue@3b28583b
      _notifyAppStarting = class java.util.concurrent.ConcurrentLinkedQueue@6d4abf3
      _notifyAppInstallCalled = class java.util.concurrent.ConcurrentLinkedQueue@1b781b9e
      _notifyAppStarted = class java.util.concurrent.ConcurrentLinkedQueue@284c9178
      _notifyAppRemoved = class java.util.concurrent.ConcurrentLinkedQueue@51dcedca
      _stateLock = class com.ibm.ws.app.manager.internal.statemachine.ApplicationStateMachineImpl$3@72f44f31
      _internalState = class java.util.concurrent.atomic.AtomicReference@298b0e1a
      _currentAction = class java.util.concurrent.atomic.AtomicReference@65808d02
      _rfa = class java.util.concurrent.atomic.AtomicReference@53048ec5
      _appInstallInfo = class java.util.concurrent.atomic.AtomicReference@359ce53
      _update = class java.util.concurrent.atomic.AtomicBoolean@7253fbfc
      _appConfig = class java.util.concurrent.atomic.AtomicReference@13da8029
      _nextAppConfig = class java.util.concurrent.atomic.AtomicReference@64df5631
      _appContainer = class java.util.concurrent.atomic.AtomicReference@29b927af
      _resolvedLocation = class java.util.concurrent.atomic.AtomicReference@44d8b57f
      _handler = class java.util.concurrent.atomic.AtomicReference@3c4be05
      _asmSeqNo = 0
      _ctx = class org.eclipse.osgi.internal.framework.BundleContextImpl@37abd3da
      _locAdmin = class com.ibm.ws.kernel.service.location.internal.WsLocationAdminImpl@660ee2dd
      _futureMonitor = class com.ibm.ws.threading.internal.FutureMonitorImpl@5b1d6b9f
      _artifactFactory = class com.ibm.ws.artifact.internal.ArtifactContainerFactoryService@36e5b380
      _moduleFactory = class com.ibm.ws.adaptable.module.internal.AdaptableModuleFactoryImpl@76eae26f
      _executorService = class com.ibm.ws.threading.internal.ExecutorServiceImpl@2cef57b2
      _scheduledExecutorService = class com.ibm.ws.threading.internal.ScheduledExecutorImpl@70080d15
      _asmHelper = class com.ibm.ws.app.manager.internal.ApplicationConfigurator$NamedApplication@185753e5
      _appMonitor = class com.ibm.ws.app.manager.internal.monitor.ApplicationMonitor@1d340e92
      enterStateCalled = class java.util.concurrent.atomic.AtomicBoolean@7d50c6c4
      serialVersionUID = 6511956370079301927
      serialVersionUID = 5501066335104962649
      $$$tc$$$ = class com.ibm.websphere.ras.TraceComponent@4f742cb4
    serialVersionUID = 2630639237123415755
    $$$tc$$$ = class com.ibm.websphere.ras.TraceComponent@355f3597
      strings[0] = "TraceComponent[com.ibm.ws.app.manager.internal.ApplicationInstallInfo,class com.ibm.ws.app.manager.internal.ApplicationInstallInfo,[applications, app.manager],com.ibm.ws.app.manager.internal.resources.AppManagerMessages,null]"
  location = "D:\devel\tools\wlp\usr\servers\defaultServer\apps\testingPrimefaces.war.xml"
  classLoadingService = class com.ibm.ws.classloading.internal.ClassLoadingServiceImpl@486a7e83
    tc = class com.ibm.websphere.ras.TraceComponent@687d15aa
      strings[0] = "TraceComponent[com.ibm.ws.classloading.internal.ClassLoadingServiceImpl,class com.ibm.ws.classloading.internal.ClassLoadingServiceImpl,[ClassLoadingService],com.ibm.ws.classloading.internal.resources.ClassLoadingServiceMessages,null]"
    leakDetectionMap = class java.util.HashMap@36d403e4
      serialVersionUID = 362498820763181265
      DEFAULT_INITIAL_CAPACITY = 16
      MAXIMUM_CAPACITY = 1073741824
      DEFAULT_LOAD_FACTOR = 0.75
      TREEIFY_THRESHOLD = 8
      UNTREEIFY_THRESHOLD = 6
      MIN_TREEIFY_CAPACITY = 64
      table = null
      entrySet = null
      size = 0
      modCount = 0
      threshold = 0
      loadFactor = 0.75
      keySet = null
      values = null
    TCCL_LOCK_WAIT = 15000
    REFERENCE_GENERATORS = "generators"
    bundleContext = class org.eclipse.osgi.internal.framework.BundleContextImpl@44fad8ab
      findHookName = "org.osgi.framework.hooks.bundle.FindHook"
      valid = true
      bundle = class org.eclipse.osgi.internal.framework.EquinoxBundle@2daad501
      container = class org.eclipse.osgi.internal.framework.EquinoxContainer@c92df13
      debug = class org.eclipse.osgi.internal.debug.Debug@1ea1f680
      servicesInUse = class java.util.HashMap@4116bed9
      activator = null
      contextLock = class java.lang.Object@4038238d
    aclStore = class com.ibm.ws.classloading.internal.util.CanonicalStore@45b6a992
      map = class java.util.concurrent.ConcurrentHashMap@671f8f95
      q = class com.ibm.ws.classloading.internal.util.RefQueue@7f49defa
      serialVersionUID = 6715157558227169968
      $$$tc$$$ = class com.ibm.websphere.ras.TraceComponent@7b475bad
    tcclStore = class com.ibm.ws.classloading.internal.util.CanonicalStore@56dceb75
      map = class java.util.concurrent.ConcurrentHashMap@4e86fb36
      q = class com.ibm.ws.classloading.internal.util.RefQueue@53e6b215
      serialVersionUID = 6715157558227169968
      $$$tc$$$ = class com.ibm.websphere.ras.TraceComponent@7b475bad
    tcclStoreLock = class java.util.concurrent.locks.ReentrantLock@18cca2e4
      serialVersionUID = 7373984872572414699
      sync = class java.util.concurrent.locks.ReentrantLock$NonfairSync@f18727b
    digraph = class org.eclipse.equinox.internal.region.StandardRegionDigraph@e11593a
      EMPTY_EDGE_SET = class java.util.Collections$UnmodifiableSet@18830589
      monitor = class java.lang.Object@57e1f4e6
      regions = class java.util.HashMap@14d1aca1
      bundleIdToRegionMapping = class org.eclipse.equinox.internal.region.StandardBundleIdToRegionMapping@251b564d
      edges = class java.util.HashMap@2534a02a
      bundleContext = class org.eclipse.osgi.internal.framework.BundleContextImpl@25bbf683
      threadLocal = class java.lang.ThreadLocal@7d2a26ae
      subgraphTraverser = class org.eclipse.equinox.internal.region.SubgraphTraverser@6487390e
      bundleCollisionHook = class org.eclipse.equinox.internal.region.hook.RegionBundleCollisionHook@1b51a2ed
      bundleEventHook = class org.eclipse.equinox.internal.region.hook.RegionBundleEventHook@1be4645d
      bundleFindHook = class org.eclipse.equinox.internal.region.hook.RegionBundleFindHook@37d73ed9
      serviceEventHook = class org.eclipse.equinox.internal.region.hook.RegionServiceEventHook@6ac52e64
      serviceFindHook = class org.eclipse.equinox.internal.region.hook.RegionServiceFindHook@7c15bf1b
      resolverHookFactory = class org.eclipse.equinox.internal.region.hook.RegionResolverHookFactory@446bfa48
      origin = null
      originUpdateCount = -1
      updateCount = class java.util.concurrent.atomic.AtomicLong@4a4435ea
      defaultRegion = null
    redefiner = class com.ibm.ws.classloading.internal.util.ClassRedefiner@3c6afcf
      tc = class com.ibm.websphere.ras.TraceComponent@3c94feef
      LS = "
"
      inst = class com.ibm.ws.kernel.launch.internal.TraceInstrumentation@49ad4c23
      serialVersionUID = 2420101865139508526
    listener = class com.ibm.ws.classloading.internal.ClassLoadingServiceImpl$1@7e1b8b53
      this$0 = class com.ibm.ws.classloading.internal.ClassLoadingServiceImpl@486a7e83
      serialVersionUID = -9159707349812113172
      $$$tc$$$ = class com.ibm.websphere.ras.TraceComponent@7998320b
    classloaders = class java.util.Collections$SynchronizedMap@4fad40a6
      serialVersionUID = 1978198479659022715
      m = class java.util.HashMap@74620506
      mutex = class java.util.Collections$SynchronizedMap@4fad40a6
      keySet = null
      entrySet = null
      values = null
    resourceProviders = class com.ibm.ws.classloading.internal.CompositeResourceProvider@328b1035
      lockFactory = class java.util.concurrent.locks.ReentrantReadWriteLock@4691f737
      providerMap = class com.ibm.ws.classloading.internal.util.MultiMap@1c0fe194
      serialVersionUID = -5576435894946156347
      $$$tc$$$ = class com.ibm.websphere.ras.TraceComponent@5dd997d6
    rememberedBundles = class java.util.concurrent.ConcurrentHashMap@365757d7
      serialVersionUID = 7249069246763182397
      MAXIMUM_CAPACITY = 1073741824
      DEFAULT_CAPACITY = 16
      MAX_ARRAY_SIZE = 2147483639
      DEFAULT_CONCURRENCY_LEVEL = 16
      LOAD_FACTOR = 0.75
      TREEIFY_THRESHOLD = 8
      UNTREEIFY_THRESHOLD = 6
      MIN_TREEIFY_CAPACITY = 64
      MIN_TRANSFER_STRIDE = 16
      RESIZE_STAMP_BITS = 16
      MAX_RESIZERS = 65535
      RESIZE_STAMP_SHIFT = 16
      MOVED = -1
      TREEBIN = -2
      RESERVED = -3
      HASH_BITS = 2147483647
      NCPU = 4
      serialPersistentFields = class java.io.ObjectStreamField[3]
      table = class java.util.concurrent.ConcurrentHashMap$Node[16]
      nextTable = null
      baseCount = 4
      sizeCtl = 12
      transferIndex = 0
      cellsBusy = 0
      counterCells = null
      keySet = null
      values = null
      entrySet = null
      U = class sun.misc.Unsafe@5b8457ec
      SIZECTL = 20
      TRANSFERINDEX = 32
      BASECOUNT = 24
      CELLSBUSY = 36
      CELLVALUE = 144
      ABASE = 16
      ASHIFT = 2
      keySet = null
      values = null
    collectedBundles = class java.lang.ref.ReferenceQueue@14b4135d
      NULL = class java.lang.ref.ReferenceQueue$Null@661e14f0
      ENQUEUED = class java.lang.ref.ReferenceQueue$Null@8eaacf5
      lock = class java.lang.ref.ReferenceQueue$Lock@74a3ed3
      head = null
      queueLength = 0
      $assertionsDisabled = true
    generatorRefs = class com.ibm.wsspi.kernel.service.utils.ConcurrentServiceReferenceSet@2cda44e0
      referenceName = "generators"
      contextRef = class java.util.concurrent.atomic.AtomicReference@f6af1ad
      elementMap = class java.util.LinkedHashMap@38e53dea
      elementSet = class java.util.concurrent.ConcurrentSkipListSet@19eab53
      elementSetUnsorted = false
      serialVersionUID = 756240983881166148
      $$$tc$$$ = class com.ibm.websphere.ras.TraceComponent@75dbc7f4
    generatorManager = class com.ibm.ws.classloading.internal.ClassGeneratorManager@21a1886a
      tc = class com.ibm.websphere.ras.TraceComponent@190ff524
      generatorRefs = class com.ibm.wsspi.kernel.service.utils.ConcurrentServiceReferenceSet@2cda44e0
      serialVersionUID = 4152663586056483310
    appExtLibs = class java.util.concurrent.CopyOnWriteArrayList@3139c91d
      serialVersionUID = 8673264195747942595
      lock = class java.util.concurrent.locks.ReentrantLock@40348384
      array = class java.lang.Object[0]
      UNSAFE = class sun.misc.Unsafe@5b8457ec
      lockOffset = 12
    globalConfig = class com.ibm.ws.classloading.configuration.GlobalClassloadingConfiguration@5bd97db7
      properties = class org.apache.felix.scr.impl.helper.ReadOnlyDictionary@583a357c
      serialVersionUID = 452562347104713756
      $$$tc$$$ = class com.ibm.websphere.ras.TraceComponent@715d4337
    metaInfServicesProviders = class java.util.concurrent.ConcurrentHashMap@573c60f4
      serialVersionUID = 7249069246763182397
      MAXIMUM_CAPACITY = 1073741824
      DEFAULT_CAPACITY = 16
      MAX_ARRAY_SIZE = 2147483639
      DEFAULT_CONCURRENCY_LEVEL = 16
      LOAD_FACTOR = 0.75
      TREEIFY_THRESHOLD = 8
      UNTREEIFY_THRESHOLD = 6
      MIN_TREEIFY_CAPACITY = 64
      MIN_TRANSFER_STRIDE = 16
      RESIZE_STAMP_BITS = 16
      MAX_RESIZERS = 65535
      RESIZE_STAMP_SHIFT = 16
      MOVED = -1
      TREEBIN = -2
      RESERVED = -3
      HASH_BITS = 2147483647
      NCPU = 4
      serialPersistentFields = class java.io.ObjectStreamField[3]
      table = null
      nextTable = null
      baseCount = 0
      sizeCtl = 0
      transferIndex = 0
      cellsBusy = 0
      counterCells = null
      keySet = null
      values = null
      entrySet = null
      U = class sun.misc.Unsafe@5b8457ec
      SIZECTL = 20
      TRANSFERINDEX = 32
      BASECOUNT = 24
      CELLSBUSY = 36
      CELLVALUE = 144
      ABASE = 16
      ASHIFT = 2
      keySet = null
      values = null
    metaInfServicesRefs = class com.ibm.wsspi.kernel.service.utils.ConcurrentServiceReferenceMap@63a6afb5
      referenceName = "MetaInfServicesProvider"
      context = class org.apache.felix.scr.impl.manager.ComponentContextImpl@118a5cb5
      elementMap = class java.util.concurrent.ConcurrentHashMap@6a41c6f4
      serialVersionUID = 6980924785166233786
      $$$tc$$$ = class com.ibm.websphere.ras.TraceComponent@4c7f0cd0
    protectionDomainMap = class java.util.HashMap@1c28f3fd
      serialVersionUID = 362498820763181265
      DEFAULT_INITIAL_CAPACITY = 16
      MAXIMUM_CAPACITY = 1073741824
      DEFAULT_LOAD_FACTOR = 0.75
      TREEIFY_THRESHOLD = 8
      UNTREEIFY_THRESHOLD = 6
      MIN_TREEIFY_CAPACITY = 64
      table = null
      entrySet = null
      size = 0
      modCount = 0
      threshold = 0
      loadFactor = 0.75
      keySet = null
      values = null
    metadataIdentifierService = class com.ibm.ws.container.service.metadata.internal.MetaDataServiceImpl@548a87cb
    globalSharedLibrary = class java.util.concurrent.atomic.AtomicReference@c0c110a
      serialVersionUID = -1848883965231344442
      unsafe = class sun.misc.Unsafe@5b8457ec
      valueOffset = 12
      value = null
    serialVersionUID = -2277344858934055980
  globalSharedLibrary = class com.ibm.ws.library.internal.SharedLibraryImpl@69694134
    tc = class com.ibm.websphere.ras.TraceComponent@6eedda01
      strings[0] = "TraceComponent[com.ibm.ws.library.internal.SharedLibraryImpl,class com.ibm.ws.library.internal.SharedLibraryImpl,[SharedLibrary],com.ibm.ws.classloading.internal.resources.ClassLoadingServiceMessages,null]"
    EMPTY_LIBRARY_LISTENERS = interface com.ibm.wsspi.library.LibraryChangeListener[0]
    deleted = false
    libraryListenersTracker = class org.osgi.util.tracker.ServiceTracker@1bb66138
      DEBUG = false
      context = class org.eclipse.osgi.internal.framework.BundleContextImpl@44fad8ab
      filter = class org.eclipse.osgi.internal.framework.FilterImpl@1cd81d67
      customizer = class org.osgi.util.tracker.ServiceTracker@1bb66138
      listenerFilter = "(&(objectClass=com.ibm.wsspi.library.LibraryChangeListener)(|(library=global)(libraryRef=*com.ibm.ws.classloading.sharedlibrary_54*)))"
      trackClass = null
      trackReference = null
      tracked = class org.osgi.util.tracker.ServiceTracker$Tracked@7bfee88a
      cachedReference = null
      cachedService = null
    libraryReg = class org.eclipse.osgi.internal.serviceregistry.ServiceRegistrationImpl@32df80ac
      registry = class org.eclipse.osgi.internal.serviceregistry.ServiceRegistry@2a15034b
      context = class org.eclipse.osgi.internal.framework.BundleContextImpl@44fad8ab
      bundle = class org.eclipse.osgi.internal.framework.EquinoxBundle@2daad501
      clazzes = class java.lang.String[1]
      service = class com.ibm.ws.library.internal.SharedLibraryImpl@69694134
      reference = class org.eclipse.osgi.internal.serviceregistry.ServiceReferenceImpl@75347bdf
      contextsUsing = class java.util.ArrayList@2cf16fa9
      properties = class java.util.Collections$UnmodifiableMap@25e93e9e
      serviceid = 305
      serviceranking = 0
      registrationLock = class java.lang.Object@6d81127
      state = 0
      REGISTERED = 0
      UNREGISTERING = 1
      UNREGISTERED = 2
      FRAMEWORK_SET_SERVICE_PROPERTIES_COUNT = 4
      $assertionsDisabled = true
    ctx = class org.eclipse.osgi.internal.framework.BundleContextImpl@44fad8ab
    classLoadingService = class com.ibm.ws.classloading.internal.ClassLoadingServiceImpl@486a7e83
    configAdmin = class com.ibm.ws.config.admin.internal.ConfigurationAdminImpl@9d2465
      tc = class com.ibm.websphere.ras.TraceComponent@6781d6c8
      bundle = class org.eclipse.osgi.internal.framework.EquinoxBundle@2daad501
      caFactory = class com.ibm.ws.config.admin.internal.ConfigAdminServiceFactory@75a6b141
      serialVersionUID = -2875522750804142523
    resolvedBasePath = "D:/devel/tools/wlp/usr/servers/defaultServer/"
    generationLock = class com.ibm.ws.library.internal.SharedLibraryImpl$1@2e54301
      this$0 = class com.ibm.ws.library.internal.SharedLibraryImpl@69694134
      serialVersionUID = 2483639803450672373
      $$$tc$$$ = class com.ibm.websphere.ras.TraceComponent@4c096779
    currentGeneration = class com.ibm.ws.library.internal.LibraryGeneration@272acf0e
      tc = class com.ibm.websphere.ras.TraceComponent@7c9e2402
      nextInt = class java.util.concurrent.atomic.AtomicInteger@63c6d686
      libraryId = "global"
      genId = 0
      libraryProps = class java.util.Hashtable@15c8a9
      filesetRefs = class java.util.Collections$UnmodifiableRandomAccessList@44e8afbd
      apiTypeVisibility = class java.util.RegularEnumSet@744ba572
      files = class java.util.Collections$EmptyList@291525b1
      folders = class java.util.ArrayList@216c2f9b
      fileAndFolderContainers = class java.util.Collections$EmptyList@291525b1
      filesets = class java.util.concurrent.ArrayBlockingQueue@f12eb9f
      filesetListenerRegs = class java.util.concurrent.ConcurrentLinkedQueue@e062887
      cancelled = false
      library = class com.ibm.ws.library.internal.SharedLibraryImpl@69694134
      serialVersionUID = 6965220007121905717
    nextGeneration = class com.ibm.ws.library.internal.LibraryGeneration@272acf0e
    artifactContainerFactory = class com.ibm.ws.library.internal.SharedLibraryFactory$1@fbdd572
      this$0 = class com.ibm.ws.library.internal.SharedLibraryFactory@6a71a9d8
      serialVersionUID = 7730244564205089330
      $$$tc$$$ = class com.ibm.websphere.ras.TraceComponent@5b5dc41f
    packageExporter = class com.ibm.ws.library.internal.LibraryPackageExporter@666a66ec
      EXPORTER_POSTFIX = "_library_exporter"
      REGION_EXPORT_TO_LIBERTY = "liberty.library.export.to.liberty"
      REGION_EXPORT_TO_OSGI_APPS = "liberty.library.export.to.osgi.app"
      REGION_KERNEL = "org.eclipse.equinox.region.kernel"
      counter = class java.util.concurrent.atomic.AtomicLong@4c24a627
      context = class org.eclipse.osgi.internal.framework.BundleContextImpl@44fad8ab
      digraph = class org.eclipse.equinox.internal.region.StandardRegionDigraph@e11593a
      bundleToLibrary = class java.util.concurrent.ConcurrentHashMap@3e3b3f41
      libraryToVisibility = class java.util.concurrent.ConcurrentHashMap@397ddd2f
      serialVersionUID = 8074378969667956573
      $$$tc$$$ = class com.ibm.websphere.ras.TraceComponent@62605923
    serialVersionUID = 6288237618632180389
  sharedLibDeploymentInfo = class com.ibm.ws.app.manager.module.internal.DeployedAppInfoBase$SharedLibDeploymentInfo@499c7ccc
    bundleContext = class org.eclipse.osgi.internal.framework.BundleContextImpl@486d31e
      findHookName = "org.osgi.framework.hooks.bundle.FindHook"
      valid = true
      bundle = class org.eclipse.osgi.internal.framework.EquinoxBundle@228f0e11
      container = class org.eclipse.osgi.internal.framework.EquinoxContainer@c92df13
      debug = class org.eclipse.osgi.internal.debug.Debug@1ea1f680
      servicesInUse = class java.util.HashMap@4076f36
      activator = null
      contextLock = class java.lang.Object@1622b949
    locAdmin = class com.ibm.ws.kernel.service.location.internal.WsLocationAdminImpl@660ee2dd
      tc = class com.ibm.websphere.ras.TraceComponent@d7c39e9
      LOC_INTERNAL_LIB_DIR = "wlp.lib.dir"
      LOC_AREA_NAME_APPS = "shared/apps/"
      LOC_AREA_NAME_CONFIG = "shared/config/"
      LOC_AREA_NAME_RESC = "shared/resources/"
      LOC_AREA_NAME_STATE = "logs/state/"
      LOC_AREA_NAME_SERVERS = "servers/"
      LOC_AREA_NAME_CLIENTS = "clients/"
      LOC_AREA_NAME_WORKING = "workarea/"
      LOC_AREA_NAME_EXTENSION = "extension/"
      instance = class com.ibm.ws.staticvalue.StaticValue$FinalSingleton@15c8cabb
      installRoot = class com.ibm.ws.kernel.service.location.internal.SymbolicRootResource@57dcf2b7
      installParentRoot = class com.ibm.ws.kernel.service.location.internal.SymbolicRootResource@56d856f0
      userRoot = class com.ibm.ws.kernel.service.location.internal.SymbolicRootResource@7b5c1b1f
      usrExtensionRoot = class com.ibm.ws.kernel.service.location.internal.SymbolicRootResource@28929bdd
      serverConfigDir = class com.ibm.ws.kernel.service.location.internal.SymbolicRootResource@18eb9d32
      serverOutputDir = class com.ibm.ws.kernel.service.location.internal.SymbolicRootResource@18eb9d32
      bootstrapLib = class com.ibm.ws.kernel.service.location.internal.LocalFileResource@c102709
      serverWorkarea = class com.ibm.ws.kernel.service.location.internal.LocalFileResource@170f5177
      serverState = class com.ibm.ws.kernel.service.location.internal.LocalFileResource@2bff6c38
      sharedAppsRoot = class com.ibm.ws.kernel.service.location.internal.SymbolicRootResource@6fb97678
      sharedConfigRoot = class com.ibm.ws.kernel.service.location.internal.SymbolicRootResource@629c2ce9
      sharedResourceRoot = class com.ibm.ws.kernel.service.location.internal.SymbolicRootResource@f755d24
      tmpRoot = class com.ibm.ws.kernel.service.location.internal.SymbolicRootResource@5fbb7e5e
      serverName = "defaultServer"
      resourcePaths = class java.util.ArrayList@7b95d967
      resourceGroups = class java.util.HashMap@786d5998
      commonRoot = class com.ibm.ws.kernel.service.location.internal.VirtualRootResource@5dd4a7cc
      serialVersionUID = 7766352982799267432
    artifactFactory = class com.ibm.ws.artifact.internal.ArtifactContainerFactoryService@36e5b380
      CATEGORY_PROP_NAME = "category"
      ENTRY_KEY = "com.ibm.wsspi.artifact.ArtifactEntry"
      helperMap = class com.ibm.wsspi.kernel.service.utils.ConcurrentServiceReferenceSetMap@1335d9de
      contributorMap = class com.ibm.wsspi.kernel.service.utils.ConcurrentServiceReferenceSetMap@2cddd338
      helperCategoryMap = class com.ibm.wsspi.kernel.service.utils.ConcurrentServiceReferenceSetMap@58ee51cd
      contributorCategoryMap = class com.ibm.wsspi.kernel.service.utils.ConcurrentServiceReferenceSetMap@23e7816b
      categories = class java.util.Collections$SynchronizedSet@1ea157e0
      baseProperties = class org.apache.felix.scr.impl.helper.ReadOnlyDictionary@5ca7131f
      serialVersionUID = -3101641399269402013
      $$$tc$$$ = class com.ibm.websphere.ras.TraceComponent@5217cd92
    moduleFactory = class com.ibm.ws.adaptable.module.internal.AdaptableModuleFactoryImpl@76eae26f
      adapterFactoryService = class com.ibm.ws.adaptable.module.internal.AdapterFactoryServiceImpl@50ee885a
      containerFactory = class com.ibm.ws.artifact.internal.ArtifactContainerFactoryService@36e5b380
      overlayContainerFactory = class com.ibm.ws.artifact.overlay.internal.OverlayContainerFactoryImpl@173dc6a9
      serialVersionUID = 4200251809856292987
      $$$tc$$$ = class com.ibm.websphere.ras.TraceComponent@1f406d8d
    classesContainerInfo = class java.util.ArrayList@1d8c0ad6
      serialVersionUID = 8683452581122892189
      DEFAULT_CAPACITY = 10
      EMPTY_ELEMENTDATA = class java.lang.Object[0]
      DEFAULTCAPACITY_EMPTY_ELEMENTDATA = class java.lang.Object[0]
      elementData = class java.lang.Object[0]
      size = 0
      MAX_ARRAY_SIZE = 2147483639
      modCount = 0
      MAX_ARRAY_SIZE = 2147483639
    serialVersionUID = -9033256786848720484
    $$$tc$$$ = class com.ibm.websphere.ras.TraceComponent@21df81d2
      strings[0] = "TraceComponent[com.ibm.ws.app.manager.module.internal.DeployedAppInfoBase$SharedLibDeploymentInfo,class com.ibm.ws.app.manager.module.internal.DeployedAppInfoBase$SharedLibDeploymentInfo,[applications, app.manager],,null]"
  futureMonitor = class com.ibm.ws.threading.internal.FutureMonitorImpl@5b1d6b9f
    _monitor = class java.util.concurrent.ConcurrentLinkedQueue@7bf15a93
      serialVersionUID = 196745693267521676
      head = class java.util.concurrent.ConcurrentLinkedQueue$Node@3476d792
      tail = class java.util.concurrent.ConcurrentLinkedQueue$Node@3476d792
      UNSAFE = class sun.misc.Unsafe@5b8457ec
      headOffset = 12
      tailOffset = 16
      MAX_ARRAY_SIZE = 2147483639
    _executor = class com.ibm.ws.threading.internal.ScheduledExecutorImpl@70080d15
      threadGroupName = "Scheduled Executor Thread Group"
      executor = class com.ibm.ws.threading.internal.ExecutorServiceImpl@2cef57b2
      serialVersionUID = -9110693807503469597
      $$$tc$$$ = class com.ibm.websphere.ras.TraceComponent@31b4a90
      continueExistingPeriodicTasksAfterShutdown = false
      executeExistingDelayedTasksAfterShutdown = true
      removeOnCancel = false
      sequencer = class java.util.concurrent.atomic.AtomicLong@3a9c2fe2
      ctl = class java.util.concurrent.atomic.AtomicInteger@3b208b25
      COUNT_BITS = 29
      CAPACITY = 536870911
      RUNNING = -536870912
      SHUTDOWN = 0
      STOP = 536870912
      TIDYING = 1073741824
      TERMINATED = 1610612736
      workQueue = class java.util.concurrent.ScheduledThreadPoolExecutor$DelayedWorkQueue@27b98cb4
      mainLock = class java.util.concurrent.locks.ReentrantLock@713d1d36
      workers = class java.util.HashSet@2a85dfcc
      termination = class java.util.concurrent.locks.AbstractQueuedSynchronizer$ConditionObject@15c3101a
      largestPoolSize = 1
      completedTaskCount = 0
      threadFactory = class com.ibm.ws.threading.internal.ThreadFactoryImpl@7ef4f23a
      handler = class java.util.concurrent.ThreadPoolExecutor$AbortPolicy@52030aa9
      keepAliveTime = 0
      allowCoreThreadTimeOut = false
      corePoolSize = 1
      maximumPoolSize = 2147483647
      defaultHandler = class java.util.concurrent.ThreadPoolExecutor$AbortPolicy@52030aa9
      shutdownPerm = class java.lang.RuntimePermission@68727848
      acc = null
      ONLY_ONE = true
      $assertionsDisabled = true
    _threadRunning = class java.util.concurrent.atomic.AtomicBoolean@4845ec08
      serialVersionUID = 4654671469794556979
      unsafe = class sun.misc.Unsafe@5b8457ec
      valueOffset = 12
      value = 0
    _thread = class com.ibm.ws.threading.internal.FutureMonitorImpl$1@8a970f8
      this$0 = class com.ibm.ws.threading.internal.FutureMonitorImpl@5b1d6b9f
      serialVersionUID = 2422512430832938099
      $$$tc$$$ = class com.ibm.websphere.ras.TraceComponent@6838ae68
    serialVersionUID = 2765238413969174390
    $$$tc$$$ = class com.ibm.websphere.ras.TraceComponent@bb67ded
      strings[0] = "TraceComponent[com.ibm.ws.threading.internal.FutureMonitorImpl,class com.ibm.ws.threading.internal.FutureMonitorImpl,[Threading],com.ibm.ws.threading.internal.resources.ThreadingMessages,null]"
  configAdmin = class com.ibm.ws.config.admin.internal.ConfigurationAdminImpl@40189819
    tc = class com.ibm.websphere.ras.TraceComponent@6781d6c8
      strings[0] = "TraceComponent[com.ibm.ws.config.admin.internal.ConfigurationAdminImpl,class com.ibm.ws.config.admin.internal.ConfigurationAdminImpl,[config],com.ibm.ws.config.internal.resources.ConfigMessages,null]"
    bundle = class org.eclipse.osgi.internal.framework.EquinoxBundle@228f0e11
      equinoxContainer = class org.eclipse.osgi.internal.framework.EquinoxContainer@c92df13
      module = class org.eclipse.osgi.internal.framework.EquinoxBundle$EquinoxModule@29b8023b
      monitor = class java.lang.Object@35a5cdb0
      context = class org.eclipse.osgi.internal.framework.BundleContextImpl@486d31e
      signerInfos = null
      $SWITCH_TABLE$org$eclipse$osgi$container$Module$State = {1,2,3,4,5,6,7} /* array length = 7 */
    caFactory = class com.ibm.ws.config.admin.internal.ConfigAdminServiceFactory@75a6b141
      tc = class com.ibm.websphere.ras.TraceComponent@1c69c896
      configurationPermission = class org.osgi.service.cm.ConfigurationPermission@ffd4e5
      INDEX_DICTIONARY = 0
      INDEX_LOCATION = 1
      INDEX_METATYPE_PROCESSED = 2
      INDEX_IN_OVERRIDES_FILE = 3
      INDEX_REFERENCES = 4
      INDEX_UNIQUES = 5
      bundleContext = class org.eclipse.osgi.internal.framework.BundleContextImpl@55f6213f
      msTracker = class com.ibm.ws.config.admin.internal.ManagedServiceTracker@5a723ef5
      msfTracker = class com.ibm.ws.config.admin.internal.ManagedServiceFactoryTracker@5af5cd08
      pluginManager = class com.ibm.ws.config.admin.internal.PluginManager@4786a247
      configurationStore = class com.ibm.ws.config.admin.internal.ConfigurationStore@39201eae
      updateQueue = class com.ibm.ws.config.admin.internal.UpdateQueue@72ee0ae9
      ced = class com.ibm.ws.config.admin.internal.ConfigEventDispatcher@6871431
      idMap = class java.util.Collections$SynchronizedMap@74e10a3c
      referenceMap = class java.util.Collections$SynchronizedMap@4d0dbf60
      variableRegistryTracker = class org.osgi.util.tracker.ServiceTracker@4fb64d6a
      variableRegistry = class com.ibm.ws.kernel.service.location.internal.VariableRegistryHelper@712efe31
      configurationAdminRef = class org.eclipse.osgi.internal.serviceregistry.ServiceRegistrationImpl@71df2cf1
      serialVersionUID = 6695202270027014725
    serialVersionUID = -2875522750804142523
  libraryConfigHelper = class com.ibm.ws.classloading.ClassLoaderConfigHelper@63db01cf
    tc = class com.ibm.websphere.ras.TraceComponent@650bb1f0
      strings[0] = "TraceComponent[com.ibm.ws.classloading.ClassLoaderConfigHelper,class com.ibm.ws.classloading.ClassLoaderConfigHelper,[ClassLoadingService],com.ibm.ws.classloading.internal.resources.ClassLoadingServiceMessages,null]"
    DEFAULT_API_TYPES = class java.util.RegularEnumSet@77d084c8
      serialVersionUID = 3411599620347842686
      elements = 23
      elementType = class java.lang.Class@33836bda
      universe = class com.ibm.wsspi.classloading.ApiType[5]
      ZERO_LENGTH_ENUM_ARRAY = class java.lang.Enum[0]
      MAX_ARRAY_SIZE = 2147483639
    sharedLibraries = class java.util.Collections$EmptyList@291525b1
      serialVersionUID = 8842843931221139166
      modCount = 0
      MAX_ARRAY_SIZE = 2147483639
    commonLibraries = class java.util.Collections$EmptyList@291525b1
    classProviders = class java.util.Collections$EmptyList@291525b1
    sharedLibrariesPids = null
    commonLibrariesPids = null
    isDelegateLast = false
    apiTypes = class java.util.RegularEnumSet@77d084c8
    classLoaderConfigProps = null
    serialVersionUID = 7643888529935916418
  isDelegateLast = false
  permissionManager = class com.ibm.ws.classloading.java2sec.PermissionManager@490b6b64
    tc = class com.ibm.websphere.ras.TraceComponent@37c78c70
      strings[0] = "TraceComponent[com.ibm.ws.classloading.java2sec.PermissionManager,class com.ibm.ws.classloading.java2sec.PermissionManager,[Java2SecurityUtil],com.ibm.ws.classloading.internal.resources.Java2SecurityUtilMessages,null]"
    classLoadingService = class com.ibm.ws.classloading.internal.ClassLoadingServiceImpl@486a7e83
    DEFAULT_SERVER_RESTRICTABLE_PERMISSIONS = class java.security.Permission[4]
      Permission[0] = class java.lang.RuntimePermission@5b7260f3
      Permission[1] = class java.lang.RuntimePermission@bb4fe1a
      Permission[2] = class java.security.SecurityPermission@6fa9a976
      Permission[3] = class javax.security.auth.AuthPermission@42bc0758
    DEFAULT_CLIENT_RESTRICTABLE_PERMISSIONS = class java.security.Permission[3]
      Permission[0] = class java.lang.RuntimePermission@1bbe148b
      Permission[1] = class java.security.SecurityPermission@5da97ff2
      Permission[2] = class javax.security.auth.AuthPermission@2e7b2d8f
    isServer = true
    wsjarUrlStreamHandlerAvailable = true
    restrictablePermissions = class java.util.ArrayList@35e2813a
      serialVersionUID = 8683452581122892189
      DEFAULT_CAPACITY = 10
      EMPTY_ELEMENTDATA = class java.lang.Object[0]
      DEFAULTCAPACITY_EMPTY_ELEMENTDATA = class java.lang.Object[0]
      elementData = class java.lang.Object[10]
      size = 4
      MAX_ARRAY_SIZE = 2147483639
      modCount = 4
      MAX_ARRAY_SIZE = 2147483639
    grantedPermissions = class java.util.ArrayList@598a42cd
      serialVersionUID = 8683452581122892189
      DEFAULT_CAPACITY = 10
      EMPTY_ELEMENTDATA = class java.lang.Object[0]
      DEFAULTCAPACITY_EMPTY_ELEMENTDATA = class java.lang.Object[0]
      elementData = class java.lang.Object[10]
      size = 1
      MAX_ARRAY_SIZE = 2147483639
      modCount = 1
      MAX_ARRAY_SIZE = 2147483639
    KEY_PERMISSION = "permission"
    INCORRECT_PERMISSION_CONFIGURATION = "INCORRECT_PERMISSION_CONFIGURATION"
    PERMISSION_CLASSNOTFOUND = "PERMISSION_CLASSNOTFOUND"
    SERVER_XML = "server.xml"
    CLIENT_XML = "client.xml"
    originationFile = "server.xml"
    permissions = class com.ibm.wsspi.kernel.service.utils.ConcurrentServiceReferenceSet@7ef38440
      referenceName = "permission"
      contextRef = class java.util.concurrent.atomic.AtomicReference@6a5f27e8
      elementMap = class java.util.LinkedHashMap@701ae375
      elementSet = class java.util.concurrent.ConcurrentSkipListSet@55b2140d
      elementSetUnsorted = false
      serialVersionUID = 756240983881166148
      $$$tc$$$ = class com.ibm.websphere.ras.TraceComponent@75dbc7f4
    codeBasePermissionMap = class java.util.HashMap@6162ddcb
      serialVersionUID = 362498820763181265
      DEFAULT_INITIAL_CAPACITY = 16
      MAXIMUM_CAPACITY = 1073741824
      DEFAULT_LOAD_FACTOR = 0.75
      TREEIFY_THRESHOLD = 8
      UNTREEIFY_THRESHOLD = 6
      MIN_TREEIFY_CAPACITY = 64
      table = null
      entrySet = null
      size = 0
      modCount = 0
      threshold = 0
      loadFactor = 0.75
      keySet = class java.util.HashMap$KeySet@18fca18a
      values = null
    permissionXMLPermissionMap = class java.util.HashMap@40a87b8c
      serialVersionUID = 362498820763181265
      DEFAULT_INITIAL_CAPACITY = 16
      MAXIMUM_CAPACITY = 1073741824
      DEFAULT_LOAD_FACTOR = 0.75
      TREEIFY_THRESHOLD = 8
      UNTREEIFY_THRESHOLD = 6
      MIN_TREEIFY_CAPACITY = 64
      table = null
      entrySet = null
      size = 0
      modCount = 0
      threshold = 0
      loadFactor = 0.75
      keySet = null
      values = null
    serialVersionUID = 3514017629123673923
  permissionsConfig = null
  serialVersionUID = 5168023053972273360
  appInfo = class com.ibm.ws.container.service.app.deploy.internal.ApplicationInfoImpl@4f4cc4d5
    appName = "testingPrimefaces"
    appMetaData = class com.ibm.ws.container.service.app.deploy.internal.ApplicationMetaDataImpl@64ac16f3
      j2eeName = class com.ibm.ws.container.service.metadata.internal.J2EENameImpl@6b833cfe
      serialVersionUID = -7906531148367236579
      $$$tc$$$ = class com.ibm.websphere.ras.TraceComponent@22e944d4
      tc = class com.ibm.websphere.ras.TraceComponent@6f58e926
      NUM_STATIC_SLOTS = 4
      ID_UNINITIALIZED = -1
      id = 3
      metaDataInterface = class java.lang.Class@5b6f6961
      staticSlots = class java.lang.Object[4]
      dynamicSlots = class java.lang.Object[4]
    appContainer = class com.ibm.ws.adaptable.module.internal.AdaptableContainerImpl@4610a49d
    configHelper = class com.ibm.ws.app.manager.module.ApplicationNestedConfigHelper@77d40258
      appInfo = class com.ibm.ws.app.manager.internal.ApplicationInstallInfo@75bce5ed
      serialVersionUID = -3174031738676705046
      $$$tc$$$ = class com.ibm.websphere.ras.TraceComponent@20c00e4d
    applicationInformation = class com.ibm.ws.app.manager.internal.ApplicationInstallInfo@75bce5ed
    serialVersionUID = -505303337196743781
    $$$tc$$$ = class com.ibm.websphere.ras.TraceComponent@1adaf4c5
      strings[0] = "TraceComponent[com.ibm.ws.container.service.app.deploy.internal.ApplicationInfoImpl,class com.ibm.ws.container.service.app.deploy.internal.ApplicationInfoImpl,[container.service],com.ibm.ws.container.service.resources.Messages,null]"
  modulesDeployed = class java.util.ArrayList@7d26273f
    serialVersionUID = 8683452581122892189
    DEFAULT_CAPACITY = 10
    EMPTY_ELEMENTDATA = class java.lang.Object[0]
    DEFAULTCAPACITY_EMPTY_ELEMENTDATA = class java.lang.Object[0]
    elementData = class java.lang.Object[0]
    size = 0
    MAX_ARRAY_SIZE = 2147483639
    modCount = 0
    MAX_ARRAY_SIZE = 2147483639
  starting = false
  started = false
  appInfoFactory = class com.ibm.ws.container.service.app.deploy.internal.ApplicationInfoFactoryImpl@4648842d
    j2eeNameFactory = class com.ibm.wsspi.kernel.service.utils.AtomicServiceReference@52f7b4e1
      referenceName = "j2eeNameFactory"
      tuple = class java.util.concurrent.atomic.AtomicReference@1605a4aa
      serialVersionUID = 2226592364007985000
      $$$tc$$$ = class com.ibm.websphere.ras.TraceComponent@36d58fa0
    names = class java.util.HashSet@38065318
      serialVersionUID = -5024744406713321676
      map = class java.util.HashMap@6739847f
      PRESENT = class java.lang.Object@194ff5c2
      MAX_ARRAY_SIZE = 2147483639
    serialVersionUID = 7443990212682384945
    $$$tc$$$ = class com.ibm.websphere.ras.TraceComponent@7c81e955
      strings[0] = "TraceComponent[com.ibm.ws.container.service.app.deploy.internal.ApplicationInfoFactoryImpl,class com.ibm.ws.container.service.app.deploy.internal.ApplicationInfoFactoryImpl,[container.service],com.ibm.ws.container.service.resources.Messages,null]"
  metaDataService = class com.ibm.ws.container.service.metadata.internal.MetaDataServiceImpl@548a87cb
    applicationMetaDataManager = class com.ibm.ws.container.service.metadata.internal.ApplicationMetaDataManager@60532133
      serialVersionUID = 1843747281024490904
      $$$tc$$$ = class com.ibm.websphere.ras.TraceComponent@23408dad
      listeners = class com.ibm.wsspi.kernel.service.utils.ConcurrentServiceReferenceSet@648f0bf2
      metaDataIDs = class com.ibm.ws.container.service.metadata.internal.IndexList@1b8e089d
      metaDatas = class java.util.ArrayList@5cd8dc02
      slotIDs = class com.ibm.ws.container.service.metadata.internal.IndexList@283a89fc
      serialVersionUID = 5464421863354792977
      $$$tc$$$ = class com.ibm.websphere.ras.TraceComponent@5da4f6d2
    moduleMetaDataManager = class com.ibm.ws.container.service.metadata.internal.ModuleMetaDataManager@774b94af
      serialVersionUID = 2513574389899327209
      $$$tc$$$ = class com.ibm.websphere.ras.TraceComponent@2cc1dac0
      listeners = class com.ibm.wsspi.kernel.service.utils.ConcurrentServiceReferenceSet@631d6827
      metaDataIDs = class com.ibm.ws.container.service.metadata.internal.IndexList@65881da5
      metaDatas = class java.util.ArrayList@53483d2c
      slotIDs = class com.ibm.ws.container.service.metadata.internal.IndexList@6947339e
      serialVersionUID = 5464421863354792977
      $$$tc$$$ = class com.ibm.websphere.ras.TraceComponent@5da4f6d2
    componentMetaDataManager = class com.ibm.ws.container.service.metadata.internal.ComponentMetaDataManager@778d4488
      serialVersionUID = 8629793739641703882
      $$$tc$$$ = class com.ibm.websphere.ras.TraceComponent@51785e00
      listeners = class com.ibm.wsspi.kernel.service.utils.ConcurrentServiceReferenceSet@624c4aca
      metaDataIDs = class com.ibm.ws.container.service.metadata.internal.IndexList@3a17a863
      metaDatas = class java.util.ArrayList@6db1cdcb
      slotIDs = class com.ibm.ws.container.service.metadata.internal.IndexList@3ab207a5
      serialVersionUID = 5464421863354792977
      $$$tc$$$ = class com.ibm.websphere.ras.TraceComponent@5da4f6d2
    methodMetaDataManager = class com.ibm.ws.container.service.metadata.internal.MethodMetaDataManager@7f242d9a
      serialVersionUID = -8002489041502300640
      $$$tc$$$ = class com.ibm.websphere.ras.TraceComponent@3b7a4dbf
      listeners = class com.ibm.wsspi.kernel.service.utils.ConcurrentServiceReferenceSet@593d2df3
      metaDataIDs = class com.ibm.ws.container.service.metadata.internal.IndexList@92c780b
      metaDatas = class java.util.ArrayList@525112bb
      slotIDs = class com.ibm.ws.container.service.metadata.internal.IndexList@1cf5ca46
      serialVersionUID = 5464421863354792977
      $$$tc$$$ = class com.ibm.websphere.ras.TraceComponent@5da4f6d2
    appModuleNameToModuleContainer = class java.util.concurrent.ConcurrentHashMap@607d1f4
      serialVersionUID = 7249069246763182397
      MAXIMUM_CAPACITY = 1073741824
      DEFAULT_CAPACITY = 16
      MAX_ARRAY_SIZE = 2147483639
      DEFAULT_CONCURRENCY_LEVEL = 16
      LOAD_FACTOR = 0.75
      TREEIFY_THRESHOLD = 8
      UNTREEIFY_THRESHOLD = 6
      MIN_TREEIFY_CAPACITY = 64
      MIN_TRANSFER_STRIDE = 16
      RESIZE_STAMP_BITS = 16
      MAX_RESIZERS = 65535
      RESIZE_STAMP_SHIFT = 16
      MOVED = -1
      TREEBIN = -2
      RESERVED = -3
      HASH_BITS = 2147483647
      NCPU = 4
      serialPersistentFields = class java.io.ObjectStreamField[3]
      table = class java.util.concurrent.ConcurrentHashMap$Node[16]
      nextTable = null
      baseCount = 6
      sizeCtl = 12
      transferIndex = 0
      cellsBusy = 0
      counterCells = null
      keySet = null
      values = null
      entrySet = null
      U = class sun.misc.Unsafe@5b8457ec
      SIZECTL = 20
      TRANSFERINDEX = 32
      BASECOUNT = 24
      CELLSBUSY = 36
      CELLVALUE = 144
      ABASE = 16
      ASHIFT = 2
      keySet = null
      values = null
    jeeNameToComponentMetaData = class java.util.concurrent.ConcurrentHashMap@2d42c377
      serialVersionUID = 7249069246763182397
      MAXIMUM_CAPACITY = 1073741824
      DEFAULT_CAPACITY = 16
      MAX_ARRAY_SIZE = 2147483639
      DEFAULT_CONCURRENCY_LEVEL = 16
      LOAD_FACTOR = 0.75
      TREEIFY_THRESHOLD = 8
      UNTREEIFY_THRESHOLD = 6
      MIN_TREEIFY_CAPACITY = 64
      MIN_TRANSFER_STRIDE = 16
      RESIZE_STAMP_BITS = 16
      MAX_RESIZERS = 65535
      RESIZE_STAMP_SHIFT = 16
      MOVED = -1
      TREEBIN = -2
      RESERVED = -3
      HASH_BITS = 2147483647
      NCPU = 4
      serialPersistentFields = class java.io.ObjectStreamField[3]
      table = class java.util.concurrent.ConcurrentHashMap$Node[16]
      nextTable = null
      baseCount = 11
      sizeCtl = 12
      transferIndex = 0
      cellsBusy = 0
      counterCells = null
      keySet = null
      values = null
      entrySet = null
      U = class sun.misc.Unsafe@5b8457ec
      SIZECTL = 20
      TRANSFERINDEX = 32
      BASECOUNT = 24
      CELLSBUSY = 36
      CELLVALUE = 144
      ABASE = 16
      ASHIFT = 2
      keySet = null
      values = null
    deferredMetaDataFactories = class com.ibm.wsspi.kernel.service.utils.ConcurrentServiceReferenceSet@30766b53
      referenceName = "deferredMetaDataFactory"
      contextRef = class java.util.concurrent.atomic.AtomicReference@6e08d349
      elementMap = class java.util.LinkedHashMap@37b49990
      elementSet = class java.util.concurrent.ConcurrentSkipListSet@1c05e965
      elementSetUnsorted = false
      serialVersionUID = 756240983881166148
      $$$tc$$$ = class com.ibm.websphere.ras.TraceComponent@75dbc7f4
    deferredMetaDataInitializers = class com.ibm.wsspi.kernel.service.utils.ConcurrentServiceReferenceMap@6ee0c83a
      referenceName = "deferredMetaDataFactory"
      context = class org.apache.felix.scr.impl.manager.ComponentContextImpl@509a5db6
      elementMap = class java.util.concurrent.ConcurrentHashMap@37421114
      serialVersionUID = 6980924785166233786
      $$$tc$$$ = class com.ibm.websphere.ras.TraceComponent@4c7f0cd0
    serialVersionUID = -2494605732980966097
    $$$tc$$$ = class com.ibm.websphere.ras.TraceComponent@fcc55cc
      strings[0] = "TraceComponent[com.ibm.ws.container.service.metadata.internal.MetaDataServiceImpl,class com.ibm.ws.container.service.metadata.internal.MetaDataServiceImpl,[Runtime],,null]"
  stateChangeService = class com.ibm.ws.container.service.state.internal.StateChangeServiceImpl@78de9dfb
    applicationStateManager = class com.ibm.ws.container.service.state.internal.ApplicationStateManager@32188797
      serialVersionUID = -6685368059484454124
      $$$tc$$$ = class com.ibm.websphere.ras.TraceComponent@2e3249fa
      listeners = class com.ibm.wsspi.kernel.service.utils.ConcurrentServiceReferenceSet@5e90ae2
      serialVersionUID = 2284273176985484160
      $$$tc$$$ = class com.ibm.websphere.ras.TraceComponent@947d70c
    moduleStateManager = class com.ibm.ws.container.service.state.internal.ModuleStateManager@69de4b96
      serialVersionUID = -5540260902341249963
      $$$tc$$$ = class com.ibm.websphere.ras.TraceComponent@111ed1c0
      listeners = class com.ibm.wsspi.kernel.service.utils.ConcurrentServiceReferenceSet@328b4568
      serialVersionUID = 2284273176985484160
      $$$tc$$$ = class com.ibm.websphere.ras.TraceComponent@947d70c
    serialVersionUID = -537917915330350560
    $$$tc$$$ = class com.ibm.websphere.ras.TraceComponent@5c9e16f
      strings[0] = "TraceComponent[com.ibm.ws.container.service.state.internal.StateChangeServiceImpl,class com.ibm.ws.container.service.state.internal.StateChangeServiceImpl,[Runtime],,null]"
  moduleClassesInfo = class com.ibm.ws.app.manager.module.internal.SimpleDeployedAppInfoBase$ModuleClassesInfoProvider@348d4200
    entryContainerInfosMap = class java.util.HashMap@78df745d
      serialVersionUID = 362498820763181265
      DEFAULT_INITIAL_CAPACITY = 16
      MAXIMUM_CAPACITY = 1073741824
      DEFAULT_LOAD_FACTOR = 0.75
      TREEIFY_THRESHOLD = 8
      UNTREEIFY_THRESHOLD = 6
      MIN_TREEIFY_CAPACITY = 64
      table = null
      entrySet = null
      size = 0
      modCount = 0
      threshold = 0
      loadFactor = 0.75
      keySet = null
      values = null
    serialVersionUID = -70332790531324534
    $$$tc$$$ = class com.ibm.websphere.ras.TraceComponent@119cb773
      strings[0] = "TraceComponent[com.ibm.ws.app.manager.module.internal.SimpleDeployedAppInfoBase$ModuleClassesInfoProvider,class com.ibm.ws.app.manager.module.internal.SimpleDeployedAppInfoBase$ModuleClassesInfoProvider,[applications, app.manager],,null]"
  moduleContainerInfos = class java.util.ArrayList@3666d150
    serialVersionUID = 8683452581122892189
    DEFAULT_CAPACITY = 10
    EMPTY_ELEMENTDATA = class java.lang.Object[0]
    DEFAULTCAPACITY_EMPTY_ELEMENTDATA = class java.lang.Object[0]
    elementData = class java.lang.Object[10]
      Object[0] = class com.ibm.ws.app.manager.module.internal.SimpleDeployedAppInfoBase$WebModuleContainerInfo@4b5ed6b7
      Object[1] = null
      Object[2] = null
      Object[3] = null
      Object[4] = null
      Object[5] = null
      Object[6] = null
      Object[7] = null
      Object[8] = null
      Object[9] = null
    size = 1
    MAX_ARRAY_SIZE = 2147483639
    modCount = 1
    MAX_ARRAY_SIZE = 2147483639
  activeModuleHandlers = class java.util.IdentityHashMap@36d2bc88
    DEFAULT_CAPACITY = 32
    MINIMUM_CAPACITY = 4
    MAXIMUM_CAPACITY = 536870912
    table = class java.lang.Object[16]
      Object[0] = null
      Object[1] = null
      Object[2] = class com.ibm.ws.app.manager.module.internal.WebModuleInfoImpl@4bd38d99
      Object[3] = class com.ibm.ws.app.manager.web.internal.WebModuleHandlerImpl@1ba1ae7c
      Object[4] = null
      Object[5] = null
      Object[6] = null
      Object[7] = null
      Object[8] = null
      Object[9] = null
      Object[10] = null
      Object[11] = null
      Object[12] = null
      Object[13] = null
      Object[14] = null
      Object[15] = null
    size = 1
    modCount = 1
    NULL_KEY = class java.lang.Object@b420e4d
    entrySet = null
    serialVersionUID = 8188218128353913216
    keySet = null
    values = null
  serialVersionUID = 7078125893012250887
  $$$tc$$$ = class com.ibm.websphere.ras.TraceComponent@5651a065
    strings[0] = "TraceComponent[com.ibm.ws.app.manager.module.internal.SimpleDeployedAppInfoBase,class com.ibm.ws.app.manager.module.internal.SimpleDeployedAppInfoBase,[applications, app.manager],,null]"

Dump of objectArray[0]
Object type = com.ibm.ws.threading.internal.NonCancelableResultFuture
  _done = false
  _result = null
  _failure = null
  _listeners = class java.util.concurrent.ConcurrentLinkedQueue@1440e998
    serialVersionUID = 196745693267521676
    head = class java.util.concurrent.ConcurrentLinkedQueue$Node@16944a59
      item = null
      next = null
      UNSAFE = class sun.misc.Unsafe@5b8457ec
      itemOffset = 12
      nextOffset = 16
    tail = class java.util.concurrent.ConcurrentLinkedQueue$Node@16944a59
    UNSAFE = class sun.misc.Unsafe@5b8457ec
    headOffset = 12
    tailOffset = 16
    MAX_ARRAY_SIZE = 2147483639
  _notifiedListeners = class java.util.concurrent.atomic.AtomicBoolean@19e7e673
    serialVersionUID = 4654671469794556979
    unsafe = class sun.misc.Unsafe@5b8457ec
      theUnsafe = class sun.misc.Unsafe@5b8457ec
      INVALID_FIELD_OFFSET = -1
      ARRAY_BOOLEAN_BASE_OFFSET = 16
      ARRAY_BYTE_BASE_OFFSET = 16
      ARRAY_SHORT_BASE_OFFSET = 16
      ARRAY_CHAR_BASE_OFFSET = 16
      ARRAY_INT_BASE_OFFSET = 16
      ARRAY_LONG_BASE_OFFSET = 16
      ARRAY_FLOAT_BASE_OFFSET = 16
      ARRAY_DOUBLE_BASE_OFFSET = 16
      ARRAY_OBJECT_BASE_OFFSET = 16
      ARRAY_BOOLEAN_INDEX_SCALE = 1
      ARRAY_BYTE_INDEX_SCALE = 1
      ARRAY_SHORT_INDEX_SCALE = 2
      ARRAY_CHAR_INDEX_SCALE = 2
      ARRAY_INT_INDEX_SCALE = 4
      ARRAY_LONG_INDEX_SCALE = 8
      ARRAY_FLOAT_INDEX_SCALE = 4
      ARRAY_DOUBLE_INDEX_SCALE = 8
      ARRAY_OBJECT_INDEX_SCALE = 4
      ADDRESS_SIZE = 8
    valueOffset = 12
    value = 0
  serialVersionUID = -296387658814354272
  $$$tc$$$ = class com.ibm.websphere.ras.TraceComponent@14f18d66
    strings[0] = "TraceComponent[com.ibm.ws.threading.internal.NonCancelableResultFuture,class com.ibm.ws.threading.internal.NonCancelableResultFuture,[Threading],com.ibm.ws.threading.internal.resources.ThreadingMessages,null]"

