------Start of DE processing------ = [15/05/19 04:07:25:998 PET]
Exception = org.jboss.weld.exceptions.DeploymentException
Source = com.ibm.ws.container.service.state.internal.ApplicationStateManager
probeid = 31
Stack Dump = org.jboss.weld.exceptions.DeploymentException: WELD-000072: Bean declaring a passivating scope must be passivation capable.  Bean:  Managed Bean [class view.classrooms.StudentsList] with qualifiers [@Default @Any @Named]
	at org.jboss.weld.bean.ManagedBean.checkType(ManagedBean.java:216)
	at org.jboss.weld.bean.AbstractBean.initializeAfterBeanDiscovery(AbstractBean.java:108)
	at org.jboss.weld.bean.ManagedBean.initializeAfterBeanDiscovery(ManagedBean.java:122)
	at org.jboss.weld.bootstrap.ConcurrentBeanDeployer$AfterBeanDiscoveryInitializerFactory.doWork(ConcurrentBeanDeployer.java:111)
	at org.jboss.weld.bootstrap.ConcurrentBeanDeployer$AfterBeanDiscoveryInitializerFactory.doWork(ConcurrentBeanDeployer.java:102)
	at org.jboss.weld.executor.IterativeWorkerTaskFactory$1.call(IterativeWorkerTaskFactory.java:62)
	at org.jboss.weld.executor.IterativeWorkerTaskFactory$1.call(IterativeWorkerTaskFactory.java:55)
	at com.ibm.ws.threading.internal.PolicyTaskFutureImpl.run(PolicyTaskFutureImpl.java:724)
	at com.ibm.ws.threading.internal.PolicyExecutorImpl.runTask(PolicyExecutorImpl.java:1134)
	at com.ibm.ws.threading.internal.PolicyExecutorImpl.invokeAll(PolicyExecutorImpl.java:683)
	at com.ibm.ws.concurrent.internal.ManagedExecutorServiceImpl.invokeAll(ManagedExecutorServiceImpl.java:413)
	at org.jboss.weld.executor.AbstractExecutorServices.invokeAllAndCheckForExceptions(AbstractExecutorServices.java:59)
	at org.jboss.weld.executor.AbstractExecutorServices.invokeAllAndCheckForExceptions(AbstractExecutorServices.java:67)
	at org.jboss.weld.bootstrap.ConcurrentBeanDeployer.doAfterBeanDiscovery(ConcurrentBeanDeployer.java:88)
	at org.jboss.weld.bootstrap.BeanDeployment.afterBeanDiscovery(BeanDeployment.java:268)
	at org.jboss.weld.bootstrap.WeldStartup.deployBeans(WeldStartup.java:482)
	at org.jboss.weld.bootstrap.WeldBootstrap.deployBeans(WeldBootstrap.java:86)
	at com.ibm.ws.cdi.impl.CDIContainerImpl.startInitialization(CDIContainerImpl.java:151)
	at com.ibm.ws.cdi.liberty.CDIRuntimeImpl.applicationStarting(CDIRuntimeImpl.java:438)
	at com.ibm.ws.container.service.state.internal.ApplicationStateManager.fireStarting(ApplicationStateManager.java:28)
	at com.ibm.ws.container.service.state.internal.StateChangeServiceImpl.fireApplicationStarting(StateChangeServiceImpl.java:50)
	at com.ibm.ws.app.manager.module.internal.DeployedAppInfoBase.preDeployApp(DeployedAppInfoBase.java:384)
	at com.ibm.ws.app.manager.module.internal.DeployedAppInfoBase.deployApp(DeployedAppInfoBase.java:413)
	at com.ibm.ws.app.manager.war.internal.WARApplicationHandlerImpl.install(WARApplicationHandlerImpl.java:65)
	at com.ibm.ws.app.manager.internal.statemachine.StartAction.execute(StartAction.java:140)
	at com.ibm.ws.app.manager.internal.statemachine.ApplicationStateMachineImpl.enterState(ApplicationStateMachineImpl.java:1261)
	at com.ibm.ws.app.manager.internal.statemachine.ApplicationStateMachineImpl.performAction(ApplicationStateMachineImpl.java:1129)
	at com.ibm.ws.app.manager.internal.statemachine.ApplicationStateMachineImpl.run(ApplicationStateMachineImpl.java:884)
	at com.ibm.ws.threading.internal.ExecutorServiceImpl$RunnableWrapper.run(ExecutorServiceImpl.java:239)
	at java.base/java.util.concurrent.ThreadPoolExecutor.runWorker(ThreadPoolExecutor.java:1128)
	at java.base/java.util.concurrent.ThreadPoolExecutor$Worker.run(ThreadPoolExecutor.java:628)
	at java.base/java.lang.Thread.run(Thread.java:835)

Dump of callerThis
Object type = com.ibm.ws.container.service.state.internal.ApplicationStateManager
  serialVersionUID = -6685368059484454124
  $$$tc$$$ = class com.ibm.websphere.ras.TraceComponent@7742b91b
    strings[0] = "TraceComponent[com.ibm.ws.container.service.state.internal.ApplicationStateManager,class com.ibm.ws.container.service.state.internal.ApplicationStateManager,[Runtime],,null]"
  listeners = class com.ibm.wsspi.kernel.service.utils.ConcurrentServiceReferenceSet@299f643a
    referenceName = "applicationStateListeners"
    contextRef = class java.util.concurrent.atomic.AtomicReference@11f78dcf
      serialVersionUID = -1848883965231344442
      VALUE = class java.lang.invoke.VarHandleReferences$FieldInstanceReadWrite@ac0f771
      value = class org.apache.felix.scr.impl.manager.ComponentContextImpl@2b56b4c2
    elementMap = class java.util.LinkedHashMap@fc4ed6b
      serialVersionUID = 3801124242820219131
      head = class java.util.LinkedHashMap$Entry@38976f17
      tail = class java.util.LinkedHashMap$Entry@2502b1a3
      accessOrder = false
      serialVersionUID = 362498820763181265
      DEFAULT_INITIAL_CAPACITY = 16
      MAXIMUM_CAPACITY = 1073741824
      DEFAULT_LOAD_FACTOR = 0.75
      TREEIFY_THRESHOLD = 8
      UNTREEIFY_THRESHOLD = 6
      MIN_TREEIFY_CAPACITY = 64
      table = class java.util.HashMap$Node[32]
      entrySet = null
      size = 13
      modCount = 13
      threshold = 24
      loadFactor = 0.75
      keySet = null
      values = null
    elementSet = class java.util.concurrent.ConcurrentSkipListSet@5d1f950e
      serialVersionUID = -2479143111061671589
      m = class java.util.concurrent.ConcurrentSkipListMap@22c7e9f7
      MAX_ARRAY_SIZE = 2147483639
    elementSetUnsorted = false
    serialVersionUID = 756240983881166148
    $$$tc$$$ = class com.ibm.websphere.ras.TraceComponent@497d15bb
      strings[0] = "TraceComponent[com.ibm.wsspi.kernel.service.utils.ConcurrentServiceReferenceSet,class com.ibm.wsspi.kernel.service.utils.ConcurrentServiceReferenceSet,[kernelUtils],com.ibm.ws.kernel.service.utils.resources.ServiceMessages,null]"
  serialVersionUID = 2284273176985484160
  $$$tc$$$ = class com.ibm.websphere.ras.TraceComponent@3c465b90
    strings[0] = "TraceComponent[com.ibm.ws.container.service.state.internal.StateChangeManager,class com.ibm.ws.container.service.state.internal.StateChangeManager,[Runtime],,null]"

Dump of objectArray[0]
Object type = com.ibm.ws.container.service.app.deploy.internal.ApplicationInfoImpl
  appName = "AppJSF"
  appMetaData = class com.ibm.ws.container.service.app.deploy.internal.ApplicationMetaDataImpl@74a13ec8
    j2eeName = class com.ibm.ws.container.service.metadata.internal.J2EENameImpl@15c1e797
      serialVersionUID = 7488184044073147667
      application = "AppJSF"
      module = null
      component = null
      string = "AppJSF"
      j2eeNameBytes = null
      $$$tc$$$ = class com.ibm.websphere.ras.TraceComponent@2cd6bdfa
    serialVersionUID = -7906531148367236579
    $$$tc$$$ = class com.ibm.websphere.ras.TraceComponent@6385a324
      strings[0] = "TraceComponent[com.ibm.ws.container.service.app.deploy.internal.ApplicationMetaDataImpl,class com.ibm.ws.container.service.app.deploy.internal.ApplicationMetaDataImpl,[container.service],com.ibm.ws.container.service.resources.Messages,null]"
    tc = class com.ibm.websphere.ras.TraceComponent@6ccd045b
      strings[0] = "TraceComponent[com.ibm.ws.runtime.metadata.MetaDataImpl,class com.ibm.ws.runtime.metadata.MetaDataImpl,[Runtime],null,null]"
    NUM_STATIC_SLOTS = 4
    ID_UNINITIALIZED = -1
    id = 3
    metaDataInterface = class java.lang.Class@384109e9
      ANNOTATION = 8192
      ENUM = 16384
      SYNTHETIC = 4096
      cachedConstructor = null
      name = "com.ibm.ws.runtime.metadata.ApplicationMetaData"
      module = class java.lang.Module@44b5a4c6
      packageName = "com.ibm.ws.runtime.metadata"
      componentType = {} /* array length = 0 */
      allPermDomain = class java.security.ProtectionDomain@3984fcae
      reflectionData = null
      classRedefinedCount = 0
      genericInfo = null
      EMPTY_CLASS_ARRAY = class java.lang.Class[0]
      serialVersionUID = 3206093459760846163
      serialPersistentFields = class java.io.ObjectStreamField[0]
      reflectionFactory = class jdk.internal.reflect.ReflectionFactory@2b63603e
      enumConstants = null
      enumConstantDirectory = null
      annotationData = null
      annotationType = null
      classValueMap = null
    staticSlots = class java.lang.Object[4]
      Object[0] = null
      Object[1] = class com.ibm.ws.injectionengine.osgi.internal.OSGiInjectionScopeData@427b7b66
      Object[2] = null
      Object[3] = null
    dynamicSlots = class java.lang.Object[4]
      Object[0] = null
      Object[1] = class com.ibm.ws.cdi.impl.weld.WebSphereCDIDeploymentImpl@786ef83d
      Object[2] = "AppJSF"
      Object[3] = null
  appContainer = class com.ibm.ws.adaptable.module.internal.AdaptableContainerImpl@af9dbd
    root = class com.ibm.ws.adaptable.module.internal.AdaptableContainerImpl@af9dbd
    rootOverlay = class com.ibm.ws.artifact.overlay.internal.DirectoryBasedOverlayContainerImpl@2cc4d297
      base = class com.ibm.ws.artifact.loose.internal.LooseArchive@3f9b4aa
      maskSet = class java.util.HashSet@1a405ff8
      cfHolder = class com.ibm.ws.artifact.overlay.internal.OverlayContainerFactoryImpl@1b8cd83b
      fileOverlayContainer = class com.ibm.ws.artifact.file.internal.FileContainer@5f41a82c
      overlayDirectory = class java.io.File@11d31b8a
      cacheDirForOverlay = class java.io.File@97429d7
      overlayNotifier = class com.ibm.ws.artifact.overlay.internal.DirectoryBasedOverlayNotifier@74c475c2
      enclosingContainer = null
      entryInEnclosingContainer = null
      nestedOverlays = class java.util.concurrent.ConcurrentHashMap@2696b3be
      cacheStore = class com.ibm.ws.artifact.overlay.internal.OverlayCache@2f90f3ad
      parentOverlay = null
      isPassThroughMode = true
      serialVersionUID = -1690795617118238166
      $$$tc$$$ = class com.ibm.websphere.ras.TraceComponent@172fb0fa
    factoryHolder = class com.ibm.ws.adaptable.module.internal.AdaptableModuleFactoryImpl@516efeb9
      adapterFactoryService = class com.ibm.ws.adaptable.module.internal.AdapterFactoryServiceImpl@7825d19
      containerFactory = class com.ibm.ws.artifact.internal.ArtifactContainerFactoryService@50bf524e
      overlayContainerFactory = class com.ibm.ws.artifact.overlay.internal.OverlayContainerFactoryImpl@1b8cd83b
      serialVersionUID = 4200251809856292987
      $$$tc$$$ = class com.ibm.websphere.ras.TraceComponent@7ce5069
    delegate = class com.ibm.ws.artifact.overlay.internal.DirectoryBasedOverlayContainerImpl@2cc4d297
    notifier = class com.ibm.ws.adaptable.module.internal.NotifierImpl@1312062a
      root = class com.ibm.ws.adaptable.module.internal.AdaptableContainerImpl@af9dbd
      delegateNotifier = class com.ibm.ws.artifact.overlay.internal.DirectoryBasedOverlayNotifier@74c475c2
      delegateRoot = class com.ibm.ws.artifact.overlay.internal.DirectoryBasedOverlayContainerImpl@2cc4d297
      listenerDelegates = class java.util.HashMap@432710a4
      serialVersionUID = 6839382523957017880
      $$$tc$$$ = class com.ibm.websphere.ras.TraceComponent@157b6800
    serialVersionUID = -5621513278641113667
    $$$tc$$$ = class com.ibm.websphere.ras.TraceComponent@3a8a13b4
      strings[0] = "TraceComponent[com.ibm.ws.adaptable.module.internal.AdaptableContainerImpl,class com.ibm.ws.adaptable.module.internal.AdaptableContainerImpl,[archive.adaptable],,null]"
  configHelper = class com.ibm.ws.app.manager.module.ApplicationNestedConfigHelper@8d94ce2
    appInfo = class com.ibm.ws.app.manager.internal.ApplicationInstallInfo@15227ee9
    serialVersionUID = -3174031738676705046
    $$$tc$$$ = class com.ibm.websphere.ras.TraceComponent@61a1277b
      strings[0] = "TraceComponent[com.ibm.ws.app.manager.module.ApplicationNestedConfigHelper,class com.ibm.ws.app.manager.module.ApplicationNestedConfigHelper,[applications, app.manager],,null]"
  applicationInformation = class com.ibm.ws.app.manager.internal.ApplicationInstallInfo@15227ee9
    _config = class com.ibm.ws.app.manager.internal.ApplicationConfig@3a0613e6
      tc = class com.ibm.websphere.ras.TraceComponent@1fedb226
      _configPid = "com.ibm.ws.app.manager_46"
      _config = class com.ibm.ws.config.admin.ConfigurationDictionary@4f9e8377
      _applicationManager = class com.ibm.ws.app.manager.ApplicationManager@16feb2c4
      _location = "AppJSF.war"
      _type = "war"
      _name = "AppJSF"
      _notificationBroadcasterSupport = class javax.management.NotificationBroadcasterSupport@1ef48b75
      ONE_TIME_JANDEX_MSGS_DISPLAYED = true
    _handlerInfo = class java.util.concurrent.atomic.AtomicReference@20e1b66e
      serialVersionUID = -1848883965231344442
      VALUE = class java.lang.invoke.VarHandleReferences$FieldInstanceReadWrite@ac0f771
      value = class com.ibm.ws.app.manager.war.internal.WARDeployedAppInfo@c590a0c
    _container = class java.util.concurrent.atomic.AtomicReference@614598ef
      serialVersionUID = -1848883965231344442
      VALUE = class java.lang.invoke.VarHandleReferences$FieldInstanceReadWrite@ac0f771
      value = class com.ibm.ws.adaptable.module.internal.AdaptableContainerImpl@af9dbd
    _resolvedLocation = class java.util.concurrent.atomic.AtomicReference@6be4ae68
      serialVersionUID = -1848883965231344442
      VALUE = class java.lang.invoke.VarHandleReferences$FieldInstanceReadWrite@ac0f771
      value = class com.ibm.ws.kernel.service.location.internal.LocalFileResource@3f87d942
    _handler = class com.ibm.ws.app.manager.war.internal.WARApplicationHandlerImpl@617719d1
      futureMonitor = class com.ibm.ws.threading.internal.FutureMonitorImpl@205bbb50
      deployedAppFactory = class com.ibm.ws.app.manager.war.internal.WARDeployedAppInfoFactoryImpl@1be51117
      serialVersionUID = 4622845147410944782
      $$$tc$$$ = class com.ibm.websphere.ras.TraceComponent@39a56a76
    _ami = class java.util.concurrent.atomic.AtomicReference@4c088157
      serialVersionUID = -1848883965231344442
      VALUE = class java.lang.invoke.VarHandleReferences$FieldInstanceReadWrite@ac0f771
      value = class com.ibm.wsspi.application.handler.DefaultApplicationMonitoringInformation@2e2fd57f
    _updateHandler = class com.ibm.ws.app.manager.internal.statemachine.ApplicationStateMachineImpl@147ead9
      _tc = class com.ibm.websphere.ras.TraceComponent@1d3dd436
      EMPTY_FUTURE_ARRAY = interface java.util.concurrent.Future[0]
      asmSequenceNumber = class java.util.concurrent.atomic.AtomicLong@6b829ef6
      _qscaCounter = class java.util.concurrent.atomic.AtomicInteger@7efd6c0a
      _failedThrowable = null
      _interruptibleLock = class com.ibm.ws.app.manager.internal.statemachine.ApplicationStateMachineImpl$2@547a6cb9
      _interruptible = false
      _performingQueuedActions = true
      _queuedActions = class java.util.concurrent.ConcurrentLinkedQueue@2f23e4a2
      _callbackState = class java.util.concurrent.atomic.AtomicReference@5029ba9e
      blockAppStartingFutures = class java.util.Collections$SetFromMap@452111ad
      waitingForAppHandlerFuture = class java.util.concurrent.atomic.AtomicReference@4239b214
      waitingForExplicitStartFuture = class java.util.concurrent.atomic.AtomicReference@720f5805
      completionListener = class java.util.concurrent.atomic.AtomicReference@6feff190
      _notifyAppStopped = class java.util.concurrent.ConcurrentLinkedQueue@228e39b9
      _notifyAppStarting = class java.util.concurrent.ConcurrentLinkedQueue@2d2886ee
      _notifyAppInstallCalled = class java.util.concurrent.ConcurrentLinkedQueue@256f3c3e
      _notifyAppStarted = class java.util.concurrent.ConcurrentLinkedQueue@359c3a72
      _notifyAppRemoved = class java.util.concurrent.ConcurrentLinkedQueue@668c8e89
      _stateLock = class com.ibm.ws.app.manager.internal.statemachine.ApplicationStateMachineImpl$3@ffa6b40
      _internalState = class java.util.concurrent.atomic.AtomicReference@53a8284d
      _currentAction = class java.util.concurrent.atomic.AtomicReference@733d7e0
      _rfa = class java.util.concurrent.atomic.AtomicReference@5c9e949
      _appInstallInfo = class java.util.concurrent.atomic.AtomicReference@59b522db
      _update = class java.util.concurrent.atomic.AtomicBoolean@4bcd93e0
      _appConfig = class java.util.concurrent.atomic.AtomicReference@52d8c1ae
      _nextAppConfig = class java.util.concurrent.atomic.AtomicReference@1811f91d
      _appContainer = class java.util.concurrent.atomic.AtomicReference@68c2b33e
      _resolvedLocation = class java.util.concurrent.atomic.AtomicReference@4fb76f55
      _handler = class java.util.concurrent.atomic.AtomicReference@5b7612bc
      _asmSeqNo = 2
      _ctx = class org.eclipse.osgi.internal.framework.BundleContextImpl@228f8b85
      _locAdmin = class com.ibm.ws.kernel.service.location.internal.WsLocationAdminImpl@4cb8c1de
      _futureMonitor = class com.ibm.ws.threading.internal.FutureMonitorImpl@205bbb50
      _artifactFactory = class com.ibm.ws.artifact.internal.ArtifactContainerFactoryService@50bf524e
      _moduleFactory = class com.ibm.ws.adaptable.module.internal.AdaptableModuleFactoryImpl@516efeb9
      _executorService = class com.ibm.ws.threading.internal.ExecutorServiceImpl@464997ce
      _scheduledExecutorService = class com.ibm.ws.threading.internal.ScheduledExecutorImpl@6d58b29f
      _asmHelper = class com.ibm.ws.app.manager.internal.ApplicationConfigurator$NamedApplication@25da541e
      _appMonitor = class com.ibm.ws.app.manager.internal.monitor.ApplicationMonitor@311ec034
      enterStateCalled = class java.util.concurrent.atomic.AtomicBoolean@45a7cc85
      serialVersionUID = 6511956370079301927
      serialVersionUID = 5501066335104962649
      $$$tc$$$ = class com.ibm.websphere.ras.TraceComponent@2bed8500
    serialVersionUID = 2630639237123415755
    $$$tc$$$ = class com.ibm.websphere.ras.TraceComponent@1e20753c
      strings[0] = "TraceComponent[com.ibm.ws.app.manager.internal.ApplicationInstallInfo,class com.ibm.ws.app.manager.internal.ApplicationInstallInfo,[applications, app.manager],com.ibm.ws.app.manager.internal.resources.AppManagerMessages,null]"
  serialVersionUID = -505303337196743781
  $$$tc$$$ = class com.ibm.websphere.ras.TraceComponent@76979e69
    strings[0] = "TraceComponent[com.ibm.ws.container.service.app.deploy.internal.ApplicationInfoImpl,class com.ibm.ws.container.service.app.deploy.internal.ApplicationInfoImpl,[container.service],com.ibm.ws.container.service.resources.Messages,null]"

