------Start of DE processing------ = [03/07/19 03:59:47:074 COT]
Exception = com.ibm.ws.container.service.state.StateChangeException
Source = com.ibm.ws.app.manager.module.internal.DeployedAppInfoBase
probeid = 385
Stack Dump = com.ibm.ws.container.service.state.StateChangeException: org.jboss.weld.exceptions.DeploymentException: WELD-000072: Bean declaring a passivating scope must be passivation capable.  Bean:  Managed Bean [class prime.user.controladores.ActualizarVista] with qualifiers [@Default @Any @Named]
	at com.ibm.ws.container.service.state.internal.ApplicationStateManager.fireStarting(ApplicationStateManager.java:32)
	at com.ibm.ws.container.service.state.internal.StateChangeServiceImpl.fireApplicationStarting(StateChangeServiceImpl.java:50)
	at com.ibm.ws.app.manager.module.internal.DeployedAppInfoBase.preDeployApp(DeployedAppInfoBase.java:384)
	at com.ibm.ws.app.manager.module.internal.DeployedAppInfoBase.deployApp(DeployedAppInfoBase.java:413)
	at com.ibm.ws.app.manager.war.internal.WARApplicationHandlerImpl.install(WARApplicationHandlerImpl.java:65)
	at com.ibm.ws.app.manager.internal.statemachine.StartAction.execute(StartAction.java:140)
	at com.ibm.ws.app.manager.internal.statemachine.ApplicationStateMachineImpl.enterState(ApplicationStateMachineImpl.java:1261)
	at com.ibm.ws.app.manager.internal.statemachine.ApplicationStateMachineImpl.performAction(ApplicationStateMachineImpl.java:1129)
	at com.ibm.ws.app.manager.internal.statemachine.ApplicationStateMachineImpl.run(ApplicationStateMachineImpl.java:884)
	at com.ibm.ws.threading.internal.ExecutorServiceImpl$RunnableWrapper.run(ExecutorServiceImpl.java:239)
	at java.util.concurrent.ThreadPoolExecutor.runWorker(Unknown Source)
	at java.util.concurrent.ThreadPoolExecutor$Worker.run(Unknown Source)
	at java.lang.Thread.run(Unknown Source)
Caused by: org.jboss.weld.exceptions.DeploymentException: WELD-000072: Bean declaring a passivating scope must be passivation capable.  Bean:  Managed Bean [class prime.user.controladores.ActualizarVista] with qualifiers [@Default @Any @Named]
	at org.jboss.weld.bean.ManagedBean.checkType(ManagedBean.java:216)
	at org.jboss.weld.bean.AbstractBean.initializeAfterBeanDiscovery(AbstractBean.java:108)
	at org.jboss.weld.bean.ManagedBean.initializeAfterBeanDiscovery(ManagedBean.java:122)
	at org.jboss.weld.bootstrap.ConcurrentBeanDeployer$AfterBeanDiscoveryInitializerFactory.doWork(ConcurrentBeanDeployer.java:111)
	at org.jboss.weld.bootstrap.ConcurrentBeanDeployer$AfterBeanDiscoveryInitializerFactory.doWork(ConcurrentBeanDeployer.java:102)
	at org.jboss.weld.executor.IterativeWorkerTaskFactory$1.call(IterativeWorkerTaskFactory.java:62)
	at org.jboss.weld.executor.IterativeWorkerTaskFactory$1.call(IterativeWorkerTaskFactory.java:55)
	at com.ibm.ws.threading.internal.PolicyTaskFutureImpl.run(PolicyTaskFutureImpl.java:724)
	at com.ibm.ws.threading.internal.PolicyExecutorImpl.runTask(PolicyExecutorImpl.java:1134)
	at com.ibm.ws.threading.internal.PolicyExecutorImpl$GlobalPoolTask.run(PolicyExecutorImpl.java:188)
	... 3 more

Dump of callerThis
Object type = com.ibm.ws.app.manager.war.internal.WARDeployedAppInfo
  CONTEXT_ROOT = "context-root"
  webModuleHandler = class com.ibm.ws.app.manager.web.internal.WebModuleHandlerImpl@5488ac32
    serialVersionUID = 4795602325763828210
    $$$tc$$$ = class com.ibm.websphere.ras.TraceComponent@55481cbd
      strings[0] = "TraceComponent[com.ibm.ws.app.manager.web.internal.WebModuleHandlerImpl,class com.ibm.ws.app.manager.web.internal.WebModuleHandlerImpl,[webcontainer, applications, app.manager],com.ibm.ws.app.manager.war.internal.resources.Messages,null]"
    futureMonitor = class com.ibm.ws.threading.internal.FutureMonitorImpl@235f0428
    metaDataService = class com.ibm.ws.container.service.metadata.internal.MetaDataServiceImpl@6aea48c4
    stateChangeService = class com.ibm.ws.container.service.state.internal.StateChangeServiceImpl@2153c031
    moduleRuntimeContainer = class com.ibm.ws.webcontainer.osgi.WebContainer@70f46145
      tc = class com.ibm.websphere.ras.TraceComponent@ea9dd52
      CLASS_NAME = "com.ibm.ws.webcontainer.osgi.WebContainer"
      initialized = true
      eventService = class com.ibm.ws.event.internal.EventEngineImpl@62dd4a02
      futureMonitor = class com.ibm.ws.threading.internal.FutureMonitorImpl@235f0428
      classLoadingSRRef = class com.ibm.wsspi.kernel.service.utils.AtomicServiceReference@577450e3
      sessionHelperSRRef = class com.ibm.wsspi.kernel.service.utils.AtomicServiceReference@4c0de1bc
      cacheManagerSRRef = class com.ibm.wsspi.kernel.service.utils.AtomicServiceReference@5be0b5e7
      injectionEngineSRRef = class com.ibm.wsspi.kernel.service.utils.AtomicServiceReference@53e579c3
      managedObjectServiceSRRef = class com.ibm.wsspi.kernel.service.utils.AtomicServiceReference@26e3c814
      backgroundWebAppStartFutures = class com.ibm.ws.webcontainer.util.OneTimeUseArrayList@540dd75
      REFERENCE_WEB_MBEAN_RUNTIME = "webMBeanRuntime"
      webMBeanRuntimeServiceRef = class com.ibm.wsspi.kernel.service.utils.AtomicServiceReference@5bd11fb7
      servletContainerInitializers = class com.ibm.wsspi.kernel.service.utils.ConcurrentServiceReferenceSet@23824e6f
      es = class com.ibm.ws.threading.internal.ExecutorServiceImpl@5795bdf7
      locationServiceRef = class java.util.concurrent.atomic.AtomicReference@1b999163
      transferContextServiceRef = class com.ibm.wsspi.kernel.service.utils.ConcurrentServiceReferenceSet@18314c10
      encodingServiceRef = class java.util.concurrent.atomic.AtomicReference@4b4ec406
      instance = class java.util.concurrent.atomic.AtomicReference@7a0e0a36
      vhostManager = class com.ibm.ws.webcontainer.osgi.DynamicVirtualHostManager@2dcb8e9d
      metaDataService = class com.ibm.ws.container.service.metadata.internal.MetaDataServiceImpl@6aea48c4
      j2eeNameFactory = class com.ibm.ws.container.service.metadata.internal.J2EENameFactoryImpl@3f0816f8
      context = class org.apache.felix.scr.impl.manager.ComponentContextImpl@25b9beb
      contextRoots = class java.util.Collections$SynchronizedSet@88e6e2c
      pendingContextRoots = class java.util.HashMap@7940b6c6
      deployedModuleMap = class java.util.concurrent.ConcurrentHashMap@600d0c0
      connContextPool = class com.ibm.ws.webcontainer40.osgi.srt.factory.SRTConnectionContextPool40Impl@58da8728
      DEFAULT_PORT = "*"
      DEFAULT_VHOST_NAME = "default_host"
      cachedServerInfo = "IBM WebSphere Liberty/19.0.0.3"
      lock = class com.ibm.ws.webcontainer.osgi.WebContainer$1@235e6d11
      webAppFactory = class com.ibm.ws.webcontainer40.osgi.webapp.factory.WebAppFactory40Impl@5fd4093a
      requestFactory = class com.ibm.ws.webcontainer40.osgi.response.factory.IRequestResponseFactory40Impl@5fd244d0
      responseFactory = class com.ibm.ws.webcontainer40.osgi.response.factory.IRequestResponseFactory40Impl@5fd244d0
      asyncContextFactory = class com.ibm.ws.webcontainer40.async.factory.AsyncContextFactory40Impl@533d6bc5
      DEFAULT_MAX_VERSION = 30
      versionRef = class org.eclipse.osgi.internal.serviceregistry.ServiceReferenceImpl@35bb256
      serverStopping = class com.ibm.ws.staticvalue.StaticValue$FinalSingleton@7cb9f6de
      modulesStarting = 0
      uriMatcherFactory = class com.ibm.wsspi.webcontainer40.util.factory.URIMatcherFactory40Impl@3180c95d
      SPEC_LEVEL_UNLOADED = -1
      SPEC_LEVEL_30 = 30
      SPEC_LEVEL_31 = 31
      SPEC_LEVEL_40 = 40
      DEFAULT_SPEC_LEVEL = 30
      loadedContainerSpecLevel = 40
      ISO = "ISO-8859-1"
      encoding = "UTF-8"
      decode = true
      wcconfig = class com.ibm.ws.webcontainer.osgi.WebContainerConfiguration@574c3594
      applicationListeners = class java.util.ArrayList@64f026a5
      servletListeners = class java.util.ArrayList@538dc147
      servletErrorListeners = class java.util.ArrayList@5ffd87a
      servletInvocationListeners = class java.util.ArrayList@33a9adc4
      filterInvocationListeners = class java.util.ArrayList@5689701a
      filterErrorListeners = class java.util.ArrayList@6bb30475
      filterListeners = class java.util.ArrayList@10742d71
      servletRequestListeners = class java.util.ArrayList@6e4d6536
      servletRequestAttributeListeners = class java.util.ArrayList@7359d145
      servletContextListeners = class java.util.ArrayList@baf3f7
      servletContextAttributeListeners = class java.util.ArrayList@31145934
      sessionListeners = class java.util.ArrayList@34f5eef5
      sessionIdListeners = class java.util.ArrayList@91bd2d7
      sessionAttributeListeners = class java.util.ArrayList@5e69ad48
      DEFAULT_HOST = "default_host"
      _initialized = true
      logger = class com.ibm.ws.logging.internal.WsLogger@1d74d93c
      CLASS_NAME = "com.ibm.ws.webcontainer.internal.WebContainer"
      nls = class com.ibm.ejs.ras.TraceNLS@4d279248
      self = class java.util.concurrent.atomic.AtomicReference@56be5f5f
      _cipherToBit = class java.util.HashMap@164b235
      cacheKeyStringBuilder = class com.ibm.ws.util.WSThreadLocal@12f45cbc
      listenersInitialized = true
      webConProperties = class java.util.Properties@63302978
      sessionRegistry = null
      isStopped = false
      readWriteLockForStopping = class java.util.concurrent.locks.ReentrantReadWriteLock@47d0d6e6
      urlPrefix = ";jsessionid="
      extensionFactories = class java.util.ArrayList@63013133
      postInitExtensionFactories = null
      httpResponseListeners = class java.util.ArrayList@53209053
      servletContainerInitializers = class java.util.ServiceLoader@313908a6
      auditManager = class com.ibm.websphere.security.audit.context.AuditManager@709f8f81
      invocationCacheSize = 500
      decodePlusSign = true
      _cacheMap = class java.util.concurrent.ConcurrentHashMap@1a7db008
      _cacheSize = class java.util.concurrent.atomic.AtomicInteger@4d88091c
      vHostCompatFlag = false
      platformHelper = class com.ibm.ws.webcontainer.PlatformHelper@340d5433
      isDefaultTempDir = true
      tempDir = null
      servletCachingInitNeeded = true
      appInstallBegun = true
      cacheServletWrapperFactory = class com.ibm.ws.webcontainer40.servlet.factory.CacheServletWrapperFactory40Impl@38e236b4
      commands = class java.util.ArrayList@42251c48
      requestMapper = class com.ibm.ws.webcontainer.util.VirtualHostContextRootMapper@1cd764f3
      parent = null
      name = "Was.webcontainer"
      isAlive = true
      subElements = class java.util.HashMap@3b2d9612
      attributes = null
      config = null
      serialVersionUID = -8271459000149267764
      $$$tc$$$ = class com.ibm.websphere.ras.TraceComponent@4a478f28
    firstFailure = null
    serialVersionUID = -4563697739413190872
    $$$tc$$$ = class com.ibm.websphere.ras.TraceComponent@4daf72c5
      strings[0] = "TraceComponent[com.ibm.ws.app.manager.module.internal.ModuleHandlerBase,class com.ibm.ws.app.manager.module.internal.ModuleHandlerBase,[applications, app.manager],,null]"
  webContainerModuleInfo = class com.ibm.ws.app.manager.module.internal.SimpleDeployedAppInfoBase$WebModuleContainerInfo@6449deb9
    contextRoot = null
    defaultContextRoot = "AppWeb"
    serialVersionUID = -8158961796913348204
    $$$tc$$$ = class com.ibm.websphere.ras.TraceComponent@7ed7a376
      strings[0] = "TraceComponent[com.ibm.ws.app.manager.module.internal.SimpleDeployedAppInfoBase$WebModuleContainerInfo,class com.ibm.ws.app.manager.module.internal.SimpleDeployedAppInfoBase$WebModuleContainerInfo,[applications, app.manager],,null]"
    moduleHandler = class com.ibm.ws.app.manager.web.internal.WebModuleHandlerImpl@5488ac32
    moduleMetaDataExtenders = class java.util.concurrent.CopyOnWriteArrayList@6788b399
      serialVersionUID = 8673264195747942595
      lock = class java.util.concurrent.locks.ReentrantLock@3b931e2f
      array = class java.lang.Object[3]
      UNSAFE = class sun.misc.Unsafe@5ad27271
      lockOffset = 12
    nestedModuleMetaDataFactories = class java.util.concurrent.CopyOnWriteArrayList@e7fdeb8
      serialVersionUID = 8673264195747942595
      lock = class java.util.concurrent.locks.ReentrantLock@1b885d4f
      array = class java.lang.Object[1]
      UNSAFE = class sun.misc.Unsafe@5ad27271
      lockOffset = 12
    nestedModules = null
    moduleName = "AppWeb"
    moduleDD = class com.ibm.ws.javaee.ddmodel.web.common.WebAppType@718c08a7
      version = class com.ibm.ws.javaee.ddmodel.TokenType@884a392
      metadata_complete = null
      module_name = null
      absolute_ordering = null
      serialVersionUID = 4092807504738198665
      $$$tc$$$ = class com.ibm.websphere.ras.TraceComponent@243528c3
      description = null
      display_name = class com.ibm.ws.javaee.ddmodel.common.DisplayNameType$ListType@19dc4b15
      icon = null
      distributable = null
      context_param = class com.ibm.ws.javaee.ddmodel.common.ParamValueType$ListType@57b72b93
      filter = null
      filter_mapping = null
      listener = null
      servlet = class com.ibm.ws.javaee.ddmodel.web.common.ServletType$ListType@756445e5
      servlet_mapping = class com.ibm.ws.javaee.ddmodel.web.common.ServletMappingType$ListType@5851f0e8
      session_config = null
      mime_mapping = null
      welcome_file_list = class com.ibm.ws.javaee.ddmodel.web.common.WelcomeFileListType@232e9c14
      error_page = null
      jsp_config = null
      security_constraint = null
      deny_uncovered_http_methods = null
      login_config = null
      security_role = null
      message_destination = null
      locale_encoding_mapping_list = null
      default_context_path = null
      request_encoding = null
      response_encoding = null
      servletNameToServletMap = null
      filterNameToFilterMap = null
      ejbRefNameToEJBLocalRefMap = null
      ejbRefNameToEJBRefMap = null
      resourceEnvRefNameToResourceEnvRefMap = null
      messageDestinationRefNameToMessageDestinationRefMap = null
      resRefNameToResourceRefMap = null
      envEntryNameToEnvEntryMap = null
      roleNameToSecurityRoleMap = null
      roleLinkToSecurityRoleRefMap = null
      handlerNameToHandlerMap = null
      path = "WEB-INF/web.xml"
      idMap = class com.ibm.ws.javaee.ddmodel.DDParser$ComponentIDMap@4dabd051
      serialVersionUID = 5321339975883512588
      $$$tc$$$ = class com.ibm.websphere.ras.TraceComponent@2ca6f03a
      post_construct = null
      pre_destroy = null
      serialVersionUID = 1102064201943992836
      $$$tc$$$ = class com.ibm.websphere.ras.TraceComponent@7cee9eab
      env_entry = null
      ejb_ref = null
      ejb_local_ref = null
      resource_ref = null
      resource_env_ref = null
      message_destination_ref = null
      persistence_context_ref = null
      persistence_unit_ref = null
      data_source = null
      jms_connection_factory = null
      jms_destination = null
      mail_session = null
      connection_factory = null
      administered_object = null
      serialVersionUID = 8931982405528922228
      $$$tc$$$ = class com.ibm.websphere.ras.TraceComponent@41409ab
      service_ref = null
      serialVersionUID = -6199862059825607270
      $$$tc$$$ = class com.ibm.websphere.ras.TraceComponent@96e3d87
      nilled = false
      serialVersionUID = -2826386306561723362
      $$$tc$$$ = class com.ibm.websphere.ras.TraceComponent@3dc25f58
    moduleInfo = class com.ibm.ws.app.manager.module.internal.WebModuleInfoImpl@1b2af791
      contextRoot = "/AppWeb"
      isDefaultContextRootUsed = true
      serialVersionUID = -1540279394520440503
      $$$tc$$$ = class com.ibm.websphere.ras.TraceComponent@54de6c62
      tc = class com.ibm.websphere.ras.TraceComponent@3094e66b
      appInfo = class com.ibm.ws.container.service.app.deploy.internal.ApplicationInfoImpl@25ce5071
      moduleName = "AppWeb"
      path = "AppWeb.war"
      moduleContainer = class com.ibm.ws.adaptable.module.internal.AdaptableContainerImpl@436d3a8f
      altDDEntry = null
      moduleClassesContainers = class java.util.ArrayList@7e561e7b
      classLoaderFactory = class com.ibm.ws.app.manager.war.internal.WARDeployedAppInfo@7e0d4ed4
      containerInfoType = class com.ibm.ws.container.service.app.deploy.ContainerInfo$Type@4f4db072
      classLoader = class com.ibm.ws.classloading.internal.AppClassLoader@4772273f
      moduleMetaData = class com.ibm.ws.webcontainer.osgi.metadata.WebModuleMetaDataImpl@4d368a72
      nestedModuleMetaDataTypes = class java.util.ArrayList@1a2f61fc
      nestedModuleMetaDataValues = class java.util.ArrayList@99513b0
      serialVersionUID = 3986734351620206554
    serialVersionUID = 8693907776607441911
    $$$tc$$$ = class com.ibm.websphere.ras.TraceComponent@140dbc0a
      strings[0] = "TraceComponent[com.ibm.ws.app.manager.module.internal.SimpleDeployedAppInfoBase$ModuleContainerInfoBase,class com.ibm.ws.app.manager.module.internal.SimpleDeployedAppInfoBase$ModuleContainerInfoBase,[applications, app.manager],,null]"
    type = class com.ibm.ws.container.service.app.deploy.ContainerInfo$Type@4f4db072
      MANIFEST_CLASSPATH = class com.ibm.ws.container.service.app.deploy.ContainerInfo$Type@5cb0dc3e
      WEB_INF_CLASSES = class com.ibm.ws.container.service.app.deploy.ContainerInfo$Type@22f0689e
      WEB_INF_LIB = class com.ibm.ws.container.service.app.deploy.ContainerInfo$Type@32b1d7d8
      EAR_LIB = class com.ibm.ws.container.service.app.deploy.ContainerInfo$Type@2a8ee8e1
      WEB_MODULE = class com.ibm.ws.container.service.app.deploy.ContainerInfo$Type@4f4db072
      EJB_MODULE = class com.ibm.ws.container.service.app.deploy.ContainerInfo$Type@700580a2
      CLIENT_MODULE = class com.ibm.ws.container.service.app.deploy.ContainerInfo$Type@5110a2a4
      RAR_MODULE = class com.ibm.ws.container.service.app.deploy.ContainerInfo$Type@6d23a049
      JAR_MODULE = class com.ibm.ws.container.service.app.deploy.ContainerInfo$Type@303794ec
      SHARED_LIB = class com.ibm.ws.container.service.app.deploy.ContainerInfo$Type@6c6b02d8
      $VALUES = class com.ibm.ws.container.service.app.deploy.ContainerInfo$Type[10]
      $$$tc$$$ = class com.ibm.websphere.ras.TraceComponent@7b349600
      name = "WEB_MODULE"
      ordinal = 4
    name = "AppWeb.war"
    container = class com.ibm.ws.adaptable.module.internal.AdaptableContainerImpl@436d3a8f
      root = class com.ibm.ws.adaptable.module.internal.AdaptableContainerImpl@436d3a8f
      rootOverlay = class com.ibm.ws.artifact.overlay.internal.DirectoryBasedOverlayContainerImpl@531fc1f
      factoryHolder = class com.ibm.ws.adaptable.module.internal.AdaptableModuleFactoryImpl@467b9504
      delegate = class com.ibm.ws.artifact.overlay.internal.DirectoryBasedOverlayContainerImpl@531fc1f
      notifier = class com.ibm.ws.adaptable.module.internal.NotifierImpl@147f52a8
      serialVersionUID = -5621513278641113667
      $$$tc$$$ = class com.ibm.websphere.ras.TraceComponent@637da049
    altDDEntry = null
    classesContainerInfo = class java.util.ArrayList@7e561e7b
      serialVersionUID = 8683452581122892189
      DEFAULT_CAPACITY = 10
      EMPTY_ELEMENTDATA = class java.lang.Object[0]
      DEFAULTCAPACITY_EMPTY_ELEMENTDATA = class java.lang.Object[0]
      elementData = class java.lang.Object[10]
      size = 4
      MAX_ARRAY_SIZE = 2147483639
      modCount = 5
      MAX_ARRAY_SIZE = 2147483639
    serialVersionUID = 7427332431485745589
    $$$tc$$$ = class com.ibm.websphere.ras.TraceComponent@52b9d8a0
      strings[0] = "TraceComponent[com.ibm.ws.app.manager.module.internal.SimpleDeployedAppInfoBase$ExtendedContainerInfo,class com.ibm.ws.app.manager.module.internal.SimpleDeployedAppInfoBase$ExtendedContainerInfo,[applications, app.manager],,null]"
  DYNAMIC_IMPORT_PACKAGE_LIST = class java.util.Collections$UnmodifiableRandomAccessList@344b29de
    serialVersionUID = -2542308836966382001
    serialVersionUID = -283967356065247728
    list = class java.util.Arrays$ArrayList@625aa2c7
      serialVersionUID = -2764017481108945198
      a = class java.lang.String[1]
      modCount = 0
      MAX_ARRAY_SIZE = 2147483639
    serialVersionUID = 1820017752578914078
    c = class java.util.Arrays$ArrayList@625aa2c7
  serialVersionUID = -6153587016903242961
  $$$tc$$$ = class com.ibm.websphere.ras.TraceComponent@2d86d2d
    strings[0] = "TraceComponent[com.ibm.ws.app.manager.war.internal.WARDeployedAppInfo,class com.ibm.ws.app.manager.war.internal.WARDeployedAppInfo,[webcontainer, applications, app.manager],com.ibm.ws.app.manager.war.internal.resources.Messages,null]"
  _tc = class com.ibm.websphere.ras.TraceComponent@6f79dd71
    strings[0] = "TraceComponent[com.ibm.ws.app.manager.module.internal.DeployedAppInfoBase,class com.ibm.ws.app.manager.module.internal.DeployedAppInfoBase,[app.manager],com.ibm.ws.app.manager.module.internal.resources.Messages,null]"
  PERMISSION_XML = "permissions.xml"
  applicationInformation = class com.ibm.ws.app.manager.internal.ApplicationInstallInfo@16a61810
    _config = class com.ibm.ws.app.manager.internal.ApplicationConfig@24b7e965
      tc = class com.ibm.websphere.ras.TraceComponent@15c51c4e
      _configPid = "com.ibm.ws.app.manager_45"
      _config = class com.ibm.ws.config.admin.ConfigurationDictionary@380a2b74
      _applicationManager = class com.ibm.ws.app.manager.ApplicationManager@10ca9488
      _location = "AppWeb.war"
      _type = "war"
      _name = "AppWeb"
      _notificationBroadcasterSupport = class javax.management.NotificationBroadcasterSupport@34cb61b2
      ONE_TIME_JANDEX_MSGS_DISPLAYED = true
    _handlerInfo = class java.util.concurrent.atomic.AtomicReference@f5a65c4
      serialVersionUID = -1848883965231344442
      unsafe = class sun.misc.Unsafe@5ad27271
      valueOffset = 12
      value = class com.ibm.ws.app.manager.war.internal.WARDeployedAppInfo@7e0d4ed4
    _container = class java.util.concurrent.atomic.AtomicReference@501a134
      serialVersionUID = -1848883965231344442
      unsafe = class sun.misc.Unsafe@5ad27271
      valueOffset = 12
      value = class com.ibm.ws.adaptable.module.internal.AdaptableContainerImpl@436d3a8f
    _resolvedLocation = class java.util.concurrent.atomic.AtomicReference@6b85592e
      serialVersionUID = -1848883965231344442
      unsafe = class sun.misc.Unsafe@5ad27271
      valueOffset = 12
      value = class com.ibm.ws.kernel.service.location.internal.LocalFileResource@788ea466
    _handler = class com.ibm.ws.app.manager.war.internal.WARApplicationHandlerImpl@42d2cdf7
      futureMonitor = class com.ibm.ws.threading.internal.FutureMonitorImpl@235f0428
      deployedAppFactory = class com.ibm.ws.app.manager.war.internal.WARDeployedAppInfoFactoryImpl@59e53aca
      serialVersionUID = 4622845147410944782
      $$$tc$$$ = class com.ibm.websphere.ras.TraceComponent@1964736f
    _ami = class java.util.concurrent.atomic.AtomicReference@70e269fa
      serialVersionUID = -1848883965231344442
      unsafe = class sun.misc.Unsafe@5ad27271
      valueOffset = 12
      value = class com.ibm.wsspi.application.handler.DefaultApplicationMonitoringInformation@17b586dd
    _updateHandler = class com.ibm.ws.app.manager.internal.statemachine.ApplicationStateMachineImpl@2cca4667
      _tc = class com.ibm.websphere.ras.TraceComponent@134a2211
      EMPTY_FUTURE_ARRAY = interface java.util.concurrent.Future[0]
      asmSequenceNumber = class java.util.concurrent.atomic.AtomicLong@71f6e9af
      _qscaCounter = class java.util.concurrent.atomic.AtomicInteger@e64a5be
      _failedThrowable = null
      _interruptibleLock = class com.ibm.ws.app.manager.internal.statemachine.ApplicationStateMachineImpl$2@5225baa4
      _interruptible = false
      _performingQueuedActions = true
      _queuedActions = class java.util.concurrent.ConcurrentLinkedQueue@1dfe671d
      _callbackState = class java.util.concurrent.atomic.AtomicReference@10de4d50
      blockAppStartingFutures = class java.util.Collections$SetFromMap@3bbc53a0
      waitingForAppHandlerFuture = class java.util.concurrent.atomic.AtomicReference@44b33ee9
      waitingForExplicitStartFuture = class java.util.concurrent.atomic.AtomicReference@2a1b6fed
      completionListener = class java.util.concurrent.atomic.AtomicReference@484d0333
      _notifyAppStopped = class java.util.concurrent.ConcurrentLinkedQueue@11b578c9
      _notifyAppStarting = class java.util.concurrent.ConcurrentLinkedQueue@4cac5860
      _notifyAppInstallCalled = class java.util.concurrent.ConcurrentLinkedQueue@3db9221f
      _notifyAppStarted = class java.util.concurrent.ConcurrentLinkedQueue@1dcdfa00
      _notifyAppRemoved = class java.util.concurrent.ConcurrentLinkedQueue@2784aa40
      _stateLock = class com.ibm.ws.app.manager.internal.statemachine.ApplicationStateMachineImpl$3@9458988
      _internalState = class java.util.concurrent.atomic.AtomicReference@7d98fb65
      _currentAction = class java.util.concurrent.atomic.AtomicReference@f77132c
      _rfa = class java.util.concurrent.atomic.AtomicReference@d237e28
      _appInstallInfo = class java.util.concurrent.atomic.AtomicReference@280fbfcd
      _update = class java.util.concurrent.atomic.AtomicBoolean@12f62a7a
      _appConfig = class java.util.concurrent.atomic.AtomicReference@252fa57b
      _nextAppConfig = class java.util.concurrent.atomic.AtomicReference@33eb5dc8
      _appContainer = class java.util.concurrent.atomic.AtomicReference@664f6daf
      _resolvedLocation = class java.util.concurrent.atomic.AtomicReference@45c92ee6
      _handler = class java.util.concurrent.atomic.AtomicReference@1d154f59
      _asmSeqNo = 0
      _ctx = class org.eclipse.osgi.internal.framework.BundleContextImpl@a8431d0
      _locAdmin = class com.ibm.ws.kernel.service.location.internal.WsLocationAdminImpl@59b19147
      _futureMonitor = class com.ibm.ws.threading.internal.FutureMonitorImpl@235f0428
      _artifactFactory = class com.ibm.ws.artifact.internal.ArtifactContainerFactoryService@71327c83
      _moduleFactory = class com.ibm.ws.adaptable.module.internal.AdaptableModuleFactoryImpl@467b9504
      _executorService = class com.ibm.ws.threading.internal.ExecutorServiceImpl@5795bdf7
      _scheduledExecutorService = class com.ibm.ws.threading.internal.ScheduledExecutorImpl@71c6b796
      _asmHelper = class com.ibm.ws.app.manager.internal.ApplicationConfigurator$NamedApplication@1f7aed43
      _appMonitor = class com.ibm.ws.app.manager.internal.monitor.ApplicationMonitor@a2c605
      enterStateCalled = class java.util.concurrent.atomic.AtomicBoolean@74f9542e
      serialVersionUID = 6511956370079301927
      serialVersionUID = 5501066335104962649
      $$$tc$$$ = class com.ibm.websphere.ras.TraceComponent@33dc2c22
    serialVersionUID = 2630639237123415755
    $$$tc$$$ = class com.ibm.websphere.ras.TraceComponent@59ae5bb4
      strings[0] = "TraceComponent[com.ibm.ws.app.manager.internal.ApplicationInstallInfo,class com.ibm.ws.app.manager.internal.ApplicationInstallInfo,[applications, app.manager],com.ibm.ws.app.manager.internal.resources.AppManagerMessages,null]"
  location = "D:\devel\tools\wlp\usr\servers\defaultServer\apps\AppWeb.war.xml"
  classLoadingService = class com.ibm.ws.classloading.internal.ClassLoadingServiceImpl@6c7697d1
    tc = class com.ibm.websphere.ras.TraceComponent@3e37a44e
      strings[0] = "TraceComponent[com.ibm.ws.classloading.internal.ClassLoadingServiceImpl,class com.ibm.ws.classloading.internal.ClassLoadingServiceImpl,[ClassLoadingService],com.ibm.ws.classloading.internal.resources.ClassLoadingServiceMessages,null]"
    leakDetectionMap = class java.util.HashMap@4093fa6e
      serialVersionUID = 362498820763181265
      DEFAULT_INITIAL_CAPACITY = 16
      MAXIMUM_CAPACITY = 1073741824
      DEFAULT_LOAD_FACTOR = 0.75
      TREEIFY_THRESHOLD = 8
      UNTREEIFY_THRESHOLD = 6
      MIN_TREEIFY_CAPACITY = 64
      table = null
      entrySet = null
      size = 0
      modCount = 0
      threshold = 0
      loadFactor = 0.75
      keySet = null
      values = null
    TCCL_LOCK_WAIT = 15000
    REFERENCE_GENERATORS = "generators"
    bundleContext = class org.eclipse.osgi.internal.framework.BundleContextImpl@3816edba
      findHookName = "org.osgi.framework.hooks.bundle.FindHook"
      valid = true
      bundle = class org.eclipse.osgi.internal.framework.EquinoxBundle@1b8bdadf
      container = class org.eclipse.osgi.internal.framework.EquinoxContainer@2895181f
      debug = class org.eclipse.osgi.internal.debug.Debug@522b4979
      servicesInUse = class java.util.HashMap@1dacc17e
      activator = null
      contextLock = class java.lang.Object@5dcd0a30
    aclStore = class com.ibm.ws.classloading.internal.util.CanonicalStore@45f5be7f
      map = class java.util.concurrent.ConcurrentHashMap@301a7d5e
      q = class com.ibm.ws.classloading.internal.util.RefQueue@1f4febec
      serialVersionUID = 6715157558227169968
      $$$tc$$$ = class com.ibm.websphere.ras.TraceComponent@449b8a3c
    tcclStore = class com.ibm.ws.classloading.internal.util.CanonicalStore@24f42358
      map = class java.util.concurrent.ConcurrentHashMap@732d19e8
      q = class com.ibm.ws.classloading.internal.util.RefQueue@1901df6d
      serialVersionUID = 6715157558227169968
      $$$tc$$$ = class com.ibm.websphere.ras.TraceComponent@449b8a3c
    tcclStoreLock = class java.util.concurrent.locks.ReentrantLock@d20adbf
      serialVersionUID = 7373984872572414699
      sync = class java.util.concurrent.locks.ReentrantLock$NonfairSync@51e94693
    digraph = class org.eclipse.equinox.internal.region.StandardRegionDigraph@52bf66ff
      EMPTY_EDGE_SET = class java.util.Collections$UnmodifiableSet@be542df
      monitor = class java.lang.Object@3a1f827b
      regions = class java.util.HashMap@1ee3436c
      bundleIdToRegionMapping = class org.eclipse.equinox.internal.region.StandardBundleIdToRegionMapping@4d288e9f
      edges = class java.util.HashMap@6cfade5f
      bundleContext = class org.eclipse.osgi.internal.framework.BundleContextImpl@6970140a
      threadLocal = class java.lang.ThreadLocal@2a3095e1
      subgraphTraverser = class org.eclipse.equinox.internal.region.SubgraphTraverser@2ecc4be8
      bundleCollisionHook = class org.eclipse.equinox.internal.region.hook.RegionBundleCollisionHook@271964d8
      bundleEventHook = class org.eclipse.equinox.internal.region.hook.RegionBundleEventHook@1d2b5e42
      bundleFindHook = class org.eclipse.equinox.internal.region.hook.RegionBundleFindHook@331a4f9b
      serviceEventHook = class org.eclipse.equinox.internal.region.hook.RegionServiceEventHook@7fc5d11b
      serviceFindHook = class org.eclipse.equinox.internal.region.hook.RegionServiceFindHook@1396459f
      resolverHookFactory = class org.eclipse.equinox.internal.region.hook.RegionResolverHookFactory@5488d0e1
      origin = null
      originUpdateCount = -1
      updateCount = class java.util.concurrent.atomic.AtomicLong@350f3b7c
      defaultRegion = null
    redefiner = class com.ibm.ws.classloading.internal.util.ClassRedefiner@674c2172
      tc = class com.ibm.websphere.ras.TraceComponent@75e2721a
      LS = "
"
      inst = class com.ibm.ws.kernel.launch.internal.TraceInstrumentation@3c080c7
      serialVersionUID = 2420101865139508526
    listener = class com.ibm.ws.classloading.internal.ClassLoadingServiceImpl$1@3a513c91
      this$0 = class com.ibm.ws.classloading.internal.ClassLoadingServiceImpl@6c7697d1
      serialVersionUID = -9159707349812113172
      $$$tc$$$ = class com.ibm.websphere.ras.TraceComponent@711aba26
    classloaders = class java.util.Collections$SynchronizedMap@3fba3660
      serialVersionUID = 1978198479659022715
      m = class java.util.HashMap@665c757a
      mutex = class java.util.Collections$SynchronizedMap@3fba3660
      keySet = null
      entrySet = null
      values = null
    resourceProviders = class com.ibm.ws.classloading.internal.CompositeResourceProvider@37ff297d
      lockFactory = class java.util.concurrent.locks.ReentrantReadWriteLock@72611f2a
      providerMap = class com.ibm.ws.classloading.internal.util.MultiMap@5171cf0d
      serialVersionUID = -5576435894946156347
      $$$tc$$$ = class com.ibm.websphere.ras.TraceComponent@2dae034d
    rememberedBundles = class java.util.concurrent.ConcurrentHashMap@1e5e39e3
      serialVersionUID = 7249069246763182397
      MAXIMUM_CAPACITY = 1073741824
      DEFAULT_CAPACITY = 16
      MAX_ARRAY_SIZE = 2147483639
      DEFAULT_CONCURRENCY_LEVEL = 16
      LOAD_FACTOR = 0.75
      TREEIFY_THRESHOLD = 8
      UNTREEIFY_THRESHOLD = 6
      MIN_TREEIFY_CAPACITY = 64
      MIN_TRANSFER_STRIDE = 16
      RESIZE_STAMP_BITS = 16
      MAX_RESIZERS = 65535
      RESIZE_STAMP_SHIFT = 16
      MOVED = -1
      TREEBIN = -2
      RESERVED = -3
      HASH_BITS = 2147483647
      NCPU = 4
      serialPersistentFields = class java.io.ObjectStreamField[3]
      table = class java.util.concurrent.ConcurrentHashMap$Node[16]
      nextTable = null
      baseCount = 5
      sizeCtl = 12
      transferIndex = 0
      cellsBusy = 0
      counterCells = null
      keySet = null
      values = null
      entrySet = null
      U = class sun.misc.Unsafe@5ad27271
      SIZECTL = 20
      TRANSFERINDEX = 32
      BASECOUNT = 24
      CELLSBUSY = 36
      CELLVALUE = 144
      ABASE = 16
      ASHIFT = 2
      keySet = null
      values = null
    collectedBundles = class java.lang.ref.ReferenceQueue@2d583b0d
      NULL = class java.lang.ref.ReferenceQueue$Null@731f7343
      ENQUEUED = class java.lang.ref.ReferenceQueue$Null@7a0c40d4
      lock = class java.lang.ref.ReferenceQueue$Lock@46910c3f
      head = null
      queueLength = 0
      $assertionsDisabled = true
    generatorRefs = class com.ibm.wsspi.kernel.service.utils.ConcurrentServiceReferenceSet@220eef53
      referenceName = "generators"
      contextRef = class java.util.concurrent.atomic.AtomicReference@177f37bc
      elementMap = class java.util.LinkedHashMap@2c39f44c
      elementSet = class java.util.concurrent.ConcurrentSkipListSet@134e2241
      elementSetUnsorted = false
      serialVersionUID = 756240983881166148
      $$$tc$$$ = class com.ibm.websphere.ras.TraceComponent@6fd5576
    generatorManager = class com.ibm.ws.classloading.internal.ClassGeneratorManager@67e26267
      tc = class com.ibm.websphere.ras.TraceComponent@35a5f22e
      generatorRefs = class com.ibm.wsspi.kernel.service.utils.ConcurrentServiceReferenceSet@220eef53
      serialVersionUID = 4152663586056483310
    appExtLibs = class java.util.concurrent.CopyOnWriteArrayList@43bf11f0
      serialVersionUID = 8673264195747942595
      lock = class java.util.concurrent.locks.ReentrantLock@4508726f
      array = class java.lang.Object[0]
      UNSAFE = class sun.misc.Unsafe@5ad27271
      lockOffset = 12
    globalConfig = class com.ibm.ws.classloading.configuration.GlobalClassloadingConfiguration@dc56c3b
      properties = class org.apache.felix.scr.impl.helper.ReadOnlyDictionary@68e6f719
      serialVersionUID = 452562347104713756
      $$$tc$$$ = class com.ibm.websphere.ras.TraceComponent@738e2d2d
    metaInfServicesProviders = class java.util.concurrent.ConcurrentHashMap@62bbcd41
      serialVersionUID = 7249069246763182397
      MAXIMUM_CAPACITY = 1073741824
      DEFAULT_CAPACITY = 16
      MAX_ARRAY_SIZE = 2147483639
      DEFAULT_CONCURRENCY_LEVEL = 16
      LOAD_FACTOR = 0.75
      TREEIFY_THRESHOLD = 8
      UNTREEIFY_THRESHOLD = 6
      MIN_TREEIFY_CAPACITY = 64
      MIN_TRANSFER_STRIDE = 16
      RESIZE_STAMP_BITS = 16
      MAX_RESIZERS = 65535
      RESIZE_STAMP_SHIFT = 16
      MOVED = -1
      TREEBIN = -2
      RESERVED = -3
      HASH_BITS = 2147483647
      NCPU = 4
      serialPersistentFields = class java.io.ObjectStreamField[3]
      table = null
      nextTable = null
      baseCount = 0
      sizeCtl = 0
      transferIndex = 0
      cellsBusy = 0
      counterCells = null
      keySet = null
      values = null
      entrySet = null
      U = class sun.misc.Unsafe@5ad27271
      SIZECTL = 20
      TRANSFERINDEX = 32
      BASECOUNT = 24
      CELLSBUSY = 36
      CELLVALUE = 144
      ABASE = 16
      ASHIFT = 2
      keySet = null
      values = null
    metaInfServicesRefs = class com.ibm.wsspi.kernel.service.utils.ConcurrentServiceReferenceMap@e571248
      referenceName = "MetaInfServicesProvider"
      context = class org.apache.felix.scr.impl.manager.ComponentContextImpl@1281dc97
      elementMap = class java.util.concurrent.ConcurrentHashMap@444e7d68
      serialVersionUID = 6980924785166233786
      $$$tc$$$ = class com.ibm.websphere.ras.TraceComponent@401318
    protectionDomainMap = class java.util.HashMap@35dcb2e3
      serialVersionUID = 362498820763181265
      DEFAULT_INITIAL_CAPACITY = 16
      MAXIMUM_CAPACITY = 1073741824
      DEFAULT_LOAD_FACTOR = 0.75
      TREEIFY_THRESHOLD = 8
      UNTREEIFY_THRESHOLD = 6
      MIN_TREEIFY_CAPACITY = 64
      table = null
      entrySet = null
      size = 0
      modCount = 0
      threshold = 0
      loadFactor = 0.75
      keySet = null
      values = null
    metadataIdentifierService = class com.ibm.ws.container.service.metadata.internal.MetaDataServiceImpl@6aea48c4
    globalSharedLibrary = class java.util.concurrent.atomic.AtomicReference@13deb4d7
      serialVersionUID = -1848883965231344442
      unsafe = class sun.misc.Unsafe@5ad27271
      valueOffset = 12
      value = null
    serialVersionUID = -2277344858934055980
  globalSharedLibrary = class com.ibm.ws.library.internal.SharedLibraryImpl@41dd9dc1
    tc = class com.ibm.websphere.ras.TraceComponent@3e2f0843
      strings[0] = "TraceComponent[com.ibm.ws.library.internal.SharedLibraryImpl,class com.ibm.ws.library.internal.SharedLibraryImpl,[SharedLibrary],com.ibm.ws.classloading.internal.resources.ClassLoadingServiceMessages,null]"
    EMPTY_LIBRARY_LISTENERS = interface com.ibm.wsspi.library.LibraryChangeListener[0]
    deleted = false
    libraryListenersTracker = class org.osgi.util.tracker.ServiceTracker@517af690
      DEBUG = false
      context = class org.eclipse.osgi.internal.framework.BundleContextImpl@3816edba
      filter = class org.eclipse.osgi.internal.framework.FilterImpl@7d9f61ab
      customizer = class org.osgi.util.tracker.ServiceTracker@517af690
      listenerFilter = "(&(objectClass=com.ibm.wsspi.library.LibraryChangeListener)(|(library=global)(libraryRef=*com.ibm.ws.classloading.sharedlibrary_12*)))"
      trackClass = null
      trackReference = null
      tracked = class org.osgi.util.tracker.ServiceTracker$Tracked@7f5edcb9
      cachedReference = null
      cachedService = null
    libraryReg = class org.eclipse.osgi.internal.serviceregistry.ServiceRegistrationImpl@58ebd47d
      registry = class org.eclipse.osgi.internal.serviceregistry.ServiceRegistry@25eee1e7
      context = class org.eclipse.osgi.internal.framework.BundleContextImpl@3816edba
      bundle = class org.eclipse.osgi.internal.framework.EquinoxBundle@1b8bdadf
      clazzes = class java.lang.String[1]
      service = class com.ibm.ws.library.internal.SharedLibraryImpl@41dd9dc1
      reference = class org.eclipse.osgi.internal.serviceregistry.ServiceReferenceImpl@77308a5c
      contextsUsing = class java.util.ArrayList@60c0d3bc
      properties = class java.util.Collections$UnmodifiableMap@6be5343
      serviceid = 308
      serviceranking = 1
      registrationLock = class java.lang.Object@297cd2b6
      state = 0
      REGISTERED = 0
      UNREGISTERING = 1
      UNREGISTERED = 2
      FRAMEWORK_SET_SERVICE_PROPERTIES_COUNT = 4
      $assertionsDisabled = true
    ctx = class org.eclipse.osgi.internal.framework.BundleContextImpl@3816edba
    classLoadingService = class com.ibm.ws.classloading.internal.ClassLoadingServiceImpl@6c7697d1
    configAdmin = class com.ibm.ws.config.admin.internal.ConfigurationAdminImpl@3ae83e96
      tc = class com.ibm.websphere.ras.TraceComponent@7415b4bc
      bundle = class org.eclipse.osgi.internal.framework.EquinoxBundle@1b8bdadf
      caFactory = class com.ibm.ws.config.admin.internal.ConfigAdminServiceFactory@75a397bf
      serialVersionUID = -2875522750804142523
    resolvedBasePath = "D:/devel/tools/wlp/usr/servers/defaultServer/"
    generationLock = class com.ibm.ws.library.internal.SharedLibraryImpl$1@62ccc178
      this$0 = class com.ibm.ws.library.internal.SharedLibraryImpl@41dd9dc1
      serialVersionUID = 2483639803450672373
      $$$tc$$$ = class com.ibm.websphere.ras.TraceComponent@40a4bf1
    currentGeneration = class com.ibm.ws.library.internal.LibraryGeneration@523e8dc4
      tc = class com.ibm.websphere.ras.TraceComponent@22cf050d
      nextInt = class java.util.concurrent.atomic.AtomicInteger@671c93c8
      libraryId = "global"
      genId = 1
      libraryProps = class java.util.Hashtable@45d98bb
      filesetRefs = class java.util.Collections$UnmodifiableRandomAccessList@3862b42a
      apiTypeVisibility = class java.util.RegularEnumSet@27de21b7
      files = class java.util.Collections$EmptyList@58c6eff4
      folders = class java.util.ArrayList@245f7457
      fileAndFolderContainers = class java.util.Collections$EmptyList@58c6eff4
      filesets = class java.util.concurrent.ArrayBlockingQueue@4c2fa827
      filesetListenerRegs = class java.util.concurrent.ConcurrentLinkedQueue@61c1966c
      cancelled = false
      library = class com.ibm.ws.library.internal.SharedLibraryImpl@41dd9dc1
      serialVersionUID = 6965220007121905717
    nextGeneration = class com.ibm.ws.library.internal.LibraryGeneration@523e8dc4
    artifactContainerFactory = class com.ibm.ws.library.internal.SharedLibraryFactory$1@54762f65
      this$0 = class com.ibm.ws.library.internal.SharedLibraryFactory@7fafe740
      serialVersionUID = 7730244564205089330
      $$$tc$$$ = class com.ibm.websphere.ras.TraceComponent@681ff2d1
    packageExporter = class com.ibm.ws.library.internal.LibraryPackageExporter@2f91b7f3
      EXPORTER_POSTFIX = "_library_exporter"
      REGION_EXPORT_TO_LIBERTY = "liberty.library.export.to.liberty"
      REGION_EXPORT_TO_OSGI_APPS = "liberty.library.export.to.osgi.app"
      REGION_KERNEL = "org.eclipse.equinox.region.kernel"
      counter = class java.util.concurrent.atomic.AtomicLong@25fa9a81
      context = class org.eclipse.osgi.internal.framework.BundleContextImpl@3816edba
      digraph = class org.eclipse.equinox.internal.region.StandardRegionDigraph@52bf66ff
      bundleToLibrary = class java.util.concurrent.ConcurrentHashMap@5ab29486
      libraryToVisibility = class java.util.concurrent.ConcurrentHashMap@6fcd80a1
      serialVersionUID = 8074378969667956573
      $$$tc$$$ = class com.ibm.websphere.ras.TraceComponent@73f5a72d
    serialVersionUID = 6288237618632180389
  sharedLibDeploymentInfo = class com.ibm.ws.app.manager.module.internal.DeployedAppInfoBase$SharedLibDeploymentInfo@75a41380
    bundleContext = class org.eclipse.osgi.internal.framework.BundleContextImpl@a816e1d
      findHookName = "org.osgi.framework.hooks.bundle.FindHook"
      valid = true
      bundle = class org.eclipse.osgi.internal.framework.EquinoxBundle@238a9a61
      container = class org.eclipse.osgi.internal.framework.EquinoxContainer@2895181f
      debug = class org.eclipse.osgi.internal.debug.Debug@522b4979
      servicesInUse = class java.util.HashMap@330467d7
      activator = null
      contextLock = class java.lang.Object@3a08b688
    locAdmin = class com.ibm.ws.kernel.service.location.internal.WsLocationAdminImpl@59b19147
      tc = class com.ibm.websphere.ras.TraceComponent@3913546f
      LOC_INTERNAL_LIB_DIR = "wlp.lib.dir"
      LOC_AREA_NAME_APPS = "shared/apps/"
      LOC_AREA_NAME_CONFIG = "shared/config/"
      LOC_AREA_NAME_RESC = "shared/resources/"
      LOC_AREA_NAME_STATE = "logs/state/"
      LOC_AREA_NAME_SERVERS = "servers/"
      LOC_AREA_NAME_CLIENTS = "clients/"
      LOC_AREA_NAME_WORKING = "workarea/"
      LOC_AREA_NAME_EXTENSION = "extension/"
      instance = class com.ibm.ws.staticvalue.StaticValue$FinalSingleton@c88a41d
      installRoot = class com.ibm.ws.kernel.service.location.internal.SymbolicRootResource@6c9ca705
      installParentRoot = class com.ibm.ws.kernel.service.location.internal.SymbolicRootResource@7b0056ee
      userRoot = class com.ibm.ws.kernel.service.location.internal.SymbolicRootResource@231b7678
      usrExtensionRoot = class com.ibm.ws.kernel.service.location.internal.SymbolicRootResource@6a7a964a
      serverConfigDir = class com.ibm.ws.kernel.service.location.internal.SymbolicRootResource@6357a08f
      serverOutputDir = class com.ibm.ws.kernel.service.location.internal.SymbolicRootResource@6357a08f
      bootstrapLib = class com.ibm.ws.kernel.service.location.internal.LocalFileResource@1a193d2d
      serverWorkarea = class com.ibm.ws.kernel.service.location.internal.LocalFileResource@624930a0
      serverState = class com.ibm.ws.kernel.service.location.internal.LocalFileResource@5cbf3265
      sharedAppsRoot = class com.ibm.ws.kernel.service.location.internal.SymbolicRootResource@232b2a5
      sharedConfigRoot = class com.ibm.ws.kernel.service.location.internal.SymbolicRootResource@5191079b
      sharedResourceRoot = class com.ibm.ws.kernel.service.location.internal.SymbolicRootResource@7a76e139
      tmpRoot = class com.ibm.ws.kernel.service.location.internal.SymbolicRootResource@5fffc808
      serverName = "defaultServer"
      resourcePaths = class java.util.ArrayList@484ffec8
      resourceGroups = class java.util.HashMap@11bb8585
      commonRoot = class com.ibm.ws.kernel.service.location.internal.VirtualRootResource@5c89d1a2
      serialVersionUID = 7766352982799267432
    artifactFactory = class com.ibm.ws.artifact.internal.ArtifactContainerFactoryService@71327c83
      CATEGORY_PROP_NAME = "category"
      ENTRY_KEY = "com.ibm.wsspi.artifact.ArtifactEntry"
      helperMap = class com.ibm.wsspi.kernel.service.utils.ConcurrentServiceReferenceSetMap@7358dee7
      contributorMap = class com.ibm.wsspi.kernel.service.utils.ConcurrentServiceReferenceSetMap@354f36a7
      helperCategoryMap = class com.ibm.wsspi.kernel.service.utils.ConcurrentServiceReferenceSetMap@70bac304
      contributorCategoryMap = class com.ibm.wsspi.kernel.service.utils.ConcurrentServiceReferenceSetMap@1f6d3ac8
      categories = class java.util.Collections$SynchronizedSet@2a776024
      baseProperties = class org.apache.felix.scr.impl.helper.ReadOnlyDictionary@664191c3
      serialVersionUID = -3101641399269402013
      $$$tc$$$ = class com.ibm.websphere.ras.TraceComponent@491414a
    moduleFactory = class com.ibm.ws.adaptable.module.internal.AdaptableModuleFactoryImpl@467b9504
      adapterFactoryService = class com.ibm.ws.adaptable.module.internal.AdapterFactoryServiceImpl@60554afb
      containerFactory = class com.ibm.ws.artifact.internal.ArtifactContainerFactoryService@71327c83
      overlayContainerFactory = class com.ibm.ws.artifact.overlay.internal.OverlayContainerFactoryImpl@4efde41
      serialVersionUID = 4200251809856292987
      $$$tc$$$ = class com.ibm.websphere.ras.TraceComponent@1df33332
    classesContainerInfo = class java.util.ArrayList@49b8ddb0
      serialVersionUID = 8683452581122892189
      DEFAULT_CAPACITY = 10
      EMPTY_ELEMENTDATA = class java.lang.Object[0]
      DEFAULTCAPACITY_EMPTY_ELEMENTDATA = class java.lang.Object[0]
      elementData = class java.lang.Object[0]
      size = 0
      MAX_ARRAY_SIZE = 2147483639
      modCount = 0
      MAX_ARRAY_SIZE = 2147483639
    serialVersionUID = -9033256786848720484
    $$$tc$$$ = class com.ibm.websphere.ras.TraceComponent@4793e4d0
      strings[0] = "TraceComponent[com.ibm.ws.app.manager.module.internal.DeployedAppInfoBase$SharedLibDeploymentInfo,class com.ibm.ws.app.manager.module.internal.DeployedAppInfoBase$SharedLibDeploymentInfo,[applications, app.manager],,null]"
  futureMonitor = class com.ibm.ws.threading.internal.FutureMonitorImpl@235f0428
    _monitor = class java.util.concurrent.ConcurrentLinkedQueue@21a5c4f
      serialVersionUID = 196745693267521676
      head = class java.util.concurrent.ConcurrentLinkedQueue$Node@5dbe9d77
      tail = class java.util.concurrent.ConcurrentLinkedQueue$Node@5dbe9d77
      UNSAFE = class sun.misc.Unsafe@5ad27271
      headOffset = 12
      tailOffset = 16
      MAX_ARRAY_SIZE = 2147483639
    _executor = class com.ibm.ws.threading.internal.ScheduledExecutorImpl@71c6b796
      threadGroupName = "Scheduled Executor Thread Group"
      executor = class com.ibm.ws.threading.internal.ExecutorServiceImpl@5795bdf7
      serialVersionUID = -9110693807503469597
      $$$tc$$$ = class com.ibm.websphere.ras.TraceComponent@4fb7235e
      continueExistingPeriodicTasksAfterShutdown = false
      executeExistingDelayedTasksAfterShutdown = true
      removeOnCancel = false
      sequencer = class java.util.concurrent.atomic.AtomicLong@1b0db8a2
      ctl = class java.util.concurrent.atomic.AtomicInteger@642f670d
      COUNT_BITS = 29
      CAPACITY = 536870911
      RUNNING = -536870912
      SHUTDOWN = 0
      STOP = 536870912
      TIDYING = 1073741824
      TERMINATED = 1610612736
      workQueue = class java.util.concurrent.ScheduledThreadPoolExecutor$DelayedWorkQueue@6232eaed
      mainLock = class java.util.concurrent.locks.ReentrantLock@18b29959
      workers = class java.util.HashSet@6e0cea45
      termination = class java.util.concurrent.locks.AbstractQueuedSynchronizer$ConditionObject@7184ef86
      largestPoolSize = 1
      completedTaskCount = 0
      threadFactory = class com.ibm.ws.threading.internal.ThreadFactoryImpl@41406d9
      handler = class java.util.concurrent.ThreadPoolExecutor$AbortPolicy@8603f53
      keepAliveTime = 0
      allowCoreThreadTimeOut = false
      corePoolSize = 1
      maximumPoolSize = 2147483647
      defaultHandler = class java.util.concurrent.ThreadPoolExecutor$AbortPolicy@8603f53
      shutdownPerm = class java.lang.RuntimePermission@1b7b2d8
      acc = null
      ONLY_ONE = true
      $assertionsDisabled = true
    _threadRunning = class java.util.concurrent.atomic.AtomicBoolean@7a5247ca
      serialVersionUID = 4654671469794556979
      unsafe = class sun.misc.Unsafe@5ad27271
      valueOffset = 12
      value = 0
    _thread = class com.ibm.ws.threading.internal.FutureMonitorImpl$1@22099afb
      this$0 = class com.ibm.ws.threading.internal.FutureMonitorImpl@235f0428
      serialVersionUID = 2422512430832938099
      $$$tc$$$ = class com.ibm.websphere.ras.TraceComponent@71b51c65
    serialVersionUID = 2765238413969174390
    $$$tc$$$ = class com.ibm.websphere.ras.TraceComponent@19f360c6
      strings[0] = "TraceComponent[com.ibm.ws.threading.internal.FutureMonitorImpl,class com.ibm.ws.threading.internal.FutureMonitorImpl,[Threading],com.ibm.ws.threading.internal.resources.ThreadingMessages,null]"
  configAdmin = class com.ibm.ws.config.admin.internal.ConfigurationAdminImpl@7bcfc78d
    tc = class com.ibm.websphere.ras.TraceComponent@7415b4bc
      strings[0] = "TraceComponent[com.ibm.ws.config.admin.internal.ConfigurationAdminImpl,class com.ibm.ws.config.admin.internal.ConfigurationAdminImpl,[config],com.ibm.ws.config.internal.resources.ConfigMessages,null]"
    bundle = class org.eclipse.osgi.internal.framework.EquinoxBundle@238a9a61
      equinoxContainer = class org.eclipse.osgi.internal.framework.EquinoxContainer@2895181f
      module = class org.eclipse.osgi.internal.framework.EquinoxBundle$EquinoxModule@3f4b9d25
      monitor = class java.lang.Object@683a8735
      context = class org.eclipse.osgi.internal.framework.BundleContextImpl@a816e1d
      signerInfos = null
      $SWITCH_TABLE$org$eclipse$osgi$container$Module$State = {1,2,3,4,5,6,7} /* array length = 7 */
    caFactory = class com.ibm.ws.config.admin.internal.ConfigAdminServiceFactory@75a397bf
      tc = class com.ibm.websphere.ras.TraceComponent@65be4d6f
      configurationPermission = class org.osgi.service.cm.ConfigurationPermission@2815a092
      INDEX_DICTIONARY = 0
      INDEX_LOCATION = 1
      INDEX_METATYPE_PROCESSED = 2
      INDEX_IN_OVERRIDES_FILE = 3
      INDEX_REFERENCES = 4
      INDEX_UNIQUES = 5
      bundleContext = class org.eclipse.osgi.internal.framework.BundleContextImpl@163b46e9
      msTracker = class com.ibm.ws.config.admin.internal.ManagedServiceTracker@239f06a3
      msfTracker = class com.ibm.ws.config.admin.internal.ManagedServiceFactoryTracker@66929a1f
      pluginManager = class com.ibm.ws.config.admin.internal.PluginManager@6ba84269
      configurationStore = class com.ibm.ws.config.admin.internal.ConfigurationStore@6e3c6ebe
      updateQueue = class com.ibm.ws.config.admin.internal.UpdateQueue@354dc7c4
      ced = class com.ibm.ws.config.admin.internal.ConfigEventDispatcher@477de110
      idMap = class java.util.Collections$SynchronizedMap@6eef589c
      referenceMap = class java.util.Collections$SynchronizedMap@63ab8261
      variableRegistryTracker = class org.osgi.util.tracker.ServiceTracker@38831a37
      variableRegistry = class com.ibm.ws.kernel.service.location.internal.VariableRegistryHelper@105e0956
      configurationAdminRef = class org.eclipse.osgi.internal.serviceregistry.ServiceRegistrationImpl@64496e3b
      serialVersionUID = 6695202270027014725
    serialVersionUID = -2875522750804142523
  libraryConfigHelper = class com.ibm.ws.classloading.ClassLoaderConfigHelper@69b7690f
    tc = class com.ibm.websphere.ras.TraceComponent@322cd29a
      strings[0] = "TraceComponent[com.ibm.ws.classloading.ClassLoaderConfigHelper,class com.ibm.ws.classloading.ClassLoaderConfigHelper,[ClassLoadingService],com.ibm.ws.classloading.internal.resources.ClassLoadingServiceMessages,null]"
    DEFAULT_API_TYPES = class java.util.RegularEnumSet@108f3441
      serialVersionUID = 3411599620347842686
      elements = 23
      elementType = class java.lang.Class@355568dc
      universe = class com.ibm.wsspi.classloading.ApiType[5]
      ZERO_LENGTH_ENUM_ARRAY = class java.lang.Enum[0]
      MAX_ARRAY_SIZE = 2147483639
    sharedLibraries = class java.util.Collections$EmptyList@58c6eff4
      serialVersionUID = 8842843931221139166
      modCount = 0
      MAX_ARRAY_SIZE = 2147483639
    commonLibraries = class java.util.Collections$EmptyList@58c6eff4
    classProviders = class java.util.Collections$EmptyList@58c6eff4
    sharedLibrariesPids = null
    commonLibrariesPids = null
    isDelegateLast = false
    apiTypes = class java.util.RegularEnumSet@108f3441
    classLoaderConfigProps = null
    serialVersionUID = 7643888529935916418
  isDelegateLast = false
  permissionManager = class com.ibm.ws.classloading.java2sec.PermissionManager@502d2f36
    tc = class com.ibm.websphere.ras.TraceComponent@ae24498
      strings[0] = "TraceComponent[com.ibm.ws.classloading.java2sec.PermissionManager,class com.ibm.ws.classloading.java2sec.PermissionManager,[Java2SecurityUtil],com.ibm.ws.classloading.internal.resources.Java2SecurityUtilMessages,null]"
    classLoadingService = class com.ibm.ws.classloading.internal.ClassLoadingServiceImpl@6c7697d1
    DEFAULT_SERVER_RESTRICTABLE_PERMISSIONS = class java.security.Permission[4]
      Permission[0] = class java.lang.RuntimePermission@33adc6a0
      Permission[1] = class java.lang.RuntimePermission@19b723b8
      Permission[2] = class java.security.SecurityPermission@5d1d9ad2
      Permission[3] = class javax.security.auth.AuthPermission@76aa4e4a
    DEFAULT_CLIENT_RESTRICTABLE_PERMISSIONS = class java.security.Permission[3]
      Permission[0] = class java.lang.RuntimePermission@6fb9defe
      Permission[1] = class java.security.SecurityPermission@583a01f8
      Permission[2] = class javax.security.auth.AuthPermission@726d38f9
    isServer = true
    wsjarUrlStreamHandlerAvailable = true
    restrictablePermissions = class java.util.ArrayList@28af7801
      serialVersionUID = 8683452581122892189
      DEFAULT_CAPACITY = 10
      EMPTY_ELEMENTDATA = class java.lang.Object[0]
      DEFAULTCAPACITY_EMPTY_ELEMENTDATA = class java.lang.Object[0]
      elementData = class java.lang.Object[10]
      size = 4
      MAX_ARRAY_SIZE = 2147483639
      modCount = 4
      MAX_ARRAY_SIZE = 2147483639
    grantedPermissions = class java.util.ArrayList@30470863
      serialVersionUID = 8683452581122892189
      DEFAULT_CAPACITY = 10
      EMPTY_ELEMENTDATA = class java.lang.Object[0]
      DEFAULTCAPACITY_EMPTY_ELEMENTDATA = class java.lang.Object[0]
      elementData = class java.lang.Object[10]
      size = 1
      MAX_ARRAY_SIZE = 2147483639
      modCount = 1
      MAX_ARRAY_SIZE = 2147483639
    KEY_PERMISSION = "permission"
    INCORRECT_PERMISSION_CONFIGURATION = "INCORRECT_PERMISSION_CONFIGURATION"
    PERMISSION_CLASSNOTFOUND = "PERMISSION_CLASSNOTFOUND"
    SERVER_XML = "server.xml"
    CLIENT_XML = "client.xml"
    originationFile = "server.xml"
    permissions = class com.ibm.wsspi.kernel.service.utils.ConcurrentServiceReferenceSet@78a6002d
      referenceName = "permission"
      contextRef = class java.util.concurrent.atomic.AtomicReference@366f7a48
      elementMap = class java.util.LinkedHashMap@88197d4
      elementSet = class java.util.concurrent.ConcurrentSkipListSet@7e200b6
      elementSetUnsorted = false
      serialVersionUID = 756240983881166148
      $$$tc$$$ = class com.ibm.websphere.ras.TraceComponent@6fd5576
    codeBasePermissionMap = class java.util.HashMap@42252b92
      serialVersionUID = 362498820763181265
      DEFAULT_INITIAL_CAPACITY = 16
      MAXIMUM_CAPACITY = 1073741824
      DEFAULT_LOAD_FACTOR = 0.75
      TREEIFY_THRESHOLD = 8
      UNTREEIFY_THRESHOLD = 6
      MIN_TREEIFY_CAPACITY = 64
      table = null
      entrySet = null
      size = 0
      modCount = 0
      threshold = 0
      loadFactor = 0.75
      keySet = class java.util.HashMap$KeySet@76d71c4c
      values = null
    permissionXMLPermissionMap = class java.util.HashMap@11992ca7
      serialVersionUID = 362498820763181265
      DEFAULT_INITIAL_CAPACITY = 16
      MAXIMUM_CAPACITY = 1073741824
      DEFAULT_LOAD_FACTOR = 0.75
      TREEIFY_THRESHOLD = 8
      UNTREEIFY_THRESHOLD = 6
      MIN_TREEIFY_CAPACITY = 64
      table = null
      entrySet = null
      size = 0
      modCount = 0
      threshold = 0
      loadFactor = 0.75
      keySet = null
      values = null
    serialVersionUID = 3514017629123673923
  permissionsConfig = null
  serialVersionUID = 5168023053972273360
  appInfo = class com.ibm.ws.container.service.app.deploy.internal.ApplicationInfoImpl@25ce5071
    appName = "AppWeb"
    appMetaData = class com.ibm.ws.container.service.app.deploy.internal.ApplicationMetaDataImpl@127646c7
      j2eeName = class com.ibm.ws.container.service.metadata.internal.J2EENameImpl@32547160
      serialVersionUID = -7906531148367236579
      $$$tc$$$ = class com.ibm.websphere.ras.TraceComponent@439e67c4
      tc = class com.ibm.websphere.ras.TraceComponent@89fb810
      NUM_STATIC_SLOTS = 4
      ID_UNINITIALIZED = -1
      id = 1
      metaDataInterface = class java.lang.Class@5c854291
      staticSlots = class java.lang.Object[4]
      dynamicSlots = class java.lang.Object[4]
    appContainer = class com.ibm.ws.adaptable.module.internal.AdaptableContainerImpl@436d3a8f
    configHelper = class com.ibm.ws.app.manager.module.ApplicationNestedConfigHelper@55fc9115
      appInfo = class com.ibm.ws.app.manager.internal.ApplicationInstallInfo@16a61810
      serialVersionUID = -3174031738676705046
      $$$tc$$$ = class com.ibm.websphere.ras.TraceComponent@2001e6cd
    applicationInformation = class com.ibm.ws.app.manager.internal.ApplicationInstallInfo@16a61810
    serialVersionUID = -505303337196743781
    $$$tc$$$ = class com.ibm.websphere.ras.TraceComponent@fa89c43
      strings[0] = "TraceComponent[com.ibm.ws.container.service.app.deploy.internal.ApplicationInfoImpl,class com.ibm.ws.container.service.app.deploy.internal.ApplicationInfoImpl,[container.service],com.ibm.ws.container.service.resources.Messages,null]"
  modulesDeployed = class java.util.ArrayList@59751bb4
    serialVersionUID = 8683452581122892189
    DEFAULT_CAPACITY = 10
    EMPTY_ELEMENTDATA = class java.lang.Object[0]
    DEFAULTCAPACITY_EMPTY_ELEMENTDATA = class java.lang.Object[0]
    elementData = class java.lang.Object[10]
      Object[0] = class com.ibm.ws.app.manager.module.internal.DeployedModuleInfoImpl@2c7cc161
      Object[1] = null
      Object[2] = null
      Object[3] = null
      Object[4] = null
      Object[5] = null
      Object[6] = null
      Object[7] = null
      Object[8] = null
      Object[9] = null
    size = 1
    MAX_ARRAY_SIZE = 2147483639
    modCount = 1
    MAX_ARRAY_SIZE = 2147483639
  starting = true
  started = false
  appInfoFactory = class com.ibm.ws.container.service.app.deploy.internal.ApplicationInfoFactoryImpl@5307990d
    j2eeNameFactory = class com.ibm.wsspi.kernel.service.utils.AtomicServiceReference@4ac5be98
      referenceName = "j2eeNameFactory"
      tuple = class java.util.concurrent.atomic.AtomicReference@2a63e534
      serialVersionUID = 2226592364007985000
      $$$tc$$$ = class com.ibm.websphere.ras.TraceComponent@15d6acd
    names = class java.util.HashSet@27e0b866
      serialVersionUID = -5024744406713321676
      map = class java.util.HashMap@50d19226
      PRESENT = class java.lang.Object@272901a3
      MAX_ARRAY_SIZE = 2147483639
    serialVersionUID = 7443990212682384945
    $$$tc$$$ = class com.ibm.websphere.ras.TraceComponent@3f8231d1
      strings[0] = "TraceComponent[com.ibm.ws.container.service.app.deploy.internal.ApplicationInfoFactoryImpl,class com.ibm.ws.container.service.app.deploy.internal.ApplicationInfoFactoryImpl,[container.service],com.ibm.ws.container.service.resources.Messages,null]"
  metaDataService = class com.ibm.ws.container.service.metadata.internal.MetaDataServiceImpl@6aea48c4
    applicationMetaDataManager = class com.ibm.ws.container.service.metadata.internal.ApplicationMetaDataManager@2fb3a228
      serialVersionUID = 1843747281024490904
      $$$tc$$$ = class com.ibm.websphere.ras.TraceComponent@3d626c6d
      listeners = class com.ibm.wsspi.kernel.service.utils.ConcurrentServiceReferenceSet@e997c74
      metaDataIDs = class com.ibm.ws.container.service.metadata.internal.IndexList@2ade0a42
      metaDatas = class java.util.ArrayList@76b8405e
      slotIDs = class com.ibm.ws.container.service.metadata.internal.IndexList@4e56c670
      serialVersionUID = 5464421863354792977
      $$$tc$$$ = class com.ibm.websphere.ras.TraceComponent@77eac680
    moduleMetaDataManager = class com.ibm.ws.container.service.metadata.internal.ModuleMetaDataManager@19c020c4
      serialVersionUID = 2513574389899327209
      $$$tc$$$ = class com.ibm.websphere.ras.TraceComponent@5cd40106
      listeners = class com.ibm.wsspi.kernel.service.utils.ConcurrentServiceReferenceSet@181d61df
      metaDataIDs = class com.ibm.ws.container.service.metadata.internal.IndexList@6991313f
      metaDatas = class java.util.ArrayList@530dcd51
      slotIDs = class com.ibm.ws.container.service.metadata.internal.IndexList@38099ddf
      serialVersionUID = 5464421863354792977
      $$$tc$$$ = class com.ibm.websphere.ras.TraceComponent@77eac680
    componentMetaDataManager = class com.ibm.ws.container.service.metadata.internal.ComponentMetaDataManager@49dbc2b5
      serialVersionUID = 8629793739641703882
      $$$tc$$$ = class com.ibm.websphere.ras.TraceComponent@6700e6bc
      listeners = class com.ibm.wsspi.kernel.service.utils.ConcurrentServiceReferenceSet@57b2b948
      metaDataIDs = class com.ibm.ws.container.service.metadata.internal.IndexList@29770080
      metaDatas = class java.util.ArrayList@2250a341
      slotIDs = class com.ibm.ws.container.service.metadata.internal.IndexList@33587dfe
      serialVersionUID = 5464421863354792977
      $$$tc$$$ = class com.ibm.websphere.ras.TraceComponent@77eac680
    methodMetaDataManager = class com.ibm.ws.container.service.metadata.internal.MethodMetaDataManager@2f45bf55
      serialVersionUID = -8002489041502300640
      $$$tc$$$ = class com.ibm.websphere.ras.TraceComponent@14b706e2
      listeners = class com.ibm.wsspi.kernel.service.utils.ConcurrentServiceReferenceSet@79adfde9
      metaDataIDs = class com.ibm.ws.container.service.metadata.internal.IndexList@67aea655
      metaDatas = class java.util.ArrayList@15634c53
      slotIDs = class com.ibm.ws.container.service.metadata.internal.IndexList@2dc7fccb
      serialVersionUID = 5464421863354792977
      $$$tc$$$ = class com.ibm.websphere.ras.TraceComponent@77eac680
    appModuleNameToModuleContainer = class java.util.concurrent.ConcurrentHashMap@1dd5ea77
      serialVersionUID = 7249069246763182397
      MAXIMUM_CAPACITY = 1073741824
      DEFAULT_CAPACITY = 16
      MAX_ARRAY_SIZE = 2147483639
      DEFAULT_CONCURRENCY_LEVEL = 16
      LOAD_FACTOR = 0.75
      TREEIFY_THRESHOLD = 8
      UNTREEIFY_THRESHOLD = 6
      MIN_TREEIFY_CAPACITY = 64
      MIN_TRANSFER_STRIDE = 16
      RESIZE_STAMP_BITS = 16
      MAX_RESIZERS = 65535
      RESIZE_STAMP_SHIFT = 16
      MOVED = -1
      TREEBIN = -2
      RESERVED = -3
      HASH_BITS = 2147483647
      NCPU = 4
      serialPersistentFields = class java.io.ObjectStreamField[3]
      table = class java.util.concurrent.ConcurrentHashMap$Node[16]
      nextTable = null
      baseCount = 9
      sizeCtl = 12
      transferIndex = 0
      cellsBusy = 0
      counterCells = null
      keySet = null
      values = null
      entrySet = null
      U = class sun.misc.Unsafe@5ad27271
      SIZECTL = 20
      TRANSFERINDEX = 32
      BASECOUNT = 24
      CELLSBUSY = 36
      CELLVALUE = 144
      ABASE = 16
      ASHIFT = 2
      keySet = null
      values = null
    jeeNameToComponentMetaData = class java.util.concurrent.ConcurrentHashMap@50b3f09
      serialVersionUID = 7249069246763182397
      MAXIMUM_CAPACITY = 1073741824
      DEFAULT_CAPACITY = 16
      MAX_ARRAY_SIZE = 2147483639
      DEFAULT_CONCURRENCY_LEVEL = 16
      LOAD_FACTOR = 0.75
      TREEIFY_THRESHOLD = 8
      UNTREEIFY_THRESHOLD = 6
      MIN_TREEIFY_CAPACITY = 64
      MIN_TRANSFER_STRIDE = 16
      RESIZE_STAMP_BITS = 16
      MAX_RESIZERS = 65535
      RESIZE_STAMP_SHIFT = 16
      MOVED = -1
      TREEBIN = -2
      RESERVED = -3
      HASH_BITS = 2147483647
      NCPU = 4
      serialPersistentFields = class java.io.ObjectStreamField[3]
      table = class java.util.concurrent.ConcurrentHashMap$Node[32]
      nextTable = null
      baseCount = 19
      sizeCtl = 24
      transferIndex = 0
      cellsBusy = 0
      counterCells = null
      keySet = null
      values = null
      entrySet = null
      U = class sun.misc.Unsafe@5ad27271
      SIZECTL = 20
      TRANSFERINDEX = 32
      BASECOUNT = 24
      CELLSBUSY = 36
      CELLVALUE = 144
      ABASE = 16
      ASHIFT = 2
      keySet = null
      values = null
    deferredMetaDataFactories = class com.ibm.wsspi.kernel.service.utils.ConcurrentServiceReferenceSet@12528b77
      referenceName = "deferredMetaDataFactory"
      contextRef = class java.util.concurrent.atomic.AtomicReference@3e972bf
      elementMap = class java.util.LinkedHashMap@2df79086
      elementSet = class java.util.concurrent.ConcurrentSkipListSet@3a79ea4a
      elementSetUnsorted = false
      serialVersionUID = 756240983881166148
      $$$tc$$$ = class com.ibm.websphere.ras.TraceComponent@6fd5576
    deferredMetaDataInitializers = class com.ibm.wsspi.kernel.service.utils.ConcurrentServiceReferenceMap@106f217f
      referenceName = "deferredMetaDataFactory"
      context = class org.apache.felix.scr.impl.manager.ComponentContextImpl@44425370
      elementMap = class java.util.concurrent.ConcurrentHashMap@d3bacda
      serialVersionUID = 6980924785166233786
      $$$tc$$$ = class com.ibm.websphere.ras.TraceComponent@401318
    serialVersionUID = -2494605732980966097
    $$$tc$$$ = class com.ibm.websphere.ras.TraceComponent@25efa0ab
      strings[0] = "TraceComponent[com.ibm.ws.container.service.metadata.internal.MetaDataServiceImpl,class com.ibm.ws.container.service.metadata.internal.MetaDataServiceImpl,[Runtime],,null]"
  stateChangeService = class com.ibm.ws.container.service.state.internal.StateChangeServiceImpl@2153c031
    applicationStateManager = class com.ibm.ws.container.service.state.internal.ApplicationStateManager@4c34bc21
      serialVersionUID = -6685368059484454124
      $$$tc$$$ = class com.ibm.websphere.ras.TraceComponent@224a740d
      listeners = class com.ibm.wsspi.kernel.service.utils.ConcurrentServiceReferenceSet@3272813d
      serialVersionUID = 2284273176985484160
      $$$tc$$$ = class com.ibm.websphere.ras.TraceComponent@7e0ddbf
    moduleStateManager = class com.ibm.ws.container.service.state.internal.ModuleStateManager@77c3f979
      serialVersionUID = -5540260902341249963
      $$$tc$$$ = class com.ibm.websphere.ras.TraceComponent@38982c0c
      listeners = class com.ibm.wsspi.kernel.service.utils.ConcurrentServiceReferenceSet@48f93d3c
      serialVersionUID = 2284273176985484160
      $$$tc$$$ = class com.ibm.websphere.ras.TraceComponent@7e0ddbf
    serialVersionUID = -537917915330350560
    $$$tc$$$ = class com.ibm.websphere.ras.TraceComponent@2ed2474b
      strings[0] = "TraceComponent[com.ibm.ws.container.service.state.internal.StateChangeServiceImpl,class com.ibm.ws.container.service.state.internal.StateChangeServiceImpl,[Runtime],,null]"
  moduleClassesInfo = class com.ibm.ws.app.manager.module.internal.SimpleDeployedAppInfoBase$ModuleClassesInfoProvider@62e6727
    entryContainerInfosMap = class java.util.HashMap@73cc5256
      serialVersionUID = 362498820763181265
      DEFAULT_INITIAL_CAPACITY = 16
      MAXIMUM_CAPACITY = 1073741824
      DEFAULT_LOAD_FACTOR = 0.75
      TREEIFY_THRESHOLD = 8
      UNTREEIFY_THRESHOLD = 6
      MIN_TREEIFY_CAPACITY = 64
      table = null
      entrySet = null
      size = 0
      modCount = 0
      threshold = 0
      loadFactor = 0.75
      keySet = null
      values = null
    serialVersionUID = -70332790531324534
    $$$tc$$$ = class com.ibm.websphere.ras.TraceComponent@5c81fe8f
      strings[0] = "TraceComponent[com.ibm.ws.app.manager.module.internal.SimpleDeployedAppInfoBase$ModuleClassesInfoProvider,class com.ibm.ws.app.manager.module.internal.SimpleDeployedAppInfoBase$ModuleClassesInfoProvider,[applications, app.manager],,null]"
  moduleContainerInfos = class java.util.ArrayList@53435c71
    serialVersionUID = 8683452581122892189
    DEFAULT_CAPACITY = 10
    EMPTY_ELEMENTDATA = class java.lang.Object[0]
    DEFAULTCAPACITY_EMPTY_ELEMENTDATA = class java.lang.Object[0]
    elementData = class java.lang.Object[10]
      Object[0] = class com.ibm.ws.app.manager.module.internal.SimpleDeployedAppInfoBase$WebModuleContainerInfo@6449deb9
      Object[1] = null
      Object[2] = null
      Object[3] = null
      Object[4] = null
      Object[5] = null
      Object[6] = null
      Object[7] = null
      Object[8] = null
      Object[9] = null
    size = 1
    MAX_ARRAY_SIZE = 2147483639
    modCount = 1
    MAX_ARRAY_SIZE = 2147483639
  activeModuleHandlers = class java.util.IdentityHashMap@1eea807
    DEFAULT_CAPACITY = 32
    MINIMUM_CAPACITY = 4
    MAXIMUM_CAPACITY = 536870912
    table = class java.lang.Object[16]
      Object[0] = null
      Object[1] = null
      Object[2] = null
      Object[3] = null
      Object[4] = null
      Object[5] = null
      Object[6] = null
      Object[7] = null
      Object[8] = null
      Object[9] = null
      Object[10] = null
      Object[11] = null
      Object[12] = null
      Object[13] = null
      Object[14] = null
      Object[15] = null
    size = 0
    modCount = 2
    NULL_KEY = class java.lang.Object@5ad10262
    entrySet = null
    serialVersionUID = 8188218128353913216
    keySet = null
    values = null
  serialVersionUID = 7078125893012250887
  $$$tc$$$ = class com.ibm.websphere.ras.TraceComponent@203bd52a
    strings[0] = "TraceComponent[com.ibm.ws.app.manager.module.internal.SimpleDeployedAppInfoBase,class com.ibm.ws.app.manager.module.internal.SimpleDeployedAppInfoBase,[applications, app.manager],,null]"

Dump of objectArray[0]
Object type = com.ibm.ws.threading.internal.NonCancelableResultFuture
  _done = false
  _result = null
  _failure = null
  _listeners = class java.util.concurrent.ConcurrentLinkedQueue@1519c813
    serialVersionUID = 196745693267521676
    head = class java.util.concurrent.ConcurrentLinkedQueue$Node@4ad8826f
      item = null
      next = null
      UNSAFE = class sun.misc.Unsafe@5ad27271
      itemOffset = 12
      nextOffset = 16
    tail = class java.util.concurrent.ConcurrentLinkedQueue$Node@4ad8826f
    UNSAFE = class sun.misc.Unsafe@5ad27271
    headOffset = 12
    tailOffset = 16
    MAX_ARRAY_SIZE = 2147483639
  _notifiedListeners = class java.util.concurrent.atomic.AtomicBoolean@65f288a1
    serialVersionUID = 4654671469794556979
    unsafe = class sun.misc.Unsafe@5ad27271
      theUnsafe = class sun.misc.Unsafe@5ad27271
      INVALID_FIELD_OFFSET = -1
      ARRAY_BOOLEAN_BASE_OFFSET = 16
      ARRAY_BYTE_BASE_OFFSET = 16
      ARRAY_SHORT_BASE_OFFSET = 16
      ARRAY_CHAR_BASE_OFFSET = 16
      ARRAY_INT_BASE_OFFSET = 16
      ARRAY_LONG_BASE_OFFSET = 16
      ARRAY_FLOAT_BASE_OFFSET = 16
      ARRAY_DOUBLE_BASE_OFFSET = 16
      ARRAY_OBJECT_BASE_OFFSET = 16
      ARRAY_BOOLEAN_INDEX_SCALE = 1
      ARRAY_BYTE_INDEX_SCALE = 1
      ARRAY_SHORT_INDEX_SCALE = 2
      ARRAY_CHAR_INDEX_SCALE = 2
      ARRAY_INT_INDEX_SCALE = 4
      ARRAY_LONG_INDEX_SCALE = 8
      ARRAY_FLOAT_INDEX_SCALE = 4
      ARRAY_DOUBLE_INDEX_SCALE = 8
      ARRAY_OBJECT_INDEX_SCALE = 4
      ADDRESS_SIZE = 8
    valueOffset = 12
    value = 0
  serialVersionUID = -296387658814354272
  $$$tc$$$ = class com.ibm.websphere.ras.TraceComponent@484c7fb0
    strings[0] = "TraceComponent[com.ibm.ws.threading.internal.NonCancelableResultFuture,class com.ibm.ws.threading.internal.NonCancelableResultFuture,[Threading],com.ibm.ws.threading.internal.resources.ThreadingMessages,null]"

