------Start of DE processing------ = [10/06/19 12:20:16:019 PET]
Exception = org.jboss.weld.exceptions.DeploymentException
Source = com.ibm.ws.container.service.state.internal.ApplicationStateManager
probeid = 31
Stack Dump = org.jboss.weld.exceptions.DeploymentException: WELD-000072: Bean declaring a passivating scope must be passivation capable.  Bean:  Managed Bean [class testingPrimefaces.view.ModelView] with qualifiers [@Default @Any @Named]
	at org.jboss.weld.bean.ManagedBean.checkType(ManagedBean.java:216)
	at org.jboss.weld.bean.AbstractBean.initializeAfterBeanDiscovery(AbstractBean.java:108)
	at org.jboss.weld.bean.ManagedBean.initializeAfterBeanDiscovery(ManagedBean.java:122)
	at org.jboss.weld.bootstrap.ConcurrentBeanDeployer$AfterBeanDiscoveryInitializerFactory.doWork(ConcurrentBeanDeployer.java:111)
	at org.jboss.weld.bootstrap.ConcurrentBeanDeployer$AfterBeanDiscoveryInitializerFactory.doWork(ConcurrentBeanDeployer.java:102)
	at org.jboss.weld.executor.IterativeWorkerTaskFactory$1.call(IterativeWorkerTaskFactory.java:62)
	at org.jboss.weld.executor.IterativeWorkerTaskFactory$1.call(IterativeWorkerTaskFactory.java:55)
	at com.ibm.ws.threading.internal.PolicyTaskFutureImpl.run(PolicyTaskFutureImpl.java:724)
	at com.ibm.ws.threading.internal.PolicyExecutorImpl.runTask(PolicyExecutorImpl.java:1134)
	at com.ibm.ws.threading.internal.PolicyExecutorImpl.invokeAll(PolicyExecutorImpl.java:683)
	at com.ibm.ws.concurrent.internal.ManagedExecutorServiceImpl.invokeAll(ManagedExecutorServiceImpl.java:413)
	at org.jboss.weld.executor.AbstractExecutorServices.invokeAllAndCheckForExceptions(AbstractExecutorServices.java:59)
	at org.jboss.weld.executor.AbstractExecutorServices.invokeAllAndCheckForExceptions(AbstractExecutorServices.java:67)
	at org.jboss.weld.bootstrap.ConcurrentBeanDeployer.doAfterBeanDiscovery(ConcurrentBeanDeployer.java:88)
	at org.jboss.weld.bootstrap.BeanDeployment.afterBeanDiscovery(BeanDeployment.java:268)
	at org.jboss.weld.bootstrap.WeldStartup.deployBeans(WeldStartup.java:482)
	at org.jboss.weld.bootstrap.WeldBootstrap.deployBeans(WeldBootstrap.java:86)
	at com.ibm.ws.cdi.impl.CDIContainerImpl.startInitialization(CDIContainerImpl.java:151)
	at com.ibm.ws.cdi.liberty.CDIRuntimeImpl.applicationStarting(CDIRuntimeImpl.java:438)
	at com.ibm.ws.container.service.state.internal.ApplicationStateManager.fireStarting(ApplicationStateManager.java:28)
	at com.ibm.ws.container.service.state.internal.StateChangeServiceImpl.fireApplicationStarting(StateChangeServiceImpl.java:50)
	at com.ibm.ws.app.manager.module.internal.DeployedAppInfoBase.preDeployApp(DeployedAppInfoBase.java:384)
	at com.ibm.ws.app.manager.module.internal.DeployedAppInfoBase.deployApp(DeployedAppInfoBase.java:413)
	at com.ibm.ws.app.manager.war.internal.WARApplicationHandlerImpl.install(WARApplicationHandlerImpl.java:65)
	at com.ibm.ws.app.manager.internal.statemachine.StartAction.execute(StartAction.java:140)
	at com.ibm.ws.app.manager.internal.statemachine.ApplicationStateMachineImpl.enterState(ApplicationStateMachineImpl.java:1261)
	at com.ibm.ws.app.manager.internal.statemachine.ApplicationStateMachineImpl.performAction(ApplicationStateMachineImpl.java:1129)
	at com.ibm.ws.app.manager.internal.statemachine.ApplicationStateMachineImpl.run(ApplicationStateMachineImpl.java:884)
	at com.ibm.ws.threading.internal.ExecutorServiceImpl$RunnableWrapper.run(ExecutorServiceImpl.java:239)
	at java.base/java.util.concurrent.ThreadPoolExecutor.runWorker(ThreadPoolExecutor.java:1128)
	at java.base/java.util.concurrent.ThreadPoolExecutor$Worker.run(ThreadPoolExecutor.java:628)
	at java.base/java.lang.Thread.run(Thread.java:835)

Dump of callerThis
Object type = com.ibm.ws.container.service.state.internal.ApplicationStateManager
  serialVersionUID = -6685368059484454124
  $$$tc$$$ = class com.ibm.websphere.ras.TraceComponent@255fb1b9
    strings[0] = "TraceComponent[com.ibm.ws.container.service.state.internal.ApplicationStateManager,class com.ibm.ws.container.service.state.internal.ApplicationStateManager,[Runtime],,null]"
  listeners = class com.ibm.wsspi.kernel.service.utils.ConcurrentServiceReferenceSet@48c59312
    referenceName = "applicationStateListeners"
    contextRef = class java.util.concurrent.atomic.AtomicReference@77f78c42
      serialVersionUID = -1848883965231344442
      VALUE = class java.lang.invoke.VarHandleReferences$FieldInstanceReadWrite@43bf3a9e
      value = class org.apache.felix.scr.impl.manager.ComponentContextImpl@39567ff6
    elementMap = class java.util.LinkedHashMap@3ceab14c
      serialVersionUID = 3801124242820219131
      head = class java.util.LinkedHashMap$Entry@1b01dede
      tail = class java.util.LinkedHashMap$Entry@3f180a9e
      accessOrder = false
      serialVersionUID = 362498820763181265
      DEFAULT_INITIAL_CAPACITY = 16
      MAXIMUM_CAPACITY = 1073741824
      DEFAULT_LOAD_FACTOR = 0.75
      TREEIFY_THRESHOLD = 8
      UNTREEIFY_THRESHOLD = 6
      MIN_TREEIFY_CAPACITY = 64
      table = class java.util.HashMap$Node[32]
      entrySet = null
      size = 13
      modCount = 13
      threshold = 24
      loadFactor = 0.75
      keySet = null
      values = null
    elementSet = class java.util.concurrent.ConcurrentSkipListSet@5d6f3a4a
      serialVersionUID = -2479143111061671589
      m = class java.util.concurrent.ConcurrentSkipListMap@72086102
      MAX_ARRAY_SIZE = 2147483639
    elementSetUnsorted = false
    serialVersionUID = 756240983881166148
    $$$tc$$$ = class com.ibm.websphere.ras.TraceComponent@b51cf93
      strings[0] = "TraceComponent[com.ibm.wsspi.kernel.service.utils.ConcurrentServiceReferenceSet,class com.ibm.wsspi.kernel.service.utils.ConcurrentServiceReferenceSet,[kernelUtils],com.ibm.ws.kernel.service.utils.resources.ServiceMessages,null]"
  serialVersionUID = 2284273176985484160
  $$$tc$$$ = class com.ibm.websphere.ras.TraceComponent@6cee3a76
    strings[0] = "TraceComponent[com.ibm.ws.container.service.state.internal.StateChangeManager,class com.ibm.ws.container.service.state.internal.StateChangeManager,[Runtime],,null]"

Dump of objectArray[0]
Object type = com.ibm.ws.container.service.app.deploy.internal.ApplicationInfoImpl
  appName = "testingPrimefaces"
  appMetaData = class com.ibm.ws.container.service.app.deploy.internal.ApplicationMetaDataImpl@3cf09af7
    j2eeName = class com.ibm.ws.container.service.metadata.internal.J2EENameImpl@25ede5b6
      serialVersionUID = 7488184044073147667
      application = "testingPrimefaces"
      module = null
      component = null
      string = "testingPrimefaces"
      j2eeNameBytes = null
      $$$tc$$$ = class com.ibm.websphere.ras.TraceComponent@6b461df6
    serialVersionUID = -7906531148367236579
    $$$tc$$$ = class com.ibm.websphere.ras.TraceComponent@64ef187d
      strings[0] = "TraceComponent[com.ibm.ws.container.service.app.deploy.internal.ApplicationMetaDataImpl,class com.ibm.ws.container.service.app.deploy.internal.ApplicationMetaDataImpl,[container.service],com.ibm.ws.container.service.resources.Messages,null]"
    tc = class com.ibm.websphere.ras.TraceComponent@483fece
      strings[0] = "TraceComponent[com.ibm.ws.runtime.metadata.MetaDataImpl,class com.ibm.ws.runtime.metadata.MetaDataImpl,[Runtime],null,null]"
    NUM_STATIC_SLOTS = 4
    ID_UNINITIALIZED = -1
    id = 0
    metaDataInterface = class java.lang.Class@9e216fc
      ANNOTATION = 8192
      ENUM = 16384
      SYNTHETIC = 4096
      cachedConstructor = null
      name = "com.ibm.ws.runtime.metadata.ApplicationMetaData"
      module = class java.lang.Module@97c37b1
      packageName = "com.ibm.ws.runtime.metadata"
      componentType = {} /* array length = 0 */
      allPermDomain = class java.security.ProtectionDomain@32b4f354
      reflectionData = null
      classRedefinedCount = 0
      genericInfo = null
      EMPTY_CLASS_ARRAY = class java.lang.Class[0]
      serialVersionUID = 3206093459760846163
      serialPersistentFields = class java.io.ObjectStreamField[0]
      reflectionFactory = class jdk.internal.reflect.ReflectionFactory@54c2b36
      enumConstants = null
      enumConstantDirectory = null
      annotationData = null
      annotationType = null
      classValueMap = null
    staticSlots = class java.lang.Object[4]
      Object[0] = null
      Object[1] = class com.ibm.ws.injectionengine.osgi.internal.OSGiInjectionScopeData@d1303f8
      Object[2] = null
      Object[3] = class com.ibm.ws.cdi.impl.weld.WebSphereCDIDeploymentImpl@11ca3d48
    dynamicSlots = class java.lang.Object[4]
      Object[0] = null
      Object[1] = null
      Object[2] = "testingPrimefaces"
      Object[3] = null
  appContainer = class com.ibm.ws.adaptable.module.internal.AdaptableContainerImpl@25fee0f3
    root = class com.ibm.ws.adaptable.module.internal.AdaptableContainerImpl@25fee0f3
    rootOverlay = class com.ibm.ws.artifact.overlay.internal.DirectoryBasedOverlayContainerImpl@41a0d2fe
      base = class com.ibm.ws.artifact.loose.internal.LooseArchive@2fb1ec66
      maskSet = class java.util.HashSet@545e9f1e
      cfHolder = class com.ibm.ws.artifact.overlay.internal.OverlayContainerFactoryImpl@190e7167
      fileOverlayContainer = class com.ibm.ws.artifact.file.internal.FileContainer@74edff5b
      overlayDirectory = class java.io.File@1667931d
      cacheDirForOverlay = class java.io.File@36959f6b
      overlayNotifier = class com.ibm.ws.artifact.overlay.internal.DirectoryBasedOverlayNotifier@43796374
      enclosingContainer = null
      entryInEnclosingContainer = null
      nestedOverlays = class java.util.concurrent.ConcurrentHashMap@169350c8
      cacheStore = class com.ibm.ws.artifact.overlay.internal.OverlayCache@d9f7266
      parentOverlay = null
      isPassThroughMode = true
      serialVersionUID = -1690795617118238166
      $$$tc$$$ = class com.ibm.websphere.ras.TraceComponent@4a3c5f70
    factoryHolder = class com.ibm.ws.adaptable.module.internal.AdaptableModuleFactoryImpl@b2a4f29
      adapterFactoryService = class com.ibm.ws.adaptable.module.internal.AdapterFactoryServiceImpl@1eec4ed1
      containerFactory = class com.ibm.ws.artifact.internal.ArtifactContainerFactoryService@47e61922
      overlayContainerFactory = class com.ibm.ws.artifact.overlay.internal.OverlayContainerFactoryImpl@190e7167
      serialVersionUID = 4200251809856292987
      $$$tc$$$ = class com.ibm.websphere.ras.TraceComponent@d04384e
    delegate = class com.ibm.ws.artifact.overlay.internal.DirectoryBasedOverlayContainerImpl@41a0d2fe
    notifier = class com.ibm.ws.adaptable.module.internal.NotifierImpl@57412eef
      root = class com.ibm.ws.adaptable.module.internal.AdaptableContainerImpl@25fee0f3
      delegateNotifier = class com.ibm.ws.artifact.overlay.internal.DirectoryBasedOverlayNotifier@43796374
      delegateRoot = class com.ibm.ws.artifact.overlay.internal.DirectoryBasedOverlayContainerImpl@41a0d2fe
      listenerDelegates = class java.util.HashMap@274b32dc
      serialVersionUID = 6839382523957017880
      $$$tc$$$ = class com.ibm.websphere.ras.TraceComponent@4e1a0f8f
    serialVersionUID = -5621513278641113667
    $$$tc$$$ = class com.ibm.websphere.ras.TraceComponent@6ed1215f
      strings[0] = "TraceComponent[com.ibm.ws.adaptable.module.internal.AdaptableContainerImpl,class com.ibm.ws.adaptable.module.internal.AdaptableContainerImpl,[archive.adaptable],,null]"
  configHelper = class com.ibm.ws.app.manager.module.ApplicationNestedConfigHelper@2966436f
    appInfo = class com.ibm.ws.app.manager.internal.ApplicationInstallInfo@51faacd9
    serialVersionUID = -3174031738676705046
    $$$tc$$$ = class com.ibm.websphere.ras.TraceComponent@3adfac04
      strings[0] = "TraceComponent[com.ibm.ws.app.manager.module.ApplicationNestedConfigHelper,class com.ibm.ws.app.manager.module.ApplicationNestedConfigHelper,[applications, app.manager],,null]"
  applicationInformation = class com.ibm.ws.app.manager.internal.ApplicationInstallInfo@51faacd9
    _config = class com.ibm.ws.app.manager.internal.ApplicationConfig@140ce3e
      tc = class com.ibm.websphere.ras.TraceComponent@52d13d09
      _configPid = "com.ibm.ws.app.manager_1"
      _config = class com.ibm.ws.config.admin.ConfigurationDictionary@678392fc
      _applicationManager = class com.ibm.ws.app.manager.ApplicationManager@729a4137
      _location = "testingPrimefaces.war"
      _type = "war"
      _name = "testingPrimefaces"
      _notificationBroadcasterSupport = class javax.management.NotificationBroadcasterSupport@32fa0251
      ONE_TIME_JANDEX_MSGS_DISPLAYED = true
    _handlerInfo = class java.util.concurrent.atomic.AtomicReference@395fcbc3
      serialVersionUID = -1848883965231344442
      VALUE = class java.lang.invoke.VarHandleReferences$FieldInstanceReadWrite@43bf3a9e
      value = class com.ibm.ws.app.manager.war.internal.WARDeployedAppInfo@19a09ec6
    _container = class java.util.concurrent.atomic.AtomicReference@22398abc
      serialVersionUID = -1848883965231344442
      VALUE = class java.lang.invoke.VarHandleReferences$FieldInstanceReadWrite@43bf3a9e
      value = class com.ibm.ws.adaptable.module.internal.AdaptableContainerImpl@25fee0f3
    _resolvedLocation = class java.util.concurrent.atomic.AtomicReference@26a17646
      serialVersionUID = -1848883965231344442
      VALUE = class java.lang.invoke.VarHandleReferences$FieldInstanceReadWrite@43bf3a9e
      value = class com.ibm.ws.kernel.service.location.internal.LocalFileResource@2916aa78
    _handler = class com.ibm.ws.app.manager.war.internal.WARApplicationHandlerImpl@21977d92
      futureMonitor = class com.ibm.ws.threading.internal.FutureMonitorImpl@22a8dfd8
      deployedAppFactory = class com.ibm.ws.app.manager.war.internal.WARDeployedAppInfoFactoryImpl@5e4e879a
      serialVersionUID = 4622845147410944782
      $$$tc$$$ = class com.ibm.websphere.ras.TraceComponent@79820d3d
    _ami = class java.util.concurrent.atomic.AtomicReference@6651abb0
      serialVersionUID = -1848883965231344442
      VALUE = class java.lang.invoke.VarHandleReferences$FieldInstanceReadWrite@43bf3a9e
      value = class com.ibm.wsspi.application.handler.DefaultApplicationMonitoringInformation@599c503e
    _updateHandler = class com.ibm.ws.app.manager.internal.statemachine.ApplicationStateMachineImpl@8d3b1ac
      _tc = class com.ibm.websphere.ras.TraceComponent@8d96d94
      EMPTY_FUTURE_ARRAY = interface java.util.concurrent.Future[0]
      asmSequenceNumber = class java.util.concurrent.atomic.AtomicLong@274ae7b3
      _qscaCounter = class java.util.concurrent.atomic.AtomicInteger@3dbe5af6
      _failedThrowable = null
      _interruptibleLock = class com.ibm.ws.app.manager.internal.statemachine.ApplicationStateMachineImpl$2@31a75899
      _interruptible = false
      _performingQueuedActions = true
      _queuedActions = class java.util.concurrent.ConcurrentLinkedQueue@47dd1089
      _callbackState = class java.util.concurrent.atomic.AtomicReference@375a10be
      blockAppStartingFutures = class java.util.Collections$SetFromMap@78fc8549
      waitingForAppHandlerFuture = class java.util.concurrent.atomic.AtomicReference@7394795f
      waitingForExplicitStartFuture = class java.util.concurrent.atomic.AtomicReference@5c6276fc
      completionListener = class java.util.concurrent.atomic.AtomicReference@3bda522e
      _notifyAppStopped = class java.util.concurrent.ConcurrentLinkedQueue@27905ed1
      _notifyAppStarting = class java.util.concurrent.ConcurrentLinkedQueue@771e85fd
      _notifyAppInstallCalled = class java.util.concurrent.ConcurrentLinkedQueue@3804d874
      _notifyAppStarted = class java.util.concurrent.ConcurrentLinkedQueue@5126b678
      _notifyAppRemoved = class java.util.concurrent.ConcurrentLinkedQueue@74e50c5b
      _stateLock = class com.ibm.ws.app.manager.internal.statemachine.ApplicationStateMachineImpl$3@77d74e57
      _internalState = class java.util.concurrent.atomic.AtomicReference@690eefa1
      _currentAction = class java.util.concurrent.atomic.AtomicReference@dff118e
      _rfa = class java.util.concurrent.atomic.AtomicReference@51a453be
      _appInstallInfo = class java.util.concurrent.atomic.AtomicReference@1c4c0a2b
      _update = class java.util.concurrent.atomic.AtomicBoolean@2a19de4
      _appConfig = class java.util.concurrent.atomic.AtomicReference@77a79f5f
      _nextAppConfig = class java.util.concurrent.atomic.AtomicReference@4ed1bb6
      _appContainer = class java.util.concurrent.atomic.AtomicReference@788c4452
      _resolvedLocation = class java.util.concurrent.atomic.AtomicReference@764ca81a
      _handler = class java.util.concurrent.atomic.AtomicReference@3dda9ceb
      _asmSeqNo = 4
      _ctx = class org.eclipse.osgi.internal.framework.BundleContextImpl@49eea030
      _locAdmin = class com.ibm.ws.kernel.service.location.internal.WsLocationAdminImpl@5106104d
      _futureMonitor = class com.ibm.ws.threading.internal.FutureMonitorImpl@22a8dfd8
      _artifactFactory = class com.ibm.ws.artifact.internal.ArtifactContainerFactoryService@47e61922
      _moduleFactory = class com.ibm.ws.adaptable.module.internal.AdaptableModuleFactoryImpl@b2a4f29
      _executorService = class com.ibm.ws.threading.internal.ExecutorServiceImpl@4b3260eb
      _scheduledExecutorService = class com.ibm.ws.threading.internal.ScheduledExecutorImpl@582d0def
      _asmHelper = class com.ibm.ws.app.manager.internal.ApplicationConfigurator$NamedApplication@3179efc5
      _appMonitor = class com.ibm.ws.app.manager.internal.monitor.ApplicationMonitor@509c05df
      enterStateCalled = class java.util.concurrent.atomic.AtomicBoolean@8f1121f
      serialVersionUID = 6511956370079301927
      serialVersionUID = 5501066335104962649
      $$$tc$$$ = class com.ibm.websphere.ras.TraceComponent@14e84252
    serialVersionUID = 2630639237123415755
    $$$tc$$$ = class com.ibm.websphere.ras.TraceComponent@10e36267
      strings[0] = "TraceComponent[com.ibm.ws.app.manager.internal.ApplicationInstallInfo,class com.ibm.ws.app.manager.internal.ApplicationInstallInfo,[applications, app.manager],com.ibm.ws.app.manager.internal.resources.AppManagerMessages,null]"
  serialVersionUID = -505303337196743781
  $$$tc$$$ = class com.ibm.websphere.ras.TraceComponent@657d2e4
    strings[0] = "TraceComponent[com.ibm.ws.container.service.app.deploy.internal.ApplicationInfoImpl,class com.ibm.ws.container.service.app.deploy.internal.ApplicationInfoImpl,[container.service],com.ibm.ws.container.service.resources.Messages,null]"

