------Start of DE processing------ = [01/07/19 09:43:17:717 COT]
Exception = com.ibm.ws.container.service.metadata.MetaDataException
Source = com.ibm.ws.app.manager.module.internal.DeployedAppInfoBase
probeid = 372
Stack Dump = com.ibm.ws.container.service.metadata.MetaDataException: com.ibm.wsspi.adaptable.module.UnableToAdaptException: com.ibm.ejs.container.EJBConfigurationException: Errors occurred processing EJB metadata
	at com.ibm.ws.ejbcontainer.osgi.internal.EJBContainerImpl.createEJBInWARModuleMetaData(EJBContainerImpl.java:156)
	at com.ibm.ws.ejbcontainer.war.internal.EJBWARMetaDataRuntime.createdNestedModuleMetaData(EJBWARMetaDataRuntime.java:63)
	at com.ibm.ws.app.manager.module.internal.SimpleDeployedAppInfoBase$ModuleContainerInfoBase.createModuleMetaData(SimpleDeployedAppInfoBase.java:173)
	at com.ibm.ws.app.manager.module.internal.DeployedAppInfoBase.preDeployApp(DeployedAppInfoBase.java:369)
	at com.ibm.ws.app.manager.module.internal.DeployedAppInfoBase.deployApp(DeployedAppInfoBase.java:413)
	at com.ibm.ws.app.manager.war.internal.WARApplicationHandlerImpl.install(WARApplicationHandlerImpl.java:65)
	at com.ibm.ws.app.manager.internal.statemachine.StartAction.execute(StartAction.java:140)
	at com.ibm.ws.app.manager.internal.statemachine.ApplicationStateMachineImpl.enterState(ApplicationStateMachineImpl.java:1261)
	at com.ibm.ws.app.manager.internal.statemachine.ApplicationStateMachineImpl.run(ApplicationStateMachineImpl.java:876)
	at com.ibm.ws.threading.internal.ExecutorServiceImpl$RunnableWrapper.run(ExecutorServiceImpl.java:239)
	at java.util.concurrent.ThreadPoolExecutor.runWorker(Unknown Source)
	at java.util.concurrent.ThreadPoolExecutor$Worker.run(Unknown Source)
	at java.lang.Thread.run(Unknown Source)
Caused by: com.ibm.wsspi.adaptable.module.UnableToAdaptException: com.ibm.ejs.container.EJBConfigurationException: Errors occurred processing EJB metadata
	at com.ibm.ws.ejbcontainer.osgi.internal.ModuleInitDataAdapter.adapt(ModuleInitDataAdapter.java:124)
	at com.ibm.ws.ejbcontainer.osgi.internal.ModuleInitDataAdapter.adapt(ModuleInitDataAdapter.java:40)
	at com.ibm.ws.adaptable.module.internal.AdapterFactoryServiceImpl.adapt(AdapterFactoryServiceImpl.java:196)
	at com.ibm.ws.adaptable.module.internal.AdaptableContainerImpl.adapt(AdaptableContainerImpl.java:170)
	at com.ibm.ws.ejbcontainer.osgi.internal.EJBContainerImpl.createEJBInWARModuleMetaData(EJBContainerImpl.java:143)
	... 12 more
Caused by: com.ibm.ejs.container.EJBConfigurationException: Errors occurred processing EJB metadata
	at com.ibm.ws.ejbcontainer.osgi.internal.ModuleInitDataFactory.createModuleInitData(ModuleInitDataFactory.java:536)
	at com.ibm.ws.ejbcontainer.osgi.internal.ModuleInitDataAdapter.createModuleInitData(ModuleInitDataAdapter.java:145)
	at com.ibm.ws.ejbcontainer.osgi.internal.ModuleInitDataAdapter.adapt(ModuleInitDataAdapter.java:108)
	... 16 more

Dump of callerThis
Object type = com.ibm.ws.app.manager.war.internal.WARDeployedAppInfo
  CONTEXT_ROOT = "context-root"
  webModuleHandler = class com.ibm.ws.app.manager.web.internal.WebModuleHandlerImpl@4eaca130
    serialVersionUID = 4795602325763828210
    $$$tc$$$ = class com.ibm.websphere.ras.TraceComponent@6b6d540b
      strings[0] = "TraceComponent[com.ibm.ws.app.manager.web.internal.WebModuleHandlerImpl,class com.ibm.ws.app.manager.web.internal.WebModuleHandlerImpl,[webcontainer, applications, app.manager],com.ibm.ws.app.manager.war.internal.resources.Messages,null]"
    futureMonitor = class com.ibm.ws.threading.internal.FutureMonitorImpl@50fe9b4d
    metaDataService = class com.ibm.ws.container.service.metadata.internal.MetaDataServiceImpl@2a4148c
    stateChangeService = class com.ibm.ws.container.service.state.internal.StateChangeServiceImpl@31863f73
    moduleRuntimeContainer = class com.ibm.ws.webcontainer.osgi.WebContainer@182cf1f7
      tc = class com.ibm.websphere.ras.TraceComponent@7c82b6a5
      CLASS_NAME = "com.ibm.ws.webcontainer.osgi.WebContainer"
      initialized = true
      eventService = class com.ibm.ws.event.internal.EventEngineImpl@66cf89d2
      futureMonitor = class com.ibm.ws.threading.internal.FutureMonitorImpl@50fe9b4d
      classLoadingSRRef = class com.ibm.wsspi.kernel.service.utils.AtomicServiceReference@6b896154
      sessionHelperSRRef = class com.ibm.wsspi.kernel.service.utils.AtomicServiceReference@267b8e7d
      cacheManagerSRRef = class com.ibm.wsspi.kernel.service.utils.AtomicServiceReference@4ddb21b
      injectionEngineSRRef = class com.ibm.wsspi.kernel.service.utils.AtomicServiceReference@1ec62a4b
      managedObjectServiceSRRef = class com.ibm.wsspi.kernel.service.utils.AtomicServiceReference@3e657b06
      backgroundWebAppStartFutures = class com.ibm.ws.webcontainer.util.OneTimeUseArrayList@441702d1
      REFERENCE_WEB_MBEAN_RUNTIME = "webMBeanRuntime"
      webMBeanRuntimeServiceRef = class com.ibm.wsspi.kernel.service.utils.AtomicServiceReference@2db33d22
      servletContainerInitializers = class com.ibm.wsspi.kernel.service.utils.ConcurrentServiceReferenceSet@288dead
      es = class com.ibm.ws.threading.internal.ExecutorServiceImpl@bf11fc0
      locationServiceRef = class java.util.concurrent.atomic.AtomicReference@17a038b1
      transferContextServiceRef = class com.ibm.wsspi.kernel.service.utils.ConcurrentServiceReferenceSet@6bddb11e
      encodingServiceRef = class java.util.concurrent.atomic.AtomicReference@5f33cb6a
      instance = class java.util.concurrent.atomic.AtomicReference@1b8a1b97
      vhostManager = class com.ibm.ws.webcontainer.osgi.DynamicVirtualHostManager@df9cde7
      metaDataService = class com.ibm.ws.container.service.metadata.internal.MetaDataServiceImpl@2a4148c
      j2eeNameFactory = class com.ibm.ws.container.service.metadata.internal.J2EENameFactoryImpl@5a6c4686
      context = class org.apache.felix.scr.impl.manager.ComponentContextImpl@b2ad807
      contextRoots = class java.util.Collections$SynchronizedSet@4a033a93
      pendingContextRoots = class java.util.HashMap@11ed6e7
      deployedModuleMap = class java.util.concurrent.ConcurrentHashMap@424ba5d6
      connContextPool = class com.ibm.ws.webcontainer40.osgi.srt.factory.SRTConnectionContextPool40Impl@1f7ca778
      DEFAULT_PORT = "*"
      DEFAULT_VHOST_NAME = "default_host"
      cachedServerInfo = "IBM WebSphere Liberty/19.0.0.3"
      lock = class com.ibm.ws.webcontainer.osgi.WebContainer$1@4c78c1a6
      webAppFactory = class com.ibm.ws.webcontainer40.osgi.webapp.factory.WebAppFactory40Impl@3ba68f20
      requestFactory = class com.ibm.ws.webcontainer40.osgi.response.factory.IRequestResponseFactory40Impl@24dcf897
      responseFactory = class com.ibm.ws.webcontainer40.osgi.response.factory.IRequestResponseFactory40Impl@24dcf897
      asyncContextFactory = class com.ibm.ws.webcontainer40.async.factory.AsyncContextFactory40Impl@5ee1dc13
      DEFAULT_MAX_VERSION = 30
      versionRef = class org.eclipse.osgi.internal.serviceregistry.ServiceReferenceImpl@541e5398
      serverStopping = class com.ibm.ws.staticvalue.StaticValue$FinalSingleton@5bce19b4
      modulesStarting = 0
      uriMatcherFactory = class com.ibm.wsspi.webcontainer40.util.factory.URIMatcherFactory40Impl@18155a1a
      SPEC_LEVEL_UNLOADED = -1
      SPEC_LEVEL_30 = 30
      SPEC_LEVEL_31 = 31
      SPEC_LEVEL_40 = 40
      DEFAULT_SPEC_LEVEL = 30
      loadedContainerSpecLevel = 40
      ISO = "ISO-8859-1"
      encoding = "UTF-8"
      decode = true
      wcconfig = class com.ibm.ws.webcontainer.osgi.WebContainerConfiguration@6ee0044c
      applicationListeners = class java.util.ArrayList@4548b39d
      servletListeners = class java.util.ArrayList@773fe4a4
      servletErrorListeners = class java.util.ArrayList@1ff12868
      servletInvocationListeners = class java.util.ArrayList@715d8dbe
      filterInvocationListeners = class java.util.ArrayList@71090c53
      filterErrorListeners = class java.util.ArrayList@799bcc12
      filterListeners = class java.util.ArrayList@6fbf1921
      servletRequestListeners = class java.util.ArrayList@72124915
      servletRequestAttributeListeners = class java.util.ArrayList@4bc0b890
      servletContextListeners = class java.util.ArrayList@6c9c06a6
      servletContextAttributeListeners = class java.util.ArrayList@7bfd6c05
      sessionListeners = class java.util.ArrayList@1b47d88e
      sessionIdListeners = class java.util.ArrayList@558df74e
      sessionAttributeListeners = class java.util.ArrayList@59a8626f
      DEFAULT_HOST = "default_host"
      _initialized = true
      logger = class com.ibm.ws.logging.internal.WsLogger@59090022
      CLASS_NAME = "com.ibm.ws.webcontainer.internal.WebContainer"
      nls = class com.ibm.ejs.ras.TraceNLS@49a5a01b
      self = class java.util.concurrent.atomic.AtomicReference@6c838209
      _cipherToBit = class java.util.HashMap@568e2f50
      cacheKeyStringBuilder = class com.ibm.ws.util.WSThreadLocal@4caf94f4
      listenersInitialized = true
      webConProperties = class java.util.Properties@286e4002
      sessionRegistry = null
      isStopped = false
      readWriteLockForStopping = class java.util.concurrent.locks.ReentrantReadWriteLock@580d1ccc
      urlPrefix = ";jsessionid="
      extensionFactories = class java.util.ArrayList@7f5e5c32
      postInitExtensionFactories = null
      httpResponseListeners = class java.util.ArrayList@4f666f19
      servletContainerInitializers = class java.util.ServiceLoader@155258a7
      auditManager = class com.ibm.websphere.security.audit.context.AuditManager@2509cdbd
      invocationCacheSize = 500
      decodePlusSign = true
      _cacheMap = class java.util.concurrent.ConcurrentHashMap@283baae2
      _cacheSize = class java.util.concurrent.atomic.AtomicInteger@5459165b
      vHostCompatFlag = false
      platformHelper = class com.ibm.ws.webcontainer.PlatformHelper@5349eb17
      isDefaultTempDir = true
      tempDir = null
      servletCachingInitNeeded = true
      appInstallBegun = true
      cacheServletWrapperFactory = class com.ibm.ws.webcontainer40.servlet.factory.CacheServletWrapperFactory40Impl@38c6b0e6
      commands = class java.util.ArrayList@4d5f61a6
      requestMapper = class com.ibm.ws.webcontainer.util.VirtualHostContextRootMapper@51285d98
      parent = null
      name = "Was.webcontainer"
      isAlive = true
      subElements = class java.util.HashMap@4da515f9
      attributes = null
      config = null
      serialVersionUID = -8271459000149267764
      $$$tc$$$ = class com.ibm.websphere.ras.TraceComponent@5e00f8cb
    firstFailure = null
    serialVersionUID = -4563697739413190872
    $$$tc$$$ = class com.ibm.websphere.ras.TraceComponent@2480dc5c
      strings[0] = "TraceComponent[com.ibm.ws.app.manager.module.internal.ModuleHandlerBase,class com.ibm.ws.app.manager.module.internal.ModuleHandlerBase,[applications, app.manager],,null]"
  webContainerModuleInfo = class com.ibm.ws.app.manager.module.internal.SimpleDeployedAppInfoBase$WebModuleContainerInfo@5032d277
    contextRoot = null
    defaultContextRoot = "testingPrimefaces"
    serialVersionUID = -8158961796913348204
    $$$tc$$$ = class com.ibm.websphere.ras.TraceComponent@71f90545
      strings[0] = "TraceComponent[com.ibm.ws.app.manager.module.internal.SimpleDeployedAppInfoBase$WebModuleContainerInfo,class com.ibm.ws.app.manager.module.internal.SimpleDeployedAppInfoBase$WebModuleContainerInfo,[applications, app.manager],,null]"
    moduleHandler = class com.ibm.ws.app.manager.web.internal.WebModuleHandlerImpl@4eaca130
    moduleMetaDataExtenders = class java.util.concurrent.CopyOnWriteArrayList@6528b378
      serialVersionUID = 8673264195747942595
      lock = class java.util.concurrent.locks.ReentrantLock@5f0ca064
      array = class java.lang.Object[3]
      UNSAFE = class sun.misc.Unsafe@3305e224
      lockOffset = 12
    nestedModuleMetaDataFactories = class java.util.concurrent.CopyOnWriteArrayList@bf8a12
      serialVersionUID = 8673264195747942595
      lock = class java.util.concurrent.locks.ReentrantLock@7112057f
      array = class java.lang.Object[1]
      UNSAFE = class sun.misc.Unsafe@3305e224
      lockOffset = 12
    nestedModules = null
    moduleName = "testingPrimefaces"
    moduleDD = class com.ibm.ws.javaee.ddmodel.web.common.WebAppType@3dcb2534
      version = class com.ibm.ws.javaee.ddmodel.TokenType@5e400516
      metadata_complete = null
      module_name = null
      absolute_ordering = null
      serialVersionUID = 4092807504738198665
      $$$tc$$$ = class com.ibm.websphere.ras.TraceComponent@3f95e767
      description = null
      display_name = null
      icon = null
      distributable = null
      context_param = class com.ibm.ws.javaee.ddmodel.common.ParamValueType$ListType@18b6fa0c
      filter = null
      filter_mapping = null
      listener = null
      servlet = class com.ibm.ws.javaee.ddmodel.web.common.ServletType$ListType@5091275c
      servlet_mapping = class com.ibm.ws.javaee.ddmodel.web.common.ServletMappingType$ListType@3e78e6e3
      session_config = class com.ibm.ws.javaee.ddmodel.web.common.SessionConfigType@24a7c3ac
      mime_mapping = class com.ibm.ws.javaee.ddmodel.web.common.MimeMappingType$ListType@bee3bae
      welcome_file_list = class com.ibm.ws.javaee.ddmodel.web.common.WelcomeFileListType@529c5648
      error_page = class com.ibm.ws.javaee.ddmodel.web.common.ErrorPageType$ListType@2b2afd06
      jsp_config = null
      security_constraint = null
      deny_uncovered_http_methods = null
      login_config = null
      security_role = null
      message_destination = null
      locale_encoding_mapping_list = null
      default_context_path = null
      request_encoding = null
      response_encoding = null
      servletNameToServletMap = null
      filterNameToFilterMap = null
      ejbRefNameToEJBLocalRefMap = null
      ejbRefNameToEJBRefMap = null
      resourceEnvRefNameToResourceEnvRefMap = null
      messageDestinationRefNameToMessageDestinationRefMap = null
      resRefNameToResourceRefMap = null
      envEntryNameToEnvEntryMap = null
      roleNameToSecurityRoleMap = null
      roleLinkToSecurityRoleRefMap = null
      handlerNameToHandlerMap = null
      path = "WEB-INF/web.xml"
      idMap = class com.ibm.ws.javaee.ddmodel.DDParser$ComponentIDMap@318ae16c
      serialVersionUID = 5321339975883512588
      $$$tc$$$ = class com.ibm.websphere.ras.TraceComponent@17228224
      post_construct = null
      pre_destroy = null
      serialVersionUID = 1102064201943992836
      $$$tc$$$ = class com.ibm.websphere.ras.TraceComponent@609910cf
      env_entry = null
      ejb_ref = null
      ejb_local_ref = null
      resource_ref = null
      resource_env_ref = null
      message_destination_ref = null
      persistence_context_ref = null
      persistence_unit_ref = null
      data_source = null
      jms_connection_factory = null
      jms_destination = null
      mail_session = null
      connection_factory = null
      administered_object = null
      serialVersionUID = 8931982405528922228
      $$$tc$$$ = class com.ibm.websphere.ras.TraceComponent@23937a01
      service_ref = null
      serialVersionUID = -6199862059825607270
      $$$tc$$$ = class com.ibm.websphere.ras.TraceComponent@4cb1ef0b
      nilled = false
      serialVersionUID = -2826386306561723362
      $$$tc$$$ = class com.ibm.websphere.ras.TraceComponent@5a8a7cba
    moduleInfo = class com.ibm.ws.app.manager.module.internal.WebModuleInfoImpl@3abea84
      contextRoot = "/testingPrimefaces"
      isDefaultContextRootUsed = true
      serialVersionUID = -1540279394520440503
      $$$tc$$$ = class com.ibm.websphere.ras.TraceComponent@2ff53698
      tc = class com.ibm.websphere.ras.TraceComponent@6eb4a75e
      appInfo = class com.ibm.ws.container.service.app.deploy.internal.ApplicationInfoImpl@4fdc1001
      moduleName = "testingPrimefaces"
      path = "testingPrimefaces.war"
      moduleContainer = class com.ibm.ws.adaptable.module.internal.AdaptableContainerImpl@5e97721f
      altDDEntry = null
      moduleClassesContainers = class java.util.ArrayList@5f4092e3
      classLoaderFactory = class com.ibm.ws.app.manager.war.internal.WARDeployedAppInfo@698f5db5
      containerInfoType = class com.ibm.ws.container.service.app.deploy.ContainerInfo$Type@7c0a7cc
      classLoader = class com.ibm.ws.classloading.internal.AppClassLoader@20a4ab71
      moduleMetaData = class com.ibm.ws.webcontainer.osgi.metadata.WebModuleMetaDataImpl@28b3e32d
      nestedModuleMetaDataTypes = null
      nestedModuleMetaDataValues = null
      serialVersionUID = 3986734351620206554
    serialVersionUID = 8693907776607441911
    $$$tc$$$ = class com.ibm.websphere.ras.TraceComponent@2ec3336a
      strings[0] = "TraceComponent[com.ibm.ws.app.manager.module.internal.SimpleDeployedAppInfoBase$ModuleContainerInfoBase,class com.ibm.ws.app.manager.module.internal.SimpleDeployedAppInfoBase$ModuleContainerInfoBase,[applications, app.manager],,null]"
    type = class com.ibm.ws.container.service.app.deploy.ContainerInfo$Type@7c0a7cc
      MANIFEST_CLASSPATH = class com.ibm.ws.container.service.app.deploy.ContainerInfo$Type@10700941
      WEB_INF_CLASSES = class com.ibm.ws.container.service.app.deploy.ContainerInfo$Type@1d272102
      WEB_INF_LIB = class com.ibm.ws.container.service.app.deploy.ContainerInfo$Type@21116e06
      EAR_LIB = class com.ibm.ws.container.service.app.deploy.ContainerInfo$Type@7315a66b
      WEB_MODULE = class com.ibm.ws.container.service.app.deploy.ContainerInfo$Type@7c0a7cc
      EJB_MODULE = class com.ibm.ws.container.service.app.deploy.ContainerInfo$Type@633f8349
      CLIENT_MODULE = class com.ibm.ws.container.service.app.deploy.ContainerInfo$Type@47b4811d
      RAR_MODULE = class com.ibm.ws.container.service.app.deploy.ContainerInfo$Type@6d7fb6b3
      JAR_MODULE = class com.ibm.ws.container.service.app.deploy.ContainerInfo$Type@33077389
      SHARED_LIB = class com.ibm.ws.container.service.app.deploy.ContainerInfo$Type@2c3d8b6b
      $VALUES = class com.ibm.ws.container.service.app.deploy.ContainerInfo$Type[10]
      $$$tc$$$ = class com.ibm.websphere.ras.TraceComponent@40bcb55c
      name = "WEB_MODULE"
      ordinal = 4
    name = "testingPrimefaces.war"
    container = class com.ibm.ws.adaptable.module.internal.AdaptableContainerImpl@5e97721f
      root = class com.ibm.ws.adaptable.module.internal.AdaptableContainerImpl@5e97721f
      rootOverlay = class com.ibm.ws.artifact.overlay.internal.DirectoryBasedOverlayContainerImpl@7ae0ed94
      factoryHolder = class com.ibm.ws.adaptable.module.internal.AdaptableModuleFactoryImpl@545f2b3d
      delegate = class com.ibm.ws.artifact.overlay.internal.DirectoryBasedOverlayContainerImpl@7ae0ed94
      notifier = class com.ibm.ws.adaptable.module.internal.NotifierImpl@486434a5
      serialVersionUID = -5621513278641113667
      $$$tc$$$ = class com.ibm.websphere.ras.TraceComponent@2d36d870
    altDDEntry = null
    classesContainerInfo = class java.util.ArrayList@5f4092e3
      serialVersionUID = 8683452581122892189
      DEFAULT_CAPACITY = 10
      EMPTY_ELEMENTDATA = class java.lang.Object[0]
      DEFAULTCAPACITY_EMPTY_ELEMENTDATA = class java.lang.Object[0]
      elementData = class java.lang.Object[10]
      size = 6
      MAX_ARRAY_SIZE = 2147483639
      modCount = 7
      MAX_ARRAY_SIZE = 2147483639
    serialVersionUID = 7427332431485745589
    $$$tc$$$ = class com.ibm.websphere.ras.TraceComponent@3ce88ec7
      strings[0] = "TraceComponent[com.ibm.ws.app.manager.module.internal.SimpleDeployedAppInfoBase$ExtendedContainerInfo,class com.ibm.ws.app.manager.module.internal.SimpleDeployedAppInfoBase$ExtendedContainerInfo,[applications, app.manager],,null]"
  DYNAMIC_IMPORT_PACKAGE_LIST = class java.util.Collections$UnmodifiableRandomAccessList@171662a3
    serialVersionUID = -2542308836966382001
    serialVersionUID = -283967356065247728
    list = class java.util.Arrays$ArrayList@c47c6
      serialVersionUID = -2764017481108945198
      a = class java.lang.String[1]
      modCount = 0
      MAX_ARRAY_SIZE = 2147483639
    serialVersionUID = 1820017752578914078
    c = class java.util.Arrays$ArrayList@c47c6
  serialVersionUID = -6153587016903242961
  $$$tc$$$ = class com.ibm.websphere.ras.TraceComponent@40ef37b4
    strings[0] = "TraceComponent[com.ibm.ws.app.manager.war.internal.WARDeployedAppInfo,class com.ibm.ws.app.manager.war.internal.WARDeployedAppInfo,[webcontainer, applications, app.manager],com.ibm.ws.app.manager.war.internal.resources.Messages,null]"
  _tc = class com.ibm.websphere.ras.TraceComponent@7d94b12d
    strings[0] = "TraceComponent[com.ibm.ws.app.manager.module.internal.DeployedAppInfoBase,class com.ibm.ws.app.manager.module.internal.DeployedAppInfoBase,[app.manager],com.ibm.ws.app.manager.module.internal.resources.Messages,null]"
  PERMISSION_XML = "permissions.xml"
  applicationInformation = class com.ibm.ws.app.manager.internal.ApplicationInstallInfo@6d09d291
    _config = class com.ibm.ws.app.manager.internal.ApplicationConfig@4fe476b0
      tc = class com.ibm.websphere.ras.TraceComponent@3eea51ac
      _configPid = "com.ibm.ws.app.manager_61"
      _config = class com.ibm.ws.config.admin.ConfigurationDictionary@45e08fda
      _applicationManager = class com.ibm.ws.app.manager.ApplicationManager@9844473
      _location = "testingPrimefaces.war"
      _type = "war"
      _name = "testingPrimefaces"
      _notificationBroadcasterSupport = class javax.management.NotificationBroadcasterSupport@4f97edf1
      ONE_TIME_JANDEX_MSGS_DISPLAYED = true
    _handlerInfo = class java.util.concurrent.atomic.AtomicReference@7da43d88
      serialVersionUID = -1848883965231344442
      unsafe = class sun.misc.Unsafe@3305e224
      valueOffset = 12
      value = class com.ibm.ws.app.manager.war.internal.WARDeployedAppInfo@698f5db5
    _container = class java.util.concurrent.atomic.AtomicReference@5f7c796a
      serialVersionUID = -1848883965231344442
      unsafe = class sun.misc.Unsafe@3305e224
      valueOffset = 12
      value = class com.ibm.ws.adaptable.module.internal.AdaptableContainerImpl@5e97721f
    _resolvedLocation = class java.util.concurrent.atomic.AtomicReference@75a1969b
      serialVersionUID = -1848883965231344442
      unsafe = class sun.misc.Unsafe@3305e224
      valueOffset = 12
      value = class com.ibm.ws.kernel.service.location.internal.LocalFileResource@7badda00
    _handler = class com.ibm.ws.app.manager.war.internal.WARApplicationHandlerImpl@191c3f69
      futureMonitor = class com.ibm.ws.threading.internal.FutureMonitorImpl@50fe9b4d
      deployedAppFactory = class com.ibm.ws.app.manager.war.internal.WARDeployedAppInfoFactoryImpl@4b54d808
      serialVersionUID = 4622845147410944782
      $$$tc$$$ = class com.ibm.websphere.ras.TraceComponent@2b8a342b
    _ami = class java.util.concurrent.atomic.AtomicReference@458819bf
      serialVersionUID = -1848883965231344442
      unsafe = class sun.misc.Unsafe@3305e224
      valueOffset = 12
      value = class com.ibm.wsspi.application.handler.DefaultApplicationMonitoringInformation@99d31b1
    _updateHandler = class com.ibm.ws.app.manager.internal.statemachine.ApplicationStateMachineImpl@79838f4d
      _tc = class com.ibm.websphere.ras.TraceComponent@190008fd
      EMPTY_FUTURE_ARRAY = interface java.util.concurrent.Future[0]
      asmSequenceNumber = class java.util.concurrent.atomic.AtomicLong@3bf3c39
      _qscaCounter = class java.util.concurrent.atomic.AtomicInteger@383891da
      _failedThrowable = null
      _interruptibleLock = class com.ibm.ws.app.manager.internal.statemachine.ApplicationStateMachineImpl$2@26689f04
      _interruptible = false
      _performingQueuedActions = true
      _queuedActions = class java.util.concurrent.ConcurrentLinkedQueue@1d40f967
      _callbackState = class java.util.concurrent.atomic.AtomicReference@67645002
      blockAppStartingFutures = class java.util.Collections$SetFromMap@1baeab75
      waitingForAppHandlerFuture = class java.util.concurrent.atomic.AtomicReference@79dc87bb
      waitingForExplicitStartFuture = class java.util.concurrent.atomic.AtomicReference@634dd226
      completionListener = class java.util.concurrent.atomic.AtomicReference@26ec6a0d
      _notifyAppStopped = class java.util.concurrent.ConcurrentLinkedQueue@487788a6
      _notifyAppStarting = class java.util.concurrent.ConcurrentLinkedQueue@558b2f4c
      _notifyAppInstallCalled = class java.util.concurrent.ConcurrentLinkedQueue@58da0b39
      _notifyAppStarted = class java.util.concurrent.ConcurrentLinkedQueue@1da3be2d
      _notifyAppRemoved = class java.util.concurrent.ConcurrentLinkedQueue@69e52787
      _stateLock = class com.ibm.ws.app.manager.internal.statemachine.ApplicationStateMachineImpl$3@659884b8
      _internalState = class java.util.concurrent.atomic.AtomicReference@6d93c8f1
      _currentAction = class java.util.concurrent.atomic.AtomicReference@6d4151b8
      _rfa = class java.util.concurrent.atomic.AtomicReference@2d589a88
      _appInstallInfo = class java.util.concurrent.atomic.AtomicReference@c4476df
      _update = class java.util.concurrent.atomic.AtomicBoolean@7fe3e3e6
      _appConfig = class java.util.concurrent.atomic.AtomicReference@1848b133
      _nextAppConfig = class java.util.concurrent.atomic.AtomicReference@71ade468
      _appContainer = class java.util.concurrent.atomic.AtomicReference@5e70960c
      _resolvedLocation = class java.util.concurrent.atomic.AtomicReference@3eecb2f7
      _handler = class java.util.concurrent.atomic.AtomicReference@63705d30
      _asmSeqNo = 2
      _ctx = class org.eclipse.osgi.internal.framework.BundleContextImpl@1129ebf
      _locAdmin = class com.ibm.ws.kernel.service.location.internal.WsLocationAdminImpl@1f4e0e6e
      _futureMonitor = class com.ibm.ws.threading.internal.FutureMonitorImpl@50fe9b4d
      _artifactFactory = class com.ibm.ws.artifact.internal.ArtifactContainerFactoryService@2acbfd1a
      _moduleFactory = class com.ibm.ws.adaptable.module.internal.AdaptableModuleFactoryImpl@545f2b3d
      _executorService = class com.ibm.ws.threading.internal.ExecutorServiceImpl@bf11fc0
      _scheduledExecutorService = class com.ibm.ws.threading.internal.ScheduledExecutorImpl@4359a5cb
      _asmHelper = class com.ibm.ws.app.manager.internal.ApplicationConfigurator$NamedApplication@2632192d
      _appMonitor = class com.ibm.ws.app.manager.internal.monitor.ApplicationMonitor@7de07b92
      enterStateCalled = class java.util.concurrent.atomic.AtomicBoolean@27fa42d4
      serialVersionUID = 6511956370079301927
      serialVersionUID = 5501066335104962649
      $$$tc$$$ = class com.ibm.websphere.ras.TraceComponent@249e2438
    serialVersionUID = 2630639237123415755
    $$$tc$$$ = class com.ibm.websphere.ras.TraceComponent@66cc0e38
      strings[0] = "TraceComponent[com.ibm.ws.app.manager.internal.ApplicationInstallInfo,class com.ibm.ws.app.manager.internal.ApplicationInstallInfo,[applications, app.manager],com.ibm.ws.app.manager.internal.resources.AppManagerMessages,null]"
  location = "D:\devel\tools\wlp\usr\servers\defaultServer\apps\testingPrimefaces.war.xml"
  classLoadingService = class com.ibm.ws.classloading.internal.ClassLoadingServiceImpl@2b6e042d
    tc = class com.ibm.websphere.ras.TraceComponent@1d17164d
      strings[0] = "TraceComponent[com.ibm.ws.classloading.internal.ClassLoadingServiceImpl,class com.ibm.ws.classloading.internal.ClassLoadingServiceImpl,[ClassLoadingService],com.ibm.ws.classloading.internal.resources.ClassLoadingServiceMessages,null]"
    leakDetectionMap = class java.util.HashMap@76aaced2
      serialVersionUID = 362498820763181265
      DEFAULT_INITIAL_CAPACITY = 16
      MAXIMUM_CAPACITY = 1073741824
      DEFAULT_LOAD_FACTOR = 0.75
      TREEIFY_THRESHOLD = 8
      UNTREEIFY_THRESHOLD = 6
      MIN_TREEIFY_CAPACITY = 64
      table = null
      entrySet = null
      size = 0
      modCount = 0
      threshold = 0
      loadFactor = 0.75
      keySet = null
      values = null
    TCCL_LOCK_WAIT = 15000
    REFERENCE_GENERATORS = "generators"
    bundleContext = class org.eclipse.osgi.internal.framework.BundleContextImpl@15dd0df7
      findHookName = "org.osgi.framework.hooks.bundle.FindHook"
      valid = true
      bundle = class org.eclipse.osgi.internal.framework.EquinoxBundle@1a3652ee
      container = class org.eclipse.osgi.internal.framework.EquinoxContainer@54ac6ff0
      debug = class org.eclipse.osgi.internal.debug.Debug@7eb92829
      servicesInUse = class java.util.HashMap@6d7019a4
      activator = null
      contextLock = class java.lang.Object@76f649bb
    aclStore = class com.ibm.ws.classloading.internal.util.CanonicalStore@653e11cd
      map = class java.util.concurrent.ConcurrentHashMap@65c96262
      q = class com.ibm.ws.classloading.internal.util.RefQueue@7fccfc2f
      serialVersionUID = 6715157558227169968
      $$$tc$$$ = class com.ibm.websphere.ras.TraceComponent@70f7aa68
    tcclStore = class com.ibm.ws.classloading.internal.util.CanonicalStore@1ce5acd0
      map = class java.util.concurrent.ConcurrentHashMap@2461518f
      q = class com.ibm.ws.classloading.internal.util.RefQueue@73bd07a6
      serialVersionUID = 6715157558227169968
      $$$tc$$$ = class com.ibm.websphere.ras.TraceComponent@70f7aa68
    tcclStoreLock = class java.util.concurrent.locks.ReentrantLock@44b9d76d
      serialVersionUID = 7373984872572414699
      sync = class java.util.concurrent.locks.ReentrantLock$NonfairSync@157a3a21
    digraph = class org.eclipse.equinox.internal.region.StandardRegionDigraph@64454d76
      EMPTY_EDGE_SET = class java.util.Collections$UnmodifiableSet@24376579
      monitor = class java.lang.Object@48aa6a1a
      regions = class java.util.HashMap@3a845b1a
      bundleIdToRegionMapping = class org.eclipse.equinox.internal.region.StandardBundleIdToRegionMapping@33cae2b1
      edges = class java.util.HashMap@2cc9451c
      bundleContext = class org.eclipse.osgi.internal.framework.BundleContextImpl@24a1c17f
      threadLocal = class java.lang.ThreadLocal@37281025
      subgraphTraverser = class org.eclipse.equinox.internal.region.SubgraphTraverser@2f6cd151
      bundleCollisionHook = class org.eclipse.equinox.internal.region.hook.RegionBundleCollisionHook@4b577167
      bundleEventHook = class org.eclipse.equinox.internal.region.hook.RegionBundleEventHook@2d503cb4
      bundleFindHook = class org.eclipse.equinox.internal.region.hook.RegionBundleFindHook@5a0eb803
      serviceEventHook = class org.eclipse.equinox.internal.region.hook.RegionServiceEventHook@13210c4a
      serviceFindHook = class org.eclipse.equinox.internal.region.hook.RegionServiceFindHook@630d8b00
      resolverHookFactory = class org.eclipse.equinox.internal.region.hook.RegionResolverHookFactory@4f94ae49
      origin = null
      originUpdateCount = -1
      updateCount = class java.util.concurrent.atomic.AtomicLong@6075c918
      defaultRegion = null
    redefiner = class com.ibm.ws.classloading.internal.util.ClassRedefiner@647d3e6
      tc = class com.ibm.websphere.ras.TraceComponent@7e49c180
      LS = "
"
      inst = class com.ibm.ws.kernel.launch.internal.TraceInstrumentation@1c37e9a5
      serialVersionUID = 2420101865139508526
    listener = class com.ibm.ws.classloading.internal.ClassLoadingServiceImpl$1@7160984a
      this$0 = class com.ibm.ws.classloading.internal.ClassLoadingServiceImpl@2b6e042d
      serialVersionUID = -9159707349812113172
      $$$tc$$$ = class com.ibm.websphere.ras.TraceComponent@94189f9
    classloaders = class java.util.Collections$SynchronizedMap@4052399a
      serialVersionUID = 1978198479659022715
      m = class java.util.HashMap@478a9a1e
      mutex = class java.util.Collections$SynchronizedMap@4052399a
      keySet = null
      entrySet = null
      values = null
    resourceProviders = class com.ibm.ws.classloading.internal.CompositeResourceProvider@6ab73653
      lockFactory = class java.util.concurrent.locks.ReentrantReadWriteLock@3eef3ddc
      providerMap = class com.ibm.ws.classloading.internal.util.MultiMap@78d673f1
      serialVersionUID = -5576435894946156347
      $$$tc$$$ = class com.ibm.websphere.ras.TraceComponent@8907349
    rememberedBundles = class java.util.concurrent.ConcurrentHashMap@4a5a9c42
      serialVersionUID = 7249069246763182397
      MAXIMUM_CAPACITY = 1073741824
      DEFAULT_CAPACITY = 16
      MAX_ARRAY_SIZE = 2147483639
      DEFAULT_CONCURRENCY_LEVEL = 16
      LOAD_FACTOR = 0.75
      TREEIFY_THRESHOLD = 8
      UNTREEIFY_THRESHOLD = 6
      MIN_TREEIFY_CAPACITY = 64
      MIN_TRANSFER_STRIDE = 16
      RESIZE_STAMP_BITS = 16
      MAX_RESIZERS = 65535
      RESIZE_STAMP_SHIFT = 16
      MOVED = -1
      TREEBIN = -2
      RESERVED = -3
      HASH_BITS = 2147483647
      NCPU = 4
      serialPersistentFields = class java.io.ObjectStreamField[3]
      table = class java.util.concurrent.ConcurrentHashMap$Node[16]
      nextTable = null
      baseCount = 5
      sizeCtl = 12
      transferIndex = 0
      cellsBusy = 0
      counterCells = null
      keySet = null
      values = null
      entrySet = null
      U = class sun.misc.Unsafe@3305e224
      SIZECTL = 20
      TRANSFERINDEX = 32
      BASECOUNT = 24
      CELLSBUSY = 36
      CELLVALUE = 144
      ABASE = 16
      ASHIFT = 2
      keySet = null
      values = null
    collectedBundles = class java.lang.ref.ReferenceQueue@4ba5682
      NULL = class java.lang.ref.ReferenceQueue$Null@346e8300
      ENQUEUED = class java.lang.ref.ReferenceQueue$Null@2f75321c
      lock = class java.lang.ref.ReferenceQueue$Lock@4f058efa
      head = null
      queueLength = 0
      $assertionsDisabled = true
    generatorRefs = class com.ibm.wsspi.kernel.service.utils.ConcurrentServiceReferenceSet@716d3c97
      referenceName = "generators"
      contextRef = class java.util.concurrent.atomic.AtomicReference@b55a9a
      elementMap = class java.util.LinkedHashMap@ebb4f32
      elementSet = class java.util.concurrent.ConcurrentSkipListSet@1618bbfa
      elementSetUnsorted = false
      serialVersionUID = 756240983881166148
      $$$tc$$$ = class com.ibm.websphere.ras.TraceComponent@1b2e5871
    generatorManager = class com.ibm.ws.classloading.internal.ClassGeneratorManager@43c694ab
      tc = class com.ibm.websphere.ras.TraceComponent@ab8b41b
      generatorRefs = class com.ibm.wsspi.kernel.service.utils.ConcurrentServiceReferenceSet@716d3c97
      serialVersionUID = 4152663586056483310
    appExtLibs = class java.util.concurrent.CopyOnWriteArrayList@20a245c9
      serialVersionUID = 8673264195747942595
      lock = class java.util.concurrent.locks.ReentrantLock@56a780c4
      array = class java.lang.Object[0]
      UNSAFE = class sun.misc.Unsafe@3305e224
      lockOffset = 12
    globalConfig = class com.ibm.ws.classloading.configuration.GlobalClassloadingConfiguration@3e047513
      properties = class org.apache.felix.scr.impl.helper.ReadOnlyDictionary@796833
      serialVersionUID = 452562347104713756
      $$$tc$$$ = class com.ibm.websphere.ras.TraceComponent@6848e7fc
    metaInfServicesProviders = class java.util.concurrent.ConcurrentHashMap@68dc3a17
      serialVersionUID = 7249069246763182397
      MAXIMUM_CAPACITY = 1073741824
      DEFAULT_CAPACITY = 16
      MAX_ARRAY_SIZE = 2147483639
      DEFAULT_CONCURRENCY_LEVEL = 16
      LOAD_FACTOR = 0.75
      TREEIFY_THRESHOLD = 8
      UNTREEIFY_THRESHOLD = 6
      MIN_TREEIFY_CAPACITY = 64
      MIN_TRANSFER_STRIDE = 16
      RESIZE_STAMP_BITS = 16
      MAX_RESIZERS = 65535
      RESIZE_STAMP_SHIFT = 16
      MOVED = -1
      TREEBIN = -2
      RESERVED = -3
      HASH_BITS = 2147483647
      NCPU = 4
      serialPersistentFields = class java.io.ObjectStreamField[3]
      table = null
      nextTable = null
      baseCount = 0
      sizeCtl = 0
      transferIndex = 0
      cellsBusy = 0
      counterCells = null
      keySet = null
      values = null
      entrySet = null
      U = class sun.misc.Unsafe@3305e224
      SIZECTL = 20
      TRANSFERINDEX = 32
      BASECOUNT = 24
      CELLSBUSY = 36
      CELLVALUE = 144
      ABASE = 16
      ASHIFT = 2
      keySet = null
      values = null
    metaInfServicesRefs = class com.ibm.wsspi.kernel.service.utils.ConcurrentServiceReferenceMap@704d2a1f
      referenceName = "MetaInfServicesProvider"
      context = class org.apache.felix.scr.impl.manager.ComponentContextImpl@78eb4a6
      elementMap = class java.util.concurrent.ConcurrentHashMap@3dbb3bb3
      serialVersionUID = 6980924785166233786
      $$$tc$$$ = class com.ibm.websphere.ras.TraceComponent@25d16e73
    protectionDomainMap = class java.util.HashMap@42f3b5d2
      serialVersionUID = 362498820763181265
      DEFAULT_INITIAL_CAPACITY = 16
      MAXIMUM_CAPACITY = 1073741824
      DEFAULT_LOAD_FACTOR = 0.75
      TREEIFY_THRESHOLD = 8
      UNTREEIFY_THRESHOLD = 6
      MIN_TREEIFY_CAPACITY = 64
      table = null
      entrySet = null
      size = 0
      modCount = 0
      threshold = 0
      loadFactor = 0.75
      keySet = null
      values = null
    metadataIdentifierService = class com.ibm.ws.container.service.metadata.internal.MetaDataServiceImpl@2a4148c
    globalSharedLibrary = class java.util.concurrent.atomic.AtomicReference@5f42ec72
      serialVersionUID = -1848883965231344442
      unsafe = class sun.misc.Unsafe@3305e224
      valueOffset = 12
      value = null
    serialVersionUID = -2277344858934055980
  globalSharedLibrary = class com.ibm.ws.library.internal.SharedLibraryImpl@fc97899
    tc = class com.ibm.websphere.ras.TraceComponent@4e5cdb41
      strings[0] = "TraceComponent[com.ibm.ws.library.internal.SharedLibraryImpl,class com.ibm.ws.library.internal.SharedLibraryImpl,[SharedLibrary],com.ibm.ws.classloading.internal.resources.ClassLoadingServiceMessages,null]"
    EMPTY_LIBRARY_LISTENERS = interface com.ibm.wsspi.library.LibraryChangeListener[0]
    deleted = false
    libraryListenersTracker = class org.osgi.util.tracker.ServiceTracker@71b3180a
      DEBUG = false
      context = class org.eclipse.osgi.internal.framework.BundleContextImpl@15dd0df7
      filter = class org.eclipse.osgi.internal.framework.FilterImpl@4f590ffd
      customizer = class org.osgi.util.tracker.ServiceTracker@71b3180a
      listenerFilter = "(&(objectClass=com.ibm.wsspi.library.LibraryChangeListener)(|(library=global)(libraryRef=*com.ibm.ws.classloading.sharedlibrary_43*)))"
      trackClass = null
      trackReference = null
      tracked = class org.osgi.util.tracker.ServiceTracker$Tracked@68e33dd4
      cachedReference = null
      cachedService = null
    libraryReg = class org.eclipse.osgi.internal.serviceregistry.ServiceRegistrationImpl@1f489d6a
      registry = class org.eclipse.osgi.internal.serviceregistry.ServiceRegistry@998c66c
      context = class org.eclipse.osgi.internal.framework.BundleContextImpl@15dd0df7
      bundle = class org.eclipse.osgi.internal.framework.EquinoxBundle@1a3652ee
      clazzes = class java.lang.String[1]
      service = class com.ibm.ws.library.internal.SharedLibraryImpl@fc97899
      reference = class org.eclipse.osgi.internal.serviceregistry.ServiceReferenceImpl@179115e1
      contextsUsing = class java.util.ArrayList@6d5ed861
      properties = class java.util.Collections$UnmodifiableMap@790e445
      serviceid = 305
      serviceranking = 0
      registrationLock = class java.lang.Object@72512412
      state = 0
      REGISTERED = 0
      UNREGISTERING = 1
      UNREGISTERED = 2
      FRAMEWORK_SET_SERVICE_PROPERTIES_COUNT = 4
      $assertionsDisabled = true
    ctx = class org.eclipse.osgi.internal.framework.BundleContextImpl@15dd0df7
    classLoadingService = class com.ibm.ws.classloading.internal.ClassLoadingServiceImpl@2b6e042d
    configAdmin = class com.ibm.ws.config.admin.internal.ConfigurationAdminImpl@1cef8ffe
      tc = class com.ibm.websphere.ras.TraceComponent@48cd5e7
      bundle = class org.eclipse.osgi.internal.framework.EquinoxBundle@1a3652ee
      caFactory = class com.ibm.ws.config.admin.internal.ConfigAdminServiceFactory@1b6d364e
      serialVersionUID = -2875522750804142523
    resolvedBasePath = "D:/devel/tools/wlp/usr/servers/defaultServer/"
    generationLock = class com.ibm.ws.library.internal.SharedLibraryImpl$1@267293dc
      this$0 = class com.ibm.ws.library.internal.SharedLibraryImpl@fc97899
      serialVersionUID = 2483639803450672373
      $$$tc$$$ = class com.ibm.websphere.ras.TraceComponent@b941149
    currentGeneration = class com.ibm.ws.library.internal.LibraryGeneration@6d3843a5
      tc = class com.ibm.websphere.ras.TraceComponent@2f3b9015
      nextInt = class java.util.concurrent.atomic.AtomicInteger@6b09bfe8
      libraryId = "global"
      genId = 0
      libraryProps = class java.util.Hashtable@42ddf034
      filesetRefs = class java.util.Collections$UnmodifiableRandomAccessList@554c3069
      apiTypeVisibility = class java.util.RegularEnumSet@2b9d091
      files = class java.util.Collections$EmptyList@38738dd5
      folders = class java.util.ArrayList@2469d9d1
      fileAndFolderContainers = class java.util.Collections$EmptyList@38738dd5
      filesets = class java.util.concurrent.ArrayBlockingQueue@918d138
      filesetListenerRegs = class java.util.concurrent.ConcurrentLinkedQueue@3de3670a
      cancelled = false
      library = class com.ibm.ws.library.internal.SharedLibraryImpl@fc97899
      serialVersionUID = 6965220007121905717
    nextGeneration = class com.ibm.ws.library.internal.LibraryGeneration@6d3843a5
    artifactContainerFactory = class com.ibm.ws.library.internal.SharedLibraryFactory$1@4227540
      this$0 = class com.ibm.ws.library.internal.SharedLibraryFactory@1f419c6e
      serialVersionUID = 7730244564205089330
      $$$tc$$$ = class com.ibm.websphere.ras.TraceComponent@554d0b0e
    packageExporter = class com.ibm.ws.library.internal.LibraryPackageExporter@64529a45
      EXPORTER_POSTFIX = "_library_exporter"
      REGION_EXPORT_TO_LIBERTY = "liberty.library.export.to.liberty"
      REGION_EXPORT_TO_OSGI_APPS = "liberty.library.export.to.osgi.app"
      REGION_KERNEL = "org.eclipse.equinox.region.kernel"
      counter = class java.util.concurrent.atomic.AtomicLong@6236f24f
      context = class org.eclipse.osgi.internal.framework.BundleContextImpl@15dd0df7
      digraph = class org.eclipse.equinox.internal.region.StandardRegionDigraph@64454d76
      bundleToLibrary = class java.util.concurrent.ConcurrentHashMap@6c564c49
      libraryToVisibility = class java.util.concurrent.ConcurrentHashMap@613ff0f1
      serialVersionUID = 8074378969667956573
      $$$tc$$$ = class com.ibm.websphere.ras.TraceComponent@4ad7191a
    serialVersionUID = 6288237618632180389
  sharedLibDeploymentInfo = class com.ibm.ws.app.manager.module.internal.DeployedAppInfoBase$SharedLibDeploymentInfo@73c052fe
    bundleContext = class org.eclipse.osgi.internal.framework.BundleContextImpl@4774b92b
      findHookName = "org.osgi.framework.hooks.bundle.FindHook"
      valid = true
      bundle = class org.eclipse.osgi.internal.framework.EquinoxBundle@2a293039
      container = class org.eclipse.osgi.internal.framework.EquinoxContainer@54ac6ff0
      debug = class org.eclipse.osgi.internal.debug.Debug@7eb92829
      servicesInUse = class java.util.HashMap@70704cb5
      activator = null
      contextLock = class java.lang.Object@6533de14
    locAdmin = class com.ibm.ws.kernel.service.location.internal.WsLocationAdminImpl@1f4e0e6e
      tc = class com.ibm.websphere.ras.TraceComponent@338ba19a
      LOC_INTERNAL_LIB_DIR = "wlp.lib.dir"
      LOC_AREA_NAME_APPS = "shared/apps/"
      LOC_AREA_NAME_CONFIG = "shared/config/"
      LOC_AREA_NAME_RESC = "shared/resources/"
      LOC_AREA_NAME_STATE = "logs/state/"
      LOC_AREA_NAME_SERVERS = "servers/"
      LOC_AREA_NAME_CLIENTS = "clients/"
      LOC_AREA_NAME_WORKING = "workarea/"
      LOC_AREA_NAME_EXTENSION = "extension/"
      instance = class com.ibm.ws.staticvalue.StaticValue$FinalSingleton@393cc149
      installRoot = class com.ibm.ws.kernel.service.location.internal.SymbolicRootResource@6df1149f
      installParentRoot = class com.ibm.ws.kernel.service.location.internal.SymbolicRootResource@5d861fa9
      userRoot = class com.ibm.ws.kernel.service.location.internal.SymbolicRootResource@3073c41f
      usrExtensionRoot = class com.ibm.ws.kernel.service.location.internal.SymbolicRootResource@6f9a7dd1
      serverConfigDir = class com.ibm.ws.kernel.service.location.internal.SymbolicRootResource@aaad951
      serverOutputDir = class com.ibm.ws.kernel.service.location.internal.SymbolicRootResource@aaad951
      bootstrapLib = class com.ibm.ws.kernel.service.location.internal.LocalFileResource@67bce4fa
      serverWorkarea = class com.ibm.ws.kernel.service.location.internal.LocalFileResource@4941972e
      serverState = class com.ibm.ws.kernel.service.location.internal.LocalFileResource@75091f22
      sharedAppsRoot = class com.ibm.ws.kernel.service.location.internal.SymbolicRootResource@29b52083
      sharedConfigRoot = class com.ibm.ws.kernel.service.location.internal.SymbolicRootResource@292e9a7b
      sharedResourceRoot = class com.ibm.ws.kernel.service.location.internal.SymbolicRootResource@6c939097
      tmpRoot = class com.ibm.ws.kernel.service.location.internal.SymbolicRootResource@515e7228
      serverName = "defaultServer"
      resourcePaths = class java.util.ArrayList@51efe1b8
      resourceGroups = class java.util.HashMap@ccf44bc
      commonRoot = class com.ibm.ws.kernel.service.location.internal.VirtualRootResource@7ca87a9a
      serialVersionUID = 7766352982799267432
    artifactFactory = class com.ibm.ws.artifact.internal.ArtifactContainerFactoryService@2acbfd1a
      CATEGORY_PROP_NAME = "category"
      ENTRY_KEY = "com.ibm.wsspi.artifact.ArtifactEntry"
      helperMap = class com.ibm.wsspi.kernel.service.utils.ConcurrentServiceReferenceSetMap@69daed76
      contributorMap = class com.ibm.wsspi.kernel.service.utils.ConcurrentServiceReferenceSetMap@1e1d0322
      helperCategoryMap = class com.ibm.wsspi.kernel.service.utils.ConcurrentServiceReferenceSetMap@5af026e6
      contributorCategoryMap = class com.ibm.wsspi.kernel.service.utils.ConcurrentServiceReferenceSetMap@5ef78420
      categories = class java.util.Collections$SynchronizedSet@60f863d5
      baseProperties = class org.apache.felix.scr.impl.helper.ReadOnlyDictionary@168a68fb
      serialVersionUID = -3101641399269402013
      $$$tc$$$ = class com.ibm.websphere.ras.TraceComponent@391f0f1a
    moduleFactory = class com.ibm.ws.adaptable.module.internal.AdaptableModuleFactoryImpl@545f2b3d
      adapterFactoryService = class com.ibm.ws.adaptable.module.internal.AdapterFactoryServiceImpl@2f80b968
      containerFactory = class com.ibm.ws.artifact.internal.ArtifactContainerFactoryService@2acbfd1a
      overlayContainerFactory = class com.ibm.ws.artifact.overlay.internal.OverlayContainerFactoryImpl@5c1a3bbd
      serialVersionUID = 4200251809856292987
      $$$tc$$$ = class com.ibm.websphere.ras.TraceComponent@21a9e194
    classesContainerInfo = class java.util.ArrayList@6826044d
      serialVersionUID = 8683452581122892189
      DEFAULT_CAPACITY = 10
      EMPTY_ELEMENTDATA = class java.lang.Object[0]
      DEFAULTCAPACITY_EMPTY_ELEMENTDATA = class java.lang.Object[0]
      elementData = class java.lang.Object[0]
      size = 0
      MAX_ARRAY_SIZE = 2147483639
      modCount = 0
      MAX_ARRAY_SIZE = 2147483639
    serialVersionUID = -9033256786848720484
    $$$tc$$$ = class com.ibm.websphere.ras.TraceComponent@3eb7a9e
      strings[0] = "TraceComponent[com.ibm.ws.app.manager.module.internal.DeployedAppInfoBase$SharedLibDeploymentInfo,class com.ibm.ws.app.manager.module.internal.DeployedAppInfoBase$SharedLibDeploymentInfo,[applications, app.manager],,null]"
  futureMonitor = class com.ibm.ws.threading.internal.FutureMonitorImpl@50fe9b4d
    _monitor = class java.util.concurrent.ConcurrentLinkedQueue@44f6c72c
      serialVersionUID = 196745693267521676
      head = class java.util.concurrent.ConcurrentLinkedQueue$Node@c303f60
      tail = class java.util.concurrent.ConcurrentLinkedQueue$Node@c303f60
      UNSAFE = class sun.misc.Unsafe@3305e224
      headOffset = 12
      tailOffset = 16
      MAX_ARRAY_SIZE = 2147483639
    _executor = class com.ibm.ws.threading.internal.ScheduledExecutorImpl@4359a5cb
      threadGroupName = "Scheduled Executor Thread Group"
      executor = class com.ibm.ws.threading.internal.ExecutorServiceImpl@bf11fc0
      serialVersionUID = -9110693807503469597
      $$$tc$$$ = class com.ibm.websphere.ras.TraceComponent@622f6ba7
      continueExistingPeriodicTasksAfterShutdown = false
      executeExistingDelayedTasksAfterShutdown = true
      removeOnCancel = false
      sequencer = class java.util.concurrent.atomic.AtomicLong@70b01630
      ctl = class java.util.concurrent.atomic.AtomicInteger@52c96671
      COUNT_BITS = 29
      CAPACITY = 536870911
      RUNNING = -536870912
      SHUTDOWN = 0
      STOP = 536870912
      TIDYING = 1073741824
      TERMINATED = 1610612736
      workQueue = class java.util.concurrent.ScheduledThreadPoolExecutor$DelayedWorkQueue@4a1fab39
      mainLock = class java.util.concurrent.locks.ReentrantLock@4993b2a5
      workers = class java.util.HashSet@39623c31
      termination = class java.util.concurrent.locks.AbstractQueuedSynchronizer$ConditionObject@20012f82
      largestPoolSize = 1
      completedTaskCount = 0
      threadFactory = class com.ibm.ws.threading.internal.ThreadFactoryImpl@17f01ed8
      handler = class java.util.concurrent.ThreadPoolExecutor$AbortPolicy@57e5aa18
      keepAliveTime = 0
      allowCoreThreadTimeOut = false
      corePoolSize = 1
      maximumPoolSize = 2147483647
      defaultHandler = class java.util.concurrent.ThreadPoolExecutor$AbortPolicy@57e5aa18
      shutdownPerm = class java.lang.RuntimePermission@c0cd50a
      acc = null
      ONLY_ONE = true
      $assertionsDisabled = true
    _threadRunning = class java.util.concurrent.atomic.AtomicBoolean@66aace16
      serialVersionUID = 4654671469794556979
      unsafe = class sun.misc.Unsafe@3305e224
      valueOffset = 12
      value = 0
    _thread = class com.ibm.ws.threading.internal.FutureMonitorImpl$1@66d98119
      this$0 = class com.ibm.ws.threading.internal.FutureMonitorImpl@50fe9b4d
      serialVersionUID = 2422512430832938099
      $$$tc$$$ = class com.ibm.websphere.ras.TraceComponent@214529a0
    serialVersionUID = 2765238413969174390
    $$$tc$$$ = class com.ibm.websphere.ras.TraceComponent@40b610c6
      strings[0] = "TraceComponent[com.ibm.ws.threading.internal.FutureMonitorImpl,class com.ibm.ws.threading.internal.FutureMonitorImpl,[Threading],com.ibm.ws.threading.internal.resources.ThreadingMessages,null]"
  configAdmin = class com.ibm.ws.config.admin.internal.ConfigurationAdminImpl@beaa213
    tc = class com.ibm.websphere.ras.TraceComponent@48cd5e7
      strings[0] = "TraceComponent[com.ibm.ws.config.admin.internal.ConfigurationAdminImpl,class com.ibm.ws.config.admin.internal.ConfigurationAdminImpl,[config],com.ibm.ws.config.internal.resources.ConfigMessages,null]"
    bundle = class org.eclipse.osgi.internal.framework.EquinoxBundle@2a293039
      equinoxContainer = class org.eclipse.osgi.internal.framework.EquinoxContainer@54ac6ff0
      module = class org.eclipse.osgi.internal.framework.EquinoxBundle$EquinoxModule@6af3ff02
      monitor = class java.lang.Object@5b0aac8c
      context = class org.eclipse.osgi.internal.framework.BundleContextImpl@4774b92b
      signerInfos = null
      $SWITCH_TABLE$org$eclipse$osgi$container$Module$State = {1,2,3,4,5,6,7} /* array length = 7 */
    caFactory = class com.ibm.ws.config.admin.internal.ConfigAdminServiceFactory@1b6d364e
      tc = class com.ibm.websphere.ras.TraceComponent@51fc47fb
      configurationPermission = class org.osgi.service.cm.ConfigurationPermission@2a1dd0ed
      INDEX_DICTIONARY = 0
      INDEX_LOCATION = 1
      INDEX_METATYPE_PROCESSED = 2
      INDEX_IN_OVERRIDES_FILE = 3
      INDEX_REFERENCES = 4
      INDEX_UNIQUES = 5
      bundleContext = class org.eclipse.osgi.internal.framework.BundleContextImpl@7802684b
      msTracker = class com.ibm.ws.config.admin.internal.ManagedServiceTracker@2c87f037
      msfTracker = class com.ibm.ws.config.admin.internal.ManagedServiceFactoryTracker@47754e16
      pluginManager = class com.ibm.ws.config.admin.internal.PluginManager@1839b4fa
      configurationStore = class com.ibm.ws.config.admin.internal.ConfigurationStore@5ce785a8
      updateQueue = class com.ibm.ws.config.admin.internal.UpdateQueue@4ff2d04b
      ced = class com.ibm.ws.config.admin.internal.ConfigEventDispatcher@221a325d
      idMap = class java.util.Collections$SynchronizedMap@77d1cc80
      referenceMap = class java.util.Collections$SynchronizedMap@17fbcd17
      variableRegistryTracker = class org.osgi.util.tracker.ServiceTracker@4ed2272b
      variableRegistry = class com.ibm.ws.kernel.service.location.internal.VariableRegistryHelper@3da96c76
      configurationAdminRef = class org.eclipse.osgi.internal.serviceregistry.ServiceRegistrationImpl@5b208cea
      serialVersionUID = 6695202270027014725
    serialVersionUID = -2875522750804142523
  libraryConfigHelper = class com.ibm.ws.classloading.ClassLoaderConfigHelper@4f230e47
    tc = class com.ibm.websphere.ras.TraceComponent@19b23acd
      strings[0] = "TraceComponent[com.ibm.ws.classloading.ClassLoaderConfigHelper,class com.ibm.ws.classloading.ClassLoaderConfigHelper,[ClassLoadingService],com.ibm.ws.classloading.internal.resources.ClassLoadingServiceMessages,null]"
    DEFAULT_API_TYPES = class java.util.RegularEnumSet@6e19bf6a
      serialVersionUID = 3411599620347842686
      elements = 23
      elementType = class java.lang.Class@73938826
      universe = class com.ibm.wsspi.classloading.ApiType[5]
      ZERO_LENGTH_ENUM_ARRAY = class java.lang.Enum[0]
      MAX_ARRAY_SIZE = 2147483639
    sharedLibraries = class java.util.Collections$EmptyList@38738dd5
      serialVersionUID = 8842843931221139166
      modCount = 0
      MAX_ARRAY_SIZE = 2147483639
    commonLibraries = class java.util.Collections$EmptyList@38738dd5
    classProviders = class java.util.Collections$EmptyList@38738dd5
    sharedLibrariesPids = null
    commonLibrariesPids = null
    isDelegateLast = false
    apiTypes = class java.util.RegularEnumSet@6e19bf6a
    classLoaderConfigProps = null
    serialVersionUID = 7643888529935916418
  isDelegateLast = false
  permissionManager = class com.ibm.ws.classloading.java2sec.PermissionManager@3e05f2ff
    tc = class com.ibm.websphere.ras.TraceComponent@7b2804ae
      strings[0] = "TraceComponent[com.ibm.ws.classloading.java2sec.PermissionManager,class com.ibm.ws.classloading.java2sec.PermissionManager,[Java2SecurityUtil],com.ibm.ws.classloading.internal.resources.Java2SecurityUtilMessages,null]"
    classLoadingService = class com.ibm.ws.classloading.internal.ClassLoadingServiceImpl@2b6e042d
    DEFAULT_SERVER_RESTRICTABLE_PERMISSIONS = class java.security.Permission[4]
      Permission[0] = class java.lang.RuntimePermission@551d1168
      Permission[1] = class java.lang.RuntimePermission@3c684ef1
      Permission[2] = class java.security.SecurityPermission@5e597611
      Permission[3] = class javax.security.auth.AuthPermission@7aa15273
    DEFAULT_CLIENT_RESTRICTABLE_PERMISSIONS = class java.security.Permission[3]
      Permission[0] = class java.lang.RuntimePermission@31078f83
      Permission[1] = class java.security.SecurityPermission@5abbe9b9
      Permission[2] = class javax.security.auth.AuthPermission@5afd2bc
    isServer = true
    wsjarUrlStreamHandlerAvailable = true
    restrictablePermissions = class java.util.ArrayList@1401997f
      serialVersionUID = 8683452581122892189
      DEFAULT_CAPACITY = 10
      EMPTY_ELEMENTDATA = class java.lang.Object[0]
      DEFAULTCAPACITY_EMPTY_ELEMENTDATA = class java.lang.Object[0]
      elementData = class java.lang.Object[10]
      size = 4
      MAX_ARRAY_SIZE = 2147483639
      modCount = 4
      MAX_ARRAY_SIZE = 2147483639
    grantedPermissions = class java.util.ArrayList@4f29a03d
      serialVersionUID = 8683452581122892189
      DEFAULT_CAPACITY = 10
      EMPTY_ELEMENTDATA = class java.lang.Object[0]
      DEFAULTCAPACITY_EMPTY_ELEMENTDATA = class java.lang.Object[0]
      elementData = class java.lang.Object[10]
      size = 1
      MAX_ARRAY_SIZE = 2147483639
      modCount = 1
      MAX_ARRAY_SIZE = 2147483639
    KEY_PERMISSION = "permission"
    INCORRECT_PERMISSION_CONFIGURATION = "INCORRECT_PERMISSION_CONFIGURATION"
    PERMISSION_CLASSNOTFOUND = "PERMISSION_CLASSNOTFOUND"
    SERVER_XML = "server.xml"
    CLIENT_XML = "client.xml"
    originationFile = "server.xml"
    permissions = class com.ibm.wsspi.kernel.service.utils.ConcurrentServiceReferenceSet@58af3c6f
      referenceName = "permission"
      contextRef = class java.util.concurrent.atomic.AtomicReference@28db9924
      elementMap = class java.util.LinkedHashMap@3ef0a995
      elementSet = class java.util.concurrent.ConcurrentSkipListSet@f72278e
      elementSetUnsorted = false
      serialVersionUID = 756240983881166148
      $$$tc$$$ = class com.ibm.websphere.ras.TraceComponent@1b2e5871
    codeBasePermissionMap = class java.util.HashMap@51e14b14
      serialVersionUID = 362498820763181265
      DEFAULT_INITIAL_CAPACITY = 16
      MAXIMUM_CAPACITY = 1073741824
      DEFAULT_LOAD_FACTOR = 0.75
      TREEIFY_THRESHOLD = 8
      UNTREEIFY_THRESHOLD = 6
      MIN_TREEIFY_CAPACITY = 64
      table = null
      entrySet = null
      size = 0
      modCount = 0
      threshold = 0
      loadFactor = 0.75
      keySet = class java.util.HashMap$KeySet@5dfc3cad
      values = null
    permissionXMLPermissionMap = class java.util.HashMap@49b3fa36
      serialVersionUID = 362498820763181265
      DEFAULT_INITIAL_CAPACITY = 16
      MAXIMUM_CAPACITY = 1073741824
      DEFAULT_LOAD_FACTOR = 0.75
      TREEIFY_THRESHOLD = 8
      UNTREEIFY_THRESHOLD = 6
      MIN_TREEIFY_CAPACITY = 64
      table = null
      entrySet = null
      size = 0
      modCount = 0
      threshold = 0
      loadFactor = 0.75
      keySet = null
      values = null
    serialVersionUID = 3514017629123673923
  permissionsConfig = null
  serialVersionUID = 5168023053972273360
  appInfo = class com.ibm.ws.container.service.app.deploy.internal.ApplicationInfoImpl@4fdc1001
    appName = "testingPrimefaces"
    appMetaData = class com.ibm.ws.container.service.app.deploy.internal.ApplicationMetaDataImpl@57ab0dac
      j2eeName = class com.ibm.ws.container.service.metadata.internal.J2EENameImpl@7a6cc8de
      serialVersionUID = -7906531148367236579
      $$$tc$$$ = class com.ibm.websphere.ras.TraceComponent@5b3c05a1
      tc = class com.ibm.websphere.ras.TraceComponent@26f4f961
      NUM_STATIC_SLOTS = 4
      ID_UNINITIALIZED = -1
      id = 3
      metaDataInterface = class java.lang.Class@3a61c227
      staticSlots = class java.lang.Object[4]
      dynamicSlots = class java.lang.Object[4]
    appContainer = class com.ibm.ws.adaptable.module.internal.AdaptableContainerImpl@5e97721f
    configHelper = class com.ibm.ws.app.manager.module.ApplicationNestedConfigHelper@178da2e1
      appInfo = class com.ibm.ws.app.manager.internal.ApplicationInstallInfo@6d09d291
      serialVersionUID = -3174031738676705046
      $$$tc$$$ = class com.ibm.websphere.ras.TraceComponent@6216572d
    applicationInformation = class com.ibm.ws.app.manager.internal.ApplicationInstallInfo@6d09d291
    serialVersionUID = -505303337196743781
    $$$tc$$$ = class com.ibm.websphere.ras.TraceComponent@79f4543
      strings[0] = "TraceComponent[com.ibm.ws.container.service.app.deploy.internal.ApplicationInfoImpl,class com.ibm.ws.container.service.app.deploy.internal.ApplicationInfoImpl,[container.service],com.ibm.ws.container.service.resources.Messages,null]"
  modulesDeployed = class java.util.ArrayList@4421e1e8
    serialVersionUID = 8683452581122892189
    DEFAULT_CAPACITY = 10
    EMPTY_ELEMENTDATA = class java.lang.Object[0]
    DEFAULTCAPACITY_EMPTY_ELEMENTDATA = class java.lang.Object[0]
    elementData = class java.lang.Object[0]
    size = 0
    MAX_ARRAY_SIZE = 2147483639
    modCount = 0
    MAX_ARRAY_SIZE = 2147483639
  starting = false
  started = false
  appInfoFactory = class com.ibm.ws.container.service.app.deploy.internal.ApplicationInfoFactoryImpl@13279e1d
    j2eeNameFactory = class com.ibm.wsspi.kernel.service.utils.AtomicServiceReference@af92323
      referenceName = "j2eeNameFactory"
      tuple = class java.util.concurrent.atomic.AtomicReference@22200485
      serialVersionUID = 2226592364007985000
      $$$tc$$$ = class com.ibm.websphere.ras.TraceComponent@2609ab0f
    names = class java.util.HashSet@5976035a
      serialVersionUID = -5024744406713321676
      map = class java.util.HashMap@764429ec
      PRESENT = class java.lang.Object@35d62aa2
      MAX_ARRAY_SIZE = 2147483639
    serialVersionUID = 7443990212682384945
    $$$tc$$$ = class com.ibm.websphere.ras.TraceComponent@5bf526af
      strings[0] = "TraceComponent[com.ibm.ws.container.service.app.deploy.internal.ApplicationInfoFactoryImpl,class com.ibm.ws.container.service.app.deploy.internal.ApplicationInfoFactoryImpl,[container.service],com.ibm.ws.container.service.resources.Messages,null]"
  metaDataService = class com.ibm.ws.container.service.metadata.internal.MetaDataServiceImpl@2a4148c
    applicationMetaDataManager = class com.ibm.ws.container.service.metadata.internal.ApplicationMetaDataManager@7cf912f7
      serialVersionUID = 1843747281024490904
      $$$tc$$$ = class com.ibm.websphere.ras.TraceComponent@30ae659e
      listeners = class com.ibm.wsspi.kernel.service.utils.ConcurrentServiceReferenceSet@777549d
      metaDataIDs = class com.ibm.ws.container.service.metadata.internal.IndexList@4b1a78c5
      metaDatas = class java.util.ArrayList@6af065a2
      slotIDs = class com.ibm.ws.container.service.metadata.internal.IndexList@5914d245
      serialVersionUID = 5464421863354792977
      $$$tc$$$ = class com.ibm.websphere.ras.TraceComponent@226bd086
    moduleMetaDataManager = class com.ibm.ws.container.service.metadata.internal.ModuleMetaDataManager@2c435ebd
      serialVersionUID = 2513574389899327209
      $$$tc$$$ = class com.ibm.websphere.ras.TraceComponent@3e7c4e66
      listeners = class com.ibm.wsspi.kernel.service.utils.ConcurrentServiceReferenceSet@27181a62
      metaDataIDs = class com.ibm.ws.container.service.metadata.internal.IndexList@2e2df47e
      metaDatas = class java.util.ArrayList@25d8fa0e
      slotIDs = class com.ibm.ws.container.service.metadata.internal.IndexList@54b340ed
      serialVersionUID = 5464421863354792977
      $$$tc$$$ = class com.ibm.websphere.ras.TraceComponent@226bd086
    componentMetaDataManager = class com.ibm.ws.container.service.metadata.internal.ComponentMetaDataManager@48f71192
      serialVersionUID = 8629793739641703882
      $$$tc$$$ = class com.ibm.websphere.ras.TraceComponent@791a667b
      listeners = class com.ibm.wsspi.kernel.service.utils.ConcurrentServiceReferenceSet@7b779d98
      metaDataIDs = class com.ibm.ws.container.service.metadata.internal.IndexList@20c0c273
      metaDatas = class java.util.ArrayList@4f133510
      slotIDs = class com.ibm.ws.container.service.metadata.internal.IndexList@117b442e
      serialVersionUID = 5464421863354792977
      $$$tc$$$ = class com.ibm.websphere.ras.TraceComponent@226bd086
    methodMetaDataManager = class com.ibm.ws.container.service.metadata.internal.MethodMetaDataManager@3c279af5
      serialVersionUID = -8002489041502300640
      $$$tc$$$ = class com.ibm.websphere.ras.TraceComponent@a0b0ad0
      listeners = class com.ibm.wsspi.kernel.service.utils.ConcurrentServiceReferenceSet@63e0a86d
      metaDataIDs = class com.ibm.ws.container.service.metadata.internal.IndexList@1679aa27
      metaDatas = class java.util.ArrayList@3bb0dba9
      slotIDs = class com.ibm.ws.container.service.metadata.internal.IndexList@35f9e703
      serialVersionUID = 5464421863354792977
      $$$tc$$$ = class com.ibm.websphere.ras.TraceComponent@226bd086
    appModuleNameToModuleContainer = class java.util.concurrent.ConcurrentHashMap@8fd592c
      serialVersionUID = 7249069246763182397
      MAXIMUM_CAPACITY = 1073741824
      DEFAULT_CAPACITY = 16
      MAX_ARRAY_SIZE = 2147483639
      DEFAULT_CONCURRENCY_LEVEL = 16
      LOAD_FACTOR = 0.75
      TREEIFY_THRESHOLD = 8
      UNTREEIFY_THRESHOLD = 6
      MIN_TREEIFY_CAPACITY = 64
      MIN_TRANSFER_STRIDE = 16
      RESIZE_STAMP_BITS = 16
      MAX_RESIZERS = 65535
      RESIZE_STAMP_SHIFT = 16
      MOVED = -1
      TREEBIN = -2
      RESERVED = -3
      HASH_BITS = 2147483647
      NCPU = 4
      serialPersistentFields = class java.io.ObjectStreamField[3]
      table = class java.util.concurrent.ConcurrentHashMap$Node[16]
      nextTable = null
      baseCount = 6
      sizeCtl = 12
      transferIndex = 0
      cellsBusy = 0
      counterCells = null
      keySet = null
      values = null
      entrySet = null
      U = class sun.misc.Unsafe@3305e224
      SIZECTL = 20
      TRANSFERINDEX = 32
      BASECOUNT = 24
      CELLSBUSY = 36
      CELLVALUE = 144
      ABASE = 16
      ASHIFT = 2
      keySet = null
      values = null
    jeeNameToComponentMetaData = class java.util.concurrent.ConcurrentHashMap@3e7d4838
      serialVersionUID = 7249069246763182397
      MAXIMUM_CAPACITY = 1073741824
      DEFAULT_CAPACITY = 16
      MAX_ARRAY_SIZE = 2147483639
      DEFAULT_CONCURRENCY_LEVEL = 16
      LOAD_FACTOR = 0.75
      TREEIFY_THRESHOLD = 8
      UNTREEIFY_THRESHOLD = 6
      MIN_TREEIFY_CAPACITY = 64
      MIN_TRANSFER_STRIDE = 16
      RESIZE_STAMP_BITS = 16
      MAX_RESIZERS = 65535
      RESIZE_STAMP_SHIFT = 16
      MOVED = -1
      TREEBIN = -2
      RESERVED = -3
      HASH_BITS = 2147483647
      NCPU = 4
      serialPersistentFields = class java.io.ObjectStreamField[3]
      table = class java.util.concurrent.ConcurrentHashMap$Node[16]
      nextTable = null
      baseCount = 11
      sizeCtl = 12
      transferIndex = 0
      cellsBusy = 0
      counterCells = null
      keySet = null
      values = null
      entrySet = null
      U = class sun.misc.Unsafe@3305e224
      SIZECTL = 20
      TRANSFERINDEX = 32
      BASECOUNT = 24
      CELLSBUSY = 36
      CELLVALUE = 144
      ABASE = 16
      ASHIFT = 2
      keySet = null
      values = null
    deferredMetaDataFactories = class com.ibm.wsspi.kernel.service.utils.ConcurrentServiceReferenceSet@4ef6a5e4
      referenceName = "deferredMetaDataFactory"
      contextRef = class java.util.concurrent.atomic.AtomicReference@29f90eab
      elementMap = class java.util.LinkedHashMap@680abc85
      elementSet = class java.util.concurrent.ConcurrentSkipListSet@104a070f
      elementSetUnsorted = false
      serialVersionUID = 756240983881166148
      $$$tc$$$ = class com.ibm.websphere.ras.TraceComponent@1b2e5871
    deferredMetaDataInitializers = class com.ibm.wsspi.kernel.service.utils.ConcurrentServiceReferenceMap@4e066efd
      referenceName = "deferredMetaDataFactory"
      context = class org.apache.felix.scr.impl.manager.ComponentContextImpl@45c98eb9
      elementMap = class java.util.concurrent.ConcurrentHashMap@2c54f540
      serialVersionUID = 6980924785166233786
      $$$tc$$$ = class com.ibm.websphere.ras.TraceComponent@25d16e73
    serialVersionUID = -2494605732980966097
    $$$tc$$$ = class com.ibm.websphere.ras.TraceComponent@61830067
      strings[0] = "TraceComponent[com.ibm.ws.container.service.metadata.internal.MetaDataServiceImpl,class com.ibm.ws.container.service.metadata.internal.MetaDataServiceImpl,[Runtime],,null]"
  stateChangeService = class com.ibm.ws.container.service.state.internal.StateChangeServiceImpl@31863f73
    applicationStateManager = class com.ibm.ws.container.service.state.internal.ApplicationStateManager@17ff0e62
      serialVersionUID = -6685368059484454124
      $$$tc$$$ = class com.ibm.websphere.ras.TraceComponent@53e404ae
      listeners = class com.ibm.wsspi.kernel.service.utils.ConcurrentServiceReferenceSet@6717383f
      serialVersionUID = 2284273176985484160
      $$$tc$$$ = class com.ibm.websphere.ras.TraceComponent@1d88d551
    moduleStateManager = class com.ibm.ws.container.service.state.internal.ModuleStateManager@21fe1a86
      serialVersionUID = -5540260902341249963
      $$$tc$$$ = class com.ibm.websphere.ras.TraceComponent@2da0e60a
      listeners = class com.ibm.wsspi.kernel.service.utils.ConcurrentServiceReferenceSet@bacc342
      serialVersionUID = 2284273176985484160
      $$$tc$$$ = class com.ibm.websphere.ras.TraceComponent@1d88d551
    serialVersionUID = -537917915330350560
    $$$tc$$$ = class com.ibm.websphere.ras.TraceComponent@12df53d5
      strings[0] = "TraceComponent[com.ibm.ws.container.service.state.internal.StateChangeServiceImpl,class com.ibm.ws.container.service.state.internal.StateChangeServiceImpl,[Runtime],,null]"
  moduleClassesInfo = class com.ibm.ws.app.manager.module.internal.SimpleDeployedAppInfoBase$ModuleClassesInfoProvider@7a63a60a
    entryContainerInfosMap = class java.util.HashMap@71c96adc
      serialVersionUID = 362498820763181265
      DEFAULT_INITIAL_CAPACITY = 16
      MAXIMUM_CAPACITY = 1073741824
      DEFAULT_LOAD_FACTOR = 0.75
      TREEIFY_THRESHOLD = 8
      UNTREEIFY_THRESHOLD = 6
      MIN_TREEIFY_CAPACITY = 64
      table = null
      entrySet = null
      size = 0
      modCount = 0
      threshold = 0
      loadFactor = 0.75
      keySet = null
      values = null
    serialVersionUID = -70332790531324534
    $$$tc$$$ = class com.ibm.websphere.ras.TraceComponent@29a4f9d7
      strings[0] = "TraceComponent[com.ibm.ws.app.manager.module.internal.SimpleDeployedAppInfoBase$ModuleClassesInfoProvider,class com.ibm.ws.app.manager.module.internal.SimpleDeployedAppInfoBase$ModuleClassesInfoProvider,[applications, app.manager],,null]"
  moduleContainerInfos = class java.util.ArrayList@551b082d
    serialVersionUID = 8683452581122892189
    DEFAULT_CAPACITY = 10
    EMPTY_ELEMENTDATA = class java.lang.Object[0]
    DEFAULTCAPACITY_EMPTY_ELEMENTDATA = class java.lang.Object[0]
    elementData = class java.lang.Object[10]
      Object[0] = class com.ibm.ws.app.manager.module.internal.SimpleDeployedAppInfoBase$WebModuleContainerInfo@5032d277
      Object[1] = null
      Object[2] = null
      Object[3] = null
      Object[4] = null
      Object[5] = null
      Object[6] = null
      Object[7] = null
      Object[8] = null
      Object[9] = null
    size = 1
    MAX_ARRAY_SIZE = 2147483639
    modCount = 1
    MAX_ARRAY_SIZE = 2147483639
  activeModuleHandlers = class java.util.IdentityHashMap@77b96676
    DEFAULT_CAPACITY = 32
    MINIMUM_CAPACITY = 4
    MAXIMUM_CAPACITY = 536870912
    table = class java.lang.Object[16]
      Object[0] = null
      Object[1] = null
      Object[2] = null
      Object[3] = null
      Object[4] = null
      Object[5] = null
      Object[6] = null
      Object[7] = null
      Object[8] = class com.ibm.ws.app.manager.module.internal.WebModuleInfoImpl@3abea84
      Object[9] = class com.ibm.ws.app.manager.web.internal.WebModuleHandlerImpl@4eaca130
      Object[10] = null
      Object[11] = null
      Object[12] = null
      Object[13] = null
      Object[14] = null
      Object[15] = null
    size = 1
    modCount = 1
    NULL_KEY = class java.lang.Object@26a39097
    entrySet = null
    serialVersionUID = 8188218128353913216
    keySet = null
    values = null
  serialVersionUID = 7078125893012250887
  $$$tc$$$ = class com.ibm.websphere.ras.TraceComponent@648b8468
    strings[0] = "TraceComponent[com.ibm.ws.app.manager.module.internal.SimpleDeployedAppInfoBase,class com.ibm.ws.app.manager.module.internal.SimpleDeployedAppInfoBase,[applications, app.manager],,null]"

Dump of objectArray[0]
Object type = com.ibm.ws.threading.internal.NonCancelableResultFuture
  _done = false
  _result = null
  _failure = null
  _listeners = class java.util.concurrent.ConcurrentLinkedQueue@58241ea4
    serialVersionUID = 196745693267521676
    head = class java.util.concurrent.ConcurrentLinkedQueue$Node@133a8055
      item = null
      next = null
      UNSAFE = class sun.misc.Unsafe@3305e224
      itemOffset = 12
      nextOffset = 16
    tail = class java.util.concurrent.ConcurrentLinkedQueue$Node@133a8055
    UNSAFE = class sun.misc.Unsafe@3305e224
      theUnsafe = class sun.misc.Unsafe@3305e224
      INVALID_FIELD_OFFSET = -1
      ARRAY_BOOLEAN_BASE_OFFSET = 16
      ARRAY_BYTE_BASE_OFFSET = 16
      ARRAY_SHORT_BASE_OFFSET = 16
      ARRAY_CHAR_BASE_OFFSET = 16
      ARRAY_INT_BASE_OFFSET = 16
      ARRAY_LONG_BASE_OFFSET = 16
      ARRAY_FLOAT_BASE_OFFSET = 16
      ARRAY_DOUBLE_BASE_OFFSET = 16
      ARRAY_OBJECT_BASE_OFFSET = 16
      ARRAY_BOOLEAN_INDEX_SCALE = 1
      ARRAY_BYTE_INDEX_SCALE = 1
      ARRAY_SHORT_INDEX_SCALE = 2
      ARRAY_CHAR_INDEX_SCALE = 2
      ARRAY_INT_INDEX_SCALE = 4
      ARRAY_LONG_INDEX_SCALE = 8
      ARRAY_FLOAT_INDEX_SCALE = 4
      ARRAY_DOUBLE_INDEX_SCALE = 8
      ARRAY_OBJECT_INDEX_SCALE = 4
      ADDRESS_SIZE = 8
    headOffset = 12
    tailOffset = 16
    MAX_ARRAY_SIZE = 2147483639
  _notifiedListeners = class java.util.concurrent.atomic.AtomicBoolean@4113d557
    serialVersionUID = 4654671469794556979
    unsafe = class sun.misc.Unsafe@3305e224
    valueOffset = 12
    value = 0
  serialVersionUID = -296387658814354272
  $$$tc$$$ = class com.ibm.websphere.ras.TraceComponent@64e7e06c
    strings[0] = "TraceComponent[com.ibm.ws.threading.internal.NonCancelableResultFuture,class com.ibm.ws.threading.internal.NonCancelableResultFuture,[Threading],com.ibm.ws.threading.internal.resources.ThreadingMessages,null]"

