------Start of DE processing------ = [25/06/19 23:36:41:401 COT]
Exception = org.jboss.weld.exceptions.DeploymentException
Source = com.ibm.ws.container.service.state.internal.ApplicationStateManager
probeid = 31
Stack Dump = org.jboss.weld.exceptions.DeploymentException: WELD-000072: Bean declaring a passivating scope must be passivation capable.  Bean:  Managed Bean [class softswitch.view.admin.offerdetaildefault.OfferDetailDefaultListView] with qualifiers [@Default @Any @Named]
	at org.jboss.weld.bean.ManagedBean.checkType(ManagedBean.java:216)
	at org.jboss.weld.bean.AbstractBean.initializeAfterBeanDiscovery(AbstractBean.java:108)
	at org.jboss.weld.bean.ManagedBean.initializeAfterBeanDiscovery(ManagedBean.java:122)
	at org.jboss.weld.bootstrap.ConcurrentBeanDeployer$AfterBeanDiscoveryInitializerFactory.doWork(ConcurrentBeanDeployer.java:111)
	at org.jboss.weld.bootstrap.ConcurrentBeanDeployer$AfterBeanDiscoveryInitializerFactory.doWork(ConcurrentBeanDeployer.java:102)
	at org.jboss.weld.executor.IterativeWorkerTaskFactory$1.call(IterativeWorkerTaskFactory.java:62)
	at org.jboss.weld.executor.IterativeWorkerTaskFactory$1.call(IterativeWorkerTaskFactory.java:55)
	at com.ibm.ws.threading.internal.PolicyTaskFutureImpl.run(PolicyTaskFutureImpl.java:724)
	at com.ibm.ws.threading.internal.PolicyExecutorImpl.runTask(PolicyExecutorImpl.java:1134)
	at com.ibm.ws.threading.internal.PolicyExecutorImpl.invokeAll(PolicyExecutorImpl.java:683)
	at com.ibm.ws.concurrent.internal.ManagedExecutorServiceImpl.invokeAll(ManagedExecutorServiceImpl.java:413)
	at org.jboss.weld.executor.AbstractExecutorServices.invokeAllAndCheckForExceptions(AbstractExecutorServices.java:59)
	at org.jboss.weld.executor.AbstractExecutorServices.invokeAllAndCheckForExceptions(AbstractExecutorServices.java:67)
	at org.jboss.weld.bootstrap.ConcurrentBeanDeployer.doAfterBeanDiscovery(ConcurrentBeanDeployer.java:88)
	at org.jboss.weld.bootstrap.BeanDeployment.afterBeanDiscovery(BeanDeployment.java:268)
	at org.jboss.weld.bootstrap.WeldStartup.deployBeans(WeldStartup.java:482)
	at org.jboss.weld.bootstrap.WeldBootstrap.deployBeans(WeldBootstrap.java:86)
	at com.ibm.ws.cdi.impl.CDIContainerImpl.startInitialization(CDIContainerImpl.java:151)
	at com.ibm.ws.cdi.liberty.CDIRuntimeImpl.applicationStarting(CDIRuntimeImpl.java:438)
	at com.ibm.ws.container.service.state.internal.ApplicationStateManager.fireStarting(ApplicationStateManager.java:28)
	at com.ibm.ws.container.service.state.internal.StateChangeServiceImpl.fireApplicationStarting(StateChangeServiceImpl.java:50)
	at com.ibm.ws.app.manager.module.internal.DeployedAppInfoBase.preDeployApp(DeployedAppInfoBase.java:384)
	at com.ibm.ws.app.manager.module.internal.DeployedAppInfoBase.deployApp(DeployedAppInfoBase.java:413)
	at com.ibm.ws.app.manager.war.internal.WARApplicationHandlerImpl.install(WARApplicationHandlerImpl.java:65)
	at com.ibm.ws.app.manager.internal.statemachine.StartAction.execute(StartAction.java:140)
	at com.ibm.ws.app.manager.internal.statemachine.ApplicationStateMachineImpl.enterState(ApplicationStateMachineImpl.java:1261)
	at com.ibm.ws.app.manager.internal.statemachine.ApplicationStateMachineImpl.performAction(ApplicationStateMachineImpl.java:1129)
	at com.ibm.ws.app.manager.internal.statemachine.ApplicationStateMachineImpl.run(ApplicationStateMachineImpl.java:884)
	at com.ibm.ws.threading.internal.ExecutorServiceImpl$RunnableWrapper.run(ExecutorServiceImpl.java:239)
	at java.util.concurrent.ThreadPoolExecutor.runWorker(Unknown Source)
	at java.util.concurrent.ThreadPoolExecutor$Worker.run(Unknown Source)
	at java.lang.Thread.run(Unknown Source)

Dump of callerThis
Object type = com.ibm.ws.container.service.state.internal.ApplicationStateManager
  serialVersionUID = -6685368059484454124
  $$$tc$$$ = class com.ibm.websphere.ras.TraceComponent@56518eff
    strings[0] = "TraceComponent[com.ibm.ws.container.service.state.internal.ApplicationStateManager,class com.ibm.ws.container.service.state.internal.ApplicationStateManager,[Runtime],,null]"
  listeners = class com.ibm.wsspi.kernel.service.utils.ConcurrentServiceReferenceSet@73ea67ee
    referenceName = "applicationStateListeners"
    contextRef = class java.util.concurrent.atomic.AtomicReference@15b23963
      serialVersionUID = -1848883965231344442
      unsafe = class sun.misc.Unsafe@6677ff71
      valueOffset = 12
      value = class org.apache.felix.scr.impl.manager.ComponentContextImpl@18e9e576
    elementMap = class java.util.LinkedHashMap@1d8ea152
      serialVersionUID = 3801124242820219131
      head = class java.util.LinkedHashMap$Entry@1f068568
      tail = class java.util.LinkedHashMap$Entry@6fb9f9dd
      accessOrder = false
      serialVersionUID = 362498820763181265
      DEFAULT_INITIAL_CAPACITY = 16
      MAXIMUM_CAPACITY = 1073741824
      DEFAULT_LOAD_FACTOR = 0.75
      TREEIFY_THRESHOLD = 8
      UNTREEIFY_THRESHOLD = 6
      MIN_TREEIFY_CAPACITY = 64
      table = class java.util.HashMap$Node[32]
      entrySet = null
      size = 13
      modCount = 15
      threshold = 24
      loadFactor = 0.75
      keySet = null
      values = null
    elementSet = class java.util.concurrent.ConcurrentSkipListSet@471c5062
      serialVersionUID = -2479143111061671589
      m = class java.util.concurrent.ConcurrentSkipListMap@589feaf4
      UNSAFE = class sun.misc.Unsafe@6677ff71
      mapOffset = 12
      MAX_ARRAY_SIZE = 2147483639
    elementSetUnsorted = false
    serialVersionUID = 756240983881166148
    $$$tc$$$ = class com.ibm.websphere.ras.TraceComponent@387b8a39
      strings[0] = "TraceComponent[com.ibm.wsspi.kernel.service.utils.ConcurrentServiceReferenceSet,class com.ibm.wsspi.kernel.service.utils.ConcurrentServiceReferenceSet,[kernelUtils],com.ibm.ws.kernel.service.utils.resources.ServiceMessages,null]"
  serialVersionUID = 2284273176985484160
  $$$tc$$$ = class com.ibm.websphere.ras.TraceComponent@43fd251a
    strings[0] = "TraceComponent[com.ibm.ws.container.service.state.internal.StateChangeManager,class com.ibm.ws.container.service.state.internal.StateChangeManager,[Runtime],,null]"

Dump of objectArray[0]
Object type = com.ibm.ws.container.service.app.deploy.internal.ApplicationInfoImpl
  appName = "softswitch"
  appMetaData = class com.ibm.ws.container.service.app.deploy.internal.ApplicationMetaDataImpl@de52f1c
    j2eeName = class com.ibm.ws.container.service.metadata.internal.J2EENameImpl@57d0d18f
      serialVersionUID = 7488184044073147667
      application = "softswitch"
      module = null
      component = null
      string = "softswitch"
      j2eeNameBytes = null
      $$$tc$$$ = class com.ibm.websphere.ras.TraceComponent@329f046c
    serialVersionUID = -7906531148367236579
    $$$tc$$$ = class com.ibm.websphere.ras.TraceComponent@2573568c
      strings[0] = "TraceComponent[com.ibm.ws.container.service.app.deploy.internal.ApplicationMetaDataImpl,class com.ibm.ws.container.service.app.deploy.internal.ApplicationMetaDataImpl,[container.service],com.ibm.ws.container.service.resources.Messages,null]"
    tc = class com.ibm.websphere.ras.TraceComponent@29a4450c
      strings[0] = "TraceComponent[com.ibm.ws.runtime.metadata.MetaDataImpl,class com.ibm.ws.runtime.metadata.MetaDataImpl,[Runtime],null,null]"
    NUM_STATIC_SLOTS = 4
    ID_UNINITIALIZED = -1
    id = 1
    metaDataInterface = class java.lang.Class@171f884d
      ANNOTATION = 8192
      ENUM = 16384
      SYNTHETIC = 4096
      cachedConstructor = null
      newInstanceCallerCache = null
      name = null
      allPermDomain = class java.security.ProtectionDomain@54dd3dfd
      useCaches = true
      reflectionData = null
      classRedefinedCount = 0
      genericInfo = null
      serialVersionUID = 3206093459760846163
      serialPersistentFields = class java.io.ObjectStreamField[0]
      reflectionFactory = class sun.reflect.ReflectionFactory@2426e87a
      initted = true
      enumConstants = null
      enumConstantDirectory = null
      annotationData = null
      annotationType = null
      classValueMap = null
    staticSlots = class java.lang.Object[4]
      Object[0] = null
      Object[1] = class com.ibm.ws.injectionengine.osgi.internal.OSGiInjectionScopeData@7eb06ef9
      Object[2] = null
      Object[3] = class com.ibm.ws.cdi.impl.weld.WebSphereCDIDeploymentImpl@25f5f875
    dynamicSlots = class java.lang.Object[4]
      Object[0] = null
      Object[1] = class com.ibm.ws.ejbcontainer.osgi.internal.metadata.OSGiEJBApplicationMetaData@6f42e689
      Object[2] = "softswitch"
      Object[3] = null
  appContainer = class com.ibm.ws.adaptable.module.internal.AdaptableContainerImpl@778c596
    root = class com.ibm.ws.adaptable.module.internal.AdaptableContainerImpl@778c596
    rootOverlay = class com.ibm.ws.artifact.overlay.internal.DirectoryBasedOverlayContainerImpl@22b549ad
      base = class com.ibm.ws.artifact.loose.internal.LooseArchive@532b25bf
      maskSet = class java.util.HashSet@27cde5d0
      cfHolder = class com.ibm.ws.artifact.overlay.internal.OverlayContainerFactoryImpl@2a63e2a5
      fileOverlayContainer = class com.ibm.ws.artifact.file.internal.FileContainer@5a778076
      overlayDirectory = class java.io.File@504bed1d
      cacheDirForOverlay = class java.io.File@5ac73c76
      overlayNotifier = class com.ibm.ws.artifact.overlay.internal.DirectoryBasedOverlayNotifier@6a28dc15
      enclosingContainer = null
      entryInEnclosingContainer = null
      nestedOverlays = class java.util.concurrent.ConcurrentHashMap@126ca19b
      cacheStore = class com.ibm.ws.artifact.overlay.internal.OverlayCache@74fef790
      parentOverlay = null
      isPassThroughMode = true
      serialVersionUID = -1690795617118238166
      $$$tc$$$ = class com.ibm.websphere.ras.TraceComponent@5f7b922b
    factoryHolder = class com.ibm.ws.adaptable.module.internal.AdaptableModuleFactoryImpl@3df2244c
      adapterFactoryService = class com.ibm.ws.adaptable.module.internal.AdapterFactoryServiceImpl@7f68897a
      containerFactory = class com.ibm.ws.artifact.internal.ArtifactContainerFactoryService@76242c0d
      overlayContainerFactory = class com.ibm.ws.artifact.overlay.internal.OverlayContainerFactoryImpl@2a63e2a5
      serialVersionUID = 4200251809856292987
      $$$tc$$$ = class com.ibm.websphere.ras.TraceComponent@da922d7
    delegate = class com.ibm.ws.artifact.overlay.internal.DirectoryBasedOverlayContainerImpl@22b549ad
    notifier = class com.ibm.ws.adaptable.module.internal.NotifierImpl@7338a8dd
      root = class com.ibm.ws.adaptable.module.internal.AdaptableContainerImpl@778c596
      delegateNotifier = class com.ibm.ws.artifact.overlay.internal.DirectoryBasedOverlayNotifier@6a28dc15
      delegateRoot = class com.ibm.ws.artifact.overlay.internal.DirectoryBasedOverlayContainerImpl@22b549ad
      listenerDelegates = class java.util.HashMap@5ce0ffcd
      serialVersionUID = 6839382523957017880
      $$$tc$$$ = class com.ibm.websphere.ras.TraceComponent@199d3d40
    serialVersionUID = -5621513278641113667
    $$$tc$$$ = class com.ibm.websphere.ras.TraceComponent@3dc2a48c
      strings[0] = "TraceComponent[com.ibm.ws.adaptable.module.internal.AdaptableContainerImpl,class com.ibm.ws.adaptable.module.internal.AdaptableContainerImpl,[archive.adaptable],,null]"
  configHelper = class com.ibm.ws.app.manager.module.ApplicationNestedConfigHelper@4d6a3ceb
    appInfo = class com.ibm.ws.app.manager.internal.ApplicationInstallInfo@51de2048
    serialVersionUID = -3174031738676705046
    $$$tc$$$ = class com.ibm.websphere.ras.TraceComponent@5fae2447
      strings[0] = "TraceComponent[com.ibm.ws.app.manager.module.ApplicationNestedConfigHelper,class com.ibm.ws.app.manager.module.ApplicationNestedConfigHelper,[applications, app.manager],,null]"
  applicationInformation = class com.ibm.ws.app.manager.internal.ApplicationInstallInfo@51de2048
    _config = class com.ibm.ws.app.manager.internal.ApplicationConfig@2d1b9653
      tc = class com.ibm.websphere.ras.TraceComponent@3e4e7dca
      _configPid = "com.ibm.ws.app.manager_47"
      _config = class com.ibm.ws.config.admin.ConfigurationDictionary@70e0c915
      _applicationManager = class com.ibm.ws.app.manager.ApplicationManager@47e8b12b
      _location = "softswitch.war"
      _type = "war"
      _name = "softswitch"
      _notificationBroadcasterSupport = class javax.management.NotificationBroadcasterSupport@52d4d8c2
      ONE_TIME_JANDEX_MSGS_DISPLAYED = true
    _handlerInfo = class java.util.concurrent.atomic.AtomicReference@9a2c123
      serialVersionUID = -1848883965231344442
      unsafe = class sun.misc.Unsafe@6677ff71
      valueOffset = 12
      value = class com.ibm.ws.app.manager.war.internal.WARDeployedAppInfo@19e6b955
    _container = class java.util.concurrent.atomic.AtomicReference@15332998
      serialVersionUID = -1848883965231344442
      unsafe = class sun.misc.Unsafe@6677ff71
      valueOffset = 12
      value = class com.ibm.ws.adaptable.module.internal.AdaptableContainerImpl@778c596
    _resolvedLocation = class java.util.concurrent.atomic.AtomicReference@35cf9716
      serialVersionUID = -1848883965231344442
      unsafe = class sun.misc.Unsafe@6677ff71
      valueOffset = 12
      value = class com.ibm.ws.kernel.service.location.internal.LocalFileResource@7bd2df17
    _handler = class com.ibm.ws.app.manager.war.internal.WARApplicationHandlerImpl@292ecd4a
      futureMonitor = class com.ibm.ws.threading.internal.FutureMonitorImpl@5da5ca9c
      deployedAppFactory = class com.ibm.ws.app.manager.war.internal.WARDeployedAppInfoFactoryImpl@29c7a75f
      serialVersionUID = 4622845147410944782
      $$$tc$$$ = class com.ibm.websphere.ras.TraceComponent@2950f3db
    _ami = class java.util.concurrent.atomic.AtomicReference@449736f2
      serialVersionUID = -1848883965231344442
      unsafe = class sun.misc.Unsafe@6677ff71
      valueOffset = 12
      value = class com.ibm.wsspi.application.handler.DefaultApplicationMonitoringInformation@62d819c2
    _updateHandler = class com.ibm.ws.app.manager.internal.statemachine.ApplicationStateMachineImpl@5b235c9a
      _tc = class com.ibm.websphere.ras.TraceComponent@4ab1d4f2
      EMPTY_FUTURE_ARRAY = interface java.util.concurrent.Future[0]
      asmSequenceNumber = class java.util.concurrent.atomic.AtomicLong@29810789
      _qscaCounter = class java.util.concurrent.atomic.AtomicInteger@18157897
      _failedThrowable = null
      _interruptibleLock = class com.ibm.ws.app.manager.internal.statemachine.ApplicationStateMachineImpl$2@6f827277
      _interruptible = false
      _performingQueuedActions = true
      _queuedActions = class java.util.concurrent.ConcurrentLinkedQueue@6c434a60
      _callbackState = class java.util.concurrent.atomic.AtomicReference@1841a98
      blockAppStartingFutures = class java.util.Collections$SetFromMap@32660bff
      waitingForAppHandlerFuture = class java.util.concurrent.atomic.AtomicReference@4e0bd60e
      waitingForExplicitStartFuture = class java.util.concurrent.atomic.AtomicReference@38ed85e5
      completionListener = class java.util.concurrent.atomic.AtomicReference@199c18ba
      _notifyAppStopped = class java.util.concurrent.ConcurrentLinkedQueue@1ba7c185
      _notifyAppStarting = class java.util.concurrent.ConcurrentLinkedQueue@b0ccf59
      _notifyAppInstallCalled = class java.util.concurrent.ConcurrentLinkedQueue@5f1ab170
      _notifyAppStarted = class java.util.concurrent.ConcurrentLinkedQueue@263a2be1
      _notifyAppRemoved = class java.util.concurrent.ConcurrentLinkedQueue@3346d4a
      _stateLock = class com.ibm.ws.app.manager.internal.statemachine.ApplicationStateMachineImpl$3@6eaf0c72
      _internalState = class java.util.concurrent.atomic.AtomicReference@64b4a1e6
      _currentAction = class java.util.concurrent.atomic.AtomicReference@1326fbb2
      _rfa = class java.util.concurrent.atomic.AtomicReference@33589aa1
      _appInstallInfo = class java.util.concurrent.atomic.AtomicReference@2582cc24
      _update = class java.util.concurrent.atomic.AtomicBoolean@6478e2e3
      _appConfig = class java.util.concurrent.atomic.AtomicReference@40a77eb5
      _nextAppConfig = class java.util.concurrent.atomic.AtomicReference@37dd6992
      _appContainer = class java.util.concurrent.atomic.AtomicReference@40d70a1
      _resolvedLocation = class java.util.concurrent.atomic.AtomicReference@27c1f539
      _handler = class java.util.concurrent.atomic.AtomicReference@5ce875a2
      _asmSeqNo = 4
      _ctx = class org.eclipse.osgi.internal.framework.BundleContextImpl@6b6b577b
      _locAdmin = class com.ibm.ws.kernel.service.location.internal.WsLocationAdminImpl@92a0d5d
      _futureMonitor = class com.ibm.ws.threading.internal.FutureMonitorImpl@5da5ca9c
      _artifactFactory = class com.ibm.ws.artifact.internal.ArtifactContainerFactoryService@76242c0d
      _moduleFactory = class com.ibm.ws.adaptable.module.internal.AdaptableModuleFactoryImpl@3df2244c
      _executorService = class com.ibm.ws.threading.internal.ExecutorServiceImpl@19ceeab1
      _scheduledExecutorService = class com.ibm.ws.threading.internal.ScheduledExecutorImpl@7082ef9d
      _asmHelper = class com.ibm.ws.app.manager.internal.ApplicationConfigurator$NamedApplication@34551533
      _appMonitor = class com.ibm.ws.app.manager.internal.monitor.ApplicationMonitor@1da69dfe
      enterStateCalled = class java.util.concurrent.atomic.AtomicBoolean@251654
      serialVersionUID = 6511956370079301927
      serialVersionUID = 5501066335104962649
      $$$tc$$$ = class com.ibm.websphere.ras.TraceComponent@5f2595cc
    serialVersionUID = 2630639237123415755
    $$$tc$$$ = class com.ibm.websphere.ras.TraceComponent@158e788e
      strings[0] = "TraceComponent[com.ibm.ws.app.manager.internal.ApplicationInstallInfo,class com.ibm.ws.app.manager.internal.ApplicationInstallInfo,[applications, app.manager],com.ibm.ws.app.manager.internal.resources.AppManagerMessages,null]"
  serialVersionUID = -505303337196743781
  $$$tc$$$ = class com.ibm.websphere.ras.TraceComponent@287485f9
    strings[0] = "TraceComponent[com.ibm.ws.container.service.app.deploy.internal.ApplicationInfoImpl,class com.ibm.ws.container.service.app.deploy.internal.ApplicationInfoImpl,[container.service],com.ibm.ws.container.service.resources.Messages,null]"

