------Start of DE processing------ = [31/05/19 13:03:35:549 PET]
Exception = java.lang.annotation.AnnotationFormatError
Source = com.ibm.ws.container.service.state.internal.ApplicationStateManager
probeid = 31
Stack Dump = java.lang.annotation.AnnotationFormatError: Duplicate annotation for class: interface javax.inject.Inject: @javax.inject.Inject()
	at java.base/sun.reflect.annotation.AnnotationParser.parseAnnotations2(AnnotationParser.java:126)
	at java.base/sun.reflect.annotation.AnnotationParser.parseAnnotations(AnnotationParser.java:73)
	at java.base/java.lang.reflect.Field.declaredAnnotations(Field.java:1175)
	at java.base/java.lang.reflect.Field.declaredAnnotations(Field.java:1173)
	at java.base/java.lang.reflect.Field.getAnnotation(Field.java:1142)
	at com.ibm.ws.injectionengine.InjectionProcessorManager.processMemberAnnotations(InjectionProcessorManager.java:462)
	at com.ibm.ws.injectionengine.InjectionProcessorManager.processAnnotations(InjectionProcessorManager.java:225)
	at com.ibm.ws.injectionengine.AbstractInjectionEngine.processInjectionMetaData(AbstractInjectionEngine.java:513)
	at com.ibm.ws.injectionengine.osgi.internal.OSGiInjectionEngineImpl.processInjectionMetaData(OSGiInjectionEngineImpl.java:238)
	at com.ibm.ws.injectionengine.ReferenceContextImpl.processImpl(ReferenceContextImpl.java:588)
	at com.ibm.ws.injectionengine.ReferenceContextImpl.process(ReferenceContextImpl.java:287)
	at com.ibm.ws.injectionengine.osgi.internal.OSGiReferenceContextImpl.process(OSGiReferenceContextImpl.java:30)
	at com.ibm.ws.cdi.impl.weld.WebSphereCDIDeploymentImpl.initializeInjectionServices(WebSphereCDIDeploymentImpl.java:631)
	at com.ibm.ws.cdi.impl.CDIContainerImpl.startInitialization(CDIContainerImpl.java:133)
	at com.ibm.ws.cdi.liberty.CDIRuntimeImpl.applicationStarting(CDIRuntimeImpl.java:438)
	at com.ibm.ws.container.service.state.internal.ApplicationStateManager.fireStarting(ApplicationStateManager.java:28)
	at com.ibm.ws.container.service.state.internal.StateChangeServiceImpl.fireApplicationStarting(StateChangeServiceImpl.java:50)
	at com.ibm.ws.app.manager.module.internal.DeployedAppInfoBase.preDeployApp(DeployedAppInfoBase.java:384)
	at com.ibm.ws.app.manager.module.internal.DeployedAppInfoBase.deployApp(DeployedAppInfoBase.java:413)
	at com.ibm.ws.app.manager.war.internal.WARApplicationHandlerImpl.install(WARApplicationHandlerImpl.java:65)
	at com.ibm.ws.app.manager.internal.statemachine.StartAction.execute(StartAction.java:140)
	at com.ibm.ws.app.manager.internal.statemachine.ApplicationStateMachineImpl.enterState(ApplicationStateMachineImpl.java:1261)
	at com.ibm.ws.app.manager.internal.statemachine.ApplicationStateMachineImpl.performAction(ApplicationStateMachineImpl.java:1129)
	at com.ibm.ws.app.manager.internal.statemachine.ApplicationStateMachineImpl.run(ApplicationStateMachineImpl.java:884)
	at com.ibm.ws.threading.internal.ExecutorServiceImpl$RunnableWrapper.run(ExecutorServiceImpl.java:239)
	at java.base/java.util.concurrent.ThreadPoolExecutor.runWorker(ThreadPoolExecutor.java:1128)
	at java.base/java.util.concurrent.ThreadPoolExecutor$Worker.run(ThreadPoolExecutor.java:628)
	at java.base/java.lang.Thread.run(Thread.java:835)

Dump of callerThis
Object type = com.ibm.ws.container.service.state.internal.ApplicationStateManager
  serialVersionUID = -6685368059484454124
  $$$tc$$$ = class com.ibm.websphere.ras.TraceComponent@43d8dd9
    strings[0] = "TraceComponent[com.ibm.ws.container.service.state.internal.ApplicationStateManager,class com.ibm.ws.container.service.state.internal.ApplicationStateManager,[Runtime],,null]"
  listeners = class com.ibm.wsspi.kernel.service.utils.ConcurrentServiceReferenceSet@31d94deb
    referenceName = "applicationStateListeners"
    contextRef = class java.util.concurrent.atomic.AtomicReference@ae58777
      serialVersionUID = -1848883965231344442
      VALUE = class java.lang.invoke.VarHandleReferences$FieldInstanceReadWrite@69c930c1
      value = class org.apache.felix.scr.impl.manager.ComponentContextImpl@354de103
    elementMap = class java.util.LinkedHashMap@2e5da8aa
      serialVersionUID = 3801124242820219131
      head = class java.util.LinkedHashMap$Entry@13b506e2
      tail = class java.util.LinkedHashMap$Entry@506ee4c6
      accessOrder = false
      serialVersionUID = 362498820763181265
      DEFAULT_INITIAL_CAPACITY = 16
      MAXIMUM_CAPACITY = 1073741824
      DEFAULT_LOAD_FACTOR = 0.75
      TREEIFY_THRESHOLD = 8
      UNTREEIFY_THRESHOLD = 6
      MIN_TREEIFY_CAPACITY = 64
      table = class java.util.HashMap$Node[32]
      entrySet = null
      size = 13
      modCount = 15
      threshold = 24
      loadFactor = 0.75
      keySet = null
      values = null
    elementSet = class java.util.concurrent.ConcurrentSkipListSet@4e005b3d
      serialVersionUID = -2479143111061671589
      m = class java.util.concurrent.ConcurrentSkipListMap@46642b30
      MAX_ARRAY_SIZE = 2147483639
    elementSetUnsorted = false
    serialVersionUID = 756240983881166148
    $$$tc$$$ = class com.ibm.websphere.ras.TraceComponent@69e34dee
      strings[0] = "TraceComponent[com.ibm.wsspi.kernel.service.utils.ConcurrentServiceReferenceSet,class com.ibm.wsspi.kernel.service.utils.ConcurrentServiceReferenceSet,[kernelUtils],com.ibm.ws.kernel.service.utils.resources.ServiceMessages,null]"
  serialVersionUID = 2284273176985484160
  $$$tc$$$ = class com.ibm.websphere.ras.TraceComponent@3ad0418
    strings[0] = "TraceComponent[com.ibm.ws.container.service.state.internal.StateChangeManager,class com.ibm.ws.container.service.state.internal.StateChangeManager,[Runtime],,null]"

Dump of objectArray[0]
Object type = com.ibm.ws.container.service.app.deploy.internal.ApplicationInfoImpl
  appName = "security"
  appMetaData = class com.ibm.ws.container.service.app.deploy.internal.ApplicationMetaDataImpl@478bd97a
    j2eeName = class com.ibm.ws.container.service.metadata.internal.J2EENameImpl@57e05de2
      serialVersionUID = 7488184044073147667
      application = "security"
      module = null
      component = null
      string = "security"
      j2eeNameBytes = null
      $$$tc$$$ = class com.ibm.websphere.ras.TraceComponent@32697e2c
    serialVersionUID = -7906531148367236579
    $$$tc$$$ = class com.ibm.websphere.ras.TraceComponent@1c58e5dc
      strings[0] = "TraceComponent[com.ibm.ws.container.service.app.deploy.internal.ApplicationMetaDataImpl,class com.ibm.ws.container.service.app.deploy.internal.ApplicationMetaDataImpl,[container.service],com.ibm.ws.container.service.resources.Messages,null]"
    tc = class com.ibm.websphere.ras.TraceComponent@4d8774f1
      strings[0] = "TraceComponent[com.ibm.ws.runtime.metadata.MetaDataImpl,class com.ibm.ws.runtime.metadata.MetaDataImpl,[Runtime],null,null]"
    NUM_STATIC_SLOTS = 4
    ID_UNINITIALIZED = -1
    id = 0
    metaDataInterface = class java.lang.Class@7b8943a4
      ANNOTATION = 8192
      ENUM = 16384
      SYNTHETIC = 4096
      cachedConstructor = null
      name = "com.ibm.ws.runtime.metadata.ApplicationMetaData"
      module = class java.lang.Module@5cccc093
      packageName = "com.ibm.ws.runtime.metadata"
      componentType = {} /* array length = 0 */
      allPermDomain = class java.security.ProtectionDomain@3738a4f6
      reflectionData = null
      classRedefinedCount = 0
      genericInfo = null
      EMPTY_CLASS_ARRAY = class java.lang.Class[0]
      serialVersionUID = 3206093459760846163
      serialPersistentFields = class java.io.ObjectStreamField[0]
      reflectionFactory = class jdk.internal.reflect.ReflectionFactory@36c1a1a9
      enumConstants = null
      enumConstantDirectory = null
      annotationData = null
      annotationType = null
      classValueMap = null
    staticSlots = class java.lang.Object[4]
      Object[0] = null
      Object[1] = class com.ibm.ws.injectionengine.osgi.internal.OSGiInjectionScopeData@48f6dc78
      Object[2] = null
      Object[3] = class com.ibm.ws.cdi.impl.weld.WebSphereCDIDeploymentImpl@3dac085b
    dynamicSlots = class java.lang.Object[4]
      Object[0] = null
      Object[1] = class com.ibm.ws.ejbcontainer.osgi.internal.metadata.OSGiEJBApplicationMetaData@28885bc
      Object[2] = "security"
      Object[3] = null
  appContainer = class com.ibm.ws.adaptable.module.internal.AdaptableContainerImpl@3bf26339
    root = class com.ibm.ws.adaptable.module.internal.AdaptableContainerImpl@3bf26339
    rootOverlay = class com.ibm.ws.artifact.overlay.internal.DirectoryBasedOverlayContainerImpl@65d16ab9
      base = class com.ibm.ws.artifact.loose.internal.LooseArchive@1830dfb1
      maskSet = class java.util.HashSet@6b5eda13
      cfHolder = class com.ibm.ws.artifact.overlay.internal.OverlayContainerFactoryImpl@7e8ace2f
      fileOverlayContainer = class com.ibm.ws.artifact.file.internal.FileContainer@5e4050d3
      overlayDirectory = class java.io.File@76131682
      cacheDirForOverlay = class java.io.File@68c092a6
      overlayNotifier = class com.ibm.ws.artifact.overlay.internal.DirectoryBasedOverlayNotifier@23d44816
      enclosingContainer = null
      entryInEnclosingContainer = null
      nestedOverlays = class java.util.concurrent.ConcurrentHashMap@75d343ef
      cacheStore = class com.ibm.ws.artifact.overlay.internal.OverlayCache@2949434e
      parentOverlay = null
      isPassThroughMode = true
      serialVersionUID = -1690795617118238166
      $$$tc$$$ = class com.ibm.websphere.ras.TraceComponent@64c139b
    factoryHolder = class com.ibm.ws.adaptable.module.internal.AdaptableModuleFactoryImpl@300b24ac
      adapterFactoryService = class com.ibm.ws.adaptable.module.internal.AdapterFactoryServiceImpl@5404f32f
      containerFactory = class com.ibm.ws.artifact.internal.ArtifactContainerFactoryService@698b9407
      overlayContainerFactory = class com.ibm.ws.artifact.overlay.internal.OverlayContainerFactoryImpl@7e8ace2f
      serialVersionUID = 4200251809856292987
      $$$tc$$$ = class com.ibm.websphere.ras.TraceComponent@4c85da2d
    delegate = class com.ibm.ws.artifact.overlay.internal.DirectoryBasedOverlayContainerImpl@65d16ab9
    notifier = class com.ibm.ws.adaptable.module.internal.NotifierImpl@36c79ea6
      root = class com.ibm.ws.adaptable.module.internal.AdaptableContainerImpl@3bf26339
      delegateNotifier = class com.ibm.ws.artifact.overlay.internal.DirectoryBasedOverlayNotifier@23d44816
      delegateRoot = class com.ibm.ws.artifact.overlay.internal.DirectoryBasedOverlayContainerImpl@65d16ab9
      listenerDelegates = class java.util.HashMap@2fabe967
      serialVersionUID = 6839382523957017880
      $$$tc$$$ = class com.ibm.websphere.ras.TraceComponent@62a19eef
    serialVersionUID = -5621513278641113667
    $$$tc$$$ = class com.ibm.websphere.ras.TraceComponent@3eb71930
      strings[0] = "TraceComponent[com.ibm.ws.adaptable.module.internal.AdaptableContainerImpl,class com.ibm.ws.adaptable.module.internal.AdaptableContainerImpl,[archive.adaptable],,null]"
  configHelper = class com.ibm.ws.app.manager.module.ApplicationNestedConfigHelper@14455c39
    appInfo = class com.ibm.ws.app.manager.internal.ApplicationInstallInfo@b43c49e
    serialVersionUID = -3174031738676705046
    $$$tc$$$ = class com.ibm.websphere.ras.TraceComponent@1ae6c84e
      strings[0] = "TraceComponent[com.ibm.ws.app.manager.module.ApplicationNestedConfigHelper,class com.ibm.ws.app.manager.module.ApplicationNestedConfigHelper,[applications, app.manager],,null]"
  applicationInformation = class com.ibm.ws.app.manager.internal.ApplicationInstallInfo@b43c49e
    _config = class com.ibm.ws.app.manager.internal.ApplicationConfig@5f350cf6
      tc = class com.ibm.websphere.ras.TraceComponent@260d2728
      _configPid = "com.ibm.ws.app.manager_65"
      _config = class com.ibm.ws.config.admin.ConfigurationDictionary@122c3a61
      _applicationManager = class com.ibm.ws.app.manager.ApplicationManager@568d77e7
      _location = "security.war"
      _type = "war"
      _name = "security"
      _notificationBroadcasterSupport = class javax.management.NotificationBroadcasterSupport@579801d8
      ONE_TIME_JANDEX_MSGS_DISPLAYED = true
    _handlerInfo = class java.util.concurrent.atomic.AtomicReference@315f210b
      serialVersionUID = -1848883965231344442
      VALUE = class java.lang.invoke.VarHandleReferences$FieldInstanceReadWrite@69c930c1
      value = class com.ibm.ws.app.manager.war.internal.WARDeployedAppInfo@737821a8
    _container = class java.util.concurrent.atomic.AtomicReference@58985dc8
      serialVersionUID = -1848883965231344442
      VALUE = class java.lang.invoke.VarHandleReferences$FieldInstanceReadWrite@69c930c1
      value = class com.ibm.ws.adaptable.module.internal.AdaptableContainerImpl@3bf26339
    _resolvedLocation = class java.util.concurrent.atomic.AtomicReference@5220cad3
      serialVersionUID = -1848883965231344442
      VALUE = class java.lang.invoke.VarHandleReferences$FieldInstanceReadWrite@69c930c1
      value = class com.ibm.ws.kernel.service.location.internal.LocalFileResource@242ab570
    _handler = class com.ibm.ws.app.manager.war.internal.WARApplicationHandlerImpl@25853edd
      futureMonitor = class com.ibm.ws.threading.internal.FutureMonitorImpl@36531a21
      deployedAppFactory = class com.ibm.ws.app.manager.war.internal.WARDeployedAppInfoFactoryImpl@d1336a3
      serialVersionUID = 4622845147410944782
      $$$tc$$$ = class com.ibm.websphere.ras.TraceComponent@32bf665
    _ami = class java.util.concurrent.atomic.AtomicReference@6d9a141f
      serialVersionUID = -1848883965231344442
      VALUE = class java.lang.invoke.VarHandleReferences$FieldInstanceReadWrite@69c930c1
      value = class com.ibm.wsspi.application.handler.DefaultApplicationMonitoringInformation@27083a9d
    _updateHandler = class com.ibm.ws.app.manager.internal.statemachine.ApplicationStateMachineImpl@77767279
      _tc = class com.ibm.websphere.ras.TraceComponent@26e34d2c
      EMPTY_FUTURE_ARRAY = interface java.util.concurrent.Future[0]
      asmSequenceNumber = class java.util.concurrent.atomic.AtomicLong@4780e7e3
      _qscaCounter = class java.util.concurrent.atomic.AtomicInteger@2b391817
      _failedThrowable = null
      _interruptibleLock = class com.ibm.ws.app.manager.internal.statemachine.ApplicationStateMachineImpl$2@441afaa4
      _interruptible = false
      _performingQueuedActions = true
      _queuedActions = class java.util.concurrent.ConcurrentLinkedQueue@272a925a
      _callbackState = class java.util.concurrent.atomic.AtomicReference@67d5d6a3
      blockAppStartingFutures = class java.util.Collections$SetFromMap@44f83ee
      waitingForAppHandlerFuture = class java.util.concurrent.atomic.AtomicReference@17139619
      waitingForExplicitStartFuture = class java.util.concurrent.atomic.AtomicReference@64d87ee3
      completionListener = class java.util.concurrent.atomic.AtomicReference@2d71cc15
      _notifyAppStopped = class java.util.concurrent.ConcurrentLinkedQueue@55596aa6
      _notifyAppStarting = class java.util.concurrent.ConcurrentLinkedQueue@5ef19d4a
      _notifyAppInstallCalled = class java.util.concurrent.ConcurrentLinkedQueue@79f9df11
      _notifyAppStarted = class java.util.concurrent.ConcurrentLinkedQueue@5a4ba55f
      _notifyAppRemoved = class java.util.concurrent.ConcurrentLinkedQueue@44d9e8ea
      _stateLock = class com.ibm.ws.app.manager.internal.statemachine.ApplicationStateMachineImpl$3@161036f6
      _internalState = class java.util.concurrent.atomic.AtomicReference@21a67272
      _currentAction = class java.util.concurrent.atomic.AtomicReference@26404a44
      _rfa = class java.util.concurrent.atomic.AtomicReference@2d5578de
      _appInstallInfo = class java.util.concurrent.atomic.AtomicReference@3ae55c04
      _update = class java.util.concurrent.atomic.AtomicBoolean@28c28cc8
      _appConfig = class java.util.concurrent.atomic.AtomicReference@c74f1fe
      _nextAppConfig = class java.util.concurrent.atomic.AtomicReference@a61fb26
      _appContainer = class java.util.concurrent.atomic.AtomicReference@1a748312
      _resolvedLocation = class java.util.concurrent.atomic.AtomicReference@26ece858
      _handler = class java.util.concurrent.atomic.AtomicReference@d3c167a
      _asmSeqNo = 1
      _ctx = class org.eclipse.osgi.internal.framework.BundleContextImpl@79b86ebb
      _locAdmin = class com.ibm.ws.kernel.service.location.internal.WsLocationAdminImpl@8816430
      _futureMonitor = class com.ibm.ws.threading.internal.FutureMonitorImpl@36531a21
      _artifactFactory = class com.ibm.ws.artifact.internal.ArtifactContainerFactoryService@698b9407
      _moduleFactory = class com.ibm.ws.adaptable.module.internal.AdaptableModuleFactoryImpl@300b24ac
      _executorService = class com.ibm.ws.threading.internal.ExecutorServiceImpl@77bc8a9b
      _scheduledExecutorService = class com.ibm.ws.threading.internal.ScheduledExecutorImpl@1adeddd0
      _asmHelper = class com.ibm.ws.app.manager.internal.ApplicationConfigurator$NamedApplication@2d1c767
      _appMonitor = class com.ibm.ws.app.manager.internal.monitor.ApplicationMonitor@197d9a5f
      enterStateCalled = class java.util.concurrent.atomic.AtomicBoolean@37d10943
      serialVersionUID = 6511956370079301927
      serialVersionUID = 5501066335104962649
      $$$tc$$$ = class com.ibm.websphere.ras.TraceComponent@1d045ab2
    serialVersionUID = 2630639237123415755
    $$$tc$$$ = class com.ibm.websphere.ras.TraceComponent@6fe60efd
      strings[0] = "TraceComponent[com.ibm.ws.app.manager.internal.ApplicationInstallInfo,class com.ibm.ws.app.manager.internal.ApplicationInstallInfo,[applications, app.manager],com.ibm.ws.app.manager.internal.resources.AppManagerMessages,null]"
  serialVersionUID = -505303337196743781
  $$$tc$$$ = class com.ibm.websphere.ras.TraceComponent@31392646
    strings[0] = "TraceComponent[com.ibm.ws.container.service.app.deploy.internal.ApplicationInfoImpl,class com.ibm.ws.container.service.app.deploy.internal.ApplicationInfoImpl,[container.service],com.ibm.ws.container.service.resources.Messages,null]"

