------Start of DE processing------ = [3/06/19 14:08:24:373 PET]
Exception = org.jboss.weld.exceptions.DeploymentException
Source = com.ibm.ws.container.service.state.internal.ApplicationStateManager
probeid = 31
Stack Dump = org.jboss.weld.exceptions.DeploymentException: WELD-001414: Bean name is ambiguous. Name roleListView resolves to beans: [Managed Bean [class security.view.admin.session.RoleListView] with qualifiers [@Default @Any @Named], Managed Bean [class security.view.admin.role.RoleListView] with qualifiers [@Default @Any @Named]]
	at org.jboss.weld.bootstrap.Validator.validateBeanName(Validator.java:653)
	at org.jboss.weld.bootstrap.ConcurrentValidator$5.doWork(ConcurrentValidator.java:121)
	at org.jboss.weld.bootstrap.ConcurrentValidator$5.doWork(ConcurrentValidator.java:119)
	at org.jboss.weld.executor.IterativeWorkerTaskFactory$1.call(IterativeWorkerTaskFactory.java:62)
	at org.jboss.weld.executor.IterativeWorkerTaskFactory$1.call(IterativeWorkerTaskFactory.java:55)
	at com.ibm.ws.threading.internal.PolicyTaskFutureImpl.run(PolicyTaskFutureImpl.java:724)
	at com.ibm.ws.threading.internal.PolicyExecutorImpl.runTask(PolicyExecutorImpl.java:1134)
	at com.ibm.ws.threading.internal.PolicyExecutorImpl.invokeAll(PolicyExecutorImpl.java:683)
	at com.ibm.ws.concurrent.internal.ManagedExecutorServiceImpl.invokeAll(ManagedExecutorServiceImpl.java:413)
	at org.jboss.weld.executor.AbstractExecutorServices.invokeAllAndCheckForExceptions(AbstractExecutorServices.java:59)
	at org.jboss.weld.executor.AbstractExecutorServices.invokeAllAndCheckForExceptions(AbstractExecutorServices.java:67)
	at org.jboss.weld.bootstrap.ConcurrentValidator.validateBeanNames(ConcurrentValidator.java:119)
	at org.jboss.weld.bootstrap.Validator.validateDeployment(Validator.java:495)
	at org.jboss.weld.bootstrap.WeldStartup.validateBeans(WeldStartup.java:496)
	at org.jboss.weld.bootstrap.WeldBootstrap.validateBeans(WeldBootstrap.java:93)
	at com.ibm.ws.cdi.impl.CDIContainerImpl.startInitialization(CDIContainerImpl.java:152)
	at com.ibm.ws.cdi.liberty.CDIRuntimeImpl.applicationStarting(CDIRuntimeImpl.java:438)
	at com.ibm.ws.container.service.state.internal.ApplicationStateManager.fireStarting(ApplicationStateManager.java:28)
	at com.ibm.ws.container.service.state.internal.StateChangeServiceImpl.fireApplicationStarting(StateChangeServiceImpl.java:50)
	at com.ibm.ws.app.manager.module.internal.DeployedAppInfoBase.preDeployApp(DeployedAppInfoBase.java:384)
	at com.ibm.ws.app.manager.module.internal.DeployedAppInfoBase.deployApp(DeployedAppInfoBase.java:413)
	at com.ibm.ws.app.manager.war.internal.WARApplicationHandlerImpl.install(WARApplicationHandlerImpl.java:65)
	at com.ibm.ws.app.manager.internal.statemachine.StartAction.execute(StartAction.java:140)
	at com.ibm.ws.app.manager.internal.statemachine.ApplicationStateMachineImpl.enterState(ApplicationStateMachineImpl.java:1261)
	at com.ibm.ws.app.manager.internal.statemachine.ApplicationStateMachineImpl.performAction(ApplicationStateMachineImpl.java:1129)
	at com.ibm.ws.app.manager.internal.statemachine.ApplicationStateMachineImpl.run(ApplicationStateMachineImpl.java:884)
	at com.ibm.ws.threading.internal.ExecutorServiceImpl$RunnableWrapper.run(ExecutorServiceImpl.java:239)
	at java.base/java.util.concurrent.ThreadPoolExecutor.runWorker(ThreadPoolExecutor.java:1128)
	at java.base/java.util.concurrent.ThreadPoolExecutor$Worker.run(ThreadPoolExecutor.java:628)
	at java.base/java.lang.Thread.run(Thread.java:835)

Dump of callerThis
Object type = com.ibm.ws.container.service.state.internal.ApplicationStateManager
  serialVersionUID = -6685368059484454124
  $$$tc$$$ = class com.ibm.websphere.ras.TraceComponent@41dd9a4a
    strings[0] = "TraceComponent[com.ibm.ws.container.service.state.internal.ApplicationStateManager,class com.ibm.ws.container.service.state.internal.ApplicationStateManager,[Runtime],,null]"
  listeners = class com.ibm.wsspi.kernel.service.utils.ConcurrentServiceReferenceSet@76974546
    referenceName = "applicationStateListeners"
    contextRef = class java.util.concurrent.atomic.AtomicReference@4907f4e
      serialVersionUID = -1848883965231344442
      VALUE = class java.lang.invoke.VarHandleReferences$FieldInstanceReadWrite@78608798
      value = class org.apache.felix.scr.impl.manager.ComponentContextImpl@2e7520db
    elementMap = class java.util.LinkedHashMap@5c2ef75d
      serialVersionUID = 3801124242820219131
      head = class java.util.LinkedHashMap$Entry@732426b6
      tail = class java.util.LinkedHashMap$Entry@74494d93
      accessOrder = false
      serialVersionUID = 362498820763181265
      DEFAULT_INITIAL_CAPACITY = 16
      MAXIMUM_CAPACITY = 1073741824
      DEFAULT_LOAD_FACTOR = 0.75
      TREEIFY_THRESHOLD = 8
      UNTREEIFY_THRESHOLD = 6
      MIN_TREEIFY_CAPACITY = 64
      table = class java.util.HashMap$Node[32]
      entrySet = null
      size = 13
      modCount = 15
      threshold = 24
      loadFactor = 0.75
      keySet = null
      values = null
    elementSet = class java.util.concurrent.ConcurrentSkipListSet@3f55f96f
      serialVersionUID = -2479143111061671589
      m = class java.util.concurrent.ConcurrentSkipListMap@228b712e
      MAX_ARRAY_SIZE = 2147483639
    elementSetUnsorted = false
    serialVersionUID = 756240983881166148
    $$$tc$$$ = class com.ibm.websphere.ras.TraceComponent@1df4b608
      strings[0] = "TraceComponent[com.ibm.wsspi.kernel.service.utils.ConcurrentServiceReferenceSet,class com.ibm.wsspi.kernel.service.utils.ConcurrentServiceReferenceSet,[kernelUtils],com.ibm.ws.kernel.service.utils.resources.ServiceMessages,null]"
  serialVersionUID = 2284273176985484160
  $$$tc$$$ = class com.ibm.websphere.ras.TraceComponent@5278e009
    strings[0] = "TraceComponent[com.ibm.ws.container.service.state.internal.StateChangeManager,class com.ibm.ws.container.service.state.internal.StateChangeManager,[Runtime],,null]"

Dump of objectArray[0]
Object type = com.ibm.ws.container.service.app.deploy.internal.ApplicationInfoImpl
  appName = "security"
  appMetaData = class com.ibm.ws.container.service.app.deploy.internal.ApplicationMetaDataImpl@474f753e
    j2eeName = class com.ibm.ws.container.service.metadata.internal.J2EENameImpl@2d09650a
      serialVersionUID = 7488184044073147667
      application = "security"
      module = null
      component = null
      string = "security"
      j2eeNameBytes = null
      $$$tc$$$ = class com.ibm.websphere.ras.TraceComponent@15889656
    serialVersionUID = -7906531148367236579
    $$$tc$$$ = class com.ibm.websphere.ras.TraceComponent@74d8dc4
      strings[0] = "TraceComponent[com.ibm.ws.container.service.app.deploy.internal.ApplicationMetaDataImpl,class com.ibm.ws.container.service.app.deploy.internal.ApplicationMetaDataImpl,[container.service],com.ibm.ws.container.service.resources.Messages,null]"
    tc = class com.ibm.websphere.ras.TraceComponent@531c7541
      strings[0] = "TraceComponent[com.ibm.ws.runtime.metadata.MetaDataImpl,class com.ibm.ws.runtime.metadata.MetaDataImpl,[Runtime],null,null]"
    NUM_STATIC_SLOTS = 4
    ID_UNINITIALIZED = -1
    id = 0
    metaDataInterface = class java.lang.Class@621e9a60
      ANNOTATION = 8192
      ENUM = 16384
      SYNTHETIC = 4096
      cachedConstructor = null
      name = "com.ibm.ws.runtime.metadata.ApplicationMetaData"
      module = class java.lang.Module@2c224428
      packageName = "com.ibm.ws.runtime.metadata"
      componentType = {} /* array length = 0 */
      allPermDomain = class java.security.ProtectionDomain@fd5a092
      reflectionData = null
      classRedefinedCount = 0
      genericInfo = null
      EMPTY_CLASS_ARRAY = class java.lang.Class[0]
      serialVersionUID = 3206093459760846163
      serialPersistentFields = class java.io.ObjectStreamField[0]
      reflectionFactory = class jdk.internal.reflect.ReflectionFactory@641f40c8
      enumConstants = null
      enumConstantDirectory = null
      annotationData = null
      annotationType = null
      classValueMap = null
    staticSlots = class java.lang.Object[4]
      Object[0] = null
      Object[1] = class com.ibm.ws.injectionengine.osgi.internal.OSGiInjectionScopeData@6858a886
      Object[2] = null
      Object[3] = null
    dynamicSlots = class java.lang.Object[4]
      Object[0] = class com.ibm.ws.ejbcontainer.osgi.internal.metadata.OSGiEJBApplicationMetaData@16594014
      Object[1] = class com.ibm.ws.cdi.impl.weld.WebSphereCDIDeploymentImpl@71076fa9
      Object[2] = "security"
      Object[3] = null
  appContainer = class com.ibm.ws.adaptable.module.internal.AdaptableContainerImpl@3e7dad4b
    root = class com.ibm.ws.adaptable.module.internal.AdaptableContainerImpl@3e7dad4b
    rootOverlay = class com.ibm.ws.artifact.overlay.internal.DirectoryBasedOverlayContainerImpl@6ef1213
      base = class com.ibm.ws.artifact.loose.internal.LooseArchive@74764f81
      maskSet = class java.util.HashSet@4bc47583
      cfHolder = class com.ibm.ws.artifact.overlay.internal.OverlayContainerFactoryImpl@5c33ac5b
      fileOverlayContainer = class com.ibm.ws.artifact.file.internal.FileContainer@7654af0e
      overlayDirectory = class java.io.File@f732756
      cacheDirForOverlay = class java.io.File@49bf7b7e
      overlayNotifier = class com.ibm.ws.artifact.overlay.internal.DirectoryBasedOverlayNotifier@21ad8c2e
      enclosingContainer = null
      entryInEnclosingContainer = null
      nestedOverlays = class java.util.concurrent.ConcurrentHashMap@21bf77a7
      cacheStore = class com.ibm.ws.artifact.overlay.internal.OverlayCache@72408041
      parentOverlay = null
      isPassThroughMode = true
      serialVersionUID = -1690795617118238166
      $$$tc$$$ = class com.ibm.websphere.ras.TraceComponent@5e34fa4a
    factoryHolder = class com.ibm.ws.adaptable.module.internal.AdaptableModuleFactoryImpl@339a9472
      adapterFactoryService = class com.ibm.ws.adaptable.module.internal.AdapterFactoryServiceImpl@7cbe9409
      containerFactory = class com.ibm.ws.artifact.internal.ArtifactContainerFactoryService@1d2c5aa7
      overlayContainerFactory = class com.ibm.ws.artifact.overlay.internal.OverlayContainerFactoryImpl@5c33ac5b
      serialVersionUID = 4200251809856292987
      $$$tc$$$ = class com.ibm.websphere.ras.TraceComponent@5c13af90
    delegate = class com.ibm.ws.artifact.overlay.internal.DirectoryBasedOverlayContainerImpl@6ef1213
    notifier = class com.ibm.ws.adaptable.module.internal.NotifierImpl@2199a449
      root = class com.ibm.ws.adaptable.module.internal.AdaptableContainerImpl@3e7dad4b
      delegateNotifier = class com.ibm.ws.artifact.overlay.internal.DirectoryBasedOverlayNotifier@21ad8c2e
      delegateRoot = class com.ibm.ws.artifact.overlay.internal.DirectoryBasedOverlayContainerImpl@6ef1213
      listenerDelegates = class java.util.HashMap@347f3b9b
      serialVersionUID = 6839382523957017880
      $$$tc$$$ = class com.ibm.websphere.ras.TraceComponent@935af7e
    serialVersionUID = -5621513278641113667
    $$$tc$$$ = class com.ibm.websphere.ras.TraceComponent@56108a8b
      strings[0] = "TraceComponent[com.ibm.ws.adaptable.module.internal.AdaptableContainerImpl,class com.ibm.ws.adaptable.module.internal.AdaptableContainerImpl,[archive.adaptable],,null]"
  configHelper = class com.ibm.ws.app.manager.module.ApplicationNestedConfigHelper@777a529f
    appInfo = class com.ibm.ws.app.manager.internal.ApplicationInstallInfo@7ae9aa88
    serialVersionUID = -3174031738676705046
    $$$tc$$$ = class com.ibm.websphere.ras.TraceComponent@3ef0a6dc
      strings[0] = "TraceComponent[com.ibm.ws.app.manager.module.ApplicationNestedConfigHelper,class com.ibm.ws.app.manager.module.ApplicationNestedConfigHelper,[applications, app.manager],,null]"
  applicationInformation = class com.ibm.ws.app.manager.internal.ApplicationInstallInfo@7ae9aa88
    _config = class com.ibm.ws.app.manager.internal.ApplicationConfig@31204fe
      tc = class com.ibm.websphere.ras.TraceComponent@353fc7cf
      _configPid = "com.ibm.ws.app.manager_49"
      _config = class com.ibm.ws.config.admin.ConfigurationDictionary@47f797f
      _applicationManager = class com.ibm.ws.app.manager.ApplicationManager@17e044e4
      _location = "security.war"
      _type = "war"
      _name = "security"
      _notificationBroadcasterSupport = class javax.management.NotificationBroadcasterSupport@1ff684cd
      ONE_TIME_JANDEX_MSGS_DISPLAYED = true
    _handlerInfo = class java.util.concurrent.atomic.AtomicReference@65d510a3
      serialVersionUID = -1848883965231344442
      VALUE = class java.lang.invoke.VarHandleReferences$FieldInstanceReadWrite@78608798
      value = class com.ibm.ws.app.manager.war.internal.WARDeployedAppInfo@7499268b
    _container = class java.util.concurrent.atomic.AtomicReference@6c97d49a
      serialVersionUID = -1848883965231344442
      VALUE = class java.lang.invoke.VarHandleReferences$FieldInstanceReadWrite@78608798
      value = class com.ibm.ws.adaptable.module.internal.AdaptableContainerImpl@3e7dad4b
    _resolvedLocation = class java.util.concurrent.atomic.AtomicReference@1ad144aa
      serialVersionUID = -1848883965231344442
      VALUE = class java.lang.invoke.VarHandleReferences$FieldInstanceReadWrite@78608798
      value = class com.ibm.ws.kernel.service.location.internal.LocalFileResource@399808ca
    _handler = class com.ibm.ws.app.manager.war.internal.WARApplicationHandlerImpl@97796fa
      futureMonitor = class com.ibm.ws.threading.internal.FutureMonitorImpl@1f6494e4
      deployedAppFactory = class com.ibm.ws.app.manager.war.internal.WARDeployedAppInfoFactoryImpl@5e66a21c
      serialVersionUID = 4622845147410944782
      $$$tc$$$ = class com.ibm.websphere.ras.TraceComponent@10caad19
    _ami = class java.util.concurrent.atomic.AtomicReference@446acf7f
      serialVersionUID = -1848883965231344442
      VALUE = class java.lang.invoke.VarHandleReferences$FieldInstanceReadWrite@78608798
      value = class com.ibm.wsspi.application.handler.DefaultApplicationMonitoringInformation@1f041135
    _updateHandler = class com.ibm.ws.app.manager.internal.statemachine.ApplicationStateMachineImpl@160bf06c
      _tc = class com.ibm.websphere.ras.TraceComponent@791480a7
      EMPTY_FUTURE_ARRAY = interface java.util.concurrent.Future[0]
      asmSequenceNumber = class java.util.concurrent.atomic.AtomicLong@1dd0262c
      _qscaCounter = class java.util.concurrent.atomic.AtomicInteger@30e1b188
      _failedThrowable = null
      _interruptibleLock = class com.ibm.ws.app.manager.internal.statemachine.ApplicationStateMachineImpl$2@6ce41e60
      _interruptible = false
      _performingQueuedActions = true
      _queuedActions = class java.util.concurrent.ConcurrentLinkedQueue@26545e72
      _callbackState = class java.util.concurrent.atomic.AtomicReference@3aa9fdd2
      blockAppStartingFutures = class java.util.Collections$SetFromMap@77966fe
      waitingForAppHandlerFuture = class java.util.concurrent.atomic.AtomicReference@4ba27f6f
      waitingForExplicitStartFuture = class java.util.concurrent.atomic.AtomicReference@4f811fa7
      completionListener = class java.util.concurrent.atomic.AtomicReference@3ab32ce8
      _notifyAppStopped = class java.util.concurrent.ConcurrentLinkedQueue@76b1e3d6
      _notifyAppStarting = class java.util.concurrent.ConcurrentLinkedQueue@2eb0a368
      _notifyAppInstallCalled = class java.util.concurrent.ConcurrentLinkedQueue@690bed3e
      _notifyAppStarted = class java.util.concurrent.ConcurrentLinkedQueue@4afc589b
      _notifyAppRemoved = class java.util.concurrent.ConcurrentLinkedQueue@332aad41
      _stateLock = class com.ibm.ws.app.manager.internal.statemachine.ApplicationStateMachineImpl$3@18aae3af
      _internalState = class java.util.concurrent.atomic.AtomicReference@2efe9f99
      _currentAction = class java.util.concurrent.atomic.AtomicReference@66e225d
      _rfa = class java.util.concurrent.atomic.AtomicReference@6048d774
      _appInstallInfo = class java.util.concurrent.atomic.AtomicReference@2fb0e749
      _update = class java.util.concurrent.atomic.AtomicBoolean@7568a771
      _appConfig = class java.util.concurrent.atomic.AtomicReference@2e31f4b
      _nextAppConfig = class java.util.concurrent.atomic.AtomicReference@24b68b14
      _appContainer = class java.util.concurrent.atomic.AtomicReference@c14aa64
      _resolvedLocation = class java.util.concurrent.atomic.AtomicReference@3c77d7b8
      _handler = class java.util.concurrent.atomic.AtomicReference@26f48e3a
      _asmSeqNo = 0
      _ctx = class org.eclipse.osgi.internal.framework.BundleContextImpl@4ab0480f
      _locAdmin = class com.ibm.ws.kernel.service.location.internal.WsLocationAdminImpl@368a5fdb
      _futureMonitor = class com.ibm.ws.threading.internal.FutureMonitorImpl@1f6494e4
      _artifactFactory = class com.ibm.ws.artifact.internal.ArtifactContainerFactoryService@1d2c5aa7
      _moduleFactory = class com.ibm.ws.adaptable.module.internal.AdaptableModuleFactoryImpl@339a9472
      _executorService = class com.ibm.ws.threading.internal.ExecutorServiceImpl@1fab8266
      _scheduledExecutorService = class com.ibm.ws.threading.internal.ScheduledExecutorImpl@7bbb72cf
      _asmHelper = class com.ibm.ws.app.manager.internal.ApplicationConfigurator$NamedApplication@4135d6fc
      _appMonitor = class com.ibm.ws.app.manager.internal.monitor.ApplicationMonitor@40c30ae8
      enterStateCalled = class java.util.concurrent.atomic.AtomicBoolean@3f458935
      serialVersionUID = 6511956370079301927
      serialVersionUID = 5501066335104962649
      $$$tc$$$ = class com.ibm.websphere.ras.TraceComponent@78108da2
    serialVersionUID = 2630639237123415755
    $$$tc$$$ = class com.ibm.websphere.ras.TraceComponent@6ba8e1fd
      strings[0] = "TraceComponent[com.ibm.ws.app.manager.internal.ApplicationInstallInfo,class com.ibm.ws.app.manager.internal.ApplicationInstallInfo,[applications, app.manager],com.ibm.ws.app.manager.internal.resources.AppManagerMessages,null]"
  serialVersionUID = -505303337196743781
  $$$tc$$$ = class com.ibm.websphere.ras.TraceComponent@3bdcdc42
    strings[0] = "TraceComponent[com.ibm.ws.container.service.app.deploy.internal.ApplicationInfoImpl,class com.ibm.ws.container.service.app.deploy.internal.ApplicationInfoImpl,[container.service],com.ibm.ws.container.service.resources.Messages,null]"

