------Start of DE processing------ = [25/06/19 20:00:19:849 COT]
Exception = java.lang.ClassNotFoundException
Source = com.ibm.ws.container.ErrorPage
probeid = 95
Stack Dump = java.lang.ClassNotFoundException: java.lang.Exception.
	at com.ibm.ws.classloading.internal.UnifiedClassLoader.findClass(UnifiedClassLoader.java:134)
	at com.ibm.ws.classloading.internal.ThreadContextClassLoader.findClass(ThreadContextClassLoader.java:138)
	at java.lang.ClassLoader.loadClass(Unknown Source)
	at com.ibm.ws.classloading.internal.UnifiedClassLoader.loadClass0(UnifiedClassLoader.java:113)
	at com.ibm.ws.classloading.internal.UnifiedClassLoader$Delegation.loadClass(UnifiedClassLoader.java:82)
	at com.ibm.ws.classloading.internal.UnifiedClassLoader.loadClass(UnifiedClassLoader.java:106)
	at com.ibm.ws.classloading.internal.ThreadContextClassLoader.loadClass(ThreadContextClassLoader.java:154)
	at java.lang.ClassLoader.loadClass(Unknown Source)
	at java.lang.Class.forName0(Native Method)
	at java.lang.Class.forName(Unknown Source)
	at com.ibm.ws.container.ErrorPage.getException(ErrorPage.java:94)
	at com.ibm.ws.webcontainer.webapp.WebAppConfiguration.getErrorPageByExceptionType(WebAppConfiguration.java:844)
	at com.ibm.ws.webcontainer.webapp.WebAppConfiguration.getErrorPageTraverseRootCause(WebAppConfiguration.java:813)
	at com.ibm.ws.webcontainer.webapp.WebApp.getErrorPageDispatcher(WebApp.java:4571)
	at com.ibm.ws.webcontainer.webapp.WebApp.sendError(WebApp.java:4146)
	at com.ibm.ws.webcontainer.webapp.WebApp.handleException(WebApp.java:5057)
	at com.ibm.ws.webcontainer.webapp.WebApp.handleRequest(WebApp.java:5037)
	at com.ibm.ws.webcontainer.osgi.DynamicVirtualHost$2.handleRequest(DynamicVirtualHost.java:314)
	at com.ibm.ws.webcontainer.WebContainer.handleRequest(WebContainer.java:992)
	at com.ibm.ws.webcontainer.osgi.DynamicVirtualHost$2.run(DynamicVirtualHost.java:279)
	at com.ibm.ws.http.dispatcher.internal.channel.HttpDispatcherLink$TaskWrapper.run(HttpDispatcherLink.java:1047)
	at com.ibm.ws.http.dispatcher.internal.channel.HttpDispatcherLink.wrapHandlerAndExecute(HttpDispatcherLink.java:417)
	at com.ibm.ws.http.dispatcher.internal.channel.HttpDispatcherLink.ready(HttpDispatcherLink.java:376)
	at com.ibm.ws.http.channel.internal.inbound.HttpInboundLink.handleDiscrimination(HttpInboundLink.java:532)
	at com.ibm.ws.http.channel.internal.inbound.HttpInboundLink.handleNewRequest(HttpInboundLink.java:466)
	at com.ibm.ws.http.channel.internal.inbound.HttpInboundLink.processRequest(HttpInboundLink.java:331)
	at com.ibm.ws.http.channel.internal.inbound.HttpInboundLink.ready(HttpInboundLink.java:302)
	at com.ibm.ws.tcpchannel.internal.NewConnectionInitialReadCallback.sendToDiscriminators(NewConnectionInitialReadCallback.java:165)
	at com.ibm.ws.tcpchannel.internal.NewConnectionInitialReadCallback.complete(NewConnectionInitialReadCallback.java:74)
	at com.ibm.ws.tcpchannel.internal.WorkQueueManager.requestComplete(WorkQueueManager.java:503)
	at com.ibm.ws.tcpchannel.internal.WorkQueueManager.attemptIO(WorkQueueManager.java:573)
	at com.ibm.ws.tcpchannel.internal.WorkQueueManager.workerRun(WorkQueueManager.java:954)
	at com.ibm.ws.tcpchannel.internal.WorkQueueManager$Worker.run(WorkQueueManager.java:1043)
	at com.ibm.ws.threading.internal.ExecutorServiceImpl$RunnableWrapper.run(ExecutorServiceImpl.java:239)
	at java.util.concurrent.ThreadPoolExecutor.runWorker(Unknown Source)
	at java.util.concurrent.ThreadPoolExecutor$Worker.run(Unknown Source)
	at java.lang.Thread.run(Unknown Source)

Dump of callerThis
Object type = com.ibm.ws.container.ErrorPage
  location = "/status/error.xhtml"
  errorParam = "java.lang.Exception."
  serialVersionUID = -3207630075750300656
  $$$tc$$$ = class com.ibm.websphere.ras.TraceComponent@44ffdeb9
    strings[0] = "TraceComponent[com.ibm.ws.container.ErrorPage,class com.ibm.ws.container.ErrorPage,[],null,null]"

Dump of objectArray[0]
Object type = com.ibm.ws.classloading.internal.ThreadContextClassLoader
  tc = class com.ibm.websphere.ras.TraceComponent@66b8108f
    strings[0] = "TraceComponent[com.ibm.ws.classloading.internal.ThreadContextClassLoader,class com.ibm.ws.classloading.internal.ThreadContextClassLoader,[ClassLoadingService],com.ibm.ws.classloading.internal.resources.ClassLoadingServiceMessages,null]"
  bundle = class java.util.concurrent.atomic.AtomicReference@7482ccd0
    serialVersionUID = -1848883965231344442
    unsafe = class sun.misc.Unsafe@6677ff71
    valueOffset = 12
    value = class org.eclipse.osgi.internal.framework.EquinoxBundle@155ae475
  key = "WebModule:softswitch#softswitch.war"
  refCount = class java.util.concurrent.atomic.AtomicInteger@266d60bd
    serialVersionUID = 6214790243416807050
    unsafe = class sun.misc.Unsafe@6677ff71
      theUnsafe = class sun.misc.Unsafe@6677ff71
      INVALID_FIELD_OFFSET = -1
      ARRAY_BOOLEAN_BASE_OFFSET = 16
      ARRAY_BYTE_BASE_OFFSET = 16
      ARRAY_SHORT_BASE_OFFSET = 16
      ARRAY_CHAR_BASE_OFFSET = 16
      ARRAY_INT_BASE_OFFSET = 16
      ARRAY_LONG_BASE_OFFSET = 16
      ARRAY_FLOAT_BASE_OFFSET = 16
      ARRAY_DOUBLE_BASE_OFFSET = 16
      ARRAY_OBJECT_BASE_OFFSET = 16
      ARRAY_BOOLEAN_INDEX_SCALE = 1
      ARRAY_BYTE_INDEX_SCALE = 1
      ARRAY_SHORT_INDEX_SCALE = 2
      ARRAY_CHAR_INDEX_SCALE = 2
      ARRAY_INT_INDEX_SCALE = 4
      ARRAY_LONG_INDEX_SCALE = 8
      ARRAY_FLOAT_INDEX_SCALE = 4
      ARRAY_DOUBLE_INDEX_SCALE = 8
      ARRAY_OBJECT_INDEX_SCALE = 4
      ADDRESS_SIZE = 8
    valueOffset = 12
    value = 4
    serialVersionUID = -8742448824652078965
  appLoader = class com.ibm.ws.classloading.internal.AppClassLoader@48437139
    tc = class com.ibm.websphere.ras.TraceComponent@37607d35
      strings[0] = "TraceComponent[com.ibm.ws.classloading.internal.AppClassLoader,class com.ibm.ws.classloading.internal.AppClassLoader,[ClassLoadingService],com.ibm.ws.classloading.internal.resources.ClassLoadingServiceMessages,null]"
    PARENT_FIRST_SEARCH_ORDER = class java.util.Collections$UnmodifiableRandomAccessList@2a604f1b
      serialVersionUID = -2542308836966382001
      serialVersionUID = -283967356065247728
      list = class java.util.Arrays$ArrayList@18ea688a
      serialVersionUID = 1820017752578914078
      c = class java.util.Arrays$ArrayList@18ea688a
    CLASS_LOADING_TRACE_PREFIX = "com.ibm.ws.class.load."
    DEFAULT_PACKAGE = "default.package"
    perPackageClassLoadingTraceComponents = class java.util.concurrent.ConcurrentHashMap@5b62b042
      serialVersionUID = 7249069246763182397
      MAXIMUM_CAPACITY = 1073741824
      DEFAULT_CAPACITY = 16
      MAX_ARRAY_SIZE = 2147483639
      DEFAULT_CONCURRENCY_LEVEL = 16
      LOAD_FACTOR = 0.75
      TREEIFY_THRESHOLD = 8
      UNTREEIFY_THRESHOLD = 6
      MIN_TREEIFY_CAPACITY = 64
      MIN_TRANSFER_STRIDE = 16
      RESIZE_STAMP_BITS = 16
      MAX_RESIZERS = 65535
      RESIZE_STAMP_SHIFT = 16
      MOVED = -1
      TREEBIN = -2
      RESERVED = -3
      HASH_BITS = 2147483647
      NCPU = 4
      serialPersistentFields = class java.io.ObjectStreamField[3]
      table = class java.util.concurrent.ConcurrentHashMap$Node[512]
      nextTable = null
      baseCount = 237
      sizeCtl = 384
      transferIndex = 0
      cellsBusy = 0
      counterCells = null
      keySet = null
      values = null
      entrySet = null
      U = class sun.misc.Unsafe@6677ff71
      SIZECTL = 20
      TRANSFERINDEX = 32
      BASECOUNT = 24
      CELLSBUSY = 36
      CELLVALUE = 144
      ABASE = 16
      ASHIFT = 2
      keySet = null
      values = null
    config = class com.ibm.ws.classloading.internal.ClassLoaderConfigurationImpl@19de53a5
      DEFAULT_PROTECTION_DOMAIN = class java.security.ProtectionDomain@3cbf07ac
      delegateLast = false
      includeAppExtensions = true
      id = class com.ibm.ws.classloading.serializable.ClassLoaderIdentityImpl@2f24b42a
      parentId = null
      sharedLibraries = class java.util.ArrayList@2f64cd57
      commonLibraries = class java.util.Collections$EmptyList@36ab8aa0
      providers = class java.util.Collections$EmptyList@36ab8aa0
      nativeLibraryContainers = class java.util.Collections$EmptyList@36ab8aa0
      protectionDomain = class java.security.ProtectionDomain@7b16d21e
      serialVersionUID = 9091690180200375339
      $$$tc$$$ = class com.ibm.websphere.ras.TraceComponent@53bd035c
    privateLibraries = null
    delegateLoaders = class com.ibm.ws.classloading.internal.util.CompositeIterable@53323d20
      iterables = class java.util.Arrays$ArrayList@d69d255
      serialVersionUID = -1227195994638150837
      $$$tc$$$ = class com.ibm.websphere.ras.TraceComponent@75eda3f8
    nativeLibraryFiles = class java.util.ArrayList@6ef327a9
      serialVersionUID = 8683452581122892189
      DEFAULT_CAPACITY = 10
      EMPTY_ELEMENTDATA = class java.lang.Object[0]
      DEFAULTCAPACITY_EMPTY_ELEMENTDATA = class java.lang.Object[0]
      elementData = class java.lang.Object[0]
      size = 0
      MAX_ARRAY_SIZE = 2147483639
      modCount = 0
      MAX_ARRAY_SIZE = 2147483639
    transformers = class java.util.ArrayList@205d7a95
      serialVersionUID = 8683452581122892189
      DEFAULT_CAPACITY = 10
      EMPTY_ELEMENTDATA = class java.lang.Object[0]
      DEFAULTCAPACITY_EMPTY_ELEMENTDATA = class java.lang.Object[0]
      elementData = class java.lang.Object[0]
      size = 0
      MAX_ARRAY_SIZE = 2147483639
      modCount = 0
      MAX_ARRAY_SIZE = 2147483639
    apiAccess = class com.ibm.ws.classloading.internal.GatewayClassLoader@798a6a7a
      config = class com.ibm.ws.classloading.internal.GatewayConfigurationImpl@3a5692aa
      wiringMonitor = class com.ibm.ws.classloading.internal.GatewayClassLoader$1@e1d7090
      bundle = class org.eclipse.osgi.internal.framework.EquinoxBundle@9fe2bbb
      wiring = class org.eclipse.osgi.container.ModuleWiring@48ce31ae
      bundleLoader = class org.eclipse.osgi.internal.loader.EquinoxClassLoader@1896e8a8
      resourceProviders = class com.ibm.ws.classloading.internal.CompositeResourceProvider@205b115a
      serialVersionUID = -4256474098847905153
      $$$tc$$$ = class com.ibm.websphere.ras.TraceComponent@336b1a6b
      parent = class sun.misc.Launcher$AppClassLoader@18b4aac2
      parallelLockMap = null
      package2certs = class java.util.Hashtable@165bead2
      nocerts = class java.security.cert.Certificate[0]
      classes = class java.util.Vector@73278179
      defaultDomain = class java.security.ProtectionDomain@4add9df2
      domains = class java.util.HashSet@65a1efa9
      packages = class java.util.HashMap@2c6584b5
      scl = class sun.misc.Launcher$AppClassLoader@18b4aac2
      sclSet = true
      loadedLibraryNames = class java.util.Vector@23e0de6b
      systemNativeLibraries = class java.util.Vector@7f69e279
      nativeLibraries = class java.util.Vector@6386e409
      nativeLibraryContext = class java.util.Stack@7f63770a
      usr_paths = class java.lang.String[23]
      sys_paths = class java.lang.String[1]
      assertionLock = class com.ibm.ws.classloading.internal.GatewayClassLoader@798a6a7a
      defaultAssertionStatus = false
      packageAssertionStatus = null
      classAssertionStatus = null
    generator = class com.ibm.ws.classloading.internal.ClassGeneratorManager@1a77c21c
    protectionDomains = class java.util.concurrent.ConcurrentHashMap@4b755640
      serialVersionUID = 7249069246763182397
      MAXIMUM_CAPACITY = 1073741824
      DEFAULT_CAPACITY = 16
      MAX_ARRAY_SIZE = 2147483639
      DEFAULT_CONCURRENCY_LEVEL = 16
      LOAD_FACTOR = 0.75
      TREEIFY_THRESHOLD = 8
      UNTREEIFY_THRESHOLD = 6
      MIN_TREEIFY_CAPACITY = 64
      MIN_TRANSFER_STRIDE = 16
      RESIZE_STAMP_BITS = 16
      MAX_RESIZERS = 65535
      RESIZE_STAMP_SHIFT = 16
      MOVED = -1
      TREEBIN = -2
      RESERVED = -3
      HASH_BITS = 2147483647
      NCPU = 4
      serialPersistentFields = class java.io.ObjectStreamField[3]
      table = class java.util.concurrent.ConcurrentHashMap$Node[16]
      nextTable = null
      baseCount = 7
      sizeCtl = 12
      transferIndex = 0
      cellsBusy = 0
      counterCells = null
      keySet = null
      values = null
      entrySet = null
      U = class sun.misc.Unsafe@6677ff71
      SIZECTL = 20
      TRANSFERINDEX = 32
      BASECOUNT = 24
      CELLSBUSY = 36
      CELLVALUE = 144
      ABASE = 16
      ASHIFT = 2
      keySet = null
      values = null
    parent = class com.ibm.ws.classloading.internal.GatewayClassLoader@798a6a7a
    hook = null
    serialVersionUID = 7911131531697267209
    tc = class com.ibm.websphere.ras.TraceComponent@2716c2e2
      strings[0] = "TraceComponent[com.ibm.ws.classloading.internal.ContainerClassLoader,class com.ibm.ws.classloading.internal.ContainerClassLoader,[ClassLoadingService],com.ibm.ws.classloading.internal.resources.ClassLoadingServiceMessages,null]"
    smartClassPath = class com.ibm.ws.classloading.internal.ContainerClassLoader$SmartClassPathImpl@96ca933
      rwLock = class java.util.concurrent.locks.ReentrantReadWriteLock@64baf432
      outstandingContainers = class java.util.concurrent.atomic.AtomicInteger@10340d1c
      usePackageMap = true
      maxLastNotFound = 250
      maxLastFound = 900
      maxLastReallyNotFound = 900
      propsInUse = false
      classPath = class java.util.concurrent.CopyOnWriteArrayList@3f3d2ac3
      MAX_LASTNOTFOUND = 250
      lastNotFound = class java.util.concurrent.CopyOnWriteArrayList@23c0fe2c
      MAX_LASTFOUND = 900
      lastFoundURL = class java.util.Collections$SynchronizedMap@10688502
      MAX_LASTREALLYNOTFOUND = 900
      lastReallyNotFoundURL = class java.util.Collections$SynchronizedMap@200426fe
      packageMap = class java.util.HashMap@76396b0f
      containers = class java.util.Collections$SetFromMap@522cda7a
      serialVersionUID = 5999673258880429274
      $$$tc$$$ = class com.ibm.websphere.ras.TraceComponent@7c591ac7
    nativeLibraryContainers = class java.util.ArrayList@7ed509d8
      serialVersionUID = 8683452581122892189
      DEFAULT_CAPACITY = 10
      EMPTY_ELEMENTDATA = class java.lang.Object[0]
      DEFAULTCAPACITY_EMPTY_ELEMENTDATA = class java.lang.Object[0]
      elementData = class java.lang.Object[0]
      size = 0
      MAX_ARRAY_SIZE = 2147483639
      modCount = 0
      MAX_ARRAY_SIZE = 2147483639
    redefiner = class com.ibm.ws.classloading.internal.util.ClassRedefiner@3cc81bef
    jarProtocol = "wsjar:"
    mapCreationQueue = class java.util.concurrent.Executors$FinalizableDelegatedExecutorService@4cfe4488
      e = class java.util.concurrent.ThreadPoolExecutor@4535e833
      $assertionsDisabled = true
    serialVersionUID = 4390450102868895350
    serialVersionUID = -7411549862368381758
    $$$tc$$$ = class com.ibm.websphere.ras.TraceComponent@1f61bae1
      strings[0] = "TraceComponent[com.ibm.ws.classloading.internal.IdentifiedLoader,class com.ibm.ws.classloading.internal.IdentifiedLoader,[ClassLoadingService],com.ibm.ws.classloading.internal.resources.ClassLoadingServiceMessages,null]"
    serialVersionUID = -4868702105808481416
    $$$tc$$$ = class com.ibm.websphere.ras.TraceComponent@7931ee
    serialVersionUID = 2596921220292114344
    $$$tc$$$ = class com.ibm.websphere.ras.TraceComponent@812649f
    initialized = true
    pdcache = class java.util.HashMap@35175d45
      serialVersionUID = 362498820763181265
      DEFAULT_INITIAL_CAPACITY = 16
      MAXIMUM_CAPACITY = 1073741824
      DEFAULT_LOAD_FACTOR = 0.75
      TREEIFY_THRESHOLD = 8
      UNTREEIFY_THRESHOLD = 6
      MIN_TREEIFY_CAPACITY = 64
      table = null
      entrySet = null
      size = 0
      modCount = 0
      threshold = 16
      loadFactor = 0.75
      keySet = null
      values = null
    debug = null
    parent = class com.ibm.ws.classloading.internal.GatewayClassLoader@798a6a7a
    parallelLockMap = null
    package2certs = class java.util.Hashtable@54b1caf1
      table = class java.util.Hashtable$Entry[383]
      count = 237
      threshold = 287
      loadFactor = 0.75
      modCount = 242
      serialVersionUID = 1421746759512286392
      MAX_ARRAY_SIZE = 2147483639
      keySet = null
      entrySet = null
      values = null
      KEYS = 0
      VALUES = 1
      ENTRIES = 2
    nocerts = class java.security.cert.Certificate[0]
    classes = class java.util.Vector@38f8d465
      elementData = class java.lang.Object[1280]
      elementCount = 992
      capacityIncrement = 0
      serialVersionUID = -2767605614048989439
      MAX_ARRAY_SIZE = 2147483639
      modCount = 992
      MAX_ARRAY_SIZE = 2147483639
    defaultDomain = class java.security.ProtectionDomain@6eb5816b
      codesource = class java.security.CodeSource@6d3843ca
      classloader = class com.ibm.ws.classloading.internal.AppClassLoader@48437139
      principals = interface java.security.Principal[0]
      permissions = null
      hasAllPerm = false
      staticPermissions = false
      key = class java.security.ProtectionDomain$Key@3bf4f2aa
      debug = null
    domains = class java.util.HashSet@61c7148d
      serialVersionUID = -5024744406713321676
      map = class java.util.HashMap@6d833f36
      PRESENT = class java.lang.Object@4f978c9c
      MAX_ARRAY_SIZE = 2147483639
    packages = class java.util.HashMap@3bfbbc06
      serialVersionUID = 362498820763181265
      DEFAULT_INITIAL_CAPACITY = 16
      MAXIMUM_CAPACITY = 1073741824
      DEFAULT_LOAD_FACTOR = 0.75
      TREEIFY_THRESHOLD = 8
      UNTREEIFY_THRESHOLD = 6
      MIN_TREEIFY_CAPACITY = 64
      table = class java.util.HashMap$Node[512]
      entrySet = null
      size = 237
      modCount = 237
      threshold = 384
      loadFactor = 0.75
      keySet = null
      values = null
    scl = class sun.misc.Launcher$AppClassLoader@18b4aac2
    sclSet = true
    loadedLibraryNames = class java.util.Vector@23e0de6b
    systemNativeLibraries = class java.util.Vector@7f69e279
    nativeLibraries = class java.util.Vector@455e0ce0
      elementData = class java.lang.Object[10]
      elementCount = 0
      capacityIncrement = 0
      serialVersionUID = -2767605614048989439
      MAX_ARRAY_SIZE = 2147483639
      modCount = 0
      MAX_ARRAY_SIZE = 2147483639
    nativeLibraryContext = class java.util.Stack@7f63770a
    usr_paths = class java.lang.String[23]
    sys_paths = class java.lang.String[1]
    assertionLock = class com.ibm.ws.classloading.internal.AppClassLoader@48437139
    defaultAssertionStatus = false
    packageAssertionStatus = null
    classAssertionStatus = null
  clSvc = class com.ibm.ws.classloading.internal.ClassLoadingServiceImpl@80728b0
    tc = class com.ibm.websphere.ras.TraceComponent@794206d0
      strings[0] = "TraceComponent[com.ibm.ws.classloading.internal.ClassLoadingServiceImpl,class com.ibm.ws.classloading.internal.ClassLoadingServiceImpl,[ClassLoadingService],com.ibm.ws.classloading.internal.resources.ClassLoadingServiceMessages,null]"
    leakDetectionMap = class java.util.HashMap@10e88198
      serialVersionUID = 362498820763181265
      DEFAULT_INITIAL_CAPACITY = 16
      MAXIMUM_CAPACITY = 1073741824
      DEFAULT_LOAD_FACTOR = 0.75
      TREEIFY_THRESHOLD = 8
      UNTREEIFY_THRESHOLD = 6
      MIN_TREEIFY_CAPACITY = 64
      table = null
      entrySet = null
      size = 0
      modCount = 0
      threshold = 0
      loadFactor = 0.75
      keySet = null
      values = null
    TCCL_LOCK_WAIT = 15000
    REFERENCE_GENERATORS = "generators"
    bundleContext = class org.eclipse.osgi.internal.framework.BundleContextImpl@51729c27
      findHookName = "org.osgi.framework.hooks.bundle.FindHook"
      valid = true
      bundle = class org.eclipse.osgi.internal.framework.EquinoxBundle@3bc1ee4a
      container = class org.eclipse.osgi.internal.framework.EquinoxContainer@f817145
      debug = class org.eclipse.osgi.internal.debug.Debug@19f0150a
      servicesInUse = class java.util.HashMap@7eb3ef7d
      activator = null
      contextLock = class java.lang.Object@58aca76d
    aclStore = class com.ibm.ws.classloading.internal.util.CanonicalStore@39b5f341
      map = class java.util.concurrent.ConcurrentHashMap@62d2a51
      q = class com.ibm.ws.classloading.internal.util.RefQueue@6f688e0d
      serialVersionUID = 6715157558227169968
      $$$tc$$$ = class com.ibm.websphere.ras.TraceComponent@3ebc01a0
    tcclStore = class com.ibm.ws.classloading.internal.util.CanonicalStore@479e3ff7
      map = class java.util.concurrent.ConcurrentHashMap@b8e5e49
      q = class com.ibm.ws.classloading.internal.util.RefQueue@1f67fd38
      serialVersionUID = 6715157558227169968
      $$$tc$$$ = class com.ibm.websphere.ras.TraceComponent@3ebc01a0
    tcclStoreLock = class java.util.concurrent.locks.ReentrantLock@e609dab
      serialVersionUID = 7373984872572414699
      sync = class java.util.concurrent.locks.ReentrantLock$NonfairSync@41dc6879
    digraph = class org.eclipse.equinox.internal.region.StandardRegionDigraph@5a5029be
      EMPTY_EDGE_SET = class java.util.Collections$UnmodifiableSet@63314e80
      monitor = class java.lang.Object@12ab30dd
      regions = class java.util.HashMap@58086210
      bundleIdToRegionMapping = class org.eclipse.equinox.internal.region.StandardBundleIdToRegionMapping@2f490aba
      edges = class java.util.HashMap@4665049d
      bundleContext = class org.eclipse.osgi.internal.framework.BundleContextImpl@24a1c17f
      threadLocal = class java.lang.ThreadLocal@d83f954
      subgraphTraverser = class org.eclipse.equinox.internal.region.SubgraphTraverser@16001216
      bundleCollisionHook = class org.eclipse.equinox.internal.region.hook.RegionBundleCollisionHook@717bd6b6
      bundleEventHook = class org.eclipse.equinox.internal.region.hook.RegionBundleEventHook@1f5475e8
      bundleFindHook = class org.eclipse.equinox.internal.region.hook.RegionBundleFindHook@d8f660f
      serviceEventHook = class org.eclipse.equinox.internal.region.hook.RegionServiceEventHook@1b09450a
      serviceFindHook = class org.eclipse.equinox.internal.region.hook.RegionServiceFindHook@3468febb
      resolverHookFactory = class org.eclipse.equinox.internal.region.hook.RegionResolverHookFactory@82f36eb
      origin = null
      originUpdateCount = -1
      updateCount = class java.util.concurrent.atomic.AtomicLong@7e6686ff
      defaultRegion = null
    redefiner = class com.ibm.ws.classloading.internal.util.ClassRedefiner@3cc81bef
      tc = class com.ibm.websphere.ras.TraceComponent@1b29f33b
      LS = "
"
      inst = class com.ibm.ws.kernel.launch.internal.TraceInstrumentation@3e8e5622
      serialVersionUID = 2420101865139508526
    listener = class com.ibm.ws.classloading.internal.ClassLoadingServiceImpl$1@4ce9f64e
      this$0 = class com.ibm.ws.classloading.internal.ClassLoadingServiceImpl@80728b0
      serialVersionUID = -9159707349812113172
      $$$tc$$$ = class com.ibm.websphere.ras.TraceComponent@218513ef
    classloaders = class java.util.Collections$SynchronizedMap@7a3e09a3
      serialVersionUID = 1978198479659022715
      m = class java.util.HashMap@49ee653e
      mutex = class java.util.Collections$SynchronizedMap@7a3e09a3
      keySet = null
      entrySet = null
      values = null
    resourceProviders = class com.ibm.ws.classloading.internal.CompositeResourceProvider@205b115a
    rememberedBundles = class java.util.concurrent.ConcurrentHashMap@70394e8a
      serialVersionUID = 7249069246763182397
      MAXIMUM_CAPACITY = 1073741824
      DEFAULT_CAPACITY = 16
      MAX_ARRAY_SIZE = 2147483639
      DEFAULT_CONCURRENCY_LEVEL = 16
      LOAD_FACTOR = 0.75
      TREEIFY_THRESHOLD = 8
      UNTREEIFY_THRESHOLD = 6
      MIN_TREEIFY_CAPACITY = 64
      MIN_TRANSFER_STRIDE = 16
      RESIZE_STAMP_BITS = 16
      MAX_RESIZERS = 65535
      RESIZE_STAMP_SHIFT = 16
      MOVED = -1
      TREEBIN = -2
      RESERVED = -3
      HASH_BITS = 2147483647
      NCPU = 4
      serialPersistentFields = class java.io.ObjectStreamField[3]
      table = class java.util.concurrent.ConcurrentHashMap$Node[16]
      nextTable = null
      baseCount = 5
      sizeCtl = 12
      transferIndex = 0
      cellsBusy = 0
      counterCells = null
      keySet = null
      values = null
      entrySet = null
      U = class sun.misc.Unsafe@6677ff71
      SIZECTL = 20
      TRANSFERINDEX = 32
      BASECOUNT = 24
      CELLSBUSY = 36
      CELLVALUE = 144
      ABASE = 16
      ASHIFT = 2
      keySet = null
      values = null
    collectedBundles = class java.lang.ref.ReferenceQueue@2bff94ea
      NULL = class java.lang.ref.ReferenceQueue$Null@1cf01a3f
      ENQUEUED = class java.lang.ref.ReferenceQueue$Null@2e075bbd
      lock = class java.lang.ref.ReferenceQueue$Lock@2e75fa0a
      head = null
      queueLength = 0
      $assertionsDisabled = true
    generatorRefs = class com.ibm.wsspi.kernel.service.utils.ConcurrentServiceReferenceSet@28274c5d
      referenceName = "generators"
      contextRef = class java.util.concurrent.atomic.AtomicReference@7b76a764
      elementMap = class java.util.LinkedHashMap@4b906e1f
      elementSet = class java.util.concurrent.ConcurrentSkipListSet@2acd474a
      elementSetUnsorted = false
      serialVersionUID = 756240983881166148
      $$$tc$$$ = class com.ibm.websphere.ras.TraceComponent@387b8a39
    generatorManager = class com.ibm.ws.classloading.internal.ClassGeneratorManager@1a77c21c
      tc = class com.ibm.websphere.ras.TraceComponent@3ba8f359
      generatorRefs = class com.ibm.wsspi.kernel.service.utils.ConcurrentServiceReferenceSet@28274c5d
      serialVersionUID = 4152663586056483310
    appExtLibs = class java.util.concurrent.CopyOnWriteArrayList@22de3beb
      serialVersionUID = 8673264195747942595
      lock = class java.util.concurrent.locks.ReentrantLock@2b2183e
      array = class java.lang.Object[0]
      UNSAFE = class sun.misc.Unsafe@6677ff71
      lockOffset = 12
    globalConfig = class com.ibm.ws.classloading.configuration.GlobalClassloadingConfiguration@18a96c24
      properties = class org.apache.felix.scr.impl.helper.ReadOnlyDictionary@4f777a1
      serialVersionUID = 452562347104713756
      $$$tc$$$ = class com.ibm.websphere.ras.TraceComponent@58dc8e3e
    metaInfServicesProviders = class java.util.concurrent.ConcurrentHashMap@4f26f31f
      serialVersionUID = 7249069246763182397
      MAXIMUM_CAPACITY = 1073741824
      DEFAULT_CAPACITY = 16
      MAX_ARRAY_SIZE = 2147483639
      DEFAULT_CONCURRENCY_LEVEL = 16
      LOAD_FACTOR = 0.75
      TREEIFY_THRESHOLD = 8
      UNTREEIFY_THRESHOLD = 6
      MIN_TREEIFY_CAPACITY = 64
      MIN_TRANSFER_STRIDE = 16
      RESIZE_STAMP_BITS = 16
      MAX_RESIZERS = 65535
      RESIZE_STAMP_SHIFT = 16
      MOVED = -1
      TREEBIN = -2
      RESERVED = -3
      HASH_BITS = 2147483647
      NCPU = 4
      serialPersistentFields = class java.io.ObjectStreamField[3]
      table = null
      nextTable = null
      baseCount = 0
      sizeCtl = 0
      transferIndex = 0
      cellsBusy = 0
      counterCells = null
      keySet = null
      values = null
      entrySet = null
      U = class sun.misc.Unsafe@6677ff71
      SIZECTL = 20
      TRANSFERINDEX = 32
      BASECOUNT = 24
      CELLSBUSY = 36
      CELLVALUE = 144
      ABASE = 16
      ASHIFT = 2
      keySet = null
      values = null
    metaInfServicesRefs = class com.ibm.wsspi.kernel.service.utils.ConcurrentServiceReferenceMap@5df10b02
      referenceName = "MetaInfServicesProvider"
      context = class org.apache.felix.scr.impl.manager.ComponentContextImpl@335434a7
      elementMap = class java.util.concurrent.ConcurrentHashMap@3efd987d
      serialVersionUID = 6980924785166233786
      $$$tc$$$ = class com.ibm.websphere.ras.TraceComponent@76bde279
    protectionDomainMap = class java.util.HashMap@e236234
      serialVersionUID = 362498820763181265
      DEFAULT_INITIAL_CAPACITY = 16
      MAXIMUM_CAPACITY = 1073741824
      DEFAULT_LOAD_FACTOR = 0.75
      TREEIFY_THRESHOLD = 8
      UNTREEIFY_THRESHOLD = 6
      MIN_TREEIFY_CAPACITY = 64
      table = null
      entrySet = null
      size = 0
      modCount = 0
      threshold = 0
      loadFactor = 0.75
      keySet = null
      values = null
    metadataIdentifierService = class com.ibm.ws.container.service.metadata.internal.MetaDataServiceImpl@7e0390e7
      applicationMetaDataManager = class com.ibm.ws.container.service.metadata.internal.ApplicationMetaDataManager@4f8edb48
      moduleMetaDataManager = class com.ibm.ws.container.service.metadata.internal.ModuleMetaDataManager@42ebc6a3
      componentMetaDataManager = class com.ibm.ws.container.service.metadata.internal.ComponentMetaDataManager@27853611
      methodMetaDataManager = class com.ibm.ws.container.service.metadata.internal.MethodMetaDataManager@50279054
      appModuleNameToModuleContainer = class java.util.concurrent.ConcurrentHashMap@694a5583
      jeeNameToComponentMetaData = class java.util.concurrent.ConcurrentHashMap@758858d7
      deferredMetaDataFactories = class com.ibm.wsspi.kernel.service.utils.ConcurrentServiceReferenceSet@7bb3ddc9
      deferredMetaDataInitializers = class com.ibm.wsspi.kernel.service.utils.ConcurrentServiceReferenceMap@177a47db
      serialVersionUID = -2494605732980966097
      $$$tc$$$ = class com.ibm.websphere.ras.TraceComponent@2bc60d64
    globalSharedLibrary = class java.util.concurrent.atomic.AtomicReference@5db8f798
      serialVersionUID = -1848883965231344442
      unsafe = class sun.misc.Unsafe@6677ff71
      valueOffset = 12
      value = null
    serialVersionUID = -2277344858934055980
  serialVersionUID = 846416563800781557
  tc = class com.ibm.websphere.ras.TraceComponent@18e48b78
    strings[0] = "TraceComponent[com.ibm.ws.classloading.internal.UnifiedClassLoader,class com.ibm.ws.classloading.internal.UnifiedClassLoader,[ClassLoadingService],com.ibm.ws.classloading.internal.resources.ClassLoadingServiceMessages,null]"
  followOnClassLoaders = class java.util.ArrayList@daf9ccf
    serialVersionUID = 8683452581122892189
    DEFAULT_CAPACITY = 10
    EMPTY_ELEMENTDATA = class java.lang.Object[0]
    DEFAULTCAPACITY_EMPTY_ELEMENTDATA = class java.lang.Object[0]
    elementData = class java.lang.Object[10]
      Object[0] = class com.ibm.ws.classloading.internal.AppClassLoader@48437139
      Object[1] = null
      Object[2] = null
      Object[3] = null
      Object[4] = null
      Object[5] = null
      Object[6] = null
      Object[7] = null
      Object[8] = null
      Object[9] = null
    size = 1
    MAX_ARRAY_SIZE = 2147483639
    modCount = 1
    MAX_ARRAY_SIZE = 2147483639
  serialVersionUID = 8829649920524275888
  serialVersionUID = -4868702105808481416
  $$$tc$$$ = class com.ibm.websphere.ras.TraceComponent@7931ee
    strings[0] = "TraceComponent[com.ibm.ws.classloading.internal.LibertyLoader,class com.ibm.ws.classloading.internal.LibertyLoader,[ClassLoadingService],com.ibm.ws.classloading.internal.resources.ClassLoadingServiceMessages,null]"
  serialVersionUID = 2596921220292114344
  $$$tc$$$ = class com.ibm.websphere.ras.TraceComponent@812649f
    strings[0] = "TraceComponent[com.ibm.ws.classloading.LibertyClassLoader,class com.ibm.ws.classloading.LibertyClassLoader,[ClassLoadingService],com.ibm.ws.classloading.internal.resources.ClassLoadingServiceMessages,null]"
  initialized = true
  pdcache = class java.util.HashMap@d80ee90
    serialVersionUID = 362498820763181265
    DEFAULT_INITIAL_CAPACITY = 16
    MAXIMUM_CAPACITY = 1073741824
    DEFAULT_LOAD_FACTOR = 0.75
    TREEIFY_THRESHOLD = 8
    UNTREEIFY_THRESHOLD = 6
    MIN_TREEIFY_CAPACITY = 64
    table = null
    entrySet = null
    size = 0
    modCount = 0
    threshold = 16
    loadFactor = 0.75
    keySet = null
    values = null
  debug = null
  parent = class com.ibm.ws.classloading.internal.GatewayClassLoader@d85638f
    config = class com.ibm.ws.classloading.internal.GatewayConfigurationImpl@45c80523
      bundleRequirements = null
      packageImports = null
      dynamicPackageImports = class java.util.Arrays$ArrayList@6b815a8
      delegateToSystem = false
      apiTypeVisibility = null
      appName = "ThreadContextClassLoader"
      appVersion = null
    wiringMonitor = class com.ibm.ws.classloading.internal.GatewayClassLoader$1@5d764fc2
      this$0 = class com.ibm.ws.classloading.internal.GatewayClassLoader@d85638f
      serialVersionUID = -6591900154872362572
      $$$tc$$$ = class com.ibm.websphere.ras.TraceComponent@73100830
    bundle = class org.eclipse.osgi.internal.framework.EquinoxBundle@155ae475
      equinoxContainer = class org.eclipse.osgi.internal.framework.EquinoxContainer@f817145
      module = class org.eclipse.osgi.internal.framework.EquinoxBundle$EquinoxModule@2de84898
      monitor = class java.lang.Object@6b2a443
      context = class org.eclipse.osgi.internal.framework.BundleContextImpl@4f3e5f51
      signerInfos = null
      $SWITCH_TABLE$org$eclipse$osgi$container$Module$State = {1,2,3,4,5,6,7} /* array length = 7 */
    wiring = class org.eclipse.osgi.container.ModuleWiring@6500765
      GET_CLASSLOADER_PERM = class java.lang.RuntimePermission@2e727685
      DYNAMICALLY_ADDED_IMPORT_DIRECTIVE = "x.dynamically.added"
      revision = class org.eclipse.osgi.container.ModuleRevision@48d14f73
      capabilities = class java.util.ArrayList@7cd933e8
      requirements = class java.util.ArrayList@139a1863
      substitutedPkgNames = class java.util.Collections$EmptyList@36ab8aa0
      loader = class org.eclipse.osgi.internal.container.AtomicLazyInitializer@1926ef
      loaderInitializer = class org.eclipse.osgi.container.ModuleWiring$LoaderInitializer@c18953b
      providedWires = class java.util.ArrayList@39eba123
      requiredWires = class java.util.ArrayList@7af1ef7d
      isValid = true
      dynamicMissRef = class java.util.concurrent.atomic.AtomicReference@33968092
    bundleLoader = class org.eclipse.osgi.internal.loader.EquinoxClassLoader@130eb5ad
      EQUINOX_REGISTERED_AS_PARALLEL = true
      configuration = class org.eclipse.osgi.internal.framework.EquinoxConfiguration@420640c8
      debug = class org.eclipse.osgi.internal.debug.Debug@19f0150a
      delegate = class org.eclipse.osgi.internal.loader.BundleLoader@50ed8e4e
      generation = class org.eclipse.osgi.storage.BundleInfo$Generation@4f1f7c7c
      manager = class org.eclipse.osgi.internal.loader.classpath.ClasspathManager@5a07cdd8
      isRegisteredAsParallel = true
      ALLPERMISSIONS = class java.security.AllPermissionCollection@4609eb80
      REGISTERED_AS_PARALLEL = true
      classNameLocks = class java.util.HashMap@6101ae56
      pkgLock = class java.lang.Object@5d22d3c6
      parent = class com.ibm.ws.kernel.internal.classloader.BootstrapChildFirstJarClassloader@20ad9418
      parallelLockMap = class java.util.concurrent.ConcurrentHashMap@696ab882
      package2certs = class java.util.concurrent.ConcurrentHashMap@d67c17a
      nocerts = class java.security.cert.Certificate[0]
      classes = class java.util.Vector@61f8bd9e
      defaultDomain = class java.security.ProtectionDomain@2a0fee84
      domains = class java.util.Collections$SynchronizedSet@161dedef
      packages = class java.util.HashMap@25c28247
      scl = class sun.misc.Launcher$AppClassLoader@18b4aac2
      sclSet = true
      loadedLibraryNames = class java.util.Vector@23e0de6b
      systemNativeLibraries = class java.util.Vector@7f69e279
      nativeLibraries = class java.util.Vector@172df2c
      nativeLibraryContext = class java.util.Stack@7f63770a
      usr_paths = class java.lang.String[23]
      sys_paths = class java.lang.String[1]
      assertionLock = class java.lang.Object@545c7a48
      defaultAssertionStatus = false
      packageAssertionStatus = null
      classAssertionStatus = null
    resourceProviders = class com.ibm.ws.classloading.internal.CompositeResourceProvider@205b115a
      lockFactory = class java.util.concurrent.locks.ReentrantReadWriteLock@2fe73ff7
      providerMap = class com.ibm.ws.classloading.internal.util.MultiMap@40f7e7f8
      serialVersionUID = -5576435894946156347
      $$$tc$$$ = class com.ibm.websphere.ras.TraceComponent@7143aa0f
    serialVersionUID = -4256474098847905153
    $$$tc$$$ = class com.ibm.websphere.ras.TraceComponent@336b1a6b
      strings[0] = "TraceComponent[com.ibm.ws.classloading.internal.GatewayClassLoader,class com.ibm.ws.classloading.internal.GatewayClassLoader,[ClassLoadingService],com.ibm.ws.classloading.internal.resources.ClassLoadingServiceMessages,null]"
    parent = class sun.misc.Launcher$AppClassLoader@18b4aac2
    parallelLockMap = null
    package2certs = class java.util.Hashtable@166a5bf2
      table = class java.util.Hashtable$Entry[11]
      count = 0
      threshold = 8
      loadFactor = 0.75
      modCount = 0
      serialVersionUID = 1421746759512286392
      MAX_ARRAY_SIZE = 2147483639
      keySet = null
      entrySet = null
      values = null
      KEYS = 0
      VALUES = 1
      ENTRIES = 2
    nocerts = class java.security.cert.Certificate[0]
    classes = class java.util.Vector@790d0ea2
      elementData = class java.lang.Object[10]
      elementCount = 0
      capacityIncrement = 0
      serialVersionUID = -2767605614048989439
      MAX_ARRAY_SIZE = 2147483639
      modCount = 0
      MAX_ARRAY_SIZE = 2147483639
    defaultDomain = class java.security.ProtectionDomain@7f6045c9
      codesource = class java.security.CodeSource@b2adfeb
      classloader = class com.ibm.ws.classloading.internal.GatewayClassLoader@d85638f
      principals = interface java.security.Principal[0]
      permissions = null
      hasAllPerm = false
      staticPermissions = false
      key = class java.security.ProtectionDomain$Key@3c937afc
      debug = null
    domains = class java.util.HashSet@19253455
      serialVersionUID = -5024744406713321676
      map = class java.util.HashMap@70af057
      PRESENT = class java.lang.Object@4f978c9c
      MAX_ARRAY_SIZE = 2147483639
    packages = class java.util.HashMap@5dd45948
      serialVersionUID = 362498820763181265
      DEFAULT_INITIAL_CAPACITY = 16
      MAXIMUM_CAPACITY = 1073741824
      DEFAULT_LOAD_FACTOR = 0.75
      TREEIFY_THRESHOLD = 8
      UNTREEIFY_THRESHOLD = 6
      MIN_TREEIFY_CAPACITY = 64
      table = null
      entrySet = null
      size = 0
      modCount = 0
      threshold = 0
      loadFactor = 0.75
      keySet = null
      values = null
    scl = class sun.misc.Launcher$AppClassLoader@18b4aac2
    sclSet = true
    loadedLibraryNames = class java.util.Vector@23e0de6b
    systemNativeLibraries = class java.util.Vector@7f69e279
    nativeLibraries = class java.util.Vector@4cbd244e
      elementData = class java.lang.Object[10]
      elementCount = 0
      capacityIncrement = 0
      serialVersionUID = -2767605614048989439
      MAX_ARRAY_SIZE = 2147483639
      modCount = 0
      MAX_ARRAY_SIZE = 2147483639
    nativeLibraryContext = class java.util.Stack@7f63770a
    usr_paths = class java.lang.String[23]
    sys_paths = class java.lang.String[1]
    assertionLock = class com.ibm.ws.classloading.internal.GatewayClassLoader@d85638f
    defaultAssertionStatus = false
    packageAssertionStatus = null
    classAssertionStatus = null
  parallelLockMap = null
  package2certs = class java.util.Hashtable@6f8647bc
    table = class java.util.Hashtable$Entry[11]
      Entry[0] = null
      Entry[1] = null
      Entry[2] = null
      Entry[3] = null
      Entry[4] = null
      Entry[5] = null
      Entry[6] = null
      Entry[7] = null
      Entry[8] = null
      Entry[9] = null
      Entry[10] = null
    count = 0
    threshold = 8
    loadFactor = 0.75
    modCount = 0
    serialVersionUID = 1421746759512286392
    MAX_ARRAY_SIZE = 2147483639
    keySet = null
    entrySet = null
    values = null
    KEYS = 0
    VALUES = 1
    ENTRIES = 2
  nocerts = class java.security.cert.Certificate[0]
  classes = class java.util.Vector@2223ba79
    elementData = class java.lang.Object[10]
      Object[0] = null
      Object[1] = null
      Object[2] = null
      Object[3] = null
      Object[4] = null
      Object[5] = null
      Object[6] = null
      Object[7] = null
      Object[8] = null
      Object[9] = null
    elementCount = 0
    capacityIncrement = 0
    serialVersionUID = -2767605614048989439
    MAX_ARRAY_SIZE = 2147483639
    modCount = 0
    MAX_ARRAY_SIZE = 2147483639
  defaultDomain = class java.security.ProtectionDomain@539b1316
    codesource = class java.security.CodeSource@1b973e5
      serialVersionUID = 4977541819976013951
      location = null
      signers = null
      certs = null
      sp = null
      factory = null
    classloader = class com.ibm.ws.classloading.internal.ThreadContextClassLoader@7f4b6a5b
    principals = interface java.security.Principal[0]
    permissions = null
    hasAllPerm = false
    staticPermissions = false
    key = class java.security.ProtectionDomain$Key@7ed87483
      this$0 = class java.security.ProtectionDomain@539b1316
    debug = null
  domains = class java.util.HashSet@5965939b
    serialVersionUID = -5024744406713321676
    map = class java.util.HashMap@38e5e0a5
      serialVersionUID = 362498820763181265
      DEFAULT_INITIAL_CAPACITY = 16
      MAXIMUM_CAPACITY = 1073741824
      DEFAULT_LOAD_FACTOR = 0.75
      TREEIFY_THRESHOLD = 8
      UNTREEIFY_THRESHOLD = 6
      MIN_TREEIFY_CAPACITY = 64
      table = null
      entrySet = null
      size = 0
      modCount = 0
      threshold = 0
      loadFactor = 0.75
      keySet = null
      values = null
    PRESENT = class java.lang.Object@4f978c9c
    MAX_ARRAY_SIZE = 2147483639
  packages = class java.util.HashMap@40394ac
    serialVersionUID = 362498820763181265
    DEFAULT_INITIAL_CAPACITY = 16
    MAXIMUM_CAPACITY = 1073741824
    DEFAULT_LOAD_FACTOR = 0.75
    TREEIFY_THRESHOLD = 8
    UNTREEIFY_THRESHOLD = 6
    MIN_TREEIFY_CAPACITY = 64
    table = null
    entrySet = null
    size = 0
    modCount = 0
    threshold = 0
    loadFactor = 0.75
    keySet = null
    values = null
  scl = class sun.misc.Launcher$AppClassLoader@18b4aac2
    ucp = class sun.misc.URLClassPath@38180b33
      USER_AGENT_JAVA_VERSION = "UA-Java-Version"
      JAVA_VERSION = "1.8.0_211"
      DEBUG = false
      DEBUG_LOOKUP_CACHE = false
      DISABLE_JAR_CHECKING = false
      DISABLE_ACC_CHECKING = false
      DISABLE_CP_URL_CHECK = true
      DEBUG_CP_URL_CHECK = false
      path = class java.util.ArrayList@6d6aaaf9
      urls = class java.util.Stack@e822374
      loaders = class java.util.ArrayList@6ff1a070
      lmap = class java.util.HashMap@7ebd817e
      jarHandler = class sun.net.www.protocol.jar.Handler@46b8d132
      closed = false
      acc = class java.security.AccessControlContext@468ac801
      lookupCacheEnabled = false
      lookupCacheURLs = null
      lookupCacheLoader = null
    $assertionsDisabled = true
    ucp = class sun.misc.URLClassPath@38180b33
    acc = class java.security.AccessControlContext@468ac801
      context = null
      isPrivileged = true
      isAuthorized = true
      privilegedContext = null
      combiner = null
      permissions = null
      parent = null
      isWrapped = false
      isLimited = false
      limitedContext = null
      debugInit = false
      debug = null
    closeables = class java.util.WeakHashMap@2c14c493
      DEFAULT_INITIAL_CAPACITY = 16
      MAXIMUM_CAPACITY = 1073741824
      DEFAULT_LOAD_FACTOR = 0.75
      table = class java.util.WeakHashMap$Entry[16]
      size = 0
      threshold = 12
      loadFactor = 0.75
      queue = class java.lang.ref.ReferenceQueue@62acf728
      modCount = 0
      NULL_KEY = class java.lang.Object@45e05ef9
      entrySet = null
      keySet = null
      values = null
    initialized = true
    pdcache = class java.util.HashMap@511a7a84
      serialVersionUID = 362498820763181265
      DEFAULT_INITIAL_CAPACITY = 16
      MAXIMUM_CAPACITY = 1073741824
      DEFAULT_LOAD_FACTOR = 0.75
      TREEIFY_THRESHOLD = 8
      UNTREEIFY_THRESHOLD = 6
      MIN_TREEIFY_CAPACITY = 64
      table = class java.util.HashMap$Node[16]
      entrySet = null
      size = 2
      modCount = 2
      threshold = 12
      loadFactor = 0.75
      keySet = null
      values = null
    debug = null
    parent = class sun.misc.Launcher$ExtClassLoader@621be5d1
      instance = class sun.misc.Launcher$ExtClassLoader@621be5d1
      ucp = class sun.misc.URLClassPath@6257d3f0
      acc = class java.security.AccessControlContext@7e91e419
      closeables = class java.util.WeakHashMap@47d11369
      initialized = true
      pdcache = class java.util.HashMap@20f35a65
      debug = null
      parent = null
      parallelLockMap = class java.util.concurrent.ConcurrentHashMap@7c67d5d8
      package2certs = class java.util.concurrent.ConcurrentHashMap@d275761
      nocerts = class java.security.cert.Certificate[0]
      classes = class java.util.Vector@42a247f7
      defaultDomain = class java.security.ProtectionDomain@78b80db4
      domains = class java.util.Collections$SynchronizedSet@3ab3ce6e
      packages = class java.util.HashMap@d180a06
      scl = class sun.misc.Launcher$AppClassLoader@18b4aac2
      sclSet = true
      loadedLibraryNames = class java.util.Vector@23e0de6b
      systemNativeLibraries = class java.util.Vector@7f69e279
      nativeLibraries = class java.util.Vector@5d5569ad
      nativeLibraryContext = class java.util.Stack@7f63770a
      usr_paths = class java.lang.String[23]
      sys_paths = class java.lang.String[1]
      assertionLock = class java.lang.Object@65b80a1e
      defaultAssertionStatus = false
      packageAssertionStatus = null
      classAssertionStatus = null
    parallelLockMap = class java.util.concurrent.ConcurrentHashMap@2923a207
      serialVersionUID = 7249069246763182397
      MAXIMUM_CAPACITY = 1073741824
      DEFAULT_CAPACITY = 16
      MAX_ARRAY_SIZE = 2147483639
      DEFAULT_CONCURRENCY_LEVEL = 16
      LOAD_FACTOR = 0.75
      TREEIFY_THRESHOLD = 8
      UNTREEIFY_THRESHOLD = 6
      MIN_TREEIFY_CAPACITY = 64
      MIN_TRANSFER_STRIDE = 16
      RESIZE_STAMP_BITS = 16
      MAX_RESIZERS = 65535
      RESIZE_STAMP_SHIFT = 16
      MOVED = -1
      TREEBIN = -2
      RESERVED = -3
      HASH_BITS = 2147483647
      NCPU = 4
      serialPersistentFields = class java.io.ObjectStreamField[3]
      table = class java.util.concurrent.ConcurrentHashMap$Node[4096]
      nextTable = null
      baseCount = 1858
      sizeCtl = 3072
      transferIndex = 0
      cellsBusy = 0
      counterCells = class java.util.concurrent.ConcurrentHashMap$CounterCell[2]
      keySet = null
      values = null
      entrySet = null
      U = class sun.misc.Unsafe@6677ff71
      SIZECTL = 20
      TRANSFERINDEX = 32
      BASECOUNT = 24
      CELLSBUSY = 36
      CELLVALUE = 144
      ABASE = 16
      ASHIFT = 2
      keySet = null
      values = null
    package2certs = class java.util.concurrent.ConcurrentHashMap@39f9ade2
      serialVersionUID = 7249069246763182397
      MAXIMUM_CAPACITY = 1073741824
      DEFAULT_CAPACITY = 16
      MAX_ARRAY_SIZE = 2147483639
      DEFAULT_CONCURRENCY_LEVEL = 16
      LOAD_FACTOR = 0.75
      TREEIFY_THRESHOLD = 8
      UNTREEIFY_THRESHOLD = 6
      MIN_TREEIFY_CAPACITY = 64
      MIN_TRANSFER_STRIDE = 16
      RESIZE_STAMP_BITS = 16
      MAX_RESIZERS = 65535
      RESIZE_STAMP_SHIFT = 16
      MOVED = -1
      TREEBIN = -2
      RESERVED = -3
      HASH_BITS = 2147483647
      NCPU = 4
      serialPersistentFields = class java.io.ObjectStreamField[3]
      table = class java.util.concurrent.ConcurrentHashMap$Node[32]
      nextTable = null
      baseCount = 16
      sizeCtl = 24
      transferIndex = 0
      cellsBusy = 0
      counterCells = null
      keySet = null
      values = null
      entrySet = null
      U = class sun.misc.Unsafe@6677ff71
      SIZECTL = 20
      TRANSFERINDEX = 32
      BASECOUNT = 24
      CELLSBUSY = 36
      CELLVALUE = 144
      ABASE = 16
      ASHIFT = 2
      keySet = null
      values = null
    nocerts = class java.security.cert.Certificate[0]
    classes = class java.util.Vector@33c3c612
      elementData = class java.lang.Object[160]
      elementCount = 109
      capacityIncrement = 0
      serialVersionUID = -2767605614048989439
      MAX_ARRAY_SIZE = 2147483639
      modCount = 109
      MAX_ARRAY_SIZE = 2147483639
    defaultDomain = class java.security.ProtectionDomain@318f54b4
      codesource = class java.security.CodeSource@67483e38
      classloader = class sun.misc.Launcher$AppClassLoader@18b4aac2
      principals = interface java.security.Principal[0]
      permissions = null
      hasAllPerm = false
      staticPermissions = false
      key = class java.security.ProtectionDomain$Key@68a4dcdb
      debug = null
    domains = class java.util.Collections$SynchronizedSet@588eb18
      serialVersionUID = 487447009682186044
      serialVersionUID = 3053995032091335093
      c = class java.util.HashSet@b23e17e
      mutex = class java.util.Collections$SynchronizedSet@588eb18
    packages = class java.util.HashMap@71ead0f6
      serialVersionUID = 362498820763181265
      DEFAULT_INITIAL_CAPACITY = 16
      MAXIMUM_CAPACITY = 1073741824
      DEFAULT_LOAD_FACTOR = 0.75
      TREEIFY_THRESHOLD = 8
      UNTREEIFY_THRESHOLD = 6
      MIN_TREEIFY_CAPACITY = 64
      table = class java.util.HashMap$Node[32]
      entrySet = null
      size = 16
      modCount = 16
      threshold = 24
      loadFactor = 0.75
      keySet = null
      values = null
    scl = class sun.misc.Launcher$AppClassLoader@18b4aac2
    sclSet = true
    loadedLibraryNames = class java.util.Vector@23e0de6b
    systemNativeLibraries = class java.util.Vector@7f69e279
    nativeLibraries = class java.util.Vector@5c347b8f
      elementData = class java.lang.Object[10]
      elementCount = 0
      capacityIncrement = 0
      serialVersionUID = -2767605614048989439
      MAX_ARRAY_SIZE = 2147483639
      modCount = 0
      MAX_ARRAY_SIZE = 2147483639
    nativeLibraryContext = class java.util.Stack@7f63770a
    usr_paths = class java.lang.String[23]
    sys_paths = class java.lang.String[1]
    assertionLock = class java.lang.Object@17d5ae49
    defaultAssertionStatus = false
    packageAssertionStatus = null
    classAssertionStatus = null
  sclSet = true
  loadedLibraryNames = class java.util.Vector@23e0de6b
    elementData = class java.lang.Object[10]
      Object[0] = "C:\Program Files\Java\jre1.8.0_211\bin\zip.dll"
      Object[1] = "C:\Program Files\Java\jre1.8.0_211\bin\instrument.dll"
      Object[2] = "C:\Program Files\Java\jre1.8.0_211\bin\net.dll"
      Object[3] = "C:\Program Files\Java\jre1.8.0_211\bin\nio.dll"
      Object[4] = "C:\Program Files\Java\jre1.8.0_211\bin\management.dll"
      Object[5] = "C:\Program Files\Java\jre1.8.0_211\bin\sunec.dll"
      Object[6] = "C:\Program Files\Java\jre1.8.0_211\bin\sunmscapi.dll"
      Object[7] = "C:\Program Files\Java\jre1.8.0_211\bin\awt.dll"
      Object[8] = null
      Object[9] = null
    elementCount = 8
    capacityIncrement = 0
    serialVersionUID = -2767605614048989439
    MAX_ARRAY_SIZE = 2147483639
    modCount = 8
    MAX_ARRAY_SIZE = 2147483639
  systemNativeLibraries = class java.util.Vector@7f69e279
    elementData = class java.lang.Object[10]
      Object[0] = class java.lang.ClassLoader$NativeLibrary@6bc4110d
      Object[1] = class java.lang.ClassLoader$NativeLibrary@4d9b4318
      Object[2] = class java.lang.ClassLoader$NativeLibrary@5b95d5db
      Object[3] = class java.lang.ClassLoader$NativeLibrary@24a23176
      Object[4] = class java.lang.ClassLoader$NativeLibrary@6fa51096
      Object[5] = class java.lang.ClassLoader$NativeLibrary@78b10df9
      Object[6] = null
      Object[7] = null
      Object[8] = null
      Object[9] = null
    elementCount = 6
    capacityIncrement = 0
    serialVersionUID = -2767605614048989439
    MAX_ARRAY_SIZE = 2147483639
    modCount = 6
    MAX_ARRAY_SIZE = 2147483639
  nativeLibraries = class java.util.Vector@3bcc1627
    elementData = class java.lang.Object[10]
      Object[0] = null
      Object[1] = null
      Object[2] = null
      Object[3] = null
      Object[4] = null
      Object[5] = null
      Object[6] = null
      Object[7] = null
      Object[8] = null
      Object[9] = null
    elementCount = 0
    capacityIncrement = 0
    serialVersionUID = -2767605614048989439
    MAX_ARRAY_SIZE = 2147483639
    modCount = 0
    MAX_ARRAY_SIZE = 2147483639
  nativeLibraryContext = class java.util.Stack@7f63770a
    serialVersionUID = 1224463164541339165
    elementData = class java.lang.Object[10]
      Object[0] = null
      Object[1] = null
      Object[2] = null
      Object[3] = null
      Object[4] = null
      Object[5] = null
      Object[6] = null
      Object[7] = null
      Object[8] = null
      Object[9] = null
    elementCount = 0
    capacityIncrement = 0
    serialVersionUID = -2767605614048989439
    MAX_ARRAY_SIZE = 2147483639
    modCount = 16
    MAX_ARRAY_SIZE = 2147483639
  usr_paths = class java.lang.String[23]
    String[0] = "C:\Program Files\Java\jre1.8.0_211\bin"
    String[1] = "C:\Windows\Sun\Java\bin"
    String[2] = "C:\Windows\system32"
    String[3] = "C:\Windows"
    String[4] = "C:/Program Files/Java/jre1.8.0_211/bin/server"
    String[5] = "C:/Program Files/Java/jre1.8.0_211/bin"
    String[6] = "C:/Program Files/Java/jre1.8.0_211/lib/amd64"
    String[7] = "C:\Program Files\Haskell\bin"
    String[8] = "C:\Program Files\Haskell Platform\8.6.5\lib\extralibs\bin"
    String[9] = "C:\Program Files\Haskell Platform\8.6.5\bin"
    String[10] = "C:\Program Files (x86)\Common Files\Oracle\Java\javapath"
    String[11] = "C:\Windows\system32"
    String[12] = "C:\Windows"
    String[13] = "C:\Windows\System32\Wbem"
    String[14] = "C:\Windows\System32\WindowsPowerShell\v1.0\"
    String[15] = "C:\Windows\System32\OpenSSH\"
    String[16] = "C:\Program Files\Haskell Platform\8.6.5\mingw\bin"
    String[17] = "C:\Users\xcode_this\AppData\Roaming\cabal\bin"
    String[18] = "C:\Users\xcode_this\AppData\Roaming\local\bin"
    String[19] = "C:\Users\xcode_this\AppData\Local\Microsoft\WindowsApps"
    String[20] = "D:\devel\tools\eclipse"
    String[21] = "."
    String[22] = "."
  sys_paths = class java.lang.String[1]
    String[0] = "C:\Program Files\Java\jre1.8.0_211\bin"
  assertionLock = class com.ibm.ws.classloading.internal.ThreadContextClassLoader@7f4b6a5b
  defaultAssertionStatus = false
  packageAssertionStatus = null
  classAssertionStatus = null

