------Start of DE processing------ = [9/06/19 19:12:50:695 PET]
Exception = java.util.concurrent.RejectedExecutionException
Source = com.ibm.ws.container.service.state.internal.ApplicationStateManager
probeid = 31
Stack Dump = java.util.concurrent.RejectedExecutionException: CWWKE1202E: No se puede enviar una tarea porque el ejecutor managedExecutorService[DefaultManagedExecutorService] (concurrencyPolicy[defaultConcurrencyPolicy]) ha concluido.
	at com.ibm.ws.threading.internal.PolicyExecutorImpl.enqueue(PolicyExecutorImpl.java:520)
	at com.ibm.ws.threading.internal.PolicyExecutorImpl.invokeAll(PolicyExecutorImpl.java:654)
	at com.ibm.ws.concurrent.internal.ManagedExecutorServiceImpl.invokeAll(ManagedExecutorServiceImpl.java:413)
	at org.jboss.weld.executor.AbstractExecutorServices.invokeAllAndCheckForExceptions(AbstractExecutorServices.java:59)
	at org.jboss.weld.executor.AbstractExecutorServices.invokeAllAndCheckForExceptions(AbstractExecutorServices.java:67)
	at org.jboss.weld.bootstrap.ConcurrentBeanDeployer.addClasses(ConcurrentBeanDeployer.java:52)
	at org.jboss.weld.bootstrap.BeanDeployment.createClasses(BeanDeployment.java:198)
	at org.jboss.weld.bootstrap.WeldStartup.startInitialization(WeldStartup.java:412)
	at org.jboss.weld.bootstrap.WeldBootstrap.startInitialization(WeldBootstrap.java:79)
	at com.ibm.ws.cdi.impl.CDIContainerImpl$2.run(CDIContainerImpl.java:144)
	at com.ibm.ws.cdi.impl.CDIContainerImpl$2.run(CDIContainerImpl.java:141)
	at java.base/java.security.AccessController.doPrivileged(AccessController.java:310)
	at com.ibm.ws.cdi.impl.CDIContainerImpl.startInitialization(CDIContainerImpl.java:141)
	at com.ibm.ws.cdi.liberty.CDIRuntimeImpl.applicationStarting(CDIRuntimeImpl.java:438)
	at com.ibm.ws.container.service.state.internal.ApplicationStateManager.fireStarting(ApplicationStateManager.java:28)
	at com.ibm.ws.container.service.state.internal.StateChangeServiceImpl.fireApplicationStarting(StateChangeServiceImpl.java:50)
	at com.ibm.ws.app.manager.module.internal.DeployedAppInfoBase.preDeployApp(DeployedAppInfoBase.java:384)
	at com.ibm.ws.app.manager.module.internal.DeployedAppInfoBase.deployApp(DeployedAppInfoBase.java:413)
	at com.ibm.ws.app.manager.war.internal.WARApplicationHandlerImpl.install(WARApplicationHandlerImpl.java:65)
	at com.ibm.ws.app.manager.internal.statemachine.StartAction.execute(StartAction.java:140)
	at com.ibm.ws.app.manager.internal.statemachine.ApplicationStateMachineImpl.enterState(ApplicationStateMachineImpl.java:1261)
	at com.ibm.ws.app.manager.internal.statemachine.ApplicationStateMachineImpl.run(ApplicationStateMachineImpl.java:876)
	at com.ibm.ws.threading.internal.ExecutorServiceImpl$RunnableWrapper.run(ExecutorServiceImpl.java:239)
	at java.base/java.util.concurrent.ThreadPoolExecutor.runWorker(ThreadPoolExecutor.java:1128)
	at java.base/java.util.concurrent.ThreadPoolExecutor$Worker.run(ThreadPoolExecutor.java:628)
	at java.base/java.lang.Thread.run(Thread.java:835)

Dump of callerThis
Object type = com.ibm.ws.container.service.state.internal.ApplicationStateManager
  serialVersionUID = -6685368059484454124
  $$$tc$$$ = class com.ibm.websphere.ras.TraceComponent@7718d428
    strings[0] = "TraceComponent[com.ibm.ws.container.service.state.internal.ApplicationStateManager,class com.ibm.ws.container.service.state.internal.ApplicationStateManager,[Runtime],,null]"
  listeners = class com.ibm.wsspi.kernel.service.utils.ConcurrentServiceReferenceSet@63bdd815
    referenceName = "applicationStateListeners"
    contextRef = class java.util.concurrent.atomic.AtomicReference@bea6ff3
      serialVersionUID = -1848883965231344442
      VALUE = class java.lang.invoke.VarHandleReferences$FieldInstanceReadWrite@53fee91b
      value = class org.apache.felix.scr.impl.manager.ComponentContextImpl@4e16fcd8
    elementMap = class java.util.LinkedHashMap@5704bf1
      serialVersionUID = 3801124242820219131
      head = class java.util.LinkedHashMap$Entry@6ef0a3ba
      tail = class java.util.LinkedHashMap$Entry@363ddc60
      accessOrder = false
      serialVersionUID = 362498820763181265
      DEFAULT_INITIAL_CAPACITY = 16
      MAXIMUM_CAPACITY = 1073741824
      DEFAULT_LOAD_FACTOR = 0.75
      TREEIFY_THRESHOLD = 8
      UNTREEIFY_THRESHOLD = 6
      MIN_TREEIFY_CAPACITY = 64
      table = class java.util.HashMap$Node[32]
      entrySet = null
      size = 12
      modCount = 14
      threshold = 24
      loadFactor = 0.75
      keySet = null
      values = null
    elementSet = class java.util.concurrent.ConcurrentSkipListSet@6380b2af
      serialVersionUID = -2479143111061671589
      m = class java.util.concurrent.ConcurrentSkipListMap@77ac9f2d
      MAX_ARRAY_SIZE = 2147483639
    elementSetUnsorted = false
    serialVersionUID = 756240983881166148
    $$$tc$$$ = class com.ibm.websphere.ras.TraceComponent@524d2ded
      strings[0] = "TraceComponent[com.ibm.wsspi.kernel.service.utils.ConcurrentServiceReferenceSet,class com.ibm.wsspi.kernel.service.utils.ConcurrentServiceReferenceSet,[kernelUtils],com.ibm.ws.kernel.service.utils.resources.ServiceMessages,null]"
  serialVersionUID = 2284273176985484160
  $$$tc$$$ = class com.ibm.websphere.ras.TraceComponent@42a8b205
    strings[0] = "TraceComponent[com.ibm.ws.container.service.state.internal.StateChangeManager,class com.ibm.ws.container.service.state.internal.StateChangeManager,[Runtime],,null]"

Dump of objectArray[0]
Object type = com.ibm.ws.container.service.app.deploy.internal.ApplicationInfoImpl
  appName = "softswitch-"
  appMetaData = class com.ibm.ws.container.service.app.deploy.internal.ApplicationMetaDataImpl@1dadd38a
    j2eeName = class com.ibm.ws.container.service.metadata.internal.J2EENameImpl@2d63cf3
      serialVersionUID = 7488184044073147667
      application = "softswitch-"
      module = null
      component = null
      string = "softswitch-"
      j2eeNameBytes = null
      $$$tc$$$ = class com.ibm.websphere.ras.TraceComponent@5ec0087f
    serialVersionUID = -7906531148367236579
    $$$tc$$$ = class com.ibm.websphere.ras.TraceComponent@3e2f73d0
      strings[0] = "TraceComponent[com.ibm.ws.container.service.app.deploy.internal.ApplicationMetaDataImpl,class com.ibm.ws.container.service.app.deploy.internal.ApplicationMetaDataImpl,[container.service],com.ibm.ws.container.service.resources.Messages,null]"
    tc = class com.ibm.websphere.ras.TraceComponent@51b3851b
      strings[0] = "TraceComponent[com.ibm.ws.runtime.metadata.MetaDataImpl,class com.ibm.ws.runtime.metadata.MetaDataImpl,[Runtime],null,null]"
    NUM_STATIC_SLOTS = 4
    ID_UNINITIALIZED = -1
    id = 3
    metaDataInterface = class java.lang.Class@7461db99
      ANNOTATION = 8192
      ENUM = 16384
      SYNTHETIC = 4096
      cachedConstructor = null
      name = "com.ibm.ws.runtime.metadata.ApplicationMetaData"
      module = class java.lang.Module@d9467df
      packageName = "com.ibm.ws.runtime.metadata"
      componentType = {} /* array length = 0 */
      allPermDomain = class java.security.ProtectionDomain@12ba8340
      reflectionData = null
      classRedefinedCount = 0
      genericInfo = null
      EMPTY_CLASS_ARRAY = class java.lang.Class[0]
      serialVersionUID = 3206093459760846163
      serialPersistentFields = class java.io.ObjectStreamField[0]
      reflectionFactory = class jdk.internal.reflect.ReflectionFactory@6e55d71c
      enumConstants = null
      enumConstantDirectory = null
      annotationData = null
      annotationType = null
      classValueMap = null
    staticSlots = class java.lang.Object[4]
      Object[0] = null
      Object[1] = class com.ibm.ws.injectionengine.osgi.internal.OSGiInjectionScopeData@25917dab
      Object[2] = null
      Object[3] = class com.ibm.ws.cdi.impl.weld.WebSphereCDIDeploymentImpl@b079924
    dynamicSlots = class java.lang.Object[4]
      Object[0] = null
      Object[1] = class com.ibm.ws.ejbcontainer.osgi.internal.metadata.OSGiEJBApplicationMetaData@553ca4f9
      Object[2] = "softswitch-"
      Object[3] = null
  appContainer = class com.ibm.ws.adaptable.module.internal.AdaptableContainerImpl@1b563924
    root = class com.ibm.ws.adaptable.module.internal.AdaptableContainerImpl@1b563924
    rootOverlay = class com.ibm.ws.artifact.overlay.internal.DirectoryBasedOverlayContainerImpl@5469400b
      base = class com.ibm.ws.artifact.loose.internal.LooseArchive@2a35a5d6
      maskSet = class java.util.HashSet@5916d374
      cfHolder = class com.ibm.ws.artifact.overlay.internal.OverlayContainerFactoryImpl@d1d8535
      fileOverlayContainer = class com.ibm.ws.artifact.file.internal.FileContainer@1911ed20
      overlayDirectory = class java.io.File@1e8df0c1
      cacheDirForOverlay = class java.io.File@716f0d17
      overlayNotifier = class com.ibm.ws.artifact.overlay.internal.DirectoryBasedOverlayNotifier@10ba1a22
      enclosingContainer = null
      entryInEnclosingContainer = null
      nestedOverlays = class java.util.concurrent.ConcurrentHashMap@6d49df8
      cacheStore = class com.ibm.ws.artifact.overlay.internal.OverlayCache@77ae7e1b
      parentOverlay = null
      isPassThroughMode = true
      serialVersionUID = -1690795617118238166
      $$$tc$$$ = class com.ibm.websphere.ras.TraceComponent@57be2bbe
    factoryHolder = class com.ibm.ws.adaptable.module.internal.AdaptableModuleFactoryImpl@467aa38d
      adapterFactoryService = class com.ibm.ws.adaptable.module.internal.AdapterFactoryServiceImpl@daa79e4
      containerFactory = class com.ibm.ws.artifact.internal.ArtifactContainerFactoryService@62a61851
      overlayContainerFactory = class com.ibm.ws.artifact.overlay.internal.OverlayContainerFactoryImpl@d1d8535
      serialVersionUID = 4200251809856292987
      $$$tc$$$ = class com.ibm.websphere.ras.TraceComponent@25fd6224
    delegate = class com.ibm.ws.artifact.overlay.internal.DirectoryBasedOverlayContainerImpl@5469400b
    notifier = class com.ibm.ws.adaptable.module.internal.NotifierImpl@4e8ccf4a
      root = class com.ibm.ws.adaptable.module.internal.AdaptableContainerImpl@1b563924
      delegateNotifier = class com.ibm.ws.artifact.overlay.internal.DirectoryBasedOverlayNotifier@10ba1a22
      delegateRoot = class com.ibm.ws.artifact.overlay.internal.DirectoryBasedOverlayContainerImpl@5469400b
      listenerDelegates = class java.util.HashMap@3e8bacb0
      serialVersionUID = 6839382523957017880
      $$$tc$$$ = class com.ibm.websphere.ras.TraceComponent@749f234d
    serialVersionUID = -5621513278641113667
    $$$tc$$$ = class com.ibm.websphere.ras.TraceComponent@2fb86b6d
      strings[0] = "TraceComponent[com.ibm.ws.adaptable.module.internal.AdaptableContainerImpl,class com.ibm.ws.adaptable.module.internal.AdaptableContainerImpl,[archive.adaptable],,null]"
  configHelper = class com.ibm.ws.app.manager.module.ApplicationNestedConfigHelper@5dbc2916
    appInfo = class com.ibm.ws.app.manager.internal.ApplicationInstallInfo@667d6a8d
    serialVersionUID = -3174031738676705046
    $$$tc$$$ = class com.ibm.websphere.ras.TraceComponent@5196741c
      strings[0] = "TraceComponent[com.ibm.ws.app.manager.module.ApplicationNestedConfigHelper,class com.ibm.ws.app.manager.module.ApplicationNestedConfigHelper,[applications, app.manager],,null]"
  applicationInformation = class com.ibm.ws.app.manager.internal.ApplicationInstallInfo@667d6a8d
    _config = class com.ibm.ws.app.manager.internal.ApplicationConfig@5ce8767a
      tc = class com.ibm.websphere.ras.TraceComponent@3bb46012
      _configPid = "com.ibm.ws.app.manager_57"
      _config = class com.ibm.ws.config.admin.ConfigurationDictionary@184836eb
      _applicationManager = class com.ibm.ws.app.manager.ApplicationManager@6082b51c
      _location = "softswitch-.war"
      _type = "war"
      _name = "softswitch-"
      _notificationBroadcasterSupport = class javax.management.NotificationBroadcasterSupport@38f6b90
      ONE_TIME_JANDEX_MSGS_DISPLAYED = true
    _handlerInfo = class java.util.concurrent.atomic.AtomicReference@2f2adfee
      serialVersionUID = -1848883965231344442
      VALUE = class java.lang.invoke.VarHandleReferences$FieldInstanceReadWrite@53fee91b
      value = class com.ibm.ws.app.manager.war.internal.WARDeployedAppInfo@7ea0d24c
    _container = class java.util.concurrent.atomic.AtomicReference@1362b784
      serialVersionUID = -1848883965231344442
      VALUE = class java.lang.invoke.VarHandleReferences$FieldInstanceReadWrite@53fee91b
      value = class com.ibm.ws.adaptable.module.internal.AdaptableContainerImpl@1b563924
    _resolvedLocation = class java.util.concurrent.atomic.AtomicReference@1ec68e67
      serialVersionUID = -1848883965231344442
      VALUE = class java.lang.invoke.VarHandleReferences$FieldInstanceReadWrite@53fee91b
      value = class com.ibm.ws.kernel.service.location.internal.LocalFileResource@270a9b47
    _handler = class com.ibm.ws.app.manager.war.internal.WARApplicationHandlerImpl@1027063
      futureMonitor = class com.ibm.ws.threading.internal.FutureMonitorImpl@14081af1
      deployedAppFactory = class com.ibm.ws.app.manager.war.internal.WARDeployedAppInfoFactoryImpl@2d2c947
      serialVersionUID = 4622845147410944782
      $$$tc$$$ = class com.ibm.websphere.ras.TraceComponent@2cfe70f9
    _ami = class java.util.concurrent.atomic.AtomicReference@78ae1a02
      serialVersionUID = -1848883965231344442
      VALUE = class java.lang.invoke.VarHandleReferences$FieldInstanceReadWrite@53fee91b
      value = class com.ibm.wsspi.application.handler.DefaultApplicationMonitoringInformation@1c92ddc4
    _updateHandler = class com.ibm.ws.app.manager.internal.statemachine.ApplicationStateMachineImpl@7ef64c04
      _tc = class com.ibm.websphere.ras.TraceComponent@7e0a7f74
      EMPTY_FUTURE_ARRAY = interface java.util.concurrent.Future[0]
      asmSequenceNumber = class java.util.concurrent.atomic.AtomicLong@9f9ead8
      _qscaCounter = class java.util.concurrent.atomic.AtomicInteger@505f7a62
      _failedThrowable = null
      _interruptibleLock = class com.ibm.ws.app.manager.internal.statemachine.ApplicationStateMachineImpl$2@25800f20
      _interruptible = false
      _performingQueuedActions = true
      _queuedActions = class java.util.concurrent.ConcurrentLinkedQueue@5d2b23eb
      _callbackState = class java.util.concurrent.atomic.AtomicReference@1b42bdbc
      blockAppStartingFutures = class java.util.Collections$SetFromMap@306558dc
      waitingForAppHandlerFuture = class java.util.concurrent.atomic.AtomicReference@1539b8ff
      waitingForExplicitStartFuture = class java.util.concurrent.atomic.AtomicReference@1189f5c8
      completionListener = class java.util.concurrent.atomic.AtomicReference@1f281518
      _notifyAppStopped = class java.util.concurrent.ConcurrentLinkedQueue@5111d99
      _notifyAppStarting = class java.util.concurrent.ConcurrentLinkedQueue@5d37a384
      _notifyAppInstallCalled = class java.util.concurrent.ConcurrentLinkedQueue@3ce2a5f
      _notifyAppStarted = class java.util.concurrent.ConcurrentLinkedQueue@5c917feb
      _notifyAppRemoved = class java.util.concurrent.ConcurrentLinkedQueue@51e14c35
      _stateLock = class com.ibm.ws.app.manager.internal.statemachine.ApplicationStateMachineImpl$3@31aaee0e
      _internalState = class java.util.concurrent.atomic.AtomicReference@4344a6b6
      _currentAction = class java.util.concurrent.atomic.AtomicReference@147de712
      _rfa = class java.util.concurrent.atomic.AtomicReference@4fa6814c
      _appInstallInfo = class java.util.concurrent.atomic.AtomicReference@291acc28
      _update = class java.util.concurrent.atomic.AtomicBoolean@4f0daeab
      _appConfig = class java.util.concurrent.atomic.AtomicReference@34b3952f
      _nextAppConfig = class java.util.concurrent.atomic.AtomicReference@4f64ce14
      _appContainer = class java.util.concurrent.atomic.AtomicReference@30e0205c
      _resolvedLocation = class java.util.concurrent.atomic.AtomicReference@12baa81d
      _handler = class java.util.concurrent.atomic.AtomicReference@3a885d88
      _asmSeqNo = 2
      _ctx = class org.eclipse.osgi.internal.framework.BundleContextImpl@51818e5d
      _locAdmin = class com.ibm.ws.kernel.service.location.internal.WsLocationAdminImpl@537520a3
      _futureMonitor = class com.ibm.ws.threading.internal.FutureMonitorImpl@14081af1
      _artifactFactory = class com.ibm.ws.artifact.internal.ArtifactContainerFactoryService@62a61851
      _moduleFactory = class com.ibm.ws.adaptable.module.internal.AdaptableModuleFactoryImpl@467aa38d
      _executorService = class com.ibm.ws.threading.internal.ExecutorServiceImpl@259bbe58
      _scheduledExecutorService = class com.ibm.ws.threading.internal.ScheduledExecutorImpl@5d87c37e
      _asmHelper = class com.ibm.ws.app.manager.internal.ApplicationConfigurator$NamedApplication@54dea474
      _appMonitor = class com.ibm.ws.app.manager.internal.monitor.ApplicationMonitor@278d8055
      enterStateCalled = class java.util.concurrent.atomic.AtomicBoolean@753b7065
      serialVersionUID = 6511956370079301927
      serialVersionUID = 5501066335104962649
      $$$tc$$$ = class com.ibm.websphere.ras.TraceComponent@51d65229
    serialVersionUID = 2630639237123415755
    $$$tc$$$ = class com.ibm.websphere.ras.TraceComponent@22e61dd
      strings[0] = "TraceComponent[com.ibm.ws.app.manager.internal.ApplicationInstallInfo,class com.ibm.ws.app.manager.internal.ApplicationInstallInfo,[applications, app.manager],com.ibm.ws.app.manager.internal.resources.AppManagerMessages,null]"
  serialVersionUID = -505303337196743781
  $$$tc$$$ = class com.ibm.websphere.ras.TraceComponent@151ded2
    strings[0] = "TraceComponent[com.ibm.ws.container.service.app.deploy.internal.ApplicationInfoImpl,class com.ibm.ws.container.service.app.deploy.internal.ApplicationInfoImpl,[container.service],com.ibm.ws.container.service.resources.Messages,null]"

