------Start of DE processing------ = [21/06/19 01:23:22:972 COT]
Exception = com.ibm.ws.container.service.metadata.MetaDataException
Source = com.ibm.ws.app.manager.module.internal.DeployedAppInfoBase
probeid = 372
Stack Dump = com.ibm.ws.container.service.metadata.MetaDataException: com.ibm.wsspi.adaptable.module.UnableToAdaptException: com.ibm.ejs.container.EJBConfigurationException: Errors occurred processing EJB metadata
	at com.ibm.ws.ejbcontainer.osgi.internal.EJBContainerImpl.createEJBInWARModuleMetaData(EJBContainerImpl.java:156)
	at com.ibm.ws.ejbcontainer.war.internal.EJBWARMetaDataRuntime.createdNestedModuleMetaData(EJBWARMetaDataRuntime.java:63)
	at com.ibm.ws.app.manager.module.internal.SimpleDeployedAppInfoBase$ModuleContainerInfoBase.createModuleMetaData(SimpleDeployedAppInfoBase.java:173)
	at com.ibm.ws.app.manager.module.internal.DeployedAppInfoBase.preDeployApp(DeployedAppInfoBase.java:369)
	at com.ibm.ws.app.manager.module.internal.DeployedAppInfoBase.deployApp(DeployedAppInfoBase.java:413)
	at com.ibm.ws.app.manager.war.internal.WARApplicationHandlerImpl.install(WARApplicationHandlerImpl.java:65)
	at com.ibm.ws.app.manager.internal.statemachine.StartAction.execute(StartAction.java:140)
	at com.ibm.ws.app.manager.internal.statemachine.ApplicationStateMachineImpl.enterState(ApplicationStateMachineImpl.java:1261)
	at com.ibm.ws.app.manager.internal.statemachine.ApplicationStateMachineImpl.run(ApplicationStateMachineImpl.java:876)
	at com.ibm.ws.threading.internal.ExecutorServiceImpl$RunnableWrapper.run(ExecutorServiceImpl.java:239)
	at java.util.concurrent.ThreadPoolExecutor.runWorker(Unknown Source)
	at java.util.concurrent.ThreadPoolExecutor$Worker.run(Unknown Source)
	at java.lang.Thread.run(Unknown Source)
Caused by: com.ibm.wsspi.adaptable.module.UnableToAdaptException: com.ibm.ejs.container.EJBConfigurationException: Errors occurred processing EJB metadata
	at com.ibm.ws.ejbcontainer.osgi.internal.ModuleInitDataAdapter.adapt(ModuleInitDataAdapter.java:124)
	at com.ibm.ws.ejbcontainer.osgi.internal.ModuleInitDataAdapter.adapt(ModuleInitDataAdapter.java:40)
	at com.ibm.ws.adaptable.module.internal.AdapterFactoryServiceImpl.adapt(AdapterFactoryServiceImpl.java:196)
	at com.ibm.ws.adaptable.module.internal.AdaptableContainerImpl.adapt(AdaptableContainerImpl.java:170)
	at com.ibm.ws.ejbcontainer.osgi.internal.EJBContainerImpl.createEJBInWARModuleMetaData(EJBContainerImpl.java:143)
	... 12 more
Caused by: com.ibm.ejs.container.EJBConfigurationException: Errors occurred processing EJB metadata
	at com.ibm.ws.ejbcontainer.osgi.internal.ModuleInitDataFactory.createModuleInitData(ModuleInitDataFactory.java:536)
	at com.ibm.ws.ejbcontainer.osgi.internal.ModuleInitDataAdapter.createModuleInitData(ModuleInitDataAdapter.java:145)
	at com.ibm.ws.ejbcontainer.osgi.internal.ModuleInitDataAdapter.adapt(ModuleInitDataAdapter.java:108)
	... 16 more

Dump of callerThis
Object type = com.ibm.ws.app.manager.war.internal.WARDeployedAppInfo
  CONTEXT_ROOT = "context-root"
  webModuleHandler = class com.ibm.ws.app.manager.web.internal.WebModuleHandlerImpl@64668197
    serialVersionUID = 4795602325763828210
    $$$tc$$$ = class com.ibm.websphere.ras.TraceComponent@1ae97eae
      strings[0] = "TraceComponent[com.ibm.ws.app.manager.web.internal.WebModuleHandlerImpl,class com.ibm.ws.app.manager.web.internal.WebModuleHandlerImpl,[webcontainer, applications, app.manager],com.ibm.ws.app.manager.war.internal.resources.Messages,null]"
    futureMonitor = class com.ibm.ws.threading.internal.FutureMonitorImpl@4f4fca19
    metaDataService = class com.ibm.ws.container.service.metadata.internal.MetaDataServiceImpl@2b0790aa
    stateChangeService = class com.ibm.ws.container.service.state.internal.StateChangeServiceImpl@2e5d9e01
    moduleRuntimeContainer = class com.ibm.ws.webcontainer.osgi.WebContainer@40b9a417
      tc = class com.ibm.websphere.ras.TraceComponent@5598533a
      CLASS_NAME = "com.ibm.ws.webcontainer.osgi.WebContainer"
      initialized = true
      eventService = class com.ibm.ws.event.internal.EventEngineImpl@51e4a479
      futureMonitor = class com.ibm.ws.threading.internal.FutureMonitorImpl@4f4fca19
      classLoadingSRRef = class com.ibm.wsspi.kernel.service.utils.AtomicServiceReference@39cafc2a
      sessionHelperSRRef = class com.ibm.wsspi.kernel.service.utils.AtomicServiceReference@40f5a594
      cacheManagerSRRef = class com.ibm.wsspi.kernel.service.utils.AtomicServiceReference@6c59acd0
      injectionEngineSRRef = class com.ibm.wsspi.kernel.service.utils.AtomicServiceReference@186a0a4e
      managedObjectServiceSRRef = class com.ibm.wsspi.kernel.service.utils.AtomicServiceReference@762f9ec5
      backgroundWebAppStartFutures = class com.ibm.ws.webcontainer.util.OneTimeUseArrayList@1b1b5c91
      REFERENCE_WEB_MBEAN_RUNTIME = "webMBeanRuntime"
      webMBeanRuntimeServiceRef = class com.ibm.wsspi.kernel.service.utils.AtomicServiceReference@3a854c0e
      servletContainerInitializers = class com.ibm.wsspi.kernel.service.utils.ConcurrentServiceReferenceSet@7275196a
      es = class com.ibm.ws.threading.internal.ExecutorServiceImpl@557ca804
      locationServiceRef = class java.util.concurrent.atomic.AtomicReference@78267857
      transferContextServiceRef = class com.ibm.wsspi.kernel.service.utils.ConcurrentServiceReferenceSet@39184c16
      encodingServiceRef = class java.util.concurrent.atomic.AtomicReference@296d9207
      instance = class java.util.concurrent.atomic.AtomicReference@73097009
      vhostManager = class com.ibm.ws.webcontainer.osgi.DynamicVirtualHostManager@38265aff
      metaDataService = class com.ibm.ws.container.service.metadata.internal.MetaDataServiceImpl@2b0790aa
      j2eeNameFactory = class com.ibm.ws.container.service.metadata.internal.J2EENameFactoryImpl@57a12f84
      context = class org.apache.felix.scr.impl.manager.ComponentContextImpl@43a5c911
      contextRoots = class java.util.Collections$SynchronizedSet@69d96c8
      pendingContextRoots = class java.util.HashMap@3e2c372a
      deployedModuleMap = class java.util.concurrent.ConcurrentHashMap@345773b2
      connContextPool = class com.ibm.ws.webcontainer40.osgi.srt.factory.SRTConnectionContextPool40Impl@59d7d968
      DEFAULT_PORT = "*"
      DEFAULT_VHOST_NAME = "default_host"
      cachedServerInfo = "IBM WebSphere Liberty/19.0.0.3"
      lock = class com.ibm.ws.webcontainer.osgi.WebContainer$1@33962f4c
      webAppFactory = class com.ibm.ws.webcontainer40.osgi.webapp.factory.WebAppFactory40Impl@6cdcdb73
      requestFactory = class com.ibm.ws.webcontainer40.osgi.response.factory.IRequestResponseFactory40Impl@6399efb9
      responseFactory = class com.ibm.ws.webcontainer40.osgi.response.factory.IRequestResponseFactory40Impl@6399efb9
      asyncContextFactory = class com.ibm.ws.webcontainer40.async.factory.AsyncContextFactory40Impl@462663b
      DEFAULT_MAX_VERSION = 30
      versionRef = class org.eclipse.osgi.internal.serviceregistry.ServiceReferenceImpl@60cd5b4
      serverStopping = class com.ibm.ws.staticvalue.StaticValue$FinalSingleton@c019145
      modulesStarting = 0
      uriMatcherFactory = class com.ibm.wsspi.webcontainer40.util.factory.URIMatcherFactory40Impl@2049535b
      SPEC_LEVEL_UNLOADED = -1
      SPEC_LEVEL_30 = 30
      SPEC_LEVEL_31 = 31
      SPEC_LEVEL_40 = 40
      DEFAULT_SPEC_LEVEL = 30
      loadedContainerSpecLevel = 40
      ISO = "ISO-8859-1"
      encoding = "UTF-8"
      decode = true
      wcconfig = class com.ibm.ws.webcontainer.osgi.WebContainerConfiguration@574c78e7
      applicationListeners = class java.util.ArrayList@57c740f2
      servletListeners = class java.util.ArrayList@3dfe12da
      servletErrorListeners = class java.util.ArrayList@677fcca0
      servletInvocationListeners = class java.util.ArrayList@53c01be8
      filterInvocationListeners = class java.util.ArrayList@3e6d11b2
      filterErrorListeners = class java.util.ArrayList@7348ac67
      filterListeners = class java.util.ArrayList@6a4b6462
      servletRequestListeners = class java.util.ArrayList@39873d98
      servletRequestAttributeListeners = class java.util.ArrayList@6fb15b9b
      servletContextListeners = class java.util.ArrayList@592cf99e
      servletContextAttributeListeners = class java.util.ArrayList@68f5eead
      sessionListeners = class java.util.ArrayList@689e65d6
      sessionIdListeners = class java.util.ArrayList@d9696dd
      sessionAttributeListeners = class java.util.ArrayList@33486ef8
      DEFAULT_HOST = "default_host"
      _initialized = true
      logger = class com.ibm.ws.logging.internal.WsLogger@748f7eba
      CLASS_NAME = "com.ibm.ws.webcontainer.internal.WebContainer"
      nls = class com.ibm.ejs.ras.TraceNLS@6f240528
      self = class java.util.concurrent.atomic.AtomicReference@563d466f
      _cipherToBit = class java.util.HashMap@26f2cdfe
      cacheKeyStringBuilder = class com.ibm.ws.util.WSThreadLocal@29071d34
      listenersInitialized = true
      webConProperties = class java.util.Properties@66c54079
      sessionRegistry = null
      isStopped = false
      readWriteLockForStopping = class java.util.concurrent.locks.ReentrantReadWriteLock@5af77cf0
      urlPrefix = ";jsessionid="
      extensionFactories = class java.util.ArrayList@6adad76d
      postInitExtensionFactories = null
      httpResponseListeners = class java.util.ArrayList@7ba599bf
      servletContainerInitializers = class java.util.ServiceLoader@372fd83a
      auditManager = class com.ibm.websphere.security.audit.context.AuditManager@56de32d3
      invocationCacheSize = 500
      decodePlusSign = true
      _cacheMap = class java.util.concurrent.ConcurrentHashMap@6a83f6da
      _cacheSize = class java.util.concurrent.atomic.AtomicInteger@3dbce254
      vHostCompatFlag = false
      platformHelper = class com.ibm.ws.webcontainer.PlatformHelper@741b13d1
      isDefaultTempDir = true
      tempDir = null
      servletCachingInitNeeded = true
      appInstallBegun = true
      cacheServletWrapperFactory = class com.ibm.ws.webcontainer40.servlet.factory.CacheServletWrapperFactory40Impl@5374ef2b
      commands = class java.util.ArrayList@26b4e6b9
      requestMapper = class com.ibm.ws.webcontainer.util.VirtualHostContextRootMapper@7c400e79
      parent = null
      name = "Was.webcontainer"
      isAlive = true
      subElements = class java.util.HashMap@50e91fbb
      attributes = null
      config = null
      serialVersionUID = -8271459000149267764
      $$$tc$$$ = class com.ibm.websphere.ras.TraceComponent@4af227bd
    firstFailure = null
    serialVersionUID = -4563697739413190872
    $$$tc$$$ = class com.ibm.websphere.ras.TraceComponent@782ff7fd
      strings[0] = "TraceComponent[com.ibm.ws.app.manager.module.internal.ModuleHandlerBase,class com.ibm.ws.app.manager.module.internal.ModuleHandlerBase,[applications, app.manager],,null]"
  webContainerModuleInfo = class com.ibm.ws.app.manager.module.internal.SimpleDeployedAppInfoBase$WebModuleContainerInfo@73022116
    contextRoot = null
    defaultContextRoot = "testingPrimefaces"
    serialVersionUID = -8158961796913348204
    $$$tc$$$ = class com.ibm.websphere.ras.TraceComponent@7d3fc166
      strings[0] = "TraceComponent[com.ibm.ws.app.manager.module.internal.SimpleDeployedAppInfoBase$WebModuleContainerInfo,class com.ibm.ws.app.manager.module.internal.SimpleDeployedAppInfoBase$WebModuleContainerInfo,[applications, app.manager],,null]"
    moduleHandler = class com.ibm.ws.app.manager.web.internal.WebModuleHandlerImpl@64668197
    moduleMetaDataExtenders = class java.util.concurrent.CopyOnWriteArrayList@bab0df3
      serialVersionUID = 8673264195747942595
      lock = class java.util.concurrent.locks.ReentrantLock@6583ef31
      array = class java.lang.Object[3]
      UNSAFE = class sun.misc.Unsafe@4a1e8fc
      lockOffset = 12
    nestedModuleMetaDataFactories = class java.util.concurrent.CopyOnWriteArrayList@56b19520
      serialVersionUID = 8673264195747942595
      lock = class java.util.concurrent.locks.ReentrantLock@882c789
      array = class java.lang.Object[1]
      UNSAFE = class sun.misc.Unsafe@4a1e8fc
      lockOffset = 12
    nestedModules = null
    moduleName = "testingPrimefaces"
    moduleDD = class com.ibm.ws.javaee.ddmodel.web.common.WebAppType@654f4e5c
      version = class com.ibm.ws.javaee.ddmodel.TokenType@6b8cecf9
      metadata_complete = null
      module_name = null
      absolute_ordering = null
      serialVersionUID = 4092807504738198665
      $$$tc$$$ = class com.ibm.websphere.ras.TraceComponent@7ac92f3b
      description = null
      display_name = null
      icon = null
      distributable = null
      context_param = class com.ibm.ws.javaee.ddmodel.common.ParamValueType$ListType@4c00b703
      filter = null
      filter_mapping = null
      listener = null
      servlet = class com.ibm.ws.javaee.ddmodel.web.common.ServletType$ListType@6d07b7b6
      servlet_mapping = class com.ibm.ws.javaee.ddmodel.web.common.ServletMappingType$ListType@7dbae9b6
      session_config = class com.ibm.ws.javaee.ddmodel.web.common.SessionConfigType@3cf2aca9
      mime_mapping = class com.ibm.ws.javaee.ddmodel.web.common.MimeMappingType$ListType@7583ac9b
      welcome_file_list = class com.ibm.ws.javaee.ddmodel.web.common.WelcomeFileListType@25691f9a
      error_page = class com.ibm.ws.javaee.ddmodel.web.common.ErrorPageType$ListType@fb4b5d8
      jsp_config = null
      security_constraint = null
      deny_uncovered_http_methods = null
      login_config = null
      security_role = null
      message_destination = null
      locale_encoding_mapping_list = null
      default_context_path = null
      request_encoding = null
      response_encoding = null
      servletNameToServletMap = null
      filterNameToFilterMap = null
      ejbRefNameToEJBLocalRefMap = null
      ejbRefNameToEJBRefMap = null
      resourceEnvRefNameToResourceEnvRefMap = null
      messageDestinationRefNameToMessageDestinationRefMap = null
      resRefNameToResourceRefMap = null
      envEntryNameToEnvEntryMap = null
      roleNameToSecurityRoleMap = null
      roleLinkToSecurityRoleRefMap = null
      handlerNameToHandlerMap = null
      path = "WEB-INF/web.xml"
      idMap = class com.ibm.ws.javaee.ddmodel.DDParser$ComponentIDMap@260ac763
      serialVersionUID = 5321339975883512588
      $$$tc$$$ = class com.ibm.websphere.ras.TraceComponent@7b4fb58f
      post_construct = null
      pre_destroy = null
      serialVersionUID = 1102064201943992836
      $$$tc$$$ = class com.ibm.websphere.ras.TraceComponent@2e55ea4f
      env_entry = null
      ejb_ref = null
      ejb_local_ref = null
      resource_ref = null
      resource_env_ref = null
      message_destination_ref = null
      persistence_context_ref = null
      persistence_unit_ref = null
      data_source = null
      jms_connection_factory = null
      jms_destination = null
      mail_session = null
      connection_factory = null
      administered_object = null
      serialVersionUID = 8931982405528922228
      $$$tc$$$ = class com.ibm.websphere.ras.TraceComponent@567c820
      service_ref = null
      serialVersionUID = -6199862059825607270
      $$$tc$$$ = class com.ibm.websphere.ras.TraceComponent@1cc6fbf8
      nilled = false
      serialVersionUID = -2826386306561723362
      $$$tc$$$ = class com.ibm.websphere.ras.TraceComponent@ead3371
    moduleInfo = class com.ibm.ws.app.manager.module.internal.WebModuleInfoImpl@133a0638
      contextRoot = "/testingPrimefaces"
      isDefaultContextRootUsed = true
      serialVersionUID = -1540279394520440503
      $$$tc$$$ = class com.ibm.websphere.ras.TraceComponent@32eaf1be
      tc = class com.ibm.websphere.ras.TraceComponent@7a95fa03
      appInfo = class com.ibm.ws.container.service.app.deploy.internal.ApplicationInfoImpl@15571665
      moduleName = "testingPrimefaces"
      path = "testingPrimefaces.war"
      moduleContainer = class com.ibm.ws.adaptable.module.internal.AdaptableContainerImpl@49f00fb9
      altDDEntry = null
      moduleClassesContainers = class java.util.ArrayList@1ba81f54
      classLoaderFactory = class com.ibm.ws.app.manager.war.internal.WARDeployedAppInfo@d0c590c
      containerInfoType = class com.ibm.ws.container.service.app.deploy.ContainerInfo$Type@7d0d4fd2
      classLoader = class com.ibm.ws.classloading.internal.AppClassLoader@448d39bc
      moduleMetaData = class com.ibm.ws.webcontainer.osgi.metadata.WebModuleMetaDataImpl@50c49a28
      nestedModuleMetaDataTypes = null
      nestedModuleMetaDataValues = null
      serialVersionUID = 3986734351620206554
    serialVersionUID = 8693907776607441911
    $$$tc$$$ = class com.ibm.websphere.ras.TraceComponent@37016ea5
      strings[0] = "TraceComponent[com.ibm.ws.app.manager.module.internal.SimpleDeployedAppInfoBase$ModuleContainerInfoBase,class com.ibm.ws.app.manager.module.internal.SimpleDeployedAppInfoBase$ModuleContainerInfoBase,[applications, app.manager],,null]"
    type = class com.ibm.ws.container.service.app.deploy.ContainerInfo$Type@7d0d4fd2
      MANIFEST_CLASSPATH = class com.ibm.ws.container.service.app.deploy.ContainerInfo$Type@d2ae0f2
      WEB_INF_CLASSES = class com.ibm.ws.container.service.app.deploy.ContainerInfo$Type@464397b3
      WEB_INF_LIB = class com.ibm.ws.container.service.app.deploy.ContainerInfo$Type@329136fd
      EAR_LIB = class com.ibm.ws.container.service.app.deploy.ContainerInfo$Type@70f8d5ad
      WEB_MODULE = class com.ibm.ws.container.service.app.deploy.ContainerInfo$Type@7d0d4fd2
      EJB_MODULE = class com.ibm.ws.container.service.app.deploy.ContainerInfo$Type@2a0f9630
      CLIENT_MODULE = class com.ibm.ws.container.service.app.deploy.ContainerInfo$Type@70ab62cd
      RAR_MODULE = class com.ibm.ws.container.service.app.deploy.ContainerInfo$Type@4bb694fb
      JAR_MODULE = class com.ibm.ws.container.service.app.deploy.ContainerInfo$Type@7dd5759d
      SHARED_LIB = class com.ibm.ws.container.service.app.deploy.ContainerInfo$Type@2b3dd201
      $VALUES = class com.ibm.ws.container.service.app.deploy.ContainerInfo$Type[10]
      $$$tc$$$ = class com.ibm.websphere.ras.TraceComponent@3e0fb0cf
      name = "WEB_MODULE"
      ordinal = 4
    name = "testingPrimefaces.war"
    container = class com.ibm.ws.adaptable.module.internal.AdaptableContainerImpl@49f00fb9
    altDDEntry = null
    classesContainerInfo = class java.util.ArrayList@1ba81f54
      serialVersionUID = 8683452581122892189
      DEFAULT_CAPACITY = 10
      EMPTY_ELEMENTDATA = class java.lang.Object[0]
      DEFAULTCAPACITY_EMPTY_ELEMENTDATA = class java.lang.Object[0]
      elementData = class java.lang.Object[10]
      size = 6
      MAX_ARRAY_SIZE = 2147483639
      modCount = 7
      MAX_ARRAY_SIZE = 2147483639
    serialVersionUID = 7427332431485745589
    $$$tc$$$ = class com.ibm.websphere.ras.TraceComponent@728aef34
      strings[0] = "TraceComponent[com.ibm.ws.app.manager.module.internal.SimpleDeployedAppInfoBase$ExtendedContainerInfo,class com.ibm.ws.app.manager.module.internal.SimpleDeployedAppInfoBase$ExtendedContainerInfo,[applications, app.manager],,null]"
  DYNAMIC_IMPORT_PACKAGE_LIST = class java.util.Collections$UnmodifiableRandomAccessList@763e084
    serialVersionUID = -2542308836966382001
    serialVersionUID = -283967356065247728
    list = class java.util.Arrays$ArrayList@751c3db1
      serialVersionUID = -2764017481108945198
      a = class java.lang.String[1]
      modCount = 0
      MAX_ARRAY_SIZE = 2147483639
    serialVersionUID = 1820017752578914078
    c = class java.util.Arrays$ArrayList@751c3db1
  serialVersionUID = -6153587016903242961
  $$$tc$$$ = class com.ibm.websphere.ras.TraceComponent@34ce9ac5
    strings[0] = "TraceComponent[com.ibm.ws.app.manager.war.internal.WARDeployedAppInfo,class com.ibm.ws.app.manager.war.internal.WARDeployedAppInfo,[webcontainer, applications, app.manager],com.ibm.ws.app.manager.war.internal.resources.Messages,null]"
  _tc = class com.ibm.websphere.ras.TraceComponent@687b0bb3
    strings[0] = "TraceComponent[com.ibm.ws.app.manager.module.internal.DeployedAppInfoBase,class com.ibm.ws.app.manager.module.internal.DeployedAppInfoBase,[app.manager],com.ibm.ws.app.manager.module.internal.resources.Messages,null]"
  PERMISSION_XML = "permissions.xml"
  applicationInformation = class com.ibm.ws.app.manager.internal.ApplicationInstallInfo@371a395c
    _config = class com.ibm.ws.app.manager.internal.ApplicationConfig@62c536e8
      tc = class com.ibm.websphere.ras.TraceComponent@27a99364
      _configPid = "com.ibm.ws.app.manager_19"
      _config = class com.ibm.ws.config.admin.ConfigurationDictionary@79890a5f
      _applicationManager = class com.ibm.ws.app.manager.ApplicationManager@687ce511
      _location = "testingPrimefaces.war"
      _type = "war"
      _name = "testingPrimefaces"
      _notificationBroadcasterSupport = class javax.management.NotificationBroadcasterSupport@663e3b18
      ONE_TIME_JANDEX_MSGS_DISPLAYED = true
    _handlerInfo = class java.util.concurrent.atomic.AtomicReference@5c4179ba
      serialVersionUID = -1848883965231344442
      unsafe = class sun.misc.Unsafe@4a1e8fc
      valueOffset = 12
      value = class com.ibm.ws.app.manager.war.internal.WARDeployedAppInfo@d0c590c
    _container = class java.util.concurrent.atomic.AtomicReference@743da8e3
      serialVersionUID = -1848883965231344442
      unsafe = class sun.misc.Unsafe@4a1e8fc
      valueOffset = 12
      value = class com.ibm.ws.adaptable.module.internal.AdaptableContainerImpl@49f00fb9
    _resolvedLocation = class java.util.concurrent.atomic.AtomicReference@7e372958
      serialVersionUID = -1848883965231344442
      unsafe = class sun.misc.Unsafe@4a1e8fc
      valueOffset = 12
      value = class com.ibm.ws.kernel.service.location.internal.LocalFileResource@73dc11c1
    _handler = class com.ibm.ws.app.manager.war.internal.WARApplicationHandlerImpl@350e2200
      futureMonitor = class com.ibm.ws.threading.internal.FutureMonitorImpl@4f4fca19
      deployedAppFactory = class com.ibm.ws.app.manager.war.internal.WARDeployedAppInfoFactoryImpl@445dbb10
      serialVersionUID = 4622845147410944782
      $$$tc$$$ = class com.ibm.websphere.ras.TraceComponent@638a6a50
    _ami = class java.util.concurrent.atomic.AtomicReference@625501b2
      serialVersionUID = -1848883965231344442
      unsafe = class sun.misc.Unsafe@4a1e8fc
      valueOffset = 12
      value = class com.ibm.wsspi.application.handler.DefaultApplicationMonitoringInformation@195a85ad
    _updateHandler = class com.ibm.ws.app.manager.internal.statemachine.ApplicationStateMachineImpl@7b36d7ab
      _tc = class com.ibm.websphere.ras.TraceComponent@468971f1
      EMPTY_FUTURE_ARRAY = interface java.util.concurrent.Future[0]
      asmSequenceNumber = class java.util.concurrent.atomic.AtomicLong@4b5b55fa
      _qscaCounter = class java.util.concurrent.atomic.AtomicInteger@1ce53ea1
      _failedThrowable = null
      _interruptibleLock = class com.ibm.ws.app.manager.internal.statemachine.ApplicationStateMachineImpl$2@38ba640e
      _interruptible = false
      _performingQueuedActions = true
      _queuedActions = class java.util.concurrent.ConcurrentLinkedQueue@2895e87
      _callbackState = class java.util.concurrent.atomic.AtomicReference@13ec2fa9
      blockAppStartingFutures = class java.util.Collections$SetFromMap@26491b43
      waitingForAppHandlerFuture = class java.util.concurrent.atomic.AtomicReference@4db89190
      waitingForExplicitStartFuture = class java.util.concurrent.atomic.AtomicReference@58d83c6
      completionListener = class java.util.concurrent.atomic.AtomicReference@77ee75b9
      _notifyAppStopped = class java.util.concurrent.ConcurrentLinkedQueue@1913fb04
      _notifyAppStarting = class java.util.concurrent.ConcurrentLinkedQueue@10aecda7
      _notifyAppInstallCalled = class java.util.concurrent.ConcurrentLinkedQueue@7954efc7
      _notifyAppStarted = class java.util.concurrent.ConcurrentLinkedQueue@7d931ee9
      _notifyAppRemoved = class java.util.concurrent.ConcurrentLinkedQueue@7b5e1184
      _stateLock = class com.ibm.ws.app.manager.internal.statemachine.ApplicationStateMachineImpl$3@1dfb38bd
      _internalState = class java.util.concurrent.atomic.AtomicReference@430fd612
      _currentAction = class java.util.concurrent.atomic.AtomicReference@260eeccc
      _rfa = class java.util.concurrent.atomic.AtomicReference@2dd70bb8
      _appInstallInfo = class java.util.concurrent.atomic.AtomicReference@69ade06f
      _update = class java.util.concurrent.atomic.AtomicBoolean@542f140e
      _appConfig = class java.util.concurrent.atomic.AtomicReference@516facb
      _nextAppConfig = class java.util.concurrent.atomic.AtomicReference@1009bb1a
      _appContainer = class java.util.concurrent.atomic.AtomicReference@16a19fec
      _resolvedLocation = class java.util.concurrent.atomic.AtomicReference@3a026652
      _handler = class java.util.concurrent.atomic.AtomicReference@870137b
      _asmSeqNo = 0
      _ctx = class org.eclipse.osgi.internal.framework.BundleContextImpl@74d7e54a
      _locAdmin = class com.ibm.ws.kernel.service.location.internal.WsLocationAdminImpl@1c0a152a
      _futureMonitor = class com.ibm.ws.threading.internal.FutureMonitorImpl@4f4fca19
      _artifactFactory = class com.ibm.ws.artifact.internal.ArtifactContainerFactoryService@3205543c
      _moduleFactory = class com.ibm.ws.adaptable.module.internal.AdaptableModuleFactoryImpl@43c70b5d
      _executorService = class com.ibm.ws.threading.internal.ExecutorServiceImpl@557ca804
      _scheduledExecutorService = class com.ibm.ws.threading.internal.ScheduledExecutorImpl@7414716b
      _asmHelper = class com.ibm.ws.app.manager.internal.ApplicationConfigurator$NamedApplication@60b1a82d
      _appMonitor = class com.ibm.ws.app.manager.internal.monitor.ApplicationMonitor@4fb813b8
      enterStateCalled = class java.util.concurrent.atomic.AtomicBoolean@6621dceb
      serialVersionUID = 6511956370079301927
      serialVersionUID = 5501066335104962649
      $$$tc$$$ = class com.ibm.websphere.ras.TraceComponent@1a2a2212
    serialVersionUID = 2630639237123415755
    $$$tc$$$ = class com.ibm.websphere.ras.TraceComponent@2d71811a
      strings[0] = "TraceComponent[com.ibm.ws.app.manager.internal.ApplicationInstallInfo,class com.ibm.ws.app.manager.internal.ApplicationInstallInfo,[applications, app.manager],com.ibm.ws.app.manager.internal.resources.AppManagerMessages,null]"
  location = "D:\devel\tools\wlp\usr\servers\defaultServer\apps\testingPrimefaces.war.xml"
  classLoadingService = class com.ibm.ws.classloading.internal.ClassLoadingServiceImpl@5572a438
    tc = class com.ibm.websphere.ras.TraceComponent@42630221
      strings[0] = "TraceComponent[com.ibm.ws.classloading.internal.ClassLoadingServiceImpl,class com.ibm.ws.classloading.internal.ClassLoadingServiceImpl,[ClassLoadingService],com.ibm.ws.classloading.internal.resources.ClassLoadingServiceMessages,null]"
    leakDetectionMap = class java.util.HashMap@78d667cf
      serialVersionUID = 362498820763181265
      DEFAULT_INITIAL_CAPACITY = 16
      MAXIMUM_CAPACITY = 1073741824
      DEFAULT_LOAD_FACTOR = 0.75
      TREEIFY_THRESHOLD = 8
      UNTREEIFY_THRESHOLD = 6
      MIN_TREEIFY_CAPACITY = 64
      table = null
      entrySet = null
      size = 0
      modCount = 0
      threshold = 0
      loadFactor = 0.75
      keySet = null
      values = null
    TCCL_LOCK_WAIT = 15000
    REFERENCE_GENERATORS = "generators"
    bundleContext = class org.eclipse.osgi.internal.framework.BundleContextImpl@355400a2
      findHookName = "org.osgi.framework.hooks.bundle.FindHook"
      valid = true
      bundle = class org.eclipse.osgi.internal.framework.EquinoxBundle@6a5df6e3
      container = class org.eclipse.osgi.internal.framework.EquinoxContainer@2c5b7834
      debug = class org.eclipse.osgi.internal.debug.Debug@cfab1a1
      servicesInUse = class java.util.HashMap@27479226
      activator = null
      contextLock = class java.lang.Object@51adbd7b
    aclStore = class com.ibm.ws.classloading.internal.util.CanonicalStore@32c4a1f6
      map = class java.util.concurrent.ConcurrentHashMap@7d6d2366
      q = class com.ibm.ws.classloading.internal.util.RefQueue@387b6962
      serialVersionUID = 6715157558227169968
      $$$tc$$$ = class com.ibm.websphere.ras.TraceComponent@7d61e2d3
    tcclStore = class com.ibm.ws.classloading.internal.util.CanonicalStore@7f02a38a
      map = class java.util.concurrent.ConcurrentHashMap@3ca0ddfe
      q = class com.ibm.ws.classloading.internal.util.RefQueue@20efd5ba
      serialVersionUID = 6715157558227169968
      $$$tc$$$ = class com.ibm.websphere.ras.TraceComponent@7d61e2d3
    tcclStoreLock = class java.util.concurrent.locks.ReentrantLock@21337faa
      serialVersionUID = 7373984872572414699
      sync = class java.util.concurrent.locks.ReentrantLock$NonfairSync@7dab3a01
    digraph = class org.eclipse.equinox.internal.region.StandardRegionDigraph@6a108c5c
      EMPTY_EDGE_SET = class java.util.Collections$UnmodifiableSet@1fdc1af1
      monitor = class java.lang.Object@2a7fe669
      regions = class java.util.HashMap@117c38ce
      bundleIdToRegionMapping = class org.eclipse.equinox.internal.region.StandardBundleIdToRegionMapping@14a8f01
      edges = class java.util.HashMap@7ebe064b
      bundleContext = class org.eclipse.osgi.internal.framework.BundleContextImpl@25bbf683
      threadLocal = class java.lang.ThreadLocal@2ba7eb5b
      subgraphTraverser = class org.eclipse.equinox.internal.region.SubgraphTraverser@5bed1ca9
      bundleCollisionHook = class org.eclipse.equinox.internal.region.hook.RegionBundleCollisionHook@e0ab252
      bundleEventHook = class org.eclipse.equinox.internal.region.hook.RegionBundleEventHook@86186
      bundleFindHook = class org.eclipse.equinox.internal.region.hook.RegionBundleFindHook@14e1bfef
      serviceEventHook = class org.eclipse.equinox.internal.region.hook.RegionServiceEventHook@275af18e
      serviceFindHook = class org.eclipse.equinox.internal.region.hook.RegionServiceFindHook@7c994f15
      resolverHookFactory = class org.eclipse.equinox.internal.region.hook.RegionResolverHookFactory@3f5e1551
      origin = null
      originUpdateCount = -1
      updateCount = class java.util.concurrent.atomic.AtomicLong@26d9db92
      defaultRegion = null
    redefiner = class com.ibm.ws.classloading.internal.util.ClassRedefiner@22ab8c02
      tc = class com.ibm.websphere.ras.TraceComponent@ee89a2
      LS = "
"
      inst = class com.ibm.ws.kernel.launch.internal.TraceInstrumentation@40d44158
      serialVersionUID = 2420101865139508526
    listener = class com.ibm.ws.classloading.internal.ClassLoadingServiceImpl$1@7dcc4bf9
      this$0 = class com.ibm.ws.classloading.internal.ClassLoadingServiceImpl@5572a438
      serialVersionUID = -9159707349812113172
      $$$tc$$$ = class com.ibm.websphere.ras.TraceComponent@1786f557
    classloaders = class java.util.Collections$SynchronizedMap@17b8b939
      serialVersionUID = 1978198479659022715
      m = class java.util.HashMap@e6e0b46
      mutex = class java.util.Collections$SynchronizedMap@17b8b939
      keySet = null
      entrySet = null
      values = null
    resourceProviders = class com.ibm.ws.classloading.internal.CompositeResourceProvider@2dcc4a4b
      lockFactory = class java.util.concurrent.locks.ReentrantReadWriteLock@7a7fabdb
      providerMap = class com.ibm.ws.classloading.internal.util.MultiMap@54f2025b
      serialVersionUID = -5576435894946156347
      $$$tc$$$ = class com.ibm.websphere.ras.TraceComponent@11e76018
    rememberedBundles = class java.util.concurrent.ConcurrentHashMap@43d051c2
      serialVersionUID = 7249069246763182397
      MAXIMUM_CAPACITY = 1073741824
      DEFAULT_CAPACITY = 16
      MAX_ARRAY_SIZE = 2147483639
      DEFAULT_CONCURRENCY_LEVEL = 16
      LOAD_FACTOR = 0.75
      TREEIFY_THRESHOLD = 8
      UNTREEIFY_THRESHOLD = 6
      MIN_TREEIFY_CAPACITY = 64
      MIN_TRANSFER_STRIDE = 16
      RESIZE_STAMP_BITS = 16
      MAX_RESIZERS = 65535
      RESIZE_STAMP_SHIFT = 16
      MOVED = -1
      TREEBIN = -2
      RESERVED = -3
      HASH_BITS = 2147483647
      NCPU = 4
      serialPersistentFields = class java.io.ObjectStreamField[3]
      table = class java.util.concurrent.ConcurrentHashMap$Node[16]
      nextTable = null
      baseCount = 3
      sizeCtl = 12
      transferIndex = 0
      cellsBusy = 0
      counterCells = null
      keySet = null
      values = null
      entrySet = null
      U = class sun.misc.Unsafe@4a1e8fc
      SIZECTL = 20
      TRANSFERINDEX = 32
      BASECOUNT = 24
      CELLSBUSY = 36
      CELLVALUE = 144
      ABASE = 16
      ASHIFT = 2
      keySet = null
      values = null
    collectedBundles = class java.lang.ref.ReferenceQueue@5cdc49c2
      NULL = class java.lang.ref.ReferenceQueue$Null@2985f2e2
      ENQUEUED = class java.lang.ref.ReferenceQueue$Null@493449f6
      lock = class java.lang.ref.ReferenceQueue$Lock@233e5c41
      head = null
      queueLength = 0
      $assertionsDisabled = true
    generatorRefs = class com.ibm.wsspi.kernel.service.utils.ConcurrentServiceReferenceSet@eff5211
      referenceName = "generators"
      contextRef = class java.util.concurrent.atomic.AtomicReference@68b5e2e0
      elementMap = class java.util.LinkedHashMap@3a3d607b
      elementSet = class java.util.concurrent.ConcurrentSkipListSet@8f4e02e
      elementSetUnsorted = false
      serialVersionUID = 756240983881166148
      $$$tc$$$ = class com.ibm.websphere.ras.TraceComponent@b6c30b1
    generatorManager = class com.ibm.ws.classloading.internal.ClassGeneratorManager@743f47dc
      tc = class com.ibm.websphere.ras.TraceComponent@24a21a2
      generatorRefs = class com.ibm.wsspi.kernel.service.utils.ConcurrentServiceReferenceSet@eff5211
      serialVersionUID = 4152663586056483310
    appExtLibs = class java.util.concurrent.CopyOnWriteArrayList@412ecf97
      serialVersionUID = 8673264195747942595
      lock = class java.util.concurrent.locks.ReentrantLock@3c221401
      array = class java.lang.Object[0]
      UNSAFE = class sun.misc.Unsafe@4a1e8fc
      lockOffset = 12
    globalConfig = class com.ibm.ws.classloading.configuration.GlobalClassloadingConfiguration@b1c831
      properties = class org.apache.felix.scr.impl.helper.ReadOnlyDictionary@77b880af
      serialVersionUID = 452562347104713756
      $$$tc$$$ = class com.ibm.websphere.ras.TraceComponent@72ccb1b5
    metaInfServicesProviders = class java.util.concurrent.ConcurrentHashMap@3e1d03bc
      serialVersionUID = 7249069246763182397
      MAXIMUM_CAPACITY = 1073741824
      DEFAULT_CAPACITY = 16
      MAX_ARRAY_SIZE = 2147483639
      DEFAULT_CONCURRENCY_LEVEL = 16
      LOAD_FACTOR = 0.75
      TREEIFY_THRESHOLD = 8
      UNTREEIFY_THRESHOLD = 6
      MIN_TREEIFY_CAPACITY = 64
      MIN_TRANSFER_STRIDE = 16
      RESIZE_STAMP_BITS = 16
      MAX_RESIZERS = 65535
      RESIZE_STAMP_SHIFT = 16
      MOVED = -1
      TREEBIN = -2
      RESERVED = -3
      HASH_BITS = 2147483647
      NCPU = 4
      serialPersistentFields = class java.io.ObjectStreamField[3]
      table = null
      nextTable = null
      baseCount = 0
      sizeCtl = 0
      transferIndex = 0
      cellsBusy = 0
      counterCells = null
      keySet = null
      values = null
      entrySet = null
      U = class sun.misc.Unsafe@4a1e8fc
      SIZECTL = 20
      TRANSFERINDEX = 32
      BASECOUNT = 24
      CELLSBUSY = 36
      CELLVALUE = 144
      ABASE = 16
      ASHIFT = 2
      keySet = null
      values = null
    metaInfServicesRefs = class com.ibm.wsspi.kernel.service.utils.ConcurrentServiceReferenceMap@4a06b1b4
      referenceName = "MetaInfServicesProvider"
      context = class org.apache.felix.scr.impl.manager.ComponentContextImpl@22d3e81f
      elementMap = class java.util.concurrent.ConcurrentHashMap@12e88aaa
      serialVersionUID = 6980924785166233786
      $$$tc$$$ = class com.ibm.websphere.ras.TraceComponent@3312f4a4
    protectionDomainMap = class java.util.HashMap@7de39d14
      serialVersionUID = 362498820763181265
      DEFAULT_INITIAL_CAPACITY = 16
      MAXIMUM_CAPACITY = 1073741824
      DEFAULT_LOAD_FACTOR = 0.75
      TREEIFY_THRESHOLD = 8
      UNTREEIFY_THRESHOLD = 6
      MIN_TREEIFY_CAPACITY = 64
      table = null
      entrySet = null
      size = 0
      modCount = 0
      threshold = 0
      loadFactor = 0.75
      keySet = null
      values = null
    metadataIdentifierService = class com.ibm.ws.container.service.metadata.internal.MetaDataServiceImpl@2b0790aa
    globalSharedLibrary = class java.util.concurrent.atomic.AtomicReference@739d32d9
      serialVersionUID = -1848883965231344442
      unsafe = class sun.misc.Unsafe@4a1e8fc
      valueOffset = 12
      value = null
    serialVersionUID = -2277344858934055980
  globalSharedLibrary = class com.ibm.ws.library.internal.SharedLibraryImpl@4d0d09d2
    tc = class com.ibm.websphere.ras.TraceComponent@5ec2346f
      strings[0] = "TraceComponent[com.ibm.ws.library.internal.SharedLibraryImpl,class com.ibm.ws.library.internal.SharedLibraryImpl,[SharedLibrary],com.ibm.ws.classloading.internal.resources.ClassLoadingServiceMessages,null]"
    EMPTY_LIBRARY_LISTENERS = interface com.ibm.wsspi.library.LibraryChangeListener[0]
    deleted = false
    libraryListenersTracker = class org.osgi.util.tracker.ServiceTracker@26963769
      DEBUG = false
      context = class org.eclipse.osgi.internal.framework.BundleContextImpl@355400a2
      filter = class org.eclipse.osgi.internal.framework.FilterImpl@5c113fe8
      customizer = class org.osgi.util.tracker.ServiceTracker@26963769
      listenerFilter = "(&(objectClass=com.ibm.wsspi.library.LibraryChangeListener)(|(library=global)(libraryRef=*com.ibm.ws.classloading.sharedlibrary_69*)))"
      trackClass = null
      trackReference = null
      tracked = class org.osgi.util.tracker.ServiceTracker$Tracked@60a3cbb4
      cachedReference = null
      cachedService = null
    libraryReg = class org.eclipse.osgi.internal.serviceregistry.ServiceRegistrationImpl@4ca153c
      registry = class org.eclipse.osgi.internal.serviceregistry.ServiceRegistry@4793ce01
      context = class org.eclipse.osgi.internal.framework.BundleContextImpl@355400a2
      bundle = class org.eclipse.osgi.internal.framework.EquinoxBundle@6a5df6e3
      clazzes = class java.lang.String[1]
      service = class com.ibm.ws.library.internal.SharedLibraryImpl@4d0d09d2
      reference = class org.eclipse.osgi.internal.serviceregistry.ServiceReferenceImpl@1d7dd447
      contextsUsing = class java.util.ArrayList@6b0b36c
      properties = class java.util.Collections$UnmodifiableMap@3aca80a4
      serviceid = 305
      serviceranking = 0
      registrationLock = class java.lang.Object@50c75cde
      state = 0
      REGISTERED = 0
      UNREGISTERING = 1
      UNREGISTERED = 2
      FRAMEWORK_SET_SERVICE_PROPERTIES_COUNT = 4
      $assertionsDisabled = true
    ctx = class org.eclipse.osgi.internal.framework.BundleContextImpl@355400a2
    classLoadingService = class com.ibm.ws.classloading.internal.ClassLoadingServiceImpl@5572a438
    configAdmin = class com.ibm.ws.config.admin.internal.ConfigurationAdminImpl@3800d55
      tc = class com.ibm.websphere.ras.TraceComponent@30bf0fdb
      bundle = class org.eclipse.osgi.internal.framework.EquinoxBundle@6a5df6e3
      caFactory = class com.ibm.ws.config.admin.internal.ConfigAdminServiceFactory@2686fc3b
      serialVersionUID = -2875522750804142523
    resolvedBasePath = "D:/devel/tools/wlp/usr/servers/defaultServer/"
    generationLock = class com.ibm.ws.library.internal.SharedLibraryImpl$1@c686bc9
      this$0 = class com.ibm.ws.library.internal.SharedLibraryImpl@4d0d09d2
      serialVersionUID = 2483639803450672373
      $$$tc$$$ = class com.ibm.websphere.ras.TraceComponent@1275429c
    currentGeneration = class com.ibm.ws.library.internal.LibraryGeneration@1a29241c
      tc = class com.ibm.websphere.ras.TraceComponent@3f80680
      nextInt = class java.util.concurrent.atomic.AtomicInteger@12f5a91
      libraryId = "global"
      genId = 0
      libraryProps = class java.util.Hashtable@59973346
      filesetRefs = class java.util.Collections$UnmodifiableRandomAccessList@31e8ffb1
      apiTypeVisibility = class java.util.RegularEnumSet@4fce4e1f
      files = class java.util.Collections$EmptyList@1ce44a24
      folders = class java.util.ArrayList@344e6ea5
      fileAndFolderContainers = class java.util.Collections$EmptyList@1ce44a24
      filesets = class java.util.concurrent.ArrayBlockingQueue@54236669
      filesetListenerRegs = class java.util.concurrent.ConcurrentLinkedQueue@22c00e2b
      cancelled = false
      library = class com.ibm.ws.library.internal.SharedLibraryImpl@4d0d09d2
      serialVersionUID = 6965220007121905717
    nextGeneration = class com.ibm.ws.library.internal.LibraryGeneration@1a29241c
    artifactContainerFactory = class com.ibm.ws.library.internal.SharedLibraryFactory$1@d13754f
      this$0 = class com.ibm.ws.library.internal.SharedLibraryFactory@7db96132
      serialVersionUID = 7730244564205089330
      $$$tc$$$ = class com.ibm.websphere.ras.TraceComponent@62425bc2
    packageExporter = class com.ibm.ws.library.internal.LibraryPackageExporter@e7a3b1d
      EXPORTER_POSTFIX = "_library_exporter"
      REGION_EXPORT_TO_LIBERTY = "liberty.library.export.to.liberty"
      REGION_EXPORT_TO_OSGI_APPS = "liberty.library.export.to.osgi.app"
      REGION_KERNEL = "org.eclipse.equinox.region.kernel"
      counter = class java.util.concurrent.atomic.AtomicLong@71524f4c
      context = class org.eclipse.osgi.internal.framework.BundleContextImpl@355400a2
      digraph = class org.eclipse.equinox.internal.region.StandardRegionDigraph@6a108c5c
      bundleToLibrary = class java.util.concurrent.ConcurrentHashMap@194abe94
      libraryToVisibility = class java.util.concurrent.ConcurrentHashMap@16815b10
      serialVersionUID = 8074378969667956573
      $$$tc$$$ = class com.ibm.websphere.ras.TraceComponent@24e11500
    serialVersionUID = 6288237618632180389
  sharedLibDeploymentInfo = class com.ibm.ws.app.manager.module.internal.DeployedAppInfoBase$SharedLibDeploymentInfo@2979c6b3
    bundleContext = class org.eclipse.osgi.internal.framework.BundleContextImpl@8885fc9
      findHookName = "org.osgi.framework.hooks.bundle.FindHook"
      valid = true
      bundle = class org.eclipse.osgi.internal.framework.EquinoxBundle@798cf09d
      container = class org.eclipse.osgi.internal.framework.EquinoxContainer@2c5b7834
      debug = class org.eclipse.osgi.internal.debug.Debug@cfab1a1
      servicesInUse = class java.util.HashMap@28fd9c5d
      activator = null
      contextLock = class java.lang.Object@4e46393b
    locAdmin = class com.ibm.ws.kernel.service.location.internal.WsLocationAdminImpl@1c0a152a
      tc = class com.ibm.websphere.ras.TraceComponent@9f022d2
      LOC_INTERNAL_LIB_DIR = "wlp.lib.dir"
      LOC_AREA_NAME_APPS = "shared/apps/"
      LOC_AREA_NAME_CONFIG = "shared/config/"
      LOC_AREA_NAME_RESC = "shared/resources/"
      LOC_AREA_NAME_STATE = "logs/state/"
      LOC_AREA_NAME_SERVERS = "servers/"
      LOC_AREA_NAME_CLIENTS = "clients/"
      LOC_AREA_NAME_WORKING = "workarea/"
      LOC_AREA_NAME_EXTENSION = "extension/"
      instance = class com.ibm.ws.staticvalue.StaticValue$FinalSingleton@34274d30
      installRoot = class com.ibm.ws.kernel.service.location.internal.SymbolicRootResource@3674d0e9
      installParentRoot = class com.ibm.ws.kernel.service.location.internal.SymbolicRootResource@7309ca5e
      userRoot = class com.ibm.ws.kernel.service.location.internal.SymbolicRootResource@2b9dba00
      usrExtensionRoot = class com.ibm.ws.kernel.service.location.internal.SymbolicRootResource@255d3c8e
      serverConfigDir = class com.ibm.ws.kernel.service.location.internal.SymbolicRootResource@35be4354
      serverOutputDir = class com.ibm.ws.kernel.service.location.internal.SymbolicRootResource@35be4354
      bootstrapLib = class com.ibm.ws.kernel.service.location.internal.LocalFileResource@8583487
      serverWorkarea = class com.ibm.ws.kernel.service.location.internal.LocalFileResource@4ed3c236
      serverState = class com.ibm.ws.kernel.service.location.internal.LocalFileResource@2262e2e
      sharedAppsRoot = class com.ibm.ws.kernel.service.location.internal.SymbolicRootResource@45c579dd
      sharedConfigRoot = class com.ibm.ws.kernel.service.location.internal.SymbolicRootResource@cf091ee
      sharedResourceRoot = class com.ibm.ws.kernel.service.location.internal.SymbolicRootResource@5c622034
      tmpRoot = class com.ibm.ws.kernel.service.location.internal.SymbolicRootResource@6f8622c8
      serverName = "defaultServer"
      resourcePaths = class java.util.ArrayList@163a574
      resourceGroups = class java.util.HashMap@9943b57
      commonRoot = class com.ibm.ws.kernel.service.location.internal.VirtualRootResource@44bac9d1
      serialVersionUID = 7766352982799267432
    artifactFactory = class com.ibm.ws.artifact.internal.ArtifactContainerFactoryService@3205543c
      CATEGORY_PROP_NAME = "category"
      ENTRY_KEY = "com.ibm.wsspi.artifact.ArtifactEntry"
      helperMap = class com.ibm.wsspi.kernel.service.utils.ConcurrentServiceReferenceSetMap@417035fb
      contributorMap = class com.ibm.wsspi.kernel.service.utils.ConcurrentServiceReferenceSetMap@77e4de78
      helperCategoryMap = class com.ibm.wsspi.kernel.service.utils.ConcurrentServiceReferenceSetMap@69e20ed4
      contributorCategoryMap = class com.ibm.wsspi.kernel.service.utils.ConcurrentServiceReferenceSetMap@5b3a51ae
      categories = class java.util.Collections$SynchronizedSet@1ba578df
      baseProperties = class org.apache.felix.scr.impl.helper.ReadOnlyDictionary@4ae362cd
      serialVersionUID = -3101641399269402013
      $$$tc$$$ = class com.ibm.websphere.ras.TraceComponent@51fc71af
    moduleFactory = class com.ibm.ws.adaptable.module.internal.AdaptableModuleFactoryImpl@43c70b5d
      adapterFactoryService = class com.ibm.ws.adaptable.module.internal.AdapterFactoryServiceImpl@509a65ca
      containerFactory = class com.ibm.ws.artifact.internal.ArtifactContainerFactoryService@3205543c
      overlayContainerFactory = class com.ibm.ws.artifact.overlay.internal.OverlayContainerFactoryImpl@49633cc2
      serialVersionUID = 4200251809856292987
      $$$tc$$$ = class com.ibm.websphere.ras.TraceComponent@11892705
    classesContainerInfo = class java.util.ArrayList@5abf51f9
      serialVersionUID = 8683452581122892189
      DEFAULT_CAPACITY = 10
      EMPTY_ELEMENTDATA = class java.lang.Object[0]
      DEFAULTCAPACITY_EMPTY_ELEMENTDATA = class java.lang.Object[0]
      elementData = class java.lang.Object[0]
      size = 0
      MAX_ARRAY_SIZE = 2147483639
      modCount = 0
      MAX_ARRAY_SIZE = 2147483639
    serialVersionUID = -9033256786848720484
    $$$tc$$$ = class com.ibm.websphere.ras.TraceComponent@452dea7a
      strings[0] = "TraceComponent[com.ibm.ws.app.manager.module.internal.DeployedAppInfoBase$SharedLibDeploymentInfo,class com.ibm.ws.app.manager.module.internal.DeployedAppInfoBase$SharedLibDeploymentInfo,[applications, app.manager],,null]"
  futureMonitor = class com.ibm.ws.threading.internal.FutureMonitorImpl@4f4fca19
    _monitor = class java.util.concurrent.ConcurrentLinkedQueue@7440e811
      serialVersionUID = 196745693267521676
      head = class java.util.concurrent.ConcurrentLinkedQueue$Node@6b85f72e
      tail = class java.util.concurrent.ConcurrentLinkedQueue$Node@6b85f72e
      UNSAFE = class sun.misc.Unsafe@4a1e8fc
      headOffset = 12
      tailOffset = 16
      MAX_ARRAY_SIZE = 2147483639
    _executor = class com.ibm.ws.threading.internal.ScheduledExecutorImpl@7414716b
      threadGroupName = "Scheduled Executor Thread Group"
      executor = class com.ibm.ws.threading.internal.ExecutorServiceImpl@557ca804
      serialVersionUID = -9110693807503469597
      $$$tc$$$ = class com.ibm.websphere.ras.TraceComponent@85f6851
      continueExistingPeriodicTasksAfterShutdown = false
      executeExistingDelayedTasksAfterShutdown = true
      removeOnCancel = false
      sequencer = class java.util.concurrent.atomic.AtomicLong@18b042e1
      ctl = class java.util.concurrent.atomic.AtomicInteger@522d29e8
      COUNT_BITS = 29
      CAPACITY = 536870911
      RUNNING = -536870912
      SHUTDOWN = 0
      STOP = 536870912
      TIDYING = 1073741824
      TERMINATED = 1610612736
      workQueue = class java.util.concurrent.ScheduledThreadPoolExecutor$DelayedWorkQueue@286c5279
      mainLock = class java.util.concurrent.locks.ReentrantLock@2b5c5413
      workers = class java.util.HashSet@31e1acd3
      termination = class java.util.concurrent.locks.AbstractQueuedSynchronizer$ConditionObject@ab8b16e
      largestPoolSize = 1
      completedTaskCount = 0
      threadFactory = class com.ibm.ws.threading.internal.ThreadFactoryImpl@408dc5da
      handler = class java.util.concurrent.ThreadPoolExecutor$AbortPolicy@79689b79
      keepAliveTime = 0
      allowCoreThreadTimeOut = false
      corePoolSize = 1
      maximumPoolSize = 2147483647
      defaultHandler = class java.util.concurrent.ThreadPoolExecutor$AbortPolicy@79689b79
      shutdownPerm = class java.lang.RuntimePermission@4b704c2f
      acc = null
      ONLY_ONE = true
      $assertionsDisabled = true
    _threadRunning = class java.util.concurrent.atomic.AtomicBoolean@3fa4bfca
      serialVersionUID = 4654671469794556979
      unsafe = class sun.misc.Unsafe@4a1e8fc
      valueOffset = 12
      value = 0
    _thread = class com.ibm.ws.threading.internal.FutureMonitorImpl$1@17e81199
      this$0 = class com.ibm.ws.threading.internal.FutureMonitorImpl@4f4fca19
      serialVersionUID = 2422512430832938099
      $$$tc$$$ = class com.ibm.websphere.ras.TraceComponent@12a0dc3
    serialVersionUID = 2765238413969174390
    $$$tc$$$ = class com.ibm.websphere.ras.TraceComponent@25b5d869
      strings[0] = "TraceComponent[com.ibm.ws.threading.internal.FutureMonitorImpl,class com.ibm.ws.threading.internal.FutureMonitorImpl,[Threading],com.ibm.ws.threading.internal.resources.ThreadingMessages,null]"
  configAdmin = class com.ibm.ws.config.admin.internal.ConfigurationAdminImpl@fdce4ac
    tc = class com.ibm.websphere.ras.TraceComponent@30bf0fdb
      strings[0] = "TraceComponent[com.ibm.ws.config.admin.internal.ConfigurationAdminImpl,class com.ibm.ws.config.admin.internal.ConfigurationAdminImpl,[config],com.ibm.ws.config.internal.resources.ConfigMessages,null]"
    bundle = class org.eclipse.osgi.internal.framework.EquinoxBundle@798cf09d
      equinoxContainer = class org.eclipse.osgi.internal.framework.EquinoxContainer@2c5b7834
      module = class org.eclipse.osgi.internal.framework.EquinoxBundle$EquinoxModule@9afabf4
      monitor = class java.lang.Object@2df1e54b
      context = class org.eclipse.osgi.internal.framework.BundleContextImpl@8885fc9
      signerInfos = null
      $SWITCH_TABLE$org$eclipse$osgi$container$Module$State = {1,2,3,4,5,6,7} /* array length = 7 */
    caFactory = class com.ibm.ws.config.admin.internal.ConfigAdminServiceFactory@2686fc3b
      tc = class com.ibm.websphere.ras.TraceComponent@2d667970
      configurationPermission = class org.osgi.service.cm.ConfigurationPermission@46ce924f
      INDEX_DICTIONARY = 0
      INDEX_LOCATION = 1
      INDEX_METATYPE_PROCESSED = 2
      INDEX_IN_OVERRIDES_FILE = 3
      INDEX_REFERENCES = 4
      INDEX_UNIQUES = 5
      bundleContext = class org.eclipse.osgi.internal.framework.BundleContextImpl@5cf21472
      msTracker = class com.ibm.ws.config.admin.internal.ManagedServiceTracker@247db3a
      msfTracker = class com.ibm.ws.config.admin.internal.ManagedServiceFactoryTracker@5f1ad982
      pluginManager = class com.ibm.ws.config.admin.internal.PluginManager@35985b1e
      configurationStore = class com.ibm.ws.config.admin.internal.ConfigurationStore@776fb08
      updateQueue = class com.ibm.ws.config.admin.internal.UpdateQueue@3b546ed7
      ced = class com.ibm.ws.config.admin.internal.ConfigEventDispatcher@328b66f6
      idMap = class java.util.Collections$SynchronizedMap@45bc9b12
      referenceMap = class java.util.Collections$SynchronizedMap@75a29616
      variableRegistryTracker = class org.osgi.util.tracker.ServiceTracker@6d986ca3
      variableRegistry = class com.ibm.ws.kernel.service.location.internal.VariableRegistryHelper@4cd0b30
      configurationAdminRef = class org.eclipse.osgi.internal.serviceregistry.ServiceRegistrationImpl@4a6f20ba
      serialVersionUID = 6695202270027014725
    serialVersionUID = -2875522750804142523
  libraryConfigHelper = class com.ibm.ws.classloading.ClassLoaderConfigHelper@2aba3f1c
    tc = class com.ibm.websphere.ras.TraceComponent@6878ff28
      strings[0] = "TraceComponent[com.ibm.ws.classloading.ClassLoaderConfigHelper,class com.ibm.ws.classloading.ClassLoaderConfigHelper,[ClassLoadingService],com.ibm.ws.classloading.internal.resources.ClassLoadingServiceMessages,null]"
    DEFAULT_API_TYPES = class java.util.RegularEnumSet@47f176a3
      serialVersionUID = 3411599620347842686
      elements = 23
      elementType = class java.lang.Class@3a887dd5
      universe = class com.ibm.wsspi.classloading.ApiType[5]
      ZERO_LENGTH_ENUM_ARRAY = class java.lang.Enum[0]
      MAX_ARRAY_SIZE = 2147483639
    sharedLibraries = class java.util.Collections$EmptyList@1ce44a24
      serialVersionUID = 8842843931221139166
      modCount = 0
      MAX_ARRAY_SIZE = 2147483639
    commonLibraries = class java.util.Collections$EmptyList@1ce44a24
    classProviders = class java.util.Collections$EmptyList@1ce44a24
    sharedLibrariesPids = null
    commonLibrariesPids = null
    isDelegateLast = false
    apiTypes = class java.util.RegularEnumSet@47f176a3
    classLoaderConfigProps = null
    serialVersionUID = 7643888529935916418
  isDelegateLast = false
  permissionManager = class com.ibm.ws.classloading.java2sec.PermissionManager@4d1128a6
    tc = class com.ibm.websphere.ras.TraceComponent@68c4993
      strings[0] = "TraceComponent[com.ibm.ws.classloading.java2sec.PermissionManager,class com.ibm.ws.classloading.java2sec.PermissionManager,[Java2SecurityUtil],com.ibm.ws.classloading.internal.resources.Java2SecurityUtilMessages,null]"
    classLoadingService = class com.ibm.ws.classloading.internal.ClassLoadingServiceImpl@5572a438
    DEFAULT_SERVER_RESTRICTABLE_PERMISSIONS = class java.security.Permission[4]
      Permission[0] = class java.lang.RuntimePermission@450fe2da
      Permission[1] = class java.lang.RuntimePermission@63df693c
      Permission[2] = class java.security.SecurityPermission@3b3f58b7
      Permission[3] = class javax.security.auth.AuthPermission@6012f29
    DEFAULT_CLIENT_RESTRICTABLE_PERMISSIONS = class java.security.Permission[3]
      Permission[0] = class java.lang.RuntimePermission@236b656d
      Permission[1] = class java.security.SecurityPermission@204399bf
      Permission[2] = class javax.security.auth.AuthPermission@4e62f2b3
    isServer = true
    wsjarUrlStreamHandlerAvailable = true
    restrictablePermissions = class java.util.ArrayList@17264756
      serialVersionUID = 8683452581122892189
      DEFAULT_CAPACITY = 10
      EMPTY_ELEMENTDATA = class java.lang.Object[0]
      DEFAULTCAPACITY_EMPTY_ELEMENTDATA = class java.lang.Object[0]
      elementData = class java.lang.Object[10]
      size = 4
      MAX_ARRAY_SIZE = 2147483639
      modCount = 4
      MAX_ARRAY_SIZE = 2147483639
    grantedPermissions = class java.util.ArrayList@7c74c6a9
      serialVersionUID = 8683452581122892189
      DEFAULT_CAPACITY = 10
      EMPTY_ELEMENTDATA = class java.lang.Object[0]
      DEFAULTCAPACITY_EMPTY_ELEMENTDATA = class java.lang.Object[0]
      elementData = class java.lang.Object[10]
      size = 1
      MAX_ARRAY_SIZE = 2147483639
      modCount = 1
      MAX_ARRAY_SIZE = 2147483639
    KEY_PERMISSION = "permission"
    INCORRECT_PERMISSION_CONFIGURATION = "INCORRECT_PERMISSION_CONFIGURATION"
    PERMISSION_CLASSNOTFOUND = "PERMISSION_CLASSNOTFOUND"
    SERVER_XML = "server.xml"
    CLIENT_XML = "client.xml"
    originationFile = "server.xml"
    permissions = class com.ibm.wsspi.kernel.service.utils.ConcurrentServiceReferenceSet@1ebeb0a1
      referenceName = "permission"
      contextRef = class java.util.concurrent.atomic.AtomicReference@73e20a26
      elementMap = class java.util.LinkedHashMap@34c04b63
      elementSet = class java.util.concurrent.ConcurrentSkipListSet@b835cfb
      elementSetUnsorted = false
      serialVersionUID = 756240983881166148
      $$$tc$$$ = class com.ibm.websphere.ras.TraceComponent@b6c30b1
    codeBasePermissionMap = class java.util.HashMap@15c57a8f
      serialVersionUID = 362498820763181265
      DEFAULT_INITIAL_CAPACITY = 16
      MAXIMUM_CAPACITY = 1073741824
      DEFAULT_LOAD_FACTOR = 0.75
      TREEIFY_THRESHOLD = 8
      UNTREEIFY_THRESHOLD = 6
      MIN_TREEIFY_CAPACITY = 64
      table = null
      entrySet = null
      size = 0
      modCount = 0
      threshold = 0
      loadFactor = 0.75
      keySet = class java.util.HashMap$KeySet@2018b7c6
      values = null
    permissionXMLPermissionMap = class java.util.HashMap@307c9396
      serialVersionUID = 362498820763181265
      DEFAULT_INITIAL_CAPACITY = 16
      MAXIMUM_CAPACITY = 1073741824
      DEFAULT_LOAD_FACTOR = 0.75
      TREEIFY_THRESHOLD = 8
      UNTREEIFY_THRESHOLD = 6
      MIN_TREEIFY_CAPACITY = 64
      table = null
      entrySet = null
      size = 0
      modCount = 0
      threshold = 0
      loadFactor = 0.75
      keySet = null
      values = null
    serialVersionUID = 3514017629123673923
  permissionsConfig = null
  serialVersionUID = 5168023053972273360
  appInfo = class com.ibm.ws.container.service.app.deploy.internal.ApplicationInfoImpl@15571665
    appName = "testingPrimefaces"
    appMetaData = class com.ibm.ws.container.service.app.deploy.internal.ApplicationMetaDataImpl@4f370653
      j2eeName = class com.ibm.ws.container.service.metadata.internal.J2EENameImpl@3867290f
      serialVersionUID = -7906531148367236579
      $$$tc$$$ = class com.ibm.websphere.ras.TraceComponent@4e6c881a
      tc = class com.ibm.websphere.ras.TraceComponent@68979eda
      NUM_STATIC_SLOTS = 4
      ID_UNINITIALIZED = -1
      id = 1
      metaDataInterface = class java.lang.Class@68e7b825
      staticSlots = class java.lang.Object[4]
      dynamicSlots = class java.lang.Object[4]
    appContainer = class com.ibm.ws.adaptable.module.internal.AdaptableContainerImpl@49f00fb9
      root = class com.ibm.ws.adaptable.module.internal.AdaptableContainerImpl@49f00fb9
      rootOverlay = class com.ibm.ws.artifact.overlay.internal.DirectoryBasedOverlayContainerImpl@20885ea3
      factoryHolder = class com.ibm.ws.adaptable.module.internal.AdaptableModuleFactoryImpl@43c70b5d
      delegate = class com.ibm.ws.artifact.overlay.internal.DirectoryBasedOverlayContainerImpl@20885ea3
      notifier = class com.ibm.ws.adaptable.module.internal.NotifierImpl@57a0269a
      serialVersionUID = -5621513278641113667
      $$$tc$$$ = class com.ibm.websphere.ras.TraceComponent@995f853
    configHelper = class com.ibm.ws.app.manager.module.ApplicationNestedConfigHelper@89f8399
      appInfo = class com.ibm.ws.app.manager.internal.ApplicationInstallInfo@371a395c
      serialVersionUID = -3174031738676705046
      $$$tc$$$ = class com.ibm.websphere.ras.TraceComponent@2a8b32c7
    applicationInformation = class com.ibm.ws.app.manager.internal.ApplicationInstallInfo@371a395c
    serialVersionUID = -505303337196743781
    $$$tc$$$ = class com.ibm.websphere.ras.TraceComponent@6de97684
      strings[0] = "TraceComponent[com.ibm.ws.container.service.app.deploy.internal.ApplicationInfoImpl,class com.ibm.ws.container.service.app.deploy.internal.ApplicationInfoImpl,[container.service],com.ibm.ws.container.service.resources.Messages,null]"
  modulesDeployed = class java.util.ArrayList@14ae5ea0
    serialVersionUID = 8683452581122892189
    DEFAULT_CAPACITY = 10
    EMPTY_ELEMENTDATA = class java.lang.Object[0]
    DEFAULTCAPACITY_EMPTY_ELEMENTDATA = class java.lang.Object[0]
    elementData = class java.lang.Object[0]
    size = 0
    MAX_ARRAY_SIZE = 2147483639
    modCount = 0
    MAX_ARRAY_SIZE = 2147483639
  starting = false
  started = false
  appInfoFactory = class com.ibm.ws.container.service.app.deploy.internal.ApplicationInfoFactoryImpl@6f17d1f6
    j2eeNameFactory = class com.ibm.wsspi.kernel.service.utils.AtomicServiceReference@269a61b2
      referenceName = "j2eeNameFactory"
      tuple = class java.util.concurrent.atomic.AtomicReference@e648fd1
      serialVersionUID = 2226592364007985000
      $$$tc$$$ = class com.ibm.websphere.ras.TraceComponent@7a6cf171
    names = class java.util.HashSet@a3a879a
      serialVersionUID = -5024744406713321676
      map = class java.util.HashMap@f67ed92
      PRESENT = class java.lang.Object@26038a31
      MAX_ARRAY_SIZE = 2147483639
    serialVersionUID = 7443990212682384945
    $$$tc$$$ = class com.ibm.websphere.ras.TraceComponent@7428aa7c
      strings[0] = "TraceComponent[com.ibm.ws.container.service.app.deploy.internal.ApplicationInfoFactoryImpl,class com.ibm.ws.container.service.app.deploy.internal.ApplicationInfoFactoryImpl,[container.service],com.ibm.ws.container.service.resources.Messages,null]"
  metaDataService = class com.ibm.ws.container.service.metadata.internal.MetaDataServiceImpl@2b0790aa
    applicationMetaDataManager = class com.ibm.ws.container.service.metadata.internal.ApplicationMetaDataManager@67312d0b
      serialVersionUID = 1843747281024490904
      $$$tc$$$ = class com.ibm.websphere.ras.TraceComponent@69cf93d4
      listeners = class com.ibm.wsspi.kernel.service.utils.ConcurrentServiceReferenceSet@583f7cd1
      metaDataIDs = class com.ibm.ws.container.service.metadata.internal.IndexList@17605991
      metaDatas = class java.util.ArrayList@3573ac00
      slotIDs = class com.ibm.ws.container.service.metadata.internal.IndexList@3221bdb6
      serialVersionUID = 5464421863354792977
      $$$tc$$$ = class com.ibm.websphere.ras.TraceComponent@32f35a59
    moduleMetaDataManager = class com.ibm.ws.container.service.metadata.internal.ModuleMetaDataManager@2b390b20
      serialVersionUID = 2513574389899327209
      $$$tc$$$ = class com.ibm.websphere.ras.TraceComponent@346befc1
      listeners = class com.ibm.wsspi.kernel.service.utils.ConcurrentServiceReferenceSet@3ef55611
      metaDataIDs = class com.ibm.ws.container.service.metadata.internal.IndexList@4a31c2bc
      metaDatas = class java.util.ArrayList@6af5b213
      slotIDs = class com.ibm.ws.container.service.metadata.internal.IndexList@23d385ed
      serialVersionUID = 5464421863354792977
      $$$tc$$$ = class com.ibm.websphere.ras.TraceComponent@32f35a59
    componentMetaDataManager = class com.ibm.ws.container.service.metadata.internal.ComponentMetaDataManager@394c83f8
      serialVersionUID = 8629793739641703882
      $$$tc$$$ = class com.ibm.websphere.ras.TraceComponent@2718510c
      listeners = class com.ibm.wsspi.kernel.service.utils.ConcurrentServiceReferenceSet@2590043f
      metaDataIDs = class com.ibm.ws.container.service.metadata.internal.IndexList@59dfe532
      metaDatas = class java.util.ArrayList@41d32d75
      slotIDs = class com.ibm.ws.container.service.metadata.internal.IndexList@609ba30a
      serialVersionUID = 5464421863354792977
      $$$tc$$$ = class com.ibm.websphere.ras.TraceComponent@32f35a59
    methodMetaDataManager = class com.ibm.ws.container.service.metadata.internal.MethodMetaDataManager@5b70cb08
      serialVersionUID = -8002489041502300640
      $$$tc$$$ = class com.ibm.websphere.ras.TraceComponent@1fd9f7d8
      listeners = class com.ibm.wsspi.kernel.service.utils.ConcurrentServiceReferenceSet@4ebc0b9c
      metaDataIDs = class com.ibm.ws.container.service.metadata.internal.IndexList@297a0ab4
      metaDatas = class java.util.ArrayList@138795a2
      slotIDs = class com.ibm.ws.container.service.metadata.internal.IndexList@597680f6
      serialVersionUID = 5464421863354792977
      $$$tc$$$ = class com.ibm.websphere.ras.TraceComponent@32f35a59
    appModuleNameToModuleContainer = class java.util.concurrent.ConcurrentHashMap@35c7ec18
      serialVersionUID = 7249069246763182397
      MAXIMUM_CAPACITY = 1073741824
      DEFAULT_CAPACITY = 16
      MAX_ARRAY_SIZE = 2147483639
      DEFAULT_CONCURRENCY_LEVEL = 16
      LOAD_FACTOR = 0.75
      TREEIFY_THRESHOLD = 8
      UNTREEIFY_THRESHOLD = 6
      MIN_TREEIFY_CAPACITY = 64
      MIN_TRANSFER_STRIDE = 16
      RESIZE_STAMP_BITS = 16
      MAX_RESIZERS = 65535
      RESIZE_STAMP_SHIFT = 16
      MOVED = -1
      TREEBIN = -2
      RESERVED = -3
      HASH_BITS = 2147483647
      NCPU = 4
      serialPersistentFields = class java.io.ObjectStreamField[3]
      table = class java.util.concurrent.ConcurrentHashMap$Node[16]
      nextTable = null
      baseCount = 6
      sizeCtl = 12
      transferIndex = 0
      cellsBusy = 0
      counterCells = null
      keySet = null
      values = null
      entrySet = null
      U = class sun.misc.Unsafe@4a1e8fc
      SIZECTL = 20
      TRANSFERINDEX = 32
      BASECOUNT = 24
      CELLSBUSY = 36
      CELLVALUE = 144
      ABASE = 16
      ASHIFT = 2
      keySet = null
      values = null
    jeeNameToComponentMetaData = class java.util.concurrent.ConcurrentHashMap@5644918b
      serialVersionUID = 7249069246763182397
      MAXIMUM_CAPACITY = 1073741824
      DEFAULT_CAPACITY = 16
      MAX_ARRAY_SIZE = 2147483639
      DEFAULT_CONCURRENCY_LEVEL = 16
      LOAD_FACTOR = 0.75
      TREEIFY_THRESHOLD = 8
      UNTREEIFY_THRESHOLD = 6
      MIN_TREEIFY_CAPACITY = 64
      MIN_TRANSFER_STRIDE = 16
      RESIZE_STAMP_BITS = 16
      MAX_RESIZERS = 65535
      RESIZE_STAMP_SHIFT = 16
      MOVED = -1
      TREEBIN = -2
      RESERVED = -3
      HASH_BITS = 2147483647
      NCPU = 4
      serialPersistentFields = class java.io.ObjectStreamField[3]
      table = class java.util.concurrent.ConcurrentHashMap$Node[16]
      nextTable = null
      baseCount = 11
      sizeCtl = 12
      transferIndex = 0
      cellsBusy = 0
      counterCells = null
      keySet = null
      values = null
      entrySet = null
      U = class sun.misc.Unsafe@4a1e8fc
      SIZECTL = 20
      TRANSFERINDEX = 32
      BASECOUNT = 24
      CELLSBUSY = 36
      CELLVALUE = 144
      ABASE = 16
      ASHIFT = 2
      keySet = null
      values = null
    deferredMetaDataFactories = class com.ibm.wsspi.kernel.service.utils.ConcurrentServiceReferenceSet@bca8bf8
      referenceName = "deferredMetaDataFactory"
      contextRef = class java.util.concurrent.atomic.AtomicReference@3ec5f48f
      elementMap = class java.util.LinkedHashMap@319eca2b
      elementSet = class java.util.concurrent.ConcurrentSkipListSet@26efd1fb
      elementSetUnsorted = false
      serialVersionUID = 756240983881166148
      $$$tc$$$ = class com.ibm.websphere.ras.TraceComponent@b6c30b1
    deferredMetaDataInitializers = class com.ibm.wsspi.kernel.service.utils.ConcurrentServiceReferenceMap@563f3902
      referenceName = "deferredMetaDataFactory"
      context = class org.apache.felix.scr.impl.manager.ComponentContextImpl@2f882702
      elementMap = class java.util.concurrent.ConcurrentHashMap@370b7ad6
      serialVersionUID = 6980924785166233786
      $$$tc$$$ = class com.ibm.websphere.ras.TraceComponent@3312f4a4
    serialVersionUID = -2494605732980966097
    $$$tc$$$ = class com.ibm.websphere.ras.TraceComponent@3c305189
      strings[0] = "TraceComponent[com.ibm.ws.container.service.metadata.internal.MetaDataServiceImpl,class com.ibm.ws.container.service.metadata.internal.MetaDataServiceImpl,[Runtime],,null]"
  stateChangeService = class com.ibm.ws.container.service.state.internal.StateChangeServiceImpl@2e5d9e01
    applicationStateManager = class com.ibm.ws.container.service.state.internal.ApplicationStateManager@3353d9d4
      serialVersionUID = -6685368059484454124
      $$$tc$$$ = class com.ibm.websphere.ras.TraceComponent@2a8f95bf
      listeners = class com.ibm.wsspi.kernel.service.utils.ConcurrentServiceReferenceSet@7d09af53
      serialVersionUID = 2284273176985484160
      $$$tc$$$ = class com.ibm.websphere.ras.TraceComponent@1b9751e
    moduleStateManager = class com.ibm.ws.container.service.state.internal.ModuleStateManager@29936a9b
      serialVersionUID = -5540260902341249963
      $$$tc$$$ = class com.ibm.websphere.ras.TraceComponent@67242e1a
      listeners = class com.ibm.wsspi.kernel.service.utils.ConcurrentServiceReferenceSet@75fe038a
      serialVersionUID = 2284273176985484160
      $$$tc$$$ = class com.ibm.websphere.ras.TraceComponent@1b9751e
    serialVersionUID = -537917915330350560
    $$$tc$$$ = class com.ibm.websphere.ras.TraceComponent@23d07891
      strings[0] = "TraceComponent[com.ibm.ws.container.service.state.internal.StateChangeServiceImpl,class com.ibm.ws.container.service.state.internal.StateChangeServiceImpl,[Runtime],,null]"
  moduleClassesInfo = class com.ibm.ws.app.manager.module.internal.SimpleDeployedAppInfoBase$ModuleClassesInfoProvider@48e08e34
    entryContainerInfosMap = class java.util.HashMap@748b8dfa
      serialVersionUID = 362498820763181265
      DEFAULT_INITIAL_CAPACITY = 16
      MAXIMUM_CAPACITY = 1073741824
      DEFAULT_LOAD_FACTOR = 0.75
      TREEIFY_THRESHOLD = 8
      UNTREEIFY_THRESHOLD = 6
      MIN_TREEIFY_CAPACITY = 64
      table = null
      entrySet = null
      size = 0
      modCount = 0
      threshold = 0
      loadFactor = 0.75
      keySet = null
      values = null
    serialVersionUID = -70332790531324534
    $$$tc$$$ = class com.ibm.websphere.ras.TraceComponent@191f3677
      strings[0] = "TraceComponent[com.ibm.ws.app.manager.module.internal.SimpleDeployedAppInfoBase$ModuleClassesInfoProvider,class com.ibm.ws.app.manager.module.internal.SimpleDeployedAppInfoBase$ModuleClassesInfoProvider,[applications, app.manager],,null]"
  moduleContainerInfos = class java.util.ArrayList@19a97ebf
    serialVersionUID = 8683452581122892189
    DEFAULT_CAPACITY = 10
    EMPTY_ELEMENTDATA = class java.lang.Object[0]
    DEFAULTCAPACITY_EMPTY_ELEMENTDATA = class java.lang.Object[0]
    elementData = class java.lang.Object[10]
      Object[0] = class com.ibm.ws.app.manager.module.internal.SimpleDeployedAppInfoBase$WebModuleContainerInfo@73022116
      Object[1] = null
      Object[2] = null
      Object[3] = null
      Object[4] = null
      Object[5] = null
      Object[6] = null
      Object[7] = null
      Object[8] = null
      Object[9] = null
    size = 1
    MAX_ARRAY_SIZE = 2147483639
    modCount = 1
    MAX_ARRAY_SIZE = 2147483639
  activeModuleHandlers = class java.util.IdentityHashMap@e3c2fe0
    DEFAULT_CAPACITY = 32
    MINIMUM_CAPACITY = 4
    MAXIMUM_CAPACITY = 536870912
    table = class java.lang.Object[16]
      Object[0] = class com.ibm.ws.app.manager.module.internal.WebModuleInfoImpl@133a0638
      Object[1] = class com.ibm.ws.app.manager.web.internal.WebModuleHandlerImpl@64668197
      Object[2] = null
      Object[3] = null
      Object[4] = null
      Object[5] = null
      Object[6] = null
      Object[7] = null
      Object[8] = null
      Object[9] = null
      Object[10] = null
      Object[11] = null
      Object[12] = null
      Object[13] = null
      Object[14] = null
      Object[15] = null
    size = 1
    modCount = 1
    NULL_KEY = class java.lang.Object@6c2c797d
    entrySet = null
    serialVersionUID = 8188218128353913216
    keySet = null
    values = null
  serialVersionUID = 7078125893012250887
  $$$tc$$$ = class com.ibm.websphere.ras.TraceComponent@71a2f5a3
    strings[0] = "TraceComponent[com.ibm.ws.app.manager.module.internal.SimpleDeployedAppInfoBase,class com.ibm.ws.app.manager.module.internal.SimpleDeployedAppInfoBase,[applications, app.manager],,null]"

Dump of objectArray[0]
Object type = com.ibm.ws.threading.internal.NonCancelableResultFuture
  _done = false
  _result = null
  _failure = null
  _listeners = class java.util.concurrent.ConcurrentLinkedQueue@170a8e1
    serialVersionUID = 196745693267521676
    head = class java.util.concurrent.ConcurrentLinkedQueue$Node@6f301456
      item = null
      next = null
      UNSAFE = class sun.misc.Unsafe@4a1e8fc
      itemOffset = 12
      nextOffset = 16
    tail = class java.util.concurrent.ConcurrentLinkedQueue$Node@6f301456
    UNSAFE = class sun.misc.Unsafe@4a1e8fc
      theUnsafe = class sun.misc.Unsafe@4a1e8fc
      INVALID_FIELD_OFFSET = -1
      ARRAY_BOOLEAN_BASE_OFFSET = 16
      ARRAY_BYTE_BASE_OFFSET = 16
      ARRAY_SHORT_BASE_OFFSET = 16
      ARRAY_CHAR_BASE_OFFSET = 16
      ARRAY_INT_BASE_OFFSET = 16
      ARRAY_LONG_BASE_OFFSET = 16
      ARRAY_FLOAT_BASE_OFFSET = 16
      ARRAY_DOUBLE_BASE_OFFSET = 16
      ARRAY_OBJECT_BASE_OFFSET = 16
      ARRAY_BOOLEAN_INDEX_SCALE = 1
      ARRAY_BYTE_INDEX_SCALE = 1
      ARRAY_SHORT_INDEX_SCALE = 2
      ARRAY_CHAR_INDEX_SCALE = 2
      ARRAY_INT_INDEX_SCALE = 4
      ARRAY_LONG_INDEX_SCALE = 8
      ARRAY_FLOAT_INDEX_SCALE = 4
      ARRAY_DOUBLE_INDEX_SCALE = 8
      ARRAY_OBJECT_INDEX_SCALE = 4
      ADDRESS_SIZE = 8
    headOffset = 12
    tailOffset = 16
    MAX_ARRAY_SIZE = 2147483639
  _notifiedListeners = class java.util.concurrent.atomic.AtomicBoolean@63e94d56
    serialVersionUID = 4654671469794556979
    unsafe = class sun.misc.Unsafe@4a1e8fc
    valueOffset = 12
    value = 0
  serialVersionUID = -296387658814354272
  $$$tc$$$ = class com.ibm.websphere.ras.TraceComponent@5241ca33
    strings[0] = "TraceComponent[com.ibm.ws.threading.internal.NonCancelableResultFuture,class com.ibm.ws.threading.internal.NonCancelableResultFuture,[Threading],com.ibm.ws.threading.internal.resources.ThreadingMessages,null]"

