------Start of DE processing------ = [9/05/19 14:27:40:957 PET]
Exception = com.ibm.wsspi.injectionengine.InjectionException
Source = com.ibm.ws.cdi.impl.weld.injection.WebSphereInjectionServicesImpl
probeid = 198
Stack Dump = com.ibm.wsspi.injectionengine.InjectionException: CWNEN0030E: La fábrica java:comp/env/view.student.StudentCreateView/service ha encontrado un problema al obtener el objeto de enlace The EJB reference in the AsterikProject.war module of the AsterikProject application could not be resolved; nested exception is: com.ibm.ejs.container.EJBNotFoundException: EJB with interface view.student.StudentService not present in application AsterikProject. de la instancia del objeto. El mensaje de la excepción es: {2}
	at com.ibm.wsspi.injectionengine.InjectionBinding.getInjectionObject(InjectionBinding.java:1454)
	at com.ibm.ws.ejb.injection.processor.EJBInjectionBinding.getInjectionObject(EJBInjectionBinding.java:1046)
	at com.ibm.wsspi.injectionengine.InjectionBinding.getInjectableObject(InjectionBinding.java:1368)
	at com.ibm.wsspi.injectionengine.InjectionTarget.inject(InjectionTarget.java:104)
	at com.ibm.ws.cdi.impl.weld.injection.WebSphereInjectionServicesImpl.inject(WebSphereInjectionServicesImpl.java:197)
	at com.ibm.ws.cdi.impl.weld.injection.WebSphereInjectionServicesImpl.inject(WebSphereInjectionServicesImpl.java:149)
	at com.ibm.ws.cdi.impl.weld.injection.WebSphereInjectionServicesImpl.access$000(WebSphereInjectionServicesImpl.java:73)
	at com.ibm.ws.cdi.impl.weld.injection.WebSphereInjectionServicesImpl$1.run(WebSphereInjectionServicesImpl.java:133)
	at com.ibm.ws.cdi.impl.weld.injection.WebSphereInjectionServicesImpl$1.run(WebSphereInjectionServicesImpl.java:129)
	at java.base/java.security.AccessController.doPrivileged(AccessController.java:551)
	at com.ibm.ws.cdi.impl.weld.injection.WebSphereInjectionServicesImpl.callInject(WebSphereInjectionServicesImpl.java:129)
	at com.ibm.ws.cdi.impl.weld.injection.WebSphereInjectionServicesImpl.injectJavaEEResources(WebSphereInjectionServicesImpl.java:111)
	at com.ibm.ws.cdi.impl.weld.injection.WebSphereInjectionServicesImpl.aroundInject(WebSphereInjectionServicesImpl.java:316)
	at org.jboss.weld.injection.InjectionContextImpl.run(InjectionContextImpl.java:46)
	at org.jboss.weld.injection.producer.ResourceInjector.inject(ResourceInjector.java:71)
	at org.jboss.weld.injection.producer.BasicInjectionTarget.inject(BasicInjectionTarget.java:117)
	at org.jboss.weld.bean.ManagedBean.create(ManagedBean.java:159)
	at org.jboss.weld.util.bean.IsolatedForwardingBean.create(IsolatedForwardingBean.java:45)
	at org.jboss.weld.contexts.AbstractContext.get(AbstractContext.java:96)
	at org.jboss.weld.contexts.PassivatingContextWrapper$AbstractPassivatingContextWrapper.get(PassivatingContextWrapper.java:84)
	at org.jboss.weld.bean.ContextualInstanceStrategy$DefaultContextualInstanceStrategy.get(ContextualInstanceStrategy.java:100)
	at org.jboss.weld.bean.ContextualInstanceStrategy$CachingContextualInstanceStrategy.get(ContextualInstanceStrategy.java:177)
	at org.jboss.weld.bean.ContextualInstance.get(ContextualInstance.java:50)
	at org.jboss.weld.manager.BeanManagerImpl.getReference(BeanManagerImpl.java:694)
	at org.jboss.weld.module.web.el.AbstractWeldELResolver.lookup(AbstractWeldELResolver.java:107)
	at org.jboss.weld.module.web.el.AbstractWeldELResolver.getValue(AbstractWeldELResolver.java:90)
	at javax.el.CompositeELResolver.getValue(CompositeELResolver.java:66)
	at org.apache.myfaces.el.unified.resolver.FacesCompositeELResolver.getValue(FacesCompositeELResolver.java:179)
	at org.apache.el.parser.AstIdentifier.getValue(AstIdentifier.java:80)
	at org.apache.el.parser.AstValue.getValue(AstValue.java:135)
	at org.apache.el.ValueExpressionImpl.getValue(ValueExpressionImpl.java:184)
	at org.apache.myfaces.view.facelets.el.ContextAwareTagValueExpression.getValue(ContextAwareTagValueExpression.java:93)
	at javax.faces.component._DeltaStateHelper.eval(_DeltaStateHelper.java:356)
	at javax.faces.component.UIOutput.getValue(UIOutput.java:67)
	at javax.faces.component.UIInput.getValue(UIInput.java:170)
	at org.primefaces.util.ComponentUtils.getValueToRender(ComponentUtils.java:109)
	at org.primefaces.util.ComponentUtils.getValueToRender(ComponentUtils.java:73)
	at org.primefaces.component.inputtext.InputTextRenderer.encodeMarkup(InputTextRenderer.java:92)
	at org.primefaces.component.inputtext.InputTextRenderer.encodeEnd(InputTextRenderer.java:62)
	at javax.faces.component.UIComponentBase.encodeEnd(UIComponentBase.java:675)
	at javax.faces.component.UIComponentBase.encodeAll(UIComponentBase.java:555)
	at org.primefaces.component.panelgrid.PanelGridRenderer.encodeDynamicBody(PanelGridRenderer.java:150)
	at org.primefaces.component.panelgrid.PanelGridRenderer.encodeTableBody(PanelGridRenderer.java:112)
	at org.primefaces.component.panelgrid.PanelGridRenderer.encodeTableLayout(PanelGridRenderer.java:75)
	at org.primefaces.component.panelgrid.PanelGridRenderer.encodeEnd(PanelGridRenderer.java:47)
	at javax.faces.component.UIComponentBase.encodeEnd(UIComponentBase.java:675)
	at javax.faces.component.UIComponentBase.encodeAll(UIComponentBase.java:555)
	at javax.faces.component.UIComponentBase.encodeAll(UIComponentBase.java:551)
	at javax.faces.component.UIComponentBase.encodeAll(UIComponentBase.java:551)
	at javax.faces.component.UIComponentBase.encodeAll(UIComponentBase.java:551)
	at org.apache.myfaces.view.facelets.FaceletViewDeclarationLanguage.renderView(FaceletViewDeclarationLanguage.java:1897)
	at org.apache.myfaces.application.ViewHandlerImpl.renderView(ViewHandlerImpl.java:315)
	at javax.faces.application.ViewHandlerWrapper.renderView(ViewHandlerWrapper.java:73)
	at org.apache.myfaces.lifecycle.RenderResponseExecutor.execute(RenderResponseExecutor.java:117)
	at org.apache.myfaces.lifecycle.LifecycleImpl.render(LifecycleImpl.java:266)
	at javax.faces.webapp.FacesServlet.service(FacesServlet.java:206)
	at com.ibm.ws.webcontainer.servlet.ServletWrapper.service(ServletWrapper.java:1255)
	at com.ibm.ws.webcontainer.servlet.ServletWrapper.handleRequest(ServletWrapper.java:743)
	at com.ibm.ws.webcontainer.servlet.ServletWrapper.handleRequest(ServletWrapper.java:440)
	at com.ibm.ws.webcontainer.filter.WebAppFilterChain.invokeTarget(WebAppFilterChain.java:182)
	at com.ibm.ws.webcontainer.filter.WebAppFilterChain.doFilter(WebAppFilterChain.java:93)
	at com.ibm.ws.security.jaspi.JaspiServletFilter.doFilter(JaspiServletFilter.java:56)
	at com.ibm.ws.webcontainer.filter.FilterInstanceWrapper.doFilter(FilterInstanceWrapper.java:201)
	at com.ibm.ws.webcontainer.filter.WebAppFilterChain.doFilter(WebAppFilterChain.java:90)
	at com.ibm.ws.webcontainer.filter.WebAppFilterManager.doFilter(WebAppFilterManager.java:996)
	at com.ibm.ws.webcontainer.filter.WebAppFilterManager.invokeFilters(WebAppFilterManager.java:1134)
	at com.ibm.ws.webcontainer.webapp.WebApp.handleRequest(WebApp.java:4968)
	at com.ibm.ws.webcontainer.osgi.DynamicVirtualHost$2.handleRequest(DynamicVirtualHost.java:314)
	at com.ibm.ws.webcontainer.WebContainer.handleRequest(WebContainer.java:992)
	at com.ibm.ws.webcontainer.osgi.DynamicVirtualHost$2.run(DynamicVirtualHost.java:279)
	at com.ibm.ws.http.dispatcher.internal.channel.HttpDispatcherLink$TaskWrapper.run(HttpDispatcherLink.java:1047)
	at com.ibm.ws.http.dispatcher.internal.channel.HttpDispatcherLink.wrapHandlerAndExecute(HttpDispatcherLink.java:417)
	at com.ibm.ws.http.dispatcher.internal.channel.HttpDispatcherLink.ready(HttpDispatcherLink.java:376)
	at com.ibm.ws.http.channel.internal.inbound.HttpInboundLink.handleDiscrimination(HttpInboundLink.java:532)
	at com.ibm.ws.http.channel.internal.inbound.HttpInboundLink.handleNewRequest(HttpInboundLink.java:466)
	at com.ibm.ws.http.channel.internal.inbound.HttpInboundLink.processRequest(HttpInboundLink.java:331)
	at com.ibm.ws.http.channel.internal.inbound.HttpInboundLink.ready(HttpInboundLink.java:302)
	at com.ibm.ws.tcpchannel.internal.NewConnectionInitialReadCallback.sendToDiscriminators(NewConnectionInitialReadCallback.java:165)
	at com.ibm.ws.tcpchannel.internal.NewConnectionInitialReadCallback.complete(NewConnectionInitialReadCallback.java:74)
	at com.ibm.ws.tcpchannel.internal.WorkQueueManager.requestComplete(WorkQueueManager.java:503)
	at com.ibm.ws.tcpchannel.internal.WorkQueueManager.attemptIO(WorkQueueManager.java:573)
	at com.ibm.ws.tcpchannel.internal.WorkQueueManager.workerRun(WorkQueueManager.java:954)
	at com.ibm.ws.tcpchannel.internal.WorkQueueManager$Worker.run(WorkQueueManager.java:1043)
	at com.ibm.ws.threading.internal.ExecutorServiceImpl$RunnableWrapper.run(ExecutorServiceImpl.java:239)
	at java.base/java.util.concurrent.ThreadPoolExecutor.runWorker(ThreadPoolExecutor.java:1128)
	at java.base/java.util.concurrent.ThreadPoolExecutor$Worker.run(ThreadPoolExecutor.java:628)
	at java.base/java.lang.Thread.run(Thread.java:835)
Caused by: javax.ejb.EJBException: The EJB reference in the AsterikProject.war module of the AsterikProject application could not be resolved; nested exception is: com.ibm.ejs.container.EJBNotFoundException: EJB with interface view.student.StudentService not present in application AsterikProject.
	at com.ibm.ws.ejbcontainer.injection.factory.EJBLinkObjectFactory.getObjectInstance(EJBLinkObjectFactory.java:126)
	at com.ibm.wsspi.injectionengine.InjectionBinding.getInjectionObjectInstance(InjectionBinding.java:1552)
	at com.ibm.ws.ejb.injection.processor.EJBInjectionBinding.getInjectionObjectInstance(EJBInjectionBinding.java:1108)
	at com.ibm.wsspi.injectionengine.InjectionBinding.getInjectionObject(InjectionBinding.java:1428)
	... 86 more
Caused by: com.ibm.ejs.container.EJBNotFoundException: EJB with interface view.student.StudentService not present in application AsterikProject.
	at com.ibm.ejs.container.HomeOfHomes.getHomeByInterface(HomeOfHomes.java:901)
	at com.ibm.ws.ejbcontainer.injection.factory.EJBLinkObjectFactory.getObjectInstance(EJBLinkObjectFactory.java:219)
	at com.ibm.ws.ejbcontainer.injection.factory.EJBLinkObjectFactory.getObjectInstance(EJBLinkObjectFactory.java:106)
	... 89 more

Dump of callerThis
Object type = com.ibm.ws.cdi.impl.weld.injection.WebSphereInjectionServicesImpl
  tc = class com.ibm.websphere.ras.TraceComponent@3b8baaf5
    strings[0] = "TraceComponent[com.ibm.ws.cdi.impl.weld.injection.WebSphereInjectionServicesImpl,class com.ibm.ws.cdi.impl.weld.injection.WebSphereInjectionServicesImpl,[JCDI],com.ibm.ws.cdi.impl.resources.CDI,null]"
  ANNOTATIONS_KNOWN_TO_WELD = class java.util.HashSet@37c816a5
    serialVersionUID = -5024744406713321676
    map = class java.util.HashMap@48c500b5
      serialVersionUID = 362498820763181265
      DEFAULT_INITIAL_CAPACITY = 16
      MAXIMUM_CAPACITY = 1073741824
      DEFAULT_LOAD_FACTOR = 0.75
      TREEIFY_THRESHOLD = 8
      UNTREEIFY_THRESHOLD = 6
      MIN_TREEIFY_CAPACITY = 64
      table = class java.util.HashMap$Node[16]
      entrySet = null
      size = 1
      modCount = 1
      threshold = 12
      loadFactor = 0.75
      keySet = null
      values = null
    PRESENT = class java.lang.Object@56da4068
    MAX_ARRAY_SIZE = 2147483639
  referenceContextMap = class java.util.HashMap@658500dd
    serialVersionUID = 362498820763181265
    DEFAULT_INITIAL_CAPACITY = 16
    MAXIMUM_CAPACITY = 1073741824
    DEFAULT_LOAD_FACTOR = 0.75
    TREEIFY_THRESHOLD = 8
    UNTREEIFY_THRESHOLD = 6
    MIN_TREEIFY_CAPACITY = 64
    table = class java.util.HashMap$Node[128]
      Node[0] = null
      Node[1] = null
      Node[2] = class java.util.HashMap$Node@45b89ee4
      Node[3] = class java.util.HashMap$Node@7b1d3194
      Node[4] = class java.util.HashMap$Node@3e70a967
      Node[5] = class java.util.HashMap$Node@3c4b5486
      Node[6] = null
      Node[7] = null
      Node[8] = class java.util.HashMap$Node@3d85a255
      Node[9] = null
      Node[10] = null
      Node[11] = class java.util.HashMap$Node@2f06b5e0
      Node[12] = class java.util.HashMap$Node@14060af6
      Node[13] = null
      Node[14] = class java.util.HashMap$Node@728f9394
      Node[15] = class java.util.HashMap$Node@6288109a
      Node[16] = null
      Node[17] = class java.util.HashMap$Node@78bb009e
      Node[18] = null
      Node[19] = null
      Node[20] = class java.util.HashMap$Node@5c4ef4c5
      Node[21] = class java.util.HashMap$Node@52d3dfeb
      Node[22] = class java.util.HashMap$Node@70fd09eb
      Node[23] = class java.util.HashMap$Node@5062589a
      Node[24] = class java.util.HashMap$Node@7ba1768f
      Node[25] = class java.util.HashMap$Node@37c1c297
      Node[26] = class java.util.HashMap$Node@2f6b37d5
      Node[27] = null
      Node[28] = null
      Node[29] = class java.util.HashMap$Node@6d0f0c2a
      Node[30] = class java.util.HashMap$Node@1dea1a0a
      Node[31] = null
      Node[32] = null
      Node[33] = class java.util.HashMap$Node@2486a65a
      Node[34] = null
      Node[35] = null
      Node[36] = class java.util.HashMap$Node@52a5e880
      Node[37] = class java.util.HashMap$Node@47dec0a2
      Node[38] = null
      Node[39] = null
      Node[40] = null
      Node[41] = null
      Node[42] = class java.util.HashMap$Node@a29a819
      Node[43] = class java.util.HashMap$Node@1b8c6b70
      Node[44] = class java.util.HashMap$Node@66906169
      Node[45] = null
      Node[46] = null
      Node[47] = null
      Node[48] = null
      Node[49] = null
      Node[50] = class java.util.HashMap$Node@577a76c9
      Node[51] = class java.util.HashMap$Node@1054655f
      Node[52] = null
      Node[53] = null
      Node[54] = null
      Node[55] = null
      Node[56] = class java.util.HashMap$Node@68fb4bce
      Node[57] = class java.util.HashMap$Node@d05e491
      Node[58] = null
      Node[59] = null
      Node[60] = class java.util.HashMap$Node@9cd07c6
      Node[61] = null
      Node[62] = class java.util.HashMap$Node@3a80f53d
      Node[63] = class java.util.HashMap$Node@8177c98
      Node[64] = null
      Node[65] = null
      Node[66] = null
      Node[67] = null
      Node[68] = null
      Node[69] = null
      Node[70] = class java.util.HashMap$Node@2a942067
      Node[71] = null
      Node[72] = null
      Node[73] = null
      Node[74] = class java.util.HashMap$Node@4b86e1c4
      Node[75] = null
      Node[76] = null
      Node[77] = null
      Node[78] = null
      Node[79] = null
      Node[80] = null
      Node[81] = null
      Node[82] = null
      Node[83] = class java.util.HashMap$Node@7612cc94
      Node[84] = class java.util.HashMap$Node@45d28d72
      Node[85] = null
      Node[86] = null
      Node[87] = null
      Node[88] = null
      Node[89] = null
      Node[90] = null
      Node[91] = class java.util.HashMap$Node@4ece0ab7
      Node[92] = null
      Node[93] = class java.util.HashMap$Node@32ba5a6b
      Node[94] = null
      Node[95] = null
      Node[96] = null
      Node[97] = null
      Node[98] = null
      Node[99] = null
      Node[100] = class java.util.HashMap$Node@522c46c4
      Node[101] = null
      Node[102] = null
      Node[103] = null
      Node[104] = null
      Node[105] = null
      Node[106] = class java.util.HashMap$Node@344f8ee
      Node[107] = class java.util.HashMap$Node@3d61d183
      Node[108] = null
      Node[109] = null
      Node[110] = class java.util.HashMap$Node@5de8ad46
      Node[111] = class java.util.HashMap$Node@6d42da59
      Node[112] = null
      Node[113] = null
      Node[114] = null
      Node[115] = null
      Node[116] = null
      Node[117] = null
      Node[118] = null
      Node[119] = null
      Node[120] = null
      Node[121] = null
      Node[122] = null
      Node[123] = null
      Node[124] = null
      Node[125] = class java.util.HashMap$Node@49e5cc97
      Node[126] = class java.util.HashMap$Node@7abbf1e1
      Node[127] = null
    entrySet = null
    size = 55
    modCount = 55
    threshold = 96
    loadFactor = 0.75
    keySet = null
    values = null
  referenceContexts = class java.util.HashSet@349bea64
    serialVersionUID = -5024744406713321676
    map = class java.util.HashMap@29b1778d
      serialVersionUID = 362498820763181265
      DEFAULT_INITIAL_CAPACITY = 16
      MAXIMUM_CAPACITY = 1073741824
      DEFAULT_LOAD_FACTOR = 0.75
      TREEIFY_THRESHOLD = 8
      UNTREEIFY_THRESHOLD = 6
      MIN_TREEIFY_CAPACITY = 64
      table = class java.util.HashMap$Node[16]
      entrySet = null
      size = 1
      modCount = 1
      threshold = 12
      loadFactor = 0.75
      keySet = class java.util.HashMap$KeySet@6b9aaac6
      values = null
    PRESENT = class java.lang.Object@56da4068
    MAX_ARRAY_SIZE = 2147483639
  injectionTargetListeners = class java.util.concurrent.ConcurrentHashMap@6a8dcafe
    serialVersionUID = 7249069246763182397
    MAXIMUM_CAPACITY = 1073741824
    DEFAULT_CAPACITY = 16
    MAX_ARRAY_SIZE = 2147483639
    DEFAULT_CONCURRENCY_LEVEL = 16
    LOAD_FACTOR = 0.75
    TREEIFY_THRESHOLD = 8
    UNTREEIFY_THRESHOLD = 6
    MIN_TREEIFY_CAPACITY = 64
    MIN_TRANSFER_STRIDE = 16
    RESIZE_STAMP_BITS = 16
    MAX_RESIZERS = 65535
    RESIZE_STAMP_SHIFT = 16
    MOVED = -1
    TREEBIN = -2
    RESERVED = -3
    HASH_BITS = 2147483647
    NCPU = 4
    serialPersistentFields = class java.io.ObjectStreamField[3]
      ObjectStreamField[0] = class java.io.ObjectStreamField@1ec54436
      ObjectStreamField[1] = class java.io.ObjectStreamField@522be9dd
      ObjectStreamField[2] = class java.io.ObjectStreamField@4fc6d5d8
    table = class java.util.concurrent.ConcurrentHashMap$Node[16]
      Node[0] = null
      Node[1] = null
      Node[2] = null
      Node[3] = null
      Node[4] = null
      Node[5] = null
      Node[6] = null
      Node[7] = null
      Node[8] = null
      Node[9] = null
      Node[10] = null
      Node[11] = null
      Node[12] = null
      Node[13] = null
      Node[14] = null
      Node[15] = null
    nextTable = null
    baseCount = 0
    sizeCtl = 12
    transferIndex = 0
    cellsBusy = 0
    counterCells = null
    keySet = null
    values = null
    entrySet = null
    U = class jdk.internal.misc.Unsafe@72900c48
      Failed to resolve fields for jdk.internal.misc.Unsafe = "java.lang.reflect.InaccessibleObjectException: Unable to make field private static final jdk.internal.misc.Unsafe jdk.internal.misc.Unsafe.theUnsafe accessible: module java.base does not "opens jdk.internal.misc" to unnamed module @4c70fda8
	at java.base/java.lang.reflect.AccessibleObject.checkCanSetAccessible(AccessibleObject.java:341)
	at java.base/java.lang.reflect.AccessibleObject.checkCanSetAccessible(AccessibleObject.java:281)
	at java.base/java.lang.reflect.Field.checkCanSetAccessible(Field.java:176)
	at java.base/java.lang.reflect.AccessibleObject.setAccessible(AccessibleObject.java:124)
	at com.ibm.ws.logging.internal.impl.IntrospectionLevelMember$2.run(IntrospectionLevelMember.java:316)
	at com.ibm.ws.logging.internal.impl.IntrospectionLevelMember$2.run(IntrospectionLevelMember.java:310)
	at java.base/java.security.AccessController.doPrivileged(AccessController.java:310)
	at com.ibm.ws.logging.internal.impl.IntrospectionLevelMember.getFields(IntrospectionLevelMember.java:310)
	at com.ibm.ws.logging.internal.impl.IntrospectionLevelMember.introspectViaReflection(IntrospectionLevelMember.java:199)
	at com.ibm.ws.logging.internal.impl.IntrospectionLevelMember.getChildren(IntrospectionLevelMember.java:163)
	at com.ibm.ws.logging.internal.impl.IntrospectionLevel.getNextLevel(IntrospectionLevel.java:100)
	at com.ibm.ws.logging.internal.impl.IncidentStreamImpl.introspect(IncidentStreamImpl.java:437)
	at com.ibm.ws.logging.internal.impl.IncidentStreamImpl.introspectAndWrite(IncidentStreamImpl.java:129)
	at com.ibm.ws.logging.internal.impl.IncidentStreamImpl.introspectAndWriteLine(IncidentStreamImpl.java:164)
	at com.ibm.ws.logging.internal.impl.IncidentLogger.logIncident(IncidentLogger.java:97)
	at com.ibm.ws.logging.internal.impl.IncidentLogger.logIncident(IncidentLogger.java:35)
	at com.ibm.ws.logging.internal.impl.IncidentImpl.log(IncidentImpl.java:249)
	at com.ibm.ws.logging.internal.impl.BaseFFDCService.log(BaseFFDCService.java:239)
	at com.ibm.ws.logging.internal.impl.BaseFFDCService.processException(BaseFFDCService.java:216)
	at com.ibm.ws.ffdc.FFDCFilter.processException(FFDCFilter.java:94)
	at com.ibm.ws.cdi.impl.weld.injection.WebSphereInjectionServicesImpl.inject(WebSphereInjectionServicesImpl.java:198)
	at com.ibm.ws.cdi.impl.weld.injection.WebSphereInjectionServicesImpl.inject(WebSphereInjectionServicesImpl.java:149)
	at com.ibm.ws.cdi.impl.weld.injection.WebSphereInjectionServicesImpl.access$000(WebSphereInjectionServicesImpl.java:73)
	at com.ibm.ws.cdi.impl.weld.injection.WebSphereInjectionServicesImpl$1.run(WebSphereInjectionServicesImpl.java:133)
	at com.ibm.ws.cdi.impl.weld.injection.WebSphereInjectionServicesImpl$1.run(WebSphereInjectionServicesImpl.java:129)
	at java.base/java.security.AccessController.doPrivileged(AccessController.java:551)
	at com.ibm.ws.cdi.impl.weld.injection.WebSphereInjectionServicesImpl.callInject(WebSphereInjectionServicesImpl.java:129)
	at com.ibm.ws.cdi.impl.weld.injection.WebSphereInjectionServicesImpl.injectJavaEEResources(WebSphereInjectionServicesImpl.java:111)
	at com.ibm.ws.cdi.impl.weld.injection.WebSphereInjectionServicesImpl.aroundInject(WebSphereInjectionServicesImpl.java:316)
	at org.jboss.weld.injection.InjectionContextImpl.run(InjectionContextImpl.java:46)
	at org.jboss.weld.injection.producer.ResourceInjector.inject(ResourceInjector.java:71)
	at org.jboss.weld.injection.producer.BasicInjectionTarget.inject(BasicInjectionTarget.java:117)
	at org.jboss.weld.bean.ManagedBean.create(ManagedBean.java:159)
	at org.jboss.weld.util.bean.IsolatedForwardingBean.create(IsolatedForwardingBean.java:45)
	at org.jboss.weld.contexts.AbstractContext.get(AbstractContext.java:96)
	at org.jboss.weld.contexts.PassivatingContextWrapper$AbstractPassivatingContextWrapper.get(PassivatingContextWrapper.java:84)
	at org.jboss.weld.bean.ContextualInstanceStrategy$DefaultContextualInstanceStrategy.get(ContextualInstanceStrategy.java:100)
	at org.jboss.weld.bean.ContextualInstanceStrategy$CachingContextualInstanceStrategy.get(ContextualInstanceStrategy.java:177)
	at org.jboss.weld.bean.ContextualInstance.get(ContextualInstance.java:50)
	at org.jboss.weld.manager.BeanManagerImpl.getReference(BeanManagerImpl.java:694)
	at org.jboss.weld.module.web.el.AbstractWeldELResolver.lookup(AbstractWeldELResolver.java:107)
	at org.jboss.weld.module.web.el.AbstractWeldELResolver.getValue(AbstractWeldELResolver.java:90)
	at javax.el.CompositeELResolver.getValue(CompositeELResolver.java:66)
	at org.apache.myfaces.el.unified.resolver.FacesCompositeELResolver.getValue(FacesCompositeELResolver.java:179)
	at org.apache.el.parser.AstIdentifier.getValue(AstIdentifier.java:80)
	at org.apache.el.parser.AstValue.getValue(AstValue.java:135)
	at org.apache.el.ValueExpressionImpl.getValue(ValueExpressionImpl.java:184)
	at org.apache.myfaces.view.facelets.el.ContextAwareTagValueExpression.getValue(ContextAwareTagValueExpression.java:93)
	at javax.faces.component._DeltaStateHelper.eval(_DeltaStateHelper.java:356)
	at javax.faces.component.UIOutput.getValue(UIOutput.java:67)
	at javax.faces.component.UIInput.getValue(UIInput.java:170)
	at org.primefaces.util.ComponentUtils.getValueToRender(ComponentUtils.java:109)
	at org.primefaces.util.ComponentUtils.getValueToRender(ComponentUtils.java:73)
	at org.primefaces.component.inputtext.InputTextRenderer.encodeMarkup(InputTextRenderer.java:92)
	at org.primefaces.component.inputtext.InputTextRenderer.encodeEnd(InputTextRenderer.java:62)
	at javax.faces.component.UIComponentBase.encodeEnd(UIComponentBase.java:675)
	at javax.faces.component.UIComponentBase.encodeAll(UIComponentBase.java:555)
	at org.primefaces.component.panelgrid.PanelGridRenderer.encodeDynamicBody(PanelGridRenderer.java:150)
	at org.primefaces.component.panelgrid.PanelGridRenderer.encodeTableBody(PanelGridRenderer.java:112)
	at org.primefaces.component.panelgrid.PanelGridRenderer.encodeTableLayout(PanelGridRenderer.java:75)
	at org.primefaces.component.panelgrid.PanelGridRenderer.encodeEnd(PanelGridRenderer.java:47)
	at javax.faces.component.UIComponentBase.encodeEnd(UIComponentBase.java:675)
	at javax.faces.component.UIComponentBase.encodeAll(UIComponentBase.java:555)
	at javax.faces.component.UIComponentBase.encodeAll(UIComponentBase.java:551)
	at javax.faces.component.UIComponentBase.encodeAll(UIComponentBase.java:551)
	at javax.faces.component.UIComponentBase.encodeAll(UIComponentBase.java:551)
	at org.apache.myfaces.view.facelets.FaceletViewDeclarationLanguage.renderView(FaceletViewDeclarationLanguage.java:1897)
	at org.apache.myfaces.application.ViewHandlerImpl.renderView(ViewHandlerImpl.java:315)
	at javax.faces.application.ViewHandlerWrapper.renderView(ViewHandlerWrapper.java:73)
	at org.apache.myfaces.lifecycle.RenderResponseExecutor.execute(RenderResponseExecutor.java:117)
	at org.apache.myfaces.lifecycle.LifecycleImpl.render(LifecycleImpl.java:266)
	at javax.faces.webapp.FacesServlet.service(FacesServlet.java:206)
	at com.ibm.ws.webcontainer.servlet.ServletWrapper.service(ServletWrapper.java:1255)
	at com.ibm.ws.webcontainer.servlet.ServletWrapper.handleRequest(ServletWrapper.java:743)
	at com.ibm.ws.webcontainer.servlet.ServletWrapper.handleRequest(ServletWrapper.java:440)
	at com.ibm.ws.webcontainer.filter.WebAppFilterChain.invokeTarget(WebAppFilterChain.java:182)
	at com.ibm.ws.webcontainer.filter.WebAppFilterChain.doFilter(WebAppFilterChain.java:93)
	at com.ibm.ws.security.jaspi.JaspiServletFilter.doFilter(JaspiServletFilter.java:56)
	at com.ibm.ws.webcontainer.filter.FilterInstanceWrapper.doFilter(FilterInstanceWrapper.java:201)
	at com.ibm.ws.webcontainer.filter.WebAppFilterChain.doFilter(WebAppFilterChain.java:90)
	at com.ibm.ws.webcontainer.filter.WebAppFilterManager.doFilter(WebAppFilterManager.java:996)
	at com.ibm.ws.webcontainer.filter.WebAppFilterManager.invokeFilters(WebAppFilterManager.java:1134)
	at com.ibm.ws.webcontainer.webapp.WebApp.handleRequest(WebApp.java:4968)
	at com.ibm.ws.webcontainer.osgi.DynamicVirtualHost$2.handleRequest(DynamicVirtualHost.java:314)
	at com.ibm.ws.webcontainer.WebContainer.handleRequest(WebContainer.java:992)
	at com.ibm.ws.webcontainer.osgi.DynamicVirtualHost$2.run(DynamicVirtualHost.java:279)
	at com.ibm.ws.http.dispatcher.internal.channel.HttpDispatcherLink$TaskWrapper.run(HttpDispatcherLink.java:1047)
	at com.ibm.ws.http.dispatcher.internal.channel.HttpDispatcherLink.wrapHandlerAndExecute(HttpDispatcherLink.java:417)
	at com.ibm.ws.http.dispatcher.internal.channel.HttpDispatcherLink.ready(HttpDispatcherLink.java:376)
	at com.ibm.ws.http.channel.internal.inbound.HttpInboundLink.handleDiscrimination(HttpInboundLink.java:532)
	at com.ibm.ws.http.channel.internal.inbound.HttpInboundLink.handleNewRequest(HttpInboundLink.java:466)
	at com.ibm.ws.http.channel.internal.inbound.HttpInboundLink.processRequest(HttpInboundLink.java:331)
	at com.ibm.ws.http.channel.internal.inbound.HttpInboundLink.ready(HttpInboundLink.java:302)
	at com.ibm.ws.tcpchannel.internal.NewConnectionInitialReadCallback.sendToDiscriminators(NewConnectionInitialReadCallback.java:165)
	at com.ibm.ws.tcpchannel.internal.NewConnectionInitialReadCallback.complete(NewConnectionInitialReadCallback.java:74)
	at com.ibm.ws.tcpchannel.internal.WorkQueueManager.requestComplete(WorkQueueManager.java:503)
	at com.ibm.ws.tcpchannel.internal.WorkQueueManager.attemptIO(WorkQueueManager.java:573)
	at com.ibm.ws.tcpchannel.internal.WorkQueueManager.workerRun(WorkQueueManager.java:954)
	at com.ibm.ws.tcpchannel.internal.WorkQueueManager$Worker.run(WorkQueueManager.java:1043)
	at com.ibm.ws.threading.internal.ExecutorServiceImpl$RunnableWrapper.run(ExecutorServiceImpl.java:239)
	at java.base/java.util.concurrent.ThreadPoolExecutor.runWorker(ThreadPoolExecutor.java:1128)
	at java.base/java.util.concurrent.ThreadPoolExecutor$Worker.run(ThreadPoolExecutor.java:628)
	at java.base/java.lang.Thread.run(Thread.java:835)
"
    SIZECTL = 20
    TRANSFERINDEX = 32
    BASECOUNT = 24
    CELLSBUSY = 36
    CELLVALUE = 144
    ABASE = 16
    ASHIFT = 2
    keySet = null
    values = null
  deployment = class com.ibm.ws.cdi.impl.weld.WebSphereCDIDeploymentImpl@1d079434
    id = "AsterikProject"
    deploymentDBAs = class java.util.HashMap@70134d9d
      serialVersionUID = 362498820763181265
      DEFAULT_INITIAL_CAPACITY = 16
      MAXIMUM_CAPACITY = 1073741824
      DEFAULT_LOAD_FACTOR = 0.75
      TREEIFY_THRESHOLD = 8
      UNTREEIFY_THRESHOLD = 6
      MIN_TREEIFY_CAPACITY = 64
      table = class java.util.HashMap$Node[32]
      entrySet = null
      size = 20
      modCount = 20
      threshold = 24
      loadFactor = 0.75
      keySet = null
      values = class java.util.HashMap$Values@1722b37c
    applicationBDAs = class java.util.HashSet@77fa30c8
      serialVersionUID = -5024744406713321676
      map = class java.util.HashMap@194a6f62
      PRESENT = class java.lang.Object@56da4068
      MAX_ARRAY_SIZE = 2147483639
    extensionBDAs = class java.util.HashMap@289a120c
      serialVersionUID = 362498820763181265
      DEFAULT_INITIAL_CAPACITY = 16
      MAXIMUM_CAPACITY = 1073741824
      DEFAULT_LOAD_FACTOR = 0.75
      TREEIFY_THRESHOLD = 8
      UNTREEIFY_THRESHOLD = 6
      MIN_TREEIFY_CAPACITY = 64
      table = class java.util.HashMap$Node[32]
      entrySet = null
      size = 13
      modCount = 13
      threshold = 24
      loadFactor = 0.75
      keySet = null
      values = class java.util.HashMap$Values@68791b34
    orderedBDAs = class java.util.ArrayList@5a9aa91b
      serialVersionUID = 8683452581122892189
      DEFAULT_CAPACITY = 10
      EMPTY_ELEMENTDATA = class java.lang.Object[0]
      DEFAULTCAPACITY_EMPTY_ELEMENTDATA = class java.lang.Object[0]
      elementData = class java.lang.Object[19]
      size = 17
      MAX_ARRAY_SIZE = 2147483639
      modCount = 2
      MAX_ARRAY_SIZE = 2147483639
    bootstrap = class org.jboss.weld.bootstrap.WeldBootstrap@300f6870
      weldStartup = null
      weldRuntime = class org.jboss.weld.bootstrap.WeldRuntime@716ace2c
      beansXmlValidator = null
    classloader = class com.ibm.ws.classloading.internal.AppClassLoader@32ae4a9a
      tc = class com.ibm.websphere.ras.TraceComponent@31a9c06f
      PARENT_FIRST_SEARCH_ORDER = class java.util.Collections$UnmodifiableRandomAccessList@7e2c89a8
      CLASS_LOADING_TRACE_PREFIX = "com.ibm.ws.class.load."
      DEFAULT_PACKAGE = "default.package"
      perPackageClassLoadingTraceComponents = class java.util.concurrent.ConcurrentHashMap@5bbd4b75
      config = class com.ibm.ws.classloading.internal.ClassLoaderConfigurationImpl@36faf3e6
      privateLibraries = null
      delegateLoaders = class com.ibm.ws.classloading.internal.util.CompositeIterable@7c01ab24
      nativeLibraryFiles = class java.util.ArrayList@667a0cc5
      transformers = class java.util.ArrayList@57ad059c
      apiAccess = class com.ibm.ws.classloading.internal.GatewayClassLoader@58677a16
      generator = class com.ibm.ws.classloading.internal.ClassGeneratorManager@36a9a94c
      protectionDomains = class java.util.concurrent.ConcurrentHashMap@47807c36
      parent = class com.ibm.ws.classloading.internal.GatewayClassLoader@58677a16
      hook = null
      serialVersionUID = 7911131531697267209
      tc = class com.ibm.websphere.ras.TraceComponent@5af03ec5
      smartClassPath = class com.ibm.ws.classloading.internal.ContainerClassLoader$SmartClassPathImpl@712a4c27
      nativeLibraryContainers = class java.util.ArrayList@4e94367b
      redefiner = class com.ibm.ws.classloading.internal.util.ClassRedefiner@350c052c
      jarProtocol = "wsjar:"
      mapCreationQueue = class java.util.concurrent.Executors$FinalizableDelegatedExecutorService@7129be77
      serialVersionUID = 4390450102868895350
      serialVersionUID = -7411549862368381758
      $$$tc$$$ = class com.ibm.websphere.ras.TraceComponent@2da8b036
      serialVersionUID = -4868702105808481416
      $$$tc$$$ = class com.ibm.websphere.ras.TraceComponent@550455c2
      serialVersionUID = 2596921220292114344
      $$$tc$$$ = class com.ibm.websphere.ras.TraceComponent@78af1e96
      pdcache = class java.util.concurrent.ConcurrentHashMap@52c19f01
    extensionClassLoaders = class java.util.HashSet@16d562c9
      serialVersionUID = -5024744406713321676
      map = class java.util.HashMap@4ead0f7c
      PRESENT = class java.lang.Object@56da4068
      MAX_ARRAY_SIZE = 2147483639
    cdiEnabled = true
    cdiStatusMap = class java.util.HashMap@6e27086d
      serialVersionUID = 362498820763181265
      DEFAULT_INITIAL_CAPACITY = 16
      MAXIMUM_CAPACITY = 1073741824
      DEFAULT_LOAD_FACTOR = 0.75
      TREEIFY_THRESHOLD = 8
      UNTREEIFY_THRESHOLD = 6
      MIN_TREEIFY_CAPACITY = 64
      table = class java.util.HashMap$Node[16]
      entrySet = null
      size = 4
      modCount = 4
      threshold = 12
      loadFactor = 0.75
      keySet = null
      values = null
    classBDAMap = class java.util.concurrent.ConcurrentHashMap@61faa6c3
      serialVersionUID = 7249069246763182397
      MAXIMUM_CAPACITY = 1073741824
      DEFAULT_CAPACITY = 16
      MAX_ARRAY_SIZE = 2147483639
      DEFAULT_CONCURRENCY_LEVEL = 16
      LOAD_FACTOR = 0.75
      TREEIFY_THRESHOLD = 8
      UNTREEIFY_THRESHOLD = 6
      MIN_TREEIFY_CAPACITY = 64
      MIN_TRANSFER_STRIDE = 16
      RESIZE_STAMP_BITS = 16
      MAX_RESIZERS = 65535
      RESIZE_STAMP_SHIFT = 16
      MOVED = -1
      TREEBIN = -2
      RESERVED = -3
      HASH_BITS = 2147483647
      NCPU = 4
      serialPersistentFields = class java.io.ObjectStreamField[3]
      table = class java.util.concurrent.ConcurrentHashMap$Node[256]
      nextTable = null
      baseCount = 38
      sizeCtl = 192
      transferIndex = 0
      cellsBusy = 0
      counterCells = class java.util.concurrent.ConcurrentHashMap$CounterCell[2]
      keySet = null
      values = null
      entrySet = null
      U = class jdk.internal.misc.Unsafe@72900c48
      SIZECTL = 20
      TRANSFERINDEX = 32
      BASECOUNT = 24
      CELLSBUSY = 36
      CELLVALUE = 144
      ABASE = 16
      ASHIFT = 2
      keySet = null
      values = null
    application = class com.ibm.ws.cdi.internal.archive.liberty.ApplicationImpl@2afd0e64
      tc = class com.ibm.websphere.ras.TraceComponent@38786599
      applicationInfo = class com.ibm.ws.container.service.app.deploy.internal.ApplicationInfoImpl@2457aacb
      earApplicationInfo = null
      factory = class com.ibm.ws.cdi.internal.archive.liberty.RuntimeFactory@6f92b8df
      type = class com.ibm.ws.cdi.internal.interfaces.ApplicationType@778774bf
      moduleArchives = class java.util.HashMap$Values@3ec46696
      libraryArchives = class java.util.HashMap$Values@42bf4a82
      serialVersionUID = -758033848591896501
    serviceRegistry = class org.jboss.weld.bootstrap.api.helpers.SimpleServiceRegistry@1703e2d8
      services = class java.util.HashMap@77957df8
      bootstrapServices = class java.util.HashSet@434563c8
    extensions = class java.util.HashSet@4131e435
      serialVersionUID = -5024744406713321676
      map = class java.util.HashMap@a44b3d5
      PRESENT = class java.lang.Object@56da4068
      MAX_ARRAY_SIZE = 2147483639
    injectionServices = class com.ibm.ws.cdi.impl.weld.injection.WebSphereInjectionServicesImpl@207fd6e7
    cdiRuntime = class com.ibm.ws.cdi.liberty.CDIRuntimeImpl@75499e6e
      tc = class com.ibm.websphere.ras.TraceComponent@552d6aeb
      metaDataSlotServiceSR = class com.ibm.wsspi.kernel.service.utils.AtomicServiceReference@e196bf5
      ejbEndpointServiceSR = class com.ibm.wsspi.kernel.service.utils.AtomicServiceReference@2c3668a4
      classLoadingSRRef = class com.ibm.wsspi.kernel.service.utils.AtomicServiceReference@602a5bc0
      ejbServices = class com.ibm.wsspi.kernel.service.utils.AtomicServiceReference@4fdf860b
      transactionService = class com.ibm.wsspi.kernel.service.utils.AtomicServiceReference@adc1ac6
      securityServices = class com.ibm.wsspi.kernel.service.utils.AtomicServiceReference@15b03071
      extensionsSR = class com.ibm.wsspi.kernel.service.utils.ConcurrentServiceReferenceSet@27f68d5c
      containerFactorySRRef = class com.ibm.wsspi.kernel.service.utils.AtomicServiceReference@142ab877
      adaptableModuleFactorySRRef = class com.ibm.wsspi.kernel.service.utils.AtomicServiceReference@7e4a9a1e
      injectionEngineServiceRef = class com.ibm.wsspi.kernel.service.utils.AtomicServiceReference@6a6d1e1e
      scheduledExecutorServiceRef = class com.ibm.wsspi.kernel.service.utils.AtomicServiceReference@7962e262
      executorServiceRef = class com.ibm.wsspi.kernel.service.utils.AtomicServiceReference@38ca1439
      managedExecutorServiceRef = class com.ibm.wsspi.kernel.service.utils.AtomicServiceReference@127af354
      containerConfigRef = class com.ibm.wsspi.kernel.service.utils.AtomicServiceReference@10e592eb
      resourceRefConfigFactoryRef = class com.ibm.wsspi.kernel.service.utils.AtomicServiceReference@7e7a0367
      deferredMetaDataFactoryRef = class com.ibm.wsspi.kernel.service.utils.AtomicServiceReference@16f9bb4d
      applicationSlot = class com.ibm.ws.runtime.metadata.MetaDataSlotImpl@535c1a95
      isClientProcess = false
      runtimeFactory = class com.ibm.ws.cdi.internal.archive.liberty.RuntimeFactory@6f92b8df
      proxyServices = class com.ibm.ws.cdi.liberty.ProxyServicesImpl@415def71
      serialVersionUID = 3303311990318899787
      cdiContainer = class com.ibm.ws.cdi.impl.CDIContainerImpl@5b273cad
      serialVersionUID = -3685775177967064433
      $$$tc$$$ = class com.ibm.websphere.ras.TraceComponent@18ddcf1e
    cdi = class com.ibm.ws.cdi.impl.CDIImpl@3705208d
      cdiService = class com.ibm.ws.cdi.liberty.CDIRuntimeImpl@75499e6e
      serialVersionUID = -7939958868102936626
      $$$tc$$$ = class com.ibm.websphere.ras.TraceComponent@2c1213f9
      knownClassNames = class org.jboss.weld.util.collections.ImmutableTinySet$Tripleton@1a2507c4
      instanceCache = class org.jboss.weld.util.cache.ReentrantMapBackedComputingCache@299e2ea7
      lock = class java.lang.Object@53302f0b
      discoveredProviders = null
      configuredProvider = class com.ibm.ws.cdi.liberty.CDIRuntimeImpl@75499e6e
    serialVersionUID = 8639462765890932626
    $$$tc$$$ = class com.ibm.websphere.ras.TraceComponent@1455ca03
      strings[0] = "TraceComponent[com.ibm.ws.cdi.impl.weld.WebSphereCDIDeploymentImpl,class com.ibm.ws.cdi.impl.weld.WebSphereCDIDeploymentImpl,[JCDI],com.ibm.ws.cdi.impl.resources.CDI,null]"
  serialVersionUID = 2515575801175940133

Dump of objectArray[0]
Object type = view.student.StudentCreateView
  serialVersionUID = 1
  student = null
  service = null

Dump of objectArray[1]
Object type = java.lang.Class
  ANNOTATION = 8192
  ENUM = 16384
  SYNTHETIC = 4096
  cachedConstructor = null
  name = "view.student.StudentCreateView"
  module = class java.lang.Module@7309857d
  packageName = "view.student"
  componentType = null
  allPermDomain = class java.security.ProtectionDomain@68336b60
    filePermCompatInPD = false
    codesource = null
    classloader = null
    principals = interface java.security.Principal[0]
    permissions = class java.security.Permissions@67fe0dc
      permsMap = class java.util.concurrent.ConcurrentHashMap@430a7ab7
      hasUnresolved = false
      allPermission = class java.security.AllPermissionCollection@1c2c9084
      serialVersionUID = 4858622370623524688
      serialPersistentFields = class java.io.ObjectStreamField[2]
      serialVersionUID = -6727011328946861783
      readOnly = true
    hasAllPerm = true
    staticPermissions = true
    key = class java.security.ProtectionDomain$Key@61f2251b
      this$0 = class java.security.ProtectionDomain@68336b60
  reflectionData = class java.lang.ref.SoftReference@2ef9d1b9
    clock = 222692161
    timestamp = 222692161
    referent = class java.lang.Class$ReflectionData@5f5707b7
      declaredFields = class java.lang.reflect.Field[3]
      publicFields = null
      declaredMethods = class java.lang.reflect.Method[3]
      publicMethods = null
      declaredConstructors = class java.lang.reflect.Constructor[1]
      publicConstructors = null
      declaredPublicFields = null
      declaredPublicMethods = null
      interfaces = class java.lang.Class[1]
      simpleName = "StudentCreateView"
      canonicalName = "view.student.StudentCreateView"
      NULL_SENTINEL = ""
      redefinedCount = 0
    queue = class java.lang.ref.ReferenceQueue$Null@751506a6
      NULL = class java.lang.ref.ReferenceQueue$Null@751506a6
      ENQUEUED = class java.lang.ref.ReferenceQueue$Null@656743d9
      lock = class java.lang.ref.ReferenceQueue$Lock@b83655d
      head = null
      queueLength = 0
      $assertionsDisabled = true
    next = null
    discovered = null
    processPendingLock = class java.lang.Object@43c75df9
    processPendingActive = false
  classRedefinedCount = 0
  genericInfo = class sun.reflect.generics.repository.ClassRepository@471f1cb0
    NONE = class sun.reflect.generics.repository.ClassRepository@471f1cb0
    superclass = null
    superInterfaces = null
    typeParameters = null
    factory = null
    tree = class sun.reflect.generics.tree.ClassSignature@4c74c442
      formalTypeParams = class sun.reflect.generics.tree.FormalTypeParameter[0]
      superclass = class sun.reflect.generics.tree.ClassTypeSignature@151e4d4f
      superInterfaces = class sun.reflect.generics.tree.ClassTypeSignature[0]
  EMPTY_CLASS_ARRAY = class java.lang.Class[0]
  serialVersionUID = 3206093459760846163
  serialPersistentFields = class java.io.ObjectStreamField[0]
  reflectionFactory = class jdk.internal.reflect.ReflectionFactory@612d8326
    Failed to resolve fields for jdk.internal.reflect.ReflectionFactory = "java.lang.reflect.InaccessibleObjectException: Unable to make field private static boolean jdk.internal.reflect.ReflectionFactory.initted accessible: module java.base does not "opens jdk.internal.reflect" to unnamed module @4c70fda8
	at java.base/java.lang.reflect.AccessibleObject.checkCanSetAccessible(AccessibleObject.java:341)
	at java.base/java.lang.reflect.AccessibleObject.checkCanSetAccessible(AccessibleObject.java:281)
	at java.base/java.lang.reflect.Field.checkCanSetAccessible(Field.java:176)
	at java.base/java.lang.reflect.AccessibleObject.setAccessible(AccessibleObject.java:124)
	at com.ibm.ws.logging.internal.impl.IntrospectionLevelMember$2.run(IntrospectionLevelMember.java:316)
	at com.ibm.ws.logging.internal.impl.IntrospectionLevelMember$2.run(IntrospectionLevelMember.java:310)
	at java.base/java.security.AccessController.doPrivileged(AccessController.java:310)
	at com.ibm.ws.logging.internal.impl.IntrospectionLevelMember.getFields(IntrospectionLevelMember.java:310)
	at com.ibm.ws.logging.internal.impl.IntrospectionLevelMember.introspectViaReflection(IntrospectionLevelMember.java:199)
	at com.ibm.ws.logging.internal.impl.IntrospectionLevelMember.getChildren(IntrospectionLevelMember.java:163)
	at com.ibm.ws.logging.internal.impl.IntrospectionLevel.getNextLevel(IntrospectionLevel.java:100)
	at com.ibm.ws.logging.internal.impl.IncidentStreamImpl.introspect(IncidentStreamImpl.java:437)
	at com.ibm.ws.logging.internal.impl.IncidentStreamImpl.introspectAndWrite(IncidentStreamImpl.java:129)
	at com.ibm.ws.logging.internal.impl.IncidentStreamImpl.introspectAndWriteLine(IncidentStreamImpl.java:164)
	at com.ibm.ws.logging.internal.impl.IncidentLogger.logIncident(IncidentLogger.java:102)
	at com.ibm.ws.logging.internal.impl.IncidentLogger.logIncident(IncidentLogger.java:35)
	at com.ibm.ws.logging.internal.impl.IncidentImpl.log(IncidentImpl.java:249)
	at com.ibm.ws.logging.internal.impl.BaseFFDCService.log(BaseFFDCService.java:239)
	at com.ibm.ws.logging.internal.impl.BaseFFDCService.processException(BaseFFDCService.java:216)
	at com.ibm.ws.ffdc.FFDCFilter.processException(FFDCFilter.java:94)
	at com.ibm.ws.cdi.impl.weld.injection.WebSphereInjectionServicesImpl.inject(WebSphereInjectionServicesImpl.java:198)
	at com.ibm.ws.cdi.impl.weld.injection.WebSphereInjectionServicesImpl.inject(WebSphereInjectionServicesImpl.java:149)
	at com.ibm.ws.cdi.impl.weld.injection.WebSphereInjectionServicesImpl.access$000(WebSphereInjectionServicesImpl.java:73)
	at com.ibm.ws.cdi.impl.weld.injection.WebSphereInjectionServicesImpl$1.run(WebSphereInjectionServicesImpl.java:133)
	at com.ibm.ws.cdi.impl.weld.injection.WebSphereInjectionServicesImpl$1.run(WebSphereInjectionServicesImpl.java:129)
	at java.base/java.security.AccessController.doPrivileged(AccessController.java:551)
	at com.ibm.ws.cdi.impl.weld.injection.WebSphereInjectionServicesImpl.callInject(WebSphereInjectionServicesImpl.java:129)
	at com.ibm.ws.cdi.impl.weld.injection.WebSphereInjectionServicesImpl.injectJavaEEResources(WebSphereInjectionServicesImpl.java:111)
	at com.ibm.ws.cdi.impl.weld.injection.WebSphereInjectionServicesImpl.aroundInject(WebSphereInjectionServicesImpl.java:316)
	at org.jboss.weld.injection.InjectionContextImpl.run(InjectionContextImpl.java:46)
	at org.jboss.weld.injection.producer.ResourceInjector.inject(ResourceInjector.java:71)
	at org.jboss.weld.injection.producer.BasicInjectionTarget.inject(BasicInjectionTarget.java:117)
	at org.jboss.weld.bean.ManagedBean.create(ManagedBean.java:159)
	at org.jboss.weld.util.bean.IsolatedForwardingBean.create(IsolatedForwardingBean.java:45)
	at org.jboss.weld.contexts.AbstractContext.get(AbstractContext.java:96)
	at org.jboss.weld.contexts.PassivatingContextWrapper$AbstractPassivatingContextWrapper.get(PassivatingContextWrapper.java:84)
	at org.jboss.weld.bean.ContextualInstanceStrategy$DefaultContextualInstanceStrategy.get(ContextualInstanceStrategy.java:100)
	at org.jboss.weld.bean.ContextualInstanceStrategy$CachingContextualInstanceStrategy.get(ContextualInstanceStrategy.java:177)
	at org.jboss.weld.bean.ContextualInstance.get(ContextualInstance.java:50)
	at org.jboss.weld.manager.BeanManagerImpl.getReference(BeanManagerImpl.java:694)
	at org.jboss.weld.module.web.el.AbstractWeldELResolver.lookup(AbstractWeldELResolver.java:107)
	at org.jboss.weld.module.web.el.AbstractWeldELResolver.getValue(AbstractWeldELResolver.java:90)
	at javax.el.CompositeELResolver.getValue(CompositeELResolver.java:66)
	at org.apache.myfaces.el.unified.resolver.FacesCompositeELResolver.getValue(FacesCompositeELResolver.java:179)
	at org.apache.el.parser.AstIdentifier.getValue(AstIdentifier.java:80)
	at org.apache.el.parser.AstValue.getValue(AstValue.java:135)
	at org.apache.el.ValueExpressionImpl.getValue(ValueExpressionImpl.java:184)
	at org.apache.myfaces.view.facelets.el.ContextAwareTagValueExpression.getValue(ContextAwareTagValueExpression.java:93)
	at javax.faces.component._DeltaStateHelper.eval(_DeltaStateHelper.java:356)
	at javax.faces.component.UIOutput.getValue(UIOutput.java:67)
	at javax.faces.component.UIInput.getValue(UIInput.java:170)
	at org.primefaces.util.ComponentUtils.getValueToRender(ComponentUtils.java:109)
	at org.primefaces.util.ComponentUtils.getValueToRender(ComponentUtils.java:73)
	at org.primefaces.component.inputtext.InputTextRenderer.encodeMarkup(InputTextRenderer.java:92)
	at org.primefaces.component.inputtext.InputTextRenderer.encodeEnd(InputTextRenderer.java:62)
	at javax.faces.component.UIComponentBase.encodeEnd(UIComponentBase.java:675)
	at javax.faces.component.UIComponentBase.encodeAll(UIComponentBase.java:555)
	at org.primefaces.component.panelgrid.PanelGridRenderer.encodeDynamicBody(PanelGridRenderer.java:150)
	at org.primefaces.component.panelgrid.PanelGridRenderer.encodeTableBody(PanelGridRenderer.java:112)
	at org.primefaces.component.panelgrid.PanelGridRenderer.encodeTableLayout(PanelGridRenderer.java:75)
	at org.primefaces.component.panelgrid.PanelGridRenderer.encodeEnd(PanelGridRenderer.java:47)
	at javax.faces.component.UIComponentBase.encodeEnd(UIComponentBase.java:675)
	at javax.faces.component.UIComponentBase.encodeAll(UIComponentBase.java:555)
	at javax.faces.component.UIComponentBase.encodeAll(UIComponentBase.java:551)
	at javax.faces.component.UIComponentBase.encodeAll(UIComponentBase.java:551)
	at javax.faces.component.UIComponentBase.encodeAll(UIComponentBase.java:551)
	at org.apache.myfaces.view.facelets.FaceletViewDeclarationLanguage.renderView(FaceletViewDeclarationLanguage.java:1897)
	at org.apache.myfaces.application.ViewHandlerImpl.renderView(ViewHandlerImpl.java:315)
	at javax.faces.application.ViewHandlerWrapper.renderView(ViewHandlerWrapper.java:73)
	at org.apache.myfaces.lifecycle.RenderResponseExecutor.execute(RenderResponseExecutor.java:117)
	at org.apache.myfaces.lifecycle.LifecycleImpl.render(LifecycleImpl.java:266)
	at javax.faces.webapp.FacesServlet.service(FacesServlet.java:206)
	at com.ibm.ws.webcontainer.servlet.ServletWrapper.service(ServletWrapper.java:1255)
	at com.ibm.ws.webcontainer.servlet.ServletWrapper.handleRequest(ServletWrapper.java:743)
	at com.ibm.ws.webcontainer.servlet.ServletWrapper.handleRequest(ServletWrapper.java:440)
	at com.ibm.ws.webcontainer.filter.WebAppFilterChain.invokeTarget(WebAppFilterChain.java:182)
	at com.ibm.ws.webcontainer.filter.WebAppFilterChain.doFilter(WebAppFilterChain.java:93)
	at com.ibm.ws.security.jaspi.JaspiServletFilter.doFilter(JaspiServletFilter.java:56)
	at com.ibm.ws.webcontainer.filter.FilterInstanceWrapper.doFilter(FilterInstanceWrapper.java:201)
	at com.ibm.ws.webcontainer.filter.WebAppFilterChain.doFilter(WebAppFilterChain.java:90)
	at com.ibm.ws.webcontainer.filter.WebAppFilterManager.doFilter(WebAppFilterManager.java:996)
	at com.ibm.ws.webcontainer.filter.WebAppFilterManager.invokeFilters(WebAppFilterManager.java:1134)
	at com.ibm.ws.webcontainer.webapp.WebApp.handleRequest(WebApp.java:4968)
	at com.ibm.ws.webcontainer.osgi.DynamicVirtualHost$2.handleRequest(DynamicVirtualHost.java:314)
	at com.ibm.ws.webcontainer.WebContainer.handleRequest(WebContainer.java:992)
	at com.ibm.ws.webcontainer.osgi.DynamicVirtualHost$2.run(DynamicVirtualHost.java:279)
	at com.ibm.ws.http.dispatcher.internal.channel.HttpDispatcherLink$TaskWrapper.run(HttpDispatcherLink.java:1047)
	at com.ibm.ws.http.dispatcher.internal.channel.HttpDispatcherLink.wrapHandlerAndExecute(HttpDispatcherLink.java:417)
	at com.ibm.ws.http.dispatcher.internal.channel.HttpDispatcherLink.ready(HttpDispatcherLink.java:376)
	at com.ibm.ws.http.channel.internal.inbound.HttpInboundLink.handleDiscrimination(HttpInboundLink.java:532)
	at com.ibm.ws.http.channel.internal.inbound.HttpInboundLink.handleNewRequest(HttpInboundLink.java:466)
	at com.ibm.ws.http.channel.internal.inbound.HttpInboundLink.processRequest(HttpInboundLink.java:331)
	at com.ibm.ws.http.channel.internal.inbound.HttpInboundLink.ready(HttpInboundLink.java:302)
	at com.ibm.ws.tcpchannel.internal.NewConnectionInitialReadCallback.sendToDiscriminators(NewConnectionInitialReadCallback.java:165)
	at com.ibm.ws.tcpchannel.internal.NewConnectionInitialReadCallback.complete(NewConnectionInitialReadCallback.java:74)
	at com.ibm.ws.tcpchannel.internal.WorkQueueManager.requestComplete(WorkQueueManager.java:503)
	at com.ibm.ws.tcpchannel.internal.WorkQueueManager.attemptIO(WorkQueueManager.java:573)
	at com.ibm.ws.tcpchannel.internal.WorkQueueManager.workerRun(WorkQueueManager.java:954)
	at com.ibm.ws.tcpchannel.internal.WorkQueueManager$Worker.run(WorkQueueManager.java:1043)
	at com.ibm.ws.threading.internal.ExecutorServiceImpl$RunnableWrapper.run(ExecutorServiceImpl.java:239)
	at java.base/java.util.concurrent.ThreadPoolExecutor.runWorker(ThreadPoolExecutor.java:1128)
	at java.base/java.util.concurrent.ThreadPoolExecutor$Worker.run(ThreadPoolExecutor.java:628)
	at java.base/java.lang.Thread.run(Thread.java:835)
"
  enumConstants = null
  enumConstantDirectory = null
  annotationData = class java.lang.Class$AnnotationData@5eb0c013
    annotations = class java.util.LinkedHashMap@3c0f3fb5
      serialVersionUID = 3801124242820219131
      head = class java.util.LinkedHashMap$Entry@5c8bd159
      tail = class java.util.LinkedHashMap$Entry@3b189bb2
      accessOrder = false
      serialVersionUID = 362498820763181265
      DEFAULT_INITIAL_CAPACITY = 16
      MAXIMUM_CAPACITY = 1073741824
      DEFAULT_LOAD_FACTOR = 0.75
      TREEIFY_THRESHOLD = 8
      UNTREEIFY_THRESHOLD = 6
      MIN_TREEIFY_CAPACITY = 64
      table = class java.util.HashMap$Node[16]
      entrySet = null
      size = 2
      modCount = 2
      threshold = 12
      loadFactor = 0.75
      keySet = null
      values = class java.util.LinkedHashMap$LinkedValues@4374762d
    declaredAnnotations = class java.util.LinkedHashMap@3c0f3fb5
    redefinedCount = 0
  annotationType = null
  classValueMap = null

Dump of objectArray[2]
Object type = org.jboss.weld.injection.producer.ResourceInjector$1
  val$instance = class view.student.StudentCreateView@6e4e0941
    serialVersionUID = 1
    student = null
    service = null
  val$ctx = class org.jboss.weld.contexts.CreationalContextImpl@1a68102
    serialVersionUID = 7375854583908262422
    SERIALIZATION_PROXY = class org.jboss.weld.contexts.CreationalContextImpl$SerializationProxy@72c97cf2
      serialVersionUID = 5261112077771498097
    incompleteInstances = class java.util.HashMap@e50f02
      serialVersionUID = 362498820763181265
      DEFAULT_INITIAL_CAPACITY = 16
      MAXIMUM_CAPACITY = 1073741824
      DEFAULT_LOAD_FACTOR = 0.75
      TREEIFY_THRESHOLD = 8
      UNTREEIFY_THRESHOLD = 6
      MIN_TREEIFY_CAPACITY = 64
      table = class java.util.HashMap$Node[16]
      entrySet = null
      size = 1
      modCount = 1
      threshold = 12
      loadFactor = 0.75
      keySet = null
      values = null
    contextual = class org.jboss.weld.bean.ManagedBean@79be8473
      proxiable = true
      passivationCapableBean = true
      passivationCapableDependency = true
      hasPostConstructCallback = true
      annotatedType = class org.jboss.weld.annotated.slim.backed.BackedAnnotatedType@3859d7a3
      enhancedAnnotatedItem = null
      producer = class org.jboss.weld.injection.producer.BeanInjectionTarget@dc2f988
      type = class java.lang.Class@42d860f3
      preInitialized = false
      proxyRequired = true
      producer = null
      ignoreFinalMethods = false
      beanManager = class org.jboss.weld.manager.BeanManagerImpl@173ae448
      initialized = true
      qualifiers = null
      contextualInstanceStrategy = class org.jboss.weld.bean.ContextualInstanceStrategy$CachingContextualInstanceStrategy@6662ab90
      attributes = class org.jboss.weld.bean.attributes.ImmutableBeanAttributes@3a84cf11
      identifier = class org.jboss.weld.bean.StringBeanIdentifier@17ad05b7
    dependentInstances = class java.util.Collections$SynchronizedRandomAccessList@4f71726a
      serialVersionUID = 1530674583602358482
      serialVersionUID = -7754090372962971524
      list = class java.util.ArrayList@325d863
      serialVersionUID = 3053995032091335093
      c = class java.util.ArrayList@325d863
      mutex = class java.util.Collections$SynchronizedRandomAccessList@4f71726a
    parentDependentInstances = class java.util.Collections$SynchronizedRandomAccessList@76e6a99a
      serialVersionUID = 1530674583602358482
      serialVersionUID = -7754090372962971524
      list = class java.util.ArrayList@6c307465
      serialVersionUID = 3053995032091335093
      c = class java.util.ArrayList@6c307465
      mutex = class java.util.Collections$SynchronizedRandomAccessList@76e6a99a
    parentCreationalContext = class org.jboss.weld.contexts.CreationalContextImpl@5e53255b
      serialVersionUID = 7375854583908262422
      SERIALIZATION_PROXY = class org.jboss.weld.contexts.CreationalContextImpl$SerializationProxy@72c97cf2
      incompleteInstances = null
      contextual = class org.jboss.weld.bean.ManagedBean@79be8473
      dependentInstances = class java.util.Collections$SynchronizedRandomAccessList@76e6a99a
      parentDependentInstances = class java.util.Collections$SynchronizedRandomAccessList@5f74f3a6
      parentCreationalContext = null
      resourceReferences = null
      constructorInterceptionSuppressed = false
      aroundConstructCallbacks = null
      aroundConstructInterceptionContext = null
    resourceReferences = null
    constructorInterceptionSuppressed = false
    aroundConstructCallbacks = null
    aroundConstructInterceptionContext = null
  val$manager = class org.jboss.weld.manager.BeanManagerImpl@173ae448
    serialVersionUID = 3021562879133838561
    CREATIONAL_CONTEXT = "creationalContext"
    services = class org.jboss.weld.bootstrap.api.helpers.SimpleServiceRegistry@17dc2c7e
      services = class java.util.HashMap@3599a810
      bootstrapServices = class java.util.HashSet@1b5b3a05
    contexts = class java.util.concurrent.ConcurrentHashMap@614e05e9
      serialVersionUID = 7249069246763182397
      MAXIMUM_CAPACITY = 1073741824
      DEFAULT_CAPACITY = 16
      MAX_ARRAY_SIZE = 2147483639
      DEFAULT_CONCURRENCY_LEVEL = 16
      LOAD_FACTOR = 0.75
      TREEIFY_THRESHOLD = 8
      UNTREEIFY_THRESHOLD = 6
      MIN_TREEIFY_CAPACITY = 64
      MIN_TRANSFER_STRIDE = 16
      RESIZE_STAMP_BITS = 16
      MAX_RESIZERS = 65535
      RESIZE_STAMP_SHIFT = 16
      MOVED = -1
      TREEBIN = -2
      RESERVED = -3
      HASH_BITS = 2147483647
      NCPU = 4
      serialPersistentFields = class java.io.ObjectStreamField[3]
      table = class java.util.concurrent.ConcurrentHashMap$Node[16]
      nextTable = null
      baseCount = 11
      sizeCtl = 12
      transferIndex = 0
      cellsBusy = 0
      counterCells = null
      keySet = null
      values = null
      entrySet = null
      U = class jdk.internal.misc.Unsafe@72900c48
      SIZECTL = 20
      TRANSFERINDEX = 32
      BASECOUNT = 24
      CELLSBUSY = 36
      CELLVALUE = 144
      ABASE = 16
      ASHIFT = 2
      keySet = null
      values = null
    clientProxyProvider = class org.jboss.weld.bean.proxy.ClientProxyProvider@125eb6d8
      BEAN_NOT_PROXYABLE_MARKER = class java.lang.Object@52cb6160
      beanTypeClosureProxyPool = class org.jboss.weld.util.cache.ReentrantMapBackedComputingCache@d0db1cb
      requestedTypeClosureProxyPool = class org.jboss.weld.util.cache.ReentrantMapBackedComputingCache@50916f26
      contextId = "AsterikProject"
      services = class org.jboss.weld.bootstrap.api.helpers.ServiceRegistries$1@64ad2171
    enterpriseBeans = class java.util.concurrent.ConcurrentHashMap@5b8801cf
      serialVersionUID = 7249069246763182397
      MAXIMUM_CAPACITY = 1073741824
      DEFAULT_CAPACITY = 16
      MAX_ARRAY_SIZE = 2147483639
      DEFAULT_CONCURRENCY_LEVEL = 16
      LOAD_FACTOR = 0.75
      TREEIFY_THRESHOLD = 8
      UNTREEIFY_THRESHOLD = 6
      MIN_TREEIFY_CAPACITY = 64
      MIN_TRANSFER_STRIDE = 16
      RESIZE_STAMP_BITS = 16
      MAX_RESIZERS = 65535
      RESIZE_STAMP_SHIFT = 16
      MOVED = -1
      TREEBIN = -2
      RESERVED = -3
      HASH_BITS = 2147483647
      NCPU = 4
      serialPersistentFields = class java.io.ObjectStreamField[3]
      table = null
      nextTable = null
      baseCount = 0
      sizeCtl = 0
      transferIndex = 0
      cellsBusy = 0
      counterCells = null
      keySet = null
      values = null
      entrySet = null
      U = class jdk.internal.misc.Unsafe@72900c48
      SIZECTL = 20
      TRANSFERINDEX = 32
      BASECOUNT = 24
      CELLSBUSY = 36
      CELLVALUE = 144
      ABASE = 16
      ASHIFT = 2
      keySet = null
      values = null
    enabled = class org.jboss.weld.bootstrap.enablement.ModuleEnablement@2dc1691c
      EMPTY_ENABLEMENT = class org.jboss.weld.bootstrap.enablement.ModuleEnablement@38c609f7
      interceptors = class org.jboss.weld.util.collections.ImmutableArrayList@4196956b
      decorators = class java.util.Collections$EmptyList@9a2ccbe
      interceptorMap = class java.util.Collections$UnmodifiableMap@215c2188
      decoratorMap = class java.util.Collections$EmptyMap@47220ae2
      globalAlternatives = class java.util.Collections$UnmodifiableMap@4fa33a40
      localAlternativeClasses = class java.util.Collections$EmptySet@3ddd3d4e
      localAlternativeStereotypes = class java.util.Collections$EmptySet@3ddd3d4e
      decoratorComparator = class org.jboss.weld.bootstrap.enablement.ModuleEnablement$EnablementComparator@3a6bc312
      interceptorComparator = class org.jboss.weld.bootstrap.enablement.ModuleEnablement$EnablementComparator@7a7be5b6
    beanResolver = class org.jboss.weld.resolution.TypeSafeBeanResolver@3cb15000
      beanManager = class org.jboss.weld.manager.BeanManagerImpl@173ae448
      disambiguatedBeans = class org.jboss.weld.util.cache.ReentrantMapBackedComputingCache@768f94f
      store = class org.jboss.weld.metadata.cache.MetaAnnotationStore@56345db2
      beansByType = class org.jboss.weld.resolution.AbstractTypeSafeBeanResolver$1@2c9ccd5b
      resolved = class org.jboss.weld.util.cache.ReentrantMapBackedComputingCache@9774e05
      allBeans = class org.jboss.weld.util.collections.Iterables$$Lambda$245/0x0000000801d26c40@a0ca5da
      resolverFunction = class org.jboss.weld.resolution.TypeSafeResolver$ResolvableToBeanCollection@4aee9755
    decoratorResolver = class org.jboss.weld.resolution.TypeSafeDecoratorResolver@5b3ed938
      rules = class org.jboss.weld.resolution.DelegateInjectionPointAssignabilityRules@6d649ce5
      beanManager = class org.jboss.weld.manager.BeanManagerImpl@173ae448
      disambiguatedBeans = class org.jboss.weld.util.cache.ReentrantMapBackedComputingCache@d07eb6b
      store = class org.jboss.weld.metadata.cache.MetaAnnotationStore@56345db2
      beansByType = class org.jboss.weld.resolution.AbstractTypeSafeBeanResolver$1@5b1f48ac
      resolved = class org.jboss.weld.util.cache.ReentrantMapBackedComputingCache@1255749e
      allBeans = class org.jboss.weld.util.collections.Iterables$$Lambda$245/0x0000000801d26c40@203b890c
      resolverFunction = class org.jboss.weld.resolution.TypeSafeResolver$ResolvableToBeanCollection@54968974
    interceptorResolver = class org.jboss.weld.resolution.TypeSafeInterceptorResolver@40a33de9
      manager = class org.jboss.weld.manager.BeanManagerImpl@173ae448
      resolved = class org.jboss.weld.util.cache.ReentrantMapBackedComputingCache@296eba8f
      allBeans = class org.jboss.weld.util.collections.Iterables$$Lambda$245/0x0000000801d26c40@400da12f
      resolverFunction = class org.jboss.weld.resolution.TypeSafeResolver$ResolvableToBeanCollection@76a5641d
    nameBasedResolver = class org.jboss.weld.resolution.NameBasedResolver@668c2568
      resolvedNames = class org.jboss.weld.util.cache.ReentrantMapBackedComputingCache@5627ffd5
    weldELResolver = class org.jboss.weld.module.web.el.WeldELResolver@508b48e9
      beanManager = class org.jboss.weld.manager.BeanManagerImpl@173ae448
      rootNamespace = class org.jboss.weld.util.LazyValueHolder$1@5b0a9f2f
      TYPE = "type"
      RESOLVABLE_AT_DESIGN_TIME = "resolvableAtDesignTime"
    accessibleLenientObserverNotifier = class org.jboss.weld.module.jta.TransactionalObserverNotifier@7d51acd9
      FACTORY = class org.jboss.weld.module.jta.TransactionalObserverNotifier$1@756de162
      transactionServices = class com.ibm.ws.cdi.impl.weld.TransactionServicesImpl@4ca59ad5
      contextId = "AsterikProject"
      NO_EXCEPTION_MARKER = class java.lang.RuntimeException@30aa09a4
      resolver = class org.jboss.weld.resolution.TypeSafeObserverResolver@5017fbec
      sharedObjectCache = class org.jboss.weld.resources.SharedObjectCache@735e7032
      strict = false
      currentEventMetadata = class org.jboss.weld.event.CurrentEventMetadata@4a6b667d
      eventTypeCheckCache = null
      asyncEventExecutor = class com.ibm.ws.concurrent.ee.ManagedExecutorServiceImpl@2a782ed7
      timerExecutor = class com.ibm.ws.threading.internal.ScheduledExecutorImpl@4affe515
      securityServices = class com.ibm.ws.cdi.impl.DefaultCDI20SecurityService@25d8bf3d
      requestContextHolder = class org.jboss.weld.util.LazyValueHolder$1@34917d75
    globalLenientObserverNotifier = class org.jboss.weld.module.jta.TransactionalObserverNotifier@24c49aef
      FACTORY = class org.jboss.weld.module.jta.TransactionalObserverNotifier$1@756de162
      transactionServices = class com.ibm.ws.cdi.impl.weld.TransactionServicesImpl@4ca59ad5
      contextId = "AsterikProject"
      NO_EXCEPTION_MARKER = class java.lang.RuntimeException@30aa09a4
      resolver = class org.jboss.weld.resolution.TypeSafeObserverResolver@1ea3945
      sharedObjectCache = class org.jboss.weld.resources.SharedObjectCache@735e7032
      strict = false
      currentEventMetadata = class org.jboss.weld.event.CurrentEventMetadata@4a6b667d
      eventTypeCheckCache = null
      asyncEventExecutor = class com.ibm.ws.concurrent.ee.ManagedExecutorServiceImpl@2a782ed7
      timerExecutor = class com.ibm.ws.threading.internal.ScheduledExecutorImpl@4affe515
      securityServices = class com.ibm.ws.cdi.impl.DefaultCDI20SecurityService@25d8bf3d
      requestContextHolder = class org.jboss.weld.util.LazyValueHolder$1@5bab1a73
    globalStrictObserverNotifier = class org.jboss.weld.module.jta.TransactionalObserverNotifier@23644c7a
      FACTORY = class org.jboss.weld.module.jta.TransactionalObserverNotifier$1@756de162
      transactionServices = class com.ibm.ws.cdi.impl.weld.TransactionServicesImpl@4ca59ad5
      contextId = "AsterikProject"
      NO_EXCEPTION_MARKER = class java.lang.RuntimeException@30aa09a4
      resolver = class org.jboss.weld.resolution.TypeSafeObserverResolver@1ea3945
      sharedObjectCache = class org.jboss.weld.resources.SharedObjectCache@735e7032
      strict = true
      currentEventMetadata = class org.jboss.weld.event.CurrentEventMetadata@4a6b667d
      eventTypeCheckCache = class org.jboss.weld.util.cache.ReentrantMapBackedComputingCache@5aae984e
      asyncEventExecutor = class com.ibm.ws.concurrent.ee.ManagedExecutorServiceImpl@2a782ed7
      timerExecutor = class com.ibm.ws.threading.internal.ScheduledExecutorImpl@4affe515
      securityServices = class com.ibm.ws.cdi.impl.DefaultCDI20SecurityService@25d8bf3d
      requestContextHolder = class org.jboss.weld.util.LazyValueHolder$1@7765a5b8
    enabledBeans = class java.util.concurrent.CopyOnWriteArrayList@29a294ff
      serialVersionUID = 8673264195747942595
      lock = class java.lang.Object@2d599501
      array = class java.lang.Object[40]
    sharedBeans = class java.util.concurrent.CopyOnWriteArrayList@5965d276
      serialVersionUID = 8673264195747942595
      lock = class java.lang.Object@57f644ef
      array = class java.lang.Object[9]
    specializedBeans = class java.util.concurrent.CopyOnWriteArrayList@59f62857
      serialVersionUID = 8673264195747942595
      lock = class java.lang.Object@65e985f9
      array = class java.lang.Object[0]
    decorators = class java.util.concurrent.CopyOnWriteArrayList@5870a88f
      serialVersionUID = 8673264195747942595
      lock = class java.lang.Object@73106ff4
      array = class java.lang.Object[0]
    interceptors = class java.util.concurrent.CopyOnWriteArrayList@65c8ca12
      serialVersionUID = 8673264195747942595
      lock = class java.lang.Object@39380236
      array = class java.lang.Object[0]
    namespaces = class java.util.concurrent.CopyOnWriteArrayList@124942bf
      serialVersionUID = 8673264195747942595
      lock = class java.lang.Object@b9d8008
      array = class java.lang.Object[3]
    observers = class java.util.concurrent.CopyOnWriteArrayList@7a957431
      serialVersionUID = 8673264195747942595
      lock = class java.lang.Object@41c914b3
      array = class java.lang.Object[0]
    beanSet = null
    managers = class java.util.HashSet@277c8f3c
      serialVersionUID = -5024744406713321676
      map = class java.util.HashMap@62c12d03
      PRESENT = class java.lang.Object@56da4068
      MAX_ARRAY_SIZE = 2147483639
    accessibleManagers = class java.util.HashSet@447499b
      serialVersionUID = -5024744406713321676
      map = class java.util.HashMap@2558ae47
      PRESENT = class java.lang.Object@56da4068
      MAX_ARRAY_SIZE = 2147483639
    id = "AsterikProject#AsterikProject.war"
    contextId = "AsterikProject"
    interceptorModelRegistry = class java.util.concurrent.ConcurrentHashMap@5cc3bf16
      serialVersionUID = 7249069246763182397
      MAXIMUM_CAPACITY = 1073741824
      DEFAULT_CAPACITY = 16
      MAX_ARRAY_SIZE = 2147483639
      DEFAULT_CONCURRENCY_LEVEL = 16
      LOAD_FACTOR = 0.75
      TREEIFY_THRESHOLD = 8
      UNTREEIFY_THRESHOLD = 6
      MIN_TREEIFY_CAPACITY = 64
      MIN_TRANSFER_STRIDE = 16
      RESIZE_STAMP_BITS = 16
      MAX_RESIZERS = 65535
      RESIZE_STAMP_SHIFT = 16
      MOVED = -1
      TREEBIN = -2
      RESERVED = -3
      HASH_BITS = 2147483647
      NCPU = 4
      serialPersistentFields = class java.io.ObjectStreamField[3]
      table = null
      nextTable = null
      baseCount = 0
      sizeCtl = 0
      transferIndex = 0
      cellsBusy = 0
      counterCells = null
      keySet = null
      values = null
      entrySet = null
      U = class jdk.internal.misc.Unsafe@72900c48
      SIZECTL = 20
      TRANSFERINDEX = 32
      BASECOUNT = 24
      CELLSBUSY = 36
      CELLVALUE = 144
      ABASE = 16
      ASHIFT = 2
      keySet = null
      values = null
    interceptorMetadataReader = class org.jboss.weld.interceptor.reader.InterceptorMetadataReader@da67c43
      manager = class org.jboss.weld.manager.BeanManagerImpl@173ae448
      plainInterceptorMetadataCache = class org.jboss.weld.util.cache.ReentrantMapBackedComputingCache@639bfeb
      cdiInterceptorMetadataCache = class org.jboss.weld.util.cache.ReentrantMapBackedComputingCache@6be97638
      interceptorToInterceptorMetadataFunction = class org.jboss.weld.interceptor.reader.InterceptorMetadataReader$$Lambda$246/0x0000000801d26040@64157f8d
    containerLifecycleEvents = class org.jboss.weld.bootstrap.events.ContainerLifecycleEvents@7d0ff9ee
      everythingObserved = false
      processAnnotatedTypeObserved = true
      processBeanObserved = true
      processBeanAttributesObserved = true
      processInjectionPointObserved = true
      processInjectionTargetObserved = true
      processProducerObserved = true
      processObserverMethodObserved = false
      discovery = class org.jboss.weld.bootstrap.events.RequiredAnnotationDiscovery@1fe9f4fe
      preloader = class org.jboss.weld.bootstrap.events.ContainerLifecycleEventPreloader@3a9af4e0
    registry = class org.jboss.weld.bootstrap.SpecializationAndEnablementRegistry@1a131856
      specializedBeanResolvers = class org.jboss.weld.util.cache.ReentrantMapBackedComputingCache@742c4e2a
      environmentByManager = class java.util.concurrent.ConcurrentHashMap@1feedc99
      specializedBeans = class org.jboss.weld.util.cache.ReentrantMapBackedComputingCache@3881d3e0
      specializedBeansMap = class java.util.concurrent.ConcurrentHashMap@3f25fe5f
    currentInjectionPoint = class org.jboss.weld.injection.CurrentInjectionPoint@4e6017a4
      threadLocalStack = class org.jboss.weld.injection.ThreadLocalStack$1@71eac440
      NULL_REFERENCE = class org.jboss.weld.injection.ThreadLocalStack$2@726ea9b6
    clientProxyOptimization = false
    validationFailureCallbacks = class java.util.concurrent.CopyOnWriteArrayList@70d59462
      serialVersionUID = 8673264195747942595
      lock = class java.lang.Object@d26d46
      array = class java.lang.Object[0]
    requestInitializedEvent = class org.jboss.weld.util.LazyValueHolder$1@31afae61
      val$supplier = class org.jboss.weld.manager.BeanManagerImpl$$Lambda$252/0x0000000801d24c40@4af51ed3
      value = null
    requestBeforeDestroyedEvent = class org.jboss.weld.util.LazyValueHolder$1@fd58873
      val$supplier = class org.jboss.weld.manager.BeanManagerImpl$$Lambda$253/0x0000000801d24040@10077b12
      value = null
    requestDestroyedEvent = class org.jboss.weld.util.LazyValueHolder$1@41c6631a
      val$supplier = class org.jboss.weld.manager.BeanManagerImpl$$Lambda$254/0x0000000801d24440@5a2797e6
      value = null
  this$0 = class org.jboss.weld.injection.producer.ResourceInjector@4e576d77
    resourceInjectionsHierarchy = class java.util.Collections$EmptyList@9a2ccbe
      serialVersionUID = 8842843931221139166
      modCount = 0
      MAX_ARRAY_SIZE = 2147483639
    injectableFields = class org.jboss.weld.util.collections.ImmutableTinyList$Singleton@78017c44
      serialVersionUID = 1
      element = class java.util.Collections$EmptySet@3ddd3d4e
      modCount = 0
      MAX_ARRAY_SIZE = 2147483639
    initializerMethods = class org.jboss.weld.util.collections.ImmutableTinyList$Singleton@d488ae6
      serialVersionUID = 1
      element = class java.util.Collections$EmptySet@3ddd3d4e
      modCount = 0
      MAX_ARRAY_SIZE = 2147483639
  beanManager = class org.jboss.weld.manager.BeanManagerImpl@173ae448
  injectionTarget = class org.jboss.weld.injection.producer.BeanInjectionTarget@dc2f988
    bean = class org.jboss.weld.bean.ManagedBean@79be8473
    beanManager = class org.jboss.weld.manager.BeanManagerImpl@173ae448
    type = class org.jboss.weld.annotated.slim.backed.BackedAnnotatedType@3859d7a3
    injectionPoints = class java.util.Collections$EmptySet@3ddd3d4e
      serialVersionUID = 1582296315990362920
      MAX_ARRAY_SIZE = 2147483639
    instantiator = class org.jboss.weld.injection.producer.DefaultInstantiator@5343affe
      constructor = class org.jboss.weld.injection.ConstructorInjectionPoint@5c2b5dec
    injector = class org.jboss.weld.injection.producer.ResourceInjector@4e576d77
    invoker = class org.jboss.weld.injection.producer.DefaultLifecycleCallbackInvoker@17e575de
      accessiblePostConstructMethods = class org.jboss.weld.util.collections.ImmutableTinyList$Singleton@33e60c3f
      accessiblePreDestroyMethods = class java.util.Collections$EmptyList@9a2ccbe
  annotatedType = class org.jboss.weld.annotated.slim.backed.BackedAnnotatedType@3859d7a3
    javaClass = class java.lang.Class@42d860f3
      ANNOTATION = 8192
      ENUM = 16384
      SYNTHETIC = 4096
      cachedConstructor = null
      name = "view.student.StudentCreateView"
      module = class java.lang.Module@7309857d
      packageName = "view.student"
      componentType = null
      allPermDomain = class java.security.ProtectionDomain@68336b60
      reflectionData = class java.lang.ref.SoftReference@2ef9d1b9
      classRedefinedCount = 0
      genericInfo = class sun.reflect.generics.repository.ClassRepository@471f1cb0
      EMPTY_CLASS_ARRAY = class java.lang.Class[0]
      serialVersionUID = 3206093459760846163
      serialPersistentFields = class java.io.ObjectStreamField[0]
      reflectionFactory = class jdk.internal.reflect.ReflectionFactory@612d8326
      enumConstants = null
      enumConstantDirectory = null
      annotationData = class java.lang.Class$AnnotationData@5eb0c013
      annotationType = null
      classValueMap = null
    constructors = class org.jboss.weld.annotated.slim.backed.BackedAnnotatedType$BackedAnnotatedConstructors@540cb4c1
      this$0 = class org.jboss.weld.annotated.slim.backed.BackedAnnotatedType@3859d7a3
      this$0 = class org.jboss.weld.annotated.slim.backed.BackedAnnotatedType@3859d7a3
      value = null
    methods = class org.jboss.weld.annotated.slim.backed.BackedAnnotatedType$BackedAnnotatedMethods@13b22ae6
      this$0 = class org.jboss.weld.annotated.slim.backed.BackedAnnotatedType@3859d7a3
      this$0 = class org.jboss.weld.annotated.slim.backed.BackedAnnotatedType@3859d7a3
      value = null
    fields = class org.jboss.weld.annotated.slim.backed.BackedAnnotatedType$BackedAnnotatedFields@5d404b31
      this$0 = class org.jboss.weld.annotated.slim.backed.BackedAnnotatedType@3859d7a3
      this$0 = class org.jboss.weld.annotated.slim.backed.BackedAnnotatedType@3859d7a3
      value = null
    sharedObjectCache = class org.jboss.weld.resources.SharedObjectCache@735e7032
      sharedSets = class org.jboss.weld.util.cache.ReentrantMapBackedComputingCache@46a8dd35
      sharedMaps = class org.jboss.weld.util.cache.ReentrantMapBackedComputingCache@66503b6e
      typeClosureHolders = class org.jboss.weld.util.cache.ReentrantMapBackedComputingCache@29f6d93e
    reflectionCache = class org.jboss.weld.resources.HotspotReflectionCache@44d99355
      annotationTypeLock = class java.lang.Class@326de728
      store = class org.jboss.weld.metadata.TypeStore@6a166210
      ANNOTATIONS_FUNCTION = class org.jboss.weld.resources.DefaultReflectionCache$$Lambda$228/0x0000000801cc6440@a570938
      DECLARED_ANNOTATIONS_FUNCTION = class org.jboss.weld.resources.DefaultReflectionCache$$Lambda$229/0x0000000801cc5040@3512b7d2
      annotations = class org.jboss.weld.util.cache.ReentrantMapBackedComputingCache@4d038b15
      declaredAnnotations = class org.jboss.weld.util.cache.ReentrantMapBackedComputingCache@145c6647
      backedAnnotatedTypeAnnotations = class org.jboss.weld.util.cache.ReentrantMapBackedComputingCache@2670b33d
      annotationClasses = class org.jboss.weld.util.cache.ReentrantMapBackedComputingCache@6fc3c06
    identifier = class org.jboss.weld.annotated.slim.AnnotatedTypeIdentifier@61b79ec2
      NULL_BDA_ID = "org.jboss.weld.annotated.slim.AnnotatedTypeIdentifier.null"
      SYNTHETIC_ANNOTATION_SUFFIX = "syntheticAnnotation"
      serialVersionUID = -264184070652700144
      contextId = "AsterikProject"
      bdaId = "AsterikProject#AsterikProject.war"
      className = "view.student.StudentCreateView"
      suffix = null
      modified = false
      hashCode = 440081695
    typeClosure = class org.jboss.weld.annotated.enhanced.TypeClosureLazyValueHolder@50ac8489
      type = class java.lang.Class@42d860f3
      value = class org.jboss.weld.util.collections.ImmutableTinySet$Tripleton@68a6873e
    baseType = class java.lang.Class@42d860f3
  target = class view.student.StudentCreateView@6e4e0941

