------Start of DE processing------ = [27/06/19 17:22:48:339 COT]
Exception = org.jboss.weld.resources.spi.ResourceLoadingException
Source = com.ibm.ws.container.service.state.internal.ApplicationStateManager
probeid = 31
Stack Dump = org.jboss.weld.resources.spi.ResourceLoadingException: Error while loading class primeTest.view.admin.CountryApi
	at org.jboss.weld.resources.ClassTransformer.getBackedAnnotatedType(ClassTransformer.java:186)
	at org.jboss.weld.resources.ClassTransformer.getBackedAnnotatedType(ClassTransformer.java:194)
	at org.jboss.weld.module.ejb.EjbSupportImpl.createSessionBean(EjbSupportImpl.java:139)
	at org.jboss.weld.module.ejb.EjbSupportImpl.createSessionBeans(EjbSupportImpl.java:124)
	at org.jboss.weld.bootstrap.ConcurrentBeanDeployer.createClassBeans(ConcurrentBeanDeployer.java:73)
	at org.jboss.weld.bootstrap.BeanDeployment.createBeans(BeanDeployment.java:256)
	at org.jboss.weld.bootstrap.WeldStartup.deployBeans(WeldStartup.java:438)
	at org.jboss.weld.bootstrap.WeldBootstrap.deployBeans(WeldBootstrap.java:86)
	at com.ibm.ws.cdi.impl.CDIContainerImpl.startInitialization(CDIContainerImpl.java:151)
	at com.ibm.ws.cdi.liberty.CDIRuntimeImpl.applicationStarting(CDIRuntimeImpl.java:438)
	at com.ibm.ws.container.service.state.internal.ApplicationStateManager.fireStarting(ApplicationStateManager.java:28)
	at com.ibm.ws.container.service.state.internal.StateChangeServiceImpl.fireApplicationStarting(StateChangeServiceImpl.java:50)
	at com.ibm.ws.app.manager.module.internal.DeployedAppInfoBase.preDeployApp(DeployedAppInfoBase.java:384)
	at com.ibm.ws.app.manager.module.internal.DeployedAppInfoBase.deployApp(DeployedAppInfoBase.java:413)
	at com.ibm.ws.app.manager.war.internal.WARApplicationHandlerImpl.install(WARApplicationHandlerImpl.java:65)
	at com.ibm.ws.app.manager.internal.statemachine.StartAction.execute(StartAction.java:140)
	at com.ibm.ws.app.manager.internal.statemachine.ApplicationStateMachineImpl.enterState(ApplicationStateMachineImpl.java:1261)
	at com.ibm.ws.app.manager.internal.statemachine.ApplicationStateMachineImpl.performAction(ApplicationStateMachineImpl.java:1141)
	at com.ibm.ws.app.manager.internal.statemachine.ApplicationStateMachineImpl.run(ApplicationStateMachineImpl.java:884)
	at com.ibm.ws.threading.internal.ExecutorServiceImpl$RunnableWrapper.run(ExecutorServiceImpl.java:239)
	at java.util.concurrent.ThreadPoolExecutor.runWorker(Unknown Source)
	at java.util.concurrent.ThreadPoolExecutor$Worker.run(Unknown Source)
	at java.lang.Thread.run(Unknown Source)
Caused by: java.lang.NoClassDefFoundError: List
	at java.lang.Class.getDeclaredMethods0(Native Method)
	at java.lang.Class.privateGetDeclaredMethods(Unknown Source)
	at java.lang.Class.getDeclaredMethods(Unknown Source)
	at org.jboss.weld.annotated.slim.backed.SecurityActions.getDeclaredMethods(SecurityActions.java:41)
	at org.jboss.weld.annotated.slim.backed.BackedAnnotatedType$BackedAnnotatedMethods.computeValue(BackedAnnotatedType.java:197)
	at org.jboss.weld.annotated.slim.backed.BackedAnnotatedType$BackedAnnotatedMethods.computeValue(BackedAnnotatedType.java:191)
	at org.jboss.weld.util.LazyValueHolder.get(LazyValueHolder.java:46)
	at org.jboss.weld.annotated.slim.backed.BackedAnnotatedType$EagerlyInitializedLazyValueHolder.<init>(BackedAnnotatedType.java:159)
	at org.jboss.weld.annotated.slim.backed.BackedAnnotatedType$BackedAnnotatedMethods.<init>(BackedAnnotatedType.java:191)
	at org.jboss.weld.annotated.slim.backed.BackedAnnotatedType$BackedAnnotatedMethods.<init>(BackedAnnotatedType.java:191)
	at org.jboss.weld.annotated.slim.backed.BackedAnnotatedType.<init>(BackedAnnotatedType.java:66)
	at org.jboss.weld.annotated.slim.backed.BackedAnnotatedType.of(BackedAnnotatedType.java:47)
	at org.jboss.weld.resources.ClassTransformer$TransformClassToBackedAnnotatedType.apply(ClassTransformer.java:84)
	at org.jboss.weld.resources.ClassTransformer$TransformClassToBackedAnnotatedType.apply(ClassTransformer.java:79)
	at org.jboss.weld.util.cache.ReentrantMapBackedComputingCache.lambda$null$0(ReentrantMapBackedComputingCache.java:55)
	at org.jboss.weld.util.WeakLazyValueHolder$1.computeValue(WeakLazyValueHolder.java:35)
	at org.jboss.weld.util.WeakLazyValueHolder.get(WeakLazyValueHolder.java:53)
	at org.jboss.weld.util.cache.ReentrantMapBackedComputingCache.getValue(ReentrantMapBackedComputingCache.java:72)
	at org.jboss.weld.util.cache.ReentrantMapBackedComputingCache.getCastValue(ReentrantMapBackedComputingCache.java:78)
	at org.jboss.weld.resources.ClassTransformer.getBackedAnnotatedType(ClassTransformer.java:177)
	... 22 more
Caused by: java.lang.ClassNotFoundException: List
	at com.ibm.ws.classloading.internal.AppClassLoader.findClassCommonLibraryClassLoaders(AppClassLoader.java:544)
	at com.ibm.ws.classloading.internal.AppClassLoader.findClass(AppClassLoader.java:286)
	at java.lang.ClassLoader.loadClass(Unknown Source)
	at com.ibm.ws.classloading.internal.AppClassLoader.findOrDelegateLoadClass(AppClassLoader.java:522)
	at com.ibm.ws.classloading.internal.AppClassLoader.loadClass(AppClassLoader.java:482)
	at java.lang.ClassLoader.loadClass(Unknown Source)
	... 42 more

Dump of callerThis
Object type = com.ibm.ws.container.service.state.internal.ApplicationStateManager
  serialVersionUID = -6685368059484454124
  $$$tc$$$ = class com.ibm.websphere.ras.TraceComponent@56518eff
    strings[0] = "TraceComponent[com.ibm.ws.container.service.state.internal.ApplicationStateManager,class com.ibm.ws.container.service.state.internal.ApplicationStateManager,[Runtime],,null]"
  listeners = class com.ibm.wsspi.kernel.service.utils.ConcurrentServiceReferenceSet@551a9786
    referenceName = "applicationStateListeners"
    contextRef = class java.util.concurrent.atomic.AtomicReference@7369d827
      serialVersionUID = -1848883965231344442
      unsafe = class sun.misc.Unsafe@4e247326
      valueOffset = 12
      value = class org.apache.felix.scr.impl.manager.ComponentContextImpl@54f045de
    elementMap = class java.util.LinkedHashMap@c68b20
      serialVersionUID = 3801124242820219131
      head = class java.util.LinkedHashMap$Entry@29cd511a
      tail = class java.util.LinkedHashMap$Entry@5f2cb66b
      accessOrder = false
      serialVersionUID = 362498820763181265
      DEFAULT_INITIAL_CAPACITY = 16
      MAXIMUM_CAPACITY = 1073741824
      DEFAULT_LOAD_FACTOR = 0.75
      TREEIFY_THRESHOLD = 8
      UNTREEIFY_THRESHOLD = 6
      MIN_TREEIFY_CAPACITY = 64
      table = class java.util.HashMap$Node[32]
      entrySet = null
      size = 13
      modCount = 13
      threshold = 24
      loadFactor = 0.75
      keySet = null
      values = null
    elementSet = class java.util.concurrent.ConcurrentSkipListSet@54deba56
      serialVersionUID = -2479143111061671589
      m = class java.util.concurrent.ConcurrentSkipListMap@17f693bb
      UNSAFE = class sun.misc.Unsafe@4e247326
      mapOffset = 12
      MAX_ARRAY_SIZE = 2147483639
    elementSetUnsorted = false
    serialVersionUID = 756240983881166148
    $$$tc$$$ = class com.ibm.websphere.ras.TraceComponent@387b8a39
      strings[0] = "TraceComponent[com.ibm.wsspi.kernel.service.utils.ConcurrentServiceReferenceSet,class com.ibm.wsspi.kernel.service.utils.ConcurrentServiceReferenceSet,[kernelUtils],com.ibm.ws.kernel.service.utils.resources.ServiceMessages,null]"
  serialVersionUID = 2284273176985484160
  $$$tc$$$ = class com.ibm.websphere.ras.TraceComponent@43fd251a
    strings[0] = "TraceComponent[com.ibm.ws.container.service.state.internal.StateChangeManager,class com.ibm.ws.container.service.state.internal.StateChangeManager,[Runtime],,null]"

Dump of objectArray[0]
Object type = com.ibm.ws.container.service.app.deploy.internal.ApplicationInfoImpl
  appName = "primeTest"
  appMetaData = class com.ibm.ws.container.service.app.deploy.internal.ApplicationMetaDataImpl@70d9ada9
    j2eeName = class com.ibm.ws.container.service.metadata.internal.J2EENameImpl@114281aa
      serialVersionUID = 7488184044073147667
      application = "primeTest"
      module = null
      component = null
      string = "primeTest"
      j2eeNameBytes = null
      $$$tc$$$ = class com.ibm.websphere.ras.TraceComponent@7329e6ab
    serialVersionUID = -7906531148367236579
    $$$tc$$$ = class com.ibm.websphere.ras.TraceComponent@6457566d
      strings[0] = "TraceComponent[com.ibm.ws.container.service.app.deploy.internal.ApplicationMetaDataImpl,class com.ibm.ws.container.service.app.deploy.internal.ApplicationMetaDataImpl,[container.service],com.ibm.ws.container.service.resources.Messages,null]"
    tc = class com.ibm.websphere.ras.TraceComponent@6708fc0c
      strings[0] = "TraceComponent[com.ibm.ws.runtime.metadata.MetaDataImpl,class com.ibm.ws.runtime.metadata.MetaDataImpl,[Runtime],null,null]"
    NUM_STATIC_SLOTS = 4
    ID_UNINITIALIZED = -1
    id = 1
    metaDataInterface = class java.lang.Class@27246743
      ANNOTATION = 8192
      ENUM = 16384
      SYNTHETIC = 4096
      cachedConstructor = null
      newInstanceCallerCache = null
      name = null
      allPermDomain = class java.security.ProtectionDomain@486f5f55
      useCaches = true
      reflectionData = null
      classRedefinedCount = 0
      genericInfo = null
      serialVersionUID = 3206093459760846163
      serialPersistentFields = class java.io.ObjectStreamField[0]
      reflectionFactory = class sun.reflect.ReflectionFactory@79661d44
      initted = true
      enumConstants = null
      enumConstantDirectory = null
      annotationData = null
      annotationType = null
      classValueMap = null
    staticSlots = class java.lang.Object[4]
      Object[0] = null
      Object[1] = class com.ibm.ws.injectionengine.osgi.internal.OSGiInjectionScopeData@385e8556
      Object[2] = null
      Object[3] = class com.ibm.ws.cdi.impl.weld.WebSphereCDIDeploymentImpl@1284af27
    dynamicSlots = class java.lang.Object[4]
      Object[0] = null
      Object[1] = class com.ibm.ws.ejbcontainer.osgi.internal.metadata.OSGiEJBApplicationMetaData@155d25f6
      Object[2] = "primeTest"
      Object[3] = null
  appContainer = class com.ibm.ws.adaptable.module.internal.AdaptableContainerImpl@3476ace0
    root = class com.ibm.ws.adaptable.module.internal.AdaptableContainerImpl@3476ace0
    rootOverlay = class com.ibm.ws.artifact.overlay.internal.DirectoryBasedOverlayContainerImpl@1833d855
      base = class com.ibm.ws.artifact.loose.internal.LooseArchive@6e0a4a14
      maskSet = class java.util.HashSet@1848d0d0
      cfHolder = class com.ibm.ws.artifact.overlay.internal.OverlayContainerFactoryImpl@20325278
      fileOverlayContainer = class com.ibm.ws.artifact.file.internal.FileContainer@547082ba
      overlayDirectory = class java.io.File@63baf284
      cacheDirForOverlay = class java.io.File@5f5c5e0d
      overlayNotifier = class com.ibm.ws.artifact.overlay.internal.DirectoryBasedOverlayNotifier@14ccb66
      enclosingContainer = null
      entryInEnclosingContainer = null
      nestedOverlays = class java.util.concurrent.ConcurrentHashMap@5179eca7
      cacheStore = class com.ibm.ws.artifact.overlay.internal.OverlayCache@65630ade
      parentOverlay = null
      isPassThroughMode = true
      serialVersionUID = -1690795617118238166
      $$$tc$$$ = class com.ibm.websphere.ras.TraceComponent@16140904
    factoryHolder = class com.ibm.ws.adaptable.module.internal.AdaptableModuleFactoryImpl@1036ebbb
      adapterFactoryService = class com.ibm.ws.adaptable.module.internal.AdapterFactoryServiceImpl@7717a6d1
      containerFactory = class com.ibm.ws.artifact.internal.ArtifactContainerFactoryService@7365046f
      overlayContainerFactory = class com.ibm.ws.artifact.overlay.internal.OverlayContainerFactoryImpl@20325278
      serialVersionUID = 4200251809856292987
      $$$tc$$$ = class com.ibm.websphere.ras.TraceComponent@da922d7
    delegate = class com.ibm.ws.artifact.overlay.internal.DirectoryBasedOverlayContainerImpl@1833d855
    notifier = class com.ibm.ws.adaptable.module.internal.NotifierImpl@65d9f537
      root = class com.ibm.ws.adaptable.module.internal.AdaptableContainerImpl@3476ace0
      delegateNotifier = class com.ibm.ws.artifact.overlay.internal.DirectoryBasedOverlayNotifier@14ccb66
      delegateRoot = class com.ibm.ws.artifact.overlay.internal.DirectoryBasedOverlayContainerImpl@1833d855
      listenerDelegates = class java.util.HashMap@58728c49
      serialVersionUID = 6839382523957017880
      $$$tc$$$ = class com.ibm.websphere.ras.TraceComponent@24c42801
    serialVersionUID = -5621513278641113667
    $$$tc$$$ = class com.ibm.websphere.ras.TraceComponent@5d9fe469
      strings[0] = "TraceComponent[com.ibm.ws.adaptable.module.internal.AdaptableContainerImpl,class com.ibm.ws.adaptable.module.internal.AdaptableContainerImpl,[archive.adaptable],,null]"
  configHelper = class com.ibm.ws.app.manager.module.ApplicationNestedConfigHelper@756adfab
    appInfo = class com.ibm.ws.app.manager.internal.ApplicationInstallInfo@c663ef6
    serialVersionUID = -3174031738676705046
    $$$tc$$$ = class com.ibm.websphere.ras.TraceComponent@5e85c074
      strings[0] = "TraceComponent[com.ibm.ws.app.manager.module.ApplicationNestedConfigHelper,class com.ibm.ws.app.manager.module.ApplicationNestedConfigHelper,[applications, app.manager],,null]"
  applicationInformation = class com.ibm.ws.app.manager.internal.ApplicationInstallInfo@c663ef6
    _config = class com.ibm.ws.app.manager.internal.ApplicationConfig@5de0e36c
      tc = class com.ibm.websphere.ras.TraceComponent@3b95619a
      _configPid = "com.ibm.ws.app.manager_55"
      _config = class com.ibm.ws.config.admin.ConfigurationDictionary@f940e6a
      _applicationManager = class com.ibm.ws.app.manager.ApplicationManager@21113c67
      _location = "primeTest.war"
      _type = "war"
      _name = "primeTest"
      _notificationBroadcasterSupport = class javax.management.NotificationBroadcasterSupport@3431ec1e
      ONE_TIME_JANDEX_MSGS_DISPLAYED = true
    _handlerInfo = class java.util.concurrent.atomic.AtomicReference@3253d9ec
      serialVersionUID = -1848883965231344442
      unsafe = class sun.misc.Unsafe@4e247326
      valueOffset = 12
      value = class com.ibm.ws.app.manager.war.internal.WARDeployedAppInfo@2180b459
    _container = class java.util.concurrent.atomic.AtomicReference@371951dd
      serialVersionUID = -1848883965231344442
      unsafe = class sun.misc.Unsafe@4e247326
      valueOffset = 12
      value = class com.ibm.ws.adaptable.module.internal.AdaptableContainerImpl@3476ace0
    _resolvedLocation = class java.util.concurrent.atomic.AtomicReference@4536b852
      serialVersionUID = -1848883965231344442
      unsafe = class sun.misc.Unsafe@4e247326
      valueOffset = 12
      value = class com.ibm.ws.kernel.service.location.internal.LocalFileResource@3e2903b6
    _handler = class com.ibm.ws.app.manager.war.internal.WARApplicationHandlerImpl@71a89154
      futureMonitor = class com.ibm.ws.threading.internal.FutureMonitorImpl@6bf3d3c1
      deployedAppFactory = class com.ibm.ws.app.manager.war.internal.WARDeployedAppInfoFactoryImpl@53e5e33b
      serialVersionUID = 4622845147410944782
      $$$tc$$$ = class com.ibm.websphere.ras.TraceComponent@44e84af9
    _ami = class java.util.concurrent.atomic.AtomicReference@3483fb90
      serialVersionUID = -1848883965231344442
      unsafe = class sun.misc.Unsafe@4e247326
      valueOffset = 12
      value = class com.ibm.wsspi.application.handler.DefaultApplicationMonitoringInformation@3f826bda
    _updateHandler = class com.ibm.ws.app.manager.internal.statemachine.ApplicationStateMachineImpl@591b5ed2
      _tc = class com.ibm.websphere.ras.TraceComponent@2252bba7
      EMPTY_FUTURE_ARRAY = interface java.util.concurrent.Future[0]
      asmSequenceNumber = class java.util.concurrent.atomic.AtomicLong@512dd7c6
      _qscaCounter = class java.util.concurrent.atomic.AtomicInteger@40f19083
      _failedThrowable = class com.ibm.ws.container.service.state.StateChangeException@230fcd20
      _interruptibleLock = class com.ibm.ws.app.manager.internal.statemachine.ApplicationStateMachineImpl$2@d449d68
      _interruptible = false
      _performingQueuedActions = true
      _queuedActions = class java.util.concurrent.ConcurrentLinkedQueue@eaaafdc
      _callbackState = class java.util.concurrent.atomic.AtomicReference@7d5b5c08
      blockAppStartingFutures = class java.util.Collections$SetFromMap@31e2aea8
      waitingForAppHandlerFuture = class java.util.concurrent.atomic.AtomicReference@18e4ca21
      waitingForExplicitStartFuture = class java.util.concurrent.atomic.AtomicReference@43eb52ae
      completionListener = class java.util.concurrent.atomic.AtomicReference@64f7edc7
      _notifyAppStopped = class java.util.concurrent.ConcurrentLinkedQueue@40c4981f
      _notifyAppStarting = class java.util.concurrent.ConcurrentLinkedQueue@7e4ff7e4
      _notifyAppInstallCalled = class java.util.concurrent.ConcurrentLinkedQueue@67a8b4a1
      _notifyAppStarted = class java.util.concurrent.ConcurrentLinkedQueue@3ceaf446
      _notifyAppRemoved = class java.util.concurrent.ConcurrentLinkedQueue@580a87a4
      _stateLock = class com.ibm.ws.app.manager.internal.statemachine.ApplicationStateMachineImpl$3@597bab96
      _internalState = class java.util.concurrent.atomic.AtomicReference@7b5401a4
      _currentAction = class java.util.concurrent.atomic.AtomicReference@10f7924c
      _rfa = class java.util.concurrent.atomic.AtomicReference@1ccc0051
      _appInstallInfo = class java.util.concurrent.atomic.AtomicReference@18ef3f45
      _update = class java.util.concurrent.atomic.AtomicBoolean@43ed44dd
      _appConfig = class java.util.concurrent.atomic.AtomicReference@6f24db1e
      _nextAppConfig = class java.util.concurrent.atomic.AtomicReference@13968023
      _appContainer = class java.util.concurrent.atomic.AtomicReference@72e29003
      _resolvedLocation = class java.util.concurrent.atomic.AtomicReference@5b00e92e
      _handler = class java.util.concurrent.atomic.AtomicReference@1235257b
      _asmSeqNo = 1
      _ctx = class org.eclipse.osgi.internal.framework.BundleContextImpl@6b6b577b
      _locAdmin = class com.ibm.ws.kernel.service.location.internal.WsLocationAdminImpl@43a44c0f
      _futureMonitor = class com.ibm.ws.threading.internal.FutureMonitorImpl@6bf3d3c1
      _artifactFactory = class com.ibm.ws.artifact.internal.ArtifactContainerFactoryService@7365046f
      _moduleFactory = class com.ibm.ws.adaptable.module.internal.AdaptableModuleFactoryImpl@1036ebbb
      _executorService = class com.ibm.ws.threading.internal.ExecutorServiceImpl@33f20dfe
      _scheduledExecutorService = class com.ibm.ws.threading.internal.ScheduledExecutorImpl@42c9308f
      _asmHelper = class com.ibm.ws.app.manager.internal.ApplicationConfigurator$NamedApplication@d723076
      _appMonitor = class com.ibm.ws.app.manager.internal.monitor.ApplicationMonitor@be35b9c
      enterStateCalled = class java.util.concurrent.atomic.AtomicBoolean@35852886
      serialVersionUID = 6511956370079301927
      serialVersionUID = 5501066335104962649
      $$$tc$$$ = class com.ibm.websphere.ras.TraceComponent@69053f9d
    serialVersionUID = 2630639237123415755
    $$$tc$$$ = class com.ibm.websphere.ras.TraceComponent@19b9986d
      strings[0] = "TraceComponent[com.ibm.ws.app.manager.internal.ApplicationInstallInfo,class com.ibm.ws.app.manager.internal.ApplicationInstallInfo,[applications, app.manager],com.ibm.ws.app.manager.internal.resources.AppManagerMessages,null]"
  serialVersionUID = -505303337196743781
  $$$tc$$$ = class com.ibm.websphere.ras.TraceComponent@5e8baafa
    strings[0] = "TraceComponent[com.ibm.ws.container.service.app.deploy.internal.ApplicationInfoImpl,class com.ibm.ws.container.service.app.deploy.internal.ApplicationInfoImpl,[container.service],com.ibm.ws.container.service.resources.Messages,null]"

