------Start of DE processing------ = [27/06/19 23:50:25:542 COT]
Exception = org.jboss.weld.exceptions.DeploymentException
Source = com.ibm.ws.container.service.state.internal.ApplicationStateManager
probeid = 31
Stack Dump = org.jboss.weld.exceptions.DeploymentException: WELD-000072: Bean declaring a passivating scope must be passivation capable.  Bean:  Managed Bean [class softswitch.view.admin.operator.OperatorListView] with qualifiers [@Default @Any @Named]
	at org.jboss.weld.bean.ManagedBean.checkType(ManagedBean.java:216)
	at org.jboss.weld.bean.AbstractBean.initializeAfterBeanDiscovery(AbstractBean.java:108)
	at org.jboss.weld.bean.ManagedBean.initializeAfterBeanDiscovery(ManagedBean.java:122)
	at org.jboss.weld.bootstrap.ConcurrentBeanDeployer$AfterBeanDiscoveryInitializerFactory.doWork(ConcurrentBeanDeployer.java:111)
	at org.jboss.weld.bootstrap.ConcurrentBeanDeployer$AfterBeanDiscoveryInitializerFactory.doWork(ConcurrentBeanDeployer.java:102)
	at org.jboss.weld.executor.IterativeWorkerTaskFactory$1.call(IterativeWorkerTaskFactory.java:62)
	at org.jboss.weld.executor.IterativeWorkerTaskFactory$1.call(IterativeWorkerTaskFactory.java:55)
	at com.ibm.ws.threading.internal.PolicyTaskFutureImpl.run(PolicyTaskFutureImpl.java:724)
	at com.ibm.ws.threading.internal.PolicyExecutorImpl.runTask(PolicyExecutorImpl.java:1134)
	at com.ibm.ws.threading.internal.PolicyExecutorImpl$GlobalPoolTask.run(PolicyExecutorImpl.java:188)
	at java.util.concurrent.ThreadPoolExecutor.runWorker(Unknown Source)
	at java.util.concurrent.ThreadPoolExecutor$Worker.run(Unknown Source)
	at java.lang.Thread.run(Unknown Source)

Dump of callerThis
Object type = com.ibm.ws.container.service.state.internal.ApplicationStateManager
  serialVersionUID = -6685368059484454124
  $$$tc$$$ = class com.ibm.websphere.ras.TraceComponent@56518eff
    strings[0] = "TraceComponent[com.ibm.ws.container.service.state.internal.ApplicationStateManager,class com.ibm.ws.container.service.state.internal.ApplicationStateManager,[Runtime],,null]"
  listeners = class com.ibm.wsspi.kernel.service.utils.ConcurrentServiceReferenceSet@551a9786
    referenceName = "applicationStateListeners"
    contextRef = class java.util.concurrent.atomic.AtomicReference@7369d827
      serialVersionUID = -1848883965231344442
      unsafe = class sun.misc.Unsafe@4e247326
      valueOffset = 12
      value = class org.apache.felix.scr.impl.manager.ComponentContextImpl@54f045de
    elementMap = class java.util.LinkedHashMap@c68b20
      serialVersionUID = 3801124242820219131
      head = class java.util.LinkedHashMap$Entry@29cd511a
      tail = class java.util.LinkedHashMap$Entry@5f2cb66b
      accessOrder = false
      serialVersionUID = 362498820763181265
      DEFAULT_INITIAL_CAPACITY = 16
      MAXIMUM_CAPACITY = 1073741824
      DEFAULT_LOAD_FACTOR = 0.75
      TREEIFY_THRESHOLD = 8
      UNTREEIFY_THRESHOLD = 6
      MIN_TREEIFY_CAPACITY = 64
      table = class java.util.HashMap$Node[32]
      entrySet = null
      size = 13
      modCount = 13
      threshold = 24
      loadFactor = 0.75
      keySet = null
      values = null
    elementSet = class java.util.concurrent.ConcurrentSkipListSet@54deba56
      serialVersionUID = -2479143111061671589
      m = class java.util.concurrent.ConcurrentSkipListMap@17f693bb
      UNSAFE = class sun.misc.Unsafe@4e247326
      mapOffset = 12
      MAX_ARRAY_SIZE = 2147483639
    elementSetUnsorted = false
    serialVersionUID = 756240983881166148
    $$$tc$$$ = class com.ibm.websphere.ras.TraceComponent@387b8a39
      strings[0] = "TraceComponent[com.ibm.wsspi.kernel.service.utils.ConcurrentServiceReferenceSet,class com.ibm.wsspi.kernel.service.utils.ConcurrentServiceReferenceSet,[kernelUtils],com.ibm.ws.kernel.service.utils.resources.ServiceMessages,null]"
  serialVersionUID = 2284273176985484160
  $$$tc$$$ = class com.ibm.websphere.ras.TraceComponent@43fd251a
    strings[0] = "TraceComponent[com.ibm.ws.container.service.state.internal.StateChangeManager,class com.ibm.ws.container.service.state.internal.StateChangeManager,[Runtime],,null]"

Dump of objectArray[0]
Object type = com.ibm.ws.container.service.app.deploy.internal.ApplicationInfoImpl
  appName = "softswitch"
  appMetaData = class com.ibm.ws.container.service.app.deploy.internal.ApplicationMetaDataImpl@1c0e13c7
    j2eeName = class com.ibm.ws.container.service.metadata.internal.J2EENameImpl@6c55a1a3
      serialVersionUID = 7488184044073147667
      application = "softswitch"
      module = null
      component = null
      string = "softswitch"
      j2eeNameBytes = null
      $$$tc$$$ = class com.ibm.websphere.ras.TraceComponent@7329e6ab
    serialVersionUID = -7906531148367236579
    $$$tc$$$ = class com.ibm.websphere.ras.TraceComponent@6457566d
      strings[0] = "TraceComponent[com.ibm.ws.container.service.app.deploy.internal.ApplicationMetaDataImpl,class com.ibm.ws.container.service.app.deploy.internal.ApplicationMetaDataImpl,[container.service],com.ibm.ws.container.service.resources.Messages,null]"
    tc = class com.ibm.websphere.ras.TraceComponent@6708fc0c
      strings[0] = "TraceComponent[com.ibm.ws.runtime.metadata.MetaDataImpl,class com.ibm.ws.runtime.metadata.MetaDataImpl,[Runtime],null,null]"
    NUM_STATIC_SLOTS = 4
    ID_UNINITIALIZED = -1
    id = 4
    metaDataInterface = class java.lang.Class@27246743
      ANNOTATION = 8192
      ENUM = 16384
      SYNTHETIC = 4096
      cachedConstructor = null
      newInstanceCallerCache = null
      name = null
      allPermDomain = class java.security.ProtectionDomain@486f5f55
      useCaches = true
      reflectionData = null
      classRedefinedCount = 0
      genericInfo = null
      serialVersionUID = 3206093459760846163
      serialPersistentFields = class java.io.ObjectStreamField[0]
      reflectionFactory = class sun.reflect.ReflectionFactory@79661d44
      initted = true
      enumConstants = null
      enumConstantDirectory = null
      annotationData = null
      annotationType = null
      classValueMap = null
    staticSlots = class java.lang.Object[4]
      Object[0] = null
      Object[1] = class com.ibm.ws.injectionengine.osgi.internal.OSGiInjectionScopeData@147c5daa
      Object[2] = null
      Object[3] = class com.ibm.ws.cdi.impl.weld.WebSphereCDIDeploymentImpl@408ef79d
    dynamicSlots = class java.lang.Object[4]
      Object[0] = null
      Object[1] = class com.ibm.ws.ejbcontainer.osgi.internal.metadata.OSGiEJBApplicationMetaData@210c5df4
      Object[2] = "softswitch"
      Object[3] = null
  appContainer = class com.ibm.ws.adaptable.module.internal.AdaptableContainerImpl@1d1b913e
    root = class com.ibm.ws.adaptable.module.internal.AdaptableContainerImpl@1d1b913e
    rootOverlay = class com.ibm.ws.artifact.overlay.internal.DirectoryBasedOverlayContainerImpl@5d917f23
      base = class com.ibm.ws.artifact.loose.internal.LooseArchive@980a3a0
      maskSet = class java.util.HashSet@387d6aba
      cfHolder = class com.ibm.ws.artifact.overlay.internal.OverlayContainerFactoryImpl@20325278
      fileOverlayContainer = class com.ibm.ws.artifact.file.internal.FileContainer@165ddb9e
      overlayDirectory = class java.io.File@363d13a7
      cacheDirForOverlay = class java.io.File@3a2c3b63
      overlayNotifier = class com.ibm.ws.artifact.overlay.internal.DirectoryBasedOverlayNotifier@6957ae26
      enclosingContainer = null
      entryInEnclosingContainer = null
      nestedOverlays = class java.util.concurrent.ConcurrentHashMap@112e09b9
      cacheStore = class com.ibm.ws.artifact.overlay.internal.OverlayCache@4fd09010
      parentOverlay = null
      isPassThroughMode = true
      serialVersionUID = -1690795617118238166
      $$$tc$$$ = class com.ibm.websphere.ras.TraceComponent@16140904
    factoryHolder = class com.ibm.ws.adaptable.module.internal.AdaptableModuleFactoryImpl@1036ebbb
      adapterFactoryService = class com.ibm.ws.adaptable.module.internal.AdapterFactoryServiceImpl@7717a6d1
      containerFactory = class com.ibm.ws.artifact.internal.ArtifactContainerFactoryService@7365046f
      overlayContainerFactory = class com.ibm.ws.artifact.overlay.internal.OverlayContainerFactoryImpl@20325278
      serialVersionUID = 4200251809856292987
      $$$tc$$$ = class com.ibm.websphere.ras.TraceComponent@da922d7
    delegate = class com.ibm.ws.artifact.overlay.internal.DirectoryBasedOverlayContainerImpl@5d917f23
    notifier = class com.ibm.ws.adaptable.module.internal.NotifierImpl@43c8555d
      root = class com.ibm.ws.adaptable.module.internal.AdaptableContainerImpl@1d1b913e
      delegateNotifier = class com.ibm.ws.artifact.overlay.internal.DirectoryBasedOverlayNotifier@6957ae26
      delegateRoot = class com.ibm.ws.artifact.overlay.internal.DirectoryBasedOverlayContainerImpl@5d917f23
      listenerDelegates = class java.util.HashMap@6a1709d5
      serialVersionUID = 6839382523957017880
      $$$tc$$$ = class com.ibm.websphere.ras.TraceComponent@24c42801
    serialVersionUID = -5621513278641113667
    $$$tc$$$ = class com.ibm.websphere.ras.TraceComponent@5d9fe469
      strings[0] = "TraceComponent[com.ibm.ws.adaptable.module.internal.AdaptableContainerImpl,class com.ibm.ws.adaptable.module.internal.AdaptableContainerImpl,[archive.adaptable],,null]"
  configHelper = class com.ibm.ws.app.manager.module.ApplicationNestedConfigHelper@69e9a7fa
    appInfo = class com.ibm.ws.app.manager.internal.ApplicationInstallInfo@3e5b776b
    serialVersionUID = -3174031738676705046
    $$$tc$$$ = class com.ibm.websphere.ras.TraceComponent@5e85c074
      strings[0] = "TraceComponent[com.ibm.ws.app.manager.module.ApplicationNestedConfigHelper,class com.ibm.ws.app.manager.module.ApplicationNestedConfigHelper,[applications, app.manager],,null]"
  applicationInformation = class com.ibm.ws.app.manager.internal.ApplicationInstallInfo@3e5b776b
    _config = class com.ibm.ws.app.manager.internal.ApplicationConfig@20bbf6de
      tc = class com.ibm.websphere.ras.TraceComponent@3b95619a
      _configPid = "com.ibm.ws.app.manager_57"
      _config = class com.ibm.ws.config.admin.ConfigurationDictionary@20b8f1fa
      _applicationManager = class com.ibm.ws.app.manager.ApplicationManager@21113c67
      _location = "softswitch.war"
      _type = "war"
      _name = "softswitch"
      _notificationBroadcasterSupport = class javax.management.NotificationBroadcasterSupport@7cf1744d
      ONE_TIME_JANDEX_MSGS_DISPLAYED = true
    _handlerInfo = class java.util.concurrent.atomic.AtomicReference@678e01a7
      serialVersionUID = -1848883965231344442
      unsafe = class sun.misc.Unsafe@4e247326
      valueOffset = 12
      value = class com.ibm.ws.app.manager.war.internal.WARDeployedAppInfo@1e97caf8
    _container = class java.util.concurrent.atomic.AtomicReference@b72a6ba
      serialVersionUID = -1848883965231344442
      unsafe = class sun.misc.Unsafe@4e247326
      valueOffset = 12
      value = class com.ibm.ws.adaptable.module.internal.AdaptableContainerImpl@1d1b913e
    _resolvedLocation = class java.util.concurrent.atomic.AtomicReference@2f801659
      serialVersionUID = -1848883965231344442
      unsafe = class sun.misc.Unsafe@4e247326
      valueOffset = 12
      value = class com.ibm.ws.kernel.service.location.internal.LocalFileResource@1cf08830
    _handler = class com.ibm.ws.app.manager.war.internal.WARApplicationHandlerImpl@71a89154
      futureMonitor = class com.ibm.ws.threading.internal.FutureMonitorImpl@6bf3d3c1
      deployedAppFactory = class com.ibm.ws.app.manager.war.internal.WARDeployedAppInfoFactoryImpl@53e5e33b
      serialVersionUID = 4622845147410944782
      $$$tc$$$ = class com.ibm.websphere.ras.TraceComponent@44e84af9
    _ami = class java.util.concurrent.atomic.AtomicReference@4a85cced
      serialVersionUID = -1848883965231344442
      unsafe = class sun.misc.Unsafe@4e247326
      valueOffset = 12
      value = class com.ibm.wsspi.application.handler.DefaultApplicationMonitoringInformation@5f0e3003
    _updateHandler = class com.ibm.ws.app.manager.internal.statemachine.ApplicationStateMachineImpl@45041596
      _tc = class com.ibm.websphere.ras.TraceComponent@2252bba7
      EMPTY_FUTURE_ARRAY = interface java.util.concurrent.Future[0]
      asmSequenceNumber = class java.util.concurrent.atomic.AtomicLong@512dd7c6
      _qscaCounter = class java.util.concurrent.atomic.AtomicInteger@5237f7eb
      _failedThrowable = class com.ibm.ws.container.service.state.StateChangeException@7d8f854f
      _interruptibleLock = class com.ibm.ws.app.manager.internal.statemachine.ApplicationStateMachineImpl$2@6b9033aa
      _interruptible = false
      _performingQueuedActions = true
      _queuedActions = class java.util.concurrent.ConcurrentLinkedQueue@1ee31466
      _callbackState = class java.util.concurrent.atomic.AtomicReference@6c6f7267
      blockAppStartingFutures = class java.util.Collections$SetFromMap@10a58ae
      waitingForAppHandlerFuture = class java.util.concurrent.atomic.AtomicReference@6b6d2646
      waitingForExplicitStartFuture = class java.util.concurrent.atomic.AtomicReference@6d2b5f69
      completionListener = class java.util.concurrent.atomic.AtomicReference@7ac0f4e1
      _notifyAppStopped = class java.util.concurrent.ConcurrentLinkedQueue@29dc0c3f
      _notifyAppStarting = class java.util.concurrent.ConcurrentLinkedQueue@2b014054
      _notifyAppInstallCalled = class java.util.concurrent.ConcurrentLinkedQueue@1c66924a
      _notifyAppStarted = class java.util.concurrent.ConcurrentLinkedQueue@61fc0adb
      _notifyAppRemoved = class java.util.concurrent.ConcurrentLinkedQueue@28885f2f
      _stateLock = class com.ibm.ws.app.manager.internal.statemachine.ApplicationStateMachineImpl$3@92ab98a
      _internalState = class java.util.concurrent.atomic.AtomicReference@21f69e27
      _currentAction = class java.util.concurrent.atomic.AtomicReference@205df210
      _rfa = class java.util.concurrent.atomic.AtomicReference@4a46b013
      _appInstallInfo = class java.util.concurrent.atomic.AtomicReference@167ca638
      _update = class java.util.concurrent.atomic.AtomicBoolean@36e0576
      _appConfig = class java.util.concurrent.atomic.AtomicReference@4cecba79
      _nextAppConfig = class java.util.concurrent.atomic.AtomicReference@33d55ddf
      _appContainer = class java.util.concurrent.atomic.AtomicReference@406b60fb
      _resolvedLocation = class java.util.concurrent.atomic.AtomicReference@335d9835
      _handler = class java.util.concurrent.atomic.AtomicReference@1a4bd355
      _asmSeqNo = 4
      _ctx = class org.eclipse.osgi.internal.framework.BundleContextImpl@6b6b577b
      _locAdmin = class com.ibm.ws.kernel.service.location.internal.WsLocationAdminImpl@43a44c0f
      _futureMonitor = class com.ibm.ws.threading.internal.FutureMonitorImpl@6bf3d3c1
      _artifactFactory = class com.ibm.ws.artifact.internal.ArtifactContainerFactoryService@7365046f
      _moduleFactory = class com.ibm.ws.adaptable.module.internal.AdaptableModuleFactoryImpl@1036ebbb
      _executorService = class com.ibm.ws.threading.internal.ExecutorServiceImpl@33f20dfe
      _scheduledExecutorService = class com.ibm.ws.threading.internal.ScheduledExecutorImpl@42c9308f
      _asmHelper = class com.ibm.ws.app.manager.internal.ApplicationConfigurator$NamedApplication@113f96fd
      _appMonitor = class com.ibm.ws.app.manager.internal.monitor.ApplicationMonitor@be35b9c
      enterStateCalled = class java.util.concurrent.atomic.AtomicBoolean@3694e66
      serialVersionUID = 6511956370079301927
      serialVersionUID = 5501066335104962649
      $$$tc$$$ = class com.ibm.websphere.ras.TraceComponent@69053f9d
    serialVersionUID = 2630639237123415755
    $$$tc$$$ = class com.ibm.websphere.ras.TraceComponent@19b9986d
      strings[0] = "TraceComponent[com.ibm.ws.app.manager.internal.ApplicationInstallInfo,class com.ibm.ws.app.manager.internal.ApplicationInstallInfo,[applications, app.manager],com.ibm.ws.app.manager.internal.resources.AppManagerMessages,null]"
  serialVersionUID = -505303337196743781
  $$$tc$$$ = class com.ibm.websphere.ras.TraceComponent@5e8baafa
    strings[0] = "TraceComponent[com.ibm.ws.container.service.app.deploy.internal.ApplicationInfoImpl,class com.ibm.ws.container.service.app.deploy.internal.ApplicationInfoImpl,[container.service],com.ibm.ws.container.service.resources.Messages,null]"

