------Start of DE processing------ = [24/06/19 10:31:28:708 COT]
Exception = com.ibm.wsspi.adaptable.module.UnableToAdaptException
Source = com.ibm.ws.ejbcontainer.osgi.internal.EJBContainerImpl
probeid = 155
Stack Dump = com.ibm.wsspi.adaptable.module.UnableToAdaptException: com.ibm.ejs.container.EJBConfigurationException: Errors occurred processing EJB metadata
	at com.ibm.ws.ejbcontainer.osgi.internal.ModuleInitDataAdapter.adapt(ModuleInitDataAdapter.java:124)
	at com.ibm.ws.ejbcontainer.osgi.internal.ModuleInitDataAdapter.adapt(ModuleInitDataAdapter.java:40)
	at com.ibm.ws.adaptable.module.internal.AdapterFactoryServiceImpl.adapt(AdapterFactoryServiceImpl.java:196)
	at com.ibm.ws.adaptable.module.internal.AdaptableContainerImpl.adapt(AdaptableContainerImpl.java:170)
	at com.ibm.ws.ejbcontainer.osgi.internal.EJBContainerImpl.createEJBInWARModuleMetaData(EJBContainerImpl.java:143)
	at com.ibm.ws.ejbcontainer.war.internal.EJBWARMetaDataRuntime.createdNestedModuleMetaData(EJBWARMetaDataRuntime.java:63)
	at com.ibm.ws.app.manager.module.internal.SimpleDeployedAppInfoBase$ModuleContainerInfoBase.createModuleMetaData(SimpleDeployedAppInfoBase.java:173)
	at com.ibm.ws.app.manager.module.internal.DeployedAppInfoBase.preDeployApp(DeployedAppInfoBase.java:369)
	at com.ibm.ws.app.manager.module.internal.DeployedAppInfoBase.deployApp(DeployedAppInfoBase.java:413)
	at com.ibm.ws.app.manager.war.internal.WARApplicationHandlerImpl.install(WARApplicationHandlerImpl.java:65)
	at com.ibm.ws.app.manager.internal.statemachine.StartAction.execute(StartAction.java:140)
	at com.ibm.ws.app.manager.internal.statemachine.ApplicationStateMachineImpl.enterState(ApplicationStateMachineImpl.java:1261)
	at com.ibm.ws.app.manager.internal.statemachine.ApplicationStateMachineImpl.run(ApplicationStateMachineImpl.java:876)
	at com.ibm.ws.threading.internal.ExecutorServiceImpl$RunnableWrapper.run(ExecutorServiceImpl.java:239)
	at java.util.concurrent.ThreadPoolExecutor.runWorker(Unknown Source)
	at java.util.concurrent.ThreadPoolExecutor$Worker.run(Unknown Source)
	at java.lang.Thread.run(Unknown Source)
Caused by: com.ibm.ejs.container.EJBConfigurationException: Errors occurred processing EJB metadata
	at com.ibm.ws.ejbcontainer.osgi.internal.ModuleInitDataFactory.createModuleInitData(ModuleInitDataFactory.java:536)
	at com.ibm.ws.ejbcontainer.osgi.internal.ModuleInitDataAdapter.createModuleInitData(ModuleInitDataAdapter.java:145)
	at com.ibm.ws.ejbcontainer.osgi.internal.ModuleInitDataAdapter.adapt(ModuleInitDataAdapter.java:108)
	... 16 more

Dump of callerThis
Object type = com.ibm.ws.ejbcontainer.osgi.internal.EJBContainerImpl
  REFERENCE_RUNTIME = "runtime"
  REFERENCE_SESSION_RUNTIME = "sessionRuntime"
  REFERENCE_J2EE_NAME_FACTORY = "j2eeNameFactory"
  REFERENCE_INJECTION_ENGINE = "injectionEngine"
  runtimeSR = class com.ibm.wsspi.kernel.service.utils.AtomicServiceReference@f5915e9
    referenceName = "runtime"
    tuple = class java.util.concurrent.atomic.AtomicReference@67a4b355
      serialVersionUID = -1848883965231344442
      unsafe = class sun.misc.Unsafe@5b8457ec
      valueOffset = 12
      value = class com.ibm.wsspi.kernel.service.utils.AtomicServiceReference$ReferenceTuple@819adc8
    serialVersionUID = 2226592364007985000
    $$$tc$$$ = class com.ibm.websphere.ras.TraceComponent@36d58fa0
      strings[0] = "TraceComponent[com.ibm.wsspi.kernel.service.utils.AtomicServiceReference,class com.ibm.wsspi.kernel.service.utils.AtomicServiceReference,[kernelUtils],com.ibm.ws.kernel.service.utils.resources.ServiceMessages,null]"
  sessionRuntimeSR = class com.ibm.wsspi.kernel.service.utils.AtomicServiceReference@71bd1f25
    referenceName = "sessionRuntime"
    tuple = class java.util.concurrent.atomic.AtomicReference@429feffe
      serialVersionUID = -1848883965231344442
      unsafe = class sun.misc.Unsafe@5b8457ec
      valueOffset = 12
      value = class com.ibm.wsspi.kernel.service.utils.AtomicServiceReference$ReferenceTuple@3835742c
    serialVersionUID = 2226592364007985000
    $$$tc$$$ = class com.ibm.websphere.ras.TraceComponent@36d58fa0
  j2eeNameFactorySR = class com.ibm.wsspi.kernel.service.utils.AtomicServiceReference@7269d664
    referenceName = "j2eeNameFactory"
    tuple = class java.util.concurrent.atomic.AtomicReference@4a6591ca
      serialVersionUID = -1848883965231344442
      unsafe = class sun.misc.Unsafe@5b8457ec
      valueOffset = 12
      value = class com.ibm.wsspi.kernel.service.utils.AtomicServiceReference$ReferenceTuple@63e5a67d
    serialVersionUID = 2226592364007985000
    $$$tc$$$ = class com.ibm.websphere.ras.TraceComponent@36d58fa0
  injectionEngineSR = class com.ibm.wsspi.kernel.service.utils.AtomicServiceReference@20950cf3
    referenceName = "injectionEngine"
    tuple = class java.util.concurrent.atomic.AtomicReference@7ef9ccb3
      serialVersionUID = -1848883965231344442
      unsafe = class sun.misc.Unsafe@5b8457ec
      valueOffset = 12
      value = class com.ibm.wsspi.kernel.service.utils.AtomicServiceReference$ReferenceTuple@5e88ccb
    serialVersionUID = 2226592364007985000
    $$$tc$$$ = class com.ibm.websphere.ras.TraceComponent@36d58fa0
  serialVersionUID = 1513970085448021803
  $$$tc$$$ = class com.ibm.websphere.ras.TraceComponent@79363dfa
    strings[0] = "TraceComponent[com.ibm.ws.ejbcontainer.osgi.internal.EJBContainerImpl,class com.ibm.ws.ejbcontainer.osgi.internal.EJBContainerImpl,[EJBContainer],com.ibm.ws.ejbcontainer.osgi.internal.resources.EJBContainerMessages,null]"

Dump of objectArray[0]
Object type = com.ibm.ws.app.manager.module.internal.WebModuleInfoImpl
  contextRoot = "/testingPrimefaces"
  isDefaultContextRootUsed = true
  serialVersionUID = -1540279394520440503
  $$$tc$$$ = class com.ibm.websphere.ras.TraceComponent@1066fdba
    strings[0] = "TraceComponent[com.ibm.ws.app.manager.module.internal.WebModuleInfoImpl,class com.ibm.ws.app.manager.module.internal.WebModuleInfoImpl,[applications, app.manager],,null]"
  tc = class com.ibm.websphere.ras.TraceComponent@515b5c76
    strings[0] = "TraceComponent[com.ibm.ws.app.manager.module.internal.ExtendedModuleInfoImpl,class com.ibm.ws.app.manager.module.internal.ExtendedModuleInfoImpl,[app.manager],com.ibm.ws.app.manager.module.internal.resources.Messages,null]"
  appInfo = class com.ibm.ws.container.service.app.deploy.internal.ApplicationInfoImpl@4f4cc4d5
    appName = "testingPrimefaces"
    appMetaData = class com.ibm.ws.container.service.app.deploy.internal.ApplicationMetaDataImpl@64ac16f3
    appContainer = class com.ibm.ws.adaptable.module.internal.AdaptableContainerImpl@4610a49d
    configHelper = class com.ibm.ws.app.manager.module.ApplicationNestedConfigHelper@77d40258
      appInfo = class com.ibm.ws.app.manager.internal.ApplicationInstallInfo@75bce5ed
      serialVersionUID = -3174031738676705046
      $$$tc$$$ = class com.ibm.websphere.ras.TraceComponent@20c00e4d
    applicationInformation = class com.ibm.ws.app.manager.internal.ApplicationInstallInfo@75bce5ed
    serialVersionUID = -505303337196743781
    $$$tc$$$ = class com.ibm.websphere.ras.TraceComponent@1adaf4c5
      strings[0] = "TraceComponent[com.ibm.ws.container.service.app.deploy.internal.ApplicationInfoImpl,class com.ibm.ws.container.service.app.deploy.internal.ApplicationInfoImpl,[container.service],com.ibm.ws.container.service.resources.Messages,null]"
  moduleName = "testingPrimefaces"
  path = "testingPrimefaces.war"
  moduleContainer = class com.ibm.ws.adaptable.module.internal.AdaptableContainerImpl@4610a49d
    root = class com.ibm.ws.adaptable.module.internal.AdaptableContainerImpl@4610a49d
    rootOverlay = class com.ibm.ws.artifact.overlay.internal.DirectoryBasedOverlayContainerImpl@ecd041b
      base = class com.ibm.ws.artifact.loose.internal.LooseArchive@56233a5b
      maskSet = class java.util.HashSet@4dc1faac
      cfHolder = class com.ibm.ws.artifact.overlay.internal.OverlayContainerFactoryImpl@173dc6a9
      fileOverlayContainer = class com.ibm.ws.artifact.file.internal.FileContainer@34b06533
      overlayDirectory = class java.io.File@18377809
      cacheDirForOverlay = class java.io.File@578978b6
      overlayNotifier = class com.ibm.ws.artifact.overlay.internal.DirectoryBasedOverlayNotifier@155fec71
      enclosingContainer = null
      entryInEnclosingContainer = null
      nestedOverlays = class java.util.concurrent.ConcurrentHashMap@22f18a14
      cacheStore = class com.ibm.ws.artifact.overlay.internal.OverlayCache@1254973
      parentOverlay = null
      isPassThroughMode = true
      serialVersionUID = -1690795617118238166
      $$$tc$$$ = class com.ibm.websphere.ras.TraceComponent@206f35e7
    factoryHolder = class com.ibm.ws.adaptable.module.internal.AdaptableModuleFactoryImpl@76eae26f
      adapterFactoryService = class com.ibm.ws.adaptable.module.internal.AdapterFactoryServiceImpl@50ee885a
      containerFactory = class com.ibm.ws.artifact.internal.ArtifactContainerFactoryService@36e5b380
      overlayContainerFactory = class com.ibm.ws.artifact.overlay.internal.OverlayContainerFactoryImpl@173dc6a9
      serialVersionUID = 4200251809856292987
      $$$tc$$$ = class com.ibm.websphere.ras.TraceComponent@1f406d8d
    delegate = class com.ibm.ws.artifact.overlay.internal.DirectoryBasedOverlayContainerImpl@ecd041b
    notifier = class com.ibm.ws.adaptable.module.internal.NotifierImpl@370a4f25
      root = class com.ibm.ws.adaptable.module.internal.AdaptableContainerImpl@4610a49d
      delegateNotifier = class com.ibm.ws.artifact.overlay.internal.DirectoryBasedOverlayNotifier@155fec71
      delegateRoot = class com.ibm.ws.artifact.overlay.internal.DirectoryBasedOverlayContainerImpl@ecd041b
      listenerDelegates = class java.util.HashMap@77238682
      serialVersionUID = 6839382523957017880
      $$$tc$$$ = class com.ibm.websphere.ras.TraceComponent@3b52ef0c
    serialVersionUID = -5621513278641113667
    $$$tc$$$ = class com.ibm.websphere.ras.TraceComponent@45f58fe9
      strings[0] = "TraceComponent[com.ibm.ws.adaptable.module.internal.AdaptableContainerImpl,class com.ibm.ws.adaptable.module.internal.AdaptableContainerImpl,[archive.adaptable],,null]"
  altDDEntry = null
  moduleClassesContainers = class java.util.ArrayList@18d92649
    serialVersionUID = 8683452581122892189
    DEFAULT_CAPACITY = 10
    EMPTY_ELEMENTDATA = class java.lang.Object[0]
    DEFAULTCAPACITY_EMPTY_ELEMENTDATA = class java.lang.Object[0]
    elementData = class java.lang.Object[10]
      Object[0] = class com.ibm.ws.app.manager.module.internal.SimpleDeployedAppInfoBase$WebModuleContainerInfo@4b5ed6b7
      Object[1] = class com.ibm.ws.app.manager.module.internal.SimpleDeployedAppInfoBase$WebModuleContainerInfo$1@7291d378
      Object[2] = class com.ibm.ws.app.manager.module.internal.SimpleDeployedAppInfoBase$WebModuleContainerInfo$2@114ef26
      Object[3] = class com.ibm.ws.app.manager.module.internal.SimpleDeployedAppInfoBase$WebModuleContainerInfo$2@4778174
      Object[4] = class com.ibm.ws.app.manager.module.internal.SimpleDeployedAppInfoBase$WebModuleContainerInfo$2@50e17f95
      Object[5] = class com.ibm.ws.app.manager.module.internal.SimpleDeployedAppInfoBase$WebModuleContainerInfo$2@2c177ce2
      Object[6] = null
      Object[7] = null
      Object[8] = null
      Object[9] = null
    size = 6
    MAX_ARRAY_SIZE = 2147483639
    modCount = 7
    MAX_ARRAY_SIZE = 2147483639
  classLoaderFactory = class com.ibm.ws.app.manager.war.internal.WARDeployedAppInfo@79dc562b
    CONTEXT_ROOT = "context-root"
    webModuleHandler = class com.ibm.ws.app.manager.web.internal.WebModuleHandlerImpl@1ba1ae7c
      serialVersionUID = 4795602325763828210
      $$$tc$$$ = class com.ibm.websphere.ras.TraceComponent@3fa31c7d
      futureMonitor = class com.ibm.ws.threading.internal.FutureMonitorImpl@5b1d6b9f
      metaDataService = class com.ibm.ws.container.service.metadata.internal.MetaDataServiceImpl@548a87cb
      stateChangeService = class com.ibm.ws.container.service.state.internal.StateChangeServiceImpl@78de9dfb
      moduleRuntimeContainer = class com.ibm.ws.webcontainer.osgi.WebContainer@c91dd7a
      firstFailure = null
      serialVersionUID = -4563697739413190872
      $$$tc$$$ = class com.ibm.websphere.ras.TraceComponent@79fd2901
    webContainerModuleInfo = class com.ibm.ws.app.manager.module.internal.SimpleDeployedAppInfoBase$WebModuleContainerInfo@4b5ed6b7
      contextRoot = null
      defaultContextRoot = "testingPrimefaces"
      serialVersionUID = -8158961796913348204
      $$$tc$$$ = class com.ibm.websphere.ras.TraceComponent@1bf9fdc
      moduleHandler = class com.ibm.ws.app.manager.web.internal.WebModuleHandlerImpl@1ba1ae7c
      moduleMetaDataExtenders = class java.util.concurrent.CopyOnWriteArrayList@10292a0f
      nestedModuleMetaDataFactories = class java.util.concurrent.CopyOnWriteArrayList@1abd2581
      nestedModules = null
      moduleName = "testingPrimefaces"
      moduleDD = class com.ibm.ws.javaee.ddmodel.web.common.WebAppType@26e6a3e2
      moduleInfo = class com.ibm.ws.app.manager.module.internal.WebModuleInfoImpl@4bd38d99
      serialVersionUID = 8693907776607441911
      $$$tc$$$ = class com.ibm.websphere.ras.TraceComponent@1bcb3369
      type = class com.ibm.ws.container.service.app.deploy.ContainerInfo$Type@198f09f3
      name = "testingPrimefaces.war"
      container = class com.ibm.ws.adaptable.module.internal.AdaptableContainerImpl@4610a49d
      altDDEntry = null
      classesContainerInfo = class java.util.ArrayList@18d92649
      serialVersionUID = 7427332431485745589
      $$$tc$$$ = class com.ibm.websphere.ras.TraceComponent@58ba071c
    DYNAMIC_IMPORT_PACKAGE_LIST = class java.util.Collections$UnmodifiableRandomAccessList@1e87f4be
      serialVersionUID = -2542308836966382001
      serialVersionUID = -283967356065247728
      list = class java.util.Arrays$ArrayList@10038c6
      serialVersionUID = 1820017752578914078
      c = class java.util.Arrays$ArrayList@10038c6
    serialVersionUID = -6153587016903242961
    $$$tc$$$ = class com.ibm.websphere.ras.TraceComponent@253268d9
      strings[0] = "TraceComponent[com.ibm.ws.app.manager.war.internal.WARDeployedAppInfo,class com.ibm.ws.app.manager.war.internal.WARDeployedAppInfo,[webcontainer, applications, app.manager],com.ibm.ws.app.manager.war.internal.resources.Messages,null]"
    _tc = class com.ibm.websphere.ras.TraceComponent@5ba7bbe4
      strings[0] = "TraceComponent[com.ibm.ws.app.manager.module.internal.DeployedAppInfoBase,class com.ibm.ws.app.manager.module.internal.DeployedAppInfoBase,[app.manager],com.ibm.ws.app.manager.module.internal.resources.Messages,null]"
    PERMISSION_XML = "permissions.xml"
    applicationInformation = class com.ibm.ws.app.manager.internal.ApplicationInstallInfo@75bce5ed
      _config = class com.ibm.ws.app.manager.internal.ApplicationConfig@7e7a43ba
      _handlerInfo = class java.util.concurrent.atomic.AtomicReference@29fd9bcf
      _container = class java.util.concurrent.atomic.AtomicReference@54dafe9c
      _resolvedLocation = class java.util.concurrent.atomic.AtomicReference@7fa25d16
      _handler = class com.ibm.ws.app.manager.war.internal.WARApplicationHandlerImpl@53e9a6cb
      _ami = class java.util.concurrent.atomic.AtomicReference@160f6c9a
      _updateHandler = class com.ibm.ws.app.manager.internal.statemachine.ApplicationStateMachineImpl@15224ed9
      serialVersionUID = 2630639237123415755
      $$$tc$$$ = class com.ibm.websphere.ras.TraceComponent@355f3597
    location = "D:\devel\tools\wlp\usr\servers\defaultServer\apps\testingPrimefaces.war.xml"
    classLoadingService = class com.ibm.ws.classloading.internal.ClassLoadingServiceImpl@486a7e83
      tc = class com.ibm.websphere.ras.TraceComponent@687d15aa
      leakDetectionMap = class java.util.HashMap@36d403e4
      TCCL_LOCK_WAIT = 15000
      REFERENCE_GENERATORS = "generators"
      bundleContext = class org.eclipse.osgi.internal.framework.BundleContextImpl@44fad8ab
      aclStore = class com.ibm.ws.classloading.internal.util.CanonicalStore@45b6a992
      tcclStore = class com.ibm.ws.classloading.internal.util.CanonicalStore@56dceb75
      tcclStoreLock = class java.util.concurrent.locks.ReentrantLock@18cca2e4
      digraph = class org.eclipse.equinox.internal.region.StandardRegionDigraph@e11593a
      redefiner = class com.ibm.ws.classloading.internal.util.ClassRedefiner@3c6afcf
      listener = class com.ibm.ws.classloading.internal.ClassLoadingServiceImpl$1@7e1b8b53
      classloaders = class java.util.Collections$SynchronizedMap@4fad40a6
      resourceProviders = class com.ibm.ws.classloading.internal.CompositeResourceProvider@328b1035
      rememberedBundles = class java.util.concurrent.ConcurrentHashMap@365757d7
      collectedBundles = class java.lang.ref.ReferenceQueue@14b4135d
      generatorRefs = class com.ibm.wsspi.kernel.service.utils.ConcurrentServiceReferenceSet@2cda44e0
      generatorManager = class com.ibm.ws.classloading.internal.ClassGeneratorManager@21a1886a
      appExtLibs = class java.util.concurrent.CopyOnWriteArrayList@3139c91d
      globalConfig = class com.ibm.ws.classloading.configuration.GlobalClassloadingConfiguration@5bd97db7
      metaInfServicesProviders = class java.util.concurrent.ConcurrentHashMap@573c60f4
      metaInfServicesRefs = class com.ibm.wsspi.kernel.service.utils.ConcurrentServiceReferenceMap@63a6afb5
      protectionDomainMap = class java.util.HashMap@1c28f3fd
      metadataIdentifierService = class com.ibm.ws.container.service.metadata.internal.MetaDataServiceImpl@548a87cb
      globalSharedLibrary = class java.util.concurrent.atomic.AtomicReference@c0c110a
      serialVersionUID = -2277344858934055980
    globalSharedLibrary = class com.ibm.ws.library.internal.SharedLibraryImpl@69694134
      tc = class com.ibm.websphere.ras.TraceComponent@6eedda01
      EMPTY_LIBRARY_LISTENERS = interface com.ibm.wsspi.library.LibraryChangeListener[0]
      deleted = false
      libraryListenersTracker = class org.osgi.util.tracker.ServiceTracker@1bb66138
      libraryReg = class org.eclipse.osgi.internal.serviceregistry.ServiceRegistrationImpl@32df80ac
      ctx = class org.eclipse.osgi.internal.framework.BundleContextImpl@44fad8ab
      classLoadingService = class com.ibm.ws.classloading.internal.ClassLoadingServiceImpl@486a7e83
      configAdmin = class com.ibm.ws.config.admin.internal.ConfigurationAdminImpl@9d2465
      resolvedBasePath = "D:/devel/tools/wlp/usr/servers/defaultServer/"
      generationLock = class com.ibm.ws.library.internal.SharedLibraryImpl$1@2e54301
      currentGeneration = class com.ibm.ws.library.internal.LibraryGeneration@272acf0e
      nextGeneration = class com.ibm.ws.library.internal.LibraryGeneration@272acf0e
      artifactContainerFactory = class com.ibm.ws.library.internal.SharedLibraryFactory$1@fbdd572
      packageExporter = class com.ibm.ws.library.internal.LibraryPackageExporter@666a66ec
      serialVersionUID = 6288237618632180389
    sharedLibDeploymentInfo = class com.ibm.ws.app.manager.module.internal.DeployedAppInfoBase$SharedLibDeploymentInfo@499c7ccc
      bundleContext = class org.eclipse.osgi.internal.framework.BundleContextImpl@486d31e
      locAdmin = class com.ibm.ws.kernel.service.location.internal.WsLocationAdminImpl@660ee2dd
      artifactFactory = class com.ibm.ws.artifact.internal.ArtifactContainerFactoryService@36e5b380
      moduleFactory = class com.ibm.ws.adaptable.module.internal.AdaptableModuleFactoryImpl@76eae26f
      classesContainerInfo = class java.util.ArrayList@1d8c0ad6
      serialVersionUID = -9033256786848720484
      $$$tc$$$ = class com.ibm.websphere.ras.TraceComponent@21df81d2
    futureMonitor = class com.ibm.ws.threading.internal.FutureMonitorImpl@5b1d6b9f
      _monitor = class java.util.concurrent.ConcurrentLinkedQueue@7bf15a93
      _executor = class com.ibm.ws.threading.internal.ScheduledExecutorImpl@70080d15
      _threadRunning = class java.util.concurrent.atomic.AtomicBoolean@4845ec08
      _thread = class com.ibm.ws.threading.internal.FutureMonitorImpl$1@8a970f8
      serialVersionUID = 2765238413969174390
      $$$tc$$$ = class com.ibm.websphere.ras.TraceComponent@bb67ded
    configAdmin = class com.ibm.ws.config.admin.internal.ConfigurationAdminImpl@40189819
      tc = class com.ibm.websphere.ras.TraceComponent@6781d6c8
      bundle = class org.eclipse.osgi.internal.framework.EquinoxBundle@228f0e11
      caFactory = class com.ibm.ws.config.admin.internal.ConfigAdminServiceFactory@75a6b141
      serialVersionUID = -2875522750804142523
    libraryConfigHelper = class com.ibm.ws.classloading.ClassLoaderConfigHelper@63db01cf
      tc = class com.ibm.websphere.ras.TraceComponent@650bb1f0
      DEFAULT_API_TYPES = class java.util.RegularEnumSet@77d084c8
      sharedLibraries = class java.util.Collections$EmptyList@291525b1
      commonLibraries = class java.util.Collections$EmptyList@291525b1
      classProviders = class java.util.Collections$EmptyList@291525b1
      sharedLibrariesPids = null
      commonLibrariesPids = null
      isDelegateLast = false
      apiTypes = class java.util.RegularEnumSet@77d084c8
      classLoaderConfigProps = null
      serialVersionUID = 7643888529935916418
    isDelegateLast = false
    permissionManager = class com.ibm.ws.classloading.java2sec.PermissionManager@490b6b64
      tc = class com.ibm.websphere.ras.TraceComponent@37c78c70
      classLoadingService = class com.ibm.ws.classloading.internal.ClassLoadingServiceImpl@486a7e83
      DEFAULT_SERVER_RESTRICTABLE_PERMISSIONS = class java.security.Permission[4]
      DEFAULT_CLIENT_RESTRICTABLE_PERMISSIONS = class java.security.Permission[3]
      isServer = true
      wsjarUrlStreamHandlerAvailable = true
      restrictablePermissions = class java.util.ArrayList@35e2813a
      grantedPermissions = class java.util.ArrayList@598a42cd
      KEY_PERMISSION = "permission"
      INCORRECT_PERMISSION_CONFIGURATION = "INCORRECT_PERMISSION_CONFIGURATION"
      PERMISSION_CLASSNOTFOUND = "PERMISSION_CLASSNOTFOUND"
      SERVER_XML = "server.xml"
      CLIENT_XML = "client.xml"
      originationFile = "server.xml"
      permissions = class com.ibm.wsspi.kernel.service.utils.ConcurrentServiceReferenceSet@7ef38440
      codeBasePermissionMap = class java.util.HashMap@6162ddcb
      permissionXMLPermissionMap = class java.util.HashMap@40a87b8c
      serialVersionUID = 3514017629123673923
    permissionsConfig = null
    serialVersionUID = 5168023053972273360
    appInfo = class com.ibm.ws.container.service.app.deploy.internal.ApplicationInfoImpl@4f4cc4d5
    modulesDeployed = class java.util.ArrayList@7d26273f
      serialVersionUID = 8683452581122892189
      DEFAULT_CAPACITY = 10
      EMPTY_ELEMENTDATA = class java.lang.Object[0]
      DEFAULTCAPACITY_EMPTY_ELEMENTDATA = class java.lang.Object[0]
      elementData = class java.lang.Object[0]
      size = 0
      MAX_ARRAY_SIZE = 2147483639
      modCount = 0
      MAX_ARRAY_SIZE = 2147483639
    starting = false
    started = false
    appInfoFactory = class com.ibm.ws.container.service.app.deploy.internal.ApplicationInfoFactoryImpl@4648842d
      j2eeNameFactory = class com.ibm.wsspi.kernel.service.utils.AtomicServiceReference@52f7b4e1
      names = class java.util.HashSet@38065318
      serialVersionUID = 7443990212682384945
      $$$tc$$$ = class com.ibm.websphere.ras.TraceComponent@7c81e955
    metaDataService = class com.ibm.ws.container.service.metadata.internal.MetaDataServiceImpl@548a87cb
      applicationMetaDataManager = class com.ibm.ws.container.service.metadata.internal.ApplicationMetaDataManager@60532133
      moduleMetaDataManager = class com.ibm.ws.container.service.metadata.internal.ModuleMetaDataManager@774b94af
      componentMetaDataManager = class com.ibm.ws.container.service.metadata.internal.ComponentMetaDataManager@778d4488
      methodMetaDataManager = class com.ibm.ws.container.service.metadata.internal.MethodMetaDataManager@7f242d9a
      appModuleNameToModuleContainer = class java.util.concurrent.ConcurrentHashMap@607d1f4
      jeeNameToComponentMetaData = class java.util.concurrent.ConcurrentHashMap@2d42c377
      deferredMetaDataFactories = class com.ibm.wsspi.kernel.service.utils.ConcurrentServiceReferenceSet@30766b53
      deferredMetaDataInitializers = class com.ibm.wsspi.kernel.service.utils.ConcurrentServiceReferenceMap@6ee0c83a
      serialVersionUID = -2494605732980966097
      $$$tc$$$ = class com.ibm.websphere.ras.TraceComponent@fcc55cc
    stateChangeService = class com.ibm.ws.container.service.state.internal.StateChangeServiceImpl@78de9dfb
      applicationStateManager = class com.ibm.ws.container.service.state.internal.ApplicationStateManager@32188797
      moduleStateManager = class com.ibm.ws.container.service.state.internal.ModuleStateManager@69de4b96
      serialVersionUID = -537917915330350560
      $$$tc$$$ = class com.ibm.websphere.ras.TraceComponent@5c9e16f
    moduleClassesInfo = class com.ibm.ws.app.manager.module.internal.SimpleDeployedAppInfoBase$ModuleClassesInfoProvider@348d4200
      entryContainerInfosMap = class java.util.HashMap@78df745d
      serialVersionUID = -70332790531324534
      $$$tc$$$ = class com.ibm.websphere.ras.TraceComponent@119cb773
    moduleContainerInfos = class java.util.ArrayList@3666d150
      serialVersionUID = 8683452581122892189
      DEFAULT_CAPACITY = 10
      EMPTY_ELEMENTDATA = class java.lang.Object[0]
      DEFAULTCAPACITY_EMPTY_ELEMENTDATA = class java.lang.Object[0]
      elementData = class java.lang.Object[10]
      size = 1
      MAX_ARRAY_SIZE = 2147483639
      modCount = 1
      MAX_ARRAY_SIZE = 2147483639
    activeModuleHandlers = class java.util.IdentityHashMap@36d2bc88
      DEFAULT_CAPACITY = 32
      MINIMUM_CAPACITY = 4
      MAXIMUM_CAPACITY = 536870912
      table = class java.lang.Object[16]
      size = 1
      modCount = 1
      NULL_KEY = class java.lang.Object@b420e4d
      entrySet = null
      serialVersionUID = 8188218128353913216
      keySet = null
      values = null
    serialVersionUID = 7078125893012250887
    $$$tc$$$ = class com.ibm.websphere.ras.TraceComponent@5651a065
      strings[0] = "TraceComponent[com.ibm.ws.app.manager.module.internal.SimpleDeployedAppInfoBase,class com.ibm.ws.app.manager.module.internal.SimpleDeployedAppInfoBase,[applications, app.manager],,null]"
  containerInfoType = class com.ibm.ws.container.service.app.deploy.ContainerInfo$Type@198f09f3
    MANIFEST_CLASSPATH = class com.ibm.ws.container.service.app.deploy.ContainerInfo$Type@24476229
      MANIFEST_CLASSPATH = class com.ibm.ws.container.service.app.deploy.ContainerInfo$Type@24476229
      WEB_INF_CLASSES = class com.ibm.ws.container.service.app.deploy.ContainerInfo$Type@3e4c9f7
      WEB_INF_LIB = class com.ibm.ws.container.service.app.deploy.ContainerInfo$Type@5475cd11
      EAR_LIB = class com.ibm.ws.container.service.app.deploy.ContainerInfo$Type@4127b5fb
      WEB_MODULE = class com.ibm.ws.container.service.app.deploy.ContainerInfo$Type@198f09f3
      EJB_MODULE = class com.ibm.ws.container.service.app.deploy.ContainerInfo$Type@5e6ed1dc
      CLIENT_MODULE = class com.ibm.ws.container.service.app.deploy.ContainerInfo$Type@7be01097
      RAR_MODULE = class com.ibm.ws.container.service.app.deploy.ContainerInfo$Type@10757bf
      JAR_MODULE = class com.ibm.ws.container.service.app.deploy.ContainerInfo$Type@7d73b209
      SHARED_LIB = class com.ibm.ws.container.service.app.deploy.ContainerInfo$Type@553b7c4a
      $VALUES = class com.ibm.ws.container.service.app.deploy.ContainerInfo$Type[10]
      $$$tc$$$ = class com.ibm.websphere.ras.TraceComponent@65db6405
      name = "MANIFEST_CLASSPATH"
      ordinal = 0
    WEB_INF_CLASSES = class com.ibm.ws.container.service.app.deploy.ContainerInfo$Type@3e4c9f7
      MANIFEST_CLASSPATH = class com.ibm.ws.container.service.app.deploy.ContainerInfo$Type@24476229
      WEB_INF_CLASSES = class com.ibm.ws.container.service.app.deploy.ContainerInfo$Type@3e4c9f7
      WEB_INF_LIB = class com.ibm.ws.container.service.app.deploy.ContainerInfo$Type@5475cd11
      EAR_LIB = class com.ibm.ws.container.service.app.deploy.ContainerInfo$Type@4127b5fb
      WEB_MODULE = class com.ibm.ws.container.service.app.deploy.ContainerInfo$Type@198f09f3
      EJB_MODULE = class com.ibm.ws.container.service.app.deploy.ContainerInfo$Type@5e6ed1dc
      CLIENT_MODULE = class com.ibm.ws.container.service.app.deploy.ContainerInfo$Type@7be01097
      RAR_MODULE = class com.ibm.ws.container.service.app.deploy.ContainerInfo$Type@10757bf
      JAR_MODULE = class com.ibm.ws.container.service.app.deploy.ContainerInfo$Type@7d73b209
      SHARED_LIB = class com.ibm.ws.container.service.app.deploy.ContainerInfo$Type@553b7c4a
      $VALUES = class com.ibm.ws.container.service.app.deploy.ContainerInfo$Type[10]
      $$$tc$$$ = class com.ibm.websphere.ras.TraceComponent@65db6405
      name = "WEB_INF_CLASSES"
      ordinal = 1
    WEB_INF_LIB = class com.ibm.ws.container.service.app.deploy.ContainerInfo$Type@5475cd11
      MANIFEST_CLASSPATH = class com.ibm.ws.container.service.app.deploy.ContainerInfo$Type@24476229
      WEB_INF_CLASSES = class com.ibm.ws.container.service.app.deploy.ContainerInfo$Type@3e4c9f7
      WEB_INF_LIB = class com.ibm.ws.container.service.app.deploy.ContainerInfo$Type@5475cd11
      EAR_LIB = class com.ibm.ws.container.service.app.deploy.ContainerInfo$Type@4127b5fb
      WEB_MODULE = class com.ibm.ws.container.service.app.deploy.ContainerInfo$Type@198f09f3
      EJB_MODULE = class com.ibm.ws.container.service.app.deploy.ContainerInfo$Type@5e6ed1dc
      CLIENT_MODULE = class com.ibm.ws.container.service.app.deploy.ContainerInfo$Type@7be01097
      RAR_MODULE = class com.ibm.ws.container.service.app.deploy.ContainerInfo$Type@10757bf
      JAR_MODULE = class com.ibm.ws.container.service.app.deploy.ContainerInfo$Type@7d73b209
      SHARED_LIB = class com.ibm.ws.container.service.app.deploy.ContainerInfo$Type@553b7c4a
      $VALUES = class com.ibm.ws.container.service.app.deploy.ContainerInfo$Type[10]
      $$$tc$$$ = class com.ibm.websphere.ras.TraceComponent@65db6405
      name = "WEB_INF_LIB"
      ordinal = 2
    EAR_LIB = class com.ibm.ws.container.service.app.deploy.ContainerInfo$Type@4127b5fb
      MANIFEST_CLASSPATH = class com.ibm.ws.container.service.app.deploy.ContainerInfo$Type@24476229
      WEB_INF_CLASSES = class com.ibm.ws.container.service.app.deploy.ContainerInfo$Type@3e4c9f7
      WEB_INF_LIB = class com.ibm.ws.container.service.app.deploy.ContainerInfo$Type@5475cd11
      EAR_LIB = class com.ibm.ws.container.service.app.deploy.ContainerInfo$Type@4127b5fb
      WEB_MODULE = class com.ibm.ws.container.service.app.deploy.ContainerInfo$Type@198f09f3
      EJB_MODULE = class com.ibm.ws.container.service.app.deploy.ContainerInfo$Type@5e6ed1dc
      CLIENT_MODULE = class com.ibm.ws.container.service.app.deploy.ContainerInfo$Type@7be01097
      RAR_MODULE = class com.ibm.ws.container.service.app.deploy.ContainerInfo$Type@10757bf
      JAR_MODULE = class com.ibm.ws.container.service.app.deploy.ContainerInfo$Type@7d73b209
      SHARED_LIB = class com.ibm.ws.container.service.app.deploy.ContainerInfo$Type@553b7c4a
      $VALUES = class com.ibm.ws.container.service.app.deploy.ContainerInfo$Type[10]
      $$$tc$$$ = class com.ibm.websphere.ras.TraceComponent@65db6405
      name = "EAR_LIB"
      ordinal = 3
    WEB_MODULE = class com.ibm.ws.container.service.app.deploy.ContainerInfo$Type@198f09f3
    EJB_MODULE = class com.ibm.ws.container.service.app.deploy.ContainerInfo$Type@5e6ed1dc
      MANIFEST_CLASSPATH = class com.ibm.ws.container.service.app.deploy.ContainerInfo$Type@24476229
      WEB_INF_CLASSES = class com.ibm.ws.container.service.app.deploy.ContainerInfo$Type@3e4c9f7
      WEB_INF_LIB = class com.ibm.ws.container.service.app.deploy.ContainerInfo$Type@5475cd11
      EAR_LIB = class com.ibm.ws.container.service.app.deploy.ContainerInfo$Type@4127b5fb
      WEB_MODULE = class com.ibm.ws.container.service.app.deploy.ContainerInfo$Type@198f09f3
      EJB_MODULE = class com.ibm.ws.container.service.app.deploy.ContainerInfo$Type@5e6ed1dc
      CLIENT_MODULE = class com.ibm.ws.container.service.app.deploy.ContainerInfo$Type@7be01097
      RAR_MODULE = class com.ibm.ws.container.service.app.deploy.ContainerInfo$Type@10757bf
      JAR_MODULE = class com.ibm.ws.container.service.app.deploy.ContainerInfo$Type@7d73b209
      SHARED_LIB = class com.ibm.ws.container.service.app.deploy.ContainerInfo$Type@553b7c4a
      $VALUES = class com.ibm.ws.container.service.app.deploy.ContainerInfo$Type[10]
      $$$tc$$$ = class com.ibm.websphere.ras.TraceComponent@65db6405
      name = "EJB_MODULE"
      ordinal = 5
    CLIENT_MODULE = class com.ibm.ws.container.service.app.deploy.ContainerInfo$Type@7be01097
      MANIFEST_CLASSPATH = class com.ibm.ws.container.service.app.deploy.ContainerInfo$Type@24476229
      WEB_INF_CLASSES = class com.ibm.ws.container.service.app.deploy.ContainerInfo$Type@3e4c9f7
      WEB_INF_LIB = class com.ibm.ws.container.service.app.deploy.ContainerInfo$Type@5475cd11
      EAR_LIB = class com.ibm.ws.container.service.app.deploy.ContainerInfo$Type@4127b5fb
      WEB_MODULE = class com.ibm.ws.container.service.app.deploy.ContainerInfo$Type@198f09f3
      EJB_MODULE = class com.ibm.ws.container.service.app.deploy.ContainerInfo$Type@5e6ed1dc
      CLIENT_MODULE = class com.ibm.ws.container.service.app.deploy.ContainerInfo$Type@7be01097
      RAR_MODULE = class com.ibm.ws.container.service.app.deploy.ContainerInfo$Type@10757bf
      JAR_MODULE = class com.ibm.ws.container.service.app.deploy.ContainerInfo$Type@7d73b209
      SHARED_LIB = class com.ibm.ws.container.service.app.deploy.ContainerInfo$Type@553b7c4a
      $VALUES = class com.ibm.ws.container.service.app.deploy.ContainerInfo$Type[10]
      $$$tc$$$ = class com.ibm.websphere.ras.TraceComponent@65db6405
      name = "CLIENT_MODULE"
      ordinal = 6
    RAR_MODULE = class com.ibm.ws.container.service.app.deploy.ContainerInfo$Type@10757bf
      MANIFEST_CLASSPATH = class com.ibm.ws.container.service.app.deploy.ContainerInfo$Type@24476229
      WEB_INF_CLASSES = class com.ibm.ws.container.service.app.deploy.ContainerInfo$Type@3e4c9f7
      WEB_INF_LIB = class com.ibm.ws.container.service.app.deploy.ContainerInfo$Type@5475cd11
      EAR_LIB = class com.ibm.ws.container.service.app.deploy.ContainerInfo$Type@4127b5fb
      WEB_MODULE = class com.ibm.ws.container.service.app.deploy.ContainerInfo$Type@198f09f3
      EJB_MODULE = class com.ibm.ws.container.service.app.deploy.ContainerInfo$Type@5e6ed1dc
      CLIENT_MODULE = class com.ibm.ws.container.service.app.deploy.ContainerInfo$Type@7be01097
      RAR_MODULE = class com.ibm.ws.container.service.app.deploy.ContainerInfo$Type@10757bf
      JAR_MODULE = class com.ibm.ws.container.service.app.deploy.ContainerInfo$Type@7d73b209
      SHARED_LIB = class com.ibm.ws.container.service.app.deploy.ContainerInfo$Type@553b7c4a
      $VALUES = class com.ibm.ws.container.service.app.deploy.ContainerInfo$Type[10]
      $$$tc$$$ = class com.ibm.websphere.ras.TraceComponent@65db6405
      name = "RAR_MODULE"
      ordinal = 7
    JAR_MODULE = class com.ibm.ws.container.service.app.deploy.ContainerInfo$Type@7d73b209
      MANIFEST_CLASSPATH = class com.ibm.ws.container.service.app.deploy.ContainerInfo$Type@24476229
      WEB_INF_CLASSES = class com.ibm.ws.container.service.app.deploy.ContainerInfo$Type@3e4c9f7
      WEB_INF_LIB = class com.ibm.ws.container.service.app.deploy.ContainerInfo$Type@5475cd11
      EAR_LIB = class com.ibm.ws.container.service.app.deploy.ContainerInfo$Type@4127b5fb
      WEB_MODULE = class com.ibm.ws.container.service.app.deploy.ContainerInfo$Type@198f09f3
      EJB_MODULE = class com.ibm.ws.container.service.app.deploy.ContainerInfo$Type@5e6ed1dc
      CLIENT_MODULE = class com.ibm.ws.container.service.app.deploy.ContainerInfo$Type@7be01097
      RAR_MODULE = class com.ibm.ws.container.service.app.deploy.ContainerInfo$Type@10757bf
      JAR_MODULE = class com.ibm.ws.container.service.app.deploy.ContainerInfo$Type@7d73b209
      SHARED_LIB = class com.ibm.ws.container.service.app.deploy.ContainerInfo$Type@553b7c4a
      $VALUES = class com.ibm.ws.container.service.app.deploy.ContainerInfo$Type[10]
      $$$tc$$$ = class com.ibm.websphere.ras.TraceComponent@65db6405
      name = "JAR_MODULE"
      ordinal = 8
    SHARED_LIB = class com.ibm.ws.container.service.app.deploy.ContainerInfo$Type@553b7c4a
      MANIFEST_CLASSPATH = class com.ibm.ws.container.service.app.deploy.ContainerInfo$Type@24476229
      WEB_INF_CLASSES = class com.ibm.ws.container.service.app.deploy.ContainerInfo$Type@3e4c9f7
      WEB_INF_LIB = class com.ibm.ws.container.service.app.deploy.ContainerInfo$Type@5475cd11
      EAR_LIB = class com.ibm.ws.container.service.app.deploy.ContainerInfo$Type@4127b5fb
      WEB_MODULE = class com.ibm.ws.container.service.app.deploy.ContainerInfo$Type@198f09f3
      EJB_MODULE = class com.ibm.ws.container.service.app.deploy.ContainerInfo$Type@5e6ed1dc
      CLIENT_MODULE = class com.ibm.ws.container.service.app.deploy.ContainerInfo$Type@7be01097
      RAR_MODULE = class com.ibm.ws.container.service.app.deploy.ContainerInfo$Type@10757bf
      JAR_MODULE = class com.ibm.ws.container.service.app.deploy.ContainerInfo$Type@7d73b209
      SHARED_LIB = class com.ibm.ws.container.service.app.deploy.ContainerInfo$Type@553b7c4a
      $VALUES = class com.ibm.ws.container.service.app.deploy.ContainerInfo$Type[10]
      $$$tc$$$ = class com.ibm.websphere.ras.TraceComponent@65db6405
      name = "SHARED_LIB"
      ordinal = 9
    $VALUES = class com.ibm.ws.container.service.app.deploy.ContainerInfo$Type[10]
      Type[0] = class com.ibm.ws.container.service.app.deploy.ContainerInfo$Type@24476229
      Type[1] = class com.ibm.ws.container.service.app.deploy.ContainerInfo$Type@3e4c9f7
      Type[2] = class com.ibm.ws.container.service.app.deploy.ContainerInfo$Type@5475cd11
      Type[3] = class com.ibm.ws.container.service.app.deploy.ContainerInfo$Type@4127b5fb
      Type[4] = class com.ibm.ws.container.service.app.deploy.ContainerInfo$Type@198f09f3
      Type[5] = class com.ibm.ws.container.service.app.deploy.ContainerInfo$Type@5e6ed1dc
      Type[6] = class com.ibm.ws.container.service.app.deploy.ContainerInfo$Type@7be01097
      Type[7] = class com.ibm.ws.container.service.app.deploy.ContainerInfo$Type@10757bf
      Type[8] = class com.ibm.ws.container.service.app.deploy.ContainerInfo$Type@7d73b209
      Type[9] = class com.ibm.ws.container.service.app.deploy.ContainerInfo$Type@553b7c4a
    $$$tc$$$ = class com.ibm.websphere.ras.TraceComponent@65db6405
      strings[0] = "TraceComponent[com.ibm.ws.container.service.app.deploy.ContainerInfo$Type,class com.ibm.ws.container.service.app.deploy.ContainerInfo$Type,[container.service],com.ibm.ws.container.service.resources.Messages,null]"
    name = "WEB_MODULE"
    ordinal = 4
  classLoader = class com.ibm.ws.classloading.internal.AppClassLoader@3432704a
    tc = class com.ibm.websphere.ras.TraceComponent@5fc61d8e
      strings[0] = "TraceComponent[com.ibm.ws.classloading.internal.AppClassLoader,class com.ibm.ws.classloading.internal.AppClassLoader,[ClassLoadingService],com.ibm.ws.classloading.internal.resources.ClassLoadingServiceMessages,null]"
    PARENT_FIRST_SEARCH_ORDER = class java.util.Collections$UnmodifiableRandomAccessList@750452e5
      serialVersionUID = -2542308836966382001
      serialVersionUID = -283967356065247728
      list = class java.util.Arrays$ArrayList@72f3ffbf
      serialVersionUID = 1820017752578914078
      c = class java.util.Arrays$ArrayList@72f3ffbf
    CLASS_LOADING_TRACE_PREFIX = "com.ibm.ws.class.load."
    DEFAULT_PACKAGE = "default.package"
    perPackageClassLoadingTraceComponents = class java.util.concurrent.ConcurrentHashMap@33f82f04
      serialVersionUID = 7249069246763182397
      MAXIMUM_CAPACITY = 1073741824
      DEFAULT_CAPACITY = 16
      MAX_ARRAY_SIZE = 2147483639
      DEFAULT_CONCURRENCY_LEVEL = 16
      LOAD_FACTOR = 0.75
      TREEIFY_THRESHOLD = 8
      UNTREEIFY_THRESHOLD = 6
      MIN_TREEIFY_CAPACITY = 64
      MIN_TRANSFER_STRIDE = 16
      RESIZE_STAMP_BITS = 16
      MAX_RESIZERS = 65535
      RESIZE_STAMP_SHIFT = 16
      MOVED = -1
      TREEBIN = -2
      RESERVED = -3
      HASH_BITS = 2147483647
      NCPU = 4
      serialPersistentFields = class java.io.ObjectStreamField[3]
      table = null
      nextTable = null
      baseCount = 0
      sizeCtl = 0
      transferIndex = 0
      cellsBusy = 0
      counterCells = null
      keySet = null
      values = null
      entrySet = null
      U = class sun.misc.Unsafe@5b8457ec
      SIZECTL = 20
      TRANSFERINDEX = 32
      BASECOUNT = 24
      CELLSBUSY = 36
      CELLVALUE = 144
      ABASE = 16
      ASHIFT = 2
      keySet = null
      values = null
    config = class com.ibm.ws.classloading.internal.ClassLoaderConfigurationImpl@525064a
      DEFAULT_PROTECTION_DOMAIN = class java.security.ProtectionDomain@298c89cd
      delegateLast = false
      includeAppExtensions = true
      id = class com.ibm.ws.classloading.serializable.ClassLoaderIdentityImpl@5ef795b2
      parentId = null
      sharedLibraries = class java.util.ArrayList@5d00f1fb
      commonLibraries = class java.util.Collections$EmptyList@291525b1
      providers = class java.util.Collections$EmptyList@291525b1
      nativeLibraryContainers = class java.util.Collections$EmptyList@291525b1
      protectionDomain = class java.security.ProtectionDomain@68a1db00
      serialVersionUID = 9091690180200375339
      $$$tc$$$ = class com.ibm.websphere.ras.TraceComponent@403858b0
    privateLibraries = class java.util.Collections$EmptyList@291525b1
      serialVersionUID = 8842843931221139166
      modCount = 0
      MAX_ARRAY_SIZE = 2147483639
    delegateLoaders = class com.ibm.ws.classloading.internal.util.CompositeIterable@7ed1c90c
      iterables = class java.util.Arrays$ArrayList@3f1c281d
      serialVersionUID = -1227195994638150837
      $$$tc$$$ = class com.ibm.websphere.ras.TraceComponent@592fe9fa
    nativeLibraryFiles = class java.util.ArrayList@ca349dd
      serialVersionUID = 8683452581122892189
      DEFAULT_CAPACITY = 10
      EMPTY_ELEMENTDATA = class java.lang.Object[0]
      DEFAULTCAPACITY_EMPTY_ELEMENTDATA = class java.lang.Object[0]
      elementData = class java.lang.Object[0]
      size = 0
      MAX_ARRAY_SIZE = 2147483639
      modCount = 0
      MAX_ARRAY_SIZE = 2147483639
    transformers = class java.util.ArrayList@21191955
      serialVersionUID = 8683452581122892189
      DEFAULT_CAPACITY = 10
      EMPTY_ELEMENTDATA = class java.lang.Object[0]
      DEFAULTCAPACITY_EMPTY_ELEMENTDATA = class java.lang.Object[0]
      elementData = class java.lang.Object[0]
      size = 0
      MAX_ARRAY_SIZE = 2147483639
      modCount = 0
      MAX_ARRAY_SIZE = 2147483639
    apiAccess = class com.ibm.ws.classloading.internal.GatewayClassLoader@2838d747
      config = class com.ibm.ws.classloading.internal.GatewayConfigurationImpl@5401341a
      wiringMonitor = class com.ibm.ws.classloading.internal.GatewayClassLoader$1@97a7d
      bundle = class org.eclipse.osgi.internal.framework.EquinoxBundle@3ce1ff69
      wiring = class org.eclipse.osgi.container.ModuleWiring@2c335ede
      bundleLoader = class org.eclipse.osgi.internal.loader.EquinoxClassLoader@4d1a549
      resourceProviders = class com.ibm.ws.classloading.internal.CompositeResourceProvider@328b1035
      serialVersionUID = -4256474098847905153
      $$$tc$$$ = class com.ibm.websphere.ras.TraceComponent@37b5e2c2
      parent = class sun.misc.Launcher$AppClassLoader@18b4aac2
      parallelLockMap = null
      package2certs = class java.util.Hashtable@592df02d
      nocerts = class java.security.cert.Certificate[0]
      classes = class java.util.Vector@12bca3e7
      defaultDomain = class java.security.ProtectionDomain@244fdac0
      domains = class java.util.HashSet@2dbdd8ed
      packages = class java.util.HashMap@1ba7f9ef
      scl = class sun.misc.Launcher$AppClassLoader@18b4aac2
      sclSet = true
      loadedLibraryNames = class java.util.Vector@67be730d
      systemNativeLibraries = class java.util.Vector@636f6bc5
      nativeLibraries = class java.util.Vector@6c73c2e7
      nativeLibraryContext = class java.util.Stack@69d8f7a9
      usr_paths = class java.lang.String[23]
      sys_paths = class java.lang.String[1]
      assertionLock = class com.ibm.ws.classloading.internal.GatewayClassLoader@2838d747
      defaultAssertionStatus = false
      packageAssertionStatus = null
      classAssertionStatus = null
    generator = class com.ibm.ws.classloading.internal.ClassGeneratorManager@21a1886a
      tc = class com.ibm.websphere.ras.TraceComponent@190ff524
      generatorRefs = class com.ibm.wsspi.kernel.service.utils.ConcurrentServiceReferenceSet@2cda44e0
      serialVersionUID = 4152663586056483310
    protectionDomains = class java.util.concurrent.ConcurrentHashMap@51c8acfb
      serialVersionUID = 7249069246763182397
      MAXIMUM_CAPACITY = 1073741824
      DEFAULT_CAPACITY = 16
      MAX_ARRAY_SIZE = 2147483639
      DEFAULT_CONCURRENCY_LEVEL = 16
      LOAD_FACTOR = 0.75
      TREEIFY_THRESHOLD = 8
      UNTREEIFY_THRESHOLD = 6
      MIN_TREEIFY_CAPACITY = 64
      MIN_TRANSFER_STRIDE = 16
      RESIZE_STAMP_BITS = 16
      MAX_RESIZERS = 65535
      RESIZE_STAMP_SHIFT = 16
      MOVED = -1
      TREEBIN = -2
      RESERVED = -3
      HASH_BITS = 2147483647
      NCPU = 4
      serialPersistentFields = class java.io.ObjectStreamField[3]
      table = null
      nextTable = null
      baseCount = 0
      sizeCtl = 0
      transferIndex = 0
      cellsBusy = 0
      counterCells = null
      keySet = null
      values = null
      entrySet = null
      U = class sun.misc.Unsafe@5b8457ec
      SIZECTL = 20
      TRANSFERINDEX = 32
      BASECOUNT = 24
      CELLSBUSY = 36
      CELLVALUE = 144
      ABASE = 16
      ASHIFT = 2
      keySet = null
      values = null
    parent = class com.ibm.ws.classloading.internal.GatewayClassLoader@2838d747
    hook = null
    serialVersionUID = 7911131531697267209
    tc = class com.ibm.websphere.ras.TraceComponent@4869e97a
      strings[0] = "TraceComponent[com.ibm.ws.classloading.internal.ContainerClassLoader,class com.ibm.ws.classloading.internal.ContainerClassLoader,[ClassLoadingService],com.ibm.ws.classloading.internal.resources.ClassLoadingServiceMessages,null]"
    smartClassPath = class com.ibm.ws.classloading.internal.ContainerClassLoader$UnreadSmartClassPath@47b3eabe
      delegate = class com.ibm.ws.classloading.internal.ContainerClassLoader$SmartClassPathImpl@b6abeb9
      this$0 = class com.ibm.ws.classloading.internal.AppClassLoader@3432704a
      serialVersionUID = -4209426028477611008
      $$$tc$$$ = class com.ibm.websphere.ras.TraceComponent@7d80fd23
    nativeLibraryContainers = class java.util.ArrayList@2e8990ac
      serialVersionUID = 8683452581122892189
      DEFAULT_CAPACITY = 10
      EMPTY_ELEMENTDATA = class java.lang.Object[0]
      DEFAULTCAPACITY_EMPTY_ELEMENTDATA = class java.lang.Object[0]
      elementData = class java.lang.Object[0]
      size = 0
      MAX_ARRAY_SIZE = 2147483639
      modCount = 0
      MAX_ARRAY_SIZE = 2147483639
    redefiner = class com.ibm.ws.classloading.internal.util.ClassRedefiner@3c6afcf
      tc = class com.ibm.websphere.ras.TraceComponent@3c94feef
      LS = "
"
      inst = class com.ibm.ws.kernel.launch.internal.TraceInstrumentation@49ad4c23
      serialVersionUID = 2420101865139508526
    jarProtocol = "wsjar:"
    mapCreationQueue = class java.util.concurrent.Executors$FinalizableDelegatedExecutorService@177d6438
      e = class java.util.concurrent.ThreadPoolExecutor@6546252
      $assertionsDisabled = true
    serialVersionUID = 4390450102868895350
    serialVersionUID = -7411549862368381758
    $$$tc$$$ = class com.ibm.websphere.ras.TraceComponent@5c8b77a9
      strings[0] = "TraceComponent[com.ibm.ws.classloading.internal.IdentifiedLoader,class com.ibm.ws.classloading.internal.IdentifiedLoader,[ClassLoadingService],com.ibm.ws.classloading.internal.resources.ClassLoadingServiceMessages,null]"
    serialVersionUID = -4868702105808481416
    $$$tc$$$ = class com.ibm.websphere.ras.TraceComponent@632e2ef5
      strings[0] = "TraceComponent[com.ibm.ws.classloading.internal.LibertyLoader,class com.ibm.ws.classloading.internal.LibertyLoader,[ClassLoadingService],com.ibm.ws.classloading.internal.resources.ClassLoadingServiceMessages,null]"
    serialVersionUID = 2596921220292114344
    $$$tc$$$ = class com.ibm.websphere.ras.TraceComponent@6708283d
      strings[0] = "TraceComponent[com.ibm.ws.classloading.LibertyClassLoader,class com.ibm.ws.classloading.LibertyClassLoader,[ClassLoadingService],com.ibm.ws.classloading.internal.resources.ClassLoadingServiceMessages,null]"
    initialized = true
    pdcache = class java.util.HashMap@6783ee92
      serialVersionUID = 362498820763181265
      DEFAULT_INITIAL_CAPACITY = 16
      MAXIMUM_CAPACITY = 1073741824
      DEFAULT_LOAD_FACTOR = 0.75
      TREEIFY_THRESHOLD = 8
      UNTREEIFY_THRESHOLD = 6
      MIN_TREEIFY_CAPACITY = 64
      table = null
      entrySet = null
      size = 0
      modCount = 0
      threshold = 16
      loadFactor = 0.75
      keySet = null
      values = null
    debug = null
    parent = class com.ibm.ws.classloading.internal.GatewayClassLoader@2838d747
    parallelLockMap = null
    package2certs = class java.util.Hashtable@34c06003
      table = class java.util.Hashtable$Entry[11]
      count = 0
      threshold = 8
      loadFactor = 0.75
      modCount = 0
      serialVersionUID = 1421746759512286392
      MAX_ARRAY_SIZE = 2147483639
      keySet = null
      entrySet = null
      values = null
      KEYS = 0
      VALUES = 1
      ENTRIES = 2
    nocerts = class java.security.cert.Certificate[0]
    classes = class java.util.Vector@72d5729b
      elementData = class java.lang.Object[10]
      elementCount = 0
      capacityIncrement = 0
      serialVersionUID = -2767605614048989439
      MAX_ARRAY_SIZE = 2147483639
      modCount = 0
      MAX_ARRAY_SIZE = 2147483639
    defaultDomain = class java.security.ProtectionDomain@71deb17e
      codesource = class java.security.CodeSource@2b25c878
      classloader = class com.ibm.ws.classloading.internal.AppClassLoader@3432704a
      principals = interface java.security.Principal[0]
      permissions = null
      hasAllPerm = false
      staticPermissions = false
      key = class java.security.ProtectionDomain$Key@756424d3
      debug = null
    domains = class java.util.HashSet@95136a9
      serialVersionUID = -5024744406713321676
      map = class java.util.HashMap@1d063210
      PRESENT = class java.lang.Object@194ff5c2
      MAX_ARRAY_SIZE = 2147483639
    packages = class java.util.HashMap@3e268ff8
      serialVersionUID = 362498820763181265
      DEFAULT_INITIAL_CAPACITY = 16
      MAXIMUM_CAPACITY = 1073741824
      DEFAULT_LOAD_FACTOR = 0.75
      TREEIFY_THRESHOLD = 8
      UNTREEIFY_THRESHOLD = 6
      MIN_TREEIFY_CAPACITY = 64
      table = null
      entrySet = null
      size = 0
      modCount = 0
      threshold = 0
      loadFactor = 0.75
      keySet = null
      values = null
    scl = class sun.misc.Launcher$AppClassLoader@18b4aac2
      ucp = class sun.misc.URLClassPath@7b5ca179
      $assertionsDisabled = true
      ucp = class sun.misc.URLClassPath@7b5ca179
      acc = class java.security.AccessControlContext@29898c1f
      closeables = class java.util.WeakHashMap@5b9c007a
      initialized = true
      pdcache = class java.util.HashMap@5eda9843
      debug = null
      parent = class sun.misc.Launcher$ExtClassLoader@1376c05c
      parallelLockMap = class java.util.concurrent.ConcurrentHashMap@4093ad88
      package2certs = class java.util.concurrent.ConcurrentHashMap@251f38f1
      nocerts = class java.security.cert.Certificate[0]
      classes = class java.util.Vector@1ebb73f8
      defaultDomain = class java.security.ProtectionDomain@1429e8ec
      domains = class java.util.Collections$SynchronizedSet@490be80c
      packages = class java.util.HashMap@150f896c
      scl = class sun.misc.Launcher$AppClassLoader@18b4aac2
      sclSet = true
      loadedLibraryNames = class java.util.Vector@67be730d
      systemNativeLibraries = class java.util.Vector@636f6bc5
      nativeLibraries = class java.util.Vector@50ee0c86
      nativeLibraryContext = class java.util.Stack@69d8f7a9
      usr_paths = class java.lang.String[23]
      sys_paths = class java.lang.String[1]
      assertionLock = class java.lang.Object@b5be0ff
      defaultAssertionStatus = false
      packageAssertionStatus = null
      classAssertionStatus = null
    sclSet = true
    loadedLibraryNames = class java.util.Vector@67be730d
      elementData = class java.lang.Object[10]
      elementCount = 8
      capacityIncrement = 0
      serialVersionUID = -2767605614048989439
      MAX_ARRAY_SIZE = 2147483639
      modCount = 8
      MAX_ARRAY_SIZE = 2147483639
    systemNativeLibraries = class java.util.Vector@636f6bc5
      elementData = class java.lang.Object[10]
      elementCount = 6
      capacityIncrement = 0
      serialVersionUID = -2767605614048989439
      MAX_ARRAY_SIZE = 2147483639
      modCount = 6
      MAX_ARRAY_SIZE = 2147483639
    nativeLibraries = class java.util.Vector@630bed7f
      elementData = class java.lang.Object[10]
      elementCount = 0
      capacityIncrement = 0
      serialVersionUID = -2767605614048989439
      MAX_ARRAY_SIZE = 2147483639
      modCount = 0
      MAX_ARRAY_SIZE = 2147483639
    nativeLibraryContext = class java.util.Stack@69d8f7a9
      serialVersionUID = 1224463164541339165
      elementData = class java.lang.Object[10]
      elementCount = 0
      capacityIncrement = 0
      serialVersionUID = -2767605614048989439
      MAX_ARRAY_SIZE = 2147483639
      modCount = 16
      MAX_ARRAY_SIZE = 2147483639
    usr_paths = class java.lang.String[23]
      String[0] = "C:\Program Files\Java\jre1.8.0_211\bin"
      String[1] = "C:\Windows\Sun\Java\bin"
      String[2] = "C:\Windows\system32"
      String[3] = "C:\Windows"
      String[4] = "C:/Program Files/Java/jre1.8.0_211/bin/server"
      String[5] = "C:/Program Files/Java/jre1.8.0_211/bin"
      String[6] = "C:/Program Files/Java/jre1.8.0_211/lib/amd64"
      String[7] = "C:\Program Files\Haskell\bin"
      String[8] = "C:\Program Files\Haskell Platform\8.6.5\lib\extralibs\bin"
      String[9] = "C:\Program Files\Haskell Platform\8.6.5\bin"
      String[10] = "C:\Program Files (x86)\Common Files\Oracle\Java\javapath"
      String[11] = "C:\Windows\system32"
      String[12] = "C:\Windows"
      String[13] = "C:\Windows\System32\Wbem"
      String[14] = "C:\Windows\System32\WindowsPowerShell\v1.0\"
      String[15] = "C:\Windows\System32\OpenSSH\"
      String[16] = "C:\Program Files\Haskell Platform\8.6.5\mingw\bin"
      String[17] = "C:\Users\xcode_this\AppData\Roaming\cabal\bin"
      String[18] = "C:\Users\xcode_this\AppData\Roaming\local\bin"
      String[19] = "C:\Users\xcode_this\AppData\Local\Microsoft\WindowsApps"
      String[20] = "D:\devel\tools\eclipse"
      String[21] = "."
      String[22] = "."
    sys_paths = class java.lang.String[1]
      String[0] = "C:\Program Files\Java\jre1.8.0_211\bin"
    assertionLock = class com.ibm.ws.classloading.internal.AppClassLoader@3432704a
    defaultAssertionStatus = false
    packageAssertionStatus = null
    classAssertionStatus = null
  moduleMetaData = class com.ibm.ws.webcontainer.osgi.metadata.WebModuleMetaDataImpl@304c1c7b
    applicationMetaData = class com.ibm.ws.container.service.app.deploy.internal.ApplicationMetaDataImpl@64ac16f3
      j2eeName = class com.ibm.ws.container.service.metadata.internal.J2EENameImpl@6b833cfe
      serialVersionUID = -7906531148367236579
      $$$tc$$$ = class com.ibm.websphere.ras.TraceComponent@22e944d4
      tc = class com.ibm.websphere.ras.TraceComponent@6f58e926
      NUM_STATIC_SLOTS = 4
      ID_UNINITIALIZED = -1
      id = 3
      metaDataInterface = class java.lang.Class@5b6f6961
      staticSlots = class java.lang.Object[4]
      dynamicSlots = class java.lang.Object[4]
    j2eeName = class com.ibm.ws.container.service.metadata.internal.J2EENameImpl@6440b767
      serialVersionUID = 7488184044073147667
      application = "testingPrimefaces"
      module = "testingPrimefaces.war"
      component = null
      string = null
      j2eeNameBytes = null
      $$$tc$$$ = class com.ibm.websphere.ras.TraceComponent@211d9963
    wccmd = class com.ibm.ws.webcontainer.osgi.metadata.WebCollaboratorComponentMetaDataImpl@47d5619b
      j2eeName = null
      webModuleMetaData = class com.ibm.ws.webcontainer.osgi.metadata.WebModuleMetaDataImpl@304c1c7b
      tc = class com.ibm.websphere.ras.TraceComponent@6f58e926
      NUM_STATIC_SLOTS = 4
      ID_UNINITIALIZED = -1
      id = -1
      metaDataInterface = class java.lang.Class@9118628
      staticSlots = class java.lang.Object[4]
      dynamicSlots = null
    securityMetaData = class com.ibm.ws.webcontainer.security.metadata.SecurityServletConfiguratorHelper@3095f23
      AUTH_METHOD_KEY = "auth-method"
      FORM_LOGIN_CONFIG_KEY = "form-login-config"
      REALM_NAME_KEY = "realm-name"
      LOGIN_CONFIG_KEY = "login-config"
      RUN_AS_KEY = "run-as"
      SERVLET_NAME_KEY = "servlet-name"
      SERVLET_KEY = "servlet"
      SECURITY_CONSTRAINT_KEY = "security-constraint"
      AUTH_CONSTRAINT_KEY = "auth-constraint"
      USER_DATA_CONSTRAINT_KEY = "user-data-constraint"
      DENY_UNCOVERED_HTTP_METHODS_KEY = "deny-uncovered-http-methods"
      SYNC_TO_OS_THREAD_ENV_ENTRY_KEY = "com.ibm.websphere.security.SyncToOSThread"
      ROLES_ALLOWED = "javax.annotation.security.RolesAllowed"
      tc = class com.ibm.websphere.ras.TraceComponent@31d87add
      configurator = null
      ALL_ROLES_MARKER = "*"
      securityConstraintCollection = class com.ibm.ws.webcontainer.security.metadata.SecurityConstraintCollectionImpl@6ca1c160
      loginConfiguration = class com.ibm.ws.webcontainer.security.metadata.LoginConfigurationImpl@575fac95
      allRoles = class java.util.ArrayList@3e10da4d
      securityRoleRefsByServlet = class java.util.HashMap@213dd39
      urlPatternToServletName = class java.util.HashMap@605bb6da
      servletNameToRunAsRole = class java.util.HashMap@4a4a9540
      syncToOSThread = false
      denyUncoveredHttpMethods = false
      serialVersionUID = 3937804347548930695
    annotatedSecurityMetaData = null
    webAppConfig = class com.ibm.ws.webcontainer.osgi.webapp.WebAppConfiguration@796ca3f
      webModuleMetaData = class com.ibm.ws.webcontainer.osgi.metadata.WebModuleMetaDataImpl@304c1c7b
      webComponentMetaData = class com.ibm.ws.webcontainer.osgi.metadata.WebComponentMetaDataImpl@64875f8c
      dVirtualHost = null
      orderedLibPaths = class java.util.Collections$UnmodifiableRandomAccessList@7f1e3a71
      bundleHeaders = null
      cdiEnabled = false
      CLASS_NAME = "com.ibm.ws.webcontainer.webapp.WebAppConfiguration"
      logger = class com.ibm.ws.logging.internal.WsLogger@779846d3
      tc = class com.ibm.websphere.ras.TraceComponent@6cec9518
      nls = class com.ibm.ejs.ras.TraceNLS@293d1c93
      version = 30
      contextRoot = "/testingPrimefaces"
      isDefaultContextRootUsed = true
      sessionTimeout = -1
      moduleSessionTimeoutSet = true
      moduleSessionTrackingModeSet = false
      sessionCookieConfig = null
      hasProgrammaticCookieConfig = false
      sessionDefaultTrackingModeSet = null
      sessionManagerConfig = null
      displayName = "testingPrimefaces"
      description = null
      reloadInterval = 0
      distributable = false
      denyUncoveredHttpMethods = false
      reloadingEnabled = false
      serveServletsByClassnameEnabled = null
      defaultErrorPage = null
      additionalClassPath = null
      fileServingEnabled = null
      directoryBrowsingEnabled = null
      autoRequestEncoding = false
      autoResponseEncoding = false
      autoLoadFilters = false
      requestListeners = null
      requestAttributeListeners = null
      sessionListeners = null
      localeMap = null
      moduleName = "testingPrimefaces"
      j2eeModuleName = "testingPrimefaces.war"
      moduleId = null
      isSyncToThreadEnabled = false
      encodeDispatchedRequestURI = false
      isSystemApp = false
      ardEnabled = false
      ardDispatchType = null
      listeners = class java.util.ArrayList@27fe6677
      welcomeFileList = class java.util.ArrayList@583cd8ec
      servletMappings = class java.util.HashMap@6da7a3e6
      lastIndexBeforeDeclaredFilters = 0
      filterMappings = class java.util.ArrayList@2cbff345
      servletInfo = class java.util.concurrent.ConcurrentHashMap@78a6f57b
      filterInfo = class java.util.HashMap@46e3b93b
      mimeMappings = class java.util.HashMap@160b8a92
      mimeFilters = null
      isMimeFilteringEnabled = false
      theWebGroup = null
      jspAttributes = null
      fileServingAttributes = class java.util.HashMap@457d66cd
      invokerAttributes = class java.util.HashMap@a3f5e34
      contextParams = class java.util.HashMap@51ce0429
      virtualHost = null
      exceptionErrorPages = class java.util.HashMap@1b5b4b98
      codeErrorPages = class java.util.HashMap@353e1d30
      tagLibList = null
      precompileJsps = false
      webApp = class com.ibm.ws.webcontainer40.osgi.webapp.WebApp40@45803b5d
      virtualHostList = class java.util.Collections$EmptyList@291525b1
      appStartupWeight = 0
      moduleStartupWeight = 0
      metaDataComplete = false
      classesToScan = class java.util.ArrayList@644e8088
      uriFilterMappingInfos = null
      servletFilterMappingInfos = null
      dynamicServletRegistrationMap = null
      applicationName = "testingPrimefaces"
      libBinPathList = null
      webXmlDefinedListeners = class java.util.HashSet@25081012
      allRefs = class java.util.EnumMap@609a4e1e
      allRefBindings = class java.util.EnumMap@2404db83
      envEntryValues = null
      resourceRefConfigList = null
      disallowAllFileServingProp = "false"
      disallowServeServletsByClassnameProp = "true"
      disableStaticMappingCache = false
      jspCachedLocations = null
      primedSTSHeader = "NoValue"
      enablemultireadofpostdata = false
      requestEncoding = null
      responseEncoding = null
      NULLSERVLETNAME = "com.ibm.ws.webcontainer.NullServletName"
      _id = "WebAppGeneratedId10"
      _attributes = null
      serialVersionUID = 7511545662945734886
      $$$tc$$$ = class com.ibm.websphere.ras.TraceComponent@2b1a0849
    _isServlet23OrHigher = false
    jspComponentMetaData = class com.ibm.ws.jsp.runtime.metadata.JspComponentMetaData@668cae25
      looseLibs = null
      servletEngineReloadEnabled = true
      servlet2_2 = false
      servletEngineReloadInterval = 5000
      applicationDisplayName = "testingPrimefaces"
      syncToThread = false
      serialVersionUID = -1725832635735780667
      $$$tc$$$ = class com.ibm.websphere.ras.TraceComponent@4ff3227f
      jspPropertyGroups = class java.util.Collections$EmptyList@291525b1
      jspTaglibs = class java.util.Collections$EmptyMap@61b102f9
    sessionCookieNameInUse = null
    mBeanServiceReg = null
    tc = class com.ibm.websphere.ras.TraceComponent@6f58e926
      strings[0] = "TraceComponent[com.ibm.ws.runtime.metadata.MetaDataImpl,class com.ibm.ws.runtime.metadata.MetaDataImpl,[Runtime],null,null]"
    NUM_STATIC_SLOTS = 4
    ID_UNINITIALIZED = -1
    id = -1
    metaDataInterface = class java.lang.Class@430064e5
      ANNOTATION = 8192
      ENUM = 16384
      SYNTHETIC = 4096
      cachedConstructor = null
      newInstanceCallerCache = null
      name = null
      allPermDomain = class java.security.ProtectionDomain@6e50eb54
      useCaches = true
      reflectionData = null
      classRedefinedCount = 0
      genericInfo = null
      serialVersionUID = 3206093459760846163
      serialPersistentFields = class java.io.ObjectStreamField[0]
      reflectionFactory = class sun.reflect.ReflectionFactory@50ca2d6e
      initted = true
      enumConstants = null
      enumConstantDirectory = null
      annotationData = null
      annotationType = null
      classValueMap = null
    staticSlots = class java.lang.Object[4]
      Object[0] = null
      Object[1] = class com.ibm.ws.injectionengine.osgi.internal.OSGiInjectionScopeData@74ab8c35
      Object[2] = null
      Object[3] = null
    dynamicSlots = null
  nestedModuleMetaDataTypes = null
  nestedModuleMetaDataValues = null
  serialVersionUID = 3986734351620206554

