------Start of DE processing------ = [03/07/19 03:59:46:998 COT]
Exception = org.jboss.weld.exceptions.DeploymentException
Source = com.ibm.ws.container.service.state.internal.ApplicationStateManager
probeid = 31
Stack Dump = org.jboss.weld.exceptions.DeploymentException: WELD-000072: Bean declaring a passivating scope must be passivation capable.  Bean:  Managed Bean [class prime.user.controladores.ActualizarVista] with qualifiers [@Default @Any @Named]
	at org.jboss.weld.bean.ManagedBean.checkType(ManagedBean.java:216)
	at org.jboss.weld.bean.AbstractBean.initializeAfterBeanDiscovery(AbstractBean.java:108)
	at org.jboss.weld.bean.ManagedBean.initializeAfterBeanDiscovery(ManagedBean.java:122)
	at org.jboss.weld.bootstrap.ConcurrentBeanDeployer$AfterBeanDiscoveryInitializerFactory.doWork(ConcurrentBeanDeployer.java:111)
	at org.jboss.weld.bootstrap.ConcurrentBeanDeployer$AfterBeanDiscoveryInitializerFactory.doWork(ConcurrentBeanDeployer.java:102)
	at org.jboss.weld.executor.IterativeWorkerTaskFactory$1.call(IterativeWorkerTaskFactory.java:62)
	at org.jboss.weld.executor.IterativeWorkerTaskFactory$1.call(IterativeWorkerTaskFactory.java:55)
	at com.ibm.ws.threading.internal.PolicyTaskFutureImpl.run(PolicyTaskFutureImpl.java:724)
	at com.ibm.ws.threading.internal.PolicyExecutorImpl.runTask(PolicyExecutorImpl.java:1134)
	at com.ibm.ws.threading.internal.PolicyExecutorImpl$GlobalPoolTask.run(PolicyExecutorImpl.java:188)
	at java.util.concurrent.ThreadPoolExecutor.runWorker(Unknown Source)
	at java.util.concurrent.ThreadPoolExecutor$Worker.run(Unknown Source)
	at java.lang.Thread.run(Unknown Source)

Dump of callerThis
Object type = com.ibm.ws.container.service.state.internal.ApplicationStateManager
  serialVersionUID = -6685368059484454124
  $$$tc$$$ = class com.ibm.websphere.ras.TraceComponent@224a740d
    strings[0] = "TraceComponent[com.ibm.ws.container.service.state.internal.ApplicationStateManager,class com.ibm.ws.container.service.state.internal.ApplicationStateManager,[Runtime],,null]"
  listeners = class com.ibm.wsspi.kernel.service.utils.ConcurrentServiceReferenceSet@3272813d
    referenceName = "applicationStateListeners"
    contextRef = class java.util.concurrent.atomic.AtomicReference@dcbc0d1
      serialVersionUID = -1848883965231344442
      unsafe = class sun.misc.Unsafe@5ad27271
      valueOffset = 12
      value = class org.apache.felix.scr.impl.manager.ComponentContextImpl@239a5fef
    elementMap = class java.util.LinkedHashMap@638f2008
      serialVersionUID = 3801124242820219131
      head = class java.util.LinkedHashMap$Entry@1114f12f
      tail = class java.util.LinkedHashMap$Entry@500d53ee
      accessOrder = false
      serialVersionUID = 362498820763181265
      DEFAULT_INITIAL_CAPACITY = 16
      MAXIMUM_CAPACITY = 1073741824
      DEFAULT_LOAD_FACTOR = 0.75
      TREEIFY_THRESHOLD = 8
      UNTREEIFY_THRESHOLD = 6
      MIN_TREEIFY_CAPACITY = 64
      table = class java.util.HashMap$Node[32]
      entrySet = null
      size = 13
      modCount = 13
      threshold = 24
      loadFactor = 0.75
      keySet = null
      values = null
    elementSet = class java.util.concurrent.ConcurrentSkipListSet@5e33a66b
      serialVersionUID = -2479143111061671589
      m = class java.util.concurrent.ConcurrentSkipListMap@153159ef
      UNSAFE = class sun.misc.Unsafe@5ad27271
      mapOffset = 12
      MAX_ARRAY_SIZE = 2147483639
    elementSetUnsorted = false
    serialVersionUID = 756240983881166148
    $$$tc$$$ = class com.ibm.websphere.ras.TraceComponent@6fd5576
      strings[0] = "TraceComponent[com.ibm.wsspi.kernel.service.utils.ConcurrentServiceReferenceSet,class com.ibm.wsspi.kernel.service.utils.ConcurrentServiceReferenceSet,[kernelUtils],com.ibm.ws.kernel.service.utils.resources.ServiceMessages,null]"
  serialVersionUID = 2284273176985484160
  $$$tc$$$ = class com.ibm.websphere.ras.TraceComponent@7e0ddbf
    strings[0] = "TraceComponent[com.ibm.ws.container.service.state.internal.StateChangeManager,class com.ibm.ws.container.service.state.internal.StateChangeManager,[Runtime],,null]"

Dump of objectArray[0]
Object type = com.ibm.ws.container.service.app.deploy.internal.ApplicationInfoImpl
  appName = "AppWeb"
  appMetaData = class com.ibm.ws.container.service.app.deploy.internal.ApplicationMetaDataImpl@127646c7
    j2eeName = class com.ibm.ws.container.service.metadata.internal.J2EENameImpl@32547160
      serialVersionUID = 7488184044073147667
      application = "AppWeb"
      module = null
      component = null
      string = "AppWeb"
      j2eeNameBytes = null
      $$$tc$$$ = class com.ibm.websphere.ras.TraceComponent@6a394ebf
    serialVersionUID = -7906531148367236579
    $$$tc$$$ = class com.ibm.websphere.ras.TraceComponent@439e67c4
      strings[0] = "TraceComponent[com.ibm.ws.container.service.app.deploy.internal.ApplicationMetaDataImpl,class com.ibm.ws.container.service.app.deploy.internal.ApplicationMetaDataImpl,[container.service],com.ibm.ws.container.service.resources.Messages,null]"
    tc = class com.ibm.websphere.ras.TraceComponent@89fb810
      strings[0] = "TraceComponent[com.ibm.ws.runtime.metadata.MetaDataImpl,class com.ibm.ws.runtime.metadata.MetaDataImpl,[Runtime],null,null]"
    NUM_STATIC_SLOTS = 4
    ID_UNINITIALIZED = -1
    id = 1
    metaDataInterface = class java.lang.Class@5c854291
      ANNOTATION = 8192
      ENUM = 16384
      SYNTHETIC = 4096
      cachedConstructor = null
      newInstanceCallerCache = null
      name = null
      allPermDomain = class java.security.ProtectionDomain@77544df1
      useCaches = true
      reflectionData = null
      classRedefinedCount = 0
      genericInfo = null
      serialVersionUID = 3206093459760846163
      serialPersistentFields = class java.io.ObjectStreamField[0]
      reflectionFactory = class sun.reflect.ReflectionFactory@f82a538
      initted = true
      enumConstants = null
      enumConstantDirectory = null
      annotationData = null
      annotationType = null
      classValueMap = null
    staticSlots = class java.lang.Object[4]
      Object[0] = null
      Object[1] = class com.ibm.ws.injectionengine.osgi.internal.OSGiInjectionScopeData@24ca5acb
      Object[2] = null
      Object[3] = null
    dynamicSlots = class java.lang.Object[4]
      Object[0] = class com.ibm.ws.ejbcontainer.osgi.internal.metadata.OSGiEJBApplicationMetaData@65c72b55
      Object[1] = class com.ibm.ws.cdi.impl.weld.WebSphereCDIDeploymentImpl@68923ae
      Object[2] = "AppWeb"
      Object[3] = null
  appContainer = class com.ibm.ws.adaptable.module.internal.AdaptableContainerImpl@436d3a8f
    root = class com.ibm.ws.adaptable.module.internal.AdaptableContainerImpl@436d3a8f
    rootOverlay = class com.ibm.ws.artifact.overlay.internal.DirectoryBasedOverlayContainerImpl@531fc1f
      base = class com.ibm.ws.artifact.loose.internal.LooseArchive@69467d0b
      maskSet = class java.util.HashSet@6574d0db
      cfHolder = class com.ibm.ws.artifact.overlay.internal.OverlayContainerFactoryImpl@4efde41
      fileOverlayContainer = class com.ibm.ws.artifact.file.internal.FileContainer@52ac24ab
      overlayDirectory = class java.io.File@6cca52f4
      cacheDirForOverlay = class java.io.File@363ed443
      overlayNotifier = class com.ibm.ws.artifact.overlay.internal.DirectoryBasedOverlayNotifier@758f2857
      enclosingContainer = null
      entryInEnclosingContainer = null
      nestedOverlays = class java.util.concurrent.ConcurrentHashMap@4635d331
      cacheStore = class com.ibm.ws.artifact.overlay.internal.OverlayCache@785674f1
      parentOverlay = null
      isPassThroughMode = true
      serialVersionUID = -1690795617118238166
      $$$tc$$$ = class com.ibm.websphere.ras.TraceComponent@71c93b78
    factoryHolder = class com.ibm.ws.adaptable.module.internal.AdaptableModuleFactoryImpl@467b9504
      adapterFactoryService = class com.ibm.ws.adaptable.module.internal.AdapterFactoryServiceImpl@60554afb
      containerFactory = class com.ibm.ws.artifact.internal.ArtifactContainerFactoryService@71327c83
      overlayContainerFactory = class com.ibm.ws.artifact.overlay.internal.OverlayContainerFactoryImpl@4efde41
      serialVersionUID = 4200251809856292987
      $$$tc$$$ = class com.ibm.websphere.ras.TraceComponent@1df33332
    delegate = class com.ibm.ws.artifact.overlay.internal.DirectoryBasedOverlayContainerImpl@531fc1f
    notifier = class com.ibm.ws.adaptable.module.internal.NotifierImpl@147f52a8
      root = class com.ibm.ws.adaptable.module.internal.AdaptableContainerImpl@436d3a8f
      delegateNotifier = class com.ibm.ws.artifact.overlay.internal.DirectoryBasedOverlayNotifier@758f2857
      delegateRoot = class com.ibm.ws.artifact.overlay.internal.DirectoryBasedOverlayContainerImpl@531fc1f
      listenerDelegates = class java.util.HashMap@5c8f8041
      serialVersionUID = 6839382523957017880
      $$$tc$$$ = class com.ibm.websphere.ras.TraceComponent@1ba75a45
    serialVersionUID = -5621513278641113667
    $$$tc$$$ = class com.ibm.websphere.ras.TraceComponent@637da049
      strings[0] = "TraceComponent[com.ibm.ws.adaptable.module.internal.AdaptableContainerImpl,class com.ibm.ws.adaptable.module.internal.AdaptableContainerImpl,[archive.adaptable],,null]"
  configHelper = class com.ibm.ws.app.manager.module.ApplicationNestedConfigHelper@55fc9115
    appInfo = class com.ibm.ws.app.manager.internal.ApplicationInstallInfo@16a61810
    serialVersionUID = -3174031738676705046
    $$$tc$$$ = class com.ibm.websphere.ras.TraceComponent@2001e6cd
      strings[0] = "TraceComponent[com.ibm.ws.app.manager.module.ApplicationNestedConfigHelper,class com.ibm.ws.app.manager.module.ApplicationNestedConfigHelper,[applications, app.manager],,null]"
  applicationInformation = class com.ibm.ws.app.manager.internal.ApplicationInstallInfo@16a61810
    _config = class com.ibm.ws.app.manager.internal.ApplicationConfig@24b7e965
      tc = class com.ibm.websphere.ras.TraceComponent@15c51c4e
      _configPid = "com.ibm.ws.app.manager_45"
      _config = class com.ibm.ws.config.admin.ConfigurationDictionary@380a2b74
      _applicationManager = class com.ibm.ws.app.manager.ApplicationManager@10ca9488
      _location = "AppWeb.war"
      _type = "war"
      _name = "AppWeb"
      _notificationBroadcasterSupport = class javax.management.NotificationBroadcasterSupport@34cb61b2
      ONE_TIME_JANDEX_MSGS_DISPLAYED = true
    _handlerInfo = class java.util.concurrent.atomic.AtomicReference@f5a65c4
      serialVersionUID = -1848883965231344442
      unsafe = class sun.misc.Unsafe@5ad27271
      valueOffset = 12
      value = class com.ibm.ws.app.manager.war.internal.WARDeployedAppInfo@7e0d4ed4
    _container = class java.util.concurrent.atomic.AtomicReference@501a134
      serialVersionUID = -1848883965231344442
      unsafe = class sun.misc.Unsafe@5ad27271
      valueOffset = 12
      value = class com.ibm.ws.adaptable.module.internal.AdaptableContainerImpl@436d3a8f
    _resolvedLocation = class java.util.concurrent.atomic.AtomicReference@6b85592e
      serialVersionUID = -1848883965231344442
      unsafe = class sun.misc.Unsafe@5ad27271
      valueOffset = 12
      value = class com.ibm.ws.kernel.service.location.internal.LocalFileResource@788ea466
    _handler = class com.ibm.ws.app.manager.war.internal.WARApplicationHandlerImpl@42d2cdf7
      futureMonitor = class com.ibm.ws.threading.internal.FutureMonitorImpl@235f0428
      deployedAppFactory = class com.ibm.ws.app.manager.war.internal.WARDeployedAppInfoFactoryImpl@59e53aca
      serialVersionUID = 4622845147410944782
      $$$tc$$$ = class com.ibm.websphere.ras.TraceComponent@1964736f
    _ami = class java.util.concurrent.atomic.AtomicReference@70e269fa
      serialVersionUID = -1848883965231344442
      unsafe = class sun.misc.Unsafe@5ad27271
      valueOffset = 12
      value = class com.ibm.wsspi.application.handler.DefaultApplicationMonitoringInformation@17b586dd
    _updateHandler = class com.ibm.ws.app.manager.internal.statemachine.ApplicationStateMachineImpl@2cca4667
      _tc = class com.ibm.websphere.ras.TraceComponent@134a2211
      EMPTY_FUTURE_ARRAY = interface java.util.concurrent.Future[0]
      asmSequenceNumber = class java.util.concurrent.atomic.AtomicLong@71f6e9af
      _qscaCounter = class java.util.concurrent.atomic.AtomicInteger@e64a5be
      _failedThrowable = null
      _interruptibleLock = class com.ibm.ws.app.manager.internal.statemachine.ApplicationStateMachineImpl$2@5225baa4
      _interruptible = false
      _performingQueuedActions = true
      _queuedActions = class java.util.concurrent.ConcurrentLinkedQueue@1dfe671d
      _callbackState = class java.util.concurrent.atomic.AtomicReference@10de4d50
      blockAppStartingFutures = class java.util.Collections$SetFromMap@3bbc53a0
      waitingForAppHandlerFuture = class java.util.concurrent.atomic.AtomicReference@44b33ee9
      waitingForExplicitStartFuture = class java.util.concurrent.atomic.AtomicReference@2a1b6fed
      completionListener = class java.util.concurrent.atomic.AtomicReference@484d0333
      _notifyAppStopped = class java.util.concurrent.ConcurrentLinkedQueue@11b578c9
      _notifyAppStarting = class java.util.concurrent.ConcurrentLinkedQueue@4cac5860
      _notifyAppInstallCalled = class java.util.concurrent.ConcurrentLinkedQueue@3db9221f
      _notifyAppStarted = class java.util.concurrent.ConcurrentLinkedQueue@1dcdfa00
      _notifyAppRemoved = class java.util.concurrent.ConcurrentLinkedQueue@2784aa40
      _stateLock = class com.ibm.ws.app.manager.internal.statemachine.ApplicationStateMachineImpl$3@9458988
      _internalState = class java.util.concurrent.atomic.AtomicReference@7d98fb65
      _currentAction = class java.util.concurrent.atomic.AtomicReference@f77132c
      _rfa = class java.util.concurrent.atomic.AtomicReference@d237e28
      _appInstallInfo = class java.util.concurrent.atomic.AtomicReference@280fbfcd
      _update = class java.util.concurrent.atomic.AtomicBoolean@12f62a7a
      _appConfig = class java.util.concurrent.atomic.AtomicReference@252fa57b
      _nextAppConfig = class java.util.concurrent.atomic.AtomicReference@33eb5dc8
      _appContainer = class java.util.concurrent.atomic.AtomicReference@664f6daf
      _resolvedLocation = class java.util.concurrent.atomic.AtomicReference@45c92ee6
      _handler = class java.util.concurrent.atomic.AtomicReference@1d154f59
      _asmSeqNo = 0
      _ctx = class org.eclipse.osgi.internal.framework.BundleContextImpl@a8431d0
      _locAdmin = class com.ibm.ws.kernel.service.location.internal.WsLocationAdminImpl@59b19147
      _futureMonitor = class com.ibm.ws.threading.internal.FutureMonitorImpl@235f0428
      _artifactFactory = class com.ibm.ws.artifact.internal.ArtifactContainerFactoryService@71327c83
      _moduleFactory = class com.ibm.ws.adaptable.module.internal.AdaptableModuleFactoryImpl@467b9504
      _executorService = class com.ibm.ws.threading.internal.ExecutorServiceImpl@5795bdf7
      _scheduledExecutorService = class com.ibm.ws.threading.internal.ScheduledExecutorImpl@71c6b796
      _asmHelper = class com.ibm.ws.app.manager.internal.ApplicationConfigurator$NamedApplication@1f7aed43
      _appMonitor = class com.ibm.ws.app.manager.internal.monitor.ApplicationMonitor@a2c605
      enterStateCalled = class java.util.concurrent.atomic.AtomicBoolean@74f9542e
      serialVersionUID = 6511956370079301927
      serialVersionUID = 5501066335104962649
      $$$tc$$$ = class com.ibm.websphere.ras.TraceComponent@33dc2c22
    serialVersionUID = 2630639237123415755
    $$$tc$$$ = class com.ibm.websphere.ras.TraceComponent@59ae5bb4
      strings[0] = "TraceComponent[com.ibm.ws.app.manager.internal.ApplicationInstallInfo,class com.ibm.ws.app.manager.internal.ApplicationInstallInfo,[applications, app.manager],com.ibm.ws.app.manager.internal.resources.AppManagerMessages,null]"
  serialVersionUID = -505303337196743781
  $$$tc$$$ = class com.ibm.websphere.ras.TraceComponent@fa89c43
    strings[0] = "TraceComponent[com.ibm.ws.container.service.app.deploy.internal.ApplicationInfoImpl,class com.ibm.ws.container.service.app.deploy.internal.ApplicationInfoImpl,[container.service],com.ibm.ws.container.service.resources.Messages,null]"

