------Start of DE processing------ = [05/07/19 11:09:10:472 COT]
Exception = org.jboss.weld.exceptions.DeploymentException
Source = com.ibm.ws.container.service.state.internal.ApplicationStateManager
probeid = 31
Stack Dump = org.jboss.weld.exceptions.DeploymentException: Exception List with 2 exceptions:
Exception 0 :
org.jboss.weld.exceptions.DeploymentException: WELD-001408: Unsatisfied dependencies for type FacesUtils with qualifiers @RestClient
  at injection point [BackedAnnotatedField] @Inject @RestClient @EJB private softswitch.view.admin.device.DeviceDeleteView.facesUtils
  at softswitch.view.admin.device.DeviceDeleteView.facesUtils(DeviceDeleteView.java:0)
WELD-001475: The following beans match by type, but none have matching qualifiers:
  - Session bean [class util.web.FacesUtils with qualifiers [@Any @Default]; local interfaces are [FacesUtils]

	at org.jboss.weld.bootstrap.Validator.validateInjectionPointForDeploymentProblems(Validator.java:378)
	at org.jboss.weld.bootstrap.Validator.validateInjectionPoint(Validator.java:290)
	at org.jboss.weld.bootstrap.Validator.validateGeneralBean(Validator.java:143)
	at org.jboss.weld.bootstrap.Validator.validateRIBean(Validator.java:164)
	at org.jboss.weld.bootstrap.Validator.validateBean(Validator.java:526)
	at org.jboss.weld.bootstrap.ConcurrentValidator$1.doWork(ConcurrentValidator.java:64)
	at org.jboss.weld.bootstrap.ConcurrentValidator$1.doWork(ConcurrentValidator.java:62)
	at org.jboss.weld.executor.IterativeWorkerTaskFactory$1.call(IterativeWorkerTaskFactory.java:62)
	at org.jboss.weld.executor.IterativeWorkerTaskFactory$1.call(IterativeWorkerTaskFactory.java:55)
	at com.ibm.ws.threading.internal.PolicyTaskFutureImpl.run(PolicyTaskFutureImpl.java:724)
	at com.ibm.ws.threading.internal.PolicyExecutorImpl.runTask(PolicyExecutorImpl.java:1134)
	at com.ibm.ws.threading.internal.PolicyExecutorImpl$GlobalPoolTask.run(PolicyExecutorImpl.java:188)
	at java.util.concurrent.ThreadPoolExecutor.runWorker(Unknown Source)
	at java.util.concurrent.ThreadPoolExecutor$Worker.run(Unknown Source)
	at java.lang.Thread.run(Unknown Source)
Exception 1 :
org.jboss.weld.exceptions.DeploymentException: WELD-001408: Unsatisfied dependencies for type FacesUtils with qualifiers @RestClient
  at injection point [BackedAnnotatedField] @Inject @RestClient @EJB private softswitch.view.admin.device.DeviceCreateView.facesUtils
  at softswitch.view.admin.device.DeviceCreateView.facesUtils(DeviceCreateView.java:0)
WELD-001475: The following beans match by type, but none have matching qualifiers:
  - Session bean [class util.web.FacesUtils with qualifiers [@Any @Default]; local interfaces are [FacesUtils]

	at org.jboss.weld.bootstrap.Validator.validateInjectionPointForDeploymentProblems(Validator.java:378)
	at org.jboss.weld.bootstrap.Validator.validateInjectionPoint(Validator.java:290)
	at org.jboss.weld.bootstrap.Validator.validateGeneralBean(Validator.java:143)
	at org.jboss.weld.bootstrap.Validator.validateRIBean(Validator.java:164)
	at org.jboss.weld.bootstrap.Validator.validateBean(Validator.java:526)
	at org.jboss.weld.bootstrap.ConcurrentValidator$1.doWork(ConcurrentValidator.java:64)
	at org.jboss.weld.bootstrap.ConcurrentValidator$1.doWork(ConcurrentValidator.java:62)
	at org.jboss.weld.executor.IterativeWorkerTaskFactory$1.call(IterativeWorkerTaskFactory.java:62)
	at org.jboss.weld.executor.IterativeWorkerTaskFactory$1.call(IterativeWorkerTaskFactory.java:55)
	at com.ibm.ws.threading.internal.PolicyTaskFutureImpl.run(PolicyTaskFutureImpl.java:724)
	at com.ibm.ws.threading.internal.PolicyExecutorImpl.runTask(PolicyExecutorImpl.java:1134)
	at com.ibm.ws.threading.internal.PolicyExecutorImpl$GlobalPoolTask.run(PolicyExecutorImpl.java:188)
	at java.util.concurrent.ThreadPoolExecutor.runWorker(Unknown Source)
	at java.util.concurrent.ThreadPoolExecutor$Worker.run(Unknown Source)
	at java.lang.Thread.run(Unknown Source)

	at org.jboss.weld.bootstrap.ConcurrentValidator.validateBeans(ConcurrentValidator.java:72)
	at org.jboss.weld.bootstrap.Validator.validateDeployment(Validator.java:487)
	at org.jboss.weld.bootstrap.WeldStartup.validateBeans(WeldStartup.java:496)
	at org.jboss.weld.bootstrap.WeldBootstrap.validateBeans(WeldBootstrap.java:93)
	at com.ibm.ws.cdi.impl.CDIContainerImpl.startInitialization(CDIContainerImpl.java:152)
	at com.ibm.ws.cdi.liberty.CDIRuntimeImpl.applicationStarting(CDIRuntimeImpl.java:438)
	at com.ibm.ws.container.service.state.internal.ApplicationStateManager.fireStarting(ApplicationStateManager.java:28)
	at com.ibm.ws.container.service.state.internal.StateChangeServiceImpl.fireApplicationStarting(StateChangeServiceImpl.java:50)
	at com.ibm.ws.app.manager.module.internal.DeployedAppInfoBase.preDeployApp(DeployedAppInfoBase.java:384)
	at com.ibm.ws.app.manager.module.internal.DeployedAppInfoBase.deployApp(DeployedAppInfoBase.java:413)
	at com.ibm.ws.app.manager.war.internal.WARApplicationHandlerImpl.install(WARApplicationHandlerImpl.java:65)
	at com.ibm.ws.app.manager.internal.statemachine.StartAction.execute(StartAction.java:140)
	at com.ibm.ws.app.manager.internal.statemachine.ApplicationStateMachineImpl.enterState(ApplicationStateMachineImpl.java:1261)
	at com.ibm.ws.app.manager.internal.statemachine.ApplicationStateMachineImpl.performAction(ApplicationStateMachineImpl.java:1141)
	at com.ibm.ws.app.manager.internal.statemachine.ApplicationStateMachineImpl.run(ApplicationStateMachineImpl.java:884)
	at com.ibm.ws.threading.internal.ExecutorServiceImpl$RunnableWrapper.run(ExecutorServiceImpl.java:239)
	at java.util.concurrent.ThreadPoolExecutor.runWorker(Unknown Source)
	at java.util.concurrent.ThreadPoolExecutor$Worker.run(Unknown Source)
	at java.lang.Thread.run(Unknown Source)
	Suppressed: org.jboss.weld.exceptions.DeploymentException: WELD-001408: Unsatisfied dependencies for type FacesUtils with qualifiers @RestClient
  at injection point [BackedAnnotatedField] @Inject @RestClient @EJB private softswitch.view.admin.device.DeviceDeleteView.facesUtils
  at softswitch.view.admin.device.DeviceDeleteView.facesUtils(DeviceDeleteView.java:0)
WELD-001475: The following beans match by type, but none have matching qualifiers:
  - Session bean [class util.web.FacesUtils with qualifiers [@Any @Default]; local interfaces are [FacesUtils]

		at org.jboss.weld.bootstrap.Validator.validateInjectionPointForDeploymentProblems(Validator.java:378)
		at org.jboss.weld.bootstrap.Validator.validateInjectionPoint(Validator.java:290)
		at org.jboss.weld.bootstrap.Validator.validateGeneralBean(Validator.java:143)
		at org.jboss.weld.bootstrap.Validator.validateRIBean(Validator.java:164)
		at org.jboss.weld.bootstrap.Validator.validateBean(Validator.java:526)
		at org.jboss.weld.bootstrap.ConcurrentValidator$1.doWork(ConcurrentValidator.java:64)
		at org.jboss.weld.bootstrap.ConcurrentValidator$1.doWork(ConcurrentValidator.java:62)
		at org.jboss.weld.executor.IterativeWorkerTaskFactory$1.call(IterativeWorkerTaskFactory.java:62)
		at org.jboss.weld.executor.IterativeWorkerTaskFactory$1.call(IterativeWorkerTaskFactory.java:55)
		at com.ibm.ws.threading.internal.PolicyTaskFutureImpl.run(PolicyTaskFutureImpl.java:724)
		at com.ibm.ws.threading.internal.PolicyExecutorImpl.runTask(PolicyExecutorImpl.java:1134)
		at com.ibm.ws.threading.internal.PolicyExecutorImpl$GlobalPoolTask.run(PolicyExecutorImpl.java:188)
		... 3 more
	Suppressed: org.jboss.weld.exceptions.DeploymentException: WELD-001408: Unsatisfied dependencies for type FacesUtils with qualifiers @RestClient
  at injection point [BackedAnnotatedField] @Inject @RestClient @EJB private softswitch.view.admin.device.DeviceCreateView.facesUtils
  at softswitch.view.admin.device.DeviceCreateView.facesUtils(DeviceCreateView.java:0)
WELD-001475: The following beans match by type, but none have matching qualifiers:
  - Session bean [class util.web.FacesUtils with qualifiers [@Any @Default]; local interfaces are [FacesUtils]

		at org.jboss.weld.bootstrap.Validator.validateInjectionPointForDeploymentProblems(Validator.java:378)
		at org.jboss.weld.bootstrap.Validator.validateInjectionPoint(Validator.java:290)
		at org.jboss.weld.bootstrap.Validator.validateGeneralBean(Validator.java:143)
		at org.jboss.weld.bootstrap.Validator.validateRIBean(Validator.java:164)
		at org.jboss.weld.bootstrap.Validator.validateBean(Validator.java:526)
		at org.jboss.weld.bootstrap.ConcurrentValidator$1.doWork(ConcurrentValidator.java:64)
		at org.jboss.weld.bootstrap.ConcurrentValidator$1.doWork(ConcurrentValidator.java:62)
		at org.jboss.weld.executor.IterativeWorkerTaskFactory$1.call(IterativeWorkerTaskFactory.java:62)
		at org.jboss.weld.executor.IterativeWorkerTaskFactory$1.call(IterativeWorkerTaskFactory.java:55)
		at com.ibm.ws.threading.internal.PolicyTaskFutureImpl.run(PolicyTaskFutureImpl.java:724)
		at com.ibm.ws.threading.internal.PolicyExecutorImpl.runTask(PolicyExecutorImpl.java:1134)
		at com.ibm.ws.threading.internal.PolicyExecutorImpl$GlobalPoolTask.run(PolicyExecutorImpl.java:188)
		... 3 more

Dump of callerThis
Object type = com.ibm.ws.container.service.state.internal.ApplicationStateManager
  serialVersionUID = -6685368059484454124
  $$$tc$$$ = class com.ibm.websphere.ras.TraceComponent@4fcd66fa
    strings[0] = "TraceComponent[com.ibm.ws.container.service.state.internal.ApplicationStateManager,class com.ibm.ws.container.service.state.internal.ApplicationStateManager,[Runtime],,null]"
  listeners = class com.ibm.wsspi.kernel.service.utils.ConcurrentServiceReferenceSet@32a01a3a
    referenceName = "applicationStateListeners"
    contextRef = class java.util.concurrent.atomic.AtomicReference@3606c952
      serialVersionUID = -1848883965231344442
      unsafe = class sun.misc.Unsafe@41d8faaf
      valueOffset = 12
      value = class org.apache.felix.scr.impl.manager.ComponentContextImpl@4c5cd9ea
    elementMap = class java.util.LinkedHashMap@71ad0f3
      serialVersionUID = 3801124242820219131
      head = class java.util.LinkedHashMap$Entry@36a8f60f
      tail = class java.util.LinkedHashMap$Entry@2ecfc162
      accessOrder = false
      serialVersionUID = 362498820763181265
      DEFAULT_INITIAL_CAPACITY = 16
      MAXIMUM_CAPACITY = 1073741824
      DEFAULT_LOAD_FACTOR = 0.75
      TREEIFY_THRESHOLD = 8
      UNTREEIFY_THRESHOLD = 6
      MIN_TREEIFY_CAPACITY = 64
      table = class java.util.HashMap$Node[32]
      entrySet = null
      size = 13
      modCount = 15
      threshold = 24
      loadFactor = 0.75
      keySet = null
      values = null
    elementSet = class java.util.concurrent.ConcurrentSkipListSet@36e9e25a
      serialVersionUID = -2479143111061671589
      m = class java.util.concurrent.ConcurrentSkipListMap@4fb5780e
      UNSAFE = class sun.misc.Unsafe@41d8faaf
      mapOffset = 12
      MAX_ARRAY_SIZE = 2147483639
    elementSetUnsorted = false
    serialVersionUID = 756240983881166148
    $$$tc$$$ = class com.ibm.websphere.ras.TraceComponent@25e9b0f0
      strings[0] = "TraceComponent[com.ibm.wsspi.kernel.service.utils.ConcurrentServiceReferenceSet,class com.ibm.wsspi.kernel.service.utils.ConcurrentServiceReferenceSet,[kernelUtils],com.ibm.ws.kernel.service.utils.resources.ServiceMessages,null]"
  serialVersionUID = 2284273176985484160
  $$$tc$$$ = class com.ibm.websphere.ras.TraceComponent@5e67ad22
    strings[0] = "TraceComponent[com.ibm.ws.container.service.state.internal.StateChangeManager,class com.ibm.ws.container.service.state.internal.StateChangeManager,[Runtime],,null]"

Dump of objectArray[0]
Object type = com.ibm.ws.container.service.app.deploy.internal.ApplicationInfoImpl
  appName = "softswitch"
  appMetaData = class com.ibm.ws.container.service.app.deploy.internal.ApplicationMetaDataImpl@2de951e7
    j2eeName = class com.ibm.ws.container.service.metadata.internal.J2EENameImpl@fc424b1
      serialVersionUID = 7488184044073147667
      application = "softswitch"
      module = null
      component = null
      string = "softswitch"
      j2eeNameBytes = null
      $$$tc$$$ = class com.ibm.websphere.ras.TraceComponent@5c64bc23
    serialVersionUID = -7906531148367236579
    $$$tc$$$ = class com.ibm.websphere.ras.TraceComponent@4f78c4e9
      strings[0] = "TraceComponent[com.ibm.ws.container.service.app.deploy.internal.ApplicationMetaDataImpl,class com.ibm.ws.container.service.app.deploy.internal.ApplicationMetaDataImpl,[container.service],com.ibm.ws.container.service.resources.Messages,null]"
    tc = class com.ibm.websphere.ras.TraceComponent@1773e25f
      strings[0] = "TraceComponent[com.ibm.ws.runtime.metadata.MetaDataImpl,class com.ibm.ws.runtime.metadata.MetaDataImpl,[Runtime],null,null]"
    NUM_STATIC_SLOTS = 4
    ID_UNINITIALIZED = -1
    id = 5
    metaDataInterface = class java.lang.Class@14107d06
      ANNOTATION = 8192
      ENUM = 16384
      SYNTHETIC = 4096
      cachedConstructor = null
      newInstanceCallerCache = null
      name = null
      allPermDomain = class java.security.ProtectionDomain@1d26053e
      useCaches = true
      reflectionData = null
      classRedefinedCount = 0
      genericInfo = null
      serialVersionUID = 3206093459760846163
      serialPersistentFields = class java.io.ObjectStreamField[0]
      reflectionFactory = class sun.reflect.ReflectionFactory@6e207bb8
      initted = true
      enumConstants = null
      enumConstantDirectory = null
      annotationData = null
      annotationType = null
      classValueMap = null
    staticSlots = class java.lang.Object[4]
      Object[0] = null
      Object[1] = class com.ibm.ws.injectionengine.osgi.internal.OSGiInjectionScopeData@24af490e
      Object[2] = null
      Object[3] = class com.ibm.ws.cdi.impl.weld.WebSphereCDIDeploymentImpl@610af715
    dynamicSlots = class java.lang.Object[4]
      Object[0] = null
      Object[1] = class com.ibm.ws.ejbcontainer.osgi.internal.metadata.OSGiEJBApplicationMetaData@2df44e57
      Object[2] = "softswitch"
      Object[3] = null
  appContainer = class com.ibm.ws.adaptable.module.internal.AdaptableContainerImpl@24c290d2
    root = class com.ibm.ws.adaptable.module.internal.AdaptableContainerImpl@24c290d2
    rootOverlay = class com.ibm.ws.artifact.overlay.internal.DirectoryBasedOverlayContainerImpl@46506568
      base = class com.ibm.ws.artifact.loose.internal.LooseArchive@75c152ed
      maskSet = class java.util.HashSet@4345b11f
      cfHolder = class com.ibm.ws.artifact.overlay.internal.OverlayContainerFactoryImpl@1999da3b
      fileOverlayContainer = class com.ibm.ws.artifact.file.internal.FileContainer@234ceafd
      overlayDirectory = class java.io.File@4c96ea00
      cacheDirForOverlay = class java.io.File@33bf8f45
      overlayNotifier = class com.ibm.ws.artifact.overlay.internal.DirectoryBasedOverlayNotifier@5d1c0d64
      enclosingContainer = null
      entryInEnclosingContainer = null
      nestedOverlays = class java.util.concurrent.ConcurrentHashMap@19c31f38
      cacheStore = class com.ibm.ws.artifact.overlay.internal.OverlayCache@62fe20ea
      parentOverlay = null
      isPassThroughMode = true
      serialVersionUID = -1690795617118238166
      $$$tc$$$ = class com.ibm.websphere.ras.TraceComponent@20ac7610
    factoryHolder = class com.ibm.ws.adaptable.module.internal.AdaptableModuleFactoryImpl@705aa832
      adapterFactoryService = class com.ibm.ws.adaptable.module.internal.AdapterFactoryServiceImpl@9015298
      containerFactory = class com.ibm.ws.artifact.internal.ArtifactContainerFactoryService@1529f36e
      overlayContainerFactory = class com.ibm.ws.artifact.overlay.internal.OverlayContainerFactoryImpl@1999da3b
      serialVersionUID = 4200251809856292987
      $$$tc$$$ = class com.ibm.websphere.ras.TraceComponent@44fa68a9
    delegate = class com.ibm.ws.artifact.overlay.internal.DirectoryBasedOverlayContainerImpl@46506568
    notifier = class com.ibm.ws.adaptable.module.internal.NotifierImpl@2151622c
      root = class com.ibm.ws.adaptable.module.internal.AdaptableContainerImpl@24c290d2
      delegateNotifier = class com.ibm.ws.artifact.overlay.internal.DirectoryBasedOverlayNotifier@5d1c0d64
      delegateRoot = class com.ibm.ws.artifact.overlay.internal.DirectoryBasedOverlayContainerImpl@46506568
      listenerDelegates = class java.util.HashMap@1185e640
      serialVersionUID = 6839382523957017880
      $$$tc$$$ = class com.ibm.websphere.ras.TraceComponent@ee472c1
    serialVersionUID = -5621513278641113667
    $$$tc$$$ = class com.ibm.websphere.ras.TraceComponent@2acd3886
      strings[0] = "TraceComponent[com.ibm.ws.adaptable.module.internal.AdaptableContainerImpl,class com.ibm.ws.adaptable.module.internal.AdaptableContainerImpl,[archive.adaptable],,null]"
  configHelper = class com.ibm.ws.app.manager.module.ApplicationNestedConfigHelper@ab1cbdc
    appInfo = class com.ibm.ws.app.manager.internal.ApplicationInstallInfo@16e464d7
    serialVersionUID = -3174031738676705046
    $$$tc$$$ = class com.ibm.websphere.ras.TraceComponent@67af15c5
      strings[0] = "TraceComponent[com.ibm.ws.app.manager.module.ApplicationNestedConfigHelper,class com.ibm.ws.app.manager.module.ApplicationNestedConfigHelper,[applications, app.manager],,null]"
  applicationInformation = class com.ibm.ws.app.manager.internal.ApplicationInstallInfo@16e464d7
    _config = class com.ibm.ws.app.manager.internal.ApplicationConfig@66d30394
      tc = class com.ibm.websphere.ras.TraceComponent@44b50bf5
      _configPid = "com.ibm.ws.app.manager_22"
      _config = class com.ibm.ws.config.admin.ConfigurationDictionary@1478a209
      _applicationManager = class com.ibm.ws.app.manager.ApplicationManager@7a52a61f
      _location = "softswitch.war"
      _type = "war"
      _name = "softswitch"
      _notificationBroadcasterSupport = class javax.management.NotificationBroadcasterSupport@5c425718
      ONE_TIME_JANDEX_MSGS_DISPLAYED = true
    _handlerInfo = class java.util.concurrent.atomic.AtomicReference@25baa2f1
      serialVersionUID = -1848883965231344442
      unsafe = class sun.misc.Unsafe@41d8faaf
      valueOffset = 12
      value = class com.ibm.ws.app.manager.war.internal.WARDeployedAppInfo@2b7889b5
    _container = class java.util.concurrent.atomic.AtomicReference@10cdb84d
      serialVersionUID = -1848883965231344442
      unsafe = class sun.misc.Unsafe@41d8faaf
      valueOffset = 12
      value = class com.ibm.ws.adaptable.module.internal.AdaptableContainerImpl@24c290d2
    _resolvedLocation = class java.util.concurrent.atomic.AtomicReference@5573f419
      serialVersionUID = -1848883965231344442
      unsafe = class sun.misc.Unsafe@41d8faaf
      valueOffset = 12
      value = class com.ibm.ws.kernel.service.location.internal.LocalFileResource@21383a30
    _handler = class com.ibm.ws.app.manager.war.internal.WARApplicationHandlerImpl@26c3162f
      futureMonitor = class com.ibm.ws.threading.internal.FutureMonitorImpl@7f608c45
      deployedAppFactory = class com.ibm.ws.app.manager.war.internal.WARDeployedAppInfoFactoryImpl@76fe3dbd
      serialVersionUID = 4622845147410944782
      $$$tc$$$ = class com.ibm.websphere.ras.TraceComponent@64456319
    _ami = class java.util.concurrent.atomic.AtomicReference@7f99bc99
      serialVersionUID = -1848883965231344442
      unsafe = class sun.misc.Unsafe@41d8faaf
      valueOffset = 12
      value = class com.ibm.wsspi.application.handler.DefaultApplicationMonitoringInformation@a60055f
    _updateHandler = class com.ibm.ws.app.manager.internal.statemachine.ApplicationStateMachineImpl@974e4ef
      _tc = class com.ibm.websphere.ras.TraceComponent@e4194cf
      EMPTY_FUTURE_ARRAY = interface java.util.concurrent.Future[0]
      asmSequenceNumber = class java.util.concurrent.atomic.AtomicLong@58dd78f5
      _qscaCounter = class java.util.concurrent.atomic.AtomicInteger@3e3ff81a
      _failedThrowable = class com.ibm.ws.container.service.state.StateChangeException@103e01a0
      _interruptibleLock = class com.ibm.ws.app.manager.internal.statemachine.ApplicationStateMachineImpl$2@109613d7
      _interruptible = false
      _performingQueuedActions = true
      _queuedActions = class java.util.concurrent.ConcurrentLinkedQueue@53c7fc67
      _callbackState = class java.util.concurrent.atomic.AtomicReference@12c8eeb0
      blockAppStartingFutures = class java.util.Collections$SetFromMap@53f63bdb
      waitingForAppHandlerFuture = class java.util.concurrent.atomic.AtomicReference@735e82d9
      waitingForExplicitStartFuture = class java.util.concurrent.atomic.AtomicReference@1f166c11
      completionListener = class java.util.concurrent.atomic.AtomicReference@4afebc2d
      _notifyAppStopped = class java.util.concurrent.ConcurrentLinkedQueue@28b47e4a
      _notifyAppStarting = class java.util.concurrent.ConcurrentLinkedQueue@2f7b79cf
      _notifyAppInstallCalled = class java.util.concurrent.ConcurrentLinkedQueue@3a1fed5
      _notifyAppStarted = class java.util.concurrent.ConcurrentLinkedQueue@3c013558
      _notifyAppRemoved = class java.util.concurrent.ConcurrentLinkedQueue@37cc4abc
      _stateLock = class com.ibm.ws.app.manager.internal.statemachine.ApplicationStateMachineImpl$3@430df88b
      _internalState = class java.util.concurrent.atomic.AtomicReference@4f56f169
      _currentAction = class java.util.concurrent.atomic.AtomicReference@7a48a62e
      _rfa = class java.util.concurrent.atomic.AtomicReference@2f848a71
      _appInstallInfo = class java.util.concurrent.atomic.AtomicReference@361f6aa
      _update = class java.util.concurrent.atomic.AtomicBoolean@7b448216
      _appConfig = class java.util.concurrent.atomic.AtomicReference@44822286
      _nextAppConfig = class java.util.concurrent.atomic.AtomicReference@4fdeef65
      _appContainer = class java.util.concurrent.atomic.AtomicReference@43869492
      _resolvedLocation = class java.util.concurrent.atomic.AtomicReference@1c8deac6
      _handler = class java.util.concurrent.atomic.AtomicReference@49ce7dc3
      _asmSeqNo = 3
      _ctx = class org.eclipse.osgi.internal.framework.BundleContextImpl@191cc51d
      _locAdmin = class com.ibm.ws.kernel.service.location.internal.WsLocationAdminImpl@6a7afca6
      _futureMonitor = class com.ibm.ws.threading.internal.FutureMonitorImpl@7f608c45
      _artifactFactory = class com.ibm.ws.artifact.internal.ArtifactContainerFactoryService@1529f36e
      _moduleFactory = class com.ibm.ws.adaptable.module.internal.AdaptableModuleFactoryImpl@705aa832
      _executorService = class com.ibm.ws.threading.internal.ExecutorServiceImpl@4af82b36
      _scheduledExecutorService = class com.ibm.ws.threading.internal.ScheduledExecutorImpl@885b46b
      _asmHelper = class com.ibm.ws.app.manager.internal.ApplicationConfigurator$NamedApplication@50ab7026
      _appMonitor = class com.ibm.ws.app.manager.internal.monitor.ApplicationMonitor@76b5eea9
      enterStateCalled = class java.util.concurrent.atomic.AtomicBoolean@71d31658
      serialVersionUID = 6511956370079301927
      serialVersionUID = 5501066335104962649
      $$$tc$$$ = class com.ibm.websphere.ras.TraceComponent@1a0dc2fe
    serialVersionUID = 2630639237123415755
    $$$tc$$$ = class com.ibm.websphere.ras.TraceComponent@eaeece5
      strings[0] = "TraceComponent[com.ibm.ws.app.manager.internal.ApplicationInstallInfo,class com.ibm.ws.app.manager.internal.ApplicationInstallInfo,[applications, app.manager],com.ibm.ws.app.manager.internal.resources.AppManagerMessages,null]"
  serialVersionUID = -505303337196743781
  $$$tc$$$ = class com.ibm.websphere.ras.TraceComponent@82a0f2f
    strings[0] = "TraceComponent[com.ibm.ws.container.service.app.deploy.internal.ApplicationInfoImpl,class com.ibm.ws.container.service.app.deploy.internal.ApplicationInfoImpl,[container.service],com.ibm.ws.container.service.resources.Messages,null]"

