------Start of DE processing------ = [11/05/19 17:24:09:369 PET]
Exception = com.ibm.ws.container.service.state.StateChangeException
Source = com.ibm.ws.app.manager.module.internal.DeployedAppInfoBase
probeid = 385
Stack Dump = com.ibm.ws.container.service.state.StateChangeException: org.jboss.weld.exceptions.DeploymentException: WELD-000072: Bean declaring a passivating scope must be passivation capable.  Bean:  Managed Bean [class view.facelets.BeanProyecto] with qualifiers [@Default @Any @Named]
	at com.ibm.ws.container.service.state.internal.ApplicationStateManager.fireStarting(ApplicationStateManager.java:32)
	at com.ibm.ws.container.service.state.internal.StateChangeServiceImpl.fireApplicationStarting(StateChangeServiceImpl.java:50)
	at com.ibm.ws.app.manager.module.internal.DeployedAppInfoBase.preDeployApp(DeployedAppInfoBase.java:384)
	at com.ibm.ws.app.manager.module.internal.DeployedAppInfoBase.deployApp(DeployedAppInfoBase.java:413)
	at com.ibm.ws.app.manager.war.internal.WARApplicationHandlerImpl.install(WARApplicationHandlerImpl.java:65)
	at com.ibm.ws.app.manager.internal.statemachine.StartAction.execute(StartAction.java:140)
	at com.ibm.ws.app.manager.internal.statemachine.ApplicationStateMachineImpl.enterState(ApplicationStateMachineImpl.java:1261)
	at com.ibm.ws.app.manager.internal.statemachine.ApplicationStateMachineImpl.run(ApplicationStateMachineImpl.java:876)
	at com.ibm.ws.threading.internal.ExecutorServiceImpl$RunnableWrapper.run(ExecutorServiceImpl.java:239)
	at java.base/java.util.concurrent.ThreadPoolExecutor.runWorker(ThreadPoolExecutor.java:1128)
	at java.base/java.util.concurrent.ThreadPoolExecutor$Worker.run(ThreadPoolExecutor.java:628)
	at java.base/java.lang.Thread.run(Thread.java:835)
Caused by: org.jboss.weld.exceptions.DeploymentException: WELD-000072: Bean declaring a passivating scope must be passivation capable.  Bean:  Managed Bean [class view.facelets.BeanProyecto] with qualifiers [@Default @Any @Named]
	at org.jboss.weld.bean.ManagedBean.checkType(ManagedBean.java:216)
	at org.jboss.weld.bean.AbstractBean.initializeAfterBeanDiscovery(AbstractBean.java:108)
	at org.jboss.weld.bean.ManagedBean.initializeAfterBeanDiscovery(ManagedBean.java:122)
	at org.jboss.weld.bootstrap.ConcurrentBeanDeployer$AfterBeanDiscoveryInitializerFactory.doWork(ConcurrentBeanDeployer.java:111)
	at org.jboss.weld.bootstrap.ConcurrentBeanDeployer$AfterBeanDiscoveryInitializerFactory.doWork(ConcurrentBeanDeployer.java:102)
	at org.jboss.weld.executor.IterativeWorkerTaskFactory$1.call(IterativeWorkerTaskFactory.java:62)
	at org.jboss.weld.executor.IterativeWorkerTaskFactory$1.call(IterativeWorkerTaskFactory.java:55)
	at com.ibm.ws.threading.internal.PolicyTaskFutureImpl.run(PolicyTaskFutureImpl.java:724)
	at com.ibm.ws.threading.internal.PolicyExecutorImpl.runTask(PolicyExecutorImpl.java:1134)
	at com.ibm.ws.threading.internal.PolicyExecutorImpl$GlobalPoolTask.run(PolicyExecutorImpl.java:188)
	... 3 more

Dump of callerThis
Object type = com.ibm.ws.app.manager.war.internal.WARDeployedAppInfo
  CONTEXT_ROOT = "context-root"
  webModuleHandler = class com.ibm.ws.app.manager.web.internal.WebModuleHandlerImpl@3581630
    serialVersionUID = 4795602325763828210
    $$$tc$$$ = class com.ibm.websphere.ras.TraceComponent@4362c647
      strings[0] = "TraceComponent[com.ibm.ws.app.manager.web.internal.WebModuleHandlerImpl,class com.ibm.ws.app.manager.web.internal.WebModuleHandlerImpl,[webcontainer, applications, app.manager],com.ibm.ws.app.manager.war.internal.resources.Messages,null]"
    futureMonitor = class com.ibm.ws.threading.internal.FutureMonitorImpl@55a29e28
    metaDataService = class com.ibm.ws.container.service.metadata.internal.MetaDataServiceImpl@584fe715
    stateChangeService = class com.ibm.ws.container.service.state.internal.StateChangeServiceImpl@4bdb3e4f
    moduleRuntimeContainer = class com.ibm.ws.webcontainer.osgi.WebContainer@310cfce1
      tc = class com.ibm.websphere.ras.TraceComponent@ae27c45
      CLASS_NAME = "com.ibm.ws.webcontainer.osgi.WebContainer"
      initialized = true
      eventService = class com.ibm.ws.event.internal.EventEngineImpl@73dc3012
      futureMonitor = class com.ibm.ws.threading.internal.FutureMonitorImpl@55a29e28
      classLoadingSRRef = class com.ibm.wsspi.kernel.service.utils.AtomicServiceReference@7a93274f
      sessionHelperSRRef = class com.ibm.wsspi.kernel.service.utils.AtomicServiceReference@633adda2
      cacheManagerSRRef = class com.ibm.wsspi.kernel.service.utils.AtomicServiceReference@2baa0a3b
      injectionEngineSRRef = class com.ibm.wsspi.kernel.service.utils.AtomicServiceReference@3964e3fc
      managedObjectServiceSRRef = class com.ibm.wsspi.kernel.service.utils.AtomicServiceReference@5a2e12c0
      backgroundWebAppStartFutures = class com.ibm.ws.webcontainer.util.OneTimeUseArrayList@6fcc13ea
      REFERENCE_WEB_MBEAN_RUNTIME = "webMBeanRuntime"
      webMBeanRuntimeServiceRef = class com.ibm.wsspi.kernel.service.utils.AtomicServiceReference@14cc27fa
      servletContainerInitializers = class com.ibm.wsspi.kernel.service.utils.ConcurrentServiceReferenceSet@aa95d9c
      es = class com.ibm.ws.threading.internal.ExecutorServiceImpl@70e5f22c
      locationServiceRef = class java.util.concurrent.atomic.AtomicReference@20bbf61b
      transferContextServiceRef = class com.ibm.wsspi.kernel.service.utils.ConcurrentServiceReferenceSet@2f67f2a5
      encodingServiceRef = class java.util.concurrent.atomic.AtomicReference@5ae1f344
      instance = class java.util.concurrent.atomic.AtomicReference@1ae40039
      vhostManager = class com.ibm.ws.webcontainer.osgi.DynamicVirtualHostManager@65902650
      metaDataService = class com.ibm.ws.container.service.metadata.internal.MetaDataServiceImpl@584fe715
      j2eeNameFactory = class com.ibm.ws.container.service.metadata.internal.J2EENameFactoryImpl@7572029d
      context = class org.apache.felix.scr.impl.manager.ComponentContextImpl@205ca4a4
      contextRoots = class java.util.Collections$SynchronizedSet@1a838d5e
      pendingContextRoots = class java.util.HashMap@7ec58af8
      deployedModuleMap = class java.util.concurrent.ConcurrentHashMap@1b461957
      connContextPool = class com.ibm.ws.webcontainer40.osgi.srt.factory.SRTConnectionContextPool40Impl@5efae71f
      DEFAULT_PORT = "*"
      DEFAULT_VHOST_NAME = "default_host"
      cachedServerInfo = "IBM WebSphere Liberty/19.0.0.3"
      lock = class com.ibm.ws.webcontainer.osgi.WebContainer$1@581568e3
      webAppFactory = class com.ibm.ws.webcontainer40.osgi.webapp.factory.WebAppFactory40Impl@a55ab53
      requestFactory = class com.ibm.ws.webcontainer40.osgi.response.factory.IRequestResponseFactory40Impl@21f287ef
      responseFactory = class com.ibm.ws.webcontainer40.osgi.response.factory.IRequestResponseFactory40Impl@21f287ef
      asyncContextFactory = class com.ibm.ws.webcontainer40.async.factory.AsyncContextFactory40Impl@28395ed1
      DEFAULT_MAX_VERSION = 30
      versionRef = class org.eclipse.osgi.internal.serviceregistry.ServiceReferenceImpl@5b187945
      serverStopping = class com.ibm.ws.staticvalue.StaticValue$FinalSingleton@7cb04e46
      modulesStarting = 0
      uriMatcherFactory = class com.ibm.wsspi.webcontainer40.util.factory.URIMatcherFactory40Impl@49c863c0
      SPEC_LEVEL_UNLOADED = -1
      SPEC_LEVEL_30 = 30
      SPEC_LEVEL_31 = 31
      SPEC_LEVEL_40 = 40
      DEFAULT_SPEC_LEVEL = 30
      loadedContainerSpecLevel = 40
      ISO = "ISO-8859-1"
      encoding = "UTF-8"
      decode = true
      wcconfig = class com.ibm.ws.webcontainer.osgi.WebContainerConfiguration@33afe596
      applicationListeners = class java.util.ArrayList@4d135fdb
      servletListeners = class java.util.ArrayList@47cfe3da
      servletErrorListeners = class java.util.ArrayList@4735125e
      servletInvocationListeners = class java.util.ArrayList@bfadc7b
      filterInvocationListeners = class java.util.ArrayList@5cc0a758
      filterErrorListeners = class java.util.ArrayList@64294e29
      filterListeners = class java.util.ArrayList@be10710
      servletRequestListeners = class java.util.ArrayList@56a51b13
      servletRequestAttributeListeners = class java.util.ArrayList@f068cf8
      servletContextListeners = class java.util.ArrayList@2170d337
      servletContextAttributeListeners = class java.util.ArrayList@22aa898e
      sessionListeners = class java.util.ArrayList@5ca9734b
      sessionIdListeners = class java.util.ArrayList@67f3556a
      sessionAttributeListeners = class java.util.ArrayList@40bddbc8
      DEFAULT_HOST = "default_host"
      _initialized = true
      logger = class com.ibm.ws.logging.internal.WsLogger@362ddca8
      CLASS_NAME = "com.ibm.ws.webcontainer.internal.WebContainer"
      nls = class com.ibm.ejs.ras.TraceNLS@2109d20d
      self = class java.util.concurrent.atomic.AtomicReference@5cac9b43
      _cipherToBit = class java.util.HashMap@72e16885
      cacheKeyStringBuilder = class com.ibm.ws.util.WSThreadLocal@2af132ed
      listenersInitialized = true
      webConProperties = class java.util.Properties@45870404
      sessionRegistry = null
      isStopped = false
      readWriteLockForStopping = class java.util.concurrent.locks.ReentrantReadWriteLock@7dc9f974
      urlPrefix = ";jsessionid="
      extensionFactories = class java.util.ArrayList@4151308
      postInitExtensionFactories = null
      httpResponseListeners = class java.util.ArrayList@27502f3d
      servletContainerInitializers = class java.util.ServiceLoader@5a8aa8f7
      auditManager = class com.ibm.websphere.security.audit.context.AuditManager@68baf88b
      invocationCacheSize = 500
      decodePlusSign = true
      _cacheMap = class java.util.concurrent.ConcurrentHashMap@449b2bc7
      _cacheSize = class java.util.concurrent.atomic.AtomicInteger@6214ddae
      vHostCompatFlag = false
      platformHelper = class com.ibm.ws.webcontainer.PlatformHelper@6dd60c0b
      isDefaultTempDir = true
      tempDir = null
      servletCachingInitNeeded = true
      appInstallBegun = true
      cacheServletWrapperFactory = class com.ibm.ws.webcontainer40.servlet.factory.CacheServletWrapperFactory40Impl@5217df9a
      commands = class java.util.ArrayList@4fcf130c
      requestMapper = class com.ibm.ws.webcontainer.util.VirtualHostContextRootMapper@bf25ef6
      parent = null
      name = "Was.webcontainer"
      isAlive = true
      subElements = class java.util.HashMap@5699bdd7
      attributes = null
      config = null
      serialVersionUID = -8271459000149267764
      $$$tc$$$ = class com.ibm.websphere.ras.TraceComponent@4d712b41
    firstFailure = null
    serialVersionUID = -4563697739413190872
    $$$tc$$$ = class com.ibm.websphere.ras.TraceComponent@16d0925a
      strings[0] = "TraceComponent[com.ibm.ws.app.manager.module.internal.ModuleHandlerBase,class com.ibm.ws.app.manager.module.internal.ModuleHandlerBase,[applications, app.manager],,null]"
  webContainerModuleInfo = class com.ibm.ws.app.manager.module.internal.SimpleDeployedAppInfoBase$WebModuleContainerInfo@4072c94a
    contextRoot = null
    defaultContextRoot = "Pruebas"
    serialVersionUID = -8158961796913348204
    $$$tc$$$ = class com.ibm.websphere.ras.TraceComponent@1faf9da9
      strings[0] = "TraceComponent[com.ibm.ws.app.manager.module.internal.SimpleDeployedAppInfoBase$WebModuleContainerInfo,class com.ibm.ws.app.manager.module.internal.SimpleDeployedAppInfoBase$WebModuleContainerInfo,[applications, app.manager],,null]"
    moduleHandler = class com.ibm.ws.app.manager.web.internal.WebModuleHandlerImpl@3581630
    moduleMetaDataExtenders = class java.util.concurrent.CopyOnWriteArrayList@49878143
      serialVersionUID = 8673264195747942595
      lock = class java.lang.Object@5dfc2b75
      array = class java.lang.Object[3]
    nestedModuleMetaDataFactories = class java.util.concurrent.CopyOnWriteArrayList@229c321c
      serialVersionUID = 8673264195747942595
      lock = class java.lang.Object@596a36cb
      array = class java.lang.Object[1]
    nestedModules = null
    moduleName = "Pruebas"
    moduleDD = class com.ibm.ws.javaee.ddmodel.web.common.WebAppType@2b0f8812
      version = class com.ibm.ws.javaee.ddmodel.TokenType@296ad4f
      metadata_complete = null
      module_name = null
      absolute_ordering = null
      serialVersionUID = 4092807504738198665
      $$$tc$$$ = class com.ibm.websphere.ras.TraceComponent@137d8462
      description = null
      display_name = null
      icon = null
      distributable = null
      context_param = class com.ibm.ws.javaee.ddmodel.common.ParamValueType$ListType@e19a330
      filter = null
      filter_mapping = null
      listener = null
      servlet = class com.ibm.ws.javaee.ddmodel.web.common.ServletType$ListType@204239b2
      servlet_mapping = class com.ibm.ws.javaee.ddmodel.web.common.ServletMappingType$ListType@1777d44
      session_config = class com.ibm.ws.javaee.ddmodel.web.common.SessionConfigType@47d07456
      mime_mapping = class com.ibm.ws.javaee.ddmodel.web.common.MimeMappingType$ListType@4134fbf
      welcome_file_list = class com.ibm.ws.javaee.ddmodel.web.common.WelcomeFileListType@35ad6926
      error_page = class com.ibm.ws.javaee.ddmodel.web.common.ErrorPageType$ListType@f8aaf8a
      jsp_config = null
      security_constraint = null
      deny_uncovered_http_methods = null
      login_config = null
      security_role = null
      message_destination = null
      locale_encoding_mapping_list = null
      default_context_path = null
      request_encoding = null
      response_encoding = null
      servletNameToServletMap = null
      filterNameToFilterMap = null
      ejbRefNameToEJBLocalRefMap = null
      ejbRefNameToEJBRefMap = null
      resourceEnvRefNameToResourceEnvRefMap = null
      messageDestinationRefNameToMessageDestinationRefMap = null
      resRefNameToResourceRefMap = null
      envEntryNameToEnvEntryMap = null
      roleNameToSecurityRoleMap = null
      roleLinkToSecurityRoleRefMap = null
      handlerNameToHandlerMap = null
      path = "WEB-INF/web.xml"
      idMap = class com.ibm.ws.javaee.ddmodel.DDParser$ComponentIDMap@4bbc08e9
      serialVersionUID = 5321339975883512588
      $$$tc$$$ = class com.ibm.websphere.ras.TraceComponent@747ba925
      post_construct = null
      pre_destroy = null
      serialVersionUID = 1102064201943992836
      $$$tc$$$ = class com.ibm.websphere.ras.TraceComponent@6ff1021a
      env_entry = null
      ejb_ref = null
      ejb_local_ref = null
      resource_ref = null
      resource_env_ref = null
      message_destination_ref = null
      persistence_context_ref = null
      persistence_unit_ref = null
      data_source = null
      jms_connection_factory = null
      jms_destination = null
      mail_session = null
      connection_factory = null
      administered_object = null
      serialVersionUID = 8931982405528922228
      $$$tc$$$ = class com.ibm.websphere.ras.TraceComponent@22c3dd78
      service_ref = null
      serialVersionUID = -6199862059825607270
      $$$tc$$$ = class com.ibm.websphere.ras.TraceComponent@17db549e
      nilled = false
      serialVersionUID = -2826386306561723362
      $$$tc$$$ = class com.ibm.websphere.ras.TraceComponent@68aa5882
    moduleInfo = class com.ibm.ws.app.manager.module.internal.WebModuleInfoImpl@5210dd32
      contextRoot = "/Pruebas"
      isDefaultContextRootUsed = true
      serialVersionUID = -1540279394520440503
      $$$tc$$$ = class com.ibm.websphere.ras.TraceComponent@3ea0f67f
      tc = class com.ibm.websphere.ras.TraceComponent@5b226aaa
      appInfo = class com.ibm.ws.container.service.app.deploy.internal.ApplicationInfoImpl@7a0a9e2f
      moduleName = "Pruebas"
      path = "Pruebas.war"
      moduleContainer = class com.ibm.ws.adaptable.module.internal.AdaptableContainerImpl@78a7674e
      altDDEntry = null
      moduleClassesContainers = class java.util.ArrayList@3a6721af
      classLoaderFactory = class com.ibm.ws.app.manager.war.internal.WARDeployedAppInfo@12907a2a
      containerInfoType = class com.ibm.ws.container.service.app.deploy.ContainerInfo$Type@4f9f2c86
      classLoader = class com.ibm.ws.classloading.internal.AppClassLoader@23eb8a94
      moduleMetaData = class com.ibm.ws.webcontainer.osgi.metadata.WebModuleMetaDataImpl@554cc896
      nestedModuleMetaDataTypes = null
      nestedModuleMetaDataValues = null
      serialVersionUID = 3986734351620206554
    serialVersionUID = 8693907776607441911
    $$$tc$$$ = class com.ibm.websphere.ras.TraceComponent@404f2def
      strings[0] = "TraceComponent[com.ibm.ws.app.manager.module.internal.SimpleDeployedAppInfoBase$ModuleContainerInfoBase,class com.ibm.ws.app.manager.module.internal.SimpleDeployedAppInfoBase$ModuleContainerInfoBase,[applications, app.manager],,null]"
    type = class com.ibm.ws.container.service.app.deploy.ContainerInfo$Type@4f9f2c86
      MANIFEST_CLASSPATH = class com.ibm.ws.container.service.app.deploy.ContainerInfo$Type@d044b5e
      WEB_INF_CLASSES = class com.ibm.ws.container.service.app.deploy.ContainerInfo$Type@11b67144
      WEB_INF_LIB = class com.ibm.ws.container.service.app.deploy.ContainerInfo$Type@1782fd83
      EAR_LIB = class com.ibm.ws.container.service.app.deploy.ContainerInfo$Type@325a7e54
      WEB_MODULE = class com.ibm.ws.container.service.app.deploy.ContainerInfo$Type@4f9f2c86
      EJB_MODULE = class com.ibm.ws.container.service.app.deploy.ContainerInfo$Type@1dab9dfa
      CLIENT_MODULE = class com.ibm.ws.container.service.app.deploy.ContainerInfo$Type@3fb5e35a
      RAR_MODULE = class com.ibm.ws.container.service.app.deploy.ContainerInfo$Type@3f5b7fca
      JAR_MODULE = class com.ibm.ws.container.service.app.deploy.ContainerInfo$Type@5e120eab
      SHARED_LIB = class com.ibm.ws.container.service.app.deploy.ContainerInfo$Type@1f971cde
      $VALUES = class com.ibm.ws.container.service.app.deploy.ContainerInfo$Type[10]
      $$$tc$$$ = class com.ibm.websphere.ras.TraceComponent@5c365697
      name = "WEB_MODULE"
      ordinal = 4
    name = "Pruebas.war"
    container = class com.ibm.ws.adaptable.module.internal.AdaptableContainerImpl@78a7674e
    altDDEntry = null
    classesContainerInfo = class java.util.ArrayList@3a6721af
      serialVersionUID = 8683452581122892189
      DEFAULT_CAPACITY = 10
      EMPTY_ELEMENTDATA = class java.lang.Object[0]
      DEFAULTCAPACITY_EMPTY_ELEMENTDATA = class java.lang.Object[0]
      elementData = class java.lang.Object[10]
      size = 5
      MAX_ARRAY_SIZE = 2147483639
      modCount = 6
      MAX_ARRAY_SIZE = 2147483639
    serialVersionUID = 7427332431485745589
    $$$tc$$$ = class com.ibm.websphere.ras.TraceComponent@235b9e05
      strings[0] = "TraceComponent[com.ibm.ws.app.manager.module.internal.SimpleDeployedAppInfoBase$ExtendedContainerInfo,class com.ibm.ws.app.manager.module.internal.SimpleDeployedAppInfoBase$ExtendedContainerInfo,[applications, app.manager],,null]"
  DYNAMIC_IMPORT_PACKAGE_LIST = class java.util.Collections$UnmodifiableRandomAccessList@1178c9aa
    serialVersionUID = -2542308836966382001
    serialVersionUID = -283967356065247728
    list = class java.util.Arrays$ArrayList@4d13bb8d
      serialVersionUID = -2764017481108945198
      a = class java.lang.String[1]
      modCount = 0
      MAX_ARRAY_SIZE = 2147483639
    serialVersionUID = 1820017752578914078
    c = class java.util.Arrays$ArrayList@4d13bb8d
  serialVersionUID = -6153587016903242961
  $$$tc$$$ = class com.ibm.websphere.ras.TraceComponent@25b988d5
    strings[0] = "TraceComponent[com.ibm.ws.app.manager.war.internal.WARDeployedAppInfo,class com.ibm.ws.app.manager.war.internal.WARDeployedAppInfo,[webcontainer, applications, app.manager],com.ibm.ws.app.manager.war.internal.resources.Messages,null]"
  _tc = class com.ibm.websphere.ras.TraceComponent@28c58f29
    strings[0] = "TraceComponent[com.ibm.ws.app.manager.module.internal.DeployedAppInfoBase,class com.ibm.ws.app.manager.module.internal.DeployedAppInfoBase,[app.manager],com.ibm.ws.app.manager.module.internal.resources.Messages,null]"
  PERMISSION_XML = "permissions.xml"
  applicationInformation = class com.ibm.ws.app.manager.internal.ApplicationInstallInfo@698584a0
    _config = class com.ibm.ws.app.manager.internal.ApplicationConfig@2a676730
      tc = class com.ibm.websphere.ras.TraceComponent@1474a67f
      _configPid = "com.ibm.ws.app.manager_28"
      _config = class com.ibm.ws.config.admin.ConfigurationDictionary@2a293b3e
      _applicationManager = class com.ibm.ws.app.manager.ApplicationManager@59ddf3ca
      _location = "Pruebas.war"
      _type = "war"
      _name = "Pruebas"
      _notificationBroadcasterSupport = class javax.management.NotificationBroadcasterSupport@541acf95
      ONE_TIME_JANDEX_MSGS_DISPLAYED = true
    _handlerInfo = class java.util.concurrent.atomic.AtomicReference@7a98e9fb
      serialVersionUID = -1848883965231344442
      VALUE = class java.lang.invoke.VarHandleReferences$FieldInstanceReadWrite@19f1cc1
      value = class com.ibm.ws.app.manager.war.internal.WARDeployedAppInfo@12907a2a
    _container = class java.util.concurrent.atomic.AtomicReference@6ec922b
      serialVersionUID = -1848883965231344442
      VALUE = class java.lang.invoke.VarHandleReferences$FieldInstanceReadWrite@19f1cc1
      value = class com.ibm.ws.adaptable.module.internal.AdaptableContainerImpl@78a7674e
    _resolvedLocation = class java.util.concurrent.atomic.AtomicReference@4309b6d2
      serialVersionUID = -1848883965231344442
      VALUE = class java.lang.invoke.VarHandleReferences$FieldInstanceReadWrite@19f1cc1
      value = class com.ibm.ws.kernel.service.location.internal.LocalFileResource@1b2f972b
    _handler = class com.ibm.ws.app.manager.war.internal.WARApplicationHandlerImpl@52460764
      futureMonitor = class com.ibm.ws.threading.internal.FutureMonitorImpl@55a29e28
      deployedAppFactory = class com.ibm.ws.app.manager.war.internal.WARDeployedAppInfoFactoryImpl@2dbfb2f5
      serialVersionUID = 4622845147410944782
      $$$tc$$$ = class com.ibm.websphere.ras.TraceComponent@2a7f9bb8
    _ami = class java.util.concurrent.atomic.AtomicReference@6facebe6
      serialVersionUID = -1848883965231344442
      VALUE = class java.lang.invoke.VarHandleReferences$FieldInstanceReadWrite@19f1cc1
      value = class com.ibm.wsspi.application.handler.DefaultApplicationMonitoringInformation@28d3defd
    _updateHandler = class com.ibm.ws.app.manager.internal.statemachine.ApplicationStateMachineImpl@db351f2
      _tc = class com.ibm.websphere.ras.TraceComponent@4ec8dd2a
      EMPTY_FUTURE_ARRAY = interface java.util.concurrent.Future[0]
      asmSequenceNumber = class java.util.concurrent.atomic.AtomicLong@3a1d40d9
      _qscaCounter = class java.util.concurrent.atomic.AtomicInteger@2ef8614f
      _failedThrowable = null
      _interruptibleLock = class com.ibm.ws.app.manager.internal.statemachine.ApplicationStateMachineImpl$2@7f4b58ec
      _interruptible = false
      _performingQueuedActions = true
      _queuedActions = class java.util.concurrent.ConcurrentLinkedQueue@47a29fc4
      _callbackState = class java.util.concurrent.atomic.AtomicReference@17690461
      blockAppStartingFutures = class java.util.Collections$SetFromMap@7af6fdda
      waitingForAppHandlerFuture = class java.util.concurrent.atomic.AtomicReference@5fdf5650
      waitingForExplicitStartFuture = class java.util.concurrent.atomic.AtomicReference@cd0bed0
      completionListener = class java.util.concurrent.atomic.AtomicReference@5345f927
      _notifyAppStopped = class java.util.concurrent.ConcurrentLinkedQueue@1e10d6b8
      _notifyAppStarting = class java.util.concurrent.ConcurrentLinkedQueue@3bd87efc
      _notifyAppInstallCalled = class java.util.concurrent.ConcurrentLinkedQueue@32776169
      _notifyAppStarted = class java.util.concurrent.ConcurrentLinkedQueue@4e073ac1
      _notifyAppRemoved = class java.util.concurrent.ConcurrentLinkedQueue@56ba80af
      _stateLock = class com.ibm.ws.app.manager.internal.statemachine.ApplicationStateMachineImpl$3@2e6d3b1a
      _internalState = class java.util.concurrent.atomic.AtomicReference@27187b97
      _currentAction = class java.util.concurrent.atomic.AtomicReference@50be8c87
      _rfa = class java.util.concurrent.atomic.AtomicReference@5283d1c7
      _appInstallInfo = class java.util.concurrent.atomic.AtomicReference@15f18566
      _update = class java.util.concurrent.atomic.AtomicBoolean@7151908c
      _appConfig = class java.util.concurrent.atomic.AtomicReference@55afe095
      _nextAppConfig = class java.util.concurrent.atomic.AtomicReference@19ee1e0e
      _appContainer = class java.util.concurrent.atomic.AtomicReference@2d62e0
      _resolvedLocation = class java.util.concurrent.atomic.AtomicReference@7d855799
      _handler = class java.util.concurrent.atomic.AtomicReference@5784abf4
      _asmSeqNo = 2
      _ctx = class org.eclipse.osgi.internal.framework.BundleContextImpl@515d6395
      _locAdmin = class com.ibm.ws.kernel.service.location.internal.WsLocationAdminImpl@3e73d164
      _futureMonitor = class com.ibm.ws.threading.internal.FutureMonitorImpl@55a29e28
      _artifactFactory = class com.ibm.ws.artifact.internal.ArtifactContainerFactoryService@24c329a
      _moduleFactory = class com.ibm.ws.adaptable.module.internal.AdaptableModuleFactoryImpl@611d9393
      _executorService = class com.ibm.ws.threading.internal.ExecutorServiceImpl@70e5f22c
      _scheduledExecutorService = class com.ibm.ws.threading.internal.ScheduledExecutorImpl@503de5a5
      _asmHelper = class com.ibm.ws.app.manager.internal.ApplicationConfigurator$NamedApplication@1021ed77
      _appMonitor = class com.ibm.ws.app.manager.internal.monitor.ApplicationMonitor@112f7254
      enterStateCalled = class java.util.concurrent.atomic.AtomicBoolean@72145a09
      serialVersionUID = 6511956370079301927
      serialVersionUID = 5501066335104962649
      $$$tc$$$ = class com.ibm.websphere.ras.TraceComponent@958d3f
    serialVersionUID = 2630639237123415755
    $$$tc$$$ = class com.ibm.websphere.ras.TraceComponent@420fd658
      strings[0] = "TraceComponent[com.ibm.ws.app.manager.internal.ApplicationInstallInfo,class com.ibm.ws.app.manager.internal.ApplicationInstallInfo,[applications, app.manager],com.ibm.ws.app.manager.internal.resources.AppManagerMessages,null]"
  location = "D:\devel\tools\wlp\usr\servers\defaultServer\apps\Pruebas.war.xml"
  classLoadingService = class com.ibm.ws.classloading.internal.ClassLoadingServiceImpl@5b040a85
    tc = class com.ibm.websphere.ras.TraceComponent@4395083f
      strings[0] = "TraceComponent[com.ibm.ws.classloading.internal.ClassLoadingServiceImpl,class com.ibm.ws.classloading.internal.ClassLoadingServiceImpl,[ClassLoadingService],com.ibm.ws.classloading.internal.resources.ClassLoadingServiceMessages,null]"
    leakDetectionMap = class java.util.HashMap@3bb8ae40
      serialVersionUID = 362498820763181265
      DEFAULT_INITIAL_CAPACITY = 16
      MAXIMUM_CAPACITY = 1073741824
      DEFAULT_LOAD_FACTOR = 0.75
      TREEIFY_THRESHOLD = 8
      UNTREEIFY_THRESHOLD = 6
      MIN_TREEIFY_CAPACITY = 64
      table = null
      entrySet = null
      size = 0
      modCount = 0
      threshold = 0
      loadFactor = 0.75
      keySet = null
      values = null
    TCCL_LOCK_WAIT = 15000
    REFERENCE_GENERATORS = "generators"
    bundleContext = class org.eclipse.osgi.internal.framework.BundleContextImpl@a02a14a
      findHookName = "org.osgi.framework.hooks.bundle.FindHook"
      valid = true
      bundle = class org.eclipse.osgi.internal.framework.EquinoxBundle@287eeb07
      container = class org.eclipse.osgi.internal.framework.EquinoxContainer@14babe00
      debug = class org.eclipse.osgi.internal.debug.Debug@36b63ff5
      servicesInUse = class java.util.HashMap@723176dd
      activator = null
      contextLock = class java.lang.Object@191f00c4
    aclStore = class com.ibm.ws.classloading.internal.util.CanonicalStore@1b2d72d
      map = class java.util.concurrent.ConcurrentHashMap@2fd38152
      q = class com.ibm.ws.classloading.internal.util.RefQueue@55f51e86
      serialVersionUID = 6715157558227169968
      $$$tc$$$ = class com.ibm.websphere.ras.TraceComponent@39339da9
    tcclStore = class com.ibm.ws.classloading.internal.util.CanonicalStore@522d99cb
      map = class java.util.concurrent.ConcurrentHashMap@5a5d9f7e
      q = class com.ibm.ws.classloading.internal.util.RefQueue@2208625
      serialVersionUID = 6715157558227169968
      $$$tc$$$ = class com.ibm.websphere.ras.TraceComponent@39339da9
    tcclStoreLock = class java.util.concurrent.locks.ReentrantLock@3aec790c
      serialVersionUID = 7373984872572414699
      sync = class java.util.concurrent.locks.ReentrantLock$NonfairSync@78dbe114
    digraph = class org.eclipse.equinox.internal.region.StandardRegionDigraph@44581abf
      EMPTY_EDGE_SET = class java.util.Collections$UnmodifiableSet@25541434
      monitor = class java.lang.Object@365517a4
      regions = class java.util.HashMap@c5c87f
      bundleIdToRegionMapping = class org.eclipse.equinox.internal.region.StandardBundleIdToRegionMapping@6d267ec
      edges = class java.util.HashMap@32236b6
      bundleContext = class org.eclipse.osgi.internal.framework.BundleContextImpl@618b19ad
      threadLocal = class java.lang.ThreadLocal@1dd4f941
      subgraphTraverser = class org.eclipse.equinox.internal.region.SubgraphTraverser@33fc5cb4
      bundleCollisionHook = class org.eclipse.equinox.internal.region.hook.RegionBundleCollisionHook@2604b020
      bundleEventHook = class org.eclipse.equinox.internal.region.hook.RegionBundleEventHook@3401a5d0
      bundleFindHook = class org.eclipse.equinox.internal.region.hook.RegionBundleFindHook@e255ce0
      serviceEventHook = class org.eclipse.equinox.internal.region.hook.RegionServiceEventHook@5feda86c
      serviceFindHook = class org.eclipse.equinox.internal.region.hook.RegionServiceFindHook@5c6b9601
      resolverHookFactory = class org.eclipse.equinox.internal.region.hook.RegionResolverHookFactory@65fd9779
      origin = null
      originUpdateCount = -1
      updateCount = class java.util.concurrent.atomic.AtomicLong@419b157a
      defaultRegion = null
    redefiner = class com.ibm.ws.classloading.internal.util.ClassRedefiner@5344a6a6
      tc = class com.ibm.websphere.ras.TraceComponent@373fc9dc
      LS = "
"
      inst = class com.ibm.ws.kernel.launch.internal.TraceInstrumentation@4cfbfd3f
      serialVersionUID = 2420101865139508526
    listener = class com.ibm.ws.classloading.internal.ClassLoadingServiceImpl$1@6d998ec4
      this$0 = class com.ibm.ws.classloading.internal.ClassLoadingServiceImpl@5b040a85
      serialVersionUID = -9159707349812113172
      $$$tc$$$ = class com.ibm.websphere.ras.TraceComponent@72a4e3ee
    classloaders = class java.util.Collections$SynchronizedMap@34e4be62
      serialVersionUID = 1978198479659022715
      m = class java.util.HashMap@e968930
      mutex = class java.util.Collections$SynchronizedMap@34e4be62
      keySet = null
      entrySet = null
      values = null
    resourceProviders = class com.ibm.ws.classloading.internal.CompositeResourceProvider@30edd7a3
      lockFactory = class java.util.concurrent.locks.ReentrantReadWriteLock@4eb3d1a5
      providerMap = class com.ibm.ws.classloading.internal.util.MultiMap@4e5a10eb
      serialVersionUID = -5576435894946156347
      $$$tc$$$ = class com.ibm.websphere.ras.TraceComponent@346fa22e
    rememberedBundles = class java.util.concurrent.ConcurrentHashMap@46ea268e
      serialVersionUID = 7249069246763182397
      MAXIMUM_CAPACITY = 1073741824
      DEFAULT_CAPACITY = 16
      MAX_ARRAY_SIZE = 2147483639
      DEFAULT_CONCURRENCY_LEVEL = 16
      LOAD_FACTOR = 0.75
      TREEIFY_THRESHOLD = 8
      UNTREEIFY_THRESHOLD = 6
      MIN_TREEIFY_CAPACITY = 64
      MIN_TRANSFER_STRIDE = 16
      RESIZE_STAMP_BITS = 16
      MAX_RESIZERS = 65535
      RESIZE_STAMP_SHIFT = 16
      MOVED = -1
      TREEBIN = -2
      RESERVED = -3
      HASH_BITS = 2147483647
      NCPU = 4
      serialPersistentFields = class java.io.ObjectStreamField[3]
      table = class java.util.concurrent.ConcurrentHashMap$Node[16]
      nextTable = null
      baseCount = 3
      sizeCtl = 12
      transferIndex = 0
      cellsBusy = 0
      counterCells = null
      keySet = null
      values = null
      entrySet = null
      U = class jdk.internal.misc.Unsafe@7346d8ac
      SIZECTL = 20
      TRANSFERINDEX = 32
      BASECOUNT = 24
      CELLSBUSY = 36
      CELLVALUE = 144
      ABASE = 16
      ASHIFT = 2
      keySet = null
      values = null
    collectedBundles = class java.lang.ref.ReferenceQueue@67a47f39
      NULL = class java.lang.ref.ReferenceQueue$Null@6352b4ef
      ENQUEUED = class java.lang.ref.ReferenceQueue$Null@67d0cd60
      lock = class java.lang.ref.ReferenceQueue$Lock@2ef0668
      head = null
      queueLength = 0
      $assertionsDisabled = true
    generatorRefs = class com.ibm.wsspi.kernel.service.utils.ConcurrentServiceReferenceSet@76a2ca01
      referenceName = "generators"
      contextRef = class java.util.concurrent.atomic.AtomicReference@3a68cf46
      elementMap = class java.util.LinkedHashMap@9021048
      elementSet = class java.util.concurrent.ConcurrentSkipListSet@747e3ec0
      elementSetUnsorted = false
      serialVersionUID = 756240983881166148
      $$$tc$$$ = class com.ibm.websphere.ras.TraceComponent@10fba6b
    generatorManager = class com.ibm.ws.classloading.internal.ClassGeneratorManager@282c5bb9
      tc = class com.ibm.websphere.ras.TraceComponent@232fc3a0
      generatorRefs = class com.ibm.wsspi.kernel.service.utils.ConcurrentServiceReferenceSet@76a2ca01
      serialVersionUID = 4152663586056483310
    appExtLibs = class java.util.concurrent.CopyOnWriteArrayList@3f65c664
      serialVersionUID = 8673264195747942595
      lock = class java.lang.Object@24ecd932
      array = class java.lang.Object[0]
    globalConfig = class com.ibm.ws.classloading.configuration.GlobalClassloadingConfiguration@7b7c2b06
      properties = class org.apache.felix.scr.impl.helper.ReadOnlyDictionary@2a811c90
      serialVersionUID = 452562347104713756
      $$$tc$$$ = class com.ibm.websphere.ras.TraceComponent@37e9eb78
    metaInfServicesProviders = class java.util.concurrent.ConcurrentHashMap@1bee14aa
      serialVersionUID = 7249069246763182397
      MAXIMUM_CAPACITY = 1073741824
      DEFAULT_CAPACITY = 16
      MAX_ARRAY_SIZE = 2147483639
      DEFAULT_CONCURRENCY_LEVEL = 16
      LOAD_FACTOR = 0.75
      TREEIFY_THRESHOLD = 8
      UNTREEIFY_THRESHOLD = 6
      MIN_TREEIFY_CAPACITY = 64
      MIN_TRANSFER_STRIDE = 16
      RESIZE_STAMP_BITS = 16
      MAX_RESIZERS = 65535
      RESIZE_STAMP_SHIFT = 16
      MOVED = -1
      TREEBIN = -2
      RESERVED = -3
      HASH_BITS = 2147483647
      NCPU = 4
      serialPersistentFields = class java.io.ObjectStreamField[3]
      table = null
      nextTable = null
      baseCount = 0
      sizeCtl = 0
      transferIndex = 0
      cellsBusy = 0
      counterCells = null
      keySet = null
      values = null
      entrySet = null
      U = class jdk.internal.misc.Unsafe@7346d8ac
      SIZECTL = 20
      TRANSFERINDEX = 32
      BASECOUNT = 24
      CELLSBUSY = 36
      CELLVALUE = 144
      ABASE = 16
      ASHIFT = 2
      keySet = null
      values = null
    metaInfServicesRefs = class com.ibm.wsspi.kernel.service.utils.ConcurrentServiceReferenceMap@51d575fd
      referenceName = "MetaInfServicesProvider"
      context = class org.apache.felix.scr.impl.manager.ComponentContextImpl@7a0ad6d9
      elementMap = class java.util.concurrent.ConcurrentHashMap@4931b976
      serialVersionUID = 6980924785166233786
      $$$tc$$$ = class com.ibm.websphere.ras.TraceComponent@92a2fd2
    protectionDomainMap = class java.util.HashMap@4092df45
      serialVersionUID = 362498820763181265
      DEFAULT_INITIAL_CAPACITY = 16
      MAXIMUM_CAPACITY = 1073741824
      DEFAULT_LOAD_FACTOR = 0.75
      TREEIFY_THRESHOLD = 8
      UNTREEIFY_THRESHOLD = 6
      MIN_TREEIFY_CAPACITY = 64
      table = null
      entrySet = null
      size = 0
      modCount = 0
      threshold = 0
      loadFactor = 0.75
      keySet = null
      values = null
    metadataIdentifierService = class com.ibm.ws.container.service.metadata.internal.MetaDataServiceImpl@584fe715
    globalSharedLibrary = class java.util.concurrent.atomic.AtomicReference@5a2cf84a
      serialVersionUID = -1848883965231344442
      VALUE = class java.lang.invoke.VarHandleReferences$FieldInstanceReadWrite@19f1cc1
      value = null
    serialVersionUID = -2277344858934055980
  globalSharedLibrary = class com.ibm.ws.library.internal.SharedLibraryImpl@7e16428
    tc = class com.ibm.websphere.ras.TraceComponent@32de0a5
      strings[0] = "TraceComponent[com.ibm.ws.library.internal.SharedLibraryImpl,class com.ibm.ws.library.internal.SharedLibraryImpl,[SharedLibrary],com.ibm.ws.classloading.internal.resources.ClassLoadingServiceMessages,null]"
    EMPTY_LIBRARY_LISTENERS = interface com.ibm.wsspi.library.LibraryChangeListener[0]
    deleted = false
    libraryListenersTracker = class org.osgi.util.tracker.ServiceTracker@6eda36d
      DEBUG = false
      context = class org.eclipse.osgi.internal.framework.BundleContextImpl@a02a14a
      filter = class org.eclipse.osgi.internal.framework.FilterImpl@23a0d816
      customizer = class org.osgi.util.tracker.ServiceTracker@6eda36d
      listenerFilter = "(&(objectClass=com.ibm.wsspi.library.LibraryChangeListener)(|(library=global)(libraryRef=*com.ibm.ws.classloading.sharedlibrary_19*)))"
      trackClass = null
      trackReference = null
      tracked = class org.osgi.util.tracker.ServiceTracker$Tracked@49bb92e1
      cachedReference = null
      cachedService = null
    libraryReg = class org.eclipse.osgi.internal.serviceregistry.ServiceRegistrationImpl@1b484600
      registry = class org.eclipse.osgi.internal.serviceregistry.ServiceRegistry@43c992f
      context = class org.eclipse.osgi.internal.framework.BundleContextImpl@a02a14a
      bundle = class org.eclipse.osgi.internal.framework.EquinoxBundle@287eeb07
      clazzes = class java.lang.String[1]
      service = class com.ibm.ws.library.internal.SharedLibraryImpl@7e16428
      reference = class org.eclipse.osgi.internal.serviceregistry.ServiceReferenceImpl@465cc896
      contextsUsing = class java.util.ArrayList@27a4e9b9
      properties = class java.util.Collections$UnmodifiableMap@47b1f983
      serviceid = 306
      serviceranking = 0
      registrationLock = class java.lang.Object@6e8bbc9a
      state = 0
      REGISTERED = 0
      UNREGISTERING = 1
      UNREGISTERED = 2
      FRAMEWORK_SET_SERVICE_PROPERTIES_COUNT = 4
      $assertionsDisabled = true
    ctx = class org.eclipse.osgi.internal.framework.BundleContextImpl@a02a14a
    classLoadingService = class com.ibm.ws.classloading.internal.ClassLoadingServiceImpl@5b040a85
    configAdmin = class com.ibm.ws.config.admin.internal.ConfigurationAdminImpl@6049f7ac
      tc = class com.ibm.websphere.ras.TraceComponent@2b2d3bdd
      bundle = class org.eclipse.osgi.internal.framework.EquinoxBundle@287eeb07
      caFactory = class com.ibm.ws.config.admin.internal.ConfigAdminServiceFactory@2661706f
      serialVersionUID = -2875522750804142523
    resolvedBasePath = "D:/devel/tools/wlp/usr/servers/defaultServer/"
    generationLock = class com.ibm.ws.library.internal.SharedLibraryImpl$1@5f6c73f2
      this$0 = class com.ibm.ws.library.internal.SharedLibraryImpl@7e16428
      serialVersionUID = 2483639803450672373
      $$$tc$$$ = class com.ibm.websphere.ras.TraceComponent@232c1178
    currentGeneration = class com.ibm.ws.library.internal.LibraryGeneration@5ee820d5
      tc = class com.ibm.websphere.ras.TraceComponent@283bcd9f
      nextInt = class java.util.concurrent.atomic.AtomicInteger@1a299b4d
      libraryId = "global"
      genId = 0
      libraryProps = class java.util.Hashtable@1bac1b5b
      filesetRefs = class java.util.Collections$UnmodifiableRandomAccessList@4d328c1a
      apiTypeVisibility = class java.util.RegularEnumSet@7919c7d6
      files = class java.util.Collections$EmptyList@2eb0b012
      folders = class java.util.ArrayList@2f3cc84b
      fileAndFolderContainers = class java.util.Collections$EmptyList@2eb0b012
      filesets = class java.util.concurrent.ArrayBlockingQueue@54b16834
      filesetListenerRegs = class java.util.concurrent.ConcurrentLinkedQueue@dba6ce4
      cancelled = false
      library = class com.ibm.ws.library.internal.SharedLibraryImpl@7e16428
      serialVersionUID = 6965220007121905717
    nextGeneration = class com.ibm.ws.library.internal.LibraryGeneration@5ee820d5
    artifactContainerFactory = class com.ibm.ws.library.internal.SharedLibraryFactory$1@35f516ae
      this$0 = class com.ibm.ws.library.internal.SharedLibraryFactory@66f8542
      serialVersionUID = 7730244564205089330
      $$$tc$$$ = class com.ibm.websphere.ras.TraceComponent@490e1eb5
    packageExporter = class com.ibm.ws.library.internal.LibraryPackageExporter@1aae632b
      EXPORTER_POSTFIX = "_library_exporter"
      REGION_EXPORT_TO_LIBERTY = "liberty.library.export.to.liberty"
      REGION_EXPORT_TO_OSGI_APPS = "liberty.library.export.to.osgi.app"
      REGION_KERNEL = "org.eclipse.equinox.region.kernel"
      counter = class java.util.concurrent.atomic.AtomicLong@5e68c3f1
      context = class org.eclipse.osgi.internal.framework.BundleContextImpl@a02a14a
      digraph = class org.eclipse.equinox.internal.region.StandardRegionDigraph@44581abf
      bundleToLibrary = class java.util.concurrent.ConcurrentHashMap@4b517e47
      libraryToVisibility = class java.util.concurrent.ConcurrentHashMap@4385c588
      serialVersionUID = 8074378969667956573
      $$$tc$$$ = class com.ibm.websphere.ras.TraceComponent@51acf788
    serialVersionUID = 6288237618632180389
  sharedLibDeploymentInfo = class com.ibm.ws.app.manager.module.internal.DeployedAppInfoBase$SharedLibDeploymentInfo@44cb1b72
    bundleContext = class org.eclipse.osgi.internal.framework.BundleContextImpl@6a3b983a
      findHookName = "org.osgi.framework.hooks.bundle.FindHook"
      valid = true
      bundle = class org.eclipse.osgi.internal.framework.EquinoxBundle@79dffbba
      container = class org.eclipse.osgi.internal.framework.EquinoxContainer@14babe00
      debug = class org.eclipse.osgi.internal.debug.Debug@36b63ff5
      servicesInUse = class java.util.HashMap@24bfa07
      activator = null
      contextLock = class java.lang.Object@785c08a2
    locAdmin = class com.ibm.ws.kernel.service.location.internal.WsLocationAdminImpl@3e73d164
      tc = class com.ibm.websphere.ras.TraceComponent@7ddb2a19
      LOC_INTERNAL_LIB_DIR = "wlp.lib.dir"
      LOC_AREA_NAME_APPS = "shared/apps/"
      LOC_AREA_NAME_CONFIG = "shared/config/"
      LOC_AREA_NAME_RESC = "shared/resources/"
      LOC_AREA_NAME_STATE = "logs/state/"
      LOC_AREA_NAME_SERVERS = "servers/"
      LOC_AREA_NAME_CLIENTS = "clients/"
      LOC_AREA_NAME_WORKING = "workarea/"
      LOC_AREA_NAME_EXTENSION = "extension/"
      instance = class com.ibm.ws.staticvalue.StaticValue$FinalSingleton@374e4a1c
      installRoot = class com.ibm.ws.kernel.service.location.internal.SymbolicRootResource@60e5d446
      installParentRoot = class com.ibm.ws.kernel.service.location.internal.SymbolicRootResource@12136576
      userRoot = class com.ibm.ws.kernel.service.location.internal.SymbolicRootResource@1db857e3
      usrExtensionRoot = class com.ibm.ws.kernel.service.location.internal.SymbolicRootResource@5863e0e2
      serverConfigDir = class com.ibm.ws.kernel.service.location.internal.SymbolicRootResource@16ea584c
      serverOutputDir = class com.ibm.ws.kernel.service.location.internal.SymbolicRootResource@16ea584c
      bootstrapLib = class com.ibm.ws.kernel.service.location.internal.LocalFileResource@1f5bb732
      serverWorkarea = class com.ibm.ws.kernel.service.location.internal.LocalFileResource@4083ec75
      serverState = class com.ibm.ws.kernel.service.location.internal.LocalFileResource@7207077
      sharedAppsRoot = class com.ibm.ws.kernel.service.location.internal.SymbolicRootResource@434c70e7
      sharedConfigRoot = class com.ibm.ws.kernel.service.location.internal.SymbolicRootResource@1ecad9b
      sharedResourceRoot = class com.ibm.ws.kernel.service.location.internal.SymbolicRootResource@5e531997
      tmpRoot = class com.ibm.ws.kernel.service.location.internal.SymbolicRootResource@5a7469e2
      serverName = "defaultServer"
      resourcePaths = class java.util.ArrayList@7a1fe103
      resourceGroups = class java.util.HashMap@1e7b0bae
      commonRoot = class com.ibm.ws.kernel.service.location.internal.VirtualRootResource@58a23657
      serialVersionUID = 7766352982799267432
    artifactFactory = class com.ibm.ws.artifact.internal.ArtifactContainerFactoryService@24c329a
      CATEGORY_PROP_NAME = "category"
      ENTRY_KEY = "com.ibm.wsspi.artifact.ArtifactEntry"
      helperMap = class com.ibm.wsspi.kernel.service.utils.ConcurrentServiceReferenceSetMap@15c58be8
      contributorMap = class com.ibm.wsspi.kernel.service.utils.ConcurrentServiceReferenceSetMap@4d2e671d
      helperCategoryMap = class com.ibm.wsspi.kernel.service.utils.ConcurrentServiceReferenceSetMap@4bd3033c
      contributorCategoryMap = class com.ibm.wsspi.kernel.service.utils.ConcurrentServiceReferenceSetMap@46e78b06
      categories = class java.util.Collections$SynchronizedSet@7f44d2f9
      baseProperties = class org.apache.felix.scr.impl.helper.ReadOnlyDictionary@416c4483
      serialVersionUID = -3101641399269402013
      $$$tc$$$ = class com.ibm.websphere.ras.TraceComponent@11ae99f2
    moduleFactory = class com.ibm.ws.adaptable.module.internal.AdaptableModuleFactoryImpl@611d9393
      adapterFactoryService = class com.ibm.ws.adaptable.module.internal.AdapterFactoryServiceImpl@29439f2b
      containerFactory = class com.ibm.ws.artifact.internal.ArtifactContainerFactoryService@24c329a
      overlayContainerFactory = class com.ibm.ws.artifact.overlay.internal.OverlayContainerFactoryImpl@1f5198c8
      serialVersionUID = 4200251809856292987
      $$$tc$$$ = class com.ibm.websphere.ras.TraceComponent@49aa3e9c
    classesContainerInfo = class java.util.ArrayList@187d525e
      serialVersionUID = 8683452581122892189
      DEFAULT_CAPACITY = 10
      EMPTY_ELEMENTDATA = class java.lang.Object[0]
      DEFAULTCAPACITY_EMPTY_ELEMENTDATA = class java.lang.Object[0]
      elementData = class java.lang.Object[0]
      size = 0
      MAX_ARRAY_SIZE = 2147483639
      modCount = 0
      MAX_ARRAY_SIZE = 2147483639
    serialVersionUID = -9033256786848720484
    $$$tc$$$ = class com.ibm.websphere.ras.TraceComponent@3967e320
      strings[0] = "TraceComponent[com.ibm.ws.app.manager.module.internal.DeployedAppInfoBase$SharedLibDeploymentInfo,class com.ibm.ws.app.manager.module.internal.DeployedAppInfoBase$SharedLibDeploymentInfo,[applications, app.manager],,null]"
  futureMonitor = class com.ibm.ws.threading.internal.FutureMonitorImpl@55a29e28
    _monitor = class java.util.concurrent.ConcurrentLinkedQueue@3680bb28
      serialVersionUID = 196745693267521676
      head = class java.util.concurrent.ConcurrentLinkedQueue$Node@42ad5bd5
      tail = class java.util.concurrent.ConcurrentLinkedQueue$Node@42ad5bd5
      MAX_HOPS = 8
      HEAD = class java.lang.invoke.VarHandleReferences$FieldInstanceReadWrite@52abd5e2
      TAIL = class java.lang.invoke.VarHandleReferences$FieldInstanceReadWrite@59a4cc7
      ITEM = class java.lang.invoke.VarHandleReferences$FieldInstanceReadWrite@36088185
      NEXT = class java.lang.invoke.VarHandleReferences$FieldInstanceReadWrite@3bc68c43
      MAX_ARRAY_SIZE = 2147483639
    _executor = class com.ibm.ws.threading.internal.ScheduledExecutorImpl@503de5a5
      threadGroupName = "Scheduled Executor Thread Group"
      executor = class com.ibm.ws.threading.internal.ExecutorServiceImpl@70e5f22c
      serialVersionUID = -9110693807503469597
      $$$tc$$$ = class com.ibm.websphere.ras.TraceComponent@60a22b7e
      continueExistingPeriodicTasksAfterShutdown = false
      executeExistingDelayedTasksAfterShutdown = true
      removeOnCancel = false
      sequencer = class java.util.concurrent.atomic.AtomicLong@4d994707
      DEFAULT_KEEPALIVE_MILLIS = 10
      ctl = class java.util.concurrent.atomic.AtomicInteger@3cd5ddc4
      COUNT_BITS = 29
      COUNT_MASK = 536870911
      RUNNING = -536870912
      SHUTDOWN = 0
      STOP = 536870912
      TIDYING = 1073741824
      TERMINATED = 1610612736
      workQueue = class java.util.concurrent.ScheduledThreadPoolExecutor$DelayedWorkQueue@ec681e4
      mainLock = class java.util.concurrent.locks.ReentrantLock@592cd1d5
      workers = class java.util.HashSet@5e0a0488
      termination = class java.util.concurrent.locks.AbstractQueuedSynchronizer$ConditionObject@4ca3d970
      largestPoolSize = 1
      completedTaskCount = 0
      threadFactory = class com.ibm.ws.threading.internal.ThreadFactoryImpl@7650b8a1
      handler = class java.util.concurrent.ThreadPoolExecutor$AbortPolicy@49cd6dc7
      keepAliveTime = 10000000
      allowCoreThreadTimeOut = false
      corePoolSize = 1
      maximumPoolSize = 2147483647
      defaultHandler = class java.util.concurrent.ThreadPoolExecutor$AbortPolicy@49cd6dc7
      shutdownPerm = class java.lang.RuntimePermission@476d0e32
      ONLY_ONE = true
      $assertionsDisabled = true
    _threadRunning = class java.util.concurrent.atomic.AtomicBoolean@324b9a55
      serialVersionUID = 4654671469794556979
      VALUE = class java.lang.invoke.VarHandleInts$FieldInstanceReadWrite@44b0ea19
      value = 0
    _thread = class com.ibm.ws.threading.internal.FutureMonitorImpl$1@1407ce4a
      this$0 = class com.ibm.ws.threading.internal.FutureMonitorImpl@55a29e28
      serialVersionUID = 2422512430832938099
      $$$tc$$$ = class com.ibm.websphere.ras.TraceComponent@e09921b
    serialVersionUID = 2765238413969174390
    $$$tc$$$ = class com.ibm.websphere.ras.TraceComponent@244c76db
      strings[0] = "TraceComponent[com.ibm.ws.threading.internal.FutureMonitorImpl,class com.ibm.ws.threading.internal.FutureMonitorImpl,[Threading],com.ibm.ws.threading.internal.resources.ThreadingMessages,null]"
  configAdmin = class com.ibm.ws.config.admin.internal.ConfigurationAdminImpl@1329afd8
    tc = class com.ibm.websphere.ras.TraceComponent@2b2d3bdd
      strings[0] = "TraceComponent[com.ibm.ws.config.admin.internal.ConfigurationAdminImpl,class com.ibm.ws.config.admin.internal.ConfigurationAdminImpl,[config],com.ibm.ws.config.internal.resources.ConfigMessages,null]"
    bundle = class org.eclipse.osgi.internal.framework.EquinoxBundle@79dffbba
      equinoxContainer = class org.eclipse.osgi.internal.framework.EquinoxContainer@14babe00
      module = class org.eclipse.osgi.internal.framework.EquinoxBundle$EquinoxModule@28085f3c
      monitor = class java.lang.Object@27e6f4e1
      context = class org.eclipse.osgi.internal.framework.BundleContextImpl@6a3b983a
      signerInfos = null
      $SWITCH_TABLE$org$eclipse$osgi$container$Module$State = {1,2,3,4,5,6,7} /* array length = 7 */
    caFactory = class com.ibm.ws.config.admin.internal.ConfigAdminServiceFactory@2661706f
      tc = class com.ibm.websphere.ras.TraceComponent@29bba600
      configurationPermission = class org.osgi.service.cm.ConfigurationPermission@5c97b8d5
      INDEX_DICTIONARY = 0
      INDEX_LOCATION = 1
      INDEX_METATYPE_PROCESSED = 2
      INDEX_IN_OVERRIDES_FILE = 3
      INDEX_REFERENCES = 4
      INDEX_UNIQUES = 5
      bundleContext = class org.eclipse.osgi.internal.framework.BundleContextImpl@6bd33db6
      msTracker = class com.ibm.ws.config.admin.internal.ManagedServiceTracker@1e70df3c
      msfTracker = class com.ibm.ws.config.admin.internal.ManagedServiceFactoryTracker@43369537
      pluginManager = class com.ibm.ws.config.admin.internal.PluginManager@5b379ceb
      configurationStore = class com.ibm.ws.config.admin.internal.ConfigurationStore@3a87d648
      updateQueue = class com.ibm.ws.config.admin.internal.UpdateQueue@2216771b
      ced = class com.ibm.ws.config.admin.internal.ConfigEventDispatcher@557ed143
      idMap = class java.util.Collections$SynchronizedMap@3249cfc3
      referenceMap = class java.util.Collections$SynchronizedMap@36f87a54
      variableRegistryTracker = class org.osgi.util.tracker.ServiceTracker@27477d3f
      variableRegistry = class com.ibm.ws.kernel.service.location.internal.VariableRegistryHelper@410445d
      configurationAdminRef = class org.eclipse.osgi.internal.serviceregistry.ServiceRegistrationImpl@47e3846b
      serialVersionUID = 6695202270027014725
    serialVersionUID = -2875522750804142523
  libraryConfigHelper = class com.ibm.ws.classloading.ClassLoaderConfigHelper@6882df1a
    tc = class com.ibm.websphere.ras.TraceComponent@46d88b19
      strings[0] = "TraceComponent[com.ibm.ws.classloading.ClassLoaderConfigHelper,class com.ibm.ws.classloading.ClassLoaderConfigHelper,[ClassLoadingService],com.ibm.ws.classloading.internal.resources.ClassLoadingServiceMessages,null]"
    DEFAULT_API_TYPES = class java.util.RegularEnumSet@79a8e82d
      serialVersionUID = 3411599620347842686
      elements = 23
      elementType = class java.lang.Class@71a23e7c
      universe = class com.ibm.wsspi.classloading.ApiType[5]
      MAX_ARRAY_SIZE = 2147483639
    sharedLibraries = class java.util.Collections$EmptyList@2eb0b012
      serialVersionUID = 8842843931221139166
      modCount = 0
      MAX_ARRAY_SIZE = 2147483639
    commonLibraries = class java.util.Collections$EmptyList@2eb0b012
    classProviders = class java.util.Collections$EmptyList@2eb0b012
    sharedLibrariesPids = null
    commonLibrariesPids = null
    isDelegateLast = false
    apiTypes = class java.util.RegularEnumSet@79a8e82d
    classLoaderConfigProps = null
    serialVersionUID = 7643888529935916418
  isDelegateLast = false
  permissionManager = class com.ibm.ws.classloading.java2sec.PermissionManager@644e2606
    tc = class com.ibm.websphere.ras.TraceComponent@3b7ca878
      strings[0] = "TraceComponent[com.ibm.ws.classloading.java2sec.PermissionManager,class com.ibm.ws.classloading.java2sec.PermissionManager,[Java2SecurityUtil],com.ibm.ws.classloading.internal.resources.Java2SecurityUtilMessages,null]"
    classLoadingService = class com.ibm.ws.classloading.internal.ClassLoadingServiceImpl@5b040a85
    DEFAULT_SERVER_RESTRICTABLE_PERMISSIONS = class java.security.Permission[4]
      Permission[0] = class java.lang.RuntimePermission@3e43ae39
      Permission[1] = class java.lang.RuntimePermission@27da79e9
      Permission[2] = class java.security.SecurityPermission@22d7cbec
      Permission[3] = class javax.security.auth.AuthPermission@a0c5f90
    DEFAULT_CLIENT_RESTRICTABLE_PERMISSIONS = class java.security.Permission[3]
      Permission[0] = class java.lang.RuntimePermission@3a2a3df2
      Permission[1] = class java.security.SecurityPermission@731dc46c
      Permission[2] = class javax.security.auth.AuthPermission@2c32e2f3
    isServer = true
    wsjarUrlStreamHandlerAvailable = true
    restrictablePermissions = class java.util.ArrayList@20e1ce37
      serialVersionUID = 8683452581122892189
      DEFAULT_CAPACITY = 10
      EMPTY_ELEMENTDATA = class java.lang.Object[0]
      DEFAULTCAPACITY_EMPTY_ELEMENTDATA = class java.lang.Object[0]
      elementData = class java.lang.Object[10]
      size = 4
      MAX_ARRAY_SIZE = 2147483639
      modCount = 4
      MAX_ARRAY_SIZE = 2147483639
    grantedPermissions = class java.util.ArrayList@765cd53e
      serialVersionUID = 8683452581122892189
      DEFAULT_CAPACITY = 10
      EMPTY_ELEMENTDATA = class java.lang.Object[0]
      DEFAULTCAPACITY_EMPTY_ELEMENTDATA = class java.lang.Object[0]
      elementData = class java.lang.Object[10]
      size = 1
      MAX_ARRAY_SIZE = 2147483639
      modCount = 1
      MAX_ARRAY_SIZE = 2147483639
    KEY_PERMISSION = "permission"
    INCORRECT_PERMISSION_CONFIGURATION = "INCORRECT_PERMISSION_CONFIGURATION"
    PERMISSION_CLASSNOTFOUND = "PERMISSION_CLASSNOTFOUND"
    SERVER_XML = "server.xml"
    CLIENT_XML = "client.xml"
    originationFile = "server.xml"
    permissions = class com.ibm.wsspi.kernel.service.utils.ConcurrentServiceReferenceSet@5d962748
      referenceName = "permission"
      contextRef = class java.util.concurrent.atomic.AtomicReference@7d693fb7
      elementMap = class java.util.LinkedHashMap@55a86315
      elementSet = class java.util.concurrent.ConcurrentSkipListSet@18581fb7
      elementSetUnsorted = false
      serialVersionUID = 756240983881166148
      $$$tc$$$ = class com.ibm.websphere.ras.TraceComponent@10fba6b
    codeBasePermissionMap = class java.util.HashMap@5476569a
      serialVersionUID = 362498820763181265
      DEFAULT_INITIAL_CAPACITY = 16
      MAXIMUM_CAPACITY = 1073741824
      DEFAULT_LOAD_FACTOR = 0.75
      TREEIFY_THRESHOLD = 8
      UNTREEIFY_THRESHOLD = 6
      MIN_TREEIFY_CAPACITY = 64
      table = null
      entrySet = null
      size = 0
      modCount = 0
      threshold = 0
      loadFactor = 0.75
      keySet = class java.util.HashMap$KeySet@73077bed
      values = null
    permissionXMLPermissionMap = class java.util.HashMap@7ac8aa55
      serialVersionUID = 362498820763181265
      DEFAULT_INITIAL_CAPACITY = 16
      MAXIMUM_CAPACITY = 1073741824
      DEFAULT_LOAD_FACTOR = 0.75
      TREEIFY_THRESHOLD = 8
      UNTREEIFY_THRESHOLD = 6
      MIN_TREEIFY_CAPACITY = 64
      table = null
      entrySet = null
      size = 0
      modCount = 0
      threshold = 0
      loadFactor = 0.75
      keySet = null
      values = null
    serialVersionUID = 3514017629123673923
  permissionsConfig = null
  serialVersionUID = 5168023053972273360
  appInfo = class com.ibm.ws.container.service.app.deploy.internal.ApplicationInfoImpl@7a0a9e2f
    appName = "Pruebas"
    appMetaData = class com.ibm.ws.container.service.app.deploy.internal.ApplicationMetaDataImpl@25cebc23
      j2eeName = class com.ibm.ws.container.service.metadata.internal.J2EENameImpl@7e4d4782
      serialVersionUID = -7906531148367236579
      $$$tc$$$ = class com.ibm.websphere.ras.TraceComponent@425d3379
      tc = class com.ibm.websphere.ras.TraceComponent@599f7f15
      NUM_STATIC_SLOTS = 4
      ID_UNINITIALIZED = -1
      id = 0
      metaDataInterface = class java.lang.Class@423ec0ef
      staticSlots = class java.lang.Object[4]
      dynamicSlots = class java.lang.Object[4]
    appContainer = class com.ibm.ws.adaptable.module.internal.AdaptableContainerImpl@78a7674e
      root = class com.ibm.ws.adaptable.module.internal.AdaptableContainerImpl@78a7674e
      rootOverlay = class com.ibm.ws.artifact.overlay.internal.DirectoryBasedOverlayContainerImpl@302c9b0
      factoryHolder = class com.ibm.ws.adaptable.module.internal.AdaptableModuleFactoryImpl@611d9393
      delegate = class com.ibm.ws.artifact.overlay.internal.DirectoryBasedOverlayContainerImpl@302c9b0
      notifier = class com.ibm.ws.adaptable.module.internal.NotifierImpl@69e6b78d
      serialVersionUID = -5621513278641113667
      $$$tc$$$ = class com.ibm.websphere.ras.TraceComponent@238c7bd9
    configHelper = class com.ibm.ws.app.manager.module.ApplicationNestedConfigHelper@202b946f
      appInfo = class com.ibm.ws.app.manager.internal.ApplicationInstallInfo@698584a0
      serialVersionUID = -3174031738676705046
      $$$tc$$$ = class com.ibm.websphere.ras.TraceComponent@49131091
    applicationInformation = class com.ibm.ws.app.manager.internal.ApplicationInstallInfo@698584a0
    serialVersionUID = -505303337196743781
    $$$tc$$$ = class com.ibm.websphere.ras.TraceComponent@1bc7c66d
      strings[0] = "TraceComponent[com.ibm.ws.container.service.app.deploy.internal.ApplicationInfoImpl,class com.ibm.ws.container.service.app.deploy.internal.ApplicationInfoImpl,[container.service],com.ibm.ws.container.service.resources.Messages,null]"
  modulesDeployed = class java.util.ArrayList@78c2a176
    serialVersionUID = 8683452581122892189
    DEFAULT_CAPACITY = 10
    EMPTY_ELEMENTDATA = class java.lang.Object[0]
    DEFAULTCAPACITY_EMPTY_ELEMENTDATA = class java.lang.Object[0]
    elementData = class java.lang.Object[10]
      Object[0] = class com.ibm.ws.app.manager.module.internal.DeployedModuleInfoImpl@291d0a8e
      Object[1] = null
      Object[2] = null
      Object[3] = null
      Object[4] = null
      Object[5] = null
      Object[6] = null
      Object[7] = null
      Object[8] = null
      Object[9] = null
    size = 1
    MAX_ARRAY_SIZE = 2147483639
    modCount = 1
    MAX_ARRAY_SIZE = 2147483639
  starting = true
  started = false
  appInfoFactory = class com.ibm.ws.container.service.app.deploy.internal.ApplicationInfoFactoryImpl@26cb96d9
    j2eeNameFactory = class com.ibm.wsspi.kernel.service.utils.AtomicServiceReference@5962b14f
      referenceName = "j2eeNameFactory"
      tuple = class java.util.concurrent.atomic.AtomicReference@7185d36f
      serialVersionUID = 2226592364007985000
      $$$tc$$$ = class com.ibm.websphere.ras.TraceComponent@702a152b
    names = class java.util.HashSet@147aec74
      serialVersionUID = -5024744406713321676
      map = class java.util.HashMap@78dbb4cb
      PRESENT = class java.lang.Object@2816c0f1
      MAX_ARRAY_SIZE = 2147483639
    serialVersionUID = 7443990212682384945
    $$$tc$$$ = class com.ibm.websphere.ras.TraceComponent@5fba812b
      strings[0] = "TraceComponent[com.ibm.ws.container.service.app.deploy.internal.ApplicationInfoFactoryImpl,class com.ibm.ws.container.service.app.deploy.internal.ApplicationInfoFactoryImpl,[container.service],com.ibm.ws.container.service.resources.Messages,null]"
  metaDataService = class com.ibm.ws.container.service.metadata.internal.MetaDataServiceImpl@584fe715
    applicationMetaDataManager = class com.ibm.ws.container.service.metadata.internal.ApplicationMetaDataManager@1b9462a7
      serialVersionUID = 1843747281024490904
      $$$tc$$$ = class com.ibm.websphere.ras.TraceComponent@135db516
      listeners = class com.ibm.wsspi.kernel.service.utils.ConcurrentServiceReferenceSet@73e7923b
      metaDataIDs = class com.ibm.ws.container.service.metadata.internal.IndexList@5ff73e80
      metaDatas = class java.util.ArrayList@1b49d601
      slotIDs = class com.ibm.ws.container.service.metadata.internal.IndexList@440870ac
      serialVersionUID = 5464421863354792977
      $$$tc$$$ = class com.ibm.websphere.ras.TraceComponent@6660c5f3
    moduleMetaDataManager = class com.ibm.ws.container.service.metadata.internal.ModuleMetaDataManager@25431878
      serialVersionUID = 2513574389899327209
      $$$tc$$$ = class com.ibm.websphere.ras.TraceComponent@75dd9289
      listeners = class com.ibm.wsspi.kernel.service.utils.ConcurrentServiceReferenceSet@3ee0e844
      metaDataIDs = class com.ibm.ws.container.service.metadata.internal.IndexList@703e3744
      metaDatas = class java.util.ArrayList@aab8c78
      slotIDs = class com.ibm.ws.container.service.metadata.internal.IndexList@2332f5a7
      serialVersionUID = 5464421863354792977
      $$$tc$$$ = class com.ibm.websphere.ras.TraceComponent@6660c5f3
    componentMetaDataManager = class com.ibm.ws.container.service.metadata.internal.ComponentMetaDataManager@ed81ce2
      serialVersionUID = 8629793739641703882
      $$$tc$$$ = class com.ibm.websphere.ras.TraceComponent@542721df
      listeners = class com.ibm.wsspi.kernel.service.utils.ConcurrentServiceReferenceSet@b31545c
      metaDataIDs = class com.ibm.ws.container.service.metadata.internal.IndexList@6d547884
      metaDatas = class java.util.ArrayList@387842f1
      slotIDs = class com.ibm.ws.container.service.metadata.internal.IndexList@3f72d842
      serialVersionUID = 5464421863354792977
      $$$tc$$$ = class com.ibm.websphere.ras.TraceComponent@6660c5f3
    methodMetaDataManager = class com.ibm.ws.container.service.metadata.internal.MethodMetaDataManager@7cc550c5
      serialVersionUID = -8002489041502300640
      $$$tc$$$ = class com.ibm.websphere.ras.TraceComponent@4e1fa29b
      listeners = class com.ibm.wsspi.kernel.service.utils.ConcurrentServiceReferenceSet@6c97a813
      metaDataIDs = class com.ibm.ws.container.service.metadata.internal.IndexList@2cb1461e
      metaDatas = class java.util.ArrayList@4ed69763
      slotIDs = class com.ibm.ws.container.service.metadata.internal.IndexList@756a20bc
      serialVersionUID = 5464421863354792977
      $$$tc$$$ = class com.ibm.websphere.ras.TraceComponent@6660c5f3
    appModuleNameToModuleContainer = class java.util.concurrent.ConcurrentHashMap@447c94a0
      serialVersionUID = 7249069246763182397
      MAXIMUM_CAPACITY = 1073741824
      DEFAULT_CAPACITY = 16
      MAX_ARRAY_SIZE = 2147483639
      DEFAULT_CONCURRENCY_LEVEL = 16
      LOAD_FACTOR = 0.75
      TREEIFY_THRESHOLD = 8
      UNTREEIFY_THRESHOLD = 6
      MIN_TREEIFY_CAPACITY = 64
      MIN_TRANSFER_STRIDE = 16
      RESIZE_STAMP_BITS = 16
      MAX_RESIZERS = 65535
      RESIZE_STAMP_SHIFT = 16
      MOVED = -1
      TREEBIN = -2
      RESERVED = -3
      HASH_BITS = 2147483647
      NCPU = 4
      serialPersistentFields = class java.io.ObjectStreamField[3]
      table = class java.util.concurrent.ConcurrentHashMap$Node[16]
      nextTable = null
      baseCount = 6
      sizeCtl = 12
      transferIndex = 0
      cellsBusy = 0
      counterCells = null
      keySet = null
      values = null
      entrySet = null
      U = class jdk.internal.misc.Unsafe@7346d8ac
      SIZECTL = 20
      TRANSFERINDEX = 32
      BASECOUNT = 24
      CELLSBUSY = 36
      CELLVALUE = 144
      ABASE = 16
      ASHIFT = 2
      keySet = null
      values = null
    jeeNameToComponentMetaData = class java.util.concurrent.ConcurrentHashMap@7941d48f
      serialVersionUID = 7249069246763182397
      MAXIMUM_CAPACITY = 1073741824
      DEFAULT_CAPACITY = 16
      MAX_ARRAY_SIZE = 2147483639
      DEFAULT_CONCURRENCY_LEVEL = 16
      LOAD_FACTOR = 0.75
      TREEIFY_THRESHOLD = 8
      UNTREEIFY_THRESHOLD = 6
      MIN_TREEIFY_CAPACITY = 64
      MIN_TRANSFER_STRIDE = 16
      RESIZE_STAMP_BITS = 16
      MAX_RESIZERS = 65535
      RESIZE_STAMP_SHIFT = 16
      MOVED = -1
      TREEBIN = -2
      RESERVED = -3
      HASH_BITS = 2147483647
      NCPU = 4
      serialPersistentFields = class java.io.ObjectStreamField[3]
      table = class java.util.concurrent.ConcurrentHashMap$Node[16]
      nextTable = null
      baseCount = 11
      sizeCtl = 12
      transferIndex = 0
      cellsBusy = 0
      counterCells = null
      keySet = null
      values = null
      entrySet = null
      U = class jdk.internal.misc.Unsafe@7346d8ac
      SIZECTL = 20
      TRANSFERINDEX = 32
      BASECOUNT = 24
      CELLSBUSY = 36
      CELLVALUE = 144
      ABASE = 16
      ASHIFT = 2
      keySet = null
      values = null
    deferredMetaDataFactories = class com.ibm.wsspi.kernel.service.utils.ConcurrentServiceReferenceSet@37b0e849
      referenceName = "deferredMetaDataFactory"
      contextRef = class java.util.concurrent.atomic.AtomicReference@3a1e4391
      elementMap = class java.util.LinkedHashMap@dfe70ad
      elementSet = class java.util.concurrent.ConcurrentSkipListSet@14629a0a
      elementSetUnsorted = false
      serialVersionUID = 756240983881166148
      $$$tc$$$ = class com.ibm.websphere.ras.TraceComponent@10fba6b
    deferredMetaDataInitializers = class com.ibm.wsspi.kernel.service.utils.ConcurrentServiceReferenceMap@6125c502
      referenceName = "deferredMetaDataFactory"
      context = class org.apache.felix.scr.impl.manager.ComponentContextImpl@bf67f40
      elementMap = class java.util.concurrent.ConcurrentHashMap@51da774b
      serialVersionUID = 6980924785166233786
      $$$tc$$$ = class com.ibm.websphere.ras.TraceComponent@92a2fd2
    serialVersionUID = -2494605732980966097
    $$$tc$$$ = class com.ibm.websphere.ras.TraceComponent@33a8dc1d
      strings[0] = "TraceComponent[com.ibm.ws.container.service.metadata.internal.MetaDataServiceImpl,class com.ibm.ws.container.service.metadata.internal.MetaDataServiceImpl,[Runtime],,null]"
  stateChangeService = class com.ibm.ws.container.service.state.internal.StateChangeServiceImpl@4bdb3e4f
    applicationStateManager = class com.ibm.ws.container.service.state.internal.ApplicationStateManager@65fa18e2
      serialVersionUID = -6685368059484454124
      $$$tc$$$ = class com.ibm.websphere.ras.TraceComponent@16bebcd1
      listeners = class com.ibm.wsspi.kernel.service.utils.ConcurrentServiceReferenceSet@792d2a3c
      serialVersionUID = 2284273176985484160
      $$$tc$$$ = class com.ibm.websphere.ras.TraceComponent@4ed3d654
    moduleStateManager = class com.ibm.ws.container.service.state.internal.ModuleStateManager@addd520
      serialVersionUID = -5540260902341249963
      $$$tc$$$ = class com.ibm.websphere.ras.TraceComponent@f19c32d
      listeners = class com.ibm.wsspi.kernel.service.utils.ConcurrentServiceReferenceSet@f0efa54
      serialVersionUID = 2284273176985484160
      $$$tc$$$ = class com.ibm.websphere.ras.TraceComponent@4ed3d654
    serialVersionUID = -537917915330350560
    $$$tc$$$ = class com.ibm.websphere.ras.TraceComponent@8c642c2
      strings[0] = "TraceComponent[com.ibm.ws.container.service.state.internal.StateChangeServiceImpl,class com.ibm.ws.container.service.state.internal.StateChangeServiceImpl,[Runtime],,null]"
  moduleClassesInfo = class com.ibm.ws.app.manager.module.internal.SimpleDeployedAppInfoBase$ModuleClassesInfoProvider@4da4940c
    entryContainerInfosMap = class java.util.HashMap@6aad6517
      serialVersionUID = 362498820763181265
      DEFAULT_INITIAL_CAPACITY = 16
      MAXIMUM_CAPACITY = 1073741824
      DEFAULT_LOAD_FACTOR = 0.75
      TREEIFY_THRESHOLD = 8
      UNTREEIFY_THRESHOLD = 6
      MIN_TREEIFY_CAPACITY = 64
      table = null
      entrySet = null
      size = 0
      modCount = 0
      threshold = 0
      loadFactor = 0.75
      keySet = null
      values = null
    serialVersionUID = -70332790531324534
    $$$tc$$$ = class com.ibm.websphere.ras.TraceComponent@1c7d3a83
      strings[0] = "TraceComponent[com.ibm.ws.app.manager.module.internal.SimpleDeployedAppInfoBase$ModuleClassesInfoProvider,class com.ibm.ws.app.manager.module.internal.SimpleDeployedAppInfoBase$ModuleClassesInfoProvider,[applications, app.manager],,null]"
  moduleContainerInfos = class java.util.ArrayList@200045df
    serialVersionUID = 8683452581122892189
    DEFAULT_CAPACITY = 10
    EMPTY_ELEMENTDATA = class java.lang.Object[0]
    DEFAULTCAPACITY_EMPTY_ELEMENTDATA = class java.lang.Object[0]
    elementData = class java.lang.Object[10]
      Object[0] = class com.ibm.ws.app.manager.module.internal.SimpleDeployedAppInfoBase$WebModuleContainerInfo@4072c94a
      Object[1] = null
      Object[2] = null
      Object[3] = null
      Object[4] = null
      Object[5] = null
      Object[6] = null
      Object[7] = null
      Object[8] = null
      Object[9] = null
    size = 1
    MAX_ARRAY_SIZE = 2147483639
    modCount = 1
    MAX_ARRAY_SIZE = 2147483639
  activeModuleHandlers = class java.util.IdentityHashMap@5a076258
    DEFAULT_CAPACITY = 32
    MINIMUM_CAPACITY = 4
    MAXIMUM_CAPACITY = 536870912
    table = class java.lang.Object[16]
      Object[0] = null
      Object[1] = null
      Object[2] = null
      Object[3] = null
      Object[4] = null
      Object[5] = null
      Object[6] = null
      Object[7] = null
      Object[8] = null
      Object[9] = null
      Object[10] = null
      Object[11] = null
      Object[12] = null
      Object[13] = null
      Object[14] = null
      Object[15] = null
    size = 0
    modCount = 2
    NULL_KEY = class java.lang.Object@49ce492c
    entrySet = null
    serialVersionUID = 8188218128353913216
    keySet = null
    values = null
  serialVersionUID = 7078125893012250887
  $$$tc$$$ = class com.ibm.websphere.ras.TraceComponent@1ab32b20
    strings[0] = "TraceComponent[com.ibm.ws.app.manager.module.internal.SimpleDeployedAppInfoBase,class com.ibm.ws.app.manager.module.internal.SimpleDeployedAppInfoBase,[applications, app.manager],,null]"

Dump of objectArray[0]
Object type = com.ibm.ws.threading.internal.NonCancelableResultFuture
  _done = false
  _result = null
  _failure = null
  _listeners = class java.util.concurrent.ConcurrentLinkedQueue@1eb1456d
    serialVersionUID = 196745693267521676
    head = class java.util.concurrent.ConcurrentLinkedQueue$Node@7f1b657d
      item = null
      next = null
    tail = class java.util.concurrent.ConcurrentLinkedQueue$Node@7f1b657d
    MAX_HOPS = 8
    HEAD = class java.lang.invoke.VarHandleReferences$FieldInstanceReadWrite@52abd5e2
      FORM = class java.lang.invoke.VarForm@1ea1e402
      fieldOffset = 12
      receiverType = class java.lang.Class@22a71081
      fieldType = class java.lang.Class@3930015a
      FORM = class java.lang.invoke.VarForm@1851f2d5
      vform = class java.lang.invoke.VarForm@1ea1e402
      typesAndInvokers = null
      AIOOBE_SUPPLIER = class jdk.internal.util.Preconditions$1@321e37ef
      VFORM_OFFSET = 12
      $assertionsDisabled = true
    TAIL = class java.lang.invoke.VarHandleReferences$FieldInstanceReadWrite@59a4cc7
      FORM = class java.lang.invoke.VarForm@1ea1e402
      fieldOffset = 16
      receiverType = class java.lang.Class@22a71081
      fieldType = class java.lang.Class@3930015a
      FORM = class java.lang.invoke.VarForm@1851f2d5
      vform = class java.lang.invoke.VarForm@1ea1e402
      typesAndInvokers = null
      AIOOBE_SUPPLIER = class jdk.internal.util.Preconditions$1@321e37ef
      VFORM_OFFSET = 12
      $assertionsDisabled = true
    ITEM = class java.lang.invoke.VarHandleReferences$FieldInstanceReadWrite@36088185
      FORM = class java.lang.invoke.VarForm@1ea1e402
      fieldOffset = 12
      receiverType = class java.lang.Class@3930015a
      fieldType = class java.lang.Class@4e25154f
      FORM = class java.lang.invoke.VarForm@1851f2d5
      vform = class java.lang.invoke.VarForm@1ea1e402
      typesAndInvokers = null
      AIOOBE_SUPPLIER = class jdk.internal.util.Preconditions$1@321e37ef
      VFORM_OFFSET = 12
      $assertionsDisabled = true
    NEXT = class java.lang.invoke.VarHandleReferences$FieldInstanceReadWrite@3bc68c43
      FORM = class java.lang.invoke.VarForm@1ea1e402
      fieldOffset = 16
      receiverType = class java.lang.Class@3930015a
      fieldType = class java.lang.Class@3930015a
      FORM = class java.lang.invoke.VarForm@1851f2d5
      vform = class java.lang.invoke.VarForm@1ea1e402
      typesAndInvokers = null
      AIOOBE_SUPPLIER = class jdk.internal.util.Preconditions$1@321e37ef
      VFORM_OFFSET = 12
      $assertionsDisabled = true
    MAX_ARRAY_SIZE = 2147483639
  _notifiedListeners = class java.util.concurrent.atomic.AtomicBoolean@cbc9384
    serialVersionUID = 4654671469794556979
    VALUE = class java.lang.invoke.VarHandleInts$FieldInstanceReadWrite@44b0ea19
      FORM = class java.lang.invoke.VarForm@682ccd39
      fieldOffset = 12
      receiverType = class java.lang.Class@543c6f6d
      FORM = class java.lang.invoke.VarForm@76e4368a
      vform = class java.lang.invoke.VarForm@682ccd39
      typesAndInvokers = null
      AIOOBE_SUPPLIER = class jdk.internal.util.Preconditions$1@321e37ef
      VFORM_OFFSET = 12
      $assertionsDisabled = true
    value = 0
  serialVersionUID = -296387658814354272
  $$$tc$$$ = class com.ibm.websphere.ras.TraceComponent@d1ae867
    strings[0] = "TraceComponent[com.ibm.ws.threading.internal.NonCancelableResultFuture,class com.ibm.ws.threading.internal.NonCancelableResultFuture,[Threading],com.ibm.ws.threading.internal.resources.ThreadingMessages,null]"

