------Start of DE processing------ = [30/05/19 10:39:21:536 PET]
Exception = com.ibm.ws.kernel.boot.LaunchException
Source = com.ibm.ws.kernel.launch.internal.LauncherDelegateImpl
probeid = 101
Stack Dump = com.ibm.ws.kernel.boot.LaunchException: Exceptions occurred while installing platform bundles
	at com.ibm.ws.kernel.launch.internal.ProvisionerImpl.checkInstallStatus(ProvisionerImpl.java:121)
	at com.ibm.ws.kernel.launch.internal.ProvisionerImpl.initialProvisioning(ProvisionerImpl.java:86)
	at com.ibm.ws.kernel.launch.internal.FrameworkManager.innerLaunchFramework(FrameworkManager.java:447)
	at com.ibm.ws.kernel.launch.internal.FrameworkManager.launchFramework(FrameworkManager.java:281)
	at com.ibm.ws.kernel.launch.internal.LauncherDelegateImpl.doFrameworkLaunch(LauncherDelegateImpl.java:114)
	at com.ibm.ws.kernel.launch.internal.LauncherDelegateImpl.launchFramework(LauncherDelegateImpl.java:100)
	at com.ibm.ws.kernel.boot.internal.KernelBootstrap.go(KernelBootstrap.java:211)
	at com.ibm.ws.kernel.boot.Launcher.handleActions(Launcher.java:242)
	at com.ibm.ws.kernel.boot.Launcher.createPlatform(Launcher.java:117)
	at com.ibm.ws.kernel.boot.cmdline.EnvCheck.main(EnvCheck.java:59)
	at com.ibm.ws.kernel.boot.cmdline.EnvCheck.main(EnvCheck.java:35)

Dump of callerThis
Object type = com.ibm.ws.kernel.launch.internal.LauncherDelegateImpl
  config = class com.ibm.ws.kernel.boot.BootstrapConfig@14f5da2c
    SYMBOL_DEF = class java.util.regex.Pattern@53f48368
      UNIX_LINES = 1
      CASE_INSENSITIVE = 2
      COMMENTS = 4
      MULTILINE = 8
      LITERAL = 16
      DOTALL = 32
      UNICODE_CASE = 64
      CANON_EQ = 128
      UNICODE_CHARACTER_CLASS = 256
      ALL_FLAGS = 511
      serialVersionUID = 5073258162644648461
      pattern = "\$\{([^\$\{\}]*?)\}"
      flags = 0
      flags0 = 0
      compiled = true
      normalizedPattern = "\$\{([^\$\{\}]*?)\}"
      root = class java.util.regex.Pattern$Start@4a335fa8
      matchRoot = class java.util.regex.Pattern$Slice@3f363cf5
      buffer = null
      predicate = null
      namedGroups = null
      groupNodes = null
      topClosureNodes = null
      localTCNCount = 0
      hasGroupRef = false
      temp = null
      capturingGroupCount = 2
      localCount = 1
      cursor = 19
      patternLength = 0
      hasSupplementary = false
      MAX_REPS = 2147483647
      lookbehindEnd = class java.util.regex.Pattern$1@3829ac1
      accept = class java.util.regex.Pattern$Node@4baf352a
      lastAccept = class java.util.regex.Pattern$LastNode@1bb1fde8
      $assertionsDisabled = true
    bootstrapLib = class java.io.File@24d4d7c9
      fs = class java.io.WinNTFileSystem@5ef5c734
      path = "D:\devel\tools\wlp\lib"
      status = null
      prefixLength = 3
      separatorChar = \
      separator = "\"
      pathSeparatorChar = ;
      pathSeparator = ";"
      UNSAFE = class jdk.internal.misc.Unsafe@7cbd9d24
      PATH_OFFSET = 16
      PREFIX_LENGTH_OFFSET = 12
      serialVersionUID = 301077366599181567
      filePath = null
      $assertionsDisabled = true
    installRoot = class java.io.File@f0e995e
      fs = class java.io.WinNTFileSystem@5ef5c734
      path = "D:\devel\tools\wlp"
      status = class java.io.File$PathStatus@d771cc9
      prefixLength = 3
      separatorChar = \
      separator = "\"
      pathSeparatorChar = ;
      pathSeparator = ";"
      UNSAFE = class jdk.internal.misc.Unsafe@7cbd9d24
      PATH_OFFSET = 16
      PREFIX_LENGTH_OFFSET = 12
      serialVersionUID = 301077366599181567
      filePath = null
      $assertionsDisabled = true
    userRoot = class java.io.File@4c37b5b
      fs = class java.io.WinNTFileSystem@5ef5c734
      path = "D:\devel\tools\wlp\usr"
      status = class java.io.File$PathStatus@d771cc9
      prefixLength = 3
      separatorChar = \
      separator = "\"
      pathSeparatorChar = ;
      pathSeparator = ";"
      UNSAFE = class jdk.internal.misc.Unsafe@7cbd9d24
      PATH_OFFSET = 16
      PREFIX_LENGTH_OFFSET = 12
      serialVersionUID = 301077366599181567
      filePath = null
      $assertionsDisabled = true
    processesRoot = class java.io.File@73db4768
      fs = class java.io.WinNTFileSystem@5ef5c734
      path = "D:\devel\tools\wlp\usr\servers"
      status = null
      prefixLength = 3
      separatorChar = \
      separator = "\"
      pathSeparatorChar = ;
      pathSeparator = ";"
      UNSAFE = class jdk.internal.misc.Unsafe@7cbd9d24
      PATH_OFFSET = 16
      PREFIX_LENGTH_OFFSET = 12
      serialVersionUID = 301077366599181567
      filePath = null
      $assertionsDisabled = true
    outputRoot = class java.io.File@71b3bc45
      fs = class java.io.WinNTFileSystem@5ef5c734
      path = "D:\devel\tools\wlp\usr\servers"
      status = class java.io.File$PathStatus@d771cc9
      prefixLength = 3
      separatorChar = \
      separator = "\"
      pathSeparatorChar = ;
      pathSeparator = ";"
      UNSAFE = class jdk.internal.misc.Unsafe@7cbd9d24
      PATH_OFFSET = 16
      PREFIX_LENGTH_OFFSET = 12
      serialVersionUID = 301077366599181567
      filePath = null
      $assertionsDisabled = true
    configDir = class java.io.File@a8c1f44
      fs = class java.io.WinNTFileSystem@5ef5c734
      path = "D:\devel\tools\wlp\usr\servers\defaultServer"
      status = class java.io.File$PathStatus@d771cc9
      prefixLength = 3
      separatorChar = \
      separator = "\"
      pathSeparatorChar = ;
      pathSeparator = ";"
      UNSAFE = class jdk.internal.misc.Unsafe@7cbd9d24
      PATH_OFFSET = 16
      PREFIX_LENGTH_OFFSET = 12
      serialVersionUID = 301077366599181567
      filePath = null
      $assertionsDisabled = true
    outputDir = class java.io.File@150ab4ed
      fs = class java.io.WinNTFileSystem@5ef5c734
      path = "D:\devel\tools\wlp\usr\servers\defaultServer"
      status = class java.io.File$PathStatus@d771cc9
      prefixLength = 3
      separatorChar = \
      separator = "\"
      pathSeparatorChar = ;
      pathSeparator = ";"
      UNSAFE = class jdk.internal.misc.Unsafe@7cbd9d24
      PATH_OFFSET = 16
      PREFIX_LENGTH_OFFSET = 12
      serialVersionUID = 301077366599181567
      filePath = null
      $assertionsDisabled = true
    logDir = class java.io.File@3c435123
      fs = class java.io.WinNTFileSystem@5ef5c734
      path = "D:\devel\tools\wlp\usr\servers\defaultServer\logs"
      status = class java.io.File$PathStatus@d771cc9
      prefixLength = 3
      separatorChar = \
      separator = "\"
      pathSeparatorChar = ;
      pathSeparator = ";"
      UNSAFE = class jdk.internal.misc.Unsafe@7cbd9d24
      PATH_OFFSET = 16
      PREFIX_LENGTH_OFFSET = 12
      serialVersionUID = 301077366599181567
      filePath = null
      $assertionsDisabled = true
    consoleLogFile = class java.io.File@50fe837a
      fs = class java.io.WinNTFileSystem@5ef5c734
      path = "D:\devel\tools\wlp\usr\servers\defaultServer\logs\console.log"
      status = null
      prefixLength = 3
      separatorChar = \
      separator = "\"
      pathSeparatorChar = ;
      pathSeparator = ";"
      UNSAFE = class jdk.internal.misc.Unsafe@7cbd9d24
      PATH_OFFSET = 16
      PREFIX_LENGTH_OFFSET = 12
      serialVersionUID = 301077366599181567
      filePath = null
      $assertionsDisabled = true
    workarea = class java.io.File@3a62c01e
      fs = class java.io.WinNTFileSystem@5ef5c734
      path = "D:\devel\tools\wlp\usr\servers\defaultServer\workarea"
      status = class java.io.File$PathStatus@d771cc9
      prefixLength = 3
      separatorChar = \
      separator = "\"
      pathSeparatorChar = ;
      pathSeparator = ";"
      UNSAFE = class jdk.internal.misc.Unsafe@7cbd9d24
      PATH_OFFSET = 16
      PREFIX_LENGTH_OFFSET = 12
      serialVersionUID = 301077366599181567
      filePath = null
      $assertionsDisabled = true
    processName = "defaultServer"
    initProps = class java.util.HashMap@7a8fa663
      serialVersionUID = 362498820763181265
      DEFAULT_INITIAL_CAPACITY = 16
      MAXIMUM_CAPACITY = 1073741824
      DEFAULT_LOAD_FACTOR = 0.75
      TREEIFY_THRESHOLD = 8
      UNTREEIFY_THRESHOLD = 6
      MIN_TREEIFY_CAPACITY = 64
      table = class java.util.HashMap$Node[64]
      entrySet = class java.util.HashMap$EntrySet@29e6eb25
      size = 46
      modCount = 50
      threshold = 48
      loadFactor = 0.75
      keySet = null
      values = null
    cmdArgs = class java.util.ArrayList@5ce33a58
      serialVersionUID = 8683452581122892189
      DEFAULT_CAPACITY = 10
      EMPTY_ELEMENTDATA = class java.lang.Object[0]
      DEFAULTCAPACITY_EMPTY_ELEMENTDATA = class java.lang.Object[0]
      elementData = class java.lang.Object[3]
      size = 0
      MAX_ARRAY_SIZE = 2147483639
      modCount = 3
      MAX_ARRAY_SIZE = 2147483639
    frameworkLaunchClassloader = class com.ibm.ws.kernel.internal.classloader.BootstrapChildFirstJarClassloader@19e1023e
    instrumentation = class sun.instrument.InstrumentationImpl@78a287ed
      mTransformerManager = class sun.instrument.TransformerManager@76f7d241
      mRetransfomableTransformerManager = null
      mNativeAgent = 1385320130784
      mEnvironmentSupportsRedefineClasses = false
      mEnvironmentSupportsRetransformClassesKnown = false
      mEnvironmentSupportsRetransformClasses = false
      mEnvironmentSupportsNativeMethodPrefix = false
    kernelResolver = class com.ibm.ws.kernel.boot.internal.KernelResolver@546ccad7
      CACHE_FILE = "platform/kernel.cache"
      LOG_PROVIDER = "WebSphere-LogProvider"
      SUBSYSTEM_CONTENT = "Subsystem-Content"
      INCLUDED_FILE = "osgi.subsystem.feature"
      MANIFEST_EXPORT_PACKAGE = "Export-Package"
      INUSE_KERNEL_FEATURES = "@="
      TYPE = "type="
      BOOT_JAR_TYPE = "boot.jar"
      BUNDLE_TYPE = "osgi.bundle"
      BUNDLE_LINE = "--|"
      LOCATION = "location:="
      VERSION = "version="
      START_PHASE = "start-phase:="
      NL = "
"
      emptyList = class java.util.Collections$EmptyList@3234f74e
      SPLIT_CHAR = ";"
      splitPattern = class java.util.regex.Pattern@7bc10d84
      cache = class com.ibm.ws.kernel.boot.internal.KernelResolver$ResolverCache@6f44a157
      logProviderClass = "com.ibm.ws.logging.internal.impl.LogProviderImpl"
      kernelMf = class java.io.File@275fe372
      logProviderMf = class java.io.File@40e10ff8
      osExtensionMf = null
      forceCleanStart = false
      libertyBoot = false
      BUNDLE_SYMBOLICNAME = "Bundle-SymbolicName"
  manager = class com.ibm.ws.kernel.launch.internal.FrameworkManager@12dae582
    tc = class com.ibm.websphere.ras.TraceComponent@5ce81285
      strings[0] = "TraceComponent[com.ibm.ws.kernel.launch.internal.FrameworkManager,class com.ibm.ws.kernel.launch.internal.FrameworkManager,[bootstrap],com.ibm.ws.kernel.boot.resources.LauncherMessages,null]"
    licLangs = class java.util.Arrays$ArrayList@5b7ea70d
      serialVersionUID = -2764017481108945198
      a = class java.lang.String[17]
      modCount = 0
      MAX_ARRAY_SIZE = 2147483639
    sc = class com.ibm.ws.kernel.launch.internal.ServerCommandListener@2bef51f2
      tc = class com.ibm.websphere.ras.TraceComponent@7690781
      frameworkManager = class com.ibm.ws.kernel.launch.internal.FrameworkManager@12dae582
      nextCommandAuthID = 1
      closed = true
      serverSocketChannel = class sun.nio.ch.ServerSocketChannelImpl@15eebbff
      responseLock = class com.ibm.ws.kernel.launch.internal.ServerCommandListener$1@22d6f11
      responseThread = class java.util.concurrent.atomic.AtomicReference@30990c1b
      listenForCommands = false
      listeningThread = class com.ibm.ws.kernel.launch.internal.ServerCommandListener$2@2453f95d
      serverName = "defaultServer"
      DELIM = #
      serialVersionUID = -3873162804303002245
      STATUS_START_COMMAND = "status:start"
      STOP_COMMAND = "stop"
      FORCE_STOP_COMMAND = "forceStop"
      INTROSPECT_COMMAND = "introspect"
      INTROSPECT_JAVADUMP_COMMAND = "introspectJavadump"
      JAVADUMP_COMMAND = "javadump"
      PAUSE_COMMAND = "pause"
      RESUME_COMMAND = "resume"
      charset = class sun.nio.cs.ISO_8859_1@44828f6b
      decoder = class sun.nio.cs.ISO_8859_1$Decoder@2dbe250d
      encoder = class sun.nio.cs.ISO_8859_1$Encoder@553f1d75
      buffer = class java.nio.HeapByteBuffer@6e1d8f9e
      charBuffer = class java.nio.HeapCharBuffer@3e34ace1
      serverUUID = "0ed71e93-fe1f-4830-9200-7da035b54121"
      commandFile = class java.io.File@62fe6067
      commandAuthDir = class java.io.File@4f071df8
    shutdownHook = class com.ibm.ws.kernel.launch.internal.FrameworkManager$ShutdownHook@2abf4075
      isClient = false
      this$0 = class com.ibm.ws.kernel.launch.internal.FrameworkManager@12dae582
      serialVersionUID = 3707675224966209439
      $$$tc$$$ = class com.ibm.websphere.ras.TraceComponent@6a370f4
      name = "WS-ShutdownHook"
      priority = 5
      daemon = false
      stillborn = false
      eetop = 0
      target = null
      group = class java.lang.ThreadGroup@25748410
      contextClassLoader = class org.eclipse.osgi.internal.framework.ContextFinder@5aa9e4eb
      inheritedAccessControlContext = class java.security.AccessControlContext@2b43529a
      threadInitNumber = 2
      threadLocals = null
      inheritableThreadLocals = null
      stackSize = 0
      nativeParkEventPointer = 0
      tid = 18
      threadSeqNumber = 21
      threadStatus = 0
      parkBlocker = null
      blocker = null
      blockerLock = class java.lang.Object@5ad10c1a
      MIN_PRIORITY = 1
      NORM_PRIORITY = 5
      MAX_PRIORITY = 10
      EMPTY_STACK_TRACE = class java.lang.StackTraceElement[0]
      uncaughtExceptionHandler = null
      defaultUncaughtExceptionHandler = null
      threadLocalRandomSeed = 0
      threadLocalRandomProbe = 0
      threadLocalRandomSecondarySeed = 0
    config = class com.ibm.ws.kernel.boot.BootstrapConfig@14f5da2c
    fwkClassloader = class com.ibm.ws.kernel.internal.classloader.BootstrapChildFirstJarClassloader@19e1023e
      KERNEL_BOOT_CLASS_PREFIX = "com.ibm.ws.kernel.boot."
      KERNEL_BOOT_RESOURCE_PREFIX = "com/ibm/ws/kernel/boot/"
      KERNEL_BOOT_PREFIX_LENGTH = 23
      urls = class java.util.concurrent.CopyOnWriteArrayList@47404bea
      resourceHandlers = class java.util.concurrent.CopyOnWriteArrayList@305f7627
      verify = false
      hook = null
      pdcache = class java.util.concurrent.ConcurrentHashMap@5d018107
    framework = class org.eclipse.osgi.launch.Equinox@650eab8
      systemBundle = class org.eclipse.osgi.internal.framework.EquinoxBundle$SystemBundle@5fbe4146
    frameworkLatch = class java.util.concurrent.CountDownLatch@30f5a68a
      sync = class java.util.concurrent.CountDownLatch$Sync@557a1e2d
    frameworkLaunchSuccess = false
    frameworkLaunched = class java.util.concurrent.CountDownLatch@1e1d3956
      sync = class java.util.concurrent.CountDownLatch$Sync@2783717b
    frameworkShutdownLatch = class java.util.concurrent.CountDownLatch@4f2c9ba6
      sync = class java.util.concurrent.CountDownLatch$Sync@75e01201
    systemBundleCtx = class org.eclipse.osgi.internal.framework.BundleContextImpl@ae13544
      findHookName = "org.osgi.framework.hooks.bundle.FindHook"
      valid = false
      bundle = class org.eclipse.osgi.internal.framework.EquinoxBundle$SystemBundle@5fbe4146
      container = class org.eclipse.osgi.internal.framework.EquinoxContainer@4816278d
      debug = class org.eclipse.osgi.internal.debug.Debug@4eaf3684
      servicesInUse = null
      activator = null
      contextLock = class java.lang.Object@40317ba2
    startTime = 1053282685280400
    threadIdentityManagerTracker = class com.ibm.ws.kernel.launch.internal.ThreadIdentityManagerConfigurator@4e28bdd1
      threadIdentityServiceTracker = class com.ibm.ws.kernel.launch.internal.ThreadIdentityManagerConfigurator$ThreadIdentityServiceTracker@38be305c
      j2cIdentityServiceTracker = class com.ibm.ws.kernel.launch.internal.ThreadIdentityManagerConfigurator$J2CIdentityServiceTracker@269f4bad
      serialVersionUID = 5797729832887787746
      $$$tc$$$ = class com.ibm.websphere.ras.TraceComponent@7ea9e1e2
    clientRunner = null
    MANAGER_DIR_NAME = ".manager"
    OSGI_DIR_NAME = "org.eclipse.osgi"
    serialVersionUID = 7469611254336331511
  managerLatch = class java.util.concurrent.CountDownLatch@239b0f9d
    sync = class java.util.concurrent.CountDownLatch$Sync@5b057c8c
      serialVersionUID = 4982264981922014374
      serialVersionUID = 7373984972572414691
      head = null
      tail = null
      state = 0
      SPIN_FOR_TIMEOUT_THRESHOLD = 1000
      STATE = class java.lang.invoke.VarHandleInts$FieldInstanceReadWrite@5357c287
      HEAD = class java.lang.invoke.VarHandleReferences$FieldInstanceReadWrite@1623134f
      TAIL = class java.lang.invoke.VarHandleReferences$FieldInstanceReadWrite@7a527389
      serialVersionUID = 3737899427754241961
      exclusiveOwnerThread = null
  fileStreamFactory = class com.ibm.ws.kernel.launch.internal.LauncherDelegateImpl$1@619bfe29
    this$0 = class com.ibm.ws.kernel.launch.internal.LauncherDelegateImpl@f79a760
    serialVersionUID = 5581222731678888457
    $$$tc$$$ = class com.ibm.websphere.ras.TraceComponent@43a25848
      strings[0] = "TraceComponent[com.ibm.ws.kernel.launch.internal.LauncherDelegateImpl$1,class com.ibm.ws.kernel.launch.internal.LauncherDelegateImpl$1,[bootstrap],com.ibm.ws.kernel.boot.resources.LauncherMessages,null]"
  serialVersionUID = 8440277898012016538
  $$$tc$$$ = class com.ibm.websphere.ras.TraceComponent@48140564
    strings[0] = "TraceComponent[com.ibm.ws.kernel.launch.internal.LauncherDelegateImpl,class com.ibm.ws.kernel.launch.internal.LauncherDelegateImpl,[bootstrap],com.ibm.ws.kernel.boot.resources.LauncherMessages,null]"

