------Start of DE processing------ = [22/06/19 02:15:57:827 COT]
Exception = com.ibm.ejs.container.EJBConfigurationException
Source = com.ibm.ws.ejbcontainer.osgi.internal.ModuleInitDataAdapter
probeid = 123
Stack Dump = com.ibm.ejs.container.EJBConfigurationException: Errors occurred processing EJB metadata
	at com.ibm.ws.ejbcontainer.osgi.internal.ModuleInitDataFactory.createModuleInitData(ModuleInitDataFactory.java:536)
	at com.ibm.ws.ejbcontainer.osgi.internal.ModuleInitDataAdapter.createModuleInitData(ModuleInitDataAdapter.java:145)
	at com.ibm.ws.ejbcontainer.osgi.internal.ModuleInitDataAdapter.adapt(ModuleInitDataAdapter.java:108)
	at com.ibm.ws.ejbcontainer.osgi.internal.ModuleInitDataAdapter.adapt(ModuleInitDataAdapter.java:40)
	at com.ibm.ws.adaptable.module.internal.AdapterFactoryServiceImpl.adapt(AdapterFactoryServiceImpl.java:196)
	at com.ibm.ws.adaptable.module.internal.AdaptableContainerImpl.adapt(AdaptableContainerImpl.java:170)
	at com.ibm.ws.ejbcontainer.osgi.internal.EJBContainerImpl.createEJBInWARModuleMetaData(EJBContainerImpl.java:143)
	at com.ibm.ws.ejbcontainer.war.internal.EJBWARMetaDataRuntime.createdNestedModuleMetaData(EJBWARMetaDataRuntime.java:63)
	at com.ibm.ws.app.manager.module.internal.SimpleDeployedAppInfoBase$ModuleContainerInfoBase.createModuleMetaData(SimpleDeployedAppInfoBase.java:173)
	at com.ibm.ws.app.manager.module.internal.DeployedAppInfoBase.preDeployApp(DeployedAppInfoBase.java:369)
	at com.ibm.ws.app.manager.module.internal.DeployedAppInfoBase.deployApp(DeployedAppInfoBase.java:413)
	at com.ibm.ws.app.manager.war.internal.WARApplicationHandlerImpl.install(WARApplicationHandlerImpl.java:65)
	at com.ibm.ws.app.manager.internal.statemachine.StartAction.execute(StartAction.java:140)
	at com.ibm.ws.app.manager.internal.statemachine.ApplicationStateMachineImpl.enterState(ApplicationStateMachineImpl.java:1261)
	at com.ibm.ws.app.manager.internal.statemachine.ApplicationStateMachineImpl.run(ApplicationStateMachineImpl.java:876)
	at com.ibm.ws.threading.internal.ExecutorServiceImpl$RunnableWrapper.run(ExecutorServiceImpl.java:239)
	at java.util.concurrent.ThreadPoolExecutor.runWorker(Unknown Source)
	at java.util.concurrent.ThreadPoolExecutor$Worker.run(Unknown Source)
	at java.lang.Thread.run(Unknown Source)

Dump of callerThis
Object type = com.ibm.ws.ejbcontainer.osgi.internal.ModuleInitDataAdapter
  NON_PERSISTENT_CACHE_KEY = class java.lang.Class@737ac53e
    ANNOTATION = 8192
    ENUM = 16384
    SYNTHETIC = 4096
    cachedConstructor = null
    newInstanceCallerCache = null
    name = "com.ibm.ws.ejbcontainer.osgi.internal.ModuleInitDataImpl"
    allPermDomain = class java.security.ProtectionDomain@e26f280
      codesource = null
      classloader = null
      principals = interface java.security.Principal[0]
      permissions = class java.security.Permissions@5aee0770
      hasAllPerm = true
      staticPermissions = true
      key = class java.security.ProtectionDomain$Key@3947984e
      debug = null
    useCaches = true
    reflectionData = null
    classRedefinedCount = 0
    genericInfo = null
    serialVersionUID = 3206093459760846163
    serialPersistentFields = class java.io.ObjectStreamField[0]
    reflectionFactory = class sun.reflect.ReflectionFactory@3eb636d8
      initted = true
      reflectionFactoryAccessPerm = class java.lang.RuntimePermission@727b7027
      soleInstance = class sun.reflect.ReflectionFactory@3eb636d8
      langReflectAccess = class java.lang.reflect.ReflectAccess@58042c9f
      hasStaticInitializerMethod = null
      noInflation = false
      inflationThreshold = 15
    initted = true
    enumConstants = null
    enumConstantDirectory = null
    annotationData = class java.lang.Class$AnnotationData@5573ea23
      annotations = class java.util.LinkedHashMap@1a7a4a50
      declaredAnnotations = class java.util.LinkedHashMap@1a7a4a50
      redefinedCount = 0
    annotationType = null
    classValueMap = null
  REFERENCE_CLASS_LOADING_SERVICE = "classLoadingService"
  REFERENCE_MODULE_INIT_DATA_FACTORY = "moduleInitDataFactory"
  classLoadingServiceSR = class com.ibm.wsspi.kernel.service.utils.AtomicServiceReference@559a9555
    referenceName = "classLoadingService"
    tuple = class java.util.concurrent.atomic.AtomicReference@137cebfc
      serialVersionUID = -1848883965231344442
      unsafe = class sun.misc.Unsafe@1e7fa6ad
      valueOffset = 12
      value = class com.ibm.wsspi.kernel.service.utils.AtomicServiceReference$ReferenceTuple@6a288d95
    serialVersionUID = 2226592364007985000
    $$$tc$$$ = class com.ibm.websphere.ras.TraceComponent@21eff01d
  moduleInitDataFactorySR = class com.ibm.wsspi.kernel.service.utils.AtomicServiceReference@2cbc98a1
    referenceName = "moduleInitDataFactory"
    tuple = class java.util.concurrent.atomic.AtomicReference@1c730e5c
      serialVersionUID = -1848883965231344442
      unsafe = class sun.misc.Unsafe@1e7fa6ad
      valueOffset = 12
      value = class com.ibm.wsspi.kernel.service.utils.AtomicServiceReference$ReferenceTuple@5d845a39
    serialVersionUID = 2226592364007985000
    $$$tc$$$ = class com.ibm.websphere.ras.TraceComponent@21eff01d
      strings[0] = "TraceComponent[com.ibm.wsspi.kernel.service.utils.AtomicServiceReference,class com.ibm.wsspi.kernel.service.utils.AtomicServiceReference,[kernelUtils],com.ibm.ws.kernel.service.utils.resources.ServiceMessages,null]"
  serialVersionUID = 4116129011515003371
  $$$tc$$$ = class com.ibm.websphere.ras.TraceComponent@4ce6e99e
    strings[0] = "TraceComponent[com.ibm.ws.ejbcontainer.osgi.internal.ModuleInitDataAdapter,class com.ibm.ws.ejbcontainer.osgi.internal.ModuleInitDataAdapter,[EJBContainer],com.ibm.ws.ejbcontainer.osgi.internal.resources.EJBContainerMessages,null]"

Dump of objectArray[0]
Object type = com.ibm.ws.adaptable.module.internal.AdaptableContainerImpl
  root = class com.ibm.ws.adaptable.module.internal.AdaptableContainerImpl@2929eb73
  rootOverlay = class com.ibm.ws.artifact.overlay.internal.DirectoryBasedOverlayContainerImpl@c49e1a3
    base = class com.ibm.ws.artifact.loose.internal.LooseArchive@59193dcc
      cacheDir = class java.io.File@1ade1b78
      xmlFile = class java.io.File@4174e3ae
      parent = null
      cfh = class com.ibm.ws.artifact.loose.internal.LooseContainerFactoryHelper@764882ab
      pathInParent = null
      _entries = class java.util.ArrayList@5dd4c2bd
      tc = class com.ibm.websphere.ras.TraceComponent@5bf8d445
      artifactNotifier = class com.ibm.ws.artifact.loose.internal.LooseArtifactNotifier@37bb17a4
      serialVersionUID = 345486831272892625
    maskSet = class java.util.HashSet@3e5bf791
      serialVersionUID = -5024744406713321676
      map = class java.util.HashMap@539b8996
      PRESENT = class java.lang.Object@318a9ab1
      MAX_ARRAY_SIZE = 2147483639
    cfHolder = class com.ibm.ws.artifact.overlay.internal.OverlayContainerFactoryImpl@75863e56
      containerFactory = class com.ibm.ws.artifact.internal.ArtifactContainerFactoryService@24f6c8b5
      serialVersionUID = 6296466117843221178
      $$$tc$$$ = class com.ibm.websphere.ras.TraceComponent@16829058
    fileOverlayContainer = class com.ibm.ws.artifact.file.internal.FileContainer@1be88cf6
      containerFactoryHolder = class com.ibm.ws.artifact.file.internal.FileContainerFactory@10cc59b5
      parent = null
      thisInParent = null
      dir = class java.io.File@b8f251a
      cacheDir = class java.io.File@6a89ac85
      isRoot = true
      root = class com.ibm.ws.artifact.file.internal.FileContainer@1be88cf6
      artifactNotifier = class com.ibm.ws.artifact.file.FileArtifactNotifier@31c5b602
      serialVersionUID = -542248409847968651
      $$$tc$$$ = class com.ibm.websphere.ras.TraceComponent@51c32c7e
    overlayDirectory = class java.io.File@b8f251a
      fs = class java.io.WinNTFileSystem@7c49f723
      path = "D:\devel\tools\wlp\usr\servers\defaultServer\workarea\org.eclipse.osgi\77\data\cacheAdapt\com.ibm.ws.app.manager_44\.overlay"
      status = class java.io.File$PathStatus@67460463
      prefixLength = 3
      separatorChar = \
      separator = "\"
      pathSeparatorChar = ;
      pathSeparator = ";"
      PATH_OFFSET = 16
      PREFIX_LENGTH_OFFSET = 12
      UNSAFE = class sun.misc.Unsafe@1e7fa6ad
      serialVersionUID = 301077366599181567
      filePath = null
      $assertionsDisabled = true
    cacheDirForOverlay = class java.io.File@6a89ac85
      fs = class java.io.WinNTFileSystem@7c49f723
      path = "D:\devel\tools\wlp\usr\servers\defaultServer\workarea\org.eclipse.osgi\77\data\cacheOverlay\com.ibm.ws.app.manager_44"
      status = class java.io.File$PathStatus@67460463
      prefixLength = 3
      separatorChar = \
      separator = "\"
      pathSeparatorChar = ;
      pathSeparator = ";"
      PATH_OFFSET = 16
      PREFIX_LENGTH_OFFSET = 12
      UNSAFE = class sun.misc.Unsafe@1e7fa6ad
      serialVersionUID = 301077366599181567
      filePath = null
      $assertionsDisabled = true
    overlayNotifier = class com.ibm.ws.artifact.overlay.internal.DirectoryBasedOverlayNotifier@6e81349a
    enclosingContainer = null
    entryInEnclosingContainer = null
    nestedOverlays = class java.util.concurrent.ConcurrentHashMap@2eb95b0c
      serialVersionUID = 7249069246763182397
      MAXIMUM_CAPACITY = 1073741824
      DEFAULT_CAPACITY = 16
      MAX_ARRAY_SIZE = 2147483639
      DEFAULT_CONCURRENCY_LEVEL = 16
      LOAD_FACTOR = 0.75
      TREEIFY_THRESHOLD = 8
      UNTREEIFY_THRESHOLD = 6
      MIN_TREEIFY_CAPACITY = 64
      MIN_TRANSFER_STRIDE = 16
      RESIZE_STAMP_BITS = 16
      MAX_RESIZERS = 65535
      RESIZE_STAMP_SHIFT = 16
      MOVED = -1
      TREEBIN = -2
      RESERVED = -3
      HASH_BITS = 2147483647
      NCPU = 4
      serialPersistentFields = class java.io.ObjectStreamField[3]
      table = class java.util.concurrent.ConcurrentHashMap$Node[16]
      nextTable = null
      baseCount = 4
      sizeCtl = 12
      transferIndex = 0
      cellsBusy = 0
      counterCells = null
      keySet = null
      values = null
      entrySet = null
      U = class sun.misc.Unsafe@1e7fa6ad
      SIZECTL = 20
      TRANSFERINDEX = 32
      BASECOUNT = 24
      CELLSBUSY = 36
      CELLVALUE = 144
      ABASE = 16
      ASHIFT = 2
      keySet = null
      values = null
    cacheStore = class com.ibm.ws.artifact.overlay.internal.OverlayCache@7169ed11
      cache = class java.util.HashMap@7708a34a
      serialVersionUID = -7877512378170016077
      $$$tc$$$ = class com.ibm.websphere.ras.TraceComponent@251d4ccc
    parentOverlay = null
    isPassThroughMode = true
    serialVersionUID = -1690795617118238166
    $$$tc$$$ = class com.ibm.websphere.ras.TraceComponent@5153774b
      strings[0] = "TraceComponent[com.ibm.ws.artifact.overlay.internal.DirectoryBasedOverlayContainerImpl,class com.ibm.ws.artifact.overlay.internal.DirectoryBasedOverlayContainerImpl,[archive.overlay],,null]"
  factoryHolder = class com.ibm.ws.adaptable.module.internal.AdaptableModuleFactoryImpl@1ce3d688
    adapterFactoryService = class com.ibm.ws.adaptable.module.internal.AdapterFactoryServiceImpl@33cb1d3
      toType = "toType"
      priv = class com.ibm.ws.kernel.service.util.SecureAction@689ee624
      containerHelperMap = class com.ibm.wsspi.kernel.service.utils.ConcurrentServiceReferenceSetMap@da4a694
      entryHelperMap = class com.ibm.wsspi.kernel.service.utils.ConcurrentServiceReferenceSetMap@3ee7b8ec
      containerToTypes = class java.util.Collections$SynchronizedSet@69d5d64f
      entryToTypes = class java.util.Collections$SynchronizedSet@76e5a297
      baseProperties = class org.apache.felix.scr.impl.helper.ReadOnlyDictionary@5e5d3ad9
      serialVersionUID = 5945907930609928466
      $$$tc$$$ = class com.ibm.websphere.ras.TraceComponent@75499885
    containerFactory = class com.ibm.ws.artifact.internal.ArtifactContainerFactoryService@24f6c8b5
      CATEGORY_PROP_NAME = "category"
      ENTRY_KEY = "com.ibm.wsspi.artifact.ArtifactEntry"
      helperMap = class com.ibm.wsspi.kernel.service.utils.ConcurrentServiceReferenceSetMap@7e4cea66
      contributorMap = class com.ibm.wsspi.kernel.service.utils.ConcurrentServiceReferenceSetMap@18987e55
      helperCategoryMap = class com.ibm.wsspi.kernel.service.utils.ConcurrentServiceReferenceSetMap@a39ae93
      contributorCategoryMap = class com.ibm.wsspi.kernel.service.utils.ConcurrentServiceReferenceSetMap@56a68aae
      categories = class java.util.Collections$SynchronizedSet@4fa055c6
      baseProperties = class org.apache.felix.scr.impl.helper.ReadOnlyDictionary@1411f0b1
      serialVersionUID = -3101641399269402013
      $$$tc$$$ = class com.ibm.websphere.ras.TraceComponent@17afccf5
    overlayContainerFactory = class com.ibm.ws.artifact.overlay.internal.OverlayContainerFactoryImpl@75863e56
    serialVersionUID = 4200251809856292987
    $$$tc$$$ = class com.ibm.websphere.ras.TraceComponent@6fc10de0
      strings[0] = "TraceComponent[com.ibm.ws.adaptable.module.internal.AdaptableModuleFactoryImpl,class com.ibm.ws.adaptable.module.internal.AdaptableModuleFactoryImpl,[archive.adaptable],,null]"
  delegate = class com.ibm.ws.artifact.overlay.internal.DirectoryBasedOverlayContainerImpl@c49e1a3
  notifier = class com.ibm.ws.adaptable.module.internal.NotifierImpl@50bf9456
    root = class com.ibm.ws.adaptable.module.internal.AdaptableContainerImpl@2929eb73
    delegateNotifier = class com.ibm.ws.artifact.overlay.internal.DirectoryBasedOverlayNotifier@6e81349a
      root = class com.ibm.ws.artifact.overlay.internal.DirectoryBasedOverlayContainerImpl@c49e1a3
      overlayContainer = class com.ibm.ws.artifact.file.internal.FileContainer@1be88cf6
      overlaidContainer = class com.ibm.ws.artifact.loose.internal.LooseArchive@59193dcc
      listeningToContainers = true
      listeners = class java.util.concurrent.ConcurrentHashMap@39430d7b
      pathsMonitored = class java.util.HashSet@2d384c3f
      parentNotifier = null
      pathOfEntryInParent = null
      id = null
      serialVersionUID = -5716655730663296309
      $$$tc$$$ = class com.ibm.websphere.ras.TraceComponent@1f9b565b
    delegateRoot = class com.ibm.ws.artifact.overlay.internal.DirectoryBasedOverlayContainerImpl@c49e1a3
    listenerDelegates = class java.util.HashMap@6c54f854
      serialVersionUID = 362498820763181265
      DEFAULT_INITIAL_CAPACITY = 16
      MAXIMUM_CAPACITY = 1073741824
      DEFAULT_LOAD_FACTOR = 0.75
      TREEIFY_THRESHOLD = 8
      UNTREEIFY_THRESHOLD = 6
      MIN_TREEIFY_CAPACITY = 64
      table = class java.util.HashMap$Node[16]
      entrySet = null
      size = 3
      modCount = 3
      threshold = 12
      loadFactor = 0.75
      keySet = null
      values = null
    serialVersionUID = 6839382523957017880
    $$$tc$$$ = class com.ibm.websphere.ras.TraceComponent@522a52ba
      strings[0] = "TraceComponent[com.ibm.ws.adaptable.module.internal.NotifierImpl,class com.ibm.ws.adaptable.module.internal.NotifierImpl,[archive.adaptable],,null]"
  serialVersionUID = -5621513278641113667
  $$$tc$$$ = class com.ibm.websphere.ras.TraceComponent@45ea6c10
    strings[0] = "TraceComponent[com.ibm.ws.adaptable.module.internal.AdaptableContainerImpl,class com.ibm.ws.adaptable.module.internal.AdaptableContainerImpl,[archive.adaptable],,null]"

Dump of objectArray[1]
Object type = com.ibm.ws.artifact.overlay.internal.DirectoryBasedOverlayContainerImpl
  base = class com.ibm.ws.artifact.loose.internal.LooseArchive@59193dcc
    cacheDir = class java.io.File@1ade1b78
      fs = class java.io.WinNTFileSystem@7c49f723
      path = "D:\devel\tools\wlp\usr\servers\defaultServer\workarea\org.eclipse.osgi\77\data\cache\com.ibm.ws.app.manager_44"
      status = class java.io.File$PathStatus@67460463
      prefixLength = 3
      separatorChar = \
      separator = "\"
      pathSeparatorChar = ;
      pathSeparator = ";"
      PATH_OFFSET = 16
      PREFIX_LENGTH_OFFSET = 12
      UNSAFE = class sun.misc.Unsafe@1e7fa6ad
      serialVersionUID = 301077366599181567
      filePath = null
      $assertionsDisabled = true
    xmlFile = class java.io.File@4174e3ae
      fs = class java.io.WinNTFileSystem@7c49f723
      path = "D:\devel\tools\wlp\usr\servers\defaultServer\apps\testingPrimefaces.war.xml"
      status = class java.io.File$PathStatus@67460463
      prefixLength = 3
      separatorChar = \
      separator = "\"
      pathSeparatorChar = ;
      pathSeparator = ";"
      PATH_OFFSET = 16
      PREFIX_LENGTH_OFFSET = 12
      UNSAFE = class sun.misc.Unsafe@1e7fa6ad
      serialVersionUID = 301077366599181567
      filePath = null
      $assertionsDisabled = true
    parent = null
    cfh = class com.ibm.ws.artifact.loose.internal.LooseContainerFactoryHelper@764882ab
      locationService = class com.ibm.ws.kernel.service.location.internal.WsLocationAdminImpl@4264d789
      containerFactoryReference = class com.ibm.wsspi.kernel.service.utils.AtomicServiceReference@3607ea50
      ctx = class org.eclipse.osgi.internal.framework.BundleContextImpl@9cd7638
      tc = class com.ibm.websphere.ras.TraceComponent@2cdb278a
      serialVersionUID = -6436244972857197695
    pathInParent = null
    _entries = class java.util.ArrayList@5dd4c2bd
      serialVersionUID = 8683452581122892189
      DEFAULT_CAPACITY = 10
      EMPTY_ELEMENTDATA = class java.lang.Object[0]
      DEFAULTCAPACITY_EMPTY_ELEMENTDATA = class java.lang.Object[0]
      elementData = class java.lang.Object[10]
      size = 1
      MAX_ARRAY_SIZE = 2147483639
      modCount = 1
      MAX_ARRAY_SIZE = 2147483639
    tc = class com.ibm.websphere.ras.TraceComponent@5bf8d445
      strings[0] = "TraceComponent[com.ibm.ws.artifact.loose.internal.LooseArchive,class com.ibm.ws.artifact.loose.internal.LooseArchive,[archive.artifact.xml],com.ibm.ws.artifact.loose.internal.resources.LooseApiMessages,null]"
    artifactNotifier = class com.ibm.ws.artifact.loose.internal.LooseArtifactNotifier@37bb17a4
      root = class com.ibm.ws.artifact.loose.internal.LooseArchive@59193dcc
      entries = class java.util.ArrayList@5dd4c2bd
      serviceProperties = class java.util.Hashtable@cc390b9
      nonRecurseServiceProperties = class java.util.Hashtable@3b52b994
      interval = 500
      notificationType = "external"
      ctx = class org.eclipse.osgi.internal.framework.BundleContextImpl@9cd7638
      service = class org.eclipse.osgi.internal.serviceregistry.ServiceRegistrationImpl@68fbc37f
      nonRecurseService = class org.eclipse.osgi.internal.serviceregistry.ServiceRegistrationImpl@4a889723
      filesToMonitor = class java.util.TreeMap@36236418
      filesBeingMonitored = class java.util.HashSet@737c0fc2
      dirsToMonitor = class java.util.TreeMap@632a1f4c
      dirsBeingMonitored = class java.util.HashSet@4d1a94a4
      listeners = class java.util.concurrent.CopyOnWriteArrayList@60b42abb
      pathsBeingMonitored = class java.util.HashSet@73253b70
      parent = null
      children = class java.util.HashMap@40c68a27
      enabledChildren = class java.util.ArrayList@5960992f
      pathInParent = null
      serialVersionUID = 2923725971363407990
      $$$tc$$$ = class com.ibm.websphere.ras.TraceComponent@3b06fef8
    serialVersionUID = 345486831272892625
  maskSet = class java.util.HashSet@3e5bf791
    serialVersionUID = -5024744406713321676
    map = class java.util.HashMap@539b8996
      serialVersionUID = 362498820763181265
      DEFAULT_INITIAL_CAPACITY = 16
      MAXIMUM_CAPACITY = 1073741824
      DEFAULT_LOAD_FACTOR = 0.75
      TREEIFY_THRESHOLD = 8
      UNTREEIFY_THRESHOLD = 6
      MIN_TREEIFY_CAPACITY = 64
      table = null
      entrySet = null
      size = 0
      modCount = 0
      threshold = 0
      loadFactor = 0.75
      keySet = null
      values = null
    PRESENT = class java.lang.Object@318a9ab1
    MAX_ARRAY_SIZE = 2147483639
  cfHolder = class com.ibm.ws.artifact.overlay.internal.OverlayContainerFactoryImpl@75863e56
    containerFactory = class com.ibm.ws.artifact.internal.ArtifactContainerFactoryService@24f6c8b5
      CATEGORY_PROP_NAME = "category"
      ENTRY_KEY = "com.ibm.wsspi.artifact.ArtifactEntry"
      helperMap = class com.ibm.wsspi.kernel.service.utils.ConcurrentServiceReferenceSetMap@7e4cea66
      contributorMap = class com.ibm.wsspi.kernel.service.utils.ConcurrentServiceReferenceSetMap@18987e55
      helperCategoryMap = class com.ibm.wsspi.kernel.service.utils.ConcurrentServiceReferenceSetMap@a39ae93
      contributorCategoryMap = class com.ibm.wsspi.kernel.service.utils.ConcurrentServiceReferenceSetMap@56a68aae
      categories = class java.util.Collections$SynchronizedSet@4fa055c6
      baseProperties = class org.apache.felix.scr.impl.helper.ReadOnlyDictionary@1411f0b1
      serialVersionUID = -3101641399269402013
      $$$tc$$$ = class com.ibm.websphere.ras.TraceComponent@17afccf5
    serialVersionUID = 6296466117843221178
    $$$tc$$$ = class com.ibm.websphere.ras.TraceComponent@16829058
      strings[0] = "TraceComponent[com.ibm.ws.artifact.overlay.internal.OverlayContainerFactoryImpl,class com.ibm.ws.artifact.overlay.internal.OverlayContainerFactoryImpl,[archive.overlay],,null]"
  fileOverlayContainer = class com.ibm.ws.artifact.file.internal.FileContainer@1be88cf6
    containerFactoryHolder = class com.ibm.ws.artifact.file.internal.FileContainerFactory@10cc59b5
      containerFactory = class com.ibm.ws.artifact.internal.ArtifactContainerFactoryService@24f6c8b5
      ctx = class org.eclipse.osgi.internal.framework.BundleContextImpl@622fc7dc
      serialVersionUID = 8609113308325935405
      $$$tc$$$ = class com.ibm.websphere.ras.TraceComponent@3b337b3
    parent = null
    thisInParent = null
    dir = class java.io.File@b8f251a
    cacheDir = class java.io.File@6a89ac85
    isRoot = true
    root = class com.ibm.ws.artifact.file.internal.FileContainer@1be88cf6
    artifactNotifier = class com.ibm.ws.artifact.file.FileArtifactNotifier@31c5b602
      root = class com.ibm.ws.artifact.file.internal.FileContainer@1be88cf6
      cfh = class com.ibm.ws.artifact.file.internal.FileContainerFactory@10cc59b5
      serviceProperties = class java.util.Hashtable@2b3a119e
      service = class org.eclipse.osgi.internal.serviceregistry.ServiceRegistrationImpl@6918f21d
      nonRecurseService = class org.eclipse.osgi.internal.serviceregistry.ServiceRegistrationImpl@2289e388
      nonRecurseServiceProperties = class java.util.Hashtable@432801b2
      listeners = class java.util.concurrent.ConcurrentHashMap@79ea6395
      nonRecurselisteners = class java.util.concurrent.ConcurrentHashMap@5555735d
      pathsBeingMonitored = class java.util.HashSet@2e982e88
      nonRecursePathsBeingMonitored = class java.util.HashSet@2d3e9f78
      rootAbsolutePath = "D:\devel\tools\wlp\usr\servers\defaultServer\workarea\org.eclipse.osgi\77\data\cacheAdapt\com.ibm.ws.app.manager_44\.overlay"
      interval = 500
      notificationType = "external"
      nonRecurseMonitor = class com.ibm.ws.artifact.file.FileArtifactNotifier$FileArtifactMonitor@7e2b781
      recurseMonitor = class com.ibm.ws.artifact.file.FileArtifactNotifier$FileArtifactMonitor@79d3f3bb
      serialVersionUID = -423938483708516951
      $$$tc$$$ = class com.ibm.websphere.ras.TraceComponent@42fb4d86
    serialVersionUID = -542248409847968651
    $$$tc$$$ = class com.ibm.websphere.ras.TraceComponent@51c32c7e
      strings[0] = "TraceComponent[com.ibm.ws.artifact.file.internal.FileContainer,class com.ibm.ws.artifact.file.internal.FileContainer,[archive.artifact.file],,null]"
  overlayDirectory = class java.io.File@b8f251a
    fs = class java.io.WinNTFileSystem@7c49f723
      slash = \
      altSlash = /
      semicolon = ;
      driveDirCache = class java.lang.String[26]
      cache = class java.io.ExpiringCache@282ad81e
      prefixCache = class java.io.ExpiringCache@fff88ad
      BA_EXISTS = 1
      BA_REGULAR = 2
      BA_DIRECTORY = 4
      BA_HIDDEN = 8
      ACCESS_READ = 4
      ACCESS_WRITE = 2
      ACCESS_EXECUTE = 1
      SPACE_TOTAL = 0
      SPACE_FREE = 1
      SPACE_USABLE = 2
      useCanonCaches = true
      useCanonPrefixCache = true
    path = "D:\devel\tools\wlp\usr\servers\defaultServer\workarea\org.eclipse.osgi\77\data\cacheAdapt\com.ibm.ws.app.manager_44\.overlay"
    status = class java.io.File$PathStatus@67460463
      INVALID = class java.io.File$PathStatus@77a5b2bb
      CHECKED = class java.io.File$PathStatus@67460463
      $VALUES = class java.io.File$PathStatus[2]
      name = "CHECKED"
      ordinal = 1
    prefixLength = 3
    separatorChar = \
    separator = "\"
    pathSeparatorChar = ;
    pathSeparator = ";"
    PATH_OFFSET = 16
    PREFIX_LENGTH_OFFSET = 12
    UNSAFE = class sun.misc.Unsafe@1e7fa6ad
      theUnsafe = class sun.misc.Unsafe@1e7fa6ad
      INVALID_FIELD_OFFSET = -1
      ARRAY_BOOLEAN_BASE_OFFSET = 16
      ARRAY_BYTE_BASE_OFFSET = 16
      ARRAY_SHORT_BASE_OFFSET = 16
      ARRAY_CHAR_BASE_OFFSET = 16
      ARRAY_INT_BASE_OFFSET = 16
      ARRAY_LONG_BASE_OFFSET = 16
      ARRAY_FLOAT_BASE_OFFSET = 16
      ARRAY_DOUBLE_BASE_OFFSET = 16
      ARRAY_OBJECT_BASE_OFFSET = 16
      ARRAY_BOOLEAN_INDEX_SCALE = 1
      ARRAY_BYTE_INDEX_SCALE = 1
      ARRAY_SHORT_INDEX_SCALE = 2
      ARRAY_CHAR_INDEX_SCALE = 2
      ARRAY_INT_INDEX_SCALE = 4
      ARRAY_LONG_INDEX_SCALE = 8
      ARRAY_FLOAT_INDEX_SCALE = 4
      ARRAY_DOUBLE_INDEX_SCALE = 8
      ARRAY_OBJECT_INDEX_SCALE = 4
      ADDRESS_SIZE = 8
    serialVersionUID = 301077366599181567
    filePath = null
    $assertionsDisabled = true
  cacheDirForOverlay = class java.io.File@6a89ac85
    fs = class java.io.WinNTFileSystem@7c49f723
    path = "D:\devel\tools\wlp\usr\servers\defaultServer\workarea\org.eclipse.osgi\77\data\cacheOverlay\com.ibm.ws.app.manager_44"
    status = class java.io.File$PathStatus@67460463
    prefixLength = 3
    separatorChar = \
    separator = "\"
    pathSeparatorChar = ;
    pathSeparator = ";"
    PATH_OFFSET = 16
    PREFIX_LENGTH_OFFSET = 12
    UNSAFE = class sun.misc.Unsafe@1e7fa6ad
    serialVersionUID = 301077366599181567
    filePath = null
    $assertionsDisabled = true
  overlayNotifier = class com.ibm.ws.artifact.overlay.internal.DirectoryBasedOverlayNotifier@6e81349a
    root = class com.ibm.ws.artifact.overlay.internal.DirectoryBasedOverlayContainerImpl@c49e1a3
    overlayContainer = class com.ibm.ws.artifact.file.internal.FileContainer@1be88cf6
    overlaidContainer = class com.ibm.ws.artifact.loose.internal.LooseArchive@59193dcc
    listeningToContainers = true
    listeners = class java.util.concurrent.ConcurrentHashMap@39430d7b
      serialVersionUID = 7249069246763182397
      MAXIMUM_CAPACITY = 1073741824
      DEFAULT_CAPACITY = 16
      MAX_ARRAY_SIZE = 2147483639
      DEFAULT_CONCURRENCY_LEVEL = 16
      LOAD_FACTOR = 0.75
      TREEIFY_THRESHOLD = 8
      UNTREEIFY_THRESHOLD = 6
      MIN_TREEIFY_CAPACITY = 64
      MIN_TRANSFER_STRIDE = 16
      RESIZE_STAMP_BITS = 16
      MAX_RESIZERS = 65535
      RESIZE_STAMP_SHIFT = 16
      MOVED = -1
      TREEBIN = -2
      RESERVED = -3
      HASH_BITS = 2147483647
      NCPU = 4
      serialPersistentFields = class java.io.ObjectStreamField[3]
      table = class java.util.concurrent.ConcurrentHashMap$Node[16]
      nextTable = null
      baseCount = 3
      sizeCtl = 12
      transferIndex = 0
      cellsBusy = 0
      counterCells = null
      keySet = class java.util.concurrent.ConcurrentHashMap$KeySetView@1d27c9b6
      values = null
      entrySet = null
      U = class sun.misc.Unsafe@1e7fa6ad
      SIZECTL = 20
      TRANSFERINDEX = 32
      BASECOUNT = 24
      CELLSBUSY = 36
      CELLVALUE = 144
      ABASE = 16
      ASHIFT = 2
      keySet = null
      values = null
    pathsMonitored = class java.util.HashSet@2d384c3f
      serialVersionUID = -5024744406713321676
      map = class java.util.HashMap@6a6a0240
      PRESENT = class java.lang.Object@318a9ab1
      MAX_ARRAY_SIZE = 2147483639
    parentNotifier = null
    pathOfEntryInParent = null
    id = null
    serialVersionUID = -5716655730663296309
    $$$tc$$$ = class com.ibm.websphere.ras.TraceComponent@1f9b565b
      strings[0] = "TraceComponent[com.ibm.ws.artifact.overlay.internal.DirectoryBasedOverlayNotifier,class com.ibm.ws.artifact.overlay.internal.DirectoryBasedOverlayNotifier,[archive.overlay],,null]"
  enclosingContainer = null
  entryInEnclosingContainer = null
  nestedOverlays = class java.util.concurrent.ConcurrentHashMap@2eb95b0c
    serialVersionUID = 7249069246763182397
    MAXIMUM_CAPACITY = 1073741824
    DEFAULT_CAPACITY = 16
    MAX_ARRAY_SIZE = 2147483639
    DEFAULT_CONCURRENCY_LEVEL = 16
    LOAD_FACTOR = 0.75
    TREEIFY_THRESHOLD = 8
    UNTREEIFY_THRESHOLD = 6
    MIN_TREEIFY_CAPACITY = 64
    MIN_TRANSFER_STRIDE = 16
    RESIZE_STAMP_BITS = 16
    MAX_RESIZERS = 65535
    RESIZE_STAMP_SHIFT = 16
    MOVED = -1
    TREEBIN = -2
    RESERVED = -3
    HASH_BITS = 2147483647
    NCPU = 4
    serialPersistentFields = class java.io.ObjectStreamField[3]
      ObjectStreamField[0] = class java.io.ObjectStreamField@7de3a4b8
      ObjectStreamField[1] = class java.io.ObjectStreamField@d17563b
      ObjectStreamField[2] = class java.io.ObjectStreamField@5cca26c0
    table = class java.util.concurrent.ConcurrentHashMap$Node[16]
      Node[0] = class java.util.concurrent.ConcurrentHashMap$Node@75697536
      Node[1] = class java.util.concurrent.ConcurrentHashMap$Node@3fa27c31
      Node[2] = null
      Node[3] = null
      Node[4] = null
      Node[5] = null
      Node[6] = null
      Node[7] = null
      Node[8] = null
      Node[9] = null
      Node[10] = null
      Node[11] = null
      Node[12] = null
      Node[13] = null
      Node[14] = class java.util.concurrent.ConcurrentHashMap$Node@1a057ca5
      Node[15] = null
    nextTable = null
    baseCount = 4
    sizeCtl = 12
    transferIndex = 0
    cellsBusy = 0
    counterCells = null
    keySet = null
    values = null
    entrySet = null
    U = class sun.misc.Unsafe@1e7fa6ad
    SIZECTL = 20
    TRANSFERINDEX = 32
    BASECOUNT = 24
    CELLSBUSY = 36
    CELLVALUE = 144
    ABASE = 16
    ASHIFT = 2
    keySet = null
    values = null
  cacheStore = class com.ibm.ws.artifact.overlay.internal.OverlayCache@7169ed11
    cache = class java.util.HashMap@7708a34a
      serialVersionUID = 362498820763181265
      DEFAULT_INITIAL_CAPACITY = 16
      MAXIMUM_CAPACITY = 1073741824
      DEFAULT_LOAD_FACTOR = 0.75
      TREEIFY_THRESHOLD = 8
      UNTREEIFY_THRESHOLD = 6
      MIN_TREEIFY_CAPACITY = 64
      table = class java.util.HashMap$Node[16]
      entrySet = null
      size = 2
      modCount = 2
      threshold = 12
      loadFactor = 0.75
      keySet = null
      values = null
    serialVersionUID = -7877512378170016077
    $$$tc$$$ = class com.ibm.websphere.ras.TraceComponent@251d4ccc
      strings[0] = "TraceComponent[com.ibm.ws.artifact.overlay.internal.OverlayCache,class com.ibm.ws.artifact.overlay.internal.OverlayCache,[archive.overlay],,null]"
  parentOverlay = null
  isPassThroughMode = true
  serialVersionUID = -1690795617118238166
  $$$tc$$$ = class com.ibm.websphere.ras.TraceComponent@5153774b
    strings[0] = "TraceComponent[com.ibm.ws.artifact.overlay.internal.DirectoryBasedOverlayContainerImpl,class com.ibm.ws.artifact.overlay.internal.DirectoryBasedOverlayContainerImpl,[archive.overlay],,null]"

Dump of objectArray[2]
Object type = com.ibm.ws.artifact.overlay.internal.DirectoryBasedOverlayContainerImpl
  base = class com.ibm.ws.artifact.loose.internal.LooseArchive@59193dcc
    cacheDir = class java.io.File@1ade1b78
      fs = class java.io.WinNTFileSystem@7c49f723
      path = "D:\devel\tools\wlp\usr\servers\defaultServer\workarea\org.eclipse.osgi\77\data\cache\com.ibm.ws.app.manager_44"
      status = class java.io.File$PathStatus@67460463
      prefixLength = 3
      separatorChar = \
      separator = "\"
      pathSeparatorChar = ;
      pathSeparator = ";"
      PATH_OFFSET = 16
      PREFIX_LENGTH_OFFSET = 12
      UNSAFE = class sun.misc.Unsafe@1e7fa6ad
      serialVersionUID = 301077366599181567
      filePath = null
      $assertionsDisabled = true
    xmlFile = class java.io.File@4174e3ae
      fs = class java.io.WinNTFileSystem@7c49f723
      path = "D:\devel\tools\wlp\usr\servers\defaultServer\apps\testingPrimefaces.war.xml"
      status = class java.io.File$PathStatus@67460463
      prefixLength = 3
      separatorChar = \
      separator = "\"
      pathSeparatorChar = ;
      pathSeparator = ";"
      PATH_OFFSET = 16
      PREFIX_LENGTH_OFFSET = 12
      UNSAFE = class sun.misc.Unsafe@1e7fa6ad
      serialVersionUID = 301077366599181567
      filePath = null
      $assertionsDisabled = true
    parent = null
    cfh = class com.ibm.ws.artifact.loose.internal.LooseContainerFactoryHelper@764882ab
      locationService = class com.ibm.ws.kernel.service.location.internal.WsLocationAdminImpl@4264d789
      containerFactoryReference = class com.ibm.wsspi.kernel.service.utils.AtomicServiceReference@3607ea50
      ctx = class org.eclipse.osgi.internal.framework.BundleContextImpl@9cd7638
      tc = class com.ibm.websphere.ras.TraceComponent@2cdb278a
      serialVersionUID = -6436244972857197695
    pathInParent = null
    _entries = class java.util.ArrayList@5dd4c2bd
      serialVersionUID = 8683452581122892189
      DEFAULT_CAPACITY = 10
      EMPTY_ELEMENTDATA = class java.lang.Object[0]
      DEFAULTCAPACITY_EMPTY_ELEMENTDATA = class java.lang.Object[0]
      elementData = class java.lang.Object[10]
      size = 1
      MAX_ARRAY_SIZE = 2147483639
      modCount = 1
      MAX_ARRAY_SIZE = 2147483639
    tc = class com.ibm.websphere.ras.TraceComponent@5bf8d445
      strings[0] = "TraceComponent[com.ibm.ws.artifact.loose.internal.LooseArchive,class com.ibm.ws.artifact.loose.internal.LooseArchive,[archive.artifact.xml],com.ibm.ws.artifact.loose.internal.resources.LooseApiMessages,null]"
    artifactNotifier = class com.ibm.ws.artifact.loose.internal.LooseArtifactNotifier@37bb17a4
      root = class com.ibm.ws.artifact.loose.internal.LooseArchive@59193dcc
      entries = class java.util.ArrayList@5dd4c2bd
      serviceProperties = class java.util.Hashtable@cc390b9
      nonRecurseServiceProperties = class java.util.Hashtable@3b52b994
      interval = 500
      notificationType = "external"
      ctx = class org.eclipse.osgi.internal.framework.BundleContextImpl@9cd7638
      service = class org.eclipse.osgi.internal.serviceregistry.ServiceRegistrationImpl@68fbc37f
      nonRecurseService = class org.eclipse.osgi.internal.serviceregistry.ServiceRegistrationImpl@4a889723
      filesToMonitor = class java.util.TreeMap@36236418
      filesBeingMonitored = class java.util.HashSet@737c0fc2
      dirsToMonitor = class java.util.TreeMap@632a1f4c
      dirsBeingMonitored = class java.util.HashSet@4d1a94a4
      listeners = class java.util.concurrent.CopyOnWriteArrayList@60b42abb
      pathsBeingMonitored = class java.util.HashSet@73253b70
      parent = null
      children = class java.util.HashMap@40c68a27
      enabledChildren = class java.util.ArrayList@5960992f
      pathInParent = null
      serialVersionUID = 2923725971363407990
      $$$tc$$$ = class com.ibm.websphere.ras.TraceComponent@3b06fef8
    serialVersionUID = 345486831272892625
  maskSet = class java.util.HashSet@3e5bf791
    serialVersionUID = -5024744406713321676
    map = class java.util.HashMap@539b8996
      serialVersionUID = 362498820763181265
      DEFAULT_INITIAL_CAPACITY = 16
      MAXIMUM_CAPACITY = 1073741824
      DEFAULT_LOAD_FACTOR = 0.75
      TREEIFY_THRESHOLD = 8
      UNTREEIFY_THRESHOLD = 6
      MIN_TREEIFY_CAPACITY = 64
      table = null
      entrySet = null
      size = 0
      modCount = 0
      threshold = 0
      loadFactor = 0.75
      keySet = null
      values = null
    PRESENT = class java.lang.Object@318a9ab1
    MAX_ARRAY_SIZE = 2147483639
  cfHolder = class com.ibm.ws.artifact.overlay.internal.OverlayContainerFactoryImpl@75863e56
    containerFactory = class com.ibm.ws.artifact.internal.ArtifactContainerFactoryService@24f6c8b5
      CATEGORY_PROP_NAME = "category"
      ENTRY_KEY = "com.ibm.wsspi.artifact.ArtifactEntry"
      helperMap = class com.ibm.wsspi.kernel.service.utils.ConcurrentServiceReferenceSetMap@7e4cea66
      contributorMap = class com.ibm.wsspi.kernel.service.utils.ConcurrentServiceReferenceSetMap@18987e55
      helperCategoryMap = class com.ibm.wsspi.kernel.service.utils.ConcurrentServiceReferenceSetMap@a39ae93
      contributorCategoryMap = class com.ibm.wsspi.kernel.service.utils.ConcurrentServiceReferenceSetMap@56a68aae
      categories = class java.util.Collections$SynchronizedSet@4fa055c6
      baseProperties = class org.apache.felix.scr.impl.helper.ReadOnlyDictionary@1411f0b1
      serialVersionUID = -3101641399269402013
      $$$tc$$$ = class com.ibm.websphere.ras.TraceComponent@17afccf5
    serialVersionUID = 6296466117843221178
    $$$tc$$$ = class com.ibm.websphere.ras.TraceComponent@16829058
      strings[0] = "TraceComponent[com.ibm.ws.artifact.overlay.internal.OverlayContainerFactoryImpl,class com.ibm.ws.artifact.overlay.internal.OverlayContainerFactoryImpl,[archive.overlay],,null]"
  fileOverlayContainer = class com.ibm.ws.artifact.file.internal.FileContainer@1be88cf6
    containerFactoryHolder = class com.ibm.ws.artifact.file.internal.FileContainerFactory@10cc59b5
      containerFactory = class com.ibm.ws.artifact.internal.ArtifactContainerFactoryService@24f6c8b5
      ctx = class org.eclipse.osgi.internal.framework.BundleContextImpl@622fc7dc
      serialVersionUID = 8609113308325935405
      $$$tc$$$ = class com.ibm.websphere.ras.TraceComponent@3b337b3
    parent = null
    thisInParent = null
    dir = class java.io.File@b8f251a
    cacheDir = class java.io.File@6a89ac85
    isRoot = true
    root = class com.ibm.ws.artifact.file.internal.FileContainer@1be88cf6
    artifactNotifier = class com.ibm.ws.artifact.file.FileArtifactNotifier@31c5b602
      root = class com.ibm.ws.artifact.file.internal.FileContainer@1be88cf6
      cfh = class com.ibm.ws.artifact.file.internal.FileContainerFactory@10cc59b5
      serviceProperties = class java.util.Hashtable@2b3a119e
      service = class org.eclipse.osgi.internal.serviceregistry.ServiceRegistrationImpl@6918f21d
      nonRecurseService = class org.eclipse.osgi.internal.serviceregistry.ServiceRegistrationImpl@2289e388
      nonRecurseServiceProperties = class java.util.Hashtable@432801b2
      listeners = class java.util.concurrent.ConcurrentHashMap@79ea6395
      nonRecurselisteners = class java.util.concurrent.ConcurrentHashMap@5555735d
      pathsBeingMonitored = class java.util.HashSet@2e982e88
      nonRecursePathsBeingMonitored = class java.util.HashSet@2d3e9f78
      rootAbsolutePath = "D:\devel\tools\wlp\usr\servers\defaultServer\workarea\org.eclipse.osgi\77\data\cacheAdapt\com.ibm.ws.app.manager_44\.overlay"
      interval = 500
      notificationType = "external"
      nonRecurseMonitor = class com.ibm.ws.artifact.file.FileArtifactNotifier$FileArtifactMonitor@7e2b781
      recurseMonitor = class com.ibm.ws.artifact.file.FileArtifactNotifier$FileArtifactMonitor@79d3f3bb
      serialVersionUID = -423938483708516951
      $$$tc$$$ = class com.ibm.websphere.ras.TraceComponent@42fb4d86
    serialVersionUID = -542248409847968651
    $$$tc$$$ = class com.ibm.websphere.ras.TraceComponent@51c32c7e
      strings[0] = "TraceComponent[com.ibm.ws.artifact.file.internal.FileContainer,class com.ibm.ws.artifact.file.internal.FileContainer,[archive.artifact.file],,null]"
  overlayDirectory = class java.io.File@b8f251a
    fs = class java.io.WinNTFileSystem@7c49f723
      slash = \
      altSlash = /
      semicolon = ;
      driveDirCache = class java.lang.String[26]
      cache = class java.io.ExpiringCache@282ad81e
      prefixCache = class java.io.ExpiringCache@fff88ad
      BA_EXISTS = 1
      BA_REGULAR = 2
      BA_DIRECTORY = 4
      BA_HIDDEN = 8
      ACCESS_READ = 4
      ACCESS_WRITE = 2
      ACCESS_EXECUTE = 1
      SPACE_TOTAL = 0
      SPACE_FREE = 1
      SPACE_USABLE = 2
      useCanonCaches = true
      useCanonPrefixCache = true
    path = "D:\devel\tools\wlp\usr\servers\defaultServer\workarea\org.eclipse.osgi\77\data\cacheAdapt\com.ibm.ws.app.manager_44\.overlay"
    status = class java.io.File$PathStatus@67460463
      INVALID = class java.io.File$PathStatus@77a5b2bb
      CHECKED = class java.io.File$PathStatus@67460463
      $VALUES = class java.io.File$PathStatus[2]
      name = "CHECKED"
      ordinal = 1
    prefixLength = 3
    separatorChar = \
    separator = "\"
    pathSeparatorChar = ;
    pathSeparator = ";"
    PATH_OFFSET = 16
    PREFIX_LENGTH_OFFSET = 12
    UNSAFE = class sun.misc.Unsafe@1e7fa6ad
      theUnsafe = class sun.misc.Unsafe@1e7fa6ad
      INVALID_FIELD_OFFSET = -1
      ARRAY_BOOLEAN_BASE_OFFSET = 16
      ARRAY_BYTE_BASE_OFFSET = 16
      ARRAY_SHORT_BASE_OFFSET = 16
      ARRAY_CHAR_BASE_OFFSET = 16
      ARRAY_INT_BASE_OFFSET = 16
      ARRAY_LONG_BASE_OFFSET = 16
      ARRAY_FLOAT_BASE_OFFSET = 16
      ARRAY_DOUBLE_BASE_OFFSET = 16
      ARRAY_OBJECT_BASE_OFFSET = 16
      ARRAY_BOOLEAN_INDEX_SCALE = 1
      ARRAY_BYTE_INDEX_SCALE = 1
      ARRAY_SHORT_INDEX_SCALE = 2
      ARRAY_CHAR_INDEX_SCALE = 2
      ARRAY_INT_INDEX_SCALE = 4
      ARRAY_LONG_INDEX_SCALE = 8
      ARRAY_FLOAT_INDEX_SCALE = 4
      ARRAY_DOUBLE_INDEX_SCALE = 8
      ARRAY_OBJECT_INDEX_SCALE = 4
      ADDRESS_SIZE = 8
    serialVersionUID = 301077366599181567
    filePath = null
    $assertionsDisabled = true
  cacheDirForOverlay = class java.io.File@6a89ac85
    fs = class java.io.WinNTFileSystem@7c49f723
    path = "D:\devel\tools\wlp\usr\servers\defaultServer\workarea\org.eclipse.osgi\77\data\cacheOverlay\com.ibm.ws.app.manager_44"
    status = class java.io.File$PathStatus@67460463
    prefixLength = 3
    separatorChar = \
    separator = "\"
    pathSeparatorChar = ;
    pathSeparator = ";"
    PATH_OFFSET = 16
    PREFIX_LENGTH_OFFSET = 12
    UNSAFE = class sun.misc.Unsafe@1e7fa6ad
    serialVersionUID = 301077366599181567
    filePath = null
    $assertionsDisabled = true
  overlayNotifier = class com.ibm.ws.artifact.overlay.internal.DirectoryBasedOverlayNotifier@6e81349a
    root = class com.ibm.ws.artifact.overlay.internal.DirectoryBasedOverlayContainerImpl@c49e1a3
    overlayContainer = class com.ibm.ws.artifact.file.internal.FileContainer@1be88cf6
    overlaidContainer = class com.ibm.ws.artifact.loose.internal.LooseArchive@59193dcc
    listeningToContainers = true
    listeners = class java.util.concurrent.ConcurrentHashMap@39430d7b
      serialVersionUID = 7249069246763182397
      MAXIMUM_CAPACITY = 1073741824
      DEFAULT_CAPACITY = 16
      MAX_ARRAY_SIZE = 2147483639
      DEFAULT_CONCURRENCY_LEVEL = 16
      LOAD_FACTOR = 0.75
      TREEIFY_THRESHOLD = 8
      UNTREEIFY_THRESHOLD = 6
      MIN_TREEIFY_CAPACITY = 64
      MIN_TRANSFER_STRIDE = 16
      RESIZE_STAMP_BITS = 16
      MAX_RESIZERS = 65535
      RESIZE_STAMP_SHIFT = 16
      MOVED = -1
      TREEBIN = -2
      RESERVED = -3
      HASH_BITS = 2147483647
      NCPU = 4
      serialPersistentFields = class java.io.ObjectStreamField[3]
      table = class java.util.concurrent.ConcurrentHashMap$Node[16]
      nextTable = null
      baseCount = 3
      sizeCtl = 12
      transferIndex = 0
      cellsBusy = 0
      counterCells = null
      keySet = class java.util.concurrent.ConcurrentHashMap$KeySetView@1d27c9b6
      values = null
      entrySet = null
      U = class sun.misc.Unsafe@1e7fa6ad
      SIZECTL = 20
      TRANSFERINDEX = 32
      BASECOUNT = 24
      CELLSBUSY = 36
      CELLVALUE = 144
      ABASE = 16
      ASHIFT = 2
      keySet = null
      values = null
    pathsMonitored = class java.util.HashSet@2d384c3f
      serialVersionUID = -5024744406713321676
      map = class java.util.HashMap@6a6a0240
      PRESENT = class java.lang.Object@318a9ab1
      MAX_ARRAY_SIZE = 2147483639
    parentNotifier = null
    pathOfEntryInParent = null
    id = null
    serialVersionUID = -5716655730663296309
    $$$tc$$$ = class com.ibm.websphere.ras.TraceComponent@1f9b565b
      strings[0] = "TraceComponent[com.ibm.ws.artifact.overlay.internal.DirectoryBasedOverlayNotifier,class com.ibm.ws.artifact.overlay.internal.DirectoryBasedOverlayNotifier,[archive.overlay],,null]"
  enclosingContainer = null
  entryInEnclosingContainer = null
  nestedOverlays = class java.util.concurrent.ConcurrentHashMap@2eb95b0c
    serialVersionUID = 7249069246763182397
    MAXIMUM_CAPACITY = 1073741824
    DEFAULT_CAPACITY = 16
    MAX_ARRAY_SIZE = 2147483639
    DEFAULT_CONCURRENCY_LEVEL = 16
    LOAD_FACTOR = 0.75
    TREEIFY_THRESHOLD = 8
    UNTREEIFY_THRESHOLD = 6
    MIN_TREEIFY_CAPACITY = 64
    MIN_TRANSFER_STRIDE = 16
    RESIZE_STAMP_BITS = 16
    MAX_RESIZERS = 65535
    RESIZE_STAMP_SHIFT = 16
    MOVED = -1
    TREEBIN = -2
    RESERVED = -3
    HASH_BITS = 2147483647
    NCPU = 4
    serialPersistentFields = class java.io.ObjectStreamField[3]
      ObjectStreamField[0] = class java.io.ObjectStreamField@7de3a4b8
      ObjectStreamField[1] = class java.io.ObjectStreamField@d17563b
      ObjectStreamField[2] = class java.io.ObjectStreamField@5cca26c0
    table = class java.util.concurrent.ConcurrentHashMap$Node[16]
      Node[0] = class java.util.concurrent.ConcurrentHashMap$Node@75697536
      Node[1] = class java.util.concurrent.ConcurrentHashMap$Node@3fa27c31
      Node[2] = null
      Node[3] = null
      Node[4] = null
      Node[5] = null
      Node[6] = null
      Node[7] = null
      Node[8] = null
      Node[9] = null
      Node[10] = null
      Node[11] = null
      Node[12] = null
      Node[13] = null
      Node[14] = class java.util.concurrent.ConcurrentHashMap$Node@1a057ca5
      Node[15] = null
    nextTable = null
    baseCount = 4
    sizeCtl = 12
    transferIndex = 0
    cellsBusy = 0
    counterCells = null
    keySet = null
    values = null
    entrySet = null
    U = class sun.misc.Unsafe@1e7fa6ad
    SIZECTL = 20
    TRANSFERINDEX = 32
    BASECOUNT = 24
    CELLSBUSY = 36
    CELLVALUE = 144
    ABASE = 16
    ASHIFT = 2
    keySet = null
    values = null
  cacheStore = class com.ibm.ws.artifact.overlay.internal.OverlayCache@7169ed11
    cache = class java.util.HashMap@7708a34a
      serialVersionUID = 362498820763181265
      DEFAULT_INITIAL_CAPACITY = 16
      MAXIMUM_CAPACITY = 1073741824
      DEFAULT_LOAD_FACTOR = 0.75
      TREEIFY_THRESHOLD = 8
      UNTREEIFY_THRESHOLD = 6
      MIN_TREEIFY_CAPACITY = 64
      table = class java.util.HashMap$Node[16]
      entrySet = null
      size = 2
      modCount = 2
      threshold = 12
      loadFactor = 0.75
      keySet = null
      values = null
    serialVersionUID = -7877512378170016077
    $$$tc$$$ = class com.ibm.websphere.ras.TraceComponent@251d4ccc
      strings[0] = "TraceComponent[com.ibm.ws.artifact.overlay.internal.OverlayCache,class com.ibm.ws.artifact.overlay.internal.OverlayCache,[archive.overlay],,null]"
  parentOverlay = null
  isPassThroughMode = true
  serialVersionUID = -1690795617118238166
  $$$tc$$$ = class com.ibm.websphere.ras.TraceComponent@5153774b
    strings[0] = "TraceComponent[com.ibm.ws.artifact.overlay.internal.DirectoryBasedOverlayContainerImpl,class com.ibm.ws.artifact.overlay.internal.DirectoryBasedOverlayContainerImpl,[archive.overlay],,null]"

Dump of objectArray[3]
Object type = com.ibm.ws.adaptable.module.internal.AdaptableContainerImpl
  root = class com.ibm.ws.adaptable.module.internal.AdaptableContainerImpl@2929eb73
  rootOverlay = class com.ibm.ws.artifact.overlay.internal.DirectoryBasedOverlayContainerImpl@c49e1a3
    base = class com.ibm.ws.artifact.loose.internal.LooseArchive@59193dcc
      cacheDir = class java.io.File@1ade1b78
      xmlFile = class java.io.File@4174e3ae
      parent = null
      cfh = class com.ibm.ws.artifact.loose.internal.LooseContainerFactoryHelper@764882ab
      pathInParent = null
      _entries = class java.util.ArrayList@5dd4c2bd
      tc = class com.ibm.websphere.ras.TraceComponent@5bf8d445
      artifactNotifier = class com.ibm.ws.artifact.loose.internal.LooseArtifactNotifier@37bb17a4
      serialVersionUID = 345486831272892625
    maskSet = class java.util.HashSet@3e5bf791
      serialVersionUID = -5024744406713321676
      map = class java.util.HashMap@539b8996
      PRESENT = class java.lang.Object@318a9ab1
      MAX_ARRAY_SIZE = 2147483639
    cfHolder = class com.ibm.ws.artifact.overlay.internal.OverlayContainerFactoryImpl@75863e56
      containerFactory = class com.ibm.ws.artifact.internal.ArtifactContainerFactoryService@24f6c8b5
      serialVersionUID = 6296466117843221178
      $$$tc$$$ = class com.ibm.websphere.ras.TraceComponent@16829058
    fileOverlayContainer = class com.ibm.ws.artifact.file.internal.FileContainer@1be88cf6
      containerFactoryHolder = class com.ibm.ws.artifact.file.internal.FileContainerFactory@10cc59b5
      parent = null
      thisInParent = null
      dir = class java.io.File@b8f251a
      cacheDir = class java.io.File@6a89ac85
      isRoot = true
      root = class com.ibm.ws.artifact.file.internal.FileContainer@1be88cf6
      artifactNotifier = class com.ibm.ws.artifact.file.FileArtifactNotifier@31c5b602
      serialVersionUID = -542248409847968651
      $$$tc$$$ = class com.ibm.websphere.ras.TraceComponent@51c32c7e
    overlayDirectory = class java.io.File@b8f251a
      fs = class java.io.WinNTFileSystem@7c49f723
      path = "D:\devel\tools\wlp\usr\servers\defaultServer\workarea\org.eclipse.osgi\77\data\cacheAdapt\com.ibm.ws.app.manager_44\.overlay"
      status = class java.io.File$PathStatus@67460463
      prefixLength = 3
      separatorChar = \
      separator = "\"
      pathSeparatorChar = ;
      pathSeparator = ";"
      PATH_OFFSET = 16
      PREFIX_LENGTH_OFFSET = 12
      UNSAFE = class sun.misc.Unsafe@1e7fa6ad
      serialVersionUID = 301077366599181567
      filePath = null
      $assertionsDisabled = true
    cacheDirForOverlay = class java.io.File@6a89ac85
      fs = class java.io.WinNTFileSystem@7c49f723
      path = "D:\devel\tools\wlp\usr\servers\defaultServer\workarea\org.eclipse.osgi\77\data\cacheOverlay\com.ibm.ws.app.manager_44"
      status = class java.io.File$PathStatus@67460463
      prefixLength = 3
      separatorChar = \
      separator = "\"
      pathSeparatorChar = ;
      pathSeparator = ";"
      PATH_OFFSET = 16
      PREFIX_LENGTH_OFFSET = 12
      UNSAFE = class sun.misc.Unsafe@1e7fa6ad
      serialVersionUID = 301077366599181567
      filePath = null
      $assertionsDisabled = true
    overlayNotifier = class com.ibm.ws.artifact.overlay.internal.DirectoryBasedOverlayNotifier@6e81349a
    enclosingContainer = null
    entryInEnclosingContainer = null
    nestedOverlays = class java.util.concurrent.ConcurrentHashMap@2eb95b0c
      serialVersionUID = 7249069246763182397
      MAXIMUM_CAPACITY = 1073741824
      DEFAULT_CAPACITY = 16
      MAX_ARRAY_SIZE = 2147483639
      DEFAULT_CONCURRENCY_LEVEL = 16
      LOAD_FACTOR = 0.75
      TREEIFY_THRESHOLD = 8
      UNTREEIFY_THRESHOLD = 6
      MIN_TREEIFY_CAPACITY = 64
      MIN_TRANSFER_STRIDE = 16
      RESIZE_STAMP_BITS = 16
      MAX_RESIZERS = 65535
      RESIZE_STAMP_SHIFT = 16
      MOVED = -1
      TREEBIN = -2
      RESERVED = -3
      HASH_BITS = 2147483647
      NCPU = 4
      serialPersistentFields = class java.io.ObjectStreamField[3]
      table = class java.util.concurrent.ConcurrentHashMap$Node[16]
      nextTable = null
      baseCount = 4
      sizeCtl = 12
      transferIndex = 0
      cellsBusy = 0
      counterCells = null
      keySet = null
      values = null
      entrySet = null
      U = class sun.misc.Unsafe@1e7fa6ad
      SIZECTL = 20
      TRANSFERINDEX = 32
      BASECOUNT = 24
      CELLSBUSY = 36
      CELLVALUE = 144
      ABASE = 16
      ASHIFT = 2
      keySet = null
      values = null
    cacheStore = class com.ibm.ws.artifact.overlay.internal.OverlayCache@7169ed11
      cache = class java.util.HashMap@7708a34a
      serialVersionUID = -7877512378170016077
      $$$tc$$$ = class com.ibm.websphere.ras.TraceComponent@251d4ccc
    parentOverlay = null
    isPassThroughMode = true
    serialVersionUID = -1690795617118238166
    $$$tc$$$ = class com.ibm.websphere.ras.TraceComponent@5153774b
      strings[0] = "TraceComponent[com.ibm.ws.artifact.overlay.internal.DirectoryBasedOverlayContainerImpl,class com.ibm.ws.artifact.overlay.internal.DirectoryBasedOverlayContainerImpl,[archive.overlay],,null]"
  factoryHolder = class com.ibm.ws.adaptable.module.internal.AdaptableModuleFactoryImpl@1ce3d688
    adapterFactoryService = class com.ibm.ws.adaptable.module.internal.AdapterFactoryServiceImpl@33cb1d3
      toType = "toType"
      priv = class com.ibm.ws.kernel.service.util.SecureAction@689ee624
      containerHelperMap = class com.ibm.wsspi.kernel.service.utils.ConcurrentServiceReferenceSetMap@da4a694
      entryHelperMap = class com.ibm.wsspi.kernel.service.utils.ConcurrentServiceReferenceSetMap@3ee7b8ec
      containerToTypes = class java.util.Collections$SynchronizedSet@69d5d64f
      entryToTypes = class java.util.Collections$SynchronizedSet@76e5a297
      baseProperties = class org.apache.felix.scr.impl.helper.ReadOnlyDictionary@5e5d3ad9
      serialVersionUID = 5945907930609928466
      $$$tc$$$ = class com.ibm.websphere.ras.TraceComponent@75499885
    containerFactory = class com.ibm.ws.artifact.internal.ArtifactContainerFactoryService@24f6c8b5
      CATEGORY_PROP_NAME = "category"
      ENTRY_KEY = "com.ibm.wsspi.artifact.ArtifactEntry"
      helperMap = class com.ibm.wsspi.kernel.service.utils.ConcurrentServiceReferenceSetMap@7e4cea66
      contributorMap = class com.ibm.wsspi.kernel.service.utils.ConcurrentServiceReferenceSetMap@18987e55
      helperCategoryMap = class com.ibm.wsspi.kernel.service.utils.ConcurrentServiceReferenceSetMap@a39ae93
      contributorCategoryMap = class com.ibm.wsspi.kernel.service.utils.ConcurrentServiceReferenceSetMap@56a68aae
      categories = class java.util.Collections$SynchronizedSet@4fa055c6
      baseProperties = class org.apache.felix.scr.impl.helper.ReadOnlyDictionary@1411f0b1
      serialVersionUID = -3101641399269402013
      $$$tc$$$ = class com.ibm.websphere.ras.TraceComponent@17afccf5
    overlayContainerFactory = class com.ibm.ws.artifact.overlay.internal.OverlayContainerFactoryImpl@75863e56
    serialVersionUID = 4200251809856292987
    $$$tc$$$ = class com.ibm.websphere.ras.TraceComponent@6fc10de0
      strings[0] = "TraceComponent[com.ibm.ws.adaptable.module.internal.AdaptableModuleFactoryImpl,class com.ibm.ws.adaptable.module.internal.AdaptableModuleFactoryImpl,[archive.adaptable],,null]"
  delegate = class com.ibm.ws.artifact.overlay.internal.DirectoryBasedOverlayContainerImpl@c49e1a3
  notifier = class com.ibm.ws.adaptable.module.internal.NotifierImpl@50bf9456
    root = class com.ibm.ws.adaptable.module.internal.AdaptableContainerImpl@2929eb73
    delegateNotifier = class com.ibm.ws.artifact.overlay.internal.DirectoryBasedOverlayNotifier@6e81349a
      root = class com.ibm.ws.artifact.overlay.internal.DirectoryBasedOverlayContainerImpl@c49e1a3
      overlayContainer = class com.ibm.ws.artifact.file.internal.FileContainer@1be88cf6
      overlaidContainer = class com.ibm.ws.artifact.loose.internal.LooseArchive@59193dcc
      listeningToContainers = true
      listeners = class java.util.concurrent.ConcurrentHashMap@39430d7b
      pathsMonitored = class java.util.HashSet@2d384c3f
      parentNotifier = null
      pathOfEntryInParent = null
      id = null
      serialVersionUID = -5716655730663296309
      $$$tc$$$ = class com.ibm.websphere.ras.TraceComponent@1f9b565b
    delegateRoot = class com.ibm.ws.artifact.overlay.internal.DirectoryBasedOverlayContainerImpl@c49e1a3
    listenerDelegates = class java.util.HashMap@6c54f854
      serialVersionUID = 362498820763181265
      DEFAULT_INITIAL_CAPACITY = 16
      MAXIMUM_CAPACITY = 1073741824
      DEFAULT_LOAD_FACTOR = 0.75
      TREEIFY_THRESHOLD = 8
      UNTREEIFY_THRESHOLD = 6
      MIN_TREEIFY_CAPACITY = 64
      table = class java.util.HashMap$Node[16]
      entrySet = null
      size = 3
      modCount = 3
      threshold = 12
      loadFactor = 0.75
      keySet = null
      values = null
    serialVersionUID = 6839382523957017880
    $$$tc$$$ = class com.ibm.websphere.ras.TraceComponent@522a52ba
      strings[0] = "TraceComponent[com.ibm.ws.adaptable.module.internal.NotifierImpl,class com.ibm.ws.adaptable.module.internal.NotifierImpl,[archive.adaptable],,null]"
  serialVersionUID = -5621513278641113667
  $$$tc$$$ = class com.ibm.websphere.ras.TraceComponent@45ea6c10
    strings[0] = "TraceComponent[com.ibm.ws.adaptable.module.internal.AdaptableContainerImpl,class com.ibm.ws.adaptable.module.internal.AdaptableContainerImpl,[archive.adaptable],,null]"

