------Start of DE processing------ = [02/07/19 02:59:26:102 COT]
Exception = javax.ejb.NoSuchEJBException
Source = com.ibm.ejs.csi.EJBApplicationMetaData.createStartupBeans
probeid = 6921
Stack Dump = javax.ejb.NoSuchEJBException: An error occurred during initialization of singleton session bean primeTest#primeTest.war#JsonConfig, resulting in the discarding of the singleton instance.; nested exception is: java.lang.IllegalStateException: Managed Class {util.web.JsonConfig} does not match Bean Class {util.web.JsonConfig}
	at com.ibm.ejs.container.util.ExceptionUtil.NoSuchEJBException(ExceptionUtil.java:431)
	at com.ibm.ejs.container.EJSHome.createSingletonBeanO(EJSHome.java:3754)
	at com.ibm.ejs.csi.EJBApplicationMetaData.createStartupBeans(EJBApplicationMetaData.java:958)
	at com.ibm.ejs.csi.EJBApplicationMetaData.startedModule(EJBApplicationMetaData.java:679)
	at com.ibm.ws.ejbcontainer.osgi.internal.EJBRuntimeImpl.start(EJBRuntimeImpl.java:1009)
	at com.ibm.ws.ejbcontainer.osgi.internal.EJBContainerImpl.startEJBInWARModule(EJBContainerImpl.java:194)
	at com.ibm.ws.ejbcontainer.war.internal.EJBWARRuntimeImpl.moduleStarting(EJBWARRuntimeImpl.java:60)
	at com.ibm.ws.container.service.state.internal.ModuleStateManager.fireStarting(ModuleStateManager.java:28)
	at com.ibm.ws.container.service.state.internal.StateChangeServiceImpl.fireModuleStarting(StateChangeServiceImpl.java:80)
	at com.ibm.ws.app.manager.module.internal.ModuleHandlerBase.deployModule(ModuleHandlerBase.java:90)
	at com.ibm.ws.app.manager.module.internal.DeployedModuleInfoImpl.installModule(DeployedModuleInfoImpl.java:49)
	at com.ibm.ws.app.manager.module.internal.DeployedAppInfoBase.deployModules(DeployedAppInfoBase.java:430)
	at com.ibm.ws.app.manager.module.internal.DeployedAppInfoBase.deployApp(DeployedAppInfoBase.java:416)
	at com.ibm.ws.app.manager.war.internal.WARApplicationHandlerImpl.install(WARApplicationHandlerImpl.java:65)
	at com.ibm.ws.app.manager.internal.statemachine.StartAction.execute(StartAction.java:140)
	at com.ibm.ws.app.manager.internal.statemachine.ApplicationStateMachineImpl.enterState(ApplicationStateMachineImpl.java:1261)
	at com.ibm.ws.app.manager.internal.statemachine.ApplicationStateMachineImpl.performAction(ApplicationStateMachineImpl.java:1141)
	at com.ibm.ws.app.manager.internal.statemachine.ApplicationStateMachineImpl.run(ApplicationStateMachineImpl.java:884)
	at com.ibm.ws.threading.internal.ExecutorServiceImpl$RunnableWrapper.run(ExecutorServiceImpl.java:239)
	at java.util.concurrent.ThreadPoolExecutor.runWorker(Unknown Source)
	at java.util.concurrent.ThreadPoolExecutor$Worker.run(Unknown Source)
	at java.lang.Thread.run(Unknown Source)
Caused by: java.lang.IllegalStateException: Managed Class {util.web.JsonConfig} does not match Bean Class {util.web.JsonConfig}
	at com.ibm.ws.cdi.impl.managedobject.CDIEJBManagedObjectFactoryImpl.getBean(CDIEJBManagedObjectFactoryImpl.java:122)
	at com.ibm.ws.cdi.impl.managedobject.CDIEJBManagedObjectFactoryImpl.createContext(CDIEJBManagedObjectFactoryImpl.java:81)
	at com.ibm.ejs.container.ManagedBeanOBase.createInterceptorsAndInstance(ManagedBeanOBase.java:198)
	at com.ibm.ejs.container.SingletonBeanO.initialize(SingletonBeanO.java:276)
	at com.ibm.ejs.container.BeanOFactory.create(BeanOFactory.java:103)
	at com.ibm.ejs.container.EJSHome.createSingletonBeanO(EJSHome.java:3740)
	... 20 more

Dump of callerThis
Object type = com.ibm.ws.ejbcontainer.osgi.internal.metadata.OSGiEJBApplicationMetaData
  modulesMap = class java.util.HashMap@6933802b
    serialVersionUID = 362498820763181265
    DEFAULT_INITIAL_CAPACITY = 16
    MAXIMUM_CAPACITY = 1073741824
    DEFAULT_LOAD_FACTOR = 0.75
    TREEIFY_THRESHOLD = 8
    UNTREEIFY_THRESHOLD = 6
    MIN_TREEIFY_CAPACITY = 64
    table = class java.util.HashMap$Node[16]
      Node[0] = null
      Node[1] = null
      Node[2] = null
      Node[3] = null
      Node[4] = class java.util.HashMap$Node@3dd50347
      Node[5] = null
      Node[6] = null
      Node[7] = null
      Node[8] = null
      Node[9] = null
      Node[10] = null
      Node[11] = null
      Node[12] = null
      Node[13] = null
      Node[14] = null
      Node[15] = null
    entrySet = null
    size = 1
    modCount = 1
    threshold = 12
    loadFactor = 0.75
    keySet = null
    values = null
  serialVersionUID = 4224454255285273476
  $$$tc$$$ = class com.ibm.websphere.ras.TraceComponent@22c80bde
    strings[0] = "TraceComponent[com.ibm.ws.ejbcontainer.osgi.internal.metadata.OSGiEJBApplicationMetaData,class com.ibm.ws.ejbcontainer.osgi.internal.metadata.OSGiEJBApplicationMetaData,[EJBContainer],com.ibm.ws.ejbcontainer.osgi.internal.resources.EJBContainerMessages,null]"
  CLASS_NAME = "com.ibm.ejs.csi.EJBApplicationMetaData"
  tc = class com.ibm.websphere.ras.TraceComponent@25f7cf62
    strings[0] = "TraceComponent[com.ibm.ejs.csi.EJBApplicationMetaData,class com.ibm.ejs.csi.EJBApplicationMetaData,[EJBContainer],com.ibm.ejs.container.container,null]"
  ivContainer = class com.ibm.ejs.container.EJSContainer@23b6702a
  ivName = "primeTest"
  ivLogicalName = null
  ivStandaloneModule = true
  ivApplicationMetaData = class com.ibm.ws.container.service.app.deploy.internal.ApplicationMetaDataImpl@12ca8de5
    j2eeName = class com.ibm.ws.container.service.metadata.internal.J2EENameImpl@37b23360
      serialVersionUID = 7488184044073147667
      application = "primeTest"
      module = null
      component = null
      string = "primeTest"
      j2eeNameBytes = null
      $$$tc$$$ = class com.ibm.websphere.ras.TraceComponent@9d01a98
    serialVersionUID = -7906531148367236579
    $$$tc$$$ = class com.ibm.websphere.ras.TraceComponent@10ce6a9b
      strings[0] = "TraceComponent[com.ibm.ws.container.service.app.deploy.internal.ApplicationMetaDataImpl,class com.ibm.ws.container.service.app.deploy.internal.ApplicationMetaDataImpl,[container.service],com.ibm.ws.container.service.resources.Messages,null]"
    tc = class com.ibm.websphere.ras.TraceComponent@1a729461
      strings[0] = "TraceComponent[com.ibm.ws.runtime.metadata.MetaDataImpl,class com.ibm.ws.runtime.metadata.MetaDataImpl,[Runtime],null,null]"
    NUM_STATIC_SLOTS = 4
    ID_UNINITIALIZED = -1
    id = 3
    metaDataInterface = class java.lang.Class@1c37e17a
      ANNOTATION = 8192
      ENUM = 16384
      SYNTHETIC = 4096
      cachedConstructor = null
      newInstanceCallerCache = null
      name = null
      allPermDomain = class java.security.ProtectionDomain@4a7121eb
      useCaches = true
      reflectionData = null
      classRedefinedCount = 0
      genericInfo = null
      serialVersionUID = 3206093459760846163
      serialPersistentFields = class java.io.ObjectStreamField[0]
      reflectionFactory = class sun.reflect.ReflectionFactory@dbfdda1
      initted = true
      enumConstants = null
      enumConstantDirectory = null
      annotationData = null
      annotationType = null
      classValueMap = null
    staticSlots = class java.lang.Object[4]
      Object[0] = null
      Object[1] = class com.ibm.ws.injectionengine.osgi.internal.OSGiInjectionScopeData@658f90c0
      Object[2] = null
      Object[3] = class com.ibm.ws.container.service.naming.JavaColonNamespaceBindings@71ade6a5
    dynamicSlots = class java.lang.Object[4]
      Object[0] = class com.ibm.ws.ejbcontainer.osgi.internal.metadata.OSGiEJBApplicationMetaData@2e0a48dc
      Object[1] = class com.ibm.ws.cdi.impl.weld.WebSphereCDIDeploymentImpl@3abd1c13
      Object[2] = "primeTest"
      Object[3] = null
  ivModules = class java.util.LinkedHashSet@4c2e4b5a
    serialVersionUID = -2851667679971038690
    serialVersionUID = -5024744406713321676
    map = class java.util.LinkedHashMap@6732112e
      serialVersionUID = 3801124242820219131
      head = class java.util.LinkedHashMap$Entry@548eef68
      tail = class java.util.LinkedHashMap$Entry@548eef68
      accessOrder = false
      serialVersionUID = 362498820763181265
      DEFAULT_INITIAL_CAPACITY = 16
      MAXIMUM_CAPACITY = 1073741824
      DEFAULT_LOAD_FACTOR = 0.75
      TREEIFY_THRESHOLD = 8
      UNTREEIFY_THRESHOLD = 6
      MIN_TREEIFY_CAPACITY = 64
      table = class java.util.HashMap$Node[16]
      entrySet = null
      size = 1
      modCount = 1
      threshold = 12
      loadFactor = 0.75
      keySet = null
      values = null
    PRESENT = class java.lang.Object@2000fc60
    MAX_ARRAY_SIZE = 2147483639
  ivCurrentlyBlockingWork = true
  ivBlockWorkUntilStarted = true
  ivStartupThread = class java.lang.Thread@3fd63ff5
    name = "Default Executor-thread-9726"
    priority = 5
    threadQ = null
    eetop = 489074688
    single_step = false
    daemon = true
    stillborn = false
    target = class java.util.concurrent.ThreadPoolExecutor$Worker@38d15bee
      serialVersionUID = 6138294804551838833
      thread = class java.lang.Thread@3fd63ff5
      firstTask = null
      completedTasks = 1266
      this$0 = class java.util.concurrent.ThreadPoolExecutor@33f28dae
      serialVersionUID = 7373984972572414691
      head = null
      tail = null
      state = 1
      spinForTimeoutThreshold = 1000
      unsafe = class sun.misc.Unsafe@1c06eba5
      stateOffset = 16
      headOffset = 20
      tailOffset = 24
      waitStatusOffset = 12
      nextOffset = 20
      serialVersionUID = 3737899427754241961
      exclusiveOwnerThread = class java.lang.Thread@3fd63ff5
    group = class java.lang.ThreadGroup@1e6f141
      parent = class java.lang.ThreadGroup@ae4de9e
      name = "Default Executor Thread Group"
      maxPriority = 10
      destroyed = false
      daemon = false
      vmAllowSuspension = false
      nUnstartedThreads = 0
      nthreads = 13
      threads = class java.lang.Thread[64]
      ngroups = 83
      groups = class java.lang.ThreadGroup[128]
    contextClassLoader = class org.eclipse.osgi.internal.framework.ContextFinder@d47d1e2
      cycleDetector = class java.lang.ThreadLocal@3faaa935
      finderClassLoader = class com.ibm.ws.kernel.internal.classloader.BootstrapChildFirstJarClassloader@728938a9
      contextFinder = class org.eclipse.osgi.internal.framework.ContextFinder$Finder@19a5a493
      THIS = class java.lang.Class@1060b431
      parentContextClassLoader = class sun.misc.Launcher$AppClassLoader@18b4aac2
      parent = class sun.misc.Launcher$AppClassLoader@18b4aac2
      parallelLockMap = null
      package2certs = class java.util.Hashtable@3fb3fa52
      nocerts = class java.security.cert.Certificate[0]
      classes = class java.util.Vector@66f3022b
      defaultDomain = class java.security.ProtectionDomain@cfafcc1
      domains = class java.util.HashSet@38cf40f1
      packages = class java.util.HashMap@188e5cd0
      scl = class sun.misc.Launcher$AppClassLoader@18b4aac2
      sclSet = true
      loadedLibraryNames = class java.util.Vector@7f60ab41
      systemNativeLibraries = class java.util.Vector@38286439
      nativeLibraries = class java.util.Vector@6612f7b0
      nativeLibraryContext = class java.util.Stack@7a985369
      usr_paths = class java.lang.String[23]
      sys_paths = class java.lang.String[1]
      assertionLock = class org.eclipse.osgi.internal.framework.ContextFinder@d47d1e2
      defaultAssertionStatus = false
      packageAssertionStatus = null
      classAssertionStatus = null
    inheritedAccessControlContext = class java.security.AccessControlContext@5a59e954
      context = class java.security.ProtectionDomain[1]
      isPrivileged = true
      isAuthorized = true
      privilegedContext = null
      combiner = null
      permissions = null
      parent = null
      isWrapped = false
      isLimited = false
      limitedContext = null
      debugInit = false
      debug = null
    threadInitNumber = 98
    threadLocals = class java.lang.ThreadLocal$ThreadLocalMap@323e8973
      INITIAL_CAPACITY = 16
      table = class java.lang.ThreadLocal$ThreadLocalMap$Entry[64]
      size = 28
      threshold = 42
    inheritableThreadLocals = null
    stackSize = 0
    nativeParkEventPointer = 470790096
    tid = 10034
    threadSeqNumber = 10115
    threadStatus = 5
    parkBlocker = null
    blocker = null
    blockerLock = class java.lang.Object@5d7564a5
    MIN_PRIORITY = 1
    NORM_PRIORITY = 5
    MAX_PRIORITY = 10
    EMPTY_STACK_TRACE = class java.lang.StackTraceElement[0]
    SUBCLASS_IMPLEMENTATION_PERMISSION = class java.lang.RuntimePermission@4c84cf2
      serialVersionUID = 7399184964622342223
      serialVersionUID = 6279438298436773498
      wildcard = false
      path = "enableContextClassLoaderOverride"
      exitVM = false
      serialVersionUID = -5636570222231596674
      name = "enableContextClassLoaderOverride"
    uncaughtExceptionHandler = null
    defaultUncaughtExceptionHandler = null
    threadLocalRandomSeed = 933419431496253195
    threadLocalRandomProbe = 2000472272
    threadLocalRandomSecondarySeed = 0
  ivBindToServerRoot = true
  ivBindToJavaGlobal = true
  ivCheckConfig = false
  ivIndirectLocalProxies = false
  ivStartupSingletonList = class java.util.ArrayList@1fe2658f
    serialVersionUID = 8683452581122892189
    DEFAULT_CAPACITY = 10
    EMPTY_ELEMENTDATA = class java.lang.Object[0]
    DEFAULTCAPACITY_EMPTY_ELEMENTDATA = class java.lang.Object[0]
    elementData = class java.lang.Object[10]
      Object[0] = class com.ibm.ws.container.service.metadata.internal.J2EENameImpl@dc64b09
      Object[1] = null
      Object[2] = null
      Object[3] = null
      Object[4] = null
      Object[5] = null
      Object[6] = null
      Object[7] = null
      Object[8] = null
      Object[9] = null
    size = 1
    MAX_ARRAY_SIZE = 2147483639
    modCount = 1
    MAX_ARRAY_SIZE = 2147483639
  ivSingletonDependencies = null
  ivSingletonDependencyResolutionException = null
  ivSingletonInitializations = class java.util.LinkedHashSet@6a259c80
    serialVersionUID = -2851667679971038690
    serialVersionUID = -5024744406713321676
    map = class java.util.LinkedHashMap@62ec618
      serialVersionUID = 3801124242820219131
      head = class java.util.LinkedHashMap$Entry@4c244936
      tail = class java.util.LinkedHashMap$Entry@4c244936
      accessOrder = false
      serialVersionUID = 362498820763181265
      DEFAULT_INITIAL_CAPACITY = 16
      MAXIMUM_CAPACITY = 1073741824
      DEFAULT_LOAD_FACTOR = 0.75
      TREEIFY_THRESHOLD = 8
      UNTREEIFY_THRESHOLD = 6
      MIN_TREEIFY_CAPACITY = 64
      table = class java.util.HashMap$Node[16]
      entrySet = null
      size = 1
      modCount = 1
      threshold = 12
      loadFactor = 0.75
      keySet = null
      values = null
    PRESENT = class java.lang.Object@2000fc60
    MAX_ARRAY_SIZE = 2147483639
  ivQueuedNonPersistentTimers = null
  ivStopping = false
  ivModuleBeingAddedLate = null

